[0.061s] Invoking command in '/home/andrewwhong/workspace/driverless/driverless_ws/src/build/collection': CMAKE_PREFIX_PATH=${CMAKE_PREFIX_PATH}:/opt/ros/foxy /usr/bin/cmake --build /home/andrewwhong/workspace/driverless/driverless_ws/src/build/collection -- -j12 -l12
[0.110s] Invoked command in '/home/andrewwhong/workspace/driverless/driverless_ws/src/build/collection' returned '0': CMAKE_PREFIX_PATH=${CMAKE_PREFIX_PATH}:/opt/ros/foxy /usr/bin/cmake --build /home/andrewwhong/workspace/driverless/driverless_ws/src/build/collection -- -j12 -l12
[0.172s] Invoking command in '/home/andrewwhong/workspace/driverless/driverless_ws/src/build/collection': CMAKE_PREFIX_PATH=${CMAKE_PREFIX_PATH}:/opt/ros/foxy /usr/bin/cmake --install /home/andrewwhong/workspace/driverless/driverless_ws/src/build/collection
[0.198s] -- Install configuration: ""
[0.201s] -- Up-to-date: /home/andrewwhong/workspace/driverless/driverless_ws/src/install/collection/share/ament_index/resource_index/package_run_dependencies/collection
[0.201s] -- Up-to-date: /home/andrewwhong/workspace/driverless/driverless_ws/src/install/collection/share/ament_index/resource_index/parent_prefix_path/collection
[0.201s] -- Up-to-date: /home/andrewwhong/workspace/driverless/driverless_ws/src/install/collection/share/collection/environment/ament_prefix_path.sh
[0.202s] -- Up-to-date: /home/andrewwhong/workspace/driverless/driverless_ws/src/install/collection/share/collection/environment/ament_prefix_path.dsv
[0.202s] -- Up-to-date: /home/andrewwhong/workspace/driverless/driverless_ws/src/install/collection/share/collection/environment/path.sh
[0.202s] -- Up-to-date: /home/andrewwhong/workspace/driverless/driverless_ws/src/install/collection/share/collection/environment/path.dsv
[0.202s] -- Up-to-date: /home/andrewwhong/workspace/driverless/driverless_ws/src/install/collection/share/collection/local_setup.bash
[0.203s] -- Up-to-date: /home/andrewwhong/workspace/driverless/driverless_ws/src/install/collection/share/collection/local_setup.sh
[0.208s] -- Up-to-date: /home/andrewwhong/workspace/driverless/driverless_ws/src/install/collection/share/collection/local_setup.zsh
[0.208s] -- Up-to-date: /home/andrewwhong/workspace/driverless/driverless_ws/src/install/collection/share/collection/local_setup.dsv
[0.210s] -- Installing: /home/andrewwhong/workspace/driverless/driverless_ws/src/install/collection/share/collection/package.dsv
[0.211s] -- Up-to-date: /home/andrewwhong/workspace/driverless/driverless_ws/src/install/collection/share/ament_index/resource_index/packages/collection
[0.211s] -- Up-to-date: /home/andrewwhong/workspace/driverless/driverless_ws/src/install/collection/share/collection/cmake/collectionConfig.cmake
[0.211s] -- Up-to-date: /home/andrewwhong/workspace/driverless/driverless_ws/src/install/collection/share/collection/cmake/collectionConfig-version.cmake
[0.211s] -- Up-to-date: /home/andrewwhong/workspace/driverless/driverless_ws/src/install/collection/share/collection/package.xml
[0.217s] Invoked command in '/home/andrewwhong/workspace/driverless/driverless_ws/src/build/collection' returned '0': CMAKE_PREFIX_PATH=${CMAKE_PREFIX_PATH}:/opt/ros/foxy /usr/bin/cmake --install /home/andrewwhong/workspace/driverless/driverless_ws/src/build/collection
