[0.011s] Invoking command in '/driverless/driverless_ws/build/planning': AMENT_PREFIX_PATH=/driverless/driverless_ws/install/eufs_msgs:${AMENT_PREFIX_PATH} CMAKE_PREFIX_PATH=/driverless/driverless_ws/install/eufs_msgs:/opt/ros/foxy LD_LIBRARY_PATH=/driverless/driverless_ws/install/eufs_msgs/lib:${LD_LIBRARY_PATH} PYTHONPATH=/driverless/driverless_ws/install/eufs_msgs/lib/python3.8/site-packages:${PYTHONPATH} /usr/bin/cmake --build /driverless/driverless_ws/build/planning -- -j8 -l8
[0.049s] [35m[1mScanning dependencies of target slam_test[0m
[0.079s] [ 50%] [32mBuilding CXX object CMakeFiles/slam_test.dir/src/EKF_SLAM.cpp.o[0m
[1.122s] [01m[K/driverless/driverless_ws/src/planning/src/EKF_SLAM.cpp:[m[K In constructor ‘[01m[KSLAMValidation::SLAMValidation()[m[K’:
[1.122s] [01m[K/driverless/driverless_ws/src/planning/src/EKF_SLAM.cpp:26:103:[m[K [01;31m[Kerror: [m[K‘[01m[Kvehicle_state_pub[m[K’ was not declared in this scope; did you mean ‘[01m[Kvehicle_state_sub[m[K’?
[1.122s]    26 |       message_filters::Synchronizer<approx_sync_policy> approx_sync(approx_sync_policy(10), cone_sub, [01;31m[Kvehicle_state_pub[m[K);
[1.122s]       |                                                                                                       [01;31m[K^~~~~~~~~~~~~~~~~[m[K
[1.122s]       |                                                                                                       [32m[Kvehicle_state_sub[m[K
[1.123s] In file included from [01m[K/opt/ros/foxy/include/rclcpp/client.hpp:40[m[K,
[1.123s]                  from [01m[K/opt/ros/foxy/include/rclcpp/callback_group.hpp:23[m[K,
[1.123s]                  from [01m[K/opt/ros/foxy/include/rclcpp/any_executable.hpp:20[m[K,
[1.123s]                  from [01m[K/opt/ros/foxy/include/rclcpp/memory_strategy.hpp:24[m[K,
[1.123s]                  from [01m[K/opt/ros/foxy/include/rclcpp/memory_strategies.hpp:18[m[K,
[1.124s]                  from [01m[K/opt/ros/foxy/include/rclcpp/executor_options.hpp:20[m[K,
[1.124s]                  from [01m[K/opt/ros/foxy/include/rclcpp/executor.hpp:33[m[K,
[1.124s]                  from [01m[K/opt/ros/foxy/include/rclcpp/executors/multi_threaded_executor.hpp:26[m[K,
[1.124s]                  from [01m[K/opt/ros/foxy/include/rclcpp/executors.hpp:21[m[K,
[1.124s]                  from [01m[K/opt/ros/foxy/include/rclcpp/rclcpp.hpp:146[m[K,
[1.124s]                  from [01m[K/driverless/driverless_ws/src/planning/src/EKF_SLAM.cpp:3[m[K:
[1.124s] [01m[K/driverless/driverless_ws/src/planning/src/EKF_SLAM.cpp:[m[K In member function ‘[01m[Kvoid SLAMValidation::run_slam(eufs_msgs::msg::ConeArrayWithCovariance_<std::allocator<void> >::SharedPtr, eufs_msgs::msg::CarState_<std::allocator<void> >::SharedPtr) const[m[K’:
[1.124s] [01m[K/driverless/driverless_ws/src/planning/src/EKF_SLAM.cpp:42:44:[m[K [01;31m[Kerror: [m[K‘[01m[Kusing _pose_type = struct geometry_msgs::msg::PoseWithCovariance_<std::allocator<void> >[m[K’ {aka ‘[01m[Kstruct geometry_msgs::msg::PoseWithCovariance_<std::allocator<void> >[m[K’} has no member named ‘[01m[Kposition[m[K’
[1.124s]    42 |                   vehicle_state_data->pose.[01;31m[Kposition[m[K.x,
[1.124s]       |                                            [01;31m[K^~~~~~~~[m[K
[1.124s] [01m[K/driverless/driverless_ws/src/planning/src/EKF_SLAM.cpp:43:44:[m[K [01;31m[Kerror: [m[K‘[01m[Kusing _pose_type = struct geometry_msgs::msg::PoseWithCovariance_<std::allocator<void> >[m[K’ {aka ‘[01m[Kstruct geometry_msgs::msg::PoseWithCovariance_<std::allocator<void> >[m[K’} has no member named ‘[01m[Kposition[m[K’
[1.124s]    43 |                   vehicle_state_data->pose.[01;31m[Kposition[m[K.y,
[1.124s]       |                                            [01;31m[K^~~~~~~~[m[K
[1.124s] [01m[K/driverless/driverless_ws/src/planning/src/EKF_SLAM.cpp:44:44:[m[K [01;31m[Kerror: [m[K‘[01m[Kusing _pose_type = struct geometry_msgs::msg::PoseWithCovariance_<std::allocator<void> >[m[K’ {aka ‘[01m[Kstruct geometry_msgs::msg::PoseWithCovariance_<std::allocator<void> >[m[K’} has no member named ‘[01m[Kposition[m[K’
[1.124s]    44 |                   vehicle_state_data->pose.[01;31m[Kposition[m[K.z);
[1.124s]       |                                            [01;31m[K^~~~~~~~[m[K
[1.127s] [01m[K/driverless/driverless_ws/src/planning/src/EKF_SLAM.cpp:[m[K In function ‘[01m[Kint main(int, char**)[m[K’:
[1.127s] [01m[K/driverless/driverless_ws/src/planning/src/EKF_SLAM.cpp:56:33:[m[K [01;31m[Kerror: [m[K‘[01m[KMinimalSubscriber[m[K’ was not declared in this scope
[1.127s]    56 |   rclcpp::spin(std::make_shared<[01;31m[KMinimalSubscriber[m[K>());
[1.127s]       |                                 [01;31m[K^~~~~~~~~~~~~~~~~[m[K
[1.127s] [01m[K/driverless/driverless_ws/src/planning/src/EKF_SLAM.cpp:56:52:[m[K [01;31m[Kerror: [m[Kno matching function for call to ‘[01m[Kmake_shared<<expression error> >()[m[K’
[1.127s]    56 |   rclcpp::spin(std::make_shared<MinimalSubscriber>([01;31m[K)[m[K);
[1.127s]       |                                                    [01;31m[K^[m[K
[1.127s] In file included from [01m[K/usr/include/c++/9/memory:81[m[K,
[1.127s]                  from [01m[K/driverless/driverless_ws/src/planning/src/EKF_SLAM.cpp:1[m[K:
[1.127s] [01m[K/usr/include/c++/9/bits/shared_ptr.h:714:5:[m[K [01;36m[Knote: [m[Kcandidate: ‘[01m[Ktemplate<class _Tp, class ... _Args> std::shared_ptr<_Tp> std::make_shared(_Args&& ...)[m[K’
[1.128s]   714 |     [01;36m[Kmake_shared[m[K(_Args&&... __args)
[1.128s]       |     [01;36m[K^~~~~~~~~~~[m[K
[1.128s] [01m[K/usr/include/c++/9/bits/shared_ptr.h:714:5:[m[K [01;36m[Knote: [m[K  template argument deduction/substitution failed:
[1.128s] [01m[K/driverless/driverless_ws/src/planning/src/EKF_SLAM.cpp:56:52:[m[K [01;31m[Kerror: [m[Ktemplate argument 1 is invalid
[1.128s]    56 |   rclcpp::spin(std::make_shared<MinimalSubscriber>([01;31m[K)[m[K);
[1.128s]       |                                                    [01;31m[K^[m[K
[1.204s] In file included from [01m[K/driverless/driverless_ws/src/planning/src/EKF_SLAM.cpp:6[m[K:
[1.205s] /opt/ros/foxy/include/message_filters/synchronizer.h: In instantiation of ‘[01m[Kmessage_filters::Connection message_filters::Synchronizer<Policy>::registerCallback(const C&, T*) [with C = void (SLAMValidation::*)(std::shared_ptr<eufs_msgs::msg::ConeArrayWithCovariance_<std::allocator<void> > >, std::shared_ptr<eufs_msgs::msg::CarState_<std::allocator<void> > >) const; T = SLAMValidation; Policy = message_filters::sync_policies::ApproximateTime<eufs_msgs::msg::ConeArrayWithCovariance_<std::allocator<void> >, eufs_msgs::msg::CarState_<std::allocator<void> > >][m[K’:
[1.205s] [01m[K/driverless/driverless_ws/src/planning/src/EKF_SLAM.cpp:28:67:[m[K   required from here
[1.205s] [01m[K/opt/ros/foxy/include/message_filters/synchronizer.h:304:43:[m[K [01;31m[Kerror: [m[Kno matching function for call to ‘[01m[Kmessage_filters::Signal9<eufs_msgs::msg::ConeArrayWithCovariance_<std::allocator<void> >, eufs_msgs::msg::CarState_<std::allocator<void> >, message_filters::NullType, message_filters::NullType, message_filters::NullType, message_filters::NullType, message_filters::NullType, message_filters::NullType, message_filters::NullType>::addCallback(void (SLAMValidation::* const&)(std::shared_ptr<eufs_msgs::msg::ConeArrayWithCovariance_<std::allocator<void> > >, std::shared_ptr<eufs_msgs::msg::CarState_<std::allocator<void> > >) const, SLAMValidation*&)[m[K’
[1.205s]   304 |     return signal_.addCallback(callback, t[01;31m[K)[m[K;
[1.205s]       |                                           [01;31m[K^[m[K
[1.205s] In file included from [01m[K/opt/ros/foxy/include/message_filters/synchronizer.h:47[m[K,
[1.205s]                  from [01m[K/driverless/driverless_ws/src/planning/src/EKF_SLAM.cpp:6[m[K:
[1.205s] [01m[K/opt/ros/foxy/include/message_filters/signal9.h:170:14:[m[K [01;36m[Knote: [m[Kcandidate: ‘[01m[Ktemplate<class P0, class P1, class P2, class P3, class P4, class P5, class P6, class P7, class P8> message_filters::Connection message_filters::Signal9<M0, M1, M2, M3, M4, M5, M6, M7, M8>::addCallback(const std::function<void(P0, P1, P2, P3, P4, P5, P6, P7, P8)>&) [with P0 = P0; P1 = P1; P2 = P2; P3 = P3; P4 = P4; P5 = P5; P6 = P6; P7 = P7; P8 = P8; M0 = eufs_msgs::msg::ConeArrayWithCovariance_<std::allocator<void> >; M1 = eufs_msgs::msg::CarState_<std::allocator<void> >; M2 = message_filters::NullType; M3 = message_filters::NullType; M4 = message_filters::NullType; M5 = message_filters::NullType; M6 = message_filters::NullType; M7 = message_filters::NullType; M8 = message_filters::NullType][m[K’
[1.205s]   170 |   Connection [01;36m[KaddCallback[m[K(const std::function<void(P0, P1, P2, P3, P4, P5, P6, P7, P8)>& callback)
[1.205s]       |              [01;36m[K^~~~~~~~~~~[m[K
[1.205s] [01m[K/opt/ros/foxy/include/message_filters/signal9.h:170:14:[m[K [01;36m[Knote: [m[K  template argument deduction/substitution failed:
[1.205s] In file included from [01m[K/driverless/driverless_ws/src/planning/src/EKF_SLAM.cpp:6[m[K:
[1.206s] [01m[K/opt/ros/foxy/include/message_filters/synchronizer.h:304:43:[m[K [01;36m[Knote: [m[K  mismatched types ‘[01m[Kconst std::function<void(P0, P1, P2, P3, P4, P5, P6, P7, P8)>[m[K’ and ‘[01m[Kvoid (SLAMValidation::* const)(std::shared_ptr<eufs_msgs::msg::ConeArrayWithCovariance_<std::allocator<void> > >, std::shared_ptr<eufs_msgs::msg::CarState_<std::allocator<void> > >) const[m[K’
[1.206s]   304 |     return signal_.addCallback(callback, t[01;36m[K)[m[K;
[1.206s]       |                                           [01;36m[K^[m[K
[1.206s] In file included from [01m[K/opt/ros/foxy/include/message_filters/synchronizer.h:47[m[K,
[1.206s]                  from [01m[K/driverless/driverless_ws/src/planning/src/EKF_SLAM.cpp:6[m[K:
[1.206s] [01m[K/opt/ros/foxy/include/message_filters/signal9.h:180:14:[m[K [01;36m[Knote: [m[Kcandidate: ‘[01m[Ktemplate<class P0, class P1> message_filters::Connection message_filters::Signal9<M0, M1, M2, M3, M4, M5, M6, M7, M8>::addCallback(void (*)(P0, P1)) [with P0 = P0; P1 = P1; M0 = eufs_msgs::msg::ConeArrayWithCovariance_<std::allocator<void> >; M1 = eufs_msgs::msg::CarState_<std::allocator<void> >; M2 = message_filters::NullType; M3 = message_filters::NullType; M4 = message_filters::NullType; M5 = message_filters::NullType; M6 = message_filters::NullType; M7 = message_filters::NullType; M8 = message_filters::NullType][m[K’
[1.206s]   180 |   Connection [01;36m[KaddCallback[m[K(void(*callback)(P0, P1))
[1.206s]       |              [01;36m[K^~~~~~~~~~~[m[K
[1.206s] [01m[K/opt/ros/foxy/include/message_filters/signal9.h:180:14:[m[K [01;36m[Knote: [m[K  template argument deduction/substitution failed:
[1.206s] In file included from [01m[K/driverless/driverless_ws/src/planning/src/EKF_SLAM.cpp:6[m[K:
[1.206s] [01m[K/opt/ros/foxy/include/message_filters/synchronizer.h:304:43:[m[K [01;36m[Knote: [m[K  mismatched types ‘[01m[Kvoid (*)(P0, P1)[m[K’ and ‘[01m[Kvoid (SLAMValidation::*)(std::shared_ptr<eufs_msgs::msg::ConeArrayWithCovariance_<std::allocator<void> > >, std::shared_ptr<eufs_msgs::msg::CarState_<std::allocator<void> > >) const[m[K’
[1.206s]   304 |     return signal_.addCallback(callback, t[01;36m[K)[m[K;
[1.206s]       |                                           [01;36m[K^[m[K
[1.206s] In file included from [01m[K/opt/ros/foxy/include/message_filters/synchronizer.h:47[m[K,
[1.206s]                  from [01m[K/driverless/driverless_ws/src/planning/src/EKF_SLAM.cpp:6[m[K:
[1.206s] [01m[K/opt/ros/foxy/include/message_filters/signal9.h:186:14:[m[K [01;36m[Knote: [m[Kcandidate: ‘[01m[Ktemplate<class P0, class P1, class P2> message_filters::Connection message_filters::Signal9<M0, M1, M2, M3, M4, M5, M6, M7, M8>::addCallback(void (*)(P0, P1, P2)) [with P0 = P0; P1 = P1; P2 = P2; M0 = eufs_msgs::msg::ConeArrayWithCovariance_<std::allocator<void> >; M1 = eufs_msgs::msg::CarState_<std::allocator<void> >; M2 = message_filters::NullType; M3 = message_filters::NullType; M4 = message_filters::NullType; M5 = message_filters::NullType; M6 = message_filters::NullType; M7 = message_filters::NullType; M8 = message_filters::NullType][m[K’
[1.206s]   186 |   Connection [01;36m[KaddCallback[m[K(void(*callback)(P0, P1, P2))
[1.206s]       |              [01;36m[K^~~~~~~~~~~[m[K
[1.207s] [01m[K/opt/ros/foxy/include/message_filters/signal9.h:186:14:[m[K [01;36m[Knote: [m[K  template argument deduction/substitution failed:
[1.207s] In file included from [01m[K/driverless/driverless_ws/src/planning/src/EKF_SLAM.cpp:6[m[K:
[1.207s] [01m[K/opt/ros/foxy/include/message_filters/synchronizer.h:304:43:[m[K [01;36m[Knote: [m[K  mismatched types ‘[01m[Kvoid (*)(P0, P1, P2)[m[K’ and ‘[01m[Kvoid (SLAMValidation::*)(std::shared_ptr<eufs_msgs::msg::ConeArrayWithCovariance_<std::allocator<void> > >, std::shared_ptr<eufs_msgs::msg::CarState_<std::allocator<void> > >) const[m[K’
[1.207s]   304 |     return signal_.addCallback(callback, t[01;36m[K)[m[K;
[1.207s]       |                                           [01;36m[K^[m[K
[1.207s] In file included from [01m[K/opt/ros/foxy/include/message_filters/synchronizer.h:47[m[K,
[1.207s]                  from [01m[K/driverless/driverless_ws/src/planning/src/EKF_SLAM.cpp:6[m[K:
[1.207s] [01m[K/opt/ros/foxy/include/message_filters/signal9.h:192:14:[m[K [01;36m[Knote: [m[Kcandidate: ‘[01m[Ktemplate<class P0, class P1, class P2, class P3> message_filters::Connection message_filters::Signal9<M0, M1, M2, M3, M4, M5, M6, M7, M8>::addCallback(void (*)(P0, P1, P2, P3)) [with P0 = P0; P1 = P1; P2 = P2; P3 = P3; M0 = eufs_msgs::msg::ConeArrayWithCovariance_<std::allocator<void> >; M1 = eufs_msgs::msg::CarState_<std::allocator<void> >; M2 = message_filters::NullType; M3 = message_filters::NullType; M4 = message_filters::NullType; M5 = message_filters::NullType; M6 = message_filters::NullType; M7 = message_filters::NullType; M8 = message_filters::NullType][m[K’
[1.207s]   192 |   Connection [01;36m[KaddCallback[m[K(void(*callback)(P0, P1, P2, P3))
[1.207s]       |              [01;36m[K^~~~~~~~~~~[m[K
[1.207s] [01m[K/opt/ros/foxy/include/message_filters/signal9.h:192:14:[m[K [01;36m[Knote: [m[K  template argument deduction/substitution failed:
[1.207s] In file included from [01m[K/driverless/driverless_ws/src/planning/src/EKF_SLAM.cpp:6[m[K:
[1.207s] [01m[K/opt/ros/foxy/include/message_filters/synchronizer.h:304:43:[m[K [01;36m[Knote: [m[K  mismatched types ‘[01m[Kvoid (*)(P0, P1, P2, P3)[m[K’ and ‘[01m[Kvoid (SLAMValidation::*)(std::shared_ptr<eufs_msgs::msg::ConeArrayWithCovariance_<std::allocator<void> > >, std::shared_ptr<eufs_msgs::msg::CarState_<std::allocator<void> > >) const[m[K’
[1.207s]   304 |     return signal_.addCallback(callback, t[01;36m[K)[m[K;
[1.207s]       |                                           [01;36m[K^[m[K
[1.207s] In file included from [01m[K/opt/ros/foxy/include/message_filters/synchronizer.h:47[m[K,
[1.207s]                  from [01m[K/driverless/driverless_ws/src/planning/src/EKF_SLAM.cpp:6[m[K:
[1.207s] [01m[K/opt/ros/foxy/include/message_filters/signal9.h:198:14:[m[K [01;36m[Knote: [m[Kcandidate: ‘[01m[Ktemplate<class P0, class P1, class P2, class P3, class P4> message_filters::Connection message_filters::Signal9<M0, M1, M2, M3, M4, M5, M6, M7, M8>::addCallback(void (*)(P0, P1, P2, P3, P4)) [with P0 = P0; P1 = P1; P2 = P2; P3 = P3; P4 = P4; M0 = eufs_msgs::msg::ConeArrayWithCovariance_<std::allocator<void> >; M1 = eufs_msgs::msg::CarState_<std::allocator<void> >; M2 = message_filters::NullType; M3 = message_filters::NullType; M4 = message_filters::NullType; M5 = message_filters::NullType; M6 = message_filters::NullType; M7 = message_filters::NullType; M8 = message_filters::NullType][m[K’
[1.208s]   198 |   Connection [01;36m[KaddCallback[m[K(void(*callback)(P0, P1, P2, P3, P4))
[1.208s]       |              [01;36m[K^~~~~~~~~~~[m[K
[1.208s] [01m[K/opt/ros/foxy/include/message_filters/signal9.h:198:14:[m[K [01;36m[Knote: [m[K  template argument deduction/substitution failed:
[1.208s] In file included from [01m[K/driverless/driverless_ws/src/planning/src/EKF_SLAM.cpp:6[m[K:
[1.208s] [01m[K/opt/ros/foxy/include/message_filters/synchronizer.h:304:43:[m[K [01;36m[Knote: [m[K  mismatched types ‘[01m[Kvoid (*)(P0, P1, P2, P3, P4)[m[K’ and ‘[01m[Kvoid (SLAMValidation::*)(std::shared_ptr<eufs_msgs::msg::ConeArrayWithCovariance_<std::allocator<void> > >, std::shared_ptr<eufs_msgs::msg::CarState_<std::allocator<void> > >) const[m[K’
[1.208s]   304 |     return signal_.addCallback(callback, t[01;36m[K)[m[K;
[1.208s]       |                                           [01;36m[K^[m[K
[1.208s] In file included from [01m[K/opt/ros/foxy/include/message_filters/synchronizer.h:47[m[K,
[1.208s]                  from [01m[K/driverless/driverless_ws/src/planning/src/EKF_SLAM.cpp:6[m[K:
[1.208s] [01m[K/opt/ros/foxy/include/message_filters/signal9.h:204:14:[m[K [01;36m[Knote: [m[Kcandidate: ‘[01m[Ktemplate<class P0, class P1, class P2, class P3, class P4, class P5> message_filters::Connection message_filters::Signal9<M0, M1, M2, M3, M4, M5, M6, M7, M8>::addCallback(void (*)(P0, P1, P2, P3, P4, P5)) [with P0 = P0; P1 = P1; P2 = P2; P3 = P3; P4 = P4; P5 = P5; M0 = eufs_msgs::msg::ConeArrayWithCovariance_<std::allocator<void> >; M1 = eufs_msgs::msg::CarState_<std::allocator<void> >; M2 = message_filters::NullType; M3 = message_filters::NullType; M4 = message_filters::NullType; M5 = message_filters::NullType; M6 = message_filters::NullType; M7 = message_filters::NullType; M8 = message_filters::NullType][m[K’
[1.208s]   204 |   Connection [01;36m[KaddCallback[m[K(void(*callback)(P0, P1, P2, P3, P4, P5))
[1.208s]       |              [01;36m[K^~~~~~~~~~~[m[K
[1.208s] [01m[K/opt/ros/foxy/include/message_filters/signal9.h:204:14:[m[K [01;36m[Knote: [m[K  template argument deduction/substitution failed:
[1.208s] In file included from [01m[K/driverless/driverless_ws/src/planning/src/EKF_SLAM.cpp:6[m[K:
[1.208s] [01m[K/opt/ros/foxy/include/message_filters/synchronizer.h:304:43:[m[K [01;36m[Knote: [m[K  mismatched types ‘[01m[Kvoid (*)(P0, P1, P2, P3, P4, P5)[m[K’ and ‘[01m[Kvoid (SLAMValidation::*)(std::shared_ptr<eufs_msgs::msg::ConeArrayWithCovariance_<std::allocator<void> > >, std::shared_ptr<eufs_msgs::msg::CarState_<std::allocator<void> > >) const[m[K’
[1.208s]   304 |     return signal_.addCallback(callback, t[01;36m[K)[m[K;
[1.208s]       |                                           [01;36m[K^[m[K
[1.208s] In file included from [01m[K/opt/ros/foxy/include/message_filters/synchronizer.h:47[m[K,
[1.208s]                  from [01m[K/driverless/driverless_ws/src/planning/src/EKF_SLAM.cpp:6[m[K:
[1.209s] [01m[K/opt/ros/foxy/include/message_filters/signal9.h:210:14:[m[K [01;36m[Knote: [m[Kcandidate: ‘[01m[Ktemplate<class P0, class P1, class P2, class P3, class P4, class P5, class P6> message_filters::Connection message_filters::Signal9<M0, M1, M2, M3, M4, M5, M6, M7, M8>::addCallback(void (*)(P0, P1, P2, P3, P4, P5, P6)) [with P0 = P0; P1 = P1; P2 = P2; P3 = P3; P4 = P4; P5 = P5; P6 = P6; M0 = eufs_msgs::msg::ConeArrayWithCovariance_<std::allocator<void> >; M1 = eufs_msgs::msg::CarState_<std::allocator<void> >; M2 = message_filters::NullType; M3 = message_filters::NullType; M4 = message_filters::NullType; M5 = message_filters::NullType; M6 = message_filters::NullType; M7 = message_filters::NullType; M8 = message_filters::NullType][m[K’
[1.209s]   210 |   Connection [01;36m[KaddCallback[m[K(void(*callback)(P0, P1, P2, P3, P4, P5, P6))
[1.209s]       |              [01;36m[K^~~~~~~~~~~[m[K
[1.209s] [01m[K/opt/ros/foxy/include/message_filters/signal9.h:210:14:[m[K [01;36m[Knote: [m[K  template argument deduction/substitution failed:
[1.209s] In file included from [01m[K/driverless/driverless_ws/src/planning/src/EKF_SLAM.cpp:6[m[K:
[1.209s] [01m[K/opt/ros/foxy/include/message_filters/synchronizer.h:304:43:[m[K [01;36m[Knote: [m[K  mismatched types ‘[01m[Kvoid (*)(P0, P1, P2, P3, P4, P5, P6)[m[K’ and ‘[01m[Kvoid (SLAMValidation::*)(std::shared_ptr<eufs_msgs::msg::ConeArrayWithCovariance_<std::allocator<void> > >, std::shared_ptr<eufs_msgs::msg::CarState_<std::allocator<void> > >) const[m[K’
[1.209s]   304 |     return signal_.addCallback(callback, t[01;36m[K)[m[K;
[1.209s]       |                                           [01;36m[K^[m[K
[1.209s] In file included from [01m[K/opt/ros/foxy/include/message_filters/synchronizer.h:47[m[K,
[1.209s]                  from [01m[K/driverless/driverless_ws/src/planning/src/EKF_SLAM.cpp:6[m[K:
[1.209s] [01m[K/opt/ros/foxy/include/message_filters/signal9.h:216:14:[m[K [01;36m[Knote: [m[Kcandidate: ‘[01m[Ktemplate<class P0, class P1, class P2, class P3, class P4, class P5, class P6, class P7> message_filters::Connection message_filters::Signal9<M0, M1, M2, M3, M4, M5, M6, M7, M8>::addCallback(void (*)(P0, P1, P2, P3, P4, P5, P6, P7)) [with P0 = P0; P1 = P1; P2 = P2; P3 = P3; P4 = P4; P5 = P5; P6 = P6; P7 = P7; M0 = eufs_msgs::msg::ConeArrayWithCovariance_<std::allocator<void> >; M1 = eufs_msgs::msg::CarState_<std::allocator<void> >; M2 = message_filters::NullType; M3 = message_filters::NullType; M4 = message_filters::NullType; M5 = message_filters::NullType; M6 = message_filters::NullType; M7 = message_filters::NullType; M8 = message_filters::NullType][m[K’
[1.209s]   216 |   Connection [01;36m[KaddCallback[m[K(void(*callback)(P0, P1, P2, P3, P4, P5, P6, P7))
[1.209s]       |              [01;36m[K^~~~~~~~~~~[m[K
[1.209s] [01m[K/opt/ros/foxy/include/message_filters/signal9.h:216:14:[m[K [01;36m[Knote: [m[K  template argument deduction/substitution failed:
[1.209s] In file included from [01m[K/driverless/driverless_ws/src/planning/src/EKF_SLAM.cpp:6[m[K:
[1.209s] [01m[K/opt/ros/foxy/include/message_filters/synchronizer.h:304:43:[m[K [01;36m[Knote: [m[K  mismatched types ‘[01m[Kvoid (*)(P0, P1, P2, P3, P4, P5, P6, P7)[m[K’ and ‘[01m[Kvoid (SLAMValidation::*)(std::shared_ptr<eufs_msgs::msg::ConeArrayWithCovariance_<std::allocator<void> > >, std::shared_ptr<eufs_msgs::msg::CarState_<std::allocator<void> > >) const[m[K’
[1.209s]   304 |     return signal_.addCallback(callback, t[01;36m[K)[m[K;
[1.209s]       |                                           [01;36m[K^[m[K
[1.209s] In file included from [01m[K/opt/ros/foxy/include/message_filters/synchronizer.h:47[m[K,
[1.209s]                  from [01m[K/driverless/driverless_ws/src/planning/src/EKF_SLAM.cpp:6[m[K:
[1.210s] [01m[K/opt/ros/foxy/include/message_filters/signal9.h:222:14:[m[K [01;36m[Knote: [m[Kcandidate: ‘[01m[Ktemplate<class P0, class P1, class P2, class P3, class P4, class P5, class P6, class P7, class P8> message_filters::Connection message_filters::Signal9<M0, M1, M2, M3, M4, M5, M6, M7, M8>::addCallback(void (*)(P0, P1, P2, P3, P4, P5, P6, P7, P8)) [with P0 = P0; P1 = P1; P2 = P2; P3 = P3; P4 = P4; P5 = P5; P6 = P6; P7 = P7; P8 = P8; M0 = eufs_msgs::msg::ConeArrayWithCovariance_<std::allocator<void> >; M1 = eufs_msgs::msg::CarState_<std::allocator<void> >; M2 = message_filters::NullType; M3 = message_filters::NullType; M4 = message_filters::NullType; M5 = message_filters::NullType; M6 = message_filters::NullType; M7 = message_filters::NullType; M8 = message_filters::NullType][m[K’
[1.210s]   222 |   Connection [01;36m[KaddCallback[m[K(void(*callback)(P0, P1, P2, P3, P4, P5, P6, P7, P8))
[1.210s]       |              [01;36m[K^~~~~~~~~~~[m[K
[1.210s] [01m[K/opt/ros/foxy/include/message_filters/signal9.h:222:14:[m[K [01;36m[Knote: [m[K  template argument deduction/substitution failed:
[1.210s] In file included from [01m[K/driverless/driverless_ws/src/planning/src/EKF_SLAM.cpp:6[m[K:
[1.210s] [01m[K/opt/ros/foxy/include/message_filters/synchronizer.h:304:43:[m[K [01;36m[Knote: [m[K  mismatched types ‘[01m[Kvoid (*)(P0, P1, P2, P3, P4, P5, P6, P7, P8)[m[K’ and ‘[01m[Kvoid (SLAMValidation::*)(std::shared_ptr<eufs_msgs::msg::ConeArrayWithCovariance_<std::allocator<void> > >, std::shared_ptr<eufs_msgs::msg::CarState_<std::allocator<void> > >) const[m[K’
[1.210s]   304 |     return signal_.addCallback(callback, t[01;36m[K)[m[K;
[1.210s]       |                                           [01;36m[K^[m[K
[1.210s] In file included from [01m[K/opt/ros/foxy/include/message_filters/synchronizer.h:47[m[K,
[1.210s]                  from [01m[K/driverless/driverless_ws/src/planning/src/EKF_SLAM.cpp:6[m[K:
[1.210s] [01m[K/opt/ros/foxy/include/message_filters/signal9.h:228:14:[m[K [01;36m[Knote: [m[Kcandidate: ‘[01m[Ktemplate<class T, class P0, class P1> message_filters::Connection message_filters::Signal9<M0, M1, M2, M3, M4, M5, M6, M7, M8>::addCallback(void (T::*)(P0, P1), T*) [with T = T; P0 = P0; P1 = P1; M0 = eufs_msgs::msg::ConeArrayWithCovariance_<std::allocator<void> >; M1 = eufs_msgs::msg::CarState_<std::allocator<void> >; M2 = message_filters::NullType; M3 = message_filters::NullType; M4 = message_filters::NullType; M5 = message_filters::NullType; M6 = message_filters::NullType; M7 = message_filters::NullType; M8 = message_filters::NullType][m[K’
[1.210s]   228 |   Connection [01;36m[KaddCallback[m[K(void(T::*callback)(P0, P1), T* t)
[1.210s]       |              [01;36m[K^~~~~~~~~~~[m[K
[1.210s] [01m[K/opt/ros/foxy/include/message_filters/signal9.h:228:14:[m[K [01;36m[Knote: [m[K  template argument deduction/substitution failed:
[1.210s] In file included from [01m[K/driverless/driverless_ws/src/planning/src/EKF_SLAM.cpp:6[m[K:
[1.210s] [01m[K/opt/ros/foxy/include/message_filters/synchronizer.h:304:43:[m[K [01;36m[Knote: [m[K  types ‘[01m[Kvoid (T::)(P0, P1)[m[K’ and ‘[01m[Kvoid (SLAMValidation::)(std::shared_ptr<eufs_msgs::msg::ConeArrayWithCovariance_<std::allocator<void> > >, std::shared_ptr<eufs_msgs::msg::CarState_<std::allocator<void> > >) const[m[K’ have incompatible cv-qualifiers
[1.210s]   304 |     return signal_.addCallback(callback, t[01;36m[K)[m[K;
[1.210s]       |                                           [01;36m[K^[m[K
[1.210s] In file included from [01m[K/opt/ros/foxy/include/message_filters/synchronizer.h:47[m[K,
[1.210s]                  from [01m[K/driverless/driverless_ws/src/planning/src/EKF_SLAM.cpp:6[m[K:
[1.211s] [01m[K/opt/ros/foxy/include/message_filters/signal9.h:234:14:[m[K [01;36m[Knote: [m[Kcandidate: ‘[01m[Ktemplate<class T, class P0, class P1, class P2> message_filters::Connection message_filters::Signal9<M0, M1, M2, M3, M4, M5, M6, M7, M8>::addCallback(void (T::*)(P0, P1, P2), T*) [with T = T; P0 = P0; P1 = P1; P2 = P2; M0 = eufs_msgs::msg::ConeArrayWithCovariance_<std::allocator<void> >; M1 = eufs_msgs::msg::CarState_<std::allocator<void> >; M2 = message_filters::NullType; M3 = message_filters::NullType; M4 = message_filters::NullType; M5 = message_filters::NullType; M6 = message_filters::NullType; M7 = message_filters::NullType; M8 = message_filters::NullType][m[K’
[1.211s]   234 |   Connection [01;36m[KaddCallback[m[K(void(T::*callback)(P0, P1, P2), T* t)
[1.211s]       |              [01;36m[K^~~~~~~~~~~[m[K
[1.211s] [01m[K/opt/ros/foxy/include/message_filters/signal9.h:234:14:[m[K [01;36m[Knote: [m[K  template argument deduction/substitution failed:
[1.211s] In file included from [01m[K/driverless/driverless_ws/src/planning/src/EKF_SLAM.cpp:6[m[K:
[1.211s] [01m[K/opt/ros/foxy/include/message_filters/synchronizer.h:304:43:[m[K [01;36m[Knote: [m[K  types ‘[01m[Kvoid (T::)(P0, P1, P2)[m[K’ and ‘[01m[Kvoid (SLAMValidation::)(std::shared_ptr<eufs_msgs::msg::ConeArrayWithCovariance_<std::allocator<void> > >, std::shared_ptr<eufs_msgs::msg::CarState_<std::allocator<void> > >) const[m[K’ have incompatible cv-qualifiers
[1.211s]   304 |     return signal_.addCallback(callback, t[01;36m[K)[m[K;
[1.211s]       |                                           [01;36m[K^[m[K
[1.211s] In file included from [01m[K/opt/ros/foxy/include/message_filters/synchronizer.h:47[m[K,
[1.211s]                  from [01m[K/driverless/driverless_ws/src/planning/src/EKF_SLAM.cpp:6[m[K:
[1.211s] [01m[K/opt/ros/foxy/include/message_filters/signal9.h:240:14:[m[K [01;36m[Knote: [m[Kcandidate: ‘[01m[Ktemplate<class T, class P0, class P1, class P2, class P3> message_filters::Connection message_filters::Signal9<M0, M1, M2, M3, M4, M5, M6, M7, M8>::addCallback(void (T::*)(P0, P1, P2, P3), T*) [with T = T; P0 = P0; P1 = P1; P2 = P2; P3 = P3; M0 = eufs_msgs::msg::ConeArrayWithCovariance_<std::allocator<void> >; M1 = eufs_msgs::msg::CarState_<std::allocator<void> >; M2 = message_filters::NullType; M3 = message_filters::NullType; M4 = message_filters::NullType; M5 = message_filters::NullType; M6 = message_filters::NullType; M7 = message_filters::NullType; M8 = message_filters::NullType][m[K’
[1.211s]   240 |   Connection [01;36m[KaddCallback[m[K(void(T::*callback)(P0, P1, P2, P3), T* t)
[1.211s]       |              [01;36m[K^~~~~~~~~~~[m[K
[1.211s] [01m[K/opt/ros/foxy/include/message_filters/signal9.h:240:14:[m[K [01;36m[Knote: [m[K  template argument deduction/substitution failed:
[1.211s] In file included from [01m[K/driverless/driverless_ws/src/planning/src/EKF_SLAM.cpp:6[m[K:
[1.212s] [01m[K/opt/ros/foxy/include/message_filters/synchronizer.h:304:43:[m[K [01;36m[Knote: [m[K  types ‘[01m[Kvoid (T::)(P0, P1, P2, P3)[m[K’ and ‘[01m[Kvoid (SLAMValidation::)(std::shared_ptr<eufs_msgs::msg::ConeArrayWithCovariance_<std::allocator<void> > >, std::shared_ptr<eufs_msgs::msg::CarState_<std::allocator<void> > >) const[m[K’ have incompatible cv-qualifiers
[1.212s]   304 |     return signal_.addCallback(callback, t[01;36m[K)[m[K;
[1.212s]       |                                           [01;36m[K^[m[K
[1.212s] In file included from [01m[K/opt/ros/foxy/include/message_filters/synchronizer.h:47[m[K,
[1.212s]                  from [01m[K/driverless/driverless_ws/src/planning/src/EKF_SLAM.cpp:6[m[K:
[1.212s] [01m[K/opt/ros/foxy/include/message_filters/signal9.h:246:14:[m[K [01;36m[Knote: [m[Kcandidate: ‘[01m[Ktemplate<class T, class P0, class P1, class P2, class P3, class P4> message_filters::Connection message_filters::Signal9<M0, M1, M2, M3, M4, M5, M6, M7, M8>::addCallback(void (T::*)(P0, P1, P2, P3, P4), T*) [with T = T; P0 = P0; P1 = P1; P2 = P2; P3 = P3; P4 = P4; M0 = eufs_msgs::msg::ConeArrayWithCovariance_<std::allocator<void> >; M1 = eufs_msgs::msg::CarState_<std::allocator<void> >; M2 = message_filters::NullType; M3 = message_filters::NullType; M4 = message_filters::NullType; M5 = message_filters::NullType; M6 = message_filters::NullType; M7 = message_filters::NullType; M8 = message_filters::NullType][m[K’
[1.212s]   246 |   Connection [01;36m[KaddCallback[m[K(void(T::*callback)(P0, P1, P2, P3, P4), T* t)
[1.212s]       |              [01;36m[K^~~~~~~~~~~[m[K
[1.212s] [01m[K/opt/ros/foxy/include/message_filters/signal9.h:246:14:[m[K [01;36m[Knote: [m[K  template argument deduction/substitution failed:
[1.212s] In file included from [01m[K/driverless/driverless_ws/src/planning/src/EKF_SLAM.cpp:6[m[K:
[1.212s] [01m[K/opt/ros/foxy/include/message_filters/synchronizer.h:304:43:[m[K [01;36m[Knote: [m[K  types ‘[01m[Kvoid (T::)(P0, P1, P2, P3, P4)[m[K’ and ‘[01m[Kvoid (SLAMValidation::)(std::shared_ptr<eufs_msgs::msg::ConeArrayWithCovariance_<std::allocator<void> > >, std::shared_ptr<eufs_msgs::msg::CarState_<std::allocator<void> > >) const[m[K’ have incompatible cv-qualifiers
[1.212s]   304 |     return signal_.addCallback(callback, t[01;36m[K)[m[K;
[1.212s]       |                                           [01;36m[K^[m[K
[1.212s] In file included from [01m[K/opt/ros/foxy/include/message_filters/synchronizer.h:47[m[K,
[1.212s]                  from [01m[K/driverless/driverless_ws/src/planning/src/EKF_SLAM.cpp:6[m[K:
[1.212s] [01m[K/opt/ros/foxy/include/message_filters/signal9.h:252:14:[m[K [01;36m[Knote: [m[Kcandidate: ‘[01m[Ktemplate<class T, class P0, class P1, class P2, class P3, class P4, class P5> message_filters::Connection message_filters::Signal9<M0, M1, M2, M3, M4, M5, M6, M7, M8>::addCallback(void (T::*)(P0, P1, P2, P3, P4, P5), T*) [with T = T; P0 = P0; P1 = P1; P2 = P2; P3 = P3; P4 = P4; P5 = P5; M0 = eufs_msgs::msg::ConeArrayWithCovariance_<std::allocator<void> >; M1 = eufs_msgs::msg::CarState_<std::allocator<void> >; M2 = message_filters::NullType; M3 = message_filters::NullType; M4 = message_filters::NullType; M5 = message_filters::NullType; M6 = message_filters::NullType; M7 = message_filters::NullType; M8 = message_filters::NullType][m[K’
[1.212s]   252 |   Connection [01;36m[KaddCallback[m[K(void(T::*callback)(P0, P1, P2, P3, P4, P5), T* t)
[1.212s]       |              [01;36m[K^~~~~~~~~~~[m[K
[1.212s] [01m[K/opt/ros/foxy/include/message_filters/signal9.h:252:14:[m[K [01;36m[Knote: [m[K  template argument deduction/substitution failed:
[1.212s] In file included from [01m[K/driverless/driverless_ws/src/planning/src/EKF_SLAM.cpp:6[m[K:
[1.213s] [01m[K/opt/ros/foxy/include/message_filters/synchronizer.h:304:43:[m[K [01;36m[Knote: [m[K  types ‘[01m[Kvoid (T::)(P0, P1, P2, P3, P4, P5)[m[K’ and ‘[01m[Kvoid (SLAMValidation::)(std::shared_ptr<eufs_msgs::msg::ConeArrayWithCovariance_<std::allocator<void> > >, std::shared_ptr<eufs_msgs::msg::CarState_<std::allocator<void> > >) const[m[K’ have incompatible cv-qualifiers
[1.213s]   304 |     return signal_.addCallback(callback, t[01;36m[K)[m[K;
[1.213s]       |                                           [01;36m[K^[m[K
[1.213s] In file included from [01m[K/opt/ros/foxy/include/message_filters/synchronizer.h:47[m[K,
[1.213s]                  from [01m[K/driverless/driverless_ws/src/planning/src/EKF_SLAM.cpp:6[m[K:
[1.213s] [01m[K/opt/ros/foxy/include/message_filters/signal9.h:258:14:[m[K [01;36m[Knote: [m[Kcandidate: ‘[01m[Ktemplate<class T, class P0, class P1, class P2, class P3, class P4, class P5, class P6> message_filters::Connection message_filters::Signal9<M0, M1, M2, M3, M4, M5, M6, M7, M8>::addCallback(void (T::*)(P0, P1, P2, P3, P4, P5, P6), T*) [with T = T; P0 = P0; P1 = P1; P2 = P2; P3 = P3; P4 = P4; P5 = P5; P6 = P6; M0 = eufs_msgs::msg::ConeArrayWithCovariance_<std::allocator<void> >; M1 = eufs_msgs::msg::CarState_<std::allocator<void> >; M2 = message_filters::NullType; M3 = message_filters::NullType; M4 = message_filters::NullType; M5 = message_filters::NullType; M6 = message_filters::NullType; M7 = message_filters::NullType; M8 = message_filters::NullType][m[K’
[1.213s]   258 |   Connection [01;36m[KaddCallback[m[K(void(T::*callback)(P0, P1, P2, P3, P4, P5, P6), T* t)
[1.213s]       |              [01;36m[K^~~~~~~~~~~[m[K
[1.213s] [01m[K/opt/ros/foxy/include/message_filters/signal9.h:258:14:[m[K [01;36m[Knote: [m[K  template argument deduction/substitution failed:
[1.213s] In file included from [01m[K/driverless/driverless_ws/src/planning/src/EKF_SLAM.cpp:6[m[K:
[1.213s] [01m[K/opt/ros/foxy/include/message_filters/synchronizer.h:304:43:[m[K [01;36m[Knote: [m[K  types ‘[01m[Kvoid (T::)(P0, P1, P2, P3, P4, P5, P6)[m[K’ and ‘[01m[Kvoid (SLAMValidation::)(std::shared_ptr<eufs_msgs::msg::ConeArrayWithCovariance_<std::allocator<void> > >, std::shared_ptr<eufs_msgs::msg::CarState_<std::allocator<void> > >) const[m[K’ have incompatible cv-qualifiers
[1.213s]   304 |     return signal_.addCallback(callback, t[01;36m[K)[m[K;
[1.213s]       |                                           [01;36m[K^[m[K
[1.213s] In file included from [01m[K/opt/ros/foxy/include/message_filters/synchronizer.h:47[m[K,
[1.213s]                  from [01m[K/driverless/driverless_ws/src/planning/src/EKF_SLAM.cpp:6[m[K:
[1.213s] [01m[K/opt/ros/foxy/include/message_filters/signal9.h:264:14:[m[K [01;36m[Knote: [m[Kcandidate: ‘[01m[Ktemplate<class T, class P0, class P1, class P2, class P3, class P4, class P5, class P6, class P7> message_filters::Connection message_filters::Signal9<M0, M1, M2, M3, M4, M5, M6, M7, M8>::addCallback(void (T::*)(P0, P1, P2, P3, P4, P5, P6, P7), T*) [with T = T; P0 = P0; P1 = P1; P2 = P2; P3 = P3; P4 = P4; P5 = P5; P6 = P6; P7 = P7; M0 = eufs_msgs::msg::ConeArrayWithCovariance_<std::allocator<void> >; M1 = eufs_msgs::msg::CarState_<std::allocator<void> >; M2 = message_filters::NullType; M3 = message_filters::NullType; M4 = message_filters::NullType; M5 = message_filters::NullType; M6 = message_filters::NullType; M7 = message_filters::NullType; M8 = message_filters::NullType][m[K’
[1.213s]   264 |   Connection [01;36m[KaddCallback[m[K(void(T::*callback)(P0, P1, P2, P3, P4, P5, P6, P7), T* t)
[1.213s]       |              [01;36m[K^~~~~~~~~~~[m[K
[1.213s] [01m[K/opt/ros/foxy/include/message_filters/signal9.h:264:14:[m[K [01;36m[Knote: [m[K  template argument deduction/substitution failed:
[1.213s] In file included from [01m[K/driverless/driverless_ws/src/planning/src/EKF_SLAM.cpp:6[m[K:
[1.214s] [01m[K/opt/ros/foxy/include/message_filters/synchronizer.h:304:43:[m[K [01;36m[Knote: [m[K  types ‘[01m[Kvoid (T::)(P0, P1, P2, P3, P4, P5, P6, P7)[m[K’ and ‘[01m[Kvoid (SLAMValidation::)(std::shared_ptr<eufs_msgs::msg::ConeArrayWithCovariance_<std::allocator<void> > >, std::shared_ptr<eufs_msgs::msg::CarState_<std::allocator<void> > >) const[m[K’ have incompatible cv-qualifiers
[1.214s]   304 |     return signal_.addCallback(callback, t[01;36m[K)[m[K;
[1.214s]       |                                           [01;36m[K^[m[K
[1.214s] In file included from [01m[K/opt/ros/foxy/include/message_filters/synchronizer.h:47[m[K,
[1.214s]                  from [01m[K/driverless/driverless_ws/src/planning/src/EKF_SLAM.cpp:6[m[K:
[1.214s] [01m[K/opt/ros/foxy/include/message_filters/signal9.h:270:14:[m[K [01;36m[Knote: [m[Kcandidate: ‘[01m[Ktemplate<class C> message_filters::Connection message_filters::Signal9<M0, M1, M2, M3, M4, M5, M6, M7, M8>::addCallback(C&) [with C = C; M0 = eufs_msgs::msg::ConeArrayWithCovariance_<std::allocator<void> >; M1 = eufs_msgs::msg::CarState_<std::allocator<void> >; M2 = message_filters::NullType; M3 = message_filters::NullType; M4 = message_filters::NullType; M5 = message_filters::NullType; M6 = message_filters::NullType; M7 = message_filters::NullType; M8 = message_filters::NullType][m[K’
[1.214s]   270 |   Connection [01;36m[KaddCallback[m[K( C& callback)
[1.214s]       |              [01;36m[K^~~~~~~~~~~[m[K
[1.214s] [01m[K/opt/ros/foxy/include/message_filters/signal9.h:270:14:[m[K [01;36m[Knote: [m[K  template argument deduction/substitution failed:
[1.214s] In file included from [01m[K/driverless/driverless_ws/src/planning/src/EKF_SLAM.cpp:6[m[K:
[1.214s] [01m[K/opt/ros/foxy/include/message_filters/synchronizer.h:304:43:[m[K [01;36m[Knote: [m[K  candidate expects 1 argument, 2 provided
[1.214s]   304 |     return signal_.addCallback(callback, t[01;36m[K)[m[K;
[1.214s]       |                                           [01;36m[K^[m[K
[2.415s] make[2]: *** [CMakeFiles/slam_test.dir/build.make:63: CMakeFiles/slam_test.dir/src/EKF_SLAM.cpp.o] Error 1
[2.415s] make[1]: *** [CMakeFiles/Makefile2:78: CMakeFiles/slam_test.dir/all] Error 2
[2.415s] make: *** [Makefile:141: all] Error 2
[2.418s] Invoked command in '/driverless/driverless_ws/build/planning' returned '2': AMENT_PREFIX_PATH=/driverless/driverless_ws/install/eufs_msgs:${AMENT_PREFIX_PATH} CMAKE_PREFIX_PATH=/driverless/driverless_ws/install/eufs_msgs:/opt/ros/foxy LD_LIBRARY_PATH=/driverless/driverless_ws/install/eufs_msgs/lib:${LD_LIBRARY_PATH} PYTHONPATH=/driverless/driverless_ws/install/eufs_msgs/lib/python3.8/site-packages:${PYTHONPATH} /usr/bin/cmake --build /driverless/driverless_ws/build/planning -- -j8 -l8
