[0.058s] Invoking command in '/home/andrewwhong/workspace/driverless/driverless_ws/build/collection': CMAKE_PREFIX_PATH=${CMAKE_PREFIX_PATH}:/opt/ros/foxy /usr/bin/cmake /home/andrewwhong/workspace/driverless/driverless_ws/src/collection -DCMAKE_INSTALL_PREFIX=/home/andrewwhong/workspace/driverless/driverless_ws/install/collection
[0.301s] -- The C compiler identification is GNU 9.4.0
[0.668s] -- The CXX compiler identification is GNU 9.4.0
[0.821s] -- Check for working C compiler: /usr/bin/cc
[1.103s] -- Check for working C compiler: /usr/bin/cc -- works
[1.104s] -- Detecting C compiler ABI info
[1.344s] -- Detecting C compiler ABI info - done
[1.356s] -- Detecting C compile features
[1.357s] -- Detecting C compile features - done
[1.359s] -- Check for working CXX compiler: /usr/bin/c++
[1.664s] -- Check for working CXX compiler: /usr/bin/c++ -- works
[1.666s] -- Detecting CXX compiler ABI info
[1.987s] -- Detecting CXX compiler ABI info - done
[2.009s] -- Detecting CXX compile features
[2.010s] -- Detecting CXX compile features - done
[2.012s] -- Found ament_cmake: 0.9.12 (/opt/ros/foxy/share/ament_cmake/cmake)
[2.047s] -- Found PythonInterp: /usr/bin/python3 (found suitable version "3.8.10", minimum required is "3") 
[2.047s] -- Using PYTHON_EXECUTABLE: /usr/bin/python3
[2.387s] -- Found ament_lint_auto: 0.9.8 (/opt/ros/foxy/share/ament_lint_auto/cmake)
[2.567s] -- Added test 'copyright' to check source files copyright and LICENSE
[2.569s] -- Added test 'cppcheck' to perform static code analysis on C / C++ code
[2.573s] -- Configured cppcheck include dirs: 
[2.573s] -- Configured cppcheck exclude dirs and/or files: 
[2.574s] -- Added test 'cpplint' to check C / C++ code against the Google style
[2.575s] -- Configured cpplint exclude dirs and/or files: 
[2.575s] -- Added test 'lint_cmake' to check CMake code style
[2.576s] -- Added test 'uncrustify' to check C / C++ code style
[2.576s] -- Configured uncrustify additional arguments: 
[2.577s] -- Added test 'xmllint' to check XML markup files
[2.577s] -- Configuring done
[2.578s] -- Generating done
[2.580s] -- Build files have been written to: /home/andrewwhong/workspace/driverless/driverless_ws/build/collection
[2.624s] Invoked command in '/home/andrewwhong/workspace/driverless/driverless_ws/build/collection' returned '0': CMAKE_PREFIX_PATH=${CMAKE_PREFIX_PATH}:/opt/ros/foxy /usr/bin/cmake /home/andrewwhong/workspace/driverless/driverless_ws/src/collection -DCMAKE_INSTALL_PREFIX=/home/andrewwhong/workspace/driverless/driverless_ws/install/collection
[2.630s] Invoking command in '/home/andrewwhong/workspace/driverless/driverless_ws/build/collection': CMAKE_PREFIX_PATH=${CMAKE_PREFIX_PATH}:/opt/ros/foxy /usr/bin/cmake --build /home/andrewwhong/workspace/driverless/driverless_ws/build/collection -- -j12 -l12
[2.678s] Invoked command in '/home/andrewwhong/workspace/driverless/driverless_ws/build/collection' returned '0': CMAKE_PREFIX_PATH=${CMAKE_PREFIX_PATH}:/opt/ros/foxy /usr/bin/cmake --build /home/andrewwhong/workspace/driverless/driverless_ws/build/collection -- -j12 -l12
[2.707s] Invoking command in '/home/andrewwhong/workspace/driverless/driverless_ws/build/collection': CMAKE_PREFIX_PATH=${CMAKE_PREFIX_PATH}:/opt/ros/foxy /usr/bin/cmake --install /home/andrewwhong/workspace/driverless/driverless_ws/build/collection
[2.716s] -- Install configuration: ""
[2.716s] -- Installing: /home/andrewwhong/workspace/driverless/driverless_ws/install/collection/share/ament_index/resource_index/package_run_dependencies/collection
[2.717s] -- Installing: /home/andrewwhong/workspace/driverless/driverless_ws/install/collection/share/ament_index/resource_index/parent_prefix_path/collection
[2.718s] -- Installing: /home/andrewwhong/workspace/driverless/driverless_ws/install/collection/share/collection/environment/ament_prefix_path.sh
[2.719s] -- Installing: /home/andrewwhong/workspace/driverless/driverless_ws/install/collection/share/collection/environment/ament_prefix_path.dsv
[2.719s] -- Installing: /home/andrewwhong/workspace/driverless/driverless_ws/install/collection/share/collection/environment/path.sh
[2.719s] -- Installing: /home/andrewwhong/workspace/driverless/driverless_ws/install/collection/share/collection/environment/path.dsv
[2.719s] -- Installing: /home/andrewwhong/workspace/driverless/driverless_ws/install/collection/share/collection/local_setup.bash
[2.720s] -- Installing: /home/andrewwhong/workspace/driverless/driverless_ws/install/collection/share/collection/local_setup.sh
[2.720s] -- Installing: /home/andrewwhong/workspace/driverless/driverless_ws/install/collection/share/collection/local_setup.zsh
[2.721s] -- Installing: /home/andrewwhong/workspace/driverless/driverless_ws/install/collection/share/collection/local_setup.dsv
[2.721s] -- Installing: /home/andrewwhong/workspace/driverless/driverless_ws/install/collection/share/collection/package.dsv
[2.721s] -- Installing: /home/andrewwhong/workspace/driverless/driverless_ws/install/collection/share/ament_index/resource_index/packages/collection
[2.721s] -- Installing: /home/andrewwhong/workspace/driverless/driverless_ws/install/collection/share/collection/cmake/collectionConfig.cmake
[2.722s] -- Installing: /home/andrewwhong/workspace/driverless/driverless_ws/install/collection/share/collection/cmake/collectionConfig-version.cmake
[2.722s] -- Installing: /home/andrewwhong/workspace/driverless/driverless_ws/install/collection/share/collection/package.xml
[2.727s] Invoked command in '/home/andrewwhong/workspace/driverless/driverless_ws/build/collection' returned '0': CMAKE_PREFIX_PATH=${CMAKE_PREFIX_PATH}:/opt/ros/foxy /usr/bin/cmake --install /home/andrewwhong/workspace/driverless/driverless_ws/build/collection
