[0.407s] DEBUG:colcon:Command line arguments: ['/usr/bin/colcon', 'build', '--packages-select', 'cpp_pubsub']
[0.407s] DEBUG:colcon:Parsed command line arguments: Namespace(log_base=None, log_level=None, verb_name='build', build_base='build', install_base='install', merge_install=False, symlink_install=False, test_result_base=None, continue_on_error=False, executor='parallel', parallel_workers=8, event_handlers=None, ignore_user_meta=False, metas=['./colcon.meta'], base_paths=['.'], packages_ignore=None, packages_ignore_regex=None, paths=None, packages_up_to=None, packages_up_to_regex=None, packages_above=None, packages_above_and_dependencies=None, packages_above_depth=None, packages_select_by_dep=None, packages_skip_by_dep=None, packages_skip_up_to=None, packages_select_build_failed=False, packages_skip_build_finished=False, packages_select_test_failures=False, packages_skip_test_passed=False, packages_select=['cpp_pubsub'], packages_skip=None, packages_select_regex=None, packages_skip_regex=None, packages_start=None, packages_end=None, cmake_args=None, cmake_target=None, cmake_target_skip_unavailable=False, cmake_clean_cache=False, cmake_clean_first=False, cmake_force_configure=False, ament_cmake_args=None, catkin_cmake_args=None, catkin_skip_building_tests=False, verb_parser=<colcon_defaults.argument_parser.defaults.DefaultArgumentsDecorator object at 0x7f39224c1990>, verb_extension=<colcon_core.verb.build.BuildVerb object at 0x7f3921a64290>, main=<bound method BuildVerb.main of <colcon_core.verb.build.BuildVerb object at 0x7f3921a64290>>)
[0.450s] Level 1:colcon.colcon_core.package_discovery:discover_packages(colcon_meta) check parameters
[0.450s] Level 1:colcon.colcon_core.package_discovery:discover_packages(recursive) check parameters
[0.450s] Level 1:colcon.colcon_core.package_discovery:discover_packages(ignore) check parameters
[0.451s] Level 1:colcon.colcon_core.package_discovery:discover_packages(path) check parameters
[0.451s] Level 1:colcon.colcon_core.package_discovery:discover_packages(colcon_meta) discover
[0.451s] Level 1:colcon.colcon_core.package_discovery:discover_packages(recursive) discover
[0.451s] INFO:colcon.colcon_core.package_discovery:Crawling recursively for packages in '/home/ishin/Documents/cmr/driverless_py/driverless/driverless_ws/src'
[0.451s] Level 1:colcon.colcon_core.package_identification:_identify(.) by extensions ['ignore', 'ignore_ament_install']
[0.451s] Level 1:colcon.colcon_core.package_identification:_identify(.) by extension 'ignore'
[0.451s] Level 1:colcon.colcon_core.package_identification:_identify(.) by extension 'ignore_ament_install'
[0.451s] Level 1:colcon.colcon_core.package_identification:_identify(.) by extensions ['colcon_pkg']
[0.451s] Level 1:colcon.colcon_core.package_identification:_identify(.) by extension 'colcon_pkg'
[0.451s] Level 1:colcon.colcon_core.package_identification:_identify(.) by extensions ['colcon_meta']
[0.451s] Level 1:colcon.colcon_core.package_identification:_identify(.) by extension 'colcon_meta'
[0.451s] Level 1:colcon.colcon_core.package_identification:_identify(.) by extensions ['ros']
[0.451s] Level 1:colcon.colcon_core.package_identification:_identify(.) by extension 'ros'
[0.501s] Level 1:colcon.colcon_core.package_identification:_identify(.) by extensions ['cmake', 'python']
[0.501s] Level 1:colcon.colcon_core.package_identification:_identify(.) by extension 'cmake'
[0.501s] Level 1:colcon.colcon_core.package_identification:_identify(.) by extension 'python'
[0.501s] Level 1:colcon.colcon_core.package_identification:_identify(.) by extensions ['python_setup_py']
[0.501s] Level 1:colcon.colcon_core.package_identification:_identify(.) by extension 'python_setup_py'
[0.501s] Level 1:colcon.colcon_core.package_identification:_identify(actuators) by extensions ['ignore', 'ignore_ament_install']
[0.501s] Level 1:colcon.colcon_core.package_identification:_identify(actuators) by extension 'ignore'
[0.502s] Level 1:colcon.colcon_core.package_identification:_identify(actuators) by extension 'ignore_ament_install'
[0.502s] Level 1:colcon.colcon_core.package_identification:_identify(actuators) by extensions ['colcon_pkg']
[0.502s] Level 1:colcon.colcon_core.package_identification:_identify(actuators) by extension 'colcon_pkg'
[0.502s] Level 1:colcon.colcon_core.package_identification:_identify(actuators) by extensions ['colcon_meta']
[0.502s] Level 1:colcon.colcon_core.package_identification:_identify(actuators) by extension 'colcon_meta'
[0.502s] Level 1:colcon.colcon_core.package_identification:_identify(actuators) by extensions ['ros']
[0.502s] Level 1:colcon.colcon_core.package_identification:_identify(actuators) by extension 'ros'
[0.509s] DEBUG:colcon.colcon_core.package_identification:Package 'actuators' with type 'ros.ament_cmake' and name 'actuators'
[0.509s] Level 1:colcon.colcon_core.package_identification:_identify(build) by extensions ['ignore', 'ignore_ament_install']
[0.509s] Level 1:colcon.colcon_core.package_identification:_identify(build) by extension 'ignore'
[0.509s] Level 1:colcon.colcon_core.package_identification:_identify(build) ignored
[0.509s] Level 1:colcon.colcon_core.package_identification:_identify(collection) by extensions ['ignore', 'ignore_ament_install']
[0.509s] Level 1:colcon.colcon_core.package_identification:_identify(collection) by extension 'ignore'
[0.509s] Level 1:colcon.colcon_core.package_identification:_identify(collection) by extension 'ignore_ament_install'
[0.509s] Level 1:colcon.colcon_core.package_identification:_identify(collection) by extensions ['colcon_pkg']
[0.509s] Level 1:colcon.colcon_core.package_identification:_identify(collection) by extension 'colcon_pkg'
[0.509s] Level 1:colcon.colcon_core.package_identification:_identify(collection) by extensions ['colcon_meta']
[0.509s] Level 1:colcon.colcon_core.package_identification:_identify(collection) by extension 'colcon_meta'
[0.509s] Level 1:colcon.colcon_core.package_identification:_identify(collection) by extensions ['ros']
[0.509s] Level 1:colcon.colcon_core.package_identification:_identify(collection) by extension 'ros'
[0.510s] DEBUG:colcon.colcon_core.package_identification:Package 'collection' with type 'ros.ament_cmake' and name 'collection'
[0.510s] Level 1:colcon.colcon_core.package_identification:_identify(common) by extensions ['ignore', 'ignore_ament_install']
[0.510s] Level 1:colcon.colcon_core.package_identification:_identify(common) by extension 'ignore'
[0.510s] Level 1:colcon.colcon_core.package_identification:_identify(common) by extension 'ignore_ament_install'
[0.510s] Level 1:colcon.colcon_core.package_identification:_identify(common) by extensions ['colcon_pkg']
[0.510s] Level 1:colcon.colcon_core.package_identification:_identify(common) by extension 'colcon_pkg'
[0.510s] Level 1:colcon.colcon_core.package_identification:_identify(common) by extensions ['colcon_meta']
[0.510s] Level 1:colcon.colcon_core.package_identification:_identify(common) by extension 'colcon_meta'
[0.510s] Level 1:colcon.colcon_core.package_identification:_identify(common) by extensions ['ros']
[0.510s] Level 1:colcon.colcon_core.package_identification:_identify(common) by extension 'ros'
[0.511s] DEBUG:colcon.colcon_core.package_identification:Package 'common' with type 'ros.ament_cmake' and name 'common'
[0.511s] Level 1:colcon.colcon_core.package_identification:_identify(controls) by extensions ['ignore', 'ignore_ament_install']
[0.511s] Level 1:colcon.colcon_core.package_identification:_identify(controls) by extension 'ignore'
[0.511s] Level 1:colcon.colcon_core.package_identification:_identify(controls) by extension 'ignore_ament_install'
[0.511s] Level 1:colcon.colcon_core.package_identification:_identify(controls) by extensions ['colcon_pkg']
[0.511s] Level 1:colcon.colcon_core.package_identification:_identify(controls) by extension 'colcon_pkg'
[0.511s] Level 1:colcon.colcon_core.package_identification:_identify(controls) by extensions ['colcon_meta']
[0.511s] Level 1:colcon.colcon_core.package_identification:_identify(controls) by extension 'colcon_meta'
[0.511s] Level 1:colcon.colcon_core.package_identification:_identify(controls) by extensions ['ros']
[0.511s] Level 1:colcon.colcon_core.package_identification:_identify(controls) by extension 'ros'
[0.512s] DEBUG:colcon.colcon_core.package_identification:Package 'controls' with type 'ros.ament_cmake' and name 'controls'
[0.512s] Level 1:colcon.colcon_core.package_identification:_identify(eufs_msgs) by extensions ['ignore', 'ignore_ament_install']
[0.512s] Level 1:colcon.colcon_core.package_identification:_identify(eufs_msgs) by extension 'ignore'
[0.512s] Level 1:colcon.colcon_core.package_identification:_identify(eufs_msgs) by extension 'ignore_ament_install'
[0.512s] Level 1:colcon.colcon_core.package_identification:_identify(eufs_msgs) by extensions ['colcon_pkg']
[0.512s] Level 1:colcon.colcon_core.package_identification:_identify(eufs_msgs) by extension 'colcon_pkg'
[0.512s] Level 1:colcon.colcon_core.package_identification:_identify(eufs_msgs) by extensions ['colcon_meta']
[0.512s] Level 1:colcon.colcon_core.package_identification:_identify(eufs_msgs) by extension 'colcon_meta'
[0.512s] Level 1:colcon.colcon_core.package_identification:_identify(eufs_msgs) by extensions ['ros']
[0.512s] Level 1:colcon.colcon_core.package_identification:_identify(eufs_msgs) by extension 'ros'
[0.512s] Level 1:colcon.colcon_core.package_identification:_identify(eufs_msgs) by extensions ['cmake', 'python']
[0.512s] Level 1:colcon.colcon_core.package_identification:_identify(eufs_msgs) by extension 'cmake'
[0.512s] Level 1:colcon.colcon_core.package_identification:_identify(eufs_msgs) by extension 'python'
[0.512s] Level 1:colcon.colcon_core.package_identification:_identify(eufs_msgs) by extensions ['python_setup_py']
[0.513s] Level 1:colcon.colcon_core.package_identification:_identify(eufs_msgs) by extension 'python_setup_py'
[0.513s] Level 1:colcon.colcon_core.package_identification:_identify(install) by extensions ['ignore', 'ignore_ament_install']
[0.513s] Level 1:colcon.colcon_core.package_identification:_identify(install) by extension 'ignore'
[0.513s] Level 1:colcon.colcon_core.package_identification:_identify(install) ignored
[0.513s] Level 1:colcon.colcon_core.package_identification:_identify(interfaces) by extensions ['ignore', 'ignore_ament_install']
[0.513s] Level 1:colcon.colcon_core.package_identification:_identify(interfaces) by extension 'ignore'
[0.513s] Level 1:colcon.colcon_core.package_identification:_identify(interfaces) by extension 'ignore_ament_install'
[0.513s] Level 1:colcon.colcon_core.package_identification:_identify(interfaces) by extensions ['colcon_pkg']
[0.513s] Level 1:colcon.colcon_core.package_identification:_identify(interfaces) by extension 'colcon_pkg'
[0.513s] Level 1:colcon.colcon_core.package_identification:_identify(interfaces) by extensions ['colcon_meta']
[0.513s] Level 1:colcon.colcon_core.package_identification:_identify(interfaces) by extension 'colcon_meta'
[0.513s] Level 1:colcon.colcon_core.package_identification:_identify(interfaces) by extensions ['ros']
[0.513s] Level 1:colcon.colcon_core.package_identification:_identify(interfaces) by extension 'ros'
[0.514s] DEBUG:colcon.colcon_core.package_identification:Found ROS schema reference in package manifest in 'interfaces'
[0.514s] WARNING:colcon.colcon_core.package_identification:Failed to parse ROS package manifest in 'interfaces': Error(s) in package 'interfaces/package.xml':
The package "interfaces" must not "build_depend" on a package with the same name as this package
The package "interfaces" must not "build_export_depend" on a package with the same name as this package
The package "interfaces" must not "exec_depend" on a package with the same name as this package
[0.514s] Level 1:colcon.colcon_core.package_identification:_identify(interfaces) by extensions ['cmake', 'python']
[0.514s] Level 1:colcon.colcon_core.package_identification:_identify(interfaces) by extension 'cmake'
[0.516s] Level 1:colcon.colcon_core.package_identification:_identify(interfaces) by extension 'python'
[0.516s] DEBUG:colcon.colcon_core.package_identification:Package 'interfaces' with type 'cmake' and name 'interfaces'
[0.516s] Level 1:colcon.colcon_core.package_identification:_identify(log) by extensions ['ignore', 'ignore_ament_install']
[0.516s] Level 1:colcon.colcon_core.package_identification:_identify(log) by extension 'ignore'
[0.516s] Level 1:colcon.colcon_core.package_identification:_identify(log) ignored
[0.516s] Level 1:colcon.colcon_core.package_identification:_identify(perceptions) by extensions ['ignore', 'ignore_ament_install']
[0.516s] Level 1:colcon.colcon_core.package_identification:_identify(perceptions) by extension 'ignore'
[0.516s] Level 1:colcon.colcon_core.package_identification:_identify(perceptions) by extension 'ignore_ament_install'
[0.516s] Level 1:colcon.colcon_core.package_identification:_identify(perceptions) by extensions ['colcon_pkg']
[0.516s] Level 1:colcon.colcon_core.package_identification:_identify(perceptions) by extension 'colcon_pkg'
[0.516s] Level 1:colcon.colcon_core.package_identification:_identify(perceptions) by extensions ['colcon_meta']
[0.516s] Level 1:colcon.colcon_core.package_identification:_identify(perceptions) by extension 'colcon_meta'
[0.516s] Level 1:colcon.colcon_core.package_identification:_identify(perceptions) by extensions ['ros']
[0.516s] Level 1:colcon.colcon_core.package_identification:_identify(perceptions) by extension 'ros'
[0.517s] DEBUG:colcon.colcon_core.package_identification:Package 'perceptions' with type 'ros.ament_cmake' and name 'perceptions'
[0.517s] Level 1:colcon.colcon_core.package_identification:_identify(planning) by extensions ['ignore', 'ignore_ament_install']
[0.518s] Level 1:colcon.colcon_core.package_identification:_identify(planning) by extension 'ignore'
[0.518s] Level 1:colcon.colcon_core.package_identification:_identify(planning) by extension 'ignore_ament_install'
[0.518s] Level 1:colcon.colcon_core.package_identification:_identify(planning) by extensions ['colcon_pkg']
[0.518s] Level 1:colcon.colcon_core.package_identification:_identify(planning) by extension 'colcon_pkg'
[0.518s] Level 1:colcon.colcon_core.package_identification:_identify(planning) by extensions ['colcon_meta']
[0.518s] Level 1:colcon.colcon_core.package_identification:_identify(planning) by extension 'colcon_meta'
[0.518s] Level 1:colcon.colcon_core.package_identification:_identify(planning) by extensions ['ros']
[0.518s] Level 1:colcon.colcon_core.package_identification:_identify(planning) by extension 'ros'
[0.522s] DEBUG:colcon.colcon_core.package_identification:Package 'planning' with type 'ros.ament_cmake' and name 'planning'
[0.522s] Level 1:colcon.colcon_core.package_discovery:discover_packages(recursive) using defaults
[0.522s] Level 1:colcon.colcon_core.package_discovery:discover_packages(ignore) discover
[0.522s] Level 1:colcon.colcon_core.package_discovery:discover_packages(ignore) using defaults
[0.523s] Level 1:colcon.colcon_core.package_discovery:discover_packages(path) discover
[0.523s] Level 1:colcon.colcon_core.package_discovery:discover_packages(path) using defaults
[0.526s] WARNING:colcon.colcon_core.package_selection:ignoring unknown package 'cpp_pubsub' in --packages-select
[0.575s] INFO:colcon.colcon_core.package_selection:Skipping not selected package 'actuators' in 'actuators'
[0.575s] INFO:colcon.colcon_core.package_selection:Skipping not selected package 'collection' in 'collection'
[0.575s] INFO:colcon.colcon_core.package_selection:Skipping not selected package 'common' in 'common'
[0.575s] INFO:colcon.colcon_core.package_selection:Skipping not selected package 'controls' in 'controls'
[0.575s] INFO:colcon.colcon_core.package_selection:Skipping not selected package 'interfaces' in 'interfaces'
[0.575s] INFO:colcon.colcon_core.package_selection:Skipping not selected package 'perceptions' in 'perceptions'
[0.575s] INFO:colcon.colcon_core.package_selection:Skipping not selected package 'planning' in 'planning'
[0.577s] INFO:colcon.colcon_core.executor:Executing jobs using 'parallel' executor
[0.586s] DEBUG:colcon.colcon_parallel_executor.executor.parallel:run_until_complete
[0.586s] DEBUG:colcon.colcon_parallel_executor.executor.parallel:closing loop
[0.586s] DEBUG:colcon.colcon_parallel_executor.executor.parallel:loop closed
[0.586s] DEBUG:colcon.colcon_parallel_executor.executor.parallel:run_until_complete finished with '0'
[0.586s] DEBUG:colcon.colcon_core.event_reactor:joining thread
[0.596s] INFO:colcon.colcon_core.plugin_system:Skipping extension 'colcon_notification.desktop_notification.terminal_notifier': Not used on non-Darwin systems
[0.596s] INFO:colcon.colcon_core.plugin_system:Skipping extension 'colcon_notification.desktop_notification.win32': Not used on non-Windows systems
[0.597s] INFO:colcon.colcon_notification.desktop_notification:Sending desktop notification using 'notify2'
[0.618s] DEBUG:colcon.colcon_core.event_reactor:joined thread
[0.625s] INFO:colcon.colcon_core.plugin_system:Skipping extension 'colcon_core.shell.bat': Not used on non-Windows systems
[0.625s] INFO:colcon.colcon_core.shell:Creating prefix script '/home/ishin/Documents/cmr/driverless_py/driverless/driverless_ws/src/install/local_setup.ps1'
[0.626s] INFO:colcon.colcon_core.shell:Creating prefix util module '/home/ishin/Documents/cmr/driverless_py/driverless/driverless_ws/src/install/_local_setup_util_ps1.py'
[0.627s] INFO:colcon.colcon_core.shell:Creating prefix chain script '/home/ishin/Documents/cmr/driverless_py/driverless/driverless_ws/src/install/setup.ps1'
[0.632s] INFO:colcon.colcon_core.shell:Creating prefix script '/home/ishin/Documents/cmr/driverless_py/driverless/driverless_ws/src/install/local_setup.sh'
[0.632s] INFO:colcon.colcon_core.shell:Creating prefix util module '/home/ishin/Documents/cmr/driverless_py/driverless/driverless_ws/src/install/_local_setup_util_sh.py'
[0.633s] INFO:colcon.colcon_core.shell:Creating prefix chain script '/home/ishin/Documents/cmr/driverless_py/driverless/driverless_ws/src/install/setup.sh'
[0.637s] INFO:colcon.colcon_core.shell:Creating prefix script '/home/ishin/Documents/cmr/driverless_py/driverless/driverless_ws/src/install/local_setup.bash'
[0.637s] INFO:colcon.colcon_core.shell:Creating prefix chain script '/home/ishin/Documents/cmr/driverless_py/driverless/driverless_ws/src/install/setup.bash'
[0.640s] INFO:colcon.colcon_core.shell:Creating prefix script '/home/ishin/Documents/cmr/driverless_py/driverless/driverless_ws/src/install/local_setup.zsh'
[0.640s] INFO:colcon.colcon_core.shell:Creating prefix chain script '/home/ishin/Documents/cmr/driverless_py/driverless/driverless_ws/src/install/setup.zsh'
