-- The C compiler identification is GNU 9.4.0
-- The CXX compiler identification is GNU 9.4.0
-- Check for working C compiler: /usr/bin/cc
-- Check for working C compiler: /usr/bin/cc -- works
-- Detecting C compiler ABI info
-- Detecting C compiler ABI info - done
-- Detecting C compile features
-- Detecting C compile features - done
-- Check for working CXX compiler: /usr/bin/c++
-- Check for working CXX compiler: /usr/bin/c++ -- works
-- Detecting CXX compiler ABI info
-- Detecting CXX compiler ABI info - done
-- Detecting CXX compile features
-- Detecting CXX compile features - done
-- Found ament_cmake: 0.9.12 (/opt/ros/foxy/share/ament_cmake/cmake)
-- Found PythonInterp: /usr/bin/python3 (found suitable version "3.8.10", minimum required is "3") 
-- Using PYTHON_EXECUTABLE: /usr/bin/python3
-- Override CMake install command with custom implementation using symlinks instead of copying resources
-- Found ament_lint_auto: 0.9.8 (/opt/ros/foxy/share/ament_lint_auto/cmake)
-- Added test 'copyright' to check source files copyright and LICENSE
-- Added test 'cppcheck' to perform static code analysis on C / C++ code
-- Configured cppcheck include dirs: 
-- Configured cppcheck exclude dirs and/or files: 
-- Added test 'cpplint' to check C / C++ code against the Google style
-- Configured cpplint exclude dirs and/or files: 
-- Added test 'lint_cmake' to check CMake code style
-- Added test 'uncrustify' to check C / C++ code style
-- Configured uncrustify additional arguments: 
-- Added test 'xmllint' to check XML markup files
-- Configuring done
-- Generating done
-- Build files have been written to: /driverless/driverless_ws/build/perceptions
-- Install configuration: ""
-- Execute custom install script
-- Symlinking: /driverless/driverless_ws/install/perceptions/share/ament_index/resource_index/package_run_dependencies/perceptions
-- Symlinking: /driverless/driverless_ws/install/perceptions/share/ament_index/resource_index/parent_prefix_path/perceptions
-- Symlinking: /driverless/driverless_ws/install/perceptions/share/perceptions/environment/ament_prefix_path.sh
-- Symlinking: /driverless/driverless_ws/install/perceptions/share/perceptions/environment/ament_prefix_path.dsv
-- Symlinking: /driverless/driverless_ws/install/perceptions/share/perceptions/environment/path.sh
-- Symlinking: /driverless/driverless_ws/install/perceptions/share/perceptions/environment/path.dsv
-- Symlinking: /driverless/driverless_ws/install/perceptions/share/perceptions/local_setup.bash
-- Symlinking: /driverless/driverless_ws/install/perceptions/share/perceptions/local_setup.sh
-- Symlinking: /driverless/driverless_ws/install/perceptions/share/perceptions/local_setup.zsh
-- Symlinking: /driverless/driverless_ws/install/perceptions/share/perceptions/local_setup.dsv
-- Symlinking: /driverless/driverless_ws/install/perceptions/share/perceptions/package.dsv
-- Symlinking: /driverless/driverless_ws/install/perceptions/share/ament_index/resource_index/packages/perceptions
-- Symlinking: /driverless/driverless_ws/install/perceptions/share/perceptions/cmake/perceptionsConfig.cmake
-- Symlinking: /driverless/driverless_ws/install/perceptions/share/perceptions/cmake/perceptionsConfig-version.cmake
-- Symlinking: /driverless/driverless_ws/install/perceptions/share/perceptions/package.xml
