[0.040s] Invoking command in '/driverless/driverless_ws/build/perceptions': CMAKE_PREFIX_PATH=/opt/ros/foxy /usr/bin/cmake /driverless/driverless_ws/src/perceptions -DAMENT_CMAKE_SYMLINK_INSTALL=1 -DCMAKE_INSTALL_PREFIX=/driverless/driverless_ws/install/perceptions
[1.015s] -- The C compiler identification is GNU 9.4.0
[1.015s] -- The CXX compiler identification is GNU 9.4.0
[1.015s] -- Check for working C compiler: /usr/bin/cc
[1.015s] -- Check for working C compiler: /usr/bin/cc -- works
[1.015s] -- Detecting C compiler ABI info
[1.015s] -- Detecting C compiler ABI info - done
[1.015s] -- Detecting C compile features
[1.015s] -- Detecting C compile features - done
[1.015s] -- Check for working CXX compiler: /usr/bin/c++
[1.015s] -- Check for working CXX compiler: /usr/bin/c++ -- works
[1.015s] -- Detecting CXX compiler ABI info
[1.016s] -- Detecting CXX compiler ABI info - done
[1.016s] -- Detecting CXX compile features
[1.016s] -- Detecting CXX compile features - done
[1.016s] -- Found ament_cmake: 0.9.12 (/opt/ros/foxy/share/ament_cmake/cmake)
[1.016s] -- Found PythonInterp: /usr/bin/python3 (found suitable version "3.8.10", minimum required is "3") 
[1.016s] -- Using PYTHON_EXECUTABLE: /usr/bin/python3
[1.016s] -- Override CMake install command with custom implementation using symlinks instead of copying resources
[1.016s] -- Found ament_lint_auto: 0.9.8 (/opt/ros/foxy/share/ament_lint_auto/cmake)
[1.067s] -- Added test 'copyright' to check source files copyright and LICENSE
[1.072s] -- Added test 'cppcheck' to perform static code analysis on C / C++ code
[1.072s] -- Configured cppcheck include dirs: 
[1.072s] -- Configured cppcheck exclude dirs and/or files: 
[1.072s] -- Added test 'cpplint' to check C / C++ code against the Google style
[1.073s] -- Configured cpplint exclude dirs and/or files: 
[1.073s] -- Added test 'lint_cmake' to check CMake code style
[1.074s] -- Added test 'uncrustify' to check C / C++ code style
[1.074s] -- Configured uncrustify additional arguments: 
[1.075s] -- Added test 'xmllint' to check XML markup files
[1.078s] -- Configuring done
[1.080s] -- Generating done
[1.081s] -- Build files have been written to: /driverless/driverless_ws/build/perceptions
[1.088s] Invoked command in '/driverless/driverless_ws/build/perceptions' returned '0': CMAKE_PREFIX_PATH=/opt/ros/foxy /usr/bin/cmake /driverless/driverless_ws/src/perceptions -DAMENT_CMAKE_SYMLINK_INSTALL=1 -DCMAKE_INSTALL_PREFIX=/driverless/driverless_ws/install/perceptions
[1.089s] Invoking command in '/driverless/driverless_ws/build/perceptions': CMAKE_PREFIX_PATH=/opt/ros/foxy /usr/bin/cmake --build /driverless/driverless_ws/build/perceptions -- -j8 -l8
[1.133s] Invoked command in '/driverless/driverless_ws/build/perceptions' returned '0': CMAKE_PREFIX_PATH=/opt/ros/foxy /usr/bin/cmake --build /driverless/driverless_ws/build/perceptions -- -j8 -l8
[1.164s] Invoking command in '/driverless/driverless_ws/build/perceptions': CMAKE_PREFIX_PATH=/opt/ros/foxy /usr/bin/cmake --install /driverless/driverless_ws/build/perceptions
[1.172s] -- Install configuration: ""
[1.172s] -- Execute custom install script
[1.174s] -- Symlinking: /driverless/driverless_ws/install/perceptions/share/ament_index/resource_index/package_run_dependencies/perceptions
[1.182s] -- Symlinking: /driverless/driverless_ws/install/perceptions/share/ament_index/resource_index/parent_prefix_path/perceptions
[1.191s] -- Symlinking: /driverless/driverless_ws/install/perceptions/share/perceptions/environment/ament_prefix_path.sh
[1.203s] -- Symlinking: /driverless/driverless_ws/install/perceptions/share/perceptions/environment/ament_prefix_path.dsv
[1.213s] -- Symlinking: /driverless/driverless_ws/install/perceptions/share/perceptions/environment/path.sh
[1.223s] -- Symlinking: /driverless/driverless_ws/install/perceptions/share/perceptions/environment/path.dsv
[1.233s] -- Symlinking: /driverless/driverless_ws/install/perceptions/share/perceptions/local_setup.bash
[1.246s] -- Symlinking: /driverless/driverless_ws/install/perceptions/share/perceptions/local_setup.sh
[1.253s] -- Symlinking: /driverless/driverless_ws/install/perceptions/share/perceptions/local_setup.zsh
[1.261s] -- Symlinking: /driverless/driverless_ws/install/perceptions/share/perceptions/local_setup.dsv
[1.270s] -- Symlinking: /driverless/driverless_ws/install/perceptions/share/perceptions/package.dsv
[1.276s] -- Symlinking: /driverless/driverless_ws/install/perceptions/share/ament_index/resource_index/packages/perceptions
[1.287s] -- Symlinking: /driverless/driverless_ws/install/perceptions/share/perceptions/cmake/perceptionsConfig.cmake
[1.297s] -- Symlinking: /driverless/driverless_ws/install/perceptions/share/perceptions/cmake/perceptionsConfig-version.cmake
[1.309s] -- Symlinking: /driverless/driverless_ws/install/perceptions/share/perceptions/package.xml
[1.359s] Invoked command in '/driverless/driverless_ws/build/perceptions' returned '0': CMAKE_PREFIX_PATH=/opt/ros/foxy /usr/bin/cmake --install /driverless/driverless_ws/build/perceptions
