[0.046s] Invoking command in '/home/ishin/Documents/cmr/driverless_py/driverless/driverless_ws/build/common': _=/usr/bin/env /usr/bin/cmake /home/ishin/Documents/cmr/driverless_py/driverless/driverless_ws/src/common -DCMAKE_INSTALL_PREFIX=/home/ishin/Documents/cmr/driverless_py/driverless/driverless_ws/install/common
[0.090s] -- Found ament_cmake: 2.0.2 (/opt/ros/iron/share/ament_cmake/cmake)
[1.437s] -- Found Python3: /home/ishin/Documents/cmr/driverless_py/bin/python3.11 (found version "3.11.3") found components: Interpreter 
[1.543s] -- Found ament_lint_auto: 0.14.1 (/opt/ros/iron/share/ament_lint_auto/cmake)
[1.686s] -- Added test 'copyright' to check source files copyright and LICENSE
[1.687s] -- Added test 'lint_cmake' to check CMake code style
[1.688s] -- Added test 'xmllint' to check XML markup files
[1.691s] -- Configuring done (1.6s)
[1.694s] -- Generating done (0.0s)
[1.695s] -- Build files have been written to: /home/ishin/Documents/cmr/driverless_py/driverless/driverless_ws/build/common
[1.701s] Invoked command in '/home/ishin/Documents/cmr/driverless_py/driverless/driverless_ws/build/common' returned '0': _=/usr/bin/env /usr/bin/cmake /home/ishin/Documents/cmr/driverless_py/driverless/driverless_ws/src/common -DCMAKE_INSTALL_PREFIX=/home/ishin/Documents/cmr/driverless_py/driverless/driverless_ws/install/common
[1.702s] Invoking command in '/home/ishin/Documents/cmr/driverless_py/driverless/driverless_ws/build/common': _=/usr/bin/env /usr/bin/cmake --build /home/ishin/Documents/cmr/driverless_py/driverless/driverless_ws/build/common -- -j8 -l8
[1.749s] Invoked command in '/home/ishin/Documents/cmr/driverless_py/driverless/driverless_ws/build/common' returned '0': _=/usr/bin/env /usr/bin/cmake --build /home/ishin/Documents/cmr/driverless_py/driverless/driverless_ws/build/common -- -j8 -l8
[1.821s] Invoking command in '/home/ishin/Documents/cmr/driverless_py/driverless/driverless_ws/build/common': _=/usr/bin/env /usr/bin/cmake --install /home/ishin/Documents/cmr/driverless_py/driverless/driverless_ws/build/common
[1.828s] -- Install configuration: ""
[1.828s] -- Installing: /home/ishin/Documents/cmr/driverless_py/driverless/driverless_ws/install/common/share/ament_index/resource_index/package_run_dependencies/common
[1.828s] -- Installing: /home/ishin/Documents/cmr/driverless_py/driverless/driverless_ws/install/common/share/ament_index/resource_index/parent_prefix_path/common
[1.828s] -- Installing: /home/ishin/Documents/cmr/driverless_py/driverless/driverless_ws/install/common/share/common/environment/ament_prefix_path.sh
[1.828s] -- Installing: /home/ishin/Documents/cmr/driverless_py/driverless/driverless_ws/install/common/share/common/environment/ament_prefix_path.dsv
[1.828s] -- Installing: /home/ishin/Documents/cmr/driverless_py/driverless/driverless_ws/install/common/share/common/environment/path.sh
[1.828s] -- Installing: /home/ishin/Documents/cmr/driverless_py/driverless/driverless_ws/install/common/share/common/environment/path.dsv
[1.828s] -- Installing: /home/ishin/Documents/cmr/driverless_py/driverless/driverless_ws/install/common/share/common/local_setup.bash
[1.828s] -- Installing: /home/ishin/Documents/cmr/driverless_py/driverless/driverless_ws/install/common/share/common/local_setup.sh
[1.831s] -- Installing: /home/ishin/Documents/cmr/driverless_py/driverless/driverless_ws/install/common/share/common/local_setup.zsh
[1.831s] -- Installing: /home/ishin/Documents/cmr/driverless_py/driverless/driverless_ws/install/common/share/common/local_setup.dsv
[1.831s] -- Installing: /home/ishin/Documents/cmr/driverless_py/driverless/driverless_ws/install/common/share/common/package.dsv
[1.832s] -- Installing: /home/ishin/Documents/cmr/driverless_py/driverless/driverless_ws/install/common/share/ament_index/resource_index/packages/common
[1.832s] -- Installing: /home/ishin/Documents/cmr/driverless_py/driverless/driverless_ws/install/common/share/common/cmake/commonConfig.cmake
[1.833s] -- Installing: /home/ishin/Documents/cmr/driverless_py/driverless/driverless_ws/install/common/share/common/cmake/commonConfig-version.cmake
[1.833s] -- Installing: /home/ishin/Documents/cmr/driverless_py/driverless/driverless_ws/install/common/share/common/package.xml
[1.890s] Invoked command in '/home/ishin/Documents/cmr/driverless_py/driverless/driverless_ws/build/common' returned '0': _=/usr/bin/env /usr/bin/cmake --install /home/ishin/Documents/cmr/driverless_py/driverless/driverless_ws/build/common
