[0.257s] Invoking command in '/home/andrewwhong/workspace/driverless/driverless_ws/src/build/planning': AMENT_PREFIX_PATH=/home/andrewwhong/workspace/driverless/driverless_ws/src/install/eufs_msgs:${AMENT_PREFIX_PATH} CMAKE_PREFIX_PATH=/home/andrewwhong/workspace/driverless/driverless_ws/src/install/eufs_msgs:/home/andrewwhong/workspace/driverless/driverless_ws/install/perceptions:/home/andrewwhong/workspace/driverless/driverless_ws/install/interfaces:/home/andrewwhong/workspace/driverless/driverless_ws/install/eufs_msgs:/home/andrewwhong/workspace/driverless/driverless_ws/install/controls:/home/andrewwhong/workspace/driverless/driverless_ws/install/common:/home/andrewwhong/workspace/driverless/driverless_ws/install/collection:/home/andrewwhong/workspace/driverless/driverless_ws/install/actuators:/opt/ros/foxy LD_LIBRARY_PATH=/home/andrewwhong/workspace/driverless/driverless_ws/src/install/eufs_msgs/lib:${LD_LIBRARY_PATH} PYTHONPATH=/home/andrewwhong/workspace/driverless/driverless_ws/src/install/eufs_msgs/lib/python3.8/site-packages:${PYTHONPATH} /usr/bin/cmake /home/andrewwhong/workspace/driverless/driverless_ws/src/planning -DCMAKE_INSTALL_PREFIX=/home/andrewwhong/workspace/driverless/driverless_ws/src/install/planning
[0.555s] -- The C compiler identification is GNU 9.4.0
[1.001s] -- The CXX compiler identification is GNU 9.4.0
[1.238s] -- Check for working C compiler: /usr/bin/cc
[1.486s] -- Check for working C compiler: /usr/bin/cc -- works
[1.487s] -- Detecting C compiler ABI info
[1.728s] -- Detecting C compiler ABI info - done
[1.742s] -- Detecting C compile features
[1.743s] -- Detecting C compile features - done
[1.745s] -- Check for working CXX compiler: /usr/bin/c++
[1.986s] -- Check for working CXX compiler: /usr/bin/c++ -- works
[1.988s] -- Detecting CXX compiler ABI info
[2.232s] -- Detecting CXX compiler ABI info - done
[2.246s] -- Detecting CXX compile features
[2.247s] -- Detecting CXX compile features - done
[2.249s] -- Found ament_cmake: 0.9.12 (/opt/ros/foxy/share/ament_cmake/cmake)
[2.277s] -- Found PythonInterp: /usr/bin/python3 (found suitable version "3.8.10", minimum required is "3") 
[2.277s] -- Using PYTHON_EXECUTABLE: /usr/bin/python3
[2.527s] -- Found rclcpp: 2.4.3 (/opt/ros/foxy/share/rclcpp/cmake)
[2.788s] -- Using all available rosidl_typesupport_c: rosidl_typesupport_fastrtps_c;rosidl_typesupport_introspection_c
[2.795s] -- Found rosidl_adapter: 1.3.1 (/opt/ros/foxy/share/rosidl_adapter/cmake)
[4.697s] -- Found OpenSSL: /usr/lib/x86_64-linux-gnu/libcrypto.so (found version "1.1.1f")  
[6.393s] -- Found FastRTPS: /opt/ros/foxy/include  
[9.716s] -- Using all available rosidl_typesupport_cpp: rosidl_typesupport_fastrtps_cpp;rosidl_typesupport_introspection_cpp
[9.772s] -- Found rmw_implementation_cmake: 1.0.4 (/opt/ros/foxy/share/rmw_implementation_cmake/cmake)
[9.774s] -- Using RMW implementation 'rmw_fastrtps_cpp' as default
[9.780s] -- Looking for pthread.h
[9.969s] -- Looking for pthread.h - found
[9.969s] -- Performing Test CMAKE_HAVE_LIBC_PTHREAD
[10.176s] -- Performing Test CMAKE_HAVE_LIBC_PTHREAD - Failed
[10.176s] -- Looking for pthread_create in pthreads
[10.387s] -- Looking for pthread_create in pthreads - not found
[10.388s] -- Looking for pthread_create in pthread
[10.636s] -- Looking for pthread_create in pthread - found
[10.637s] -- Found Threads: TRUE  
[10.823s] -- Found message_filters: 3.2.7 (/opt/ros/foxy/share/message_filters/cmake)
[10.826s] -- Found eufs_msgs: 2.0.0 (/home/andrewwhong/workspace/driverless/driverless_ws/src/install/eufs_msgs/share/eufs_msgs/cmake)
[11.331s] -- Configuring done
[11.340s] -- Generating done
[11.342s] -- Build files have been written to: /home/andrewwhong/workspace/driverless/driverless_ws/src/build/planning
[11.350s] Invoked command in '/home/andrewwhong/workspace/driverless/driverless_ws/src/build/planning' returned '0': AMENT_PREFIX_PATH=/home/andrewwhong/workspace/driverless/driverless_ws/src/install/eufs_msgs:${AMENT_PREFIX_PATH} CMAKE_PREFIX_PATH=/home/andrewwhong/workspace/driverless/driverless_ws/src/install/eufs_msgs:/home/andrewwhong/workspace/driverless/driverless_ws/install/perceptions:/home/andrewwhong/workspace/driverless/driverless_ws/install/interfaces:/home/andrewwhong/workspace/driverless/driverless_ws/install/eufs_msgs:/home/andrewwhong/workspace/driverless/driverless_ws/install/controls:/home/andrewwhong/workspace/driverless/driverless_ws/install/common:/home/andrewwhong/workspace/driverless/driverless_ws/install/collection:/home/andrewwhong/workspace/driverless/driverless_ws/install/actuators:/opt/ros/foxy LD_LIBRARY_PATH=/home/andrewwhong/workspace/driverless/driverless_ws/src/install/eufs_msgs/lib:${LD_LIBRARY_PATH} PYTHONPATH=/home/andrewwhong/workspace/driverless/driverless_ws/src/install/eufs_msgs/lib/python3.8/site-packages:${PYTHONPATH} /usr/bin/cmake /home/andrewwhong/workspace/driverless/driverless_ws/src/planning -DCMAKE_INSTALL_PREFIX=/home/andrewwhong/workspace/driverless/driverless_ws/src/install/planning
[11.353s] Invoking command in '/home/andrewwhong/workspace/driverless/driverless_ws/src/build/planning': AMENT_PREFIX_PATH=/home/andrewwhong/workspace/driverless/driverless_ws/src/install/eufs_msgs:${AMENT_PREFIX_PATH} CMAKE_PREFIX_PATH=/home/andrewwhong/workspace/driverless/driverless_ws/src/install/eufs_msgs:/home/andrewwhong/workspace/driverless/driverless_ws/install/perceptions:/home/andrewwhong/workspace/driverless/driverless_ws/install/interfaces:/home/andrewwhong/workspace/driverless/driverless_ws/install/eufs_msgs:/home/andrewwhong/workspace/driverless/driverless_ws/install/controls:/home/andrewwhong/workspace/driverless/driverless_ws/install/common:/home/andrewwhong/workspace/driverless/driverless_ws/install/collection:/home/andrewwhong/workspace/driverless/driverless_ws/install/actuators:/opt/ros/foxy LD_LIBRARY_PATH=/home/andrewwhong/workspace/driverless/driverless_ws/src/install/eufs_msgs/lib:${LD_LIBRARY_PATH} PYTHONPATH=/home/andrewwhong/workspace/driverless/driverless_ws/src/install/eufs_msgs/lib/python3.8/site-packages:${PYTHONPATH} /usr/bin/cmake --build /home/andrewwhong/workspace/driverless/driverless_ws/src/build/planning -- -j12 -l12
[11.390s] [35m[1mScanning dependencies of target slam_test[0m
[11.506s] [ 50%] [32mBuilding CXX object CMakeFiles/slam_test.dir/src/EKF_SLAM.cpp.o[0m
[13.173s] In file included from [01m[K/opt/ros/foxy/include/message_filters/synchronizer.h:47[m[K,
[13.173s]                  from [01m[K/home/andrewwhong/workspace/driverless/driverless_ws/src/planning/src/EKF_SLAM.cpp:6[m[K:
[13.173s] /opt/ros/foxy/include/message_filters/signal9.h: In instantiation of ‘[01m[Kmessage_filters::Connection message_filters::Signal9<M0, M1, M2, M3, M4, M5, M6, M7, M8>::addCallback(C&) [with C = const std::_Bind<void (SLAMValidation::*(SLAMValidation*, std::_Placeholder<1>, std::_Placeholder<2>))(std::shared_ptr<eufs_msgs::msg::ConeArrayWithCovariance_<std::allocator<void> > >, std::shared_ptr<eufs_msgs::msg::CarState_<std::allocator<void> > >) const>; M0 = eufs_msgs::msg::ConeArrayWithCovariance_<std::allocator<void> >; M1 = eufs_msgs::msg::CarState_<std::allocator<void> >; M2 = message_filters::NullType; M3 = message_filters::NullType; M4 = message_filters::NullType; M5 = message_filters::NullType; M6 = message_filters::NullType; M7 = message_filters::NullType; M8 = message_filters::NullType][m[K’:
[13.173s] [01m[K/opt/ros/foxy/include/message_filters/synchronizer.h:298:40:[m[K   required from ‘[01m[Kmessage_filters::Connection message_filters::Synchronizer<Policy>::registerCallback(const C&) [with C = std::_Bind<void (SLAMValidation::*(SLAMValidation*, std::_Placeholder<1>, std::_Placeholder<2>))(std::shared_ptr<eufs_msgs::msg::ConeArrayWithCovariance_<std::allocator<void> > >, std::shared_ptr<eufs_msgs::msg::CarState_<std::allocator<void> > >) const>; Policy = message_filters::sync_policies::ApproximateTime<eufs_msgs::msg::ConeArrayWithCovariance_<std::allocator<void> >, eufs_msgs::msg::CarState_<std::allocator<void> > >][m[K’
[13.174s] [01m[K/home/andrewwhong/workspace/driverless/driverless_ws/src/planning/src/EKF_SLAM.cpp:28:124:[m[K   required from here
[13.174s] [01m[K/opt/ros/foxy/include/message_filters/signal9.h:280:267:[m[K [01;31m[Kerror: [m[Kno matching function for call to ‘[01m[Kmessage_filters::Signal9<eufs_msgs::msg::ConeArrayWithCovariance_<std::allocator<void> >, eufs_msgs::msg::CarState_<std::allocator<void> >, message_filters::NullType, message_filters::NullType, message_filters::NullType, message_filters::NullType, message_filters::NullType, message_filters::NullType, message_filters::NullType>::addCallback<const M0ConstPtr&, const M1ConstPtr&, const M2ConstPtr&, const M3ConstPtr&, const M4ConstPtr&, const M5ConstPtr&, const M6ConstPtr&, const M7ConstPtr&, const M8ConstPtr&>(std::_Bind_helper<false, const std::_Bind<void (SLAMValidation::*(SLAMValidation*, std::_Placeholder<1>, std::_Placeholder<2>))(std::shared_ptr<eufs_msgs::msg::ConeArrayWithCovariance_<std::allocator<void> > >, std::shared_ptr<eufs_msgs::msg::CarState_<std::allocator<void> > >) const>&, const std::_Placeholder<1>&, const std::_Placeholder<2>&, const std::_Placeholder<3>&, const std::_Placeholder<4>&, const std::_Placeholder<5>&, const std::_Placeholder<6>&, const std::_Placeholder<7>&, const std::_Placeholder<8>&, const std::_Placeholder<9>&>::type)[m[K’
[13.174s]   280 | placeholders::_4, std::placeholders::_5, std::placeholders::_6, std::placeholders::_7, std::placeholders::_8, std::placeholders::_9)[01;31m[K)[m[K;
[13.174s]       |                                                                                                                                     [01;31m[K^[m[K
[13.174s] 
[13.174s] In file included from [01m[K/opt/ros/foxy/include/message_filters/synchronizer.h:47[m[K,
[13.174s]                  from [01m[K/home/andrewwhong/workspace/driverless/driverless_ws/src/planning/src/EKF_SLAM.cpp:6[m[K:
[13.174s] [01m[K/opt/ros/foxy/include/message_filters/signal9.h:170:14:[m[K [01;36m[Knote: [m[Kcandidate: ‘[01m[Kmessage_filters::Connection message_filters::Signal9<M0, M1, M2, M3, M4, M5, M6, M7, M8>::addCallback(const std::function<void(P0, P1, P2, P3, P4, P5, P6, P7, P8)>&) [with P0 = const std::shared_ptr<const eufs_msgs::msg::ConeArrayWithCovariance_<std::allocator<void> > >&; P1 = const std::shared_ptr<const eufs_msgs::msg::CarState_<std::allocator<void> > >&; P2 = const std::shared_ptr<const message_filters::NullType>&; P3 = const std::shared_ptr<const message_filters::NullType>&; P4 = const std::shared_ptr<const message_filters::NullType>&; P5 = const std::shared_ptr<const message_filters::NullType>&; P6 = const std::shared_ptr<const message_filters::NullType>&; P7 = const std::shared_ptr<const message_filters::NullType>&; P8 = const std::shared_ptr<const message_filters::NullType>&; M0 = eufs_msgs::msg::ConeArrayWithCovariance_<std::allocator<void> >; M1 = eufs_msgs::msg::CarState_<std::allocator<void> >; M2 = message_filters::NullType; M3 = message_filters::NullType; M4 = message_filters::NullType; M5 = message_filters::NullType; M6 = message_filters::NullType; M7 = message_filters::NullType; M8 = message_filters::NullType][m[K’
[13.174s]   170 |   Connection [01;36m[KaddCallback[m[K(const std::function<void(P0, P1, P2, P3, P4, P5, P6, P7, P8)>& callback)
[13.174s]       |              [01;36m[K^~~~~~~~~~~[m[K
[13.174s] [01m[K/opt/ros/foxy/include/message_filters/signal9.h:170:89:[m[K [01;36m[Knote: [m[K  no known conversion for argument 1 from ‘[01m[Kstd::_Bind_helper<false, const std::_Bind<void (SLAMValidation::*(SLAMValidation*, std::_Placeholder<1>, std::_Placeholder<2>))(std::shared_ptr<eufs_msgs::msg::ConeArrayWithCovariance_<std::allocator<void> > >, std::shared_ptr<eufs_msgs::msg::CarState_<std::allocator<void> > >) const>&, const std::_Placeholder<1>&, const std::_Placeholder<2>&, const std::_Placeholder<3>&, const std::_Placeholder<4>&, const std::_Placeholder<5>&, const std::_Placeholder<6>&, const std::_Placeholder<7>&, const std::_Placeholder<8>&, const std::_Placeholder<9>&>::type[m[K’ {aka ‘[01m[Kstd::_Bind<std::_Bind<void (SLAMValidation::*(SLAMValidation*, std::_Placeholder<1>, std::_Placeholder<2>))(std::shared_ptr<eufs_msgs::msg::ConeArrayWithCovariance_<std::allocator<void> > >, std::shared_ptr<eufs_msgs::msg::CarState_<std::allocator<void> > >) const>(std::_Placeholder<1>, std::_Placeholder<2>, std::_Placeholder<3>, std::_Placeholder<4>, std::_Placeholder<5>, std::_Placeholder<6>, std::_Placeholder<7>, std::_Placeholder<8>, std::_Placeholder<9>)>[m[K’} to ‘[01m[Kconst std::function<void(const std::shared_ptr<const eufs_msgs::msg::ConeArrayWithCovariance_<std::allocator<void> > >&, const std::shared_ptr<const eufs_msgs::msg::CarState_<std::allocator<void> > >&, const std::shared_ptr<const message_filters::NullType>&, const std::shared_ptr<const message_filters::NullType>&, const std::shared_ptr<const message_filters::NullType>&, const std::shared_ptr<const message_filters::NullType>&, const std::shared_ptr<const message_filters::NullType>&, const std::shared_ptr<const message_filters::NullType>&, const std::shared_ptr<const message_filters::NullType>&)>&[m[K’
[13.174s]   170 |   Connection addCallback([01;36m[Kconst std::function<void(P0, P1, P2, P3, P4, P5, P6, P7, P8)>& callback[m[K)
[13.174s]       |                          [01;36m[K~~~~~~~~~~~~~~~~~~~~~~~~~~~~~~~~~~~~~~~~~~~~~~~~~~~~~~~~~~~~~~~^~~~~~~~[m[K
[13.174s] [01m[K/opt/ros/foxy/include/message_filters/signal9.h:180:14:[m[K [01;36m[Knote: [m[Kcandidate: ‘[01m[Ktemplate<class P0, class P1> message_filters::Connection message_filters::Signal9<M0, M1, M2, M3, M4, M5, M6, M7, M8>::addCallback(void (*)(P0, P1)) [with P0 = P0; P1 = P1; M0 = eufs_msgs::msg::ConeArrayWithCovariance_<std::allocator<void> >; M1 = eufs_msgs::msg::CarState_<std::allocator<void> >; M2 = message_filters::NullType; M3 = message_filters::NullType; M4 = message_filters::NullType; M5 = message_filters::NullType; M6 = message_filters::NullType; M7 = message_filters::NullType; M8 = message_filters::NullType][m[K’
[13.175s]   180 |   Connection [01;36m[KaddCallback[m[K(void(*callback)(P0, P1))
[13.175s]       |              [01;36m[K^~~~~~~~~~~[m[K
[13.175s] [01m[K/opt/ros/foxy/include/message_filters/signal9.h:180:14:[m[K [01;36m[Knote: [m[K  template argument deduction/substitution failed:
[13.175s] In file included from [01m[K/opt/ros/foxy/include/message_filters/synchronizer.h:47[m[K,
[13.175s]                  from [01m[K/home/andrewwhong/workspace/driverless/driverless_ws/src/planning/src/EKF_SLAM.cpp:6[m[K:
[13.175s] [01m[K/opt/ros/foxy/include/message_filters/signal9.h:280:267:[m[K [01;31m[Kerror: [m[Kwrong number of template arguments (9, should be 2)
[13.175s]   280 | placeholders::_4, std::placeholders::_5, std::placeholders::_6, std::placeholders::_7, std::placeholders::_8, std::placeholders::_9)[01;31m[K)[m[K;
[13.175s]       |                                                                                                                                     [01;31m[K^[m[K
[13.175s] 
[13.175s] In file included from [01m[K/opt/ros/foxy/include/message_filters/synchronizer.h:47[m[K,
[13.175s]                  from [01m[K/home/andrewwhong/workspace/driverless/driverless_ws/src/planning/src/EKF_SLAM.cpp:6[m[K:
[13.175s] [01m[K/opt/ros/foxy/include/message_filters/signal9.h:186:14:[m[K [01;36m[Knote: [m[Kcandidate: ‘[01m[Ktemplate<class P0, class P1, class P2> message_filters::Connection message_filters::Signal9<M0, M1, M2, M3, M4, M5, M6, M7, M8>::addCallback(void (*)(P0, P1, P2)) [with P0 = P0; P1 = P1; P2 = P2; M0 = eufs_msgs::msg::ConeArrayWithCovariance_<std::allocator<void> >; M1 = eufs_msgs::msg::CarState_<std::allocator<void> >; M2 = message_filters::NullType; M3 = message_filters::NullType; M4 = message_filters::NullType; M5 = message_filters::NullType; M6 = message_filters::NullType; M7 = message_filters::NullType; M8 = message_filters::NullType][m[K’
[13.175s]   186 |   Connection [01;36m[KaddCallback[m[K(void(*callback)(P0, P1, P2))
[13.175s]       |              [01;36m[K^~~~~~~~~~~[m[K
[13.175s] [01m[K/opt/ros/foxy/include/message_filters/signal9.h:186:14:[m[K [01;36m[Knote: [m[K  template argument deduction/substitution failed:
[13.176s] In file included from [01m[K/opt/ros/foxy/include/message_filters/synchronizer.h:47[m[K,
[13.176s]                  from [01m[K/home/andrewwhong/workspace/driverless/driverless_ws/src/planning/src/EKF_SLAM.cpp:6[m[K:
[13.176s] [01m[K/opt/ros/foxy/include/message_filters/signal9.h:280:267:[m[K [01;31m[Kerror: [m[Kwrong number of template arguments (9, should be 3)
[13.176s]   280 | placeholders::_4, std::placeholders::_5, std::placeholders::_6, std::placeholders::_7, std::placeholders::_8, std::placeholders::_9)[01;31m[K)[m[K;
[13.176s]       |                                                                                                                                     [01;31m[K^[m[K
[13.176s] 
[13.176s] In file included from [01m[K/opt/ros/foxy/include/message_filters/synchronizer.h:47[m[K,
[13.176s]                  from [01m[K/home/andrewwhong/workspace/driverless/driverless_ws/src/planning/src/EKF_SLAM.cpp:6[m[K:
[13.176s] [01m[K/opt/ros/foxy/include/message_filters/signal9.h:192:14:[m[K [01;36m[Knote: [m[Kcandidate: ‘[01m[Ktemplate<class P0, class P1, class P2, class P3> message_filters::Connection message_filters::Signal9<M0, M1, M2, M3, M4, M5, M6, M7, M8>::addCallback(void (*)(P0, P1, P2, P3)) [with P0 = P0; P1 = P1; P2 = P2; P3 = P3; M0 = eufs_msgs::msg::ConeArrayWithCovariance_<std::allocator<void> >; M1 = eufs_msgs::msg::CarState_<std::allocator<void> >; M2 = message_filters::NullType; M3 = message_filters::NullType; M4 = message_filters::NullType; M5 = message_filters::NullType; M6 = message_filters::NullType; M7 = message_filters::NullType; M8 = message_filters::NullType][m[K’
[13.176s]   192 |   Connection [01;36m[KaddCallback[m[K(void(*callback)(P0, P1, P2, P3))
[13.176s]       |              [01;36m[K^~~~~~~~~~~[m[K
[13.176s] [01m[K/opt/ros/foxy/include/message_filters/signal9.h:192:14:[m[K [01;36m[Knote: [m[K  template argument deduction/substitution failed:
[13.176s] In file included from [01m[K/opt/ros/foxy/include/message_filters/synchronizer.h:47[m[K,
[13.176s]                  from [01m[K/home/andrewwhong/workspace/driverless/driverless_ws/src/planning/src/EKF_SLAM.cpp:6[m[K:
[13.176s] [01m[K/opt/ros/foxy/include/message_filters/signal9.h:280:267:[m[K [01;31m[Kerror: [m[Kwrong number of template arguments (9, should be 4)
[13.177s]   280 | placeholders::_4, std::placeholders::_5, std::placeholders::_6, std::placeholders::_7, std::placeholders::_8, std::placeholders::_9)[01;31m[K)[m[K;
[13.177s]       |                                                                                                                                     [01;31m[K^[m[K
[13.177s] 
[13.177s] In file included from [01m[K/opt/ros/foxy/include/message_filters/synchronizer.h:47[m[K,
[13.177s]                  from [01m[K/home/andrewwhong/workspace/driverless/driverless_ws/src/planning/src/EKF_SLAM.cpp:6[m[K:
[13.177s] [01m[K/opt/ros/foxy/include/message_filters/signal9.h:198:14:[m[K [01;36m[Knote: [m[Kcandidate: ‘[01m[Ktemplate<class P0, class P1, class P2, class P3, class P4> message_filters::Connection message_filters::Signal9<M0, M1, M2, M3, M4, M5, M6, M7, M8>::addCallback(void (*)(P0, P1, P2, P3, P4)) [with P0 = P0; P1 = P1; P2 = P2; P3 = P3; P4 = P4; M0 = eufs_msgs::msg::ConeArrayWithCovariance_<std::allocator<void> >; M1 = eufs_msgs::msg::CarState_<std::allocator<void> >; M2 = message_filters::NullType; M3 = message_filters::NullType; M4 = message_filters::NullType; M5 = message_filters::NullType; M6 = message_filters::NullType; M7 = message_filters::NullType; M8 = message_filters::NullType][m[K’
[13.177s]   198 |   Connection [01;36m[KaddCallback[m[K(void(*callback)(P0, P1, P2, P3, P4))
[13.177s]       |              [01;36m[K^~~~~~~~~~~[m[K
[13.177s] [01m[K/opt/ros/foxy/include/message_filters/signal9.h:198:14:[m[K [01;36m[Knote: [m[K  template argument deduction/substitution failed:
[13.177s] In file included from [01m[K/opt/ros/foxy/include/message_filters/synchronizer.h:47[m[K,
[13.177s]                  from [01m[K/home/andrewwhong/workspace/driverless/driverless_ws/src/planning/src/EKF_SLAM.cpp:6[m[K:
[13.177s] [01m[K/opt/ros/foxy/include/message_filters/signal9.h:280:267:[m[K [01;31m[Kerror: [m[Kwrong number of template arguments (9, should be 5)
[13.177s]   280 | placeholders::_4, std::placeholders::_5, std::placeholders::_6, std::placeholders::_7, std::placeholders::_8, std::placeholders::_9)[01;31m[K)[m[K;
[13.177s]       |                                                                                                                                     [01;31m[K^[m[K
[13.177s] 
[13.178s] In file included from [01m[K/opt/ros/foxy/include/message_filters/synchronizer.h:47[m[K,
[13.178s]                  from [01m[K/home/andrewwhong/workspace/driverless/driverless_ws/src/planning/src/EKF_SLAM.cpp:6[m[K:
[13.178s] [01m[K/opt/ros/foxy/include/message_filters/signal9.h:204:14:[m[K [01;36m[Knote: [m[Kcandidate: ‘[01m[Ktemplate<class P0, class P1, class P2, class P3, class P4, class P5> message_filters::Connection message_filters::Signal9<M0, M1, M2, M3, M4, M5, M6, M7, M8>::addCallback(void (*)(P0, P1, P2, P3, P4, P5)) [with P0 = P0; P1 = P1; P2 = P2; P3 = P3; P4 = P4; P5 = P5; M0 = eufs_msgs::msg::ConeArrayWithCovariance_<std::allocator<void> >; M1 = eufs_msgs::msg::CarState_<std::allocator<void> >; M2 = message_filters::NullType; M3 = message_filters::NullType; M4 = message_filters::NullType; M5 = message_filters::NullType; M6 = message_filters::NullType; M7 = message_filters::NullType; M8 = message_filters::NullType][m[K’
[13.178s]   204 |   Connection [01;36m[KaddCallback[m[K(void(*callback)(P0, P1, P2, P3, P4, P5))
[13.178s]       |              [01;36m[K^~~~~~~~~~~[m[K
[13.178s] [01m[K/opt/ros/foxy/include/message_filters/signal9.h:204:14:[m[K [01;36m[Knote: [m[K  template argument deduction/substitution failed:
[13.178s] In file included from [01m[K/opt/ros/foxy/include/message_filters/synchronizer.h:47[m[K,
[13.178s]                  from [01m[K/home/andrewwhong/workspace/driverless/driverless_ws/src/planning/src/EKF_SLAM.cpp:6[m[K:
[13.178s] [01m[K/opt/ros/foxy/include/message_filters/signal9.h:280:267:[m[K [01;31m[Kerror: [m[Kwrong number of template arguments (9, should be 6)
[13.178s]   280 | placeholders::_4, std::placeholders::_5, std::placeholders::_6, std::placeholders::_7, std::placeholders::_8, std::placeholders::_9)[01;31m[K)[m[K;
[13.178s]       |                                                                                                                                     [01;31m[K^[m[K
[13.178s] 
[13.178s] In file included from [01m[K/opt/ros/foxy/include/message_filters/synchronizer.h:47[m[K,
[13.178s]                  from [01m[K/home/andrewwhong/workspace/driverless/driverless_ws/src/planning/src/EKF_SLAM.cpp:6[m[K:
[13.178s] [01m[K/opt/ros/foxy/include/message_filters/signal9.h:210:14:[m[K [01;36m[Knote: [m[Kcandidate: ‘[01m[Ktemplate<class P0, class P1, class P2, class P3, class P4, class P5, class P6> message_filters::Connection message_filters::Signal9<M0, M1, M2, M3, M4, M5, M6, M7, M8>::addCallback(void (*)(P0, P1, P2, P3, P4, P5, P6)) [with P0 = P0; P1 = P1; P2 = P2; P3 = P3; P4 = P4; P5 = P5; P6 = P6; M0 = eufs_msgs::msg::ConeArrayWithCovariance_<std::allocator<void> >; M1 = eufs_msgs::msg::CarState_<std::allocator<void> >; M2 = message_filters::NullType; M3 = message_filters::NullType; M4 = message_filters::NullType; M5 = message_filters::NullType; M6 = message_filters::NullType; M7 = message_filters::NullType; M8 = message_filters::NullType][m[K’
[13.179s]   210 |   Connection [01;36m[KaddCallback[m[K(void(*callback)(P0, P1, P2, P3, P4, P5, P6))
[13.179s]       |              [01;36m[K^~~~~~~~~~~[m[K
[13.179s] [01m[K/opt/ros/foxy/include/message_filters/signal9.h:210:14:[m[K [01;36m[Knote: [m[K  template argument deduction/substitution failed:
[13.179s] In file included from [01m[K/opt/ros/foxy/include/message_filters/synchronizer.h:47[m[K,
[13.179s]                  from [01m[K/home/andrewwhong/workspace/driverless/driverless_ws/src/planning/src/EKF_SLAM.cpp:6[m[K:
[13.179s] [01m[K/opt/ros/foxy/include/message_filters/signal9.h:280:267:[m[K [01;31m[Kerror: [m[Kwrong number of template arguments (9, should be 7)
[13.179s]   280 | placeholders::_4, std::placeholders::_5, std::placeholders::_6, std::placeholders::_7, std::placeholders::_8, std::placeholders::_9)[01;31m[K)[m[K;
[13.179s]       |                                                                                                                                     [01;31m[K^[m[K
[13.179s] 
[13.179s] [01m[K/opt/ros/foxy/include/message_filters/signal9.h:216:14:[m[K [01;36m[Knote: [m[Kcandidate: ‘[01m[Ktemplate<class P0, class P1, class P2, class P3, class P4, class P5, class P6, class P7> message_filters::Connection message_filters::Signal9<M0, M1, M2, M3, M4, M5, M6, M7, M8>::addCallback(void (*)(P0, P1, P2, P3, P4, P5, P6, P7)) [with P0 = P0; P1 = P1; P2 = P2; P3 = P3; P4 = P4; P5 = P5; P6 = P6; P7 = P7; M0 = eufs_msgs::msg::ConeArrayWithCovariance_<std::allocator<void> >; M1 = eufs_msgs::msg::CarState_<std::allocator<void> >; M2 = message_filters::NullType; M3 = message_filters::NullType; M4 = message_filters::NullType; M5 = message_filters::NullType; M6 = message_filters::NullType; M7 = message_filters::NullType; M8 = message_filters::NullType][m[K’
[13.179s]   216 |   Connection [01;36m[KaddCallback[m[K(void(*callback)(P0, P1, P2, P3, P4, P5, P6, P7))
[13.179s]       |              [01;36m[K^~~~~~~~~~~[m[K
[13.179s] [01m[K/opt/ros/foxy/include/message_filters/signal9.h:216:14:[m[K [01;36m[Knote: [m[K  template argument deduction/substitution failed:
[13.179s] [01m[K/opt/ros/foxy/include/message_filters/signal9.h:280:267:[m[K [01;31m[Kerror: [m[Kwrong number of template arguments (9, should be 8)
[13.179s]   280 | placeholders::_4, std::placeholders::_5, std::placeholders::_6, std::placeholders::_7, std::placeholders::_8, std::placeholders::_9)[01;31m[K)[m[K;
[13.179s]       |                                                                                                                                     [01;31m[K^[m[K
[13.180s] 
[13.180s] [01m[K/opt/ros/foxy/include/message_filters/signal9.h:222:14:[m[K [01;36m[Knote: [m[Kcandidate: ‘[01m[Kmessage_filters::Connection message_filters::Signal9<M0, M1, M2, M3, M4, M5, M6, M7, M8>::addCallback(void (*)(P0, P1, P2, P3, P4, P5, P6, P7, P8)) [with P0 = const std::shared_ptr<const eufs_msgs::msg::ConeArrayWithCovariance_<std::allocator<void> > >&; P1 = const std::shared_ptr<const eufs_msgs::msg::CarState_<std::allocator<void> > >&; P2 = const std::shared_ptr<const message_filters::NullType>&; P3 = const std::shared_ptr<const message_filters::NullType>&; P4 = const std::shared_ptr<const message_filters::NullType>&; P5 = const std::shared_ptr<const message_filters::NullType>&; P6 = const std::shared_ptr<const message_filters::NullType>&; P7 = const std::shared_ptr<const message_filters::NullType>&; P8 = const std::shared_ptr<const message_filters::NullType>&; M0 = eufs_msgs::msg::ConeArrayWithCovariance_<std::allocator<void> >; M1 = eufs_msgs::msg::CarState_<std::allocator<void> >; M2 = message_filters::NullType; M3 = message_filters::NullType; M4 = message_filters::NullType; M5 = message_filters::NullType; M6 = message_filters::NullType; M7 = message_filters::NullType; M8 = message_filters::NullType][m[K’
[13.180s]   222 |   Connection [01;36m[KaddCallback[m[K(void(*callback)(P0, P1, P2, P3, P4, P5, P6, P7, P8))
[13.180s]       |              [01;36m[K^~~~~~~~~~~[m[K
[13.180s] [01m[K/opt/ros/foxy/include/message_filters/signal9.h:222:32:[m[K [01;36m[Knote: [m[K  no known conversion for argument 1 from ‘[01m[Kstd::_Bind_helper<false, const std::_Bind<void (SLAMValidation::*(SLAMValidation*, std::_Placeholder<1>, std::_Placeholder<2>))(std::shared_ptr<eufs_msgs::msg::ConeArrayWithCovariance_<std::allocator<void> > >, std::shared_ptr<eufs_msgs::msg::CarState_<std::allocator<void> > >) const>&, const std::_Placeholder<1>&, const std::_Placeholder<2>&, const std::_Placeholder<3>&, const std::_Placeholder<4>&, const std::_Placeholder<5>&, const std::_Placeholder<6>&, const std::_Placeholder<7>&, const std::_Placeholder<8>&, const std::_Placeholder<9>&>::type[m[K’ {aka ‘[01m[Kstd::_Bind<std::_Bind<void (SLAMValidation::*(SLAMValidation*, std::_Placeholder<1>, std::_Placeholder<2>))(std::shared_ptr<eufs_msgs::msg::ConeArrayWithCovariance_<std::allocator<void> > >, std::shared_ptr<eufs_msgs::msg::CarState_<std::allocator<void> > >) const>(std::_Placeholder<1>, std::_Placeholder<2>, std::_Placeholder<3>, std::_Placeholder<4>, std::_Placeholder<5>, std::_Placeholder<6>, std::_Placeholder<7>, std::_Placeholder<8>, std::_Placeholder<9>)>[m[K’} to ‘[01m[Kvoid (*)(const std::shared_ptr<const eufs_msgs::msg::ConeArrayWithCovariance_<std::allocator<void> > >&, const std::shared_ptr<const eufs_msgs::msg::CarState_<std::allocator<void> > >&, const std::shared_ptr<const message_filters::NullType>&, const std::shared_ptr<const message_filters::NullType>&, const std::shared_ptr<const message_filters::NullType>&, const std::shared_ptr<const message_filters::NullType>&, const std::shared_ptr<const message_filters::NullType>&, const std::shared_ptr<const message_filters::NullType>&, const std::shared_ptr<const message_filters::NullType>&)[m[K’
[13.180s]   222 |   Connection addCallback([01;36m[Kvoid(*callback)(P0, P1, P2, P3, P4, P5, P6, P7, P8)[m[K)
[13.180s]       |                          [01;36m[K~~~~~~^~~~~~~~~~~~~~~~~~~~~~~~~~~~~~~~~~~~~~~~~~~~~[m[K
[13.180s] [01m[K/opt/ros/foxy/include/message_filters/signal9.h:228:14:[m[K [01;36m[Knote: [m[Kcandidate: ‘[01m[Ktemplate<class T, class P0, class P1> message_filters::Connection message_filters::Signal9<M0, M1, M2, M3, M4, M5, M6, M7, M8>::addCallback(void (T::*)(P0, P1), T*) [with T = T; P0 = P0; P1 = P1; M0 = eufs_msgs::msg::ConeArrayWithCovariance_<std::allocator<void> >; M1 = eufs_msgs::msg::CarState_<std::allocator<void> >; M2 = message_filters::NullType; M3 = message_filters::NullType; M4 = message_filters::NullType; M5 = message_filters::NullType; M6 = message_filters::NullType; M7 = message_filters::NullType; M8 = message_filters::NullType][m[K’
[13.180s]   228 |   Connection [01;36m[KaddCallback[m[K(void(T::*callback)(P0, P1), T* t)
[13.180s]       |              [01;36m[K^~~~~~~~~~~[m[K
[13.180s] [01m[K/opt/ros/foxy/include/message_filters/signal9.h:228:14:[m[K [01;36m[Knote: [m[K  template argument deduction/substitution failed:
[13.180s] [01m[K/opt/ros/foxy/include/message_filters/signal9.h:280:267:[m[K [01;31m[Kerror: [m[Kwrong number of template arguments (9, should be 3)
[13.180s]   280 | placeholders::_4, std::placeholders::_5, std::placeholders::_6, std::placeholders::_7, std::placeholders::_8, std::placeholders::_9)[01;31m[K)[m[K;
[13.180s]       |                                                                                                                                     [01;31m[K^[m[K
[13.181s] 
[13.181s] [01m[K/opt/ros/foxy/include/message_filters/signal9.h:234:14:[m[K [01;36m[Knote: [m[Kcandidate: ‘[01m[Ktemplate<class T, class P0, class P1, class P2> message_filters::Connection message_filters::Signal9<M0, M1, M2, M3, M4, M5, M6, M7, M8>::addCallback(void (T::*)(P0, P1, P2), T*) [with T = T; P0 = P0; P1 = P1; P2 = P2; M0 = eufs_msgs::msg::ConeArrayWithCovariance_<std::allocator<void> >; M1 = eufs_msgs::msg::CarState_<std::allocator<void> >; M2 = message_filters::NullType; M3 = message_filters::NullType; M4 = message_filters::NullType; M5 = message_filters::NullType; M6 = message_filters::NullType; M7 = message_filters::NullType; M8 = message_filters::NullType][m[K’
[13.181s]   234 |   Connection [01;36m[KaddCallback[m[K(void(T::*callback)(P0, P1, P2), T* t)
[13.181s]       |              [01;36m[K^~~~~~~~~~~[m[K
[13.181s] [01m[K/opt/ros/foxy/include/message_filters/signal9.h:234:14:[m[K [01;36m[Knote: [m[K  template argument deduction/substitution failed:
[13.181s] [01m[K/opt/ros/foxy/include/message_filters/signal9.h:280:267:[m[K [01;31m[Kerror: [m[Kwrong number of template arguments (9, should be 4)
[13.181s]   280 | placeholders::_4, std::placeholders::_5, std::placeholders::_6, std::placeholders::_7, std::placeholders::_8, std::placeholders::_9)[01;31m[K)[m[K;
[13.181s]       |                                                                                                                                     [01;31m[K^[m[K
[13.181s] 
[13.181s] [01m[K/opt/ros/foxy/include/message_filters/signal9.h:240:14:[m[K [01;36m[Knote: [m[Kcandidate: ‘[01m[Ktemplate<class T, class P0, class P1, class P2, class P3> message_filters::Connection message_filters::Signal9<M0, M1, M2, M3, M4, M5, M6, M7, M8>::addCallback(void (T::*)(P0, P1, P2, P3), T*) [with T = T; P0 = P0; P1 = P1; P2 = P2; P3 = P3; M0 = eufs_msgs::msg::ConeArrayWithCovariance_<std::allocator<void> >; M1 = eufs_msgs::msg::CarState_<std::allocator<void> >; M2 = message_filters::NullType; M3 = message_filters::NullType; M4 = message_filters::NullType; M5 = message_filters::NullType; M6 = message_filters::NullType; M7 = message_filters::NullType; M8 = message_filters::NullType][m[K’
[13.181s]   240 |   Connection [01;36m[KaddCallback[m[K(void(T::*callback)(P0, P1, P2, P3), T* t)
[13.181s]       |              [01;36m[K^~~~~~~~~~~[m[K
[13.181s] [01m[K/opt/ros/foxy/include/message_filters/signal9.h:240:14:[m[K [01;36m[Knote: [m[K  template argument deduction/substitution failed:
[13.181s] [01m[K/opt/ros/foxy/include/message_filters/signal9.h:280:267:[m[K [01;31m[Kerror: [m[Kwrong number of template arguments (9, should be 5)
[13.181s]   280 | placeholders::_4, std::placeholders::_5, std::placeholders::_6, std::placeholders::_7, std::placeholders::_8, std::placeholders::_9)[01;31m[K)[m[K;
[13.182s]       |                                                                                                                                     [01;31m[K^[m[K
[13.182s] 
[13.182s] [01m[K/opt/ros/foxy/include/message_filters/signal9.h:246:14:[m[K [01;36m[Knote: [m[Kcandidate: ‘[01m[Ktemplate<class T, class P0, class P1, class P2, class P3, class P4> message_filters::Connection message_filters::Signal9<M0, M1, M2, M3, M4, M5, M6, M7, M8>::addCallback(void (T::*)(P0, P1, P2, P3, P4), T*) [with T = T; P0 = P0; P1 = P1; P2 = P2; P3 = P3; P4 = P4; M0 = eufs_msgs::msg::ConeArrayWithCovariance_<std::allocator<void> >; M1 = eufs_msgs::msg::CarState_<std::allocator<void> >; M2 = message_filters::NullType; M3 = message_filters::NullType; M4 = message_filters::NullType; M5 = message_filters::NullType; M6 = message_filters::NullType; M7 = message_filters::NullType; M8 = message_filters::NullType][m[K’
[13.182s]   246 |   Connection [01;36m[KaddCallback[m[K(void(T::*callback)(P0, P1, P2, P3, P4), T* t)
[13.182s]       |              [01;36m[K^~~~~~~~~~~[m[K
[13.182s] [01m[K/opt/ros/foxy/include/message_filters/signal9.h:246:14:[m[K [01;36m[Knote: [m[K  template argument deduction/substitution failed:
[13.182s] [01m[K/opt/ros/foxy/include/message_filters/signal9.h:280:267:[m[K [01;31m[Kerror: [m[Kwrong number of template arguments (9, should be 6)
[13.182s]   280 | placeholders::_4, std::placeholders::_5, std::placeholders::_6, std::placeholders::_7, std::placeholders::_8, std::placeholders::_9)[01;31m[K)[m[K;
[13.182s]       |                                                                                                                                     [01;31m[K^[m[K
[13.182s] 
[13.182s] [01m[K/opt/ros/foxy/include/message_filters/signal9.h:252:14:[m[K [01;36m[Knote: [m[Kcandidate: ‘[01m[Ktemplate<class T, class P0, class P1, class P2, class P3, class P4, class P5> message_filters::Connection message_filters::Signal9<M0, M1, M2, M3, M4, M5, M6, M7, M8>::addCallback(void (T::*)(P0, P1, P2, P3, P4, P5), T*) [with T = T; P0 = P0; P1 = P1; P2 = P2; P3 = P3; P4 = P4; P5 = P5; M0 = eufs_msgs::msg::ConeArrayWithCovariance_<std::allocator<void> >; M1 = eufs_msgs::msg::CarState_<std::allocator<void> >; M2 = message_filters::NullType; M3 = message_filters::NullType; M4 = message_filters::NullType; M5 = message_filters::NullType; M6 = message_filters::NullType; M7 = message_filters::NullType; M8 = message_filters::NullType][m[K’
[13.182s]   252 |   Connection [01;36m[KaddCallback[m[K(void(T::*callback)(P0, P1, P2, P3, P4, P5), T* t)
[13.182s]       |              [01;36m[K^~~~~~~~~~~[m[K
[13.182s] [01m[K/opt/ros/foxy/include/message_filters/signal9.h:252:14:[m[K [01;36m[Knote: [m[K  template argument deduction/substitution failed:
[13.182s] [01m[K/opt/ros/foxy/include/message_filters/signal9.h:280:267:[m[K [01;31m[Kerror: [m[Kwrong number of template arguments (9, should be 7)
[13.182s]   280 | placeholders::_4, std::placeholders::_5, std::placeholders::_6, std::placeholders::_7, std::placeholders::_8, std::placeholders::_9)[01;31m[K)[m[K;
[13.183s]       |                                                                                                                                     [01;31m[K^[m[K
[13.183s] 
[13.183s] [01m[K/opt/ros/foxy/include/message_filters/signal9.h:258:14:[m[K [01;36m[Knote: [m[Kcandidate: ‘[01m[Ktemplate<class T, class P0, class P1, class P2, class P3, class P4, class P5, class P6> message_filters::Connection message_filters::Signal9<M0, M1, M2, M3, M4, M5, M6, M7, M8>::addCallback(void (T::*)(P0, P1, P2, P3, P4, P5, P6), T*) [with T = T; P0 = P0; P1 = P1; P2 = P2; P3 = P3; P4 = P4; P5 = P5; P6 = P6; M0 = eufs_msgs::msg::ConeArrayWithCovariance_<std::allocator<void> >; M1 = eufs_msgs::msg::CarState_<std::allocator<void> >; M2 = message_filters::NullType; M3 = message_filters::NullType; M4 = message_filters::NullType; M5 = message_filters::NullType; M6 = message_filters::NullType; M7 = message_filters::NullType; M8 = message_filters::NullType][m[K’
[13.183s]   258 |   Connection [01;36m[KaddCallback[m[K(void(T::*callback)(P0, P1, P2, P3, P4, P5, P6), T* t)
[13.183s]       |              [01;36m[K^~~~~~~~~~~[m[K
[13.183s] [01m[K/opt/ros/foxy/include/message_filters/signal9.h:258:14:[m[K [01;36m[Knote: [m[K  template argument deduction/substitution failed:
[13.183s] [01m[K/opt/ros/foxy/include/message_filters/signal9.h:280:267:[m[K [01;31m[Kerror: [m[Kwrong number of template arguments (9, should be 8)
[13.183s]   280 | placeholders::_4, std::placeholders::_5, std::placeholders::_6, std::placeholders::_7, std::placeholders::_8, std::placeholders::_9)[01;31m[K)[m[K;
[13.183s]       |                                                                                                                                     [01;31m[K^[m[K
[13.183s] 
[13.183s] [01m[K/opt/ros/foxy/include/message_filters/signal9.h:264:14:[m[K [01;36m[Knote: [m[Kcandidate: ‘[01m[Ktemplate<class T, class P0, class P1, class P2, class P3, class P4, class P5, class P6, class P7> message_filters::Connection message_filters::Signal9<M0, M1, M2, M3, M4, M5, M6, M7, M8>::addCallback(void (T::*)(P0, P1, P2, P3, P4, P5, P6, P7), T*) [with T = T; P0 = P0; P1 = P1; P2 = P2; P3 = P3; P4 = P4; P5 = P5; P6 = P6; P7 = P7; M0 = eufs_msgs::msg::ConeArrayWithCovariance_<std::allocator<void> >; M1 = eufs_msgs::msg::CarState_<std::allocator<void> >; M2 = message_filters::NullType; M3 = message_filters::NullType; M4 = message_filters::NullType; M5 = message_filters::NullType; M6 = message_filters::NullType; M7 = message_filters::NullType; M8 = message_filters::NullType][m[K’
[13.183s]   264 |   Connection [01;36m[KaddCallback[m[K(void(T::*callback)(P0, P1, P2, P3, P4, P5, P6, P7), T* t)
[13.183s]       |              [01;36m[K^~~~~~~~~~~[m[K
[13.183s] [01m[K/opt/ros/foxy/include/message_filters/signal9.h:264:14:[m[K [01;36m[Knote: [m[K  template argument deduction/substitution failed:
[13.184s] /opt/ros/foxy/include/message_filters/signal9.h: In substitution of ‘[01m[Ktemplate<class T, class P0, class P1, class P2, class P3, class P4, class P5, class P6, class P7> message_filters::Connection message_filters::Signal9<eufs_msgs::msg::ConeArrayWithCovariance_<std::allocator<void> >, eufs_msgs::msg::CarState_<std::allocator<void> >, message_filters::NullType, message_filters::NullType, message_filters::NullType, message_filters::NullType, message_filters::NullType, message_filters::NullType, message_filters::NullType>::addCallback<T, P0, P1, P2, P3, P4, P5, P6, P7>(void (T::*)(P0, P1, P2, P3, P4, P5, P6, P7), T*) [with T = const std::shared_ptr<const eufs_msgs::msg::ConeArrayWithCovariance_<std::allocator<void> > >&; P0 = const std::shared_ptr<const eufs_msgs::msg::CarState_<std::allocator<void> > >&; P1 = const std::shared_ptr<const message_filters::NullType>&; P2 = const std::shared_ptr<const message_filters::NullType>&; P3 = const std::shared_ptr<const message_filters::NullType>&; P4 = const std::shared_ptr<const message_filters::NullType>&; P5 = const std::shared_ptr<const message_filters::NullType>&; P6 = const std::shared_ptr<const message_filters::NullType>&; P7 = const std::shared_ptr<const message_filters::NullType>&][m[K’:
[13.184s] [01m[K/opt/ros/foxy/include/message_filters/signal9.h:280:267:[m[K   required from ‘[01m[Kmessage_filters::Connection message_filters::Signal9<M0, M1, M2, M3, M4, M5, M6, M7, M8>::addCallback(C&) [with C = const std::_Bind<void (SLAMValidation::*(SLAMValidation*, std::_Placeholder<1>, std::_Placeholder<2>))(std::shared_ptr<eufs_msgs::msg::ConeArrayWithCovariance_<std::allocator<void> > >, std::shared_ptr<eufs_msgs::msg::CarState_<std::allocator<void> > >) const>; M0 = eufs_msgs::msg::ConeArrayWithCovariance_<std::allocator<void> >; M1 = eufs_msgs::msg::CarState_<std::allocator<void> >; M2 = message_filters::NullType; M3 = message_filters::NullType; M4 = message_filters::NullType; M5 = message_filters::NullType; M6 = message_filters::NullType; M7 = message_filters::NullType; M8 = message_filters::NullType][m[K’
[13.184s] [01m[K/opt/ros/foxy/include/message_filters/synchronizer.h:298:40:[m[K   required from ‘[01m[Kmessage_filters::Connection message_filters::Synchronizer<Policy>::registerCallback(const C&) [with C = std::_Bind<void (SLAMValidation::*(SLAMValidation*, std::_Placeholder<1>, std::_Placeholder<2>))(std::shared_ptr<eufs_msgs::msg::ConeArrayWithCovariance_<std::allocator<void> > >, std::shared_ptr<eufs_msgs::msg::CarState_<std::allocator<void> > >) const>; Policy = message_filters::sync_policies::ApproximateTime<eufs_msgs::msg::ConeArrayWithCovariance_<std::allocator<void> >, eufs_msgs::msg::CarState_<std::allocator<void> > >][m[K’
[13.184s] [01m[K/home/andrewwhong/workspace/driverless/driverless_ws/src/planning/src/EKF_SLAM.cpp:28:124:[m[K   required from here
[13.184s] [01m[K/opt/ros/foxy/include/message_filters/signal9.h:264:14:[m[K [01;31m[Kerror: [m[Kforming pointer to reference type ‘[01m[Kconst std::shared_ptr<const eufs_msgs::msg::ConeArrayWithCovariance_<std::allocator<void> > >&[m[K’
[13.184s] /opt/ros/foxy/include/message_filters/signal9.h: In instantiation of ‘[01m[Kmessage_filters::Connection message_filters::Signal9<M0, M1, M2, M3, M4, M5, M6, M7, M8>::addCallback(C&) [with C = const std::_Bind<void (SLAMValidation::*(SLAMValidation*, std::_Placeholder<1>, std::_Placeholder<2>))(std::shared_ptr<eufs_msgs::msg::ConeArrayWithCovariance_<std::allocator<void> > >, std::shared_ptr<eufs_msgs::msg::CarState_<std::allocator<void> > >) const>; M0 = eufs_msgs::msg::ConeArrayWithCovariance_<std::allocator<void> >; M1 = eufs_msgs::msg::CarState_<std::allocator<void> >; M2 = message_filters::NullType; M3 = message_filters::NullType; M4 = message_filters::NullType; M5 = message_filters::NullType; M6 = message_filters::NullType; M7 = message_filters::NullType; M8 = message_filters::NullType][m[K’:
[13.184s] [01m[K/opt/ros/foxy/include/message_filters/synchronizer.h:298:40:[m[K   required from ‘[01m[Kmessage_filters::Connection message_filters::Synchronizer<Policy>::registerCallback(const C&) [with C = std::_Bind<void (SLAMValidation::*(SLAMValidation*, std::_Placeholder<1>, std::_Placeholder<2>))(std::shared_ptr<eufs_msgs::msg::ConeArrayWithCovariance_<std::allocator<void> > >, std::shared_ptr<eufs_msgs::msg::CarState_<std::allocator<void> > >) const>; Policy = message_filters::sync_policies::ApproximateTime<eufs_msgs::msg::ConeArrayWithCovariance_<std::allocator<void> >, eufs_msgs::msg::CarState_<std::allocator<void> > >][m[K’
[13.184s] [01m[K/home/andrewwhong/workspace/driverless/driverless_ws/src/planning/src/EKF_SLAM.cpp:28:124:[m[K   required from here
[13.184s] [01m[K/opt/ros/foxy/include/message_filters/signal9.h:270:14:[m[K [01;36m[Knote: [m[Kcandidate: ‘[01m[Ktemplate<class C> message_filters::Connection message_filters::Signal9<M0, M1, M2, M3, M4, M5, M6, M7, M8>::addCallback(C&) [with C = C; M0 = eufs_msgs::msg::ConeArrayWithCovariance_<std::allocator<void> >; M1 = eufs_msgs::msg::CarState_<std::allocator<void> >; M2 = message_filters::NullType; M3 = message_filters::NullType; M4 = message_filters::NullType; M5 = message_filters::NullType; M6 = message_filters::NullType; M7 = message_filters::NullType; M8 = message_filters::NullType][m[K’
[13.184s]   270 |   Connection [01;36m[KaddCallback[m[K( C& callback)
[13.184s]       |              [01;36m[K^~~~~~~~~~~[m[K
[13.184s] [01m[K/opt/ros/foxy/include/message_filters/signal9.h:270:14:[m[K [01;36m[Knote: [m[K  template argument deduction/substitution failed:
[13.184s] [01m[K/opt/ros/foxy/include/message_filters/signal9.h:280:267:[m[K [01;31m[Kerror: [m[Kwrong number of template arguments (9, should be 1)
[13.184s]   280 | placeholders::_4, std::placeholders::_5, std::placeholders::_6, std::placeholders::_7, std::placeholders::_8, std::placeholders::_9)[01;31m[K)[m[K;
[13.184s]       |                                                                                                                                     [01;31m[K^[m[K
[13.185s] 
[15.556s] make[2]: *** [CMakeFiles/slam_test.dir/build.make:63: CMakeFiles/slam_test.dir/src/EKF_SLAM.cpp.o] Error 1
[15.556s] make[1]: *** [CMakeFiles/Makefile2:78: CMakeFiles/slam_test.dir/all] Error 2
[15.557s] make: *** [Makefile:141: all] Error 2
[15.561s] Invoked command in '/home/andrewwhong/workspace/driverless/driverless_ws/src/build/planning' returned '2': AMENT_PREFIX_PATH=/home/andrewwhong/workspace/driverless/driverless_ws/src/install/eufs_msgs:${AMENT_PREFIX_PATH} CMAKE_PREFIX_PATH=/home/andrewwhong/workspace/driverless/driverless_ws/src/install/eufs_msgs:/home/andrewwhong/workspace/driverless/driverless_ws/install/perceptions:/home/andrewwhong/workspace/driverless/driverless_ws/install/interfaces:/home/andrewwhong/workspace/driverless/driverless_ws/install/eufs_msgs:/home/andrewwhong/workspace/driverless/driverless_ws/install/controls:/home/andrewwhong/workspace/driverless/driverless_ws/install/common:/home/andrewwhong/workspace/driverless/driverless_ws/install/collection:/home/andrewwhong/workspace/driverless/driverless_ws/install/actuators:/opt/ros/foxy LD_LIBRARY_PATH=/home/andrewwhong/workspace/driverless/driverless_ws/src/install/eufs_msgs/lib:${LD_LIBRARY_PATH} PYTHONPATH=/home/andrewwhong/workspace/driverless/driverless_ws/src/install/eufs_msgs/lib/python3.8/site-packages:${PYTHONPATH} /usr/bin/cmake --build /home/andrewwhong/workspace/driverless/driverless_ws/src/build/planning -- -j12 -l12
