[0.084s] Invoking command in '/home/andrewwhong/workspace/driverless/driverless_ws/src/build/collection': CMAKE_PREFIX_PATH=${CMAKE_PREFIX_PATH}:/opt/ros/foxy /usr/bin/cmake --build /home/andrewwhong/workspace/driverless/driverless_ws/src/build/collection -- -j12 -l12
[0.139s] Invoked command in '/home/andrewwhong/workspace/driverless/driverless_ws/src/build/collection' returned '0': CMAKE_PREFIX_PATH=${CMAKE_PREFIX_PATH}:/opt/ros/foxy /usr/bin/cmake --build /home/andrewwhong/workspace/driverless/driverless_ws/src/build/collection -- -j12 -l12
[0.205s] Invoking command in '/home/andrewwhong/workspace/driverless/driverless_ws/src/build/collection': CMAKE_PREFIX_PATH=${CMAKE_PREFIX_PATH}:/opt/ros/foxy /usr/bin/cmake --install /home/andrewwhong/workspace/driverless/driverless_ws/src/build/collection
[0.217s] -- Install configuration: ""
[0.217s] -- Up-to-date: /home/andrewwhong/workspace/driverless/driverless_ws/src/install/collection/share/ament_index/resource_index/package_run_dependencies/collection
[0.217s] -- Up-to-date: /home/andrewwhong/workspace/driverless/driverless_ws/src/install/collection/share/ament_index/resource_index/parent_prefix_path/collection
[0.217s] -- Up-to-date: /home/andrewwhong/workspace/driverless/driverless_ws/src/install/collection/share/collection/environment/ament_prefix_path.sh
[0.217s] -- Up-to-date: /home/andrewwhong/workspace/driverless/driverless_ws/src/install/collection/share/collection/environment/ament_prefix_path.dsv
[0.224s] -- Up-to-date: /home/andrewwhong/workspace/driverless/driverless_ws/src/install/collection/share/collection/environment/path.sh
[0.226s] -- Up-to-date: /home/andrewwhong/workspace/driverless/driverless_ws/src/install/collection/share/collection/environment/path.dsv
[0.227s] -- Up-to-date: /home/andrewwhong/workspace/driverless/driverless_ws/src/install/collection/share/collection/local_setup.bash
[0.229s] -- Up-to-date: /home/andrewwhong/workspace/driverless/driverless_ws/src/install/collection/share/collection/local_setup.sh
[0.230s] -- Up-to-date: /home/andrewwhong/workspace/driverless/driverless_ws/src/install/collection/share/collection/local_setup.zsh
[0.232s] -- Up-to-date: /home/andrewwhong/workspace/driverless/driverless_ws/src/install/collection/share/collection/local_setup.dsv
[0.234s] -- Installing: /home/andrewwhong/workspace/driverless/driverless_ws/src/install/collection/share/collection/package.dsv
[0.234s] -- Up-to-date: /home/andrewwhong/workspace/driverless/driverless_ws/src/install/collection/share/ament_index/resource_index/packages/collection
[0.236s] -- Up-to-date: /home/andrewwhong/workspace/driverless/driverless_ws/src/install/collection/share/collection/cmake/collectionConfig.cmake
[0.237s] -- Up-to-date: /home/andrewwhong/workspace/driverless/driverless_ws/src/install/collection/share/collection/cmake/collectionConfig-version.cmake
[0.238s] -- Up-to-date: /home/andrewwhong/workspace/driverless/driverless_ws/src/install/collection/share/collection/package.xml
[0.272s] Invoked command in '/home/andrewwhong/workspace/driverless/driverless_ws/src/build/collection' returned '0': CMAKE_PREFIX_PATH=${CMAKE_PREFIX_PATH}:/opt/ros/foxy /usr/bin/cmake --install /home/andrewwhong/workspace/driverless/driverless_ws/src/build/collection
