running egg_info
creating ../../../build/cmrdv_common/cmrdv_common.egg-info
writing ../../../build/cmrdv_common/cmrdv_common.egg-info/PKG-INFO
writing dependency_links to ../../../build/cmrdv_common/cmrdv_common.egg-info/dependency_links.txt
writing entry points to ../../../build/cmrdv_common/cmrdv_common.egg-info/entry_points.txt
writing requirements to ../../../build/cmrdv_common/cmrdv_common.egg-info/requires.txt
writing top-level names to ../../../build/cmrdv_common/cmrdv_common.egg-info/top_level.txt
writing manifest file '../../../build/cmrdv_common/cmrdv_common.egg-info/SOURCES.txt'
reading manifest file '../../../build/cmrdv_common/cmrdv_common.egg-info/SOURCES.txt'
writing manifest file '../../../build/cmrdv_common/cmrdv_common.egg-info/SOURCES.txt'
running build
running build_py
creating /driverless/build/cmrdv_common/build
creating /driverless/build/cmrdv_common/build/lib
creating /driverless/build/cmrdv_common/build/lib/cmrdv_common
copying cmrdv_common/conversions.py -> /driverless/build/cmrdv_common/build/lib/cmrdv_common
copying cmrdv_common/__init__.py -> /driverless/build/cmrdv_common/build/lib/cmrdv_common
creating /driverless/build/cmrdv_common/build/lib/cmrdv_common/heartbeat
copying cmrdv_common/heartbeat/global.py -> /driverless/build/cmrdv_common/build/lib/cmrdv_common/heartbeat
copying cmrdv_common/heartbeat/__init__.py -> /driverless/build/cmrdv_common/build/lib/cmrdv_common/heartbeat
copying cmrdv_common/heartbeat/heart.py -> /driverless/build/cmrdv_common/build/lib/cmrdv_common/heartbeat
creating /driverless/build/cmrdv_common/build/lib/cmrdv_common/simulator
copying cmrdv_common/simulator/__init__.py -> /driverless/build/cmrdv_common/build/lib/cmrdv_common/simulator
copying cmrdv_common/simulator/SimVisNode.py -> /driverless/build/cmrdv_common/build/lib/cmrdv_common/simulator
creating /driverless/build/cmrdv_common/build/lib/cmrdv_common/DIM
copying cmrdv_common/DIM/__init__.py -> /driverless/build/cmrdv_common/build/lib/cmrdv_common/DIM
copying cmrdv_common/DIM/dim_heartbeat.py -> /driverless/build/cmrdv_common/build/lib/cmrdv_common/DIM
copying cmrdv_common/DIM/dim_request.py -> /driverless/build/cmrdv_common/build/lib/cmrdv_common/DIM
creating /driverless/build/cmrdv_common/build/lib/cmrdv_common/config
copying cmrdv_common/config/__init__.py -> /driverless/build/cmrdv_common/build/lib/cmrdv_common/config
copying cmrdv_common/config/planning_config.py -> /driverless/build/cmrdv_common/build/lib/cmrdv_common/config
copying cmrdv_common/config/perceptions_config.py -> /driverless/build/cmrdv_common/build/lib/cmrdv_common/config
copying cmrdv_common/config/collection_config.py -> /driverless/build/cmrdv_common/build/lib/cmrdv_common/config
copying cmrdv_common/config/common_config.py -> /driverless/build/cmrdv_common/build/lib/cmrdv_common/config
copying cmrdv_common/config/actuators_config.py -> /driverless/build/cmrdv_common/build/lib/cmrdv_common/config
copying cmrdv_common/config/controls_config.py -> /driverless/build/cmrdv_common/build/lib/cmrdv_common/config
running install
running install_lib
creating /driverless/install/cmrdv_common/lib/python3.8/site-packages/cmrdv_common
creating /driverless/install/cmrdv_common/lib/python3.8/site-packages/cmrdv_common/heartbeat
copying /driverless/build/cmrdv_common/build/lib/cmrdv_common/heartbeat/global.py -> /driverless/install/cmrdv_common/lib/python3.8/site-packages/cmrdv_common/heartbeat
copying /driverless/build/cmrdv_common/build/lib/cmrdv_common/heartbeat/__init__.py -> /driverless/install/cmrdv_common/lib/python3.8/site-packages/cmrdv_common/heartbeat
copying /driverless/build/cmrdv_common/build/lib/cmrdv_common/heartbeat/heart.py -> /driverless/install/cmrdv_common/lib/python3.8/site-packages/cmrdv_common/heartbeat
copying /driverless/build/cmrdv_common/build/lib/cmrdv_common/conversions.py -> /driverless/install/cmrdv_common/lib/python3.8/site-packages/cmrdv_common
copying /driverless/build/cmrdv_common/build/lib/cmrdv_common/__init__.py -> /driverless/install/cmrdv_common/lib/python3.8/site-packages/cmrdv_common
creating /driverless/install/cmrdv_common/lib/python3.8/site-packages/cmrdv_common/simulator
copying /driverless/build/cmrdv_common/build/lib/cmrdv_common/simulator/__init__.py -> /driverless/install/cmrdv_common/lib/python3.8/site-packages/cmrdv_common/simulator
copying /driverless/build/cmrdv_common/build/lib/cmrdv_common/simulator/SimVisNode.py -> /driverless/install/cmrdv_common/lib/python3.8/site-packages/cmrdv_common/simulator
creating /driverless/install/cmrdv_common/lib/python3.8/site-packages/cmrdv_common/DIM
copying /driverless/build/cmrdv_common/build/lib/cmrdv_common/DIM/__init__.py -> /driverless/install/cmrdv_common/lib/python3.8/site-packages/cmrdv_common/DIM
copying /driverless/build/cmrdv_common/build/lib/cmrdv_common/DIM/dim_heartbeat.py -> /driverless/install/cmrdv_common/lib/python3.8/site-packages/cmrdv_common/DIM
copying /driverless/build/cmrdv_common/build/lib/cmrdv_common/DIM/dim_request.py -> /driverless/install/cmrdv_common/lib/python3.8/site-packages/cmrdv_common/DIM
creating /driverless/install/cmrdv_common/lib/python3.8/site-packages/cmrdv_common/config
copying /driverless/build/cmrdv_common/build/lib/cmrdv_common/config/__init__.py -> /driverless/install/cmrdv_common/lib/python3.8/site-packages/cmrdv_common/config
copying /driverless/build/cmrdv_common/build/lib/cmrdv_common/config/planning_config.py -> /driverless/install/cmrdv_common/lib/python3.8/site-packages/cmrdv_common/config
copying /driverless/build/cmrdv_common/build/lib/cmrdv_common/config/perceptions_config.py -> /driverless/install/cmrdv_common/lib/python3.8/site-packages/cmrdv_common/config
copying /driverless/build/cmrdv_common/build/lib/cmrdv_common/config/collection_config.py -> /driverless/install/cmrdv_common/lib/python3.8/site-packages/cmrdv_common/config
copying /driverless/build/cmrdv_common/build/lib/cmrdv_common/config/common_config.py -> /driverless/install/cmrdv_common/lib/python3.8/site-packages/cmrdv_common/config
copying /driverless/build/cmrdv_common/build/lib/cmrdv_common/config/actuators_config.py -> /driverless/install/cmrdv_common/lib/python3.8/site-packages/cmrdv_common/config
copying /driverless/build/cmrdv_common/build/lib/cmrdv_common/config/controls_config.py -> /driverless/install/cmrdv_common/lib/python3.8/site-packages/cmrdv_common/config
byte-compiling /driverless/install/cmrdv_common/lib/python3.8/site-packages/cmrdv_common/heartbeat/global.py to global.cpython-38.pyc
byte-compiling /driverless/install/cmrdv_common/lib/python3.8/site-packages/cmrdv_common/heartbeat/__init__.py to __init__.cpython-38.pyc
byte-compiling /driverless/install/cmrdv_common/lib/python3.8/site-packages/cmrdv_common/heartbeat/heart.py to heart.cpython-38.pyc
byte-compiling /driverless/install/cmrdv_common/lib/python3.8/site-packages/cmrdv_common/conversions.py to conversions.cpython-38.pyc
byte-compiling /driverless/install/cmrdv_common/lib/python3.8/site-packages/cmrdv_common/__init__.py to __init__.cpython-38.pyc
byte-compiling /driverless/install/cmrdv_common/lib/python3.8/site-packages/cmrdv_common/simulator/__init__.py to __init__.cpython-38.pyc
byte-compiling /driverless/install/cmrdv_common/lib/python3.8/site-packages/cmrdv_common/simulator/SimVisNode.py to SimVisNode.cpython-38.pyc
byte-compiling /driverless/install/cmrdv_common/lib/python3.8/site-packages/cmrdv_common/DIM/__init__.py to __init__.cpython-38.pyc
byte-compiling /driverless/install/cmrdv_common/lib/python3.8/site-packages/cmrdv_common/DIM/dim_heartbeat.py to dim_heartbeat.cpython-38.pyc
byte-compiling /driverless/install/cmrdv_common/lib/python3.8/site-packages/cmrdv_common/DIM/dim_request.py to dim_request.cpython-38.pyc
byte-compiling /driverless/install/cmrdv_common/lib/python3.8/site-packages/cmrdv_common/config/__init__.py to __init__.cpython-38.pyc
byte-compiling /driverless/install/cmrdv_common/lib/python3.8/site-packages/cmrdv_common/config/planning_config.py to planning_config.cpython-38.pyc
byte-compiling /driverless/install/cmrdv_common/lib/python3.8/site-packages/cmrdv_common/config/perceptions_config.py to perceptions_config.cpython-38.pyc
byte-compiling /driverless/install/cmrdv_common/lib/python3.8/site-packages/cmrdv_common/config/collection_config.py to collection_config.cpython-38.pyc
byte-compiling /driverless/install/cmrdv_common/lib/python3.8/site-packages/cmrdv_common/config/common_config.py to common_config.cpython-38.pyc
byte-compiling /driverless/install/cmrdv_common/lib/python3.8/site-packages/cmrdv_common/config/actuators_config.py to actuators_config.cpython-38.pyc
byte-compiling /driverless/install/cmrdv_common/lib/python3.8/site-packages/cmrdv_common/config/controls_config.py to controls_config.cpython-38.pyc
running install_data
creating /driverless/install/cmrdv_common/share/ament_index
creating /driverless/install/cmrdv_common/share/ament_index/resource_index
creating /driverless/install/cmrdv_common/share/ament_index/resource_index/packages
copying resource/cmrdv_common -> /driverless/install/cmrdv_common/share/ament_index/resource_index/packages
copying package.xml -> /driverless/install/cmrdv_common/share/cmrdv_common
running install_egg_info
Copying ../../../build/cmrdv_common/cmrdv_common.egg-info to /driverless/install/cmrdv_common/lib/python3.8/site-packages/cmrdv_common-0.0.0-py3.8.egg-info
running install_scripts
Installing dim script to /driverless/install/cmrdv_common/lib/cmrdv_common
Installing dim_heartbeat script to /driverless/install/cmrdv_common/lib/cmrdv_common
Installing dim_request script to /driverless/install/cmrdv_common/lib/cmrdv_common
Installing heartbeat script to /driverless/install/cmrdv_common/lib/cmrdv_common
Installing perceptions script to /driverless/install/cmrdv_common/lib/cmrdv_common
Installing planning script to /driverless/install/cmrdv_common/lib/cmrdv_common
Installing sim_vis script to /driverless/install/cmrdv_common/lib/cmrdv_common
writing list of installed files to '/driverless/build/cmrdv_common/install.log'
