1738435801.6651433 [INFO] [launch]: All log files can be found below /home/chip/Documents/driverless/logs/2025-02-01-13-50-01-663812-chip-9061
1738435801.6653118 [INFO] [launch]: Default logging verbosity is set to INFO
1738435801.7525802 [INFO] [rosbridge_websocket-1]: process started with pid [9063]
1738435801.7527847 [INFO] [rosapi_node-2]: process started with pid [9065]
1738435802.9113164 [rosapi_node-2] Error processing '// generated from rosidl_adapter/resource/msg.idl.em' of 'hesai_ros_driver/LossPacket': '//'
1738435802.9944599 [rosapi_node-2] Traceback (most recent call last):
1738435802.9946988 [rosapi_node-2]   File "/opt/ros/foxy/lib/rosapi/rosapi_node", line 329, in <module>
1738435802.9947870 [rosapi_node-2]     main()
1738435802.9948368 [rosapi_node-2]   File "/opt/ros/foxy/lib/rosapi/rosapi_node", line 321, in main
1738435802.9948835 [rosapi_node-2]     rclpy.spin(node)
1738435802.9949291 [rosapi_node-2]   File "/opt/ros/foxy/lib/python3.8/site-packages/rclpy/__init__.py", line 191, in spin
1738435802.9949732 [rosapi_node-2]     executor.spin_once()
1738435802.9950159 [rosapi_node-2]   File "/opt/ros/foxy/lib/python3.8/site-packages/rclpy/executors.py", line 719, in spin_once
1738435802.9950593 [rosapi_node-2]     raise handler.exception()
1738435802.9951022 [rosapi_node-2]   File "/opt/ros/foxy/lib/python3.8/site-packages/rclpy/task.py", line 239, in __call__
1738435802.9951882 [rosapi_node-2]     self._handler.send(None)
1738435802.9952314 [rosapi_node-2]   File "/opt/ros/foxy/lib/python3.8/site-packages/rclpy/executors.py", line 429, in handler
1738435802.9952738 [rosapi_node-2]     await call_coroutine(entity, arg)
1738435802.9953165 [rosapi_node-2]   File "/opt/ros/foxy/lib/python3.8/site-packages/rclpy/executors.py", line 383, in _execute_service
1738435802.9953592 [rosapi_node-2]     response = await await_or_execute(srv.callback, request, srv.srv_type.Response())
1738435802.9954021 [rosapi_node-2]   File "/opt/ros/foxy/lib/python3.8/site-packages/rclpy/executors.py", line 118, in await_or_execute
1738435802.9954443 [rosapi_node-2]     return callback(*args)
1738435802.9954867 [rosapi_node-2]   File "/opt/ros/foxy/lib/rosapi/rosapi_node", line 171, in get_node_details
1738435802.9955292 [rosapi_node-2]     (
1738435802.9955719 [rosapi_node-2] TypeError: cannot unpack non-iterable NoneType object
1738435803.0511148 [ERROR] [rosapi_node-2]: process has died [pid 9065, exit code 1, cmd '/opt/ros/foxy/lib/rosapi/rosapi_node --ros-args -r __node:=rosapi --params-file /tmp/launch_params_zoy086h2 --params-file /tmp/launch_params_awvv04vc --params-file /tmp/launch_params_ykpspyhh'].
1738435818.0391545 [WARNING] [launch]: user interrupted with ctrl-c (SIGINT)
1738435818.1058481 [INFO] [rosbridge_websocket-1]: process has finished cleanly [pid 9063]
