[0.017s] Invoking command in '/home/ishin/Documents/cmr/driverless_py/driverless/driverless_ws/build/planning': _=/usr/bin/env /usr/bin/cmake /home/ishin/Documents/cmr/driverless_py/driverless/driverless_ws/src/planning -DCMAKE_INSTALL_PREFIX=/home/ishin/Documents/cmr/driverless_py/driverless/driverless_ws/install/planning
[0.036s] [31mCMake Error at CMakeLists.txt:19 (find_package):
[0.036s]   By not providing "Findament_cmake.cmake" in CMAKE_MODULE_PATH this project
[0.036s]   has asked CMake to find a package configuration file provided by
[0.036s]   "ament_cmake", but CMake did not find one.
[0.036s] 
[0.036s]   Could not find a package configuration file provided by "ament_cmake" with
[0.036s]   any of the following names:
[0.036s] 
[0.036s]     ament_cmakeConfig.cmake
[0.036s]     ament_cmake-config.cmake
[0.037s] 
[0.037s]   Add the installation prefix of "ament_cmake" to CMAKE_PREFIX_PATH or set
[0.037s]   "ament_cmake_DIR" to a directory containing one of the above files.  If
[0.037s]   "ament_cmake" provides a separate development package or SDK, be sure it
[0.037s]   has been installed.
[0.037s] 
[0.037s] -- Configuring incomplete, errors occurred!
[0.037s] [0m
[0.038s] Invoked command in '/home/ishin/Documents/cmr/driverless_py/driverless/driverless_ws/build/planning' returned '1': _=/usr/bin/env /usr/bin/cmake /home/ishin/Documents/cmr/driverless_py/driverless/driverless_ws/src/planning -DCMAKE_INSTALL_PREFIX=/home/ishin/Documents/cmr/driverless_py/driverless/driverless_ws/install/planning
