[0.171s] Invoking command in '/home/andrewwhong/workspace/driverless/driverless_ws/src/build/planning': AMENT_PREFIX_PATH=/home/andrewwhong/workspace/driverless/driverless_ws/src/install/eufs_msgs:${AMENT_PREFIX_PATH} CMAKE_PREFIX_PATH=/home/andrewwhong/workspace/driverless/driverless_ws/src/install/eufs_msgs:/home/andrewwhong/workspace/driverless/driverless_ws/install/perceptions:/home/andrewwhong/workspace/driverless/driverless_ws/install/interfaces:/home/andrewwhong/workspace/driverless/driverless_ws/install/eufs_msgs:/home/andrewwhong/workspace/driverless/driverless_ws/install/controls:/home/andrewwhong/workspace/driverless/driverless_ws/install/common:/home/andrewwhong/workspace/driverless/driverless_ws/install/collection:/home/andrewwhong/workspace/driverless/driverless_ws/install/actuators:/opt/ros/foxy LD_LIBRARY_PATH=/home/andrewwhong/workspace/driverless/driverless_ws/src/install/eufs_msgs/lib:${LD_LIBRARY_PATH} PYTHONPATH=/home/andrewwhong/workspace/driverless/driverless_ws/src/install/eufs_msgs/lib/python3.8/site-packages:${PYTHONPATH} /usr/bin/cmake --build /home/andrewwhong/workspace/driverless/driverless_ws/src/build/planning -- -j12 -l12
[0.202s] [35m[1mScanning dependencies of target slam_test[0m
[0.226s] [ 50%] [32mBuilding CXX object CMakeFiles/slam_test.dir/src/EKF_SLAM.cpp.o[0m
[1.505s] [01m[K/home/andrewwhong/workspace/driverless/driverless_ws/src/planning/src/EKF_SLAM.cpp:[m[K In member function ‘[01m[Kvoid SLAMValidation::topic_callback(const ConstSharedPtr&, const ConstSharedPtr&) const[m[K’:
[1.505s] [01m[K/home/andrewwhong/workspace/driverless/driverless_ws/src/planning/src/EKF_SLAM.cpp:62:5:[m[K [01;35m[Kwarning: [m[Kstatement has no effect [[01;35m[K-Wunused-value[m[K]
[1.505s]    62 |     [01;35m[Ktmp_1[m[K;
[1.505s]       |     [01;35m[K^~~~~[m[K
[1.507s] [01m[K/home/andrewwhong/workspace/driverless/driverless_ws/src/planning/src/EKF_SLAM.cpp:63:5:[m[K [01;35m[Kwarning: [m[Kstatement has no effect [[01;35m[K-Wunused-value[m[K]
[1.507s]    63 |     [01;35m[Ktmp_2[m[K;
[1.507s]       |     [01;35m[K^~~~~[m[K
[7.189s] [100%] [32m[1mLinking CXX executable slam_test[0m
[7.620s] [100%] Built target slam_test
[7.634s] Invoked command in '/home/andrewwhong/workspace/driverless/driverless_ws/src/build/planning' returned '0': AMENT_PREFIX_PATH=/home/andrewwhong/workspace/driverless/driverless_ws/src/install/eufs_msgs:${AMENT_PREFIX_PATH} CMAKE_PREFIX_PATH=/home/andrewwhong/workspace/driverless/driverless_ws/src/install/eufs_msgs:/home/andrewwhong/workspace/driverless/driverless_ws/install/perceptions:/home/andrewwhong/workspace/driverless/driverless_ws/install/interfaces:/home/andrewwhong/workspace/driverless/driverless_ws/install/eufs_msgs:/home/andrewwhong/workspace/driverless/driverless_ws/install/controls:/home/andrewwhong/workspace/driverless/driverless_ws/install/common:/home/andrewwhong/workspace/driverless/driverless_ws/install/collection:/home/andrewwhong/workspace/driverless/driverless_ws/install/actuators:/opt/ros/foxy LD_LIBRARY_PATH=/home/andrewwhong/workspace/driverless/driverless_ws/src/install/eufs_msgs/lib:${LD_LIBRARY_PATH} PYTHONPATH=/home/andrewwhong/workspace/driverless/driverless_ws/src/install/eufs_msgs/lib/python3.8/site-packages:${PYTHONPATH} /usr/bin/cmake --build /home/andrewwhong/workspace/driverless/driverless_ws/src/build/planning -- -j12 -l12
[7.657s] Invoking command in '/home/andrewwhong/workspace/driverless/driverless_ws/src/build/planning': AMENT_PREFIX_PATH=/home/andrewwhong/workspace/driverless/driverless_ws/src/install/eufs_msgs:${AMENT_PREFIX_PATH} CMAKE_PREFIX_PATH=/home/andrewwhong/workspace/driverless/driverless_ws/src/install/eufs_msgs:/home/andrewwhong/workspace/driverless/driverless_ws/install/perceptions:/home/andrewwhong/workspace/driverless/driverless_ws/install/interfaces:/home/andrewwhong/workspace/driverless/driverless_ws/install/eufs_msgs:/home/andrewwhong/workspace/driverless/driverless_ws/install/controls:/home/andrewwhong/workspace/driverless/driverless_ws/install/common:/home/andrewwhong/workspace/driverless/driverless_ws/install/collection:/home/andrewwhong/workspace/driverless/driverless_ws/install/actuators:/opt/ros/foxy LD_LIBRARY_PATH=/home/andrewwhong/workspace/driverless/driverless_ws/src/install/eufs_msgs/lib:${LD_LIBRARY_PATH} PYTHONPATH=/home/andrewwhong/workspace/driverless/driverless_ws/src/install/eufs_msgs/lib/python3.8/site-packages:${PYTHONPATH} /usr/bin/cmake --install /home/andrewwhong/workspace/driverless/driverless_ws/src/build/planning
[7.664s] -- Install configuration: ""
[7.664s] -- Installing: /home/andrewwhong/workspace/driverless/driverless_ws/src/install/planning/lib/planning/slam_test
[7.667s] -- Set runtime path of "/home/andrewwhong/workspace/driverless/driverless_ws/src/install/planning/lib/planning/slam_test" to ""
[7.668s] -- Up-to-date: /home/andrewwhong/workspace/driverless/driverless_ws/src/install/planning/share/ament_index/resource_index/package_run_dependencies/planning
[7.668s] -- Up-to-date: /home/andrewwhong/workspace/driverless/driverless_ws/src/install/planning/share/ament_index/resource_index/parent_prefix_path/planning
[7.668s] -- Up-to-date: /home/andrewwhong/workspace/driverless/driverless_ws/src/install/planning/share/planning/environment/ament_prefix_path.sh
[7.668s] -- Up-to-date: /home/andrewwhong/workspace/driverless/driverless_ws/src/install/planning/share/planning/environment/ament_prefix_path.dsv
[7.668s] -- Up-to-date: /home/andrewwhong/workspace/driverless/driverless_ws/src/install/planning/share/planning/environment/path.sh
[7.668s] -- Up-to-date: /home/andrewwhong/workspace/driverless/driverless_ws/src/install/planning/share/planning/environment/path.dsv
[7.668s] -- Up-to-date: /home/andrewwhong/workspace/driverless/driverless_ws/src/install/planning/share/planning/local_setup.bash
[7.668s] -- Up-to-date: /home/andrewwhong/workspace/driverless/driverless_ws/src/install/planning/share/planning/local_setup.sh
[7.669s] -- Up-to-date: /home/andrewwhong/workspace/driverless/driverless_ws/src/install/planning/share/planning/local_setup.zsh
[7.669s] -- Up-to-date: /home/andrewwhong/workspace/driverless/driverless_ws/src/install/planning/share/planning/local_setup.dsv
[7.669s] -- Installing: /home/andrewwhong/workspace/driverless/driverless_ws/src/install/planning/share/planning/package.dsv
[7.669s] -- Up-to-date: /home/andrewwhong/workspace/driverless/driverless_ws/src/install/planning/share/ament_index/resource_index/packages/planning
[7.669s] -- Up-to-date: /home/andrewwhong/workspace/driverless/driverless_ws/src/install/planning/share/planning/cmake/planningConfig.cmake
[7.669s] -- Up-to-date: /home/andrewwhong/workspace/driverless/driverless_ws/src/install/planning/share/planning/cmake/planningConfig-version.cmake
[7.670s] -- Up-to-date: /home/andrewwhong/workspace/driverless/driverless_ws/src/install/planning/share/planning/package.xml
[7.675s] Invoked command in '/home/andrewwhong/workspace/driverless/driverless_ws/src/build/planning' returned '0': AMENT_PREFIX_PATH=/home/andrewwhong/workspace/driverless/driverless_ws/src/install/eufs_msgs:${AMENT_PREFIX_PATH} CMAKE_PREFIX_PATH=/home/andrewwhong/workspace/driverless/driverless_ws/src/install/eufs_msgs:/home/andrewwhong/workspace/driverless/driverless_ws/install/perceptions:/home/andrewwhong/workspace/driverless/driverless_ws/install/interfaces:/home/andrewwhong/workspace/driverless/driverless_ws/install/eufs_msgs:/home/andrewwhong/workspace/driverless/driverless_ws/install/controls:/home/andrewwhong/workspace/driverless/driverless_ws/install/common:/home/andrewwhong/workspace/driverless/driverless_ws/install/collection:/home/andrewwhong/workspace/driverless/driverless_ws/install/actuators:/opt/ros/foxy LD_LIBRARY_PATH=/home/andrewwhong/workspace/driverless/driverless_ws/src/install/eufs_msgs/lib:${LD_LIBRARY_PATH} PYTHONPATH=/home/andrewwhong/workspace/driverless/driverless_ws/src/install/eufs_msgs/lib/python3.8/site-packages:${PYTHONPATH} /usr/bin/cmake --install /home/andrewwhong/workspace/driverless/driverless_ws/src/build/planning
