[0.094s] Invoking command in '/driverless/driverless_ws/build/collection': CMAKE_PREFIX_PATH=/opt/ros/foxy /usr/bin/cmake --build /driverless/driverless_ws/build/collection -- -j8 -l8
[0.148s] Invoked command in '/driverless/driverless_ws/build/collection' returned '0': CMAKE_PREFIX_PATH=/opt/ros/foxy /usr/bin/cmake --build /driverless/driverless_ws/build/collection -- -j8 -l8
[0.198s] Invoking command in '/driverless/driverless_ws/build/collection': CMAKE_PREFIX_PATH=/opt/ros/foxy /usr/bin/cmake --install /driverless/driverless_ws/build/collection
[0.216s] -- Install configuration: ""
[0.218s] -- Execute custom install script
[0.218s] -- Up-to-date symlink: /driverless/driverless_ws/install/collection/share/ament_index/resource_index/package_run_dependencies/collection
[0.218s] -- Up-to-date symlink: /driverless/driverless_ws/install/collection/share/ament_index/resource_index/parent_prefix_path/collection
[0.219s] -- Up-to-date symlink: /driverless/driverless_ws/install/collection/share/collection/environment/ament_prefix_path.sh
[0.219s] -- Up-to-date symlink: /driverless/driverless_ws/install/collection/share/collection/environment/ament_prefix_path.dsv
[0.219s] -- Up-to-date symlink: /driverless/driverless_ws/install/collection/share/collection/environment/path.sh
[0.219s] -- Up-to-date symlink: /driverless/driverless_ws/install/collection/share/collection/environment/path.dsv
[0.219s] -- Up-to-date symlink: /driverless/driverless_ws/install/collection/share/collection/local_setup.bash
[0.219s] -- Up-to-date symlink: /driverless/driverless_ws/install/collection/share/collection/local_setup.sh
[0.220s] -- Up-to-date symlink: /driverless/driverless_ws/install/collection/share/collection/local_setup.zsh
[0.220s] -- Up-to-date symlink: /driverless/driverless_ws/install/collection/share/collection/local_setup.dsv
[0.220s] -- Symlinking: /driverless/driverless_ws/install/collection/share/collection/package.dsv
[0.225s] -- Up-to-date symlink: /driverless/driverless_ws/install/collection/share/ament_index/resource_index/packages/collection
[0.225s] -- Up-to-date symlink: /driverless/driverless_ws/install/collection/share/collection/cmake/collectionConfig.cmake
[0.226s] -- Up-to-date symlink: /driverless/driverless_ws/install/collection/share/collection/cmake/collectionConfig-version.cmake
[0.226s] -- Up-to-date symlink: /driverless/driverless_ws/install/collection/share/collection/package.xml
[0.256s] Invoked command in '/driverless/driverless_ws/build/collection' returned '0': CMAKE_PREFIX_PATH=/opt/ros/foxy /usr/bin/cmake --install /driverless/driverless_ws/build/collection
