[0.088s] Invoking command in '/driverless/driverless_ws/build/actuators': CMAKE_PREFIX_PATH=/opt/ros/foxy /usr/bin/cmake --build /driverless/driverless_ws/build/actuators -- -j8 -l8
[0.135s] Invoked command in '/driverless/driverless_ws/build/actuators' returned '0': CMAKE_PREFIX_PATH=/opt/ros/foxy /usr/bin/cmake --build /driverless/driverless_ws/build/actuators -- -j8 -l8
[0.183s] Invoking command in '/driverless/driverless_ws/build/actuators': CMAKE_PREFIX_PATH=/opt/ros/foxy /usr/bin/cmake --install /driverless/driverless_ws/build/actuators
[0.196s] -- Install configuration: ""
[0.197s] -- Execute custom install script
[0.197s] -- Up-to-date symlink: /driverless/driverless_ws/install/actuators/share/ament_index/resource_index/package_run_dependencies/actuators
[0.197s] -- Up-to-date symlink: /driverless/driverless_ws/install/actuators/share/ament_index/resource_index/parent_prefix_path/actuators
[0.197s] -- Up-to-date symlink: /driverless/driverless_ws/install/actuators/share/actuators/environment/ament_prefix_path.sh
[0.198s] -- Up-to-date symlink: /driverless/driverless_ws/install/actuators/share/actuators/environment/ament_prefix_path.dsv
[0.198s] -- Up-to-date symlink: /driverless/driverless_ws/install/actuators/share/actuators/environment/path.sh
[0.198s] -- Up-to-date symlink: /driverless/driverless_ws/install/actuators/share/actuators/environment/path.dsv
[0.199s] -- Up-to-date symlink: /driverless/driverless_ws/install/actuators/share/actuators/local_setup.bash
[0.199s] -- Up-to-date symlink: /driverless/driverless_ws/install/actuators/share/actuators/local_setup.sh
[0.199s] -- Up-to-date symlink: /driverless/driverless_ws/install/actuators/share/actuators/local_setup.zsh
[0.199s] -- Up-to-date symlink: /driverless/driverless_ws/install/actuators/share/actuators/local_setup.dsv
[0.199s] -- Symlinking: /driverless/driverless_ws/install/actuators/share/actuators/package.dsv
[0.211s] -- Up-to-date symlink: /driverless/driverless_ws/install/actuators/share/ament_index/resource_index/packages/actuators
[0.212s] -- Up-to-date symlink: /driverless/driverless_ws/install/actuators/share/actuators/cmake/actuatorsConfig.cmake
[0.212s] -- Up-to-date symlink: /driverless/driverless_ws/install/actuators/share/actuators/cmake/actuatorsConfig-version.cmake
[0.212s] -- Up-to-date symlink: /driverless/driverless_ws/install/actuators/share/actuators/package.xml
[0.282s] Invoked command in '/driverless/driverless_ws/build/actuators' returned '0': CMAKE_PREFIX_PATH=/opt/ros/foxy /usr/bin/cmake --install /driverless/driverless_ws/build/actuators
