[0.394s] DEBUG:colcon:Command line arguments: ['/usr/bin/colcon', 'build']
[0.394s] DEBUG:colcon:Parsed command line arguments: Namespace(allow_overriding=[], ament_cmake_args=None, base_paths=['.'], build_base='build', catkin_cmake_args=None, catkin_skip_building_tests=False, cmake_args=None, cmake_clean_cache=False, cmake_clean_first=False, cmake_force_configure=False, cmake_target=None, cmake_target_skip_unavailable=False, continue_on_error=False, event_handlers=None, executor='parallel', ignore_user_meta=False, install_base='install', log_base=None, log_level=None, main=<bound method BuildVerb.main of <colcon_core.verb.build.BuildVerb object at 0x7f2b8b83a580>>, merge_install=False, metas=['./colcon.meta'], packages_above=None, packages_above_and_dependencies=None, packages_above_depth=None, packages_end=None, packages_ignore=None, packages_ignore_regex=None, packages_select=None, packages_select_build_failed=False, packages_select_by_dep=None, packages_select_regex=None, packages_select_test_failures=False, packages_skip=None, packages_skip_build_finished=False, packages_skip_by_dep=None, packages_skip_regex=None, packages_skip_test_passed=False, packages_skip_up_to=None, packages_start=None, packages_up_to=None, packages_up_to_regex=None, parallel_workers=12, paths=None, symlink_install=False, test_result_base=None, verb_extension=<colcon_core.verb.build.BuildVerb object at 0x7f2b8b83a580>, verb_name='build', verb_parser=<colcon_defaults.argument_parser.defaults.DefaultArgumentsDecorator object at 0x7f2b8b83aac0>)
[0.423s] Level 1:colcon.colcon_core.package_discovery:discover_packages(colcon_meta) check parameters
[0.423s] Level 1:colcon.colcon_core.package_discovery:discover_packages(recursive) check parameters
[0.423s] Level 1:colcon.colcon_core.package_discovery:discover_packages(ignore) check parameters
[0.423s] Level 1:colcon.colcon_core.package_discovery:discover_packages(path) check parameters
[0.423s] Level 1:colcon.colcon_core.package_discovery:discover_packages(colcon_meta) discover
[0.423s] Level 1:colcon.colcon_core.package_discovery:discover_packages(recursive) discover
[0.423s] INFO:colcon.colcon_core.package_discovery:Crawling recursively for packages in '/home/andrewwhong/workspace/driverless/driverless_ws/src'
[0.423s] Level 1:colcon.colcon_core.package_identification:_identify(.) by extensions ['ignore', 'ignore_ament_install']
[0.423s] Level 1:colcon.colcon_core.package_identification:_identify(.) by extension 'ignore'
[0.423s] Level 1:colcon.colcon_core.package_identification:_identify(.) by extension 'ignore_ament_install'
[0.423s] Level 1:colcon.colcon_core.package_identification:_identify(.) by extensions ['colcon_pkg']
[0.423s] Level 1:colcon.colcon_core.package_identification:_identify(.) by extension 'colcon_pkg'
[0.424s] Level 1:colcon.colcon_core.package_identification:_identify(.) by extensions ['colcon_meta']
[0.424s] Level 1:colcon.colcon_core.package_identification:_identify(.) by extension 'colcon_meta'
[0.424s] Level 1:colcon.colcon_core.package_identification:_identify(.) by extensions ['ros']
[0.424s] Level 1:colcon.colcon_core.package_identification:_identify(.) by extension 'ros'
[0.473s] Level 1:colcon.colcon_core.package_identification:_identify(.) by extensions ['cmake', 'python']
[0.473s] Level 1:colcon.colcon_core.package_identification:_identify(.) by extension 'cmake'
[0.473s] Level 1:colcon.colcon_core.package_identification:_identify(.) by extension 'python'
[0.473s] Level 1:colcon.colcon_core.package_identification:_identify(.) by extensions ['python_setup_py']
[0.473s] Level 1:colcon.colcon_core.package_identification:_identify(.) by extension 'python_setup_py'
[0.473s] Level 1:colcon.colcon_core.package_identification:_identify(actuators) by extensions ['ignore', 'ignore_ament_install']
[0.473s] Level 1:colcon.colcon_core.package_identification:_identify(actuators) by extension 'ignore'
[0.473s] Level 1:colcon.colcon_core.package_identification:_identify(actuators) by extension 'ignore_ament_install'
[0.473s] Level 1:colcon.colcon_core.package_identification:_identify(actuators) by extensions ['colcon_pkg']
[0.474s] Level 1:colcon.colcon_core.package_identification:_identify(actuators) by extension 'colcon_pkg'
[0.474s] Level 1:colcon.colcon_core.package_identification:_identify(actuators) by extensions ['colcon_meta']
[0.474s] Level 1:colcon.colcon_core.package_identification:_identify(actuators) by extension 'colcon_meta'
[0.474s] Level 1:colcon.colcon_core.package_identification:_identify(actuators) by extensions ['ros']
[0.474s] Level 1:colcon.colcon_core.package_identification:_identify(actuators) by extension 'ros'
[0.476s] DEBUG:colcon.colcon_core.package_identification:Package 'actuators' with type 'ros.ament_cmake' and name 'actuators'
[0.476s] Level 1:colcon.colcon_core.package_identification:_identify(build) by extensions ['ignore', 'ignore_ament_install']
[0.476s] Level 1:colcon.colcon_core.package_identification:_identify(build) by extension 'ignore'
[0.476s] Level 1:colcon.colcon_core.package_identification:_identify(build) ignored
[0.476s] Level 1:colcon.colcon_core.package_identification:_identify(collection) by extensions ['ignore', 'ignore_ament_install']
[0.476s] Level 1:colcon.colcon_core.package_identification:_identify(collection) by extension 'ignore'
[0.476s] Level 1:colcon.colcon_core.package_identification:_identify(collection) by extension 'ignore_ament_install'
[0.477s] Level 1:colcon.colcon_core.package_identification:_identify(collection) by extensions ['colcon_pkg']
[0.477s] Level 1:colcon.colcon_core.package_identification:_identify(collection) by extension 'colcon_pkg'
[0.477s] Level 1:colcon.colcon_core.package_identification:_identify(collection) by extensions ['colcon_meta']
[0.477s] Level 1:colcon.colcon_core.package_identification:_identify(collection) by extension 'colcon_meta'
[0.477s] Level 1:colcon.colcon_core.package_identification:_identify(collection) by extensions ['ros']
[0.477s] Level 1:colcon.colcon_core.package_identification:_identify(collection) by extension 'ros'
[0.477s] DEBUG:colcon.colcon_core.package_identification:Package 'collection' with type 'ros.ament_cmake' and name 'collection'
[0.477s] Level 1:colcon.colcon_core.package_identification:_identify(common) by extensions ['ignore', 'ignore_ament_install']
[0.477s] Level 1:colcon.colcon_core.package_identification:_identify(common) by extension 'ignore'
[0.477s] Level 1:colcon.colcon_core.package_identification:_identify(common) by extension 'ignore_ament_install'
[0.477s] Level 1:colcon.colcon_core.package_identification:_identify(common) by extensions ['colcon_pkg']
[0.477s] Level 1:colcon.colcon_core.package_identification:_identify(common) by extension 'colcon_pkg'
[0.478s] Level 1:colcon.colcon_core.package_identification:_identify(common) by extensions ['colcon_meta']
[0.478s] Level 1:colcon.colcon_core.package_identification:_identify(common) by extension 'colcon_meta'
[0.478s] Level 1:colcon.colcon_core.package_identification:_identify(common) by extensions ['ros']
[0.478s] Level 1:colcon.colcon_core.package_identification:_identify(common) by extension 'ros'
[0.478s] DEBUG:colcon.colcon_core.package_identification:Package 'common' with type 'ros.ament_cmake' and name 'common'
[0.478s] Level 1:colcon.colcon_core.package_identification:_identify(controls) by extensions ['ignore', 'ignore_ament_install']
[0.478s] Level 1:colcon.colcon_core.package_identification:_identify(controls) by extension 'ignore'
[0.478s] Level 1:colcon.colcon_core.package_identification:_identify(controls) by extension 'ignore_ament_install'
[0.478s] Level 1:colcon.colcon_core.package_identification:_identify(controls) by extensions ['colcon_pkg']
[0.478s] Level 1:colcon.colcon_core.package_identification:_identify(controls) by extension 'colcon_pkg'
[0.478s] Level 1:colcon.colcon_core.package_identification:_identify(controls) by extensions ['colcon_meta']
[0.478s] Level 1:colcon.colcon_core.package_identification:_identify(controls) by extension 'colcon_meta'
[0.478s] Level 1:colcon.colcon_core.package_identification:_identify(controls) by extensions ['ros']
[0.478s] Level 1:colcon.colcon_core.package_identification:_identify(controls) by extension 'ros'
[0.479s] DEBUG:colcon.colcon_core.package_identification:Package 'controls' with type 'ros.ament_cmake' and name 'controls'
[0.479s] Level 1:colcon.colcon_core.package_identification:_identify(eufs_msgs) by extensions ['ignore', 'ignore_ament_install']
[0.479s] Level 1:colcon.colcon_core.package_identification:_identify(eufs_msgs) by extension 'ignore'
[0.479s] Level 1:colcon.colcon_core.package_identification:_identify(eufs_msgs) by extension 'ignore_ament_install'
[0.479s] Level 1:colcon.colcon_core.package_identification:_identify(eufs_msgs) by extensions ['colcon_pkg']
[0.479s] Level 1:colcon.colcon_core.package_identification:_identify(eufs_msgs) by extension 'colcon_pkg'
[0.479s] Level 1:colcon.colcon_core.package_identification:_identify(eufs_msgs) by extensions ['colcon_meta']
[0.479s] Level 1:colcon.colcon_core.package_identification:_identify(eufs_msgs) by extension 'colcon_meta'
[0.479s] Level 1:colcon.colcon_core.package_identification:_identify(eufs_msgs) by extensions ['ros']
[0.479s] Level 1:colcon.colcon_core.package_identification:_identify(eufs_msgs) by extension 'ros'
[0.480s] DEBUG:colcon.colcon_core.package_identification:Package 'eufs_msgs' with type 'ros.ament_cmake' and name 'eufs_msgs'
[0.480s] Level 1:colcon.colcon_core.package_identification:_identify(install) by extensions ['ignore', 'ignore_ament_install']
[0.481s] Level 1:colcon.colcon_core.package_identification:_identify(install) by extension 'ignore'
[0.481s] Level 1:colcon.colcon_core.package_identification:_identify(install) ignored
[0.481s] Level 1:colcon.colcon_core.package_identification:_identify(interfaces) by extensions ['ignore', 'ignore_ament_install']
[0.481s] Level 1:colcon.colcon_core.package_identification:_identify(interfaces) by extension 'ignore'
[0.481s] Level 1:colcon.colcon_core.package_identification:_identify(interfaces) by extension 'ignore_ament_install'
[0.481s] Level 1:colcon.colcon_core.package_identification:_identify(interfaces) by extensions ['colcon_pkg']
[0.481s] Level 1:colcon.colcon_core.package_identification:_identify(interfaces) by extension 'colcon_pkg'
[0.481s] Level 1:colcon.colcon_core.package_identification:_identify(interfaces) by extensions ['colcon_meta']
[0.481s] Level 1:colcon.colcon_core.package_identification:_identify(interfaces) by extension 'colcon_meta'
[0.481s] Level 1:colcon.colcon_core.package_identification:_identify(interfaces) by extensions ['ros']
[0.481s] Level 1:colcon.colcon_core.package_identification:_identify(interfaces) by extension 'ros'
[0.481s] DEBUG:colcon.colcon_core.package_identification:Package 'interfaces' with type 'ros.ament_cmake' and name 'interfaces'
[0.482s] Level 1:colcon.colcon_core.package_identification:_identify(log) by extensions ['ignore', 'ignore_ament_install']
[0.482s] Level 1:colcon.colcon_core.package_identification:_identify(log) by extension 'ignore'
[0.482s] Level 1:colcon.colcon_core.package_identification:_identify(log) ignored
[0.482s] Level 1:colcon.colcon_core.package_identification:_identify(perceptions) by extensions ['ignore', 'ignore_ament_install']
[0.482s] Level 1:colcon.colcon_core.package_identification:_identify(perceptions) by extension 'ignore'
[0.482s] Level 1:colcon.colcon_core.package_identification:_identify(perceptions) by extension 'ignore_ament_install'
[0.482s] Level 1:colcon.colcon_core.package_identification:_identify(perceptions) by extensions ['colcon_pkg']
[0.482s] Level 1:colcon.colcon_core.package_identification:_identify(perceptions) by extension 'colcon_pkg'
[0.482s] Level 1:colcon.colcon_core.package_identification:_identify(perceptions) by extensions ['colcon_meta']
[0.482s] Level 1:colcon.colcon_core.package_identification:_identify(perceptions) by extension 'colcon_meta'
[0.482s] Level 1:colcon.colcon_core.package_identification:_identify(perceptions) by extensions ['ros']
[0.482s] Level 1:colcon.colcon_core.package_identification:_identify(perceptions) by extension 'ros'
[0.483s] DEBUG:colcon.colcon_core.package_identification:Package 'perceptions' with type 'ros.ament_cmake' and name 'perceptions'
[0.483s] Level 1:colcon.colcon_core.package_identification:_identify(planning) by extensions ['ignore', 'ignore_ament_install']
[0.483s] Level 1:colcon.colcon_core.package_identification:_identify(planning) by extension 'ignore'
[0.483s] Level 1:colcon.colcon_core.package_identification:_identify(planning) by extension 'ignore_ament_install'
[0.483s] Level 1:colcon.colcon_core.package_identification:_identify(planning) by extensions ['colcon_pkg']
[0.483s] Level 1:colcon.colcon_core.package_identification:_identify(planning) by extension 'colcon_pkg'
[0.483s] Level 1:colcon.colcon_core.package_identification:_identify(planning) by extensions ['colcon_meta']
[0.483s] Level 1:colcon.colcon_core.package_identification:_identify(planning) by extension 'colcon_meta'
[0.483s] Level 1:colcon.colcon_core.package_identification:_identify(planning) by extensions ['ros']
[0.483s] Level 1:colcon.colcon_core.package_identification:_identify(planning) by extension 'ros'
[0.484s] DEBUG:colcon.colcon_core.package_identification:Package 'planning' with type 'ros.ament_cmake' and name 'planning'
[0.484s] Level 1:colcon.colcon_core.package_discovery:discover_packages(recursive) using defaults
[0.484s] Level 1:colcon.colcon_core.package_discovery:discover_packages(ignore) discover
[0.484s] Level 1:colcon.colcon_core.package_discovery:discover_packages(ignore) using defaults
[0.484s] Level 1:colcon.colcon_core.package_discovery:discover_packages(path) discover
[0.484s] Level 1:colcon.colcon_core.package_discovery:discover_packages(path) using defaults
[0.501s] Level 1:colcon.colcon_core.package_discovery:discover_packages(prefix_path) check parameters
[0.501s] Level 1:colcon.colcon_core.package_discovery:discover_packages(prefix_path) discover
[0.503s] WARNING:colcon.colcon_core.prefix_path.colcon:The path '/home/andrewwhong/workspace/driverless/driverless_ws/install' in the environment variable COLCON_PREFIX_PATH doesn't exist
[0.503s] WARNING:colcon.colcon_ros.prefix_path.catkin:The path '/home/andrewwhong/workspace/driverless/driverless_ws/install/perceptions' in the environment variable CMAKE_PREFIX_PATH doesn't exist
[0.503s] WARNING:colcon.colcon_ros.prefix_path.catkin:The path '/home/andrewwhong/workspace/driverless/driverless_ws/install/interfaces' in the environment variable CMAKE_PREFIX_PATH doesn't exist
[0.503s] WARNING:colcon.colcon_ros.prefix_path.catkin:The path '/home/andrewwhong/workspace/driverless/driverless_ws/install/eufs_msgs' in the environment variable CMAKE_PREFIX_PATH doesn't exist
[0.503s] WARNING:colcon.colcon_ros.prefix_path.catkin:The path '/home/andrewwhong/workspace/driverless/driverless_ws/install/controls' in the environment variable CMAKE_PREFIX_PATH doesn't exist
[0.503s] WARNING:colcon.colcon_ros.prefix_path.catkin:The path '/home/andrewwhong/workspace/driverless/driverless_ws/install/common' in the environment variable CMAKE_PREFIX_PATH doesn't exist
[0.503s] WARNING:colcon.colcon_ros.prefix_path.catkin:The path '/home/andrewwhong/workspace/driverless/driverless_ws/install/collection' in the environment variable CMAKE_PREFIX_PATH doesn't exist
[0.503s] WARNING:colcon.colcon_ros.prefix_path.catkin:The path '/home/andrewwhong/workspace/driverless/driverless_ws/install/actuators' in the environment variable CMAKE_PREFIX_PATH doesn't exist
[0.505s] DEBUG:colcon.colcon_installed_package_information.package_discovery:Found 256 installed packages in /opt/ros/foxy
[0.506s] Level 1:colcon.colcon_core.package_discovery:discover_packages(prefix_path) using defaults
[0.574s] Level 5:colcon.colcon_core.verb:set package 'actuators' build argument 'cmake_args' from command line to 'None'
[0.574s] Level 5:colcon.colcon_core.verb:set package 'actuators' build argument 'cmake_target' from command line to 'None'
[0.574s] Level 5:colcon.colcon_core.verb:set package 'actuators' build argument 'cmake_target_skip_unavailable' from command line to 'False'
[0.574s] Level 5:colcon.colcon_core.verb:set package 'actuators' build argument 'cmake_clean_cache' from command line to 'False'
[0.574s] Level 5:colcon.colcon_core.verb:set package 'actuators' build argument 'cmake_clean_first' from command line to 'False'
[0.574s] Level 5:colcon.colcon_core.verb:set package 'actuators' build argument 'cmake_force_configure' from command line to 'False'
[0.574s] Level 5:colcon.colcon_core.verb:set package 'actuators' build argument 'ament_cmake_args' from command line to 'None'
[0.575s] Level 5:colcon.colcon_core.verb:set package 'actuators' build argument 'catkin_cmake_args' from command line to 'None'
[0.575s] Level 5:colcon.colcon_core.verb:set package 'actuators' build argument 'catkin_skip_building_tests' from command line to 'False'
[0.575s] DEBUG:colcon.colcon_core.verb:Building package 'actuators' with the following arguments: {'ament_cmake_args': None, 'build_base': '/home/andrewwhong/workspace/driverless/driverless_ws/src/build/actuators', 'catkin_cmake_args': None, 'catkin_skip_building_tests': False, 'cmake_args': None, 'cmake_clean_cache': False, 'cmake_clean_first': False, 'cmake_force_configure': False, 'cmake_target': None, 'cmake_target_skip_unavailable': False, 'install_base': '/home/andrewwhong/workspace/driverless/driverless_ws/src/install/actuators', 'merge_install': False, 'path': '/home/andrewwhong/workspace/driverless/driverless_ws/src/actuators', 'symlink_install': False, 'test_result_base': None}
[0.576s] Level 5:colcon.colcon_core.verb:set package 'collection' build argument 'cmake_args' from command line to 'None'
[0.576s] Level 5:colcon.colcon_core.verb:set package 'collection' build argument 'cmake_target' from command line to 'None'
[0.576s] Level 5:colcon.colcon_core.verb:set package 'collection' build argument 'cmake_target_skip_unavailable' from command line to 'False'
[0.576s] Level 5:colcon.colcon_core.verb:set package 'collection' build argument 'cmake_clean_cache' from command line to 'False'
[0.576s] Level 5:colcon.colcon_core.verb:set package 'collection' build argument 'cmake_clean_first' from command line to 'False'
[0.576s] Level 5:colcon.colcon_core.verb:set package 'collection' build argument 'cmake_force_configure' from command line to 'False'
[0.576s] Level 5:colcon.colcon_core.verb:set package 'collection' build argument 'ament_cmake_args' from command line to 'None'
[0.576s] Level 5:colcon.colcon_core.verb:set package 'collection' build argument 'catkin_cmake_args' from command line to 'None'
[0.576s] Level 5:colcon.colcon_core.verb:set package 'collection' build argument 'catkin_skip_building_tests' from command line to 'False'
[0.576s] DEBUG:colcon.colcon_core.verb:Building package 'collection' with the following arguments: {'ament_cmake_args': None, 'build_base': '/home/andrewwhong/workspace/driverless/driverless_ws/src/build/collection', 'catkin_cmake_args': None, 'catkin_skip_building_tests': False, 'cmake_args': None, 'cmake_clean_cache': False, 'cmake_clean_first': False, 'cmake_force_configure': False, 'cmake_target': None, 'cmake_target_skip_unavailable': False, 'install_base': '/home/andrewwhong/workspace/driverless/driverless_ws/src/install/collection', 'merge_install': False, 'path': '/home/andrewwhong/workspace/driverless/driverless_ws/src/collection', 'symlink_install': False, 'test_result_base': None}
[0.577s] Level 5:colcon.colcon_core.verb:set package 'common' build argument 'cmake_args' from command line to 'None'
[0.577s] Level 5:colcon.colcon_core.verb:set package 'common' build argument 'cmake_target' from command line to 'None'
[0.577s] Level 5:colcon.colcon_core.verb:set package 'common' build argument 'cmake_target_skip_unavailable' from command line to 'False'
[0.577s] Level 5:colcon.colcon_core.verb:set package 'common' build argument 'cmake_clean_cache' from command line to 'False'
[0.577s] Level 5:colcon.colcon_core.verb:set package 'common' build argument 'cmake_clean_first' from command line to 'False'
[0.577s] Level 5:colcon.colcon_core.verb:set package 'common' build argument 'cmake_force_configure' from command line to 'False'
[0.577s] Level 5:colcon.colcon_core.verb:set package 'common' build argument 'ament_cmake_args' from command line to 'None'
[0.577s] Level 5:colcon.colcon_core.verb:set package 'common' build argument 'catkin_cmake_args' from command line to 'None'
[0.577s] Level 5:colcon.colcon_core.verb:set package 'common' build argument 'catkin_skip_building_tests' from command line to 'False'
[0.578s] DEBUG:colcon.colcon_core.verb:Building package 'common' with the following arguments: {'ament_cmake_args': None, 'build_base': '/home/andrewwhong/workspace/driverless/driverless_ws/src/build/common', 'catkin_cmake_args': None, 'catkin_skip_building_tests': False, 'cmake_args': None, 'cmake_clean_cache': False, 'cmake_clean_first': False, 'cmake_force_configure': False, 'cmake_target': None, 'cmake_target_skip_unavailable': False, 'install_base': '/home/andrewwhong/workspace/driverless/driverless_ws/src/install/common', 'merge_install': False, 'path': '/home/andrewwhong/workspace/driverless/driverless_ws/src/common', 'symlink_install': False, 'test_result_base': None}
[0.579s] Level 5:colcon.colcon_core.verb:set package 'controls' build argument 'cmake_args' from command line to 'None'
[0.579s] Level 5:colcon.colcon_core.verb:set package 'controls' build argument 'cmake_target' from command line to 'None'
[0.579s] Level 5:colcon.colcon_core.verb:set package 'controls' build argument 'cmake_target_skip_unavailable' from command line to 'False'
[0.579s] Level 5:colcon.colcon_core.verb:set package 'controls' build argument 'cmake_clean_cache' from command line to 'False'
[0.579s] Level 5:colcon.colcon_core.verb:set package 'controls' build argument 'cmake_clean_first' from command line to 'False'
[0.579s] Level 5:colcon.colcon_core.verb:set package 'controls' build argument 'cmake_force_configure' from command line to 'False'
[0.579s] Level 5:colcon.colcon_core.verb:set package 'controls' build argument 'ament_cmake_args' from command line to 'None'
[0.579s] Level 5:colcon.colcon_core.verb:set package 'controls' build argument 'catkin_cmake_args' from command line to 'None'
[0.579s] Level 5:colcon.colcon_core.verb:set package 'controls' build argument 'catkin_skip_building_tests' from command line to 'False'
[0.579s] DEBUG:colcon.colcon_core.verb:Building package 'controls' with the following arguments: {'ament_cmake_args': None, 'build_base': '/home/andrewwhong/workspace/driverless/driverless_ws/src/build/controls', 'catkin_cmake_args': None, 'catkin_skip_building_tests': False, 'cmake_args': None, 'cmake_clean_cache': False, 'cmake_clean_first': False, 'cmake_force_configure': False, 'cmake_target': None, 'cmake_target_skip_unavailable': False, 'install_base': '/home/andrewwhong/workspace/driverless/driverless_ws/src/install/controls', 'merge_install': False, 'path': '/home/andrewwhong/workspace/driverless/driverless_ws/src/controls', 'symlink_install': False, 'test_result_base': None}
[0.580s] Level 5:colcon.colcon_core.verb:set package 'eufs_msgs' build argument 'cmake_args' from command line to 'None'
[0.580s] Level 5:colcon.colcon_core.verb:set package 'eufs_msgs' build argument 'cmake_target' from command line to 'None'
[0.580s] Level 5:colcon.colcon_core.verb:set package 'eufs_msgs' build argument 'cmake_target_skip_unavailable' from command line to 'False'
[0.580s] Level 5:colcon.colcon_core.verb:set package 'eufs_msgs' build argument 'cmake_clean_cache' from command line to 'False'
[0.580s] Level 5:colcon.colcon_core.verb:set package 'eufs_msgs' build argument 'cmake_clean_first' from command line to 'False'
[0.580s] Level 5:colcon.colcon_core.verb:set package 'eufs_msgs' build argument 'cmake_force_configure' from command line to 'False'
[0.580s] Level 5:colcon.colcon_core.verb:set package 'eufs_msgs' build argument 'ament_cmake_args' from command line to 'None'
[0.580s] Level 5:colcon.colcon_core.verb:set package 'eufs_msgs' build argument 'catkin_cmake_args' from command line to 'None'
[0.580s] Level 5:colcon.colcon_core.verb:set package 'eufs_msgs' build argument 'catkin_skip_building_tests' from command line to 'False'
[0.581s] DEBUG:colcon.colcon_core.verb:Building package 'eufs_msgs' with the following arguments: {'ament_cmake_args': None, 'build_base': '/home/andrewwhong/workspace/driverless/driverless_ws/src/build/eufs_msgs', 'catkin_cmake_args': None, 'catkin_skip_building_tests': False, 'cmake_args': None, 'cmake_clean_cache': False, 'cmake_clean_first': False, 'cmake_force_configure': False, 'cmake_target': None, 'cmake_target_skip_unavailable': False, 'install_base': '/home/andrewwhong/workspace/driverless/driverless_ws/src/install/eufs_msgs', 'merge_install': False, 'path': '/home/andrewwhong/workspace/driverless/driverless_ws/src/eufs_msgs', 'symlink_install': False, 'test_result_base': None}
[0.581s] Level 5:colcon.colcon_core.verb:set package 'interfaces' build argument 'cmake_args' from command line to 'None'
[0.582s] Level 5:colcon.colcon_core.verb:set package 'interfaces' build argument 'cmake_target' from command line to 'None'
[0.582s] Level 5:colcon.colcon_core.verb:set package 'interfaces' build argument 'cmake_target_skip_unavailable' from command line to 'False'
[0.582s] Level 5:colcon.colcon_core.verb:set package 'interfaces' build argument 'cmake_clean_cache' from command line to 'False'
[0.582s] Level 5:colcon.colcon_core.verb:set package 'interfaces' build argument 'cmake_clean_first' from command line to 'False'
[0.582s] Level 5:colcon.colcon_core.verb:set package 'interfaces' build argument 'cmake_force_configure' from command line to 'False'
[0.582s] Level 5:colcon.colcon_core.verb:set package 'interfaces' build argument 'ament_cmake_args' from command line to 'None'
[0.582s] Level 5:colcon.colcon_core.verb:set package 'interfaces' build argument 'catkin_cmake_args' from command line to 'None'
[0.582s] Level 5:colcon.colcon_core.verb:set package 'interfaces' build argument 'catkin_skip_building_tests' from command line to 'False'
[0.582s] DEBUG:colcon.colcon_core.verb:Building package 'interfaces' with the following arguments: {'ament_cmake_args': None, 'build_base': '/home/andrewwhong/workspace/driverless/driverless_ws/src/build/interfaces', 'catkin_cmake_args': None, 'catkin_skip_building_tests': False, 'cmake_args': None, 'cmake_clean_cache': False, 'cmake_clean_first': False, 'cmake_force_configure': False, 'cmake_target': None, 'cmake_target_skip_unavailable': False, 'install_base': '/home/andrewwhong/workspace/driverless/driverless_ws/src/install/interfaces', 'merge_install': False, 'path': '/home/andrewwhong/workspace/driverless/driverless_ws/src/interfaces', 'symlink_install': False, 'test_result_base': None}
[0.583s] Level 5:colcon.colcon_core.verb:set package 'perceptions' build argument 'cmake_args' from command line to 'None'
[0.583s] Level 5:colcon.colcon_core.verb:set package 'perceptions' build argument 'cmake_target' from command line to 'None'
[0.583s] Level 5:colcon.colcon_core.verb:set package 'perceptions' build argument 'cmake_target_skip_unavailable' from command line to 'False'
[0.583s] Level 5:colcon.colcon_core.verb:set package 'perceptions' build argument 'cmake_clean_cache' from command line to 'False'
[0.583s] Level 5:colcon.colcon_core.verb:set package 'perceptions' build argument 'cmake_clean_first' from command line to 'False'
[0.583s] Level 5:colcon.colcon_core.verb:set package 'perceptions' build argument 'cmake_force_configure' from command line to 'False'
[0.583s] Level 5:colcon.colcon_core.verb:set package 'perceptions' build argument 'ament_cmake_args' from command line to 'None'
[0.583s] Level 5:colcon.colcon_core.verb:set package 'perceptions' build argument 'catkin_cmake_args' from command line to 'None'
[0.583s] Level 5:colcon.colcon_core.verb:set package 'perceptions' build argument 'catkin_skip_building_tests' from command line to 'False'
[0.583s] DEBUG:colcon.colcon_core.verb:Building package 'perceptions' with the following arguments: {'ament_cmake_args': None, 'build_base': '/home/andrewwhong/workspace/driverless/driverless_ws/src/build/perceptions', 'catkin_cmake_args': None, 'catkin_skip_building_tests': False, 'cmake_args': None, 'cmake_clean_cache': False, 'cmake_clean_first': False, 'cmake_force_configure': False, 'cmake_target': None, 'cmake_target_skip_unavailable': False, 'install_base': '/home/andrewwhong/workspace/driverless/driverless_ws/src/install/perceptions', 'merge_install': False, 'path': '/home/andrewwhong/workspace/driverless/driverless_ws/src/perceptions', 'symlink_install': False, 'test_result_base': None}
[0.584s] Level 5:colcon.colcon_core.verb:set package 'planning' build argument 'cmake_args' from command line to 'None'
[0.584s] Level 5:colcon.colcon_core.verb:set package 'planning' build argument 'cmake_target' from command line to 'None'
[0.584s] Level 5:colcon.colcon_core.verb:set package 'planning' build argument 'cmake_target_skip_unavailable' from command line to 'False'
[0.584s] Level 5:colcon.colcon_core.verb:set package 'planning' build argument 'cmake_clean_cache' from command line to 'False'
[0.584s] Level 5:colcon.colcon_core.verb:set package 'planning' build argument 'cmake_clean_first' from command line to 'False'
[0.584s] Level 5:colcon.colcon_core.verb:set package 'planning' build argument 'cmake_force_configure' from command line to 'False'
[0.584s] Level 5:colcon.colcon_core.verb:set package 'planning' build argument 'ament_cmake_args' from command line to 'None'
[0.584s] Level 5:colcon.colcon_core.verb:set package 'planning' build argument 'catkin_cmake_args' from command line to 'None'
[0.584s] Level 5:colcon.colcon_core.verb:set package 'planning' build argument 'catkin_skip_building_tests' from command line to 'False'
[0.584s] DEBUG:colcon.colcon_core.verb:Building package 'planning' with the following arguments: {'ament_cmake_args': None, 'build_base': '/home/andrewwhong/workspace/driverless/driverless_ws/src/build/planning', 'catkin_cmake_args': None, 'catkin_skip_building_tests': False, 'cmake_args': None, 'cmake_clean_cache': False, 'cmake_clean_first': False, 'cmake_force_configure': False, 'cmake_target': None, 'cmake_target_skip_unavailable': False, 'install_base': '/home/andrewwhong/workspace/driverless/driverless_ws/src/install/planning', 'merge_install': False, 'path': '/home/andrewwhong/workspace/driverless/driverless_ws/src/planning', 'symlink_install': False, 'test_result_base': None}
[0.585s] INFO:colcon.colcon_core.executor:Executing jobs using 'parallel' executor
[0.588s] DEBUG:colcon.colcon_parallel_executor.executor.parallel:run_until_complete
[0.589s] INFO:colcon.colcon_ros.task.ament_cmake.build:Building ROS package in '/home/andrewwhong/workspace/driverless/driverless_ws/src/eufs_msgs' with build type 'ament_cmake'
[0.589s] INFO:colcon.colcon_cmake.task.cmake.build:Building CMake package in '/home/andrewwhong/workspace/driverless/driverless_ws/src/eufs_msgs'
[0.594s] INFO:colcon.colcon_core.plugin_system:Skipping extension 'colcon_core.shell.bat': Not used on non-Windows systems
[0.594s] INFO:colcon.colcon_core.shell:Skip shell extension 'powershell' for command environment: Not usable outside of PowerShell
[0.594s] DEBUG:colcon.colcon_core.shell:Skip shell extension 'dsv' for command environment
[0.598s] INFO:colcon.colcon_ros.task.ament_cmake.build:Building ROS package in '/home/andrewwhong/workspace/driverless/driverless_ws/src/actuators' with build type 'ament_cmake'
[0.599s] INFO:colcon.colcon_cmake.task.cmake.build:Building CMake package in '/home/andrewwhong/workspace/driverless/driverless_ws/src/actuators'
[0.600s] INFO:colcon.colcon_core.shell:Skip shell extension 'powershell' for command environment: Not usable outside of PowerShell
[0.600s] DEBUG:colcon.colcon_core.shell:Skip shell extension 'dsv' for command environment
[0.605s] INFO:colcon.colcon_ros.task.ament_cmake.build:Building ROS package in '/home/andrewwhong/workspace/driverless/driverless_ws/src/collection' with build type 'ament_cmake'
[0.605s] INFO:colcon.colcon_cmake.task.cmake.build:Building CMake package in '/home/andrewwhong/workspace/driverless/driverless_ws/src/collection'
[0.607s] INFO:colcon.colcon_core.shell:Skip shell extension 'powershell' for command environment: Not usable outside of PowerShell
[0.607s] DEBUG:colcon.colcon_core.shell:Skip shell extension 'dsv' for command environment
[0.612s] INFO:colcon.colcon_ros.task.ament_cmake.build:Building ROS package in '/home/andrewwhong/workspace/driverless/driverless_ws/src/common' with build type 'ament_cmake'
[0.612s] INFO:colcon.colcon_cmake.task.cmake.build:Building CMake package in '/home/andrewwhong/workspace/driverless/driverless_ws/src/common'
[0.614s] INFO:colcon.colcon_core.shell:Skip shell extension 'powershell' for command environment: Not usable outside of PowerShell
[0.614s] DEBUG:colcon.colcon_core.shell:Skip shell extension 'dsv' for command environment
[0.619s] INFO:colcon.colcon_ros.task.ament_cmake.build:Building ROS package in '/home/andrewwhong/workspace/driverless/driverless_ws/src/controls' with build type 'ament_cmake'
[0.619s] INFO:colcon.colcon_cmake.task.cmake.build:Building CMake package in '/home/andrewwhong/workspace/driverless/driverless_ws/src/controls'
[0.621s] INFO:colcon.colcon_core.shell:Skip shell extension 'powershell' for command environment: Not usable outside of PowerShell
[0.621s] DEBUG:colcon.colcon_core.shell:Skip shell extension 'dsv' for command environment
[0.625s] INFO:colcon.colcon_ros.task.ament_cmake.build:Building ROS package in '/home/andrewwhong/workspace/driverless/driverless_ws/src/interfaces' with build type 'ament_cmake'
[0.626s] INFO:colcon.colcon_cmake.task.cmake.build:Building CMake package in '/home/andrewwhong/workspace/driverless/driverless_ws/src/interfaces'
[0.627s] INFO:colcon.colcon_core.shell:Skip shell extension 'powershell' for command environment: Not usable outside of PowerShell
[0.627s] DEBUG:colcon.colcon_core.shell:Skip shell extension 'dsv' for command environment
[0.631s] INFO:colcon.colcon_ros.task.ament_cmake.build:Building ROS package in '/home/andrewwhong/workspace/driverless/driverless_ws/src/perceptions' with build type 'ament_cmake'
[0.632s] INFO:colcon.colcon_cmake.task.cmake.build:Building CMake package in '/home/andrewwhong/workspace/driverless/driverless_ws/src/perceptions'
[0.634s] INFO:colcon.colcon_core.shell:Skip shell extension 'powershell' for command environment: Not usable outside of PowerShell
[0.634s] DEBUG:colcon.colcon_core.shell:Skip shell extension 'dsv' for command environment
[0.646s] DEBUG:colcon.colcon_core.event_handler.log_command:Invoking command in '/home/andrewwhong/workspace/driverless/driverless_ws/src/build/eufs_msgs': CMAKE_PREFIX_PATH=${CMAKE_PREFIX_PATH}:/opt/ros/foxy /usr/bin/cmake --build /home/andrewwhong/workspace/driverless/driverless_ws/src/build/eufs_msgs -- -j12 -l12
[0.651s] DEBUG:colcon.colcon_core.event_handler.log_command:Invoking command in '/home/andrewwhong/workspace/driverless/driverless_ws/src/build/actuators': CMAKE_PREFIX_PATH=${CMAKE_PREFIX_PATH}:/opt/ros/foxy /usr/bin/cmake --build /home/andrewwhong/workspace/driverless/driverless_ws/src/build/actuators -- -j12 -l12
[0.655s] DEBUG:colcon.colcon_core.event_handler.log_command:Invoking command in '/home/andrewwhong/workspace/driverless/driverless_ws/src/build/collection': CMAKE_PREFIX_PATH=${CMAKE_PREFIX_PATH}:/opt/ros/foxy /usr/bin/cmake --build /home/andrewwhong/workspace/driverless/driverless_ws/src/build/collection -- -j12 -l12
[0.660s] DEBUG:colcon.colcon_core.event_handler.log_command:Invoking command in '/home/andrewwhong/workspace/driverless/driverless_ws/src/build/common': CMAKE_PREFIX_PATH=${CMAKE_PREFIX_PATH}:/opt/ros/foxy /usr/bin/cmake --build /home/andrewwhong/workspace/driverless/driverless_ws/src/build/common -- -j12 -l12
[0.666s] DEBUG:colcon.colcon_core.event_handler.log_command:Invoking command in '/home/andrewwhong/workspace/driverless/driverless_ws/src/build/controls': CMAKE_PREFIX_PATH=${CMAKE_PREFIX_PATH}:/opt/ros/foxy /usr/bin/cmake --build /home/andrewwhong/workspace/driverless/driverless_ws/src/build/controls -- -j12 -l12
[0.672s] DEBUG:colcon.colcon_core.event_handler.log_command:Invoking command in '/home/andrewwhong/workspace/driverless/driverless_ws/src/build/interfaces': CMAKE_PREFIX_PATH=${CMAKE_PREFIX_PATH}:/opt/ros/foxy /usr/bin/cmake --build /home/andrewwhong/workspace/driverless/driverless_ws/src/build/interfaces -- -j12 -l12
[0.683s] DEBUG:colcon.colcon_core.event_handler.log_command:Invoking command in '/home/andrewwhong/workspace/driverless/driverless_ws/src/build/perceptions': CMAKE_PREFIX_PATH=${CMAKE_PREFIX_PATH}:/opt/ros/foxy /usr/bin/cmake --build /home/andrewwhong/workspace/driverless/driverless_ws/src/build/perceptions -- -j12 -l12
[0.693s] DEBUG:colcon.colcon_core.event_handler.log_command:Invoked command in '/home/andrewwhong/workspace/driverless/driverless_ws/src/build/actuators' returned '0': CMAKE_PREFIX_PATH=${CMAKE_PREFIX_PATH}:/opt/ros/foxy /usr/bin/cmake --build /home/andrewwhong/workspace/driverless/driverless_ws/src/build/actuators -- -j12 -l12
[0.700s] DEBUG:colcon.colcon_core.event_handler.log_command:Invoked command in '/home/andrewwhong/workspace/driverless/driverless_ws/src/build/collection' returned '0': CMAKE_PREFIX_PATH=${CMAKE_PREFIX_PATH}:/opt/ros/foxy /usr/bin/cmake --build /home/andrewwhong/workspace/driverless/driverless_ws/src/build/collection -- -j12 -l12
[0.707s] DEBUG:colcon.colcon_core.event_handler.log_command:Invoked command in '/home/andrewwhong/workspace/driverless/driverless_ws/src/build/common' returned '0': CMAKE_PREFIX_PATH=${CMAKE_PREFIX_PATH}:/opt/ros/foxy /usr/bin/cmake --build /home/andrewwhong/workspace/driverless/driverless_ws/src/build/common -- -j12 -l12
[0.717s] DEBUG:colcon.colcon_core.event_handler.log_command:Invoked command in '/home/andrewwhong/workspace/driverless/driverless_ws/src/build/controls' returned '0': CMAKE_PREFIX_PATH=${CMAKE_PREFIX_PATH}:/opt/ros/foxy /usr/bin/cmake --build /home/andrewwhong/workspace/driverless/driverless_ws/src/build/controls -- -j12 -l12
[0.735s] DEBUG:colcon.colcon_core.event_handler.log_command:Invoking command in '/home/andrewwhong/workspace/driverless/driverless_ws/src/build/actuators': CMAKE_PREFIX_PATH=${CMAKE_PREFIX_PATH}:/opt/ros/foxy /usr/bin/cmake --install /home/andrewwhong/workspace/driverless/driverless_ws/src/build/actuators
[0.741s] DEBUG:colcon.colcon_core.event_handler.log_command:Invoked command in '/home/andrewwhong/workspace/driverless/driverless_ws/src/build/interfaces' returned '0': CMAKE_PREFIX_PATH=${CMAKE_PREFIX_PATH}:/opt/ros/foxy /usr/bin/cmake --build /home/andrewwhong/workspace/driverless/driverless_ws/src/build/interfaces -- -j12 -l12
[0.756s] DEBUG:colcon.colcon_core.event_handler.log_command:Invoking command in '/home/andrewwhong/workspace/driverless/driverless_ws/src/build/collection': CMAKE_PREFIX_PATH=${CMAKE_PREFIX_PATH}:/opt/ros/foxy /usr/bin/cmake --install /home/andrewwhong/workspace/driverless/driverless_ws/src/build/collection
[0.762s] DEBUG:colcon.colcon_core.event_handler.log_command:Invoking command in '/home/andrewwhong/workspace/driverless/driverless_ws/src/build/common': CMAKE_PREFIX_PATH=${CMAKE_PREFIX_PATH}:/opt/ros/foxy /usr/bin/cmake --install /home/andrewwhong/workspace/driverless/driverless_ws/src/build/common
[0.763s] DEBUG:colcon.colcon_core.event_handler.log_command:Invoking command in '/home/andrewwhong/workspace/driverless/driverless_ws/src/build/controls': CMAKE_PREFIX_PATH=${CMAKE_PREFIX_PATH}:/opt/ros/foxy /usr/bin/cmake --install /home/andrewwhong/workspace/driverless/driverless_ws/src/build/controls
[0.769s] DEBUG:colcon.colcon_core.event_handler.log_command:Invoked command in '/home/andrewwhong/workspace/driverless/driverless_ws/src/build/perceptions' returned '0': CMAKE_PREFIX_PATH=${CMAKE_PREFIX_PATH}:/opt/ros/foxy /usr/bin/cmake --build /home/andrewwhong/workspace/driverless/driverless_ws/src/build/perceptions -- -j12 -l12
[0.772s] Level 1:colcon.colcon_core.environment:create_environment_scripts_only(actuators)
[0.779s] DEBUG:colcon.colcon_core.event_handler.log_command:Invoked command in '/home/andrewwhong/workspace/driverless/driverless_ws/src/build/actuators' returned '0': CMAKE_PREFIX_PATH=${CMAKE_PREFIX_PATH}:/opt/ros/foxy /usr/bin/cmake --install /home/andrewwhong/workspace/driverless/driverless_ws/src/build/actuators
[0.798s] Level 1:colcon.colcon_core.environment:checking '/home/andrewwhong/workspace/driverless/driverless_ws/src/install/actuators' for CMake module files
[0.801s] Level 1:colcon.colcon_core.environment:checking '/home/andrewwhong/workspace/driverless/driverless_ws/src/install/actuators' for CMake config files
[0.803s] Level 1:colcon.colcon_core.shell:create_environment_hook('actuators', 'cmake_prefix_path')
[0.805s] INFO:colcon.colcon_core.shell:Creating environment hook '/home/andrewwhong/workspace/driverless/driverless_ws/src/install/actuators/share/actuators/hook/cmake_prefix_path.ps1'
[0.806s] INFO:colcon.colcon_core.shell:Creating environment descriptor '/home/andrewwhong/workspace/driverless/driverless_ws/src/install/actuators/share/actuators/hook/cmake_prefix_path.dsv'
[0.807s] INFO:colcon.colcon_core.shell:Creating environment hook '/home/andrewwhong/workspace/driverless/driverless_ws/src/install/actuators/share/actuators/hook/cmake_prefix_path.sh'
[0.808s] Level 1:colcon.colcon_core.environment:checking '/home/andrewwhong/workspace/driverless/driverless_ws/src/install/actuators/bin'
[0.808s] Level 1:colcon.colcon_core.environment:checking '/home/andrewwhong/workspace/driverless/driverless_ws/src/install/actuators/lib/pkgconfig/actuators.pc'
[0.808s] Level 1:colcon.colcon_core.environment:checking '/home/andrewwhong/workspace/driverless/driverless_ws/src/install/actuators/lib/python3.8/site-packages'
[0.809s] Level 1:colcon.colcon_core.environment:checking '/home/andrewwhong/workspace/driverless/driverless_ws/src/install/actuators/bin'
[0.810s] INFO:colcon.colcon_core.shell:Creating package script '/home/andrewwhong/workspace/driverless/driverless_ws/src/install/actuators/share/actuators/package.ps1'
[0.811s] INFO:colcon.colcon_core.shell:Creating package descriptor '/home/andrewwhong/workspace/driverless/driverless_ws/src/install/actuators/share/actuators/package.dsv'
[0.812s] INFO:colcon.colcon_core.shell:Creating package script '/home/andrewwhong/workspace/driverless/driverless_ws/src/install/actuators/share/actuators/package.sh'
[0.813s] INFO:colcon.colcon_core.shell:Creating package script '/home/andrewwhong/workspace/driverless/driverless_ws/src/install/actuators/share/actuators/package.bash'
[0.814s] INFO:colcon.colcon_core.shell:Creating package script '/home/andrewwhong/workspace/driverless/driverless_ws/src/install/actuators/share/actuators/package.zsh'
[0.815s] Level 1:colcon.colcon_core.environment:create_file_with_runtime_dependencies(/home/andrewwhong/workspace/driverless/driverless_ws/src/install/actuators/share/colcon-core/packages/actuators)
[0.821s] DEBUG:colcon.colcon_core.event_handler.log_command:Invoking command in '/home/andrewwhong/workspace/driverless/driverless_ws/src/build/interfaces': CMAKE_PREFIX_PATH=${CMAKE_PREFIX_PATH}:/opt/ros/foxy /usr/bin/cmake --install /home/andrewwhong/workspace/driverless/driverless_ws/src/build/interfaces
[0.823s] Level 1:colcon.colcon_core.environment:create_environment_scripts_only(collection)
[0.825s] Level 1:colcon.colcon_core.environment:checking '/home/andrewwhong/workspace/driverless/driverless_ws/src/install/collection' for CMake module files
[0.827s] DEBUG:colcon.colcon_core.event_handler.log_command:Invoked command in '/home/andrewwhong/workspace/driverless/driverless_ws/src/build/collection' returned '0': CMAKE_PREFIX_PATH=${CMAKE_PREFIX_PATH}:/opt/ros/foxy /usr/bin/cmake --install /home/andrewwhong/workspace/driverless/driverless_ws/src/build/collection
[0.827s] Level 1:colcon.colcon_core.environment:checking '/home/andrewwhong/workspace/driverless/driverless_ws/src/install/collection' for CMake config files
[0.828s] Level 1:colcon.colcon_core.shell:create_environment_hook('collection', 'cmake_prefix_path')
[0.829s] INFO:colcon.colcon_core.shell:Creating environment hook '/home/andrewwhong/workspace/driverless/driverless_ws/src/install/collection/share/collection/hook/cmake_prefix_path.ps1'
[0.830s] INFO:colcon.colcon_core.shell:Creating environment descriptor '/home/andrewwhong/workspace/driverless/driverless_ws/src/install/collection/share/collection/hook/cmake_prefix_path.dsv'
[0.830s] INFO:colcon.colcon_core.shell:Creating environment hook '/home/andrewwhong/workspace/driverless/driverless_ws/src/install/collection/share/collection/hook/cmake_prefix_path.sh'
[0.831s] Level 1:colcon.colcon_core.environment:checking '/home/andrewwhong/workspace/driverless/driverless_ws/src/install/collection/bin'
[0.831s] Level 1:colcon.colcon_core.environment:checking '/home/andrewwhong/workspace/driverless/driverless_ws/src/install/collection/lib/pkgconfig/collection.pc'
[0.831s] Level 1:colcon.colcon_core.environment:checking '/home/andrewwhong/workspace/driverless/driverless_ws/src/install/collection/lib/python3.8/site-packages'
[0.831s] Level 1:colcon.colcon_core.environment:checking '/home/andrewwhong/workspace/driverless/driverless_ws/src/install/collection/bin'
[0.833s] INFO:colcon.colcon_core.shell:Creating package script '/home/andrewwhong/workspace/driverless/driverless_ws/src/install/collection/share/collection/package.ps1'
[0.833s] INFO:colcon.colcon_core.shell:Creating package descriptor '/home/andrewwhong/workspace/driverless/driverless_ws/src/install/collection/share/collection/package.dsv'
[0.834s] INFO:colcon.colcon_core.shell:Creating package script '/home/andrewwhong/workspace/driverless/driverless_ws/src/install/collection/share/collection/package.sh'
[0.834s] INFO:colcon.colcon_core.shell:Creating package script '/home/andrewwhong/workspace/driverless/driverless_ws/src/install/collection/share/collection/package.bash'
[0.834s] INFO:colcon.colcon_core.shell:Creating package script '/home/andrewwhong/workspace/driverless/driverless_ws/src/install/collection/share/collection/package.zsh'
[0.835s] Level 1:colcon.colcon_core.environment:create_file_with_runtime_dependencies(/home/andrewwhong/workspace/driverless/driverless_ws/src/install/collection/share/colcon-core/packages/collection)
[0.839s] Level 1:colcon.colcon_core.environment:create_environment_scripts_only(common)
[0.842s] Level 1:colcon.colcon_core.environment:checking '/home/andrewwhong/workspace/driverless/driverless_ws/src/install/common' for CMake module files
[0.844s] Level 1:colcon.colcon_core.environment:checking '/home/andrewwhong/workspace/driverless/driverless_ws/src/install/common' for CMake config files
[0.846s] Level 1:colcon.colcon_core.shell:create_environment_hook('common', 'cmake_prefix_path')
[0.847s] INFO:colcon.colcon_core.shell:Creating environment hook '/home/andrewwhong/workspace/driverless/driverless_ws/src/install/common/share/common/hook/cmake_prefix_path.ps1'
[0.848s] INFO:colcon.colcon_core.shell:Creating environment descriptor '/home/andrewwhong/workspace/driverless/driverless_ws/src/install/common/share/common/hook/cmake_prefix_path.dsv'
[0.849s] INFO:colcon.colcon_core.shell:Creating environment hook '/home/andrewwhong/workspace/driverless/driverless_ws/src/install/common/share/common/hook/cmake_prefix_path.sh'
[0.851s] Level 1:colcon.colcon_core.environment:checking '/home/andrewwhong/workspace/driverless/driverless_ws/src/install/common/bin'
[0.851s] Level 1:colcon.colcon_core.environment:checking '/home/andrewwhong/workspace/driverless/driverless_ws/src/install/common/lib/pkgconfig/common.pc'
[0.851s] Level 1:colcon.colcon_core.environment:checking '/home/andrewwhong/workspace/driverless/driverless_ws/src/install/common/lib/python3.8/site-packages'
[0.852s] Level 1:colcon.colcon_core.environment:checking '/home/andrewwhong/workspace/driverless/driverless_ws/src/install/common/bin'
[0.853s] INFO:colcon.colcon_core.shell:Creating package script '/home/andrewwhong/workspace/driverless/driverless_ws/src/install/common/share/common/package.ps1'
[0.854s] DEBUG:colcon.colcon_core.event_handler.log_command:Invoked command in '/home/andrewwhong/workspace/driverless/driverless_ws/src/build/common' returned '0': CMAKE_PREFIX_PATH=${CMAKE_PREFIX_PATH}:/opt/ros/foxy /usr/bin/cmake --install /home/andrewwhong/workspace/driverless/driverless_ws/src/build/common
[0.854s] INFO:colcon.colcon_core.shell:Creating package descriptor '/home/andrewwhong/workspace/driverless/driverless_ws/src/install/common/share/common/package.dsv'
[0.855s] INFO:colcon.colcon_core.shell:Creating package script '/home/andrewwhong/workspace/driverless/driverless_ws/src/install/common/share/common/package.sh'
[0.855s] INFO:colcon.colcon_core.shell:Creating package script '/home/andrewwhong/workspace/driverless/driverless_ws/src/install/common/share/common/package.bash'
[0.855s] INFO:colcon.colcon_core.shell:Creating package script '/home/andrewwhong/workspace/driverless/driverless_ws/src/install/common/share/common/package.zsh'
[0.856s] Level 1:colcon.colcon_core.environment:create_file_with_runtime_dependencies(/home/andrewwhong/workspace/driverless/driverless_ws/src/install/common/share/colcon-core/packages/common)
[0.859s] Level 1:colcon.colcon_core.environment:create_environment_scripts_only(controls)
[0.861s] Level 1:colcon.colcon_core.environment:checking '/home/andrewwhong/workspace/driverless/driverless_ws/src/install/controls' for CMake module files
[0.862s] DEBUG:colcon.colcon_core.event_handler.log_command:Invoked command in '/home/andrewwhong/workspace/driverless/driverless_ws/src/build/controls' returned '0': CMAKE_PREFIX_PATH=${CMAKE_PREFIX_PATH}:/opt/ros/foxy /usr/bin/cmake --install /home/andrewwhong/workspace/driverless/driverless_ws/src/build/controls
[0.863s] Level 1:colcon.colcon_core.environment:checking '/home/andrewwhong/workspace/driverless/driverless_ws/src/install/controls' for CMake config files
[0.863s] Level 1:colcon.colcon_core.shell:create_environment_hook('controls', 'cmake_prefix_path')
[0.864s] INFO:colcon.colcon_core.shell:Creating environment hook '/home/andrewwhong/workspace/driverless/driverless_ws/src/install/controls/share/controls/hook/cmake_prefix_path.ps1'
[0.865s] INFO:colcon.colcon_core.shell:Creating environment descriptor '/home/andrewwhong/workspace/driverless/driverless_ws/src/install/controls/share/controls/hook/cmake_prefix_path.dsv'
[0.865s] INFO:colcon.colcon_core.shell:Creating environment hook '/home/andrewwhong/workspace/driverless/driverless_ws/src/install/controls/share/controls/hook/cmake_prefix_path.sh'
[0.865s] Level 1:colcon.colcon_core.environment:checking '/home/andrewwhong/workspace/driverless/driverless_ws/src/install/controls/bin'
[0.866s] Level 1:colcon.colcon_core.environment:checking '/home/andrewwhong/workspace/driverless/driverless_ws/src/install/controls/lib/pkgconfig/controls.pc'
[0.866s] Level 1:colcon.colcon_core.environment:checking '/home/andrewwhong/workspace/driverless/driverless_ws/src/install/controls/lib/python3.8/site-packages'
[0.866s] Level 1:colcon.colcon_core.environment:checking '/home/andrewwhong/workspace/driverless/driverless_ws/src/install/controls/bin'
[0.867s] INFO:colcon.colcon_core.shell:Creating package script '/home/andrewwhong/workspace/driverless/driverless_ws/src/install/controls/share/controls/package.ps1'
[0.868s] INFO:colcon.colcon_core.shell:Creating package descriptor '/home/andrewwhong/workspace/driverless/driverless_ws/src/install/controls/share/controls/package.dsv'
[0.868s] INFO:colcon.colcon_core.shell:Creating package script '/home/andrewwhong/workspace/driverless/driverless_ws/src/install/controls/share/controls/package.sh'
[0.869s] INFO:colcon.colcon_core.shell:Creating package script '/home/andrewwhong/workspace/driverless/driverless_ws/src/install/controls/share/controls/package.bash'
[0.869s] INFO:colcon.colcon_core.shell:Creating package script '/home/andrewwhong/workspace/driverless/driverless_ws/src/install/controls/share/controls/package.zsh'
[0.869s] Level 1:colcon.colcon_core.environment:create_file_with_runtime_dependencies(/home/andrewwhong/workspace/driverless/driverless_ws/src/install/controls/share/colcon-core/packages/controls)
[0.875s] DEBUG:colcon.colcon_core.event_handler.log_command:Invoking command in '/home/andrewwhong/workspace/driverless/driverless_ws/src/build/perceptions': CMAKE_PREFIX_PATH=${CMAKE_PREFIX_PATH}:/opt/ros/foxy /usr/bin/cmake --install /home/andrewwhong/workspace/driverless/driverless_ws/src/build/perceptions
[0.877s] Level 1:colcon.colcon_core.environment:create_environment_scripts_only(interfaces)
[0.879s] Level 1:colcon.colcon_core.environment:checking '/home/andrewwhong/workspace/driverless/driverless_ws/src/install/interfaces' for CMake module files
[0.880s] DEBUG:colcon.colcon_core.event_handler.log_command:Invoked command in '/home/andrewwhong/workspace/driverless/driverless_ws/src/build/interfaces' returned '0': CMAKE_PREFIX_PATH=${CMAKE_PREFIX_PATH}:/opt/ros/foxy /usr/bin/cmake --install /home/andrewwhong/workspace/driverless/driverless_ws/src/build/interfaces
[0.881s] Level 1:colcon.colcon_core.environment:checking '/home/andrewwhong/workspace/driverless/driverless_ws/src/install/interfaces' for CMake config files
[0.881s] Level 1:colcon.colcon_core.shell:create_environment_hook('interfaces', 'cmake_prefix_path')
[0.883s] INFO:colcon.colcon_core.shell:Creating environment hook '/home/andrewwhong/workspace/driverless/driverless_ws/src/install/interfaces/share/interfaces/hook/cmake_prefix_path.ps1'
[0.883s] INFO:colcon.colcon_core.shell:Creating environment descriptor '/home/andrewwhong/workspace/driverless/driverless_ws/src/install/interfaces/share/interfaces/hook/cmake_prefix_path.dsv'
[0.884s] INFO:colcon.colcon_core.shell:Creating environment hook '/home/andrewwhong/workspace/driverless/driverless_ws/src/install/interfaces/share/interfaces/hook/cmake_prefix_path.sh'
[0.884s] Level 1:colcon.colcon_core.environment:checking '/home/andrewwhong/workspace/driverless/driverless_ws/src/install/interfaces/bin'
[0.884s] Level 1:colcon.colcon_core.environment:checking '/home/andrewwhong/workspace/driverless/driverless_ws/src/install/interfaces/lib/pkgconfig/interfaces.pc'
[0.885s] Level 1:colcon.colcon_core.environment:checking '/home/andrewwhong/workspace/driverless/driverless_ws/src/install/interfaces/lib/python3.8/site-packages'
[0.885s] Level 1:colcon.colcon_core.environment:checking '/home/andrewwhong/workspace/driverless/driverless_ws/src/install/interfaces/bin'
[0.886s] INFO:colcon.colcon_core.shell:Creating package script '/home/andrewwhong/workspace/driverless/driverless_ws/src/install/interfaces/share/interfaces/package.ps1'
[0.887s] INFO:colcon.colcon_core.shell:Creating package descriptor '/home/andrewwhong/workspace/driverless/driverless_ws/src/install/interfaces/share/interfaces/package.dsv'
[0.887s] INFO:colcon.colcon_core.shell:Creating package script '/home/andrewwhong/workspace/driverless/driverless_ws/src/install/interfaces/share/interfaces/package.sh'
[0.888s] INFO:colcon.colcon_core.shell:Creating package script '/home/andrewwhong/workspace/driverless/driverless_ws/src/install/interfaces/share/interfaces/package.bash'
[0.888s] INFO:colcon.colcon_core.shell:Creating package script '/home/andrewwhong/workspace/driverless/driverless_ws/src/install/interfaces/share/interfaces/package.zsh'
[0.889s] Level 1:colcon.colcon_core.environment:create_file_with_runtime_dependencies(/home/andrewwhong/workspace/driverless/driverless_ws/src/install/interfaces/share/colcon-core/packages/interfaces)
[0.894s] Level 1:colcon.colcon_core.environment:create_environment_scripts_only(actuators)
[0.896s] Level 1:colcon.colcon_core.environment:checking '/home/andrewwhong/workspace/driverless/driverless_ws/src/install/actuators' for CMake module files
[0.898s] Level 1:colcon.colcon_core.environment:checking '/home/andrewwhong/workspace/driverless/driverless_ws/src/install/actuators' for CMake config files
[0.901s] Level 1:colcon.colcon_core.shell:create_environment_hook('actuators', 'cmake_prefix_path')
[0.902s] INFO:colcon.colcon_core.shell:Creating environment hook '/home/andrewwhong/workspace/driverless/driverless_ws/src/install/actuators/share/actuators/hook/cmake_prefix_path.ps1'
[0.904s] INFO:colcon.colcon_core.shell:Creating environment descriptor '/home/andrewwhong/workspace/driverless/driverless_ws/src/install/actuators/share/actuators/hook/cmake_prefix_path.dsv'
[0.905s] INFO:colcon.colcon_core.shell:Creating environment hook '/home/andrewwhong/workspace/driverless/driverless_ws/src/install/actuators/share/actuators/hook/cmake_prefix_path.sh'
[0.907s] Level 1:colcon.colcon_core.environment:checking '/home/andrewwhong/workspace/driverless/driverless_ws/src/install/actuators/bin'
[0.907s] Level 1:colcon.colcon_core.environment:checking '/home/andrewwhong/workspace/driverless/driverless_ws/src/install/actuators/lib/pkgconfig/actuators.pc'
[0.908s] Level 1:colcon.colcon_core.environment:checking '/home/andrewwhong/workspace/driverless/driverless_ws/src/install/actuators/lib/python3.8/site-packages'
[0.908s] Level 1:colcon.colcon_core.environment:checking '/home/andrewwhong/workspace/driverless/driverless_ws/src/install/actuators/bin'
[0.910s] INFO:colcon.colcon_core.shell:Creating package script '/home/andrewwhong/workspace/driverless/driverless_ws/src/install/actuators/share/actuators/package.ps1'
[0.910s] INFO:colcon.colcon_core.shell:Creating package descriptor '/home/andrewwhong/workspace/driverless/driverless_ws/src/install/actuators/share/actuators/package.dsv'
[0.911s] INFO:colcon.colcon_core.shell:Creating package script '/home/andrewwhong/workspace/driverless/driverless_ws/src/install/actuators/share/actuators/package.sh'
[0.911s] INFO:colcon.colcon_core.shell:Creating package script '/home/andrewwhong/workspace/driverless/driverless_ws/src/install/actuators/share/actuators/package.bash'
[0.912s] INFO:colcon.colcon_core.shell:Creating package script '/home/andrewwhong/workspace/driverless/driverless_ws/src/install/actuators/share/actuators/package.zsh'
[0.912s] Level 1:colcon.colcon_core.environment:create_file_with_runtime_dependencies(/home/andrewwhong/workspace/driverless/driverless_ws/src/install/actuators/share/colcon-core/packages/actuators)
[0.916s] Level 1:colcon.colcon_core.environment:create_environment_scripts_only(collection)
[0.918s] Level 1:colcon.colcon_core.environment:checking '/home/andrewwhong/workspace/driverless/driverless_ws/src/install/collection' for CMake module files
[0.919s] Level 1:colcon.colcon_core.environment:checking '/home/andrewwhong/workspace/driverless/driverless_ws/src/install/collection' for CMake config files
[0.920s] Level 1:colcon.colcon_core.shell:create_environment_hook('collection', 'cmake_prefix_path')
[0.921s] INFO:colcon.colcon_core.shell:Creating environment hook '/home/andrewwhong/workspace/driverless/driverless_ws/src/install/collection/share/collection/hook/cmake_prefix_path.ps1'
[0.922s] INFO:colcon.colcon_core.shell:Creating environment descriptor '/home/andrewwhong/workspace/driverless/driverless_ws/src/install/collection/share/collection/hook/cmake_prefix_path.dsv'
[0.922s] INFO:colcon.colcon_core.shell:Creating environment hook '/home/andrewwhong/workspace/driverless/driverless_ws/src/install/collection/share/collection/hook/cmake_prefix_path.sh'
[0.922s] Level 1:colcon.colcon_core.environment:checking '/home/andrewwhong/workspace/driverless/driverless_ws/src/install/collection/bin'
[0.923s] Level 1:colcon.colcon_core.environment:checking '/home/andrewwhong/workspace/driverless/driverless_ws/src/install/collection/lib/pkgconfig/collection.pc'
[0.923s] Level 1:colcon.colcon_core.environment:checking '/home/andrewwhong/workspace/driverless/driverless_ws/src/install/collection/lib/python3.8/site-packages'
[0.923s] Level 1:colcon.colcon_core.environment:checking '/home/andrewwhong/workspace/driverless/driverless_ws/src/install/collection/bin'
[0.925s] INFO:colcon.colcon_core.shell:Creating package script '/home/andrewwhong/workspace/driverless/driverless_ws/src/install/collection/share/collection/package.ps1'
[0.925s] INFO:colcon.colcon_core.shell:Creating package descriptor '/home/andrewwhong/workspace/driverless/driverless_ws/src/install/collection/share/collection/package.dsv'
[0.926s] INFO:colcon.colcon_core.shell:Creating package script '/home/andrewwhong/workspace/driverless/driverless_ws/src/install/collection/share/collection/package.sh'
[0.926s] INFO:colcon.colcon_core.shell:Creating package script '/home/andrewwhong/workspace/driverless/driverless_ws/src/install/collection/share/collection/package.bash'
[0.927s] INFO:colcon.colcon_core.shell:Creating package script '/home/andrewwhong/workspace/driverless/driverless_ws/src/install/collection/share/collection/package.zsh'
[0.927s] Level 1:colcon.colcon_core.environment:create_file_with_runtime_dependencies(/home/andrewwhong/workspace/driverless/driverless_ws/src/install/collection/share/colcon-core/packages/collection)
[0.930s] Level 1:colcon.colcon_core.environment:create_environment_scripts_only(common)
[0.932s] Level 1:colcon.colcon_core.environment:checking '/home/andrewwhong/workspace/driverless/driverless_ws/src/install/common' for CMake module files
[0.934s] Level 1:colcon.colcon_core.environment:checking '/home/andrewwhong/workspace/driverless/driverless_ws/src/install/common' for CMake config files
[0.935s] Level 1:colcon.colcon_core.shell:create_environment_hook('common', 'cmake_prefix_path')
[0.937s] INFO:colcon.colcon_core.shell:Creating environment hook '/home/andrewwhong/workspace/driverless/driverless_ws/src/install/common/share/common/hook/cmake_prefix_path.ps1'
[0.938s] INFO:colcon.colcon_core.shell:Creating environment descriptor '/home/andrewwhong/workspace/driverless/driverless_ws/src/install/common/share/common/hook/cmake_prefix_path.dsv'
[0.938s] INFO:colcon.colcon_core.shell:Creating environment hook '/home/andrewwhong/workspace/driverless/driverless_ws/src/install/common/share/common/hook/cmake_prefix_path.sh'
[0.938s] Level 1:colcon.colcon_core.environment:checking '/home/andrewwhong/workspace/driverless/driverless_ws/src/install/common/bin'
[0.939s] Level 1:colcon.colcon_core.environment:checking '/home/andrewwhong/workspace/driverless/driverless_ws/src/install/common/lib/pkgconfig/common.pc'
[0.939s] Level 1:colcon.colcon_core.environment:checking '/home/andrewwhong/workspace/driverless/driverless_ws/src/install/common/lib/python3.8/site-packages'
[0.939s] Level 1:colcon.colcon_core.environment:checking '/home/andrewwhong/workspace/driverless/driverless_ws/src/install/common/bin'
[0.942s] INFO:colcon.colcon_core.shell:Creating package script '/home/andrewwhong/workspace/driverless/driverless_ws/src/install/common/share/common/package.ps1'
[0.943s] INFO:colcon.colcon_core.shell:Creating package descriptor '/home/andrewwhong/workspace/driverless/driverless_ws/src/install/common/share/common/package.dsv'
[0.943s] INFO:colcon.colcon_core.shell:Creating package script '/home/andrewwhong/workspace/driverless/driverless_ws/src/install/common/share/common/package.sh'
[0.944s] INFO:colcon.colcon_core.shell:Creating package script '/home/andrewwhong/workspace/driverless/driverless_ws/src/install/common/share/common/package.bash'
[0.944s] INFO:colcon.colcon_core.shell:Creating package script '/home/andrewwhong/workspace/driverless/driverless_ws/src/install/common/share/common/package.zsh'
[0.945s] Level 1:colcon.colcon_core.environment:create_file_with_runtime_dependencies(/home/andrewwhong/workspace/driverless/driverless_ws/src/install/common/share/colcon-core/packages/common)
[0.947s] Level 1:colcon.colcon_core.environment:create_environment_scripts_only(controls)
[0.950s] Level 1:colcon.colcon_core.environment:checking '/home/andrewwhong/workspace/driverless/driverless_ws/src/install/controls' for CMake module files
[0.952s] Level 1:colcon.colcon_core.environment:checking '/home/andrewwhong/workspace/driverless/driverless_ws/src/install/controls' for CMake config files
[0.952s] Level 1:colcon.colcon_core.shell:create_environment_hook('controls', 'cmake_prefix_path')
[0.954s] INFO:colcon.colcon_core.shell:Creating environment hook '/home/andrewwhong/workspace/driverless/driverless_ws/src/install/controls/share/controls/hook/cmake_prefix_path.ps1'
[0.954s] INFO:colcon.colcon_core.shell:Creating environment descriptor '/home/andrewwhong/workspace/driverless/driverless_ws/src/install/controls/share/controls/hook/cmake_prefix_path.dsv'
[0.955s] INFO:colcon.colcon_core.shell:Creating environment hook '/home/andrewwhong/workspace/driverless/driverless_ws/src/install/controls/share/controls/hook/cmake_prefix_path.sh'
[0.955s] Level 1:colcon.colcon_core.environment:checking '/home/andrewwhong/workspace/driverless/driverless_ws/src/install/controls/bin'
[0.955s] Level 1:colcon.colcon_core.environment:checking '/home/andrewwhong/workspace/driverless/driverless_ws/src/install/controls/lib/pkgconfig/controls.pc'
[0.956s] Level 1:colcon.colcon_core.environment:checking '/home/andrewwhong/workspace/driverless/driverless_ws/src/install/controls/lib/python3.8/site-packages'
[0.957s] Level 1:colcon.colcon_core.environment:checking '/home/andrewwhong/workspace/driverless/driverless_ws/src/install/controls/bin'
[0.959s] INFO:colcon.colcon_core.shell:Creating package script '/home/andrewwhong/workspace/driverless/driverless_ws/src/install/controls/share/controls/package.ps1'
[0.961s] INFO:colcon.colcon_core.shell:Creating package descriptor '/home/andrewwhong/workspace/driverless/driverless_ws/src/install/controls/share/controls/package.dsv'
[0.962s] INFO:colcon.colcon_core.shell:Creating package script '/home/andrewwhong/workspace/driverless/driverless_ws/src/install/controls/share/controls/package.sh'
[0.962s] INFO:colcon.colcon_core.shell:Creating package script '/home/andrewwhong/workspace/driverless/driverless_ws/src/install/controls/share/controls/package.bash'
[0.963s] INFO:colcon.colcon_core.shell:Creating package script '/home/andrewwhong/workspace/driverless/driverless_ws/src/install/controls/share/controls/package.zsh'
[0.963s] Level 1:colcon.colcon_core.environment:create_file_with_runtime_dependencies(/home/andrewwhong/workspace/driverless/driverless_ws/src/install/controls/share/colcon-core/packages/controls)
[0.963s] Level 1:colcon.colcon_core.environment:create_environment_scripts_only(perceptions)
[0.965s] Level 1:colcon.colcon_core.environment:checking '/home/andrewwhong/workspace/driverless/driverless_ws/src/install/perceptions' for CMake module files
[0.967s] Level 1:colcon.colcon_core.environment:checking '/home/andrewwhong/workspace/driverless/driverless_ws/src/install/perceptions' for CMake config files
[0.968s] DEBUG:colcon.colcon_core.event_handler.log_command:Invoked command in '/home/andrewwhong/workspace/driverless/driverless_ws/src/build/perceptions' returned '0': CMAKE_PREFIX_PATH=${CMAKE_PREFIX_PATH}:/opt/ros/foxy /usr/bin/cmake --install /home/andrewwhong/workspace/driverless/driverless_ws/src/build/perceptions
[0.968s] Level 1:colcon.colcon_core.shell:create_environment_hook('perceptions', 'cmake_prefix_path')
[0.970s] INFO:colcon.colcon_core.shell:Creating environment hook '/home/andrewwhong/workspace/driverless/driverless_ws/src/install/perceptions/share/perceptions/hook/cmake_prefix_path.ps1'
[0.970s] INFO:colcon.colcon_core.shell:Creating environment descriptor '/home/andrewwhong/workspace/driverless/driverless_ws/src/install/perceptions/share/perceptions/hook/cmake_prefix_path.dsv'
[0.971s] INFO:colcon.colcon_core.shell:Creating environment hook '/home/andrewwhong/workspace/driverless/driverless_ws/src/install/perceptions/share/perceptions/hook/cmake_prefix_path.sh'
[0.971s] Level 1:colcon.colcon_core.environment:checking '/home/andrewwhong/workspace/driverless/driverless_ws/src/install/perceptions/bin'
[0.971s] Level 1:colcon.colcon_core.environment:checking '/home/andrewwhong/workspace/driverless/driverless_ws/src/install/perceptions/lib/pkgconfig/perceptions.pc'
[0.972s] Level 1:colcon.colcon_core.environment:checking '/home/andrewwhong/workspace/driverless/driverless_ws/src/install/perceptions/lib/python3.8/site-packages'
[0.972s] Level 1:colcon.colcon_core.environment:checking '/home/andrewwhong/workspace/driverless/driverless_ws/src/install/perceptions/bin'
[0.973s] INFO:colcon.colcon_core.shell:Creating package script '/home/andrewwhong/workspace/driverless/driverless_ws/src/install/perceptions/share/perceptions/package.ps1'
[0.974s] INFO:colcon.colcon_core.shell:Creating package descriptor '/home/andrewwhong/workspace/driverless/driverless_ws/src/install/perceptions/share/perceptions/package.dsv'
[0.975s] INFO:colcon.colcon_core.shell:Creating package script '/home/andrewwhong/workspace/driverless/driverless_ws/src/install/perceptions/share/perceptions/package.sh'
[0.975s] INFO:colcon.colcon_core.shell:Creating package script '/home/andrewwhong/workspace/driverless/driverless_ws/src/install/perceptions/share/perceptions/package.bash'
[0.976s] INFO:colcon.colcon_core.shell:Creating package script '/home/andrewwhong/workspace/driverless/driverless_ws/src/install/perceptions/share/perceptions/package.zsh'
[0.976s] Level 1:colcon.colcon_core.environment:create_file_with_runtime_dependencies(/home/andrewwhong/workspace/driverless/driverless_ws/src/install/perceptions/share/colcon-core/packages/perceptions)
[0.981s] Level 1:colcon.colcon_core.environment:create_environment_scripts_only(interfaces)
[0.984s] Level 1:colcon.colcon_core.environment:checking '/home/andrewwhong/workspace/driverless/driverless_ws/src/install/interfaces' for CMake module files
[0.985s] Level 1:colcon.colcon_core.environment:checking '/home/andrewwhong/workspace/driverless/driverless_ws/src/install/interfaces' for CMake config files
[0.986s] Level 1:colcon.colcon_core.shell:create_environment_hook('interfaces', 'cmake_prefix_path')
[0.987s] INFO:colcon.colcon_core.shell:Creating environment hook '/home/andrewwhong/workspace/driverless/driverless_ws/src/install/interfaces/share/interfaces/hook/cmake_prefix_path.ps1'
[0.988s] INFO:colcon.colcon_core.shell:Creating environment descriptor '/home/andrewwhong/workspace/driverless/driverless_ws/src/install/interfaces/share/interfaces/hook/cmake_prefix_path.dsv'
[0.988s] INFO:colcon.colcon_core.shell:Creating environment hook '/home/andrewwhong/workspace/driverless/driverless_ws/src/install/interfaces/share/interfaces/hook/cmake_prefix_path.sh'
[0.989s] Level 1:colcon.colcon_core.environment:checking '/home/andrewwhong/workspace/driverless/driverless_ws/src/install/interfaces/bin'
[0.989s] Level 1:colcon.colcon_core.environment:checking '/home/andrewwhong/workspace/driverless/driverless_ws/src/install/interfaces/lib/pkgconfig/interfaces.pc'
[0.989s] Level 1:colcon.colcon_core.environment:checking '/home/andrewwhong/workspace/driverless/driverless_ws/src/install/interfaces/lib/python3.8/site-packages'
[0.989s] Level 1:colcon.colcon_core.environment:checking '/home/andrewwhong/workspace/driverless/driverless_ws/src/install/interfaces/bin'
[0.991s] INFO:colcon.colcon_core.shell:Creating package script '/home/andrewwhong/workspace/driverless/driverless_ws/src/install/interfaces/share/interfaces/package.ps1'
[0.992s] INFO:colcon.colcon_core.shell:Creating package descriptor '/home/andrewwhong/workspace/driverless/driverless_ws/src/install/interfaces/share/interfaces/package.dsv'
[0.992s] INFO:colcon.colcon_core.shell:Creating package script '/home/andrewwhong/workspace/driverless/driverless_ws/src/install/interfaces/share/interfaces/package.sh'
[0.993s] INFO:colcon.colcon_core.shell:Creating package script '/home/andrewwhong/workspace/driverless/driverless_ws/src/install/interfaces/share/interfaces/package.bash'
[0.993s] INFO:colcon.colcon_core.shell:Creating package script '/home/andrewwhong/workspace/driverless/driverless_ws/src/install/interfaces/share/interfaces/package.zsh'
[0.994s] Level 1:colcon.colcon_core.environment:create_file_with_runtime_dependencies(/home/andrewwhong/workspace/driverless/driverless_ws/src/install/interfaces/share/colcon-core/packages/interfaces)
[0.998s] DEBUG:colcon.colcon_core.event_handler.log_command:Invoked command in '/home/andrewwhong/workspace/driverless/driverless_ws/src/build/eufs_msgs' returned '0': CMAKE_PREFIX_PATH=${CMAKE_PREFIX_PATH}:/opt/ros/foxy /usr/bin/cmake --build /home/andrewwhong/workspace/driverless/driverless_ws/src/build/eufs_msgs -- -j12 -l12
[1.001s] Level 1:colcon.colcon_core.environment:create_environment_scripts_only(perceptions)
[1.004s] Level 1:colcon.colcon_core.environment:checking '/home/andrewwhong/workspace/driverless/driverless_ws/src/install/perceptions' for CMake module files
[1.004s] Level 1:colcon.colcon_core.environment:checking '/home/andrewwhong/workspace/driverless/driverless_ws/src/install/perceptions' for CMake config files
[1.005s] Level 1:colcon.colcon_core.shell:create_environment_hook('perceptions', 'cmake_prefix_path')
[1.006s] INFO:colcon.colcon_core.shell:Creating environment hook '/home/andrewwhong/workspace/driverless/driverless_ws/src/install/perceptions/share/perceptions/hook/cmake_prefix_path.ps1'
[1.007s] INFO:colcon.colcon_core.shell:Creating environment descriptor '/home/andrewwhong/workspace/driverless/driverless_ws/src/install/perceptions/share/perceptions/hook/cmake_prefix_path.dsv'
[1.007s] INFO:colcon.colcon_core.shell:Creating environment hook '/home/andrewwhong/workspace/driverless/driverless_ws/src/install/perceptions/share/perceptions/hook/cmake_prefix_path.sh'
[1.008s] Level 1:colcon.colcon_core.environment:checking '/home/andrewwhong/workspace/driverless/driverless_ws/src/install/perceptions/bin'
[1.008s] Level 1:colcon.colcon_core.environment:checking '/home/andrewwhong/workspace/driverless/driverless_ws/src/install/perceptions/lib/pkgconfig/perceptions.pc'
[1.008s] Level 1:colcon.colcon_core.environment:checking '/home/andrewwhong/workspace/driverless/driverless_ws/src/install/perceptions/lib/python3.8/site-packages'
[1.008s] Level 1:colcon.colcon_core.environment:checking '/home/andrewwhong/workspace/driverless/driverless_ws/src/install/perceptions/bin'
[1.010s] INFO:colcon.colcon_core.shell:Creating package script '/home/andrewwhong/workspace/driverless/driverless_ws/src/install/perceptions/share/perceptions/package.ps1'
[1.011s] INFO:colcon.colcon_core.shell:Creating package descriptor '/home/andrewwhong/workspace/driverless/driverless_ws/src/install/perceptions/share/perceptions/package.dsv'
[1.011s] INFO:colcon.colcon_core.shell:Creating package script '/home/andrewwhong/workspace/driverless/driverless_ws/src/install/perceptions/share/perceptions/package.sh'
[1.012s] INFO:colcon.colcon_core.shell:Creating package script '/home/andrewwhong/workspace/driverless/driverless_ws/src/install/perceptions/share/perceptions/package.bash'
[1.012s] INFO:colcon.colcon_core.shell:Creating package script '/home/andrewwhong/workspace/driverless/driverless_ws/src/install/perceptions/share/perceptions/package.zsh'
[1.013s] Level 1:colcon.colcon_core.environment:create_file_with_runtime_dependencies(/home/andrewwhong/workspace/driverless/driverless_ws/src/install/perceptions/share/colcon-core/packages/perceptions)
[1.500s] DEBUG:colcon.colcon_core.event_handler.log_command:Invoking command in '/home/andrewwhong/workspace/driverless/driverless_ws/src/build/eufs_msgs': CMAKE_PREFIX_PATH=${CMAKE_PREFIX_PATH}:/opt/ros/foxy /usr/bin/cmake --install /home/andrewwhong/workspace/driverless/driverless_ws/src/build/eufs_msgs
[1.603s] Level 1:colcon.colcon_core.environment:create_environment_scripts_only(eufs_msgs)
[1.606s] Level 1:colcon.colcon_core.environment:checking '/home/andrewwhong/workspace/driverless/driverless_ws/src/install/eufs_msgs' for CMake module files
[1.610s] Level 1:colcon.colcon_core.environment:checking '/home/andrewwhong/workspace/driverless/driverless_ws/src/install/eufs_msgs' for CMake config files
[1.629s] Level 1:colcon.colcon_core.shell:create_environment_hook('eufs_msgs', 'cmake_prefix_path')
[1.630s] INFO:colcon.colcon_core.shell:Creating environment hook '/home/andrewwhong/workspace/driverless/driverless_ws/src/install/eufs_msgs/share/eufs_msgs/hook/cmake_prefix_path.ps1'
[1.632s] INFO:colcon.colcon_core.shell:Creating environment descriptor '/home/andrewwhong/workspace/driverless/driverless_ws/src/install/eufs_msgs/share/eufs_msgs/hook/cmake_prefix_path.dsv'
[1.633s] INFO:colcon.colcon_core.shell:Creating environment hook '/home/andrewwhong/workspace/driverless/driverless_ws/src/install/eufs_msgs/share/eufs_msgs/hook/cmake_prefix_path.sh'
[1.635s] Level 1:colcon.colcon_core.environment:checking '/home/andrewwhong/workspace/driverless/driverless_ws/src/install/eufs_msgs/lib'
[1.635s] Level 1:colcon.colcon_core.shell:create_environment_hook('eufs_msgs', 'ld_library_path_lib')
[1.637s] INFO:colcon.colcon_core.shell:Creating environment hook '/home/andrewwhong/workspace/driverless/driverless_ws/src/install/eufs_msgs/share/eufs_msgs/hook/ld_library_path_lib.ps1'
[1.638s] INFO:colcon.colcon_core.shell:Creating environment descriptor '/home/andrewwhong/workspace/driverless/driverless_ws/src/install/eufs_msgs/share/eufs_msgs/hook/ld_library_path_lib.dsv'
[1.639s] INFO:colcon.colcon_core.shell:Creating environment hook '/home/andrewwhong/workspace/driverless/driverless_ws/src/install/eufs_msgs/share/eufs_msgs/hook/ld_library_path_lib.sh'
[1.640s] Level 1:colcon.colcon_core.environment:checking '/home/andrewwhong/workspace/driverless/driverless_ws/src/install/eufs_msgs/bin'
[1.640s] Level 1:colcon.colcon_core.environment:checking '/home/andrewwhong/workspace/driverless/driverless_ws/src/install/eufs_msgs/lib/pkgconfig/eufs_msgs.pc'
[1.641s] Level 1:colcon.colcon_core.environment:checking '/home/andrewwhong/workspace/driverless/driverless_ws/src/install/eufs_msgs/lib/python3.8/site-packages'
[1.641s] Level 1:colcon.colcon_core.shell:create_environment_hook('eufs_msgs', 'pythonpath')
[1.643s] INFO:colcon.colcon_core.shell:Creating environment hook '/home/andrewwhong/workspace/driverless/driverless_ws/src/install/eufs_msgs/share/eufs_msgs/hook/pythonpath.ps1'
[1.644s] INFO:colcon.colcon_core.shell:Creating environment descriptor '/home/andrewwhong/workspace/driverless/driverless_ws/src/install/eufs_msgs/share/eufs_msgs/hook/pythonpath.dsv'
[1.645s] INFO:colcon.colcon_core.shell:Creating environment hook '/home/andrewwhong/workspace/driverless/driverless_ws/src/install/eufs_msgs/share/eufs_msgs/hook/pythonpath.sh'
[1.646s] Level 1:colcon.colcon_core.environment:checking '/home/andrewwhong/workspace/driverless/driverless_ws/src/install/eufs_msgs/bin'
[1.648s] INFO:colcon.colcon_core.shell:Creating package script '/home/andrewwhong/workspace/driverless/driverless_ws/src/install/eufs_msgs/share/eufs_msgs/package.ps1'
[1.649s] INFO:colcon.colcon_core.shell:Creating package descriptor '/home/andrewwhong/workspace/driverless/driverless_ws/src/install/eufs_msgs/share/eufs_msgs/package.dsv'
[1.652s] INFO:colcon.colcon_core.shell:Creating package script '/home/andrewwhong/workspace/driverless/driverless_ws/src/install/eufs_msgs/share/eufs_msgs/package.sh'
[1.653s] INFO:colcon.colcon_core.shell:Creating package script '/home/andrewwhong/workspace/driverless/driverless_ws/src/install/eufs_msgs/share/eufs_msgs/package.bash'
[1.655s] INFO:colcon.colcon_core.shell:Creating package script '/home/andrewwhong/workspace/driverless/driverless_ws/src/install/eufs_msgs/share/eufs_msgs/package.zsh'
[1.656s] Level 1:colcon.colcon_core.environment:create_file_with_runtime_dependencies(/home/andrewwhong/workspace/driverless/driverless_ws/src/install/eufs_msgs/share/colcon-core/packages/eufs_msgs)
[1.679s] DEBUG:colcon.colcon_core.event_handler.log_command:Invoked command in '/home/andrewwhong/workspace/driverless/driverless_ws/src/build/eufs_msgs' returned '0': CMAKE_PREFIX_PATH=${CMAKE_PREFIX_PATH}:/opt/ros/foxy /usr/bin/cmake --install /home/andrewwhong/workspace/driverless/driverless_ws/src/build/eufs_msgs
[2.180s] Level 1:colcon.colcon_core.environment:create_environment_scripts_only(eufs_msgs)
[2.181s] Level 1:colcon.colcon_core.environment:checking '/home/andrewwhong/workspace/driverless/driverless_ws/src/install/eufs_msgs' for CMake module files
[2.182s] Level 1:colcon.colcon_core.environment:checking '/home/andrewwhong/workspace/driverless/driverless_ws/src/install/eufs_msgs' for CMake config files
[2.183s] Level 1:colcon.colcon_core.shell:create_environment_hook('eufs_msgs', 'cmake_prefix_path')
[2.184s] INFO:colcon.colcon_core.shell:Creating environment hook '/home/andrewwhong/workspace/driverless/driverless_ws/src/install/eufs_msgs/share/eufs_msgs/hook/cmake_prefix_path.ps1'
[2.185s] INFO:colcon.colcon_core.shell:Creating environment descriptor '/home/andrewwhong/workspace/driverless/driverless_ws/src/install/eufs_msgs/share/eufs_msgs/hook/cmake_prefix_path.dsv'
[2.185s] INFO:colcon.colcon_core.shell:Creating environment hook '/home/andrewwhong/workspace/driverless/driverless_ws/src/install/eufs_msgs/share/eufs_msgs/hook/cmake_prefix_path.sh'
[2.185s] Level 1:colcon.colcon_core.environment:checking '/home/andrewwhong/workspace/driverless/driverless_ws/src/install/eufs_msgs/lib'
[2.185s] Level 1:colcon.colcon_core.shell:create_environment_hook('eufs_msgs', 'ld_library_path_lib')
[2.187s] INFO:colcon.colcon_core.shell:Creating environment hook '/home/andrewwhong/workspace/driverless/driverless_ws/src/install/eufs_msgs/share/eufs_msgs/hook/ld_library_path_lib.ps1'
[2.187s] INFO:colcon.colcon_core.shell:Creating environment descriptor '/home/andrewwhong/workspace/driverless/driverless_ws/src/install/eufs_msgs/share/eufs_msgs/hook/ld_library_path_lib.dsv'
[2.187s] INFO:colcon.colcon_core.shell:Creating environment hook '/home/andrewwhong/workspace/driverless/driverless_ws/src/install/eufs_msgs/share/eufs_msgs/hook/ld_library_path_lib.sh'
[2.188s] Level 1:colcon.colcon_core.environment:checking '/home/andrewwhong/workspace/driverless/driverless_ws/src/install/eufs_msgs/bin'
[2.188s] Level 1:colcon.colcon_core.environment:checking '/home/andrewwhong/workspace/driverless/driverless_ws/src/install/eufs_msgs/lib/pkgconfig/eufs_msgs.pc'
[2.188s] Level 1:colcon.colcon_core.environment:checking '/home/andrewwhong/workspace/driverless/driverless_ws/src/install/eufs_msgs/lib/python3.8/site-packages'
[2.188s] Level 1:colcon.colcon_core.shell:create_environment_hook('eufs_msgs', 'pythonpath')
[2.189s] INFO:colcon.colcon_core.shell:Creating environment hook '/home/andrewwhong/workspace/driverless/driverless_ws/src/install/eufs_msgs/share/eufs_msgs/hook/pythonpath.ps1'
[2.190s] INFO:colcon.colcon_core.shell:Creating environment descriptor '/home/andrewwhong/workspace/driverless/driverless_ws/src/install/eufs_msgs/share/eufs_msgs/hook/pythonpath.dsv'
[2.190s] INFO:colcon.colcon_core.shell:Creating environment hook '/home/andrewwhong/workspace/driverless/driverless_ws/src/install/eufs_msgs/share/eufs_msgs/hook/pythonpath.sh'
[2.190s] Level 1:colcon.colcon_core.environment:checking '/home/andrewwhong/workspace/driverless/driverless_ws/src/install/eufs_msgs/bin'
[2.192s] INFO:colcon.colcon_core.shell:Creating package script '/home/andrewwhong/workspace/driverless/driverless_ws/src/install/eufs_msgs/share/eufs_msgs/package.ps1'
[2.192s] INFO:colcon.colcon_core.shell:Creating package descriptor '/home/andrewwhong/workspace/driverless/driverless_ws/src/install/eufs_msgs/share/eufs_msgs/package.dsv'
[2.193s] INFO:colcon.colcon_core.shell:Creating package script '/home/andrewwhong/workspace/driverless/driverless_ws/src/install/eufs_msgs/share/eufs_msgs/package.sh'
[2.193s] INFO:colcon.colcon_core.shell:Creating package script '/home/andrewwhong/workspace/driverless/driverless_ws/src/install/eufs_msgs/share/eufs_msgs/package.bash'
[2.194s] INFO:colcon.colcon_core.shell:Creating package script '/home/andrewwhong/workspace/driverless/driverless_ws/src/install/eufs_msgs/share/eufs_msgs/package.zsh'
[2.194s] Level 1:colcon.colcon_core.environment:create_file_with_runtime_dependencies(/home/andrewwhong/workspace/driverless/driverless_ws/src/install/eufs_msgs/share/colcon-core/packages/eufs_msgs)
[2.194s] INFO:colcon.colcon_ros.task.ament_cmake.build:Building ROS package in '/home/andrewwhong/workspace/driverless/driverless_ws/src/planning' with build type 'ament_cmake'
[2.195s] INFO:colcon.colcon_cmake.task.cmake.build:Building CMake package in '/home/andrewwhong/workspace/driverless/driverless_ws/src/planning'
[2.196s] INFO:colcon.colcon_core.shell:Skip shell extension 'powershell' for command environment: Not usable outside of PowerShell
[2.196s] DEBUG:colcon.colcon_core.shell:Skip shell extension 'dsv' for command environment
[2.369s] DEBUG:colcon.colcon_core.event_handler.log_command:Invoking command in '/home/andrewwhong/workspace/driverless/driverless_ws/src/build/planning': AMENT_PREFIX_PATH=/home/andrewwhong/workspace/driverless/driverless_ws/src/install/eufs_msgs:${AMENT_PREFIX_PATH} CMAKE_PREFIX_PATH=/home/andrewwhong/workspace/driverless/driverless_ws/src/install/eufs_msgs:/home/andrewwhong/workspace/driverless/driverless_ws/install/perceptions:/home/andrewwhong/workspace/driverless/driverless_ws/install/interfaces:/home/andrewwhong/workspace/driverless/driverless_ws/install/eufs_msgs:/home/andrewwhong/workspace/driverless/driverless_ws/install/controls:/home/andrewwhong/workspace/driverless/driverless_ws/install/common:/home/andrewwhong/workspace/driverless/driverless_ws/install/collection:/home/andrewwhong/workspace/driverless/driverless_ws/install/actuators:/opt/ros/foxy LD_LIBRARY_PATH=/home/andrewwhong/workspace/driverless/driverless_ws/src/install/eufs_msgs/lib:${LD_LIBRARY_PATH} PYTHONPATH=/home/andrewwhong/workspace/driverless/driverless_ws/src/install/eufs_msgs/lib/python3.8/site-packages:${PYTHONPATH} /usr/bin/cmake --build /home/andrewwhong/workspace/driverless/driverless_ws/src/build/planning -- -j12 -l12
[6.283s] DEBUG:colcon.colcon_core.event_handler.log_command:Invoked command in '/home/andrewwhong/workspace/driverless/driverless_ws/src/build/planning' returned '2': AMENT_PREFIX_PATH=/home/andrewwhong/workspace/driverless/driverless_ws/src/install/eufs_msgs:${AMENT_PREFIX_PATH} CMAKE_PREFIX_PATH=/home/andrewwhong/workspace/driverless/driverless_ws/src/install/eufs_msgs:/home/andrewwhong/workspace/driverless/driverless_ws/install/perceptions:/home/andrewwhong/workspace/driverless/driverless_ws/install/interfaces:/home/andrewwhong/workspace/driverless/driverless_ws/install/eufs_msgs:/home/andrewwhong/workspace/driverless/driverless_ws/install/controls:/home/andrewwhong/workspace/driverless/driverless_ws/install/common:/home/andrewwhong/workspace/driverless/driverless_ws/install/collection:/home/andrewwhong/workspace/driverless/driverless_ws/install/actuators:/opt/ros/foxy LD_LIBRARY_PATH=/home/andrewwhong/workspace/driverless/driverless_ws/src/install/eufs_msgs/lib:${LD_LIBRARY_PATH} PYTHONPATH=/home/andrewwhong/workspace/driverless/driverless_ws/src/install/eufs_msgs/lib/python3.8/site-packages:${PYTHONPATH} /usr/bin/cmake --build /home/andrewwhong/workspace/driverless/driverless_ws/src/build/planning -- -j12 -l12
[6.306s] Level 1:colcon.colcon_core.environment:create_environment_scripts_only(planning)
[6.308s] Level 1:colcon.colcon_core.environment:checking '/home/andrewwhong/workspace/driverless/driverless_ws/src/install/planning' for CMake module files
[6.308s] Level 1:colcon.colcon_core.environment:checking '/home/andrewwhong/workspace/driverless/driverless_ws/src/install/planning' for CMake config files
[6.309s] Level 1:colcon.colcon_core.environment:checking '/home/andrewwhong/workspace/driverless/driverless_ws/src/install/planning/bin'
[6.309s] Level 1:colcon.colcon_core.environment:checking '/home/andrewwhong/workspace/driverless/driverless_ws/src/install/planning/lib/pkgconfig/planning.pc'
[6.309s] Level 1:colcon.colcon_core.environment:checking '/home/andrewwhong/workspace/driverless/driverless_ws/src/install/planning/lib/python3.8/site-packages'
[6.309s] Level 1:colcon.colcon_core.environment:checking '/home/andrewwhong/workspace/driverless/driverless_ws/src/install/planning/bin'
[6.310s] INFO:colcon.colcon_core.shell:Creating package script '/home/andrewwhong/workspace/driverless/driverless_ws/src/install/planning/share/planning/package.ps1'
[6.311s] INFO:colcon.colcon_core.shell:Creating package descriptor '/home/andrewwhong/workspace/driverless/driverless_ws/src/install/planning/share/planning/package.dsv'
[6.311s] INFO:colcon.colcon_core.shell:Creating package script '/home/andrewwhong/workspace/driverless/driverless_ws/src/install/planning/share/planning/package.sh'
[6.312s] INFO:colcon.colcon_core.shell:Creating package script '/home/andrewwhong/workspace/driverless/driverless_ws/src/install/planning/share/planning/package.bash'
[6.312s] INFO:colcon.colcon_core.shell:Creating package script '/home/andrewwhong/workspace/driverless/driverless_ws/src/install/planning/share/planning/package.zsh'
[6.312s] Level 1:colcon.colcon_core.environment:create_file_with_runtime_dependencies(/home/andrewwhong/workspace/driverless/driverless_ws/src/install/planning/share/colcon-core/packages/planning)
[6.323s] DEBUG:colcon.colcon_parallel_executor.executor.parallel:closing loop
[6.323s] DEBUG:colcon.colcon_parallel_executor.executor.parallel:loop closed
[6.323s] DEBUG:colcon.colcon_parallel_executor.executor.parallel:run_until_complete finished with '2'
[6.323s] DEBUG:colcon.colcon_core.event_reactor:joining thread
[6.384s] INFO:colcon.colcon_core.plugin_system:Skipping extension 'colcon_notification.desktop_notification.notify_send': Could not find 'notify-send'
[6.385s] INFO:colcon.colcon_core.plugin_system:Skipping extension 'colcon_notification.desktop_notification.terminal_notifier': Not used on non-Darwin systems
[6.385s] INFO:colcon.colcon_core.plugin_system:Skipping extension 'colcon_notification.desktop_notification.win32': Not used on non-Windows systems
[6.385s] INFO:colcon.colcon_notification.desktop_notification:Sending desktop notification using 'notify2'
[30.820s] DEBUG:colcon.colcon_notification.desktop_notification.notify2:Failed to initialize notify2: org.freedesktop.DBus.Error.Spawn.ExecFailed: /usr/bin/dbus-launch terminated abnormally without any error message
