[0.042s] Invoking command in '/home/griffin/driverless/driverless_ws/build/common': CMAKE_PREFIX_PATH=/opt/ros/foxy /usr/bin/cmake --build /home/griffin/driverless/driverless_ws/build/common -- -j12 -l12
[0.053s] ninja: no work to do.
[0.125s] Invoked command in '/home/griffin/driverless/driverless_ws/build/common' returned '0': CMAKE_PREFIX_PATH=/opt/ros/foxy /usr/bin/cmake --build /home/griffin/driverless/driverless_ws/build/common -- -j12 -l12
[0.126s] Invoking command in '/home/griffin/driverless/driverless_ws/build/common': CMAKE_PREFIX_PATH=/opt/ros/foxy /usr/bin/cmake --install /home/griffin/driverless/driverless_ws/build/common
[0.127s] -- Install configuration: ""
[0.127s] -- Up-to-date: /home/griffin/driverless/driverless_ws/install/common/share/ament_index/resource_index/package_run_dependencies/common
[0.127s] -- Up-to-date: /home/griffin/driverless/driverless_ws/install/common/share/ament_index/resource_index/parent_prefix_path/common
[0.127s] -- Up-to-date: /home/griffin/driverless/driverless_ws/install/common/share/common/environment/ament_prefix_path.sh
[0.127s] -- Up-to-date: /home/griffin/driverless/driverless_ws/install/common/share/common/environment/ament_prefix_path.dsv
[0.127s] -- Up-to-date: /home/griffin/driverless/driverless_ws/install/common/share/common/environment/path.sh
[0.127s] -- Up-to-date: /home/griffin/driverless/driverless_ws/install/common/share/common/environment/path.dsv
[0.128s] -- Up-to-date: /home/griffin/driverless/driverless_ws/install/common/share/common/local_setup.bash
[0.128s] -- Up-to-date: /home/griffin/driverless/driverless_ws/install/common/share/common/local_setup.sh
[0.128s] -- Up-to-date: /home/griffin/driverless/driverless_ws/install/common/share/common/local_setup.zsh
[0.128s] -- Up-to-date: /home/griffin/driverless/driverless_ws/install/common/share/common/local_setup.dsv
[0.128s] -- Installing: /home/griffin/driverless/driverless_ws/install/common/share/common/package.dsv
[0.128s] -- Up-to-date: /home/griffin/driverless/driverless_ws/install/common/share/ament_index/resource_index/packages/common
[0.128s] -- Up-to-date: /home/griffin/driverless/driverless_ws/install/common/share/common/cmake/commonConfig.cmake
[0.128s] -- Up-to-date: /home/griffin/driverless/driverless_ws/install/common/share/common/cmake/commonConfig-version.cmake
[0.128s] -- Up-to-date: /home/griffin/driverless/driverless_ws/install/common/share/common/package.xml
[0.246s] Invoked command in '/home/griffin/driverless/driverless_ws/build/common' returned '0': CMAKE_PREFIX_PATH=/opt/ros/foxy /usr/bin/cmake --install /home/griffin/driverless/driverless_ws/build/common
