[0.889s] DEBUG:colcon:Command line arguments: ['/usr/local/bin/colcon', 'build', '--packages-select', 'cmrdv_planning']
[0.889s] DEBUG:colcon:Parsed command line arguments: Namespace(ament_cmake_args=None, base_paths=['.'], build_base='build', catkin_cmake_args=None, catkin_skip_building_tests=False, cmake_args=None, cmake_clean_cache=False, cmake_clean_first=False, cmake_force_configure=False, cmake_target=None, cmake_target_skip_unavailable=False, continue_on_error=False, event_handlers=None, executor='parallel', ignore_user_meta=False, install_base='install', log_base=None, log_level=None, main=<bound method BuildVerb.main of <colcon_core.verb.build.BuildVerb object at 0x7fc28ac0d790>>, merge_install=False, metas=['./colcon.meta'], packages_above=None, packages_above_and_dependencies=None, packages_above_depth=None, packages_end=None, packages_ignore=None, packages_ignore_regex=None, packages_select=['cmrdv_planning'], packages_select_build_failed=False, packages_select_by_dep=None, packages_select_regex=None, packages_select_test_failures=False, packages_skip=None, packages_skip_build_finished=False, packages_skip_by_dep=None, packages_skip_regex=None, packages_skip_test_passed=False, packages_skip_up_to=None, packages_start=None, packages_up_to=None, packages_up_to_regex=None, parallel_workers=8, paths=None, symlink_install=False, test_result_base=None, verb_extension=<colcon_core.verb.build.BuildVerb object at 0x7fc28ac0d790>, verb_name='build', verb_parser=<colcon_defaults.argument_parser.defaults.DefaultArgumentsDecorator object at 0x7fc28ac0dd00>)
[0.945s] Level 1:colcon.colcon_core.package_discovery:discover_packages(colcon_meta) check parameters
[0.946s] Level 1:colcon.colcon_core.package_discovery:discover_packages(recursive) check parameters
[0.946s] Level 1:colcon.colcon_core.package_discovery:discover_packages(ignore) check parameters
[0.946s] Level 1:colcon.colcon_core.package_discovery:discover_packages(path) check parameters
[0.946s] Level 1:colcon.colcon_core.package_discovery:discover_packages(colcon_meta) discover
[0.946s] Level 1:colcon.colcon_core.package_discovery:discover_packages(recursive) discover
[0.946s] INFO:colcon.colcon_core.package_discovery:Crawling recursively for packages in '/driverless'
[0.946s] Level 1:colcon.colcon_core.package_identification:_identify(.) by extensions ['ignore', 'ignore_ament_install']
[0.946s] Level 1:colcon.colcon_core.package_identification:_identify(.) by extension 'ignore'
[0.946s] Level 1:colcon.colcon_core.package_identification:_identify(.) by extension 'ignore_ament_install'
[0.946s] Level 1:colcon.colcon_core.package_identification:_identify(.) by extensions ['colcon_pkg']
[0.946s] Level 1:colcon.colcon_core.package_identification:_identify(.) by extension 'colcon_pkg'
[0.946s] Level 1:colcon.colcon_core.package_identification:_identify(.) by extensions ['colcon_meta']
[0.946s] Level 1:colcon.colcon_core.package_identification:_identify(.) by extension 'colcon_meta'
[0.946s] Level 1:colcon.colcon_core.package_identification:_identify(.) by extensions ['ros']
[0.946s] Level 1:colcon.colcon_core.package_identification:_identify(.) by extension 'ros'
[0.985s] Level 1:colcon.colcon_core.package_identification:_identify(.) by extensions ['cmake', 'python']
[0.985s] Level 1:colcon.colcon_core.package_identification:_identify(.) by extension 'cmake'
[0.985s] Level 1:colcon.colcon_core.package_identification:_identify(.) by extension 'python'
[0.985s] Level 1:colcon.colcon_core.package_identification:_identify(.) by extensions ['python_setup_py']
[0.985s] Level 1:colcon.colcon_core.package_identification:_identify(.) by extension 'python_setup_py'
[0.986s] Level 1:colcon.colcon_core.package_identification:_identify(__pycache__) by extensions ['ignore', 'ignore_ament_install']
[0.986s] Level 1:colcon.colcon_core.package_identification:_identify(__pycache__) by extension 'ignore'
[0.986s] Level 1:colcon.colcon_core.package_identification:_identify(__pycache__) by extension 'ignore_ament_install'
[0.986s] Level 1:colcon.colcon_core.package_identification:_identify(__pycache__) by extensions ['colcon_pkg']
[0.986s] Level 1:colcon.colcon_core.package_identification:_identify(__pycache__) by extension 'colcon_pkg'
[0.986s] Level 1:colcon.colcon_core.package_identification:_identify(__pycache__) by extensions ['colcon_meta']
[0.986s] Level 1:colcon.colcon_core.package_identification:_identify(__pycache__) by extension 'colcon_meta'
[0.986s] Level 1:colcon.colcon_core.package_identification:_identify(__pycache__) by extensions ['ros']
[0.986s] Level 1:colcon.colcon_core.package_identification:_identify(__pycache__) by extension 'ros'
[0.986s] Level 1:colcon.colcon_core.package_identification:_identify(__pycache__) by extensions ['cmake', 'python']
[0.986s] Level 1:colcon.colcon_core.package_identification:_identify(__pycache__) by extension 'cmake'
[0.986s] Level 1:colcon.colcon_core.package_identification:_identify(__pycache__) by extension 'python'
[0.986s] Level 1:colcon.colcon_core.package_identification:_identify(__pycache__) by extensions ['python_setup_py']
[0.986s] Level 1:colcon.colcon_core.package_identification:_identify(__pycache__) by extension 'python_setup_py'
[0.987s] Level 1:colcon.colcon_core.package_identification:_identify(build) by extensions ['ignore', 'ignore_ament_install']
[0.987s] Level 1:colcon.colcon_core.package_identification:_identify(build) by extension 'ignore'
[0.987s] Level 1:colcon.colcon_core.package_identification:_identify(build) ignored
[0.987s] Level 1:colcon.colcon_core.package_identification:_identify(cmrdv_ws) by extensions ['ignore', 'ignore_ament_install']
[0.987s] Level 1:colcon.colcon_core.package_identification:_identify(cmrdv_ws) by extension 'ignore'
[0.987s] Level 1:colcon.colcon_core.package_identification:_identify(cmrdv_ws) by extension 'ignore_ament_install'
[0.987s] Level 1:colcon.colcon_core.package_identification:_identify(cmrdv_ws) by extensions ['colcon_pkg']
[0.987s] Level 1:colcon.colcon_core.package_identification:_identify(cmrdv_ws) by extension 'colcon_pkg'
[0.987s] Level 1:colcon.colcon_core.package_identification:_identify(cmrdv_ws) by extensions ['colcon_meta']
[0.987s] Level 1:colcon.colcon_core.package_identification:_identify(cmrdv_ws) by extension 'colcon_meta'
[0.987s] Level 1:colcon.colcon_core.package_identification:_identify(cmrdv_ws) by extensions ['ros']
[0.987s] Level 1:colcon.colcon_core.package_identification:_identify(cmrdv_ws) by extension 'ros'
[0.988s] Level 1:colcon.colcon_core.package_identification:_identify(cmrdv_ws) by extensions ['cmake', 'python']
[0.988s] Level 1:colcon.colcon_core.package_identification:_identify(cmrdv_ws) by extension 'cmake'
[0.988s] Level 1:colcon.colcon_core.package_identification:_identify(cmrdv_ws) by extension 'python'
[0.988s] Level 1:colcon.colcon_core.package_identification:_identify(cmrdv_ws) by extensions ['python_setup_py']
[0.988s] Level 1:colcon.colcon_core.package_identification:_identify(cmrdv_ws) by extension 'python_setup_py'
[0.988s] Level 1:colcon.colcon_core.package_identification:_identify(cmrdv_ws/__pycache__) by extensions ['ignore', 'ignore_ament_install']
[0.988s] Level 1:colcon.colcon_core.package_identification:_identify(cmrdv_ws/__pycache__) by extension 'ignore'
[0.988s] Level 1:colcon.colcon_core.package_identification:_identify(cmrdv_ws/__pycache__) by extension 'ignore_ament_install'
[0.989s] Level 1:colcon.colcon_core.package_identification:_identify(cmrdv_ws/__pycache__) by extensions ['colcon_pkg']
[0.989s] Level 1:colcon.colcon_core.package_identification:_identify(cmrdv_ws/__pycache__) by extension 'colcon_pkg'
[0.989s] Level 1:colcon.colcon_core.package_identification:_identify(cmrdv_ws/__pycache__) by extensions ['colcon_meta']
[0.989s] Level 1:colcon.colcon_core.package_identification:_identify(cmrdv_ws/__pycache__) by extension 'colcon_meta'
[0.989s] Level 1:colcon.colcon_core.package_identification:_identify(cmrdv_ws/__pycache__) by extensions ['ros']
[0.989s] Level 1:colcon.colcon_core.package_identification:_identify(cmrdv_ws/__pycache__) by extension 'ros'
[0.989s] Level 1:colcon.colcon_core.package_identification:_identify(cmrdv_ws/__pycache__) by extensions ['cmake', 'python']
[0.989s] Level 1:colcon.colcon_core.package_identification:_identify(cmrdv_ws/__pycache__) by extension 'cmake'
[0.989s] Level 1:colcon.colcon_core.package_identification:_identify(cmrdv_ws/__pycache__) by extension 'python'
[0.990s] Level 1:colcon.colcon_core.package_identification:_identify(cmrdv_ws/__pycache__) by extensions ['python_setup_py']
[0.990s] Level 1:colcon.colcon_core.package_identification:_identify(cmrdv_ws/__pycache__) by extension 'python_setup_py'
[0.990s] Level 1:colcon.colcon_core.package_identification:_identify(cmrdv_ws/build) by extensions ['ignore', 'ignore_ament_install']
[0.990s] Level 1:colcon.colcon_core.package_identification:_identify(cmrdv_ws/build) by extension 'ignore'
[0.990s] Level 1:colcon.colcon_core.package_identification:_identify(cmrdv_ws/build) ignored
[0.990s] Level 1:colcon.colcon_core.package_identification:_identify(cmrdv_ws/firstLineTurn) by extensions ['ignore', 'ignore_ament_install']
[0.990s] Level 1:colcon.colcon_core.package_identification:_identify(cmrdv_ws/firstLineTurn) by extension 'ignore'
[0.990s] Level 1:colcon.colcon_core.package_identification:_identify(cmrdv_ws/firstLineTurn) by extension 'ignore_ament_install'
[0.990s] Level 1:colcon.colcon_core.package_identification:_identify(cmrdv_ws/firstLineTurn) by extensions ['colcon_pkg']
[0.991s] Level 1:colcon.colcon_core.package_identification:_identify(cmrdv_ws/firstLineTurn) by extension 'colcon_pkg'
[0.991s] Level 1:colcon.colcon_core.package_identification:_identify(cmrdv_ws/firstLineTurn) by extensions ['colcon_meta']
[0.991s] Level 1:colcon.colcon_core.package_identification:_identify(cmrdv_ws/firstLineTurn) by extension 'colcon_meta'
[0.991s] Level 1:colcon.colcon_core.package_identification:_identify(cmrdv_ws/firstLineTurn) by extensions ['ros']
[0.991s] Level 1:colcon.colcon_core.package_identification:_identify(cmrdv_ws/firstLineTurn) by extension 'ros'
[0.991s] Level 1:colcon.colcon_core.package_identification:_identify(cmrdv_ws/firstLineTurn) by extensions ['cmake', 'python']
[0.991s] Level 1:colcon.colcon_core.package_identification:_identify(cmrdv_ws/firstLineTurn) by extension 'cmake'
[0.991s] Level 1:colcon.colcon_core.package_identification:_identify(cmrdv_ws/firstLineTurn) by extension 'python'
[0.991s] Level 1:colcon.colcon_core.package_identification:_identify(cmrdv_ws/firstLineTurn) by extensions ['python_setup_py']
[0.991s] Level 1:colcon.colcon_core.package_identification:_identify(cmrdv_ws/firstLineTurn) by extension 'python_setup_py'
[0.991s] Level 1:colcon.colcon_core.package_identification:_identify(cmrdv_ws/install) by extensions ['ignore', 'ignore_ament_install']
[0.991s] Level 1:colcon.colcon_core.package_identification:_identify(cmrdv_ws/install) by extension 'ignore'
[0.992s] Level 1:colcon.colcon_core.package_identification:_identify(cmrdv_ws/install) ignored
[0.992s] Level 1:colcon.colcon_core.package_identification:_identify(cmrdv_ws/log) by extensions ['ignore', 'ignore_ament_install']
[0.992s] Level 1:colcon.colcon_core.package_identification:_identify(cmrdv_ws/log) by extension 'ignore'
[0.992s] Level 1:colcon.colcon_core.package_identification:_identify(cmrdv_ws/log) ignored
[0.992s] Level 1:colcon.colcon_core.package_identification:_identify(cmrdv_ws/rosbag2_2023_05_01-19_05_16) by extensions ['ignore', 'ignore_ament_install']
[0.992s] Level 1:colcon.colcon_core.package_identification:_identify(cmrdv_ws/rosbag2_2023_05_01-19_05_16) by extension 'ignore'
[0.992s] Level 1:colcon.colcon_core.package_identification:_identify(cmrdv_ws/rosbag2_2023_05_01-19_05_16) by extension 'ignore_ament_install'
[0.992s] Level 1:colcon.colcon_core.package_identification:_identify(cmrdv_ws/rosbag2_2023_05_01-19_05_16) by extensions ['colcon_pkg']
[0.992s] Level 1:colcon.colcon_core.package_identification:_identify(cmrdv_ws/rosbag2_2023_05_01-19_05_16) by extension 'colcon_pkg'
[0.992s] Level 1:colcon.colcon_core.package_identification:_identify(cmrdv_ws/rosbag2_2023_05_01-19_05_16) by extensions ['colcon_meta']
[0.993s] Level 1:colcon.colcon_core.package_identification:_identify(cmrdv_ws/rosbag2_2023_05_01-19_05_16) by extension 'colcon_meta'
[0.993s] Level 1:colcon.colcon_core.package_identification:_identify(cmrdv_ws/rosbag2_2023_05_01-19_05_16) by extensions ['ros']
[0.993s] Level 1:colcon.colcon_core.package_identification:_identify(cmrdv_ws/rosbag2_2023_05_01-19_05_16) by extension 'ros'
[0.993s] Level 1:colcon.colcon_core.package_identification:_identify(cmrdv_ws/rosbag2_2023_05_01-19_05_16) by extensions ['cmake', 'python']
[0.993s] Level 1:colcon.colcon_core.package_identification:_identify(cmrdv_ws/rosbag2_2023_05_01-19_05_16) by extension 'cmake'
[0.993s] Level 1:colcon.colcon_core.package_identification:_identify(cmrdv_ws/rosbag2_2023_05_01-19_05_16) by extension 'python'
[0.993s] Level 1:colcon.colcon_core.package_identification:_identify(cmrdv_ws/rosbag2_2023_05_01-19_05_16) by extensions ['python_setup_py']
[0.993s] Level 1:colcon.colcon_core.package_identification:_identify(cmrdv_ws/rosbag2_2023_05_01-19_05_16) by extension 'python_setup_py'
[0.993s] Level 1:colcon.colcon_core.package_identification:_identify(cmrdv_ws/rosbag2_2023_05_04-15_20_23) by extensions ['ignore', 'ignore_ament_install']
[0.993s] Level 1:colcon.colcon_core.package_identification:_identify(cmrdv_ws/rosbag2_2023_05_04-15_20_23) by extension 'ignore'
[0.993s] Level 1:colcon.colcon_core.package_identification:_identify(cmrdv_ws/rosbag2_2023_05_04-15_20_23) by extension 'ignore_ament_install'
[0.993s] Level 1:colcon.colcon_core.package_identification:_identify(cmrdv_ws/rosbag2_2023_05_04-15_20_23) by extensions ['colcon_pkg']
[0.994s] Level 1:colcon.colcon_core.package_identification:_identify(cmrdv_ws/rosbag2_2023_05_04-15_20_23) by extension 'colcon_pkg'
[0.994s] Level 1:colcon.colcon_core.package_identification:_identify(cmrdv_ws/rosbag2_2023_05_04-15_20_23) by extensions ['colcon_meta']
[0.994s] Level 1:colcon.colcon_core.package_identification:_identify(cmrdv_ws/rosbag2_2023_05_04-15_20_23) by extension 'colcon_meta'
[0.994s] Level 1:colcon.colcon_core.package_identification:_identify(cmrdv_ws/rosbag2_2023_05_04-15_20_23) by extensions ['ros']
[0.994s] Level 1:colcon.colcon_core.package_identification:_identify(cmrdv_ws/rosbag2_2023_05_04-15_20_23) by extension 'ros'
[0.994s] Level 1:colcon.colcon_core.package_identification:_identify(cmrdv_ws/rosbag2_2023_05_04-15_20_23) by extensions ['cmake', 'python']
[0.994s] Level 1:colcon.colcon_core.package_identification:_identify(cmrdv_ws/rosbag2_2023_05_04-15_20_23) by extension 'cmake'
[0.994s] Level 1:colcon.colcon_core.package_identification:_identify(cmrdv_ws/rosbag2_2023_05_04-15_20_23) by extension 'python'
[0.994s] Level 1:colcon.colcon_core.package_identification:_identify(cmrdv_ws/rosbag2_2023_05_04-15_20_23) by extensions ['python_setup_py']
[0.994s] Level 1:colcon.colcon_core.package_identification:_identify(cmrdv_ws/rosbag2_2023_05_04-15_20_23) by extension 'python_setup_py'
[0.995s] Level 1:colcon.colcon_core.package_identification:_identify(cmrdv_ws/rosbag2_2023_05_04-15_20_40) by extensions ['ignore', 'ignore_ament_install']
[0.995s] Level 1:colcon.colcon_core.package_identification:_identify(cmrdv_ws/rosbag2_2023_05_04-15_20_40) by extension 'ignore'
[0.995s] Level 1:colcon.colcon_core.package_identification:_identify(cmrdv_ws/rosbag2_2023_05_04-15_20_40) by extension 'ignore_ament_install'
[0.995s] Level 1:colcon.colcon_core.package_identification:_identify(cmrdv_ws/rosbag2_2023_05_04-15_20_40) by extensions ['colcon_pkg']
[0.995s] Level 1:colcon.colcon_core.package_identification:_identify(cmrdv_ws/rosbag2_2023_05_04-15_20_40) by extension 'colcon_pkg'
[0.995s] Level 1:colcon.colcon_core.package_identification:_identify(cmrdv_ws/rosbag2_2023_05_04-15_20_40) by extensions ['colcon_meta']
[0.995s] Level 1:colcon.colcon_core.package_identification:_identify(cmrdv_ws/rosbag2_2023_05_04-15_20_40) by extension 'colcon_meta'
[0.995s] Level 1:colcon.colcon_core.package_identification:_identify(cmrdv_ws/rosbag2_2023_05_04-15_20_40) by extensions ['ros']
[0.995s] Level 1:colcon.colcon_core.package_identification:_identify(cmrdv_ws/rosbag2_2023_05_04-15_20_40) by extension 'ros'
[0.995s] Level 1:colcon.colcon_core.package_identification:_identify(cmrdv_ws/rosbag2_2023_05_04-15_20_40) by extensions ['cmake', 'python']
[0.995s] Level 1:colcon.colcon_core.package_identification:_identify(cmrdv_ws/rosbag2_2023_05_04-15_20_40) by extension 'cmake'
[0.995s] Level 1:colcon.colcon_core.package_identification:_identify(cmrdv_ws/rosbag2_2023_05_04-15_20_40) by extension 'python'
[0.996s] Level 1:colcon.colcon_core.package_identification:_identify(cmrdv_ws/rosbag2_2023_05_04-15_20_40) by extensions ['python_setup_py']
[0.996s] Level 1:colcon.colcon_core.package_identification:_identify(cmrdv_ws/rosbag2_2023_05_04-15_20_40) by extension 'python_setup_py'
[0.996s] Level 1:colcon.colcon_core.package_identification:_identify(cmrdv_ws/rosbag2_2023_05_04-15_24_02) by extensions ['ignore', 'ignore_ament_install']
[0.996s] Level 1:colcon.colcon_core.package_identification:_identify(cmrdv_ws/rosbag2_2023_05_04-15_24_02) by extension 'ignore'
[0.996s] Level 1:colcon.colcon_core.package_identification:_identify(cmrdv_ws/rosbag2_2023_05_04-15_24_02) by extension 'ignore_ament_install'
[0.996s] Level 1:colcon.colcon_core.package_identification:_identify(cmrdv_ws/rosbag2_2023_05_04-15_24_02) by extensions ['colcon_pkg']
[0.996s] Level 1:colcon.colcon_core.package_identification:_identify(cmrdv_ws/rosbag2_2023_05_04-15_24_02) by extension 'colcon_pkg'
[0.996s] Level 1:colcon.colcon_core.package_identification:_identify(cmrdv_ws/rosbag2_2023_05_04-15_24_02) by extensions ['colcon_meta']
[0.996s] Level 1:colcon.colcon_core.package_identification:_identify(cmrdv_ws/rosbag2_2023_05_04-15_24_02) by extension 'colcon_meta'
[0.996s] Level 1:colcon.colcon_core.package_identification:_identify(cmrdv_ws/rosbag2_2023_05_04-15_24_02) by extensions ['ros']
[0.996s] Level 1:colcon.colcon_core.package_identification:_identify(cmrdv_ws/rosbag2_2023_05_04-15_24_02) by extension 'ros'
[0.996s] Level 1:colcon.colcon_core.package_identification:_identify(cmrdv_ws/rosbag2_2023_05_04-15_24_02) by extensions ['cmake', 'python']
[0.996s] Level 1:colcon.colcon_core.package_identification:_identify(cmrdv_ws/rosbag2_2023_05_04-15_24_02) by extension 'cmake'
[0.996s] Level 1:colcon.colcon_core.package_identification:_identify(cmrdv_ws/rosbag2_2023_05_04-15_24_02) by extension 'python'
[0.996s] Level 1:colcon.colcon_core.package_identification:_identify(cmrdv_ws/rosbag2_2023_05_04-15_24_02) by extensions ['python_setup_py']
[0.997s] Level 1:colcon.colcon_core.package_identification:_identify(cmrdv_ws/rosbag2_2023_05_04-15_24_02) by extension 'python_setup_py'
[0.997s] Level 1:colcon.colcon_core.package_identification:_identify(cmrdv_ws/src) by extensions ['ignore', 'ignore_ament_install']
[0.997s] Level 1:colcon.colcon_core.package_identification:_identify(cmrdv_ws/src) by extension 'ignore'
[0.997s] Level 1:colcon.colcon_core.package_identification:_identify(cmrdv_ws/src) by extension 'ignore_ament_install'
[0.997s] Level 1:colcon.colcon_core.package_identification:_identify(cmrdv_ws/src) by extensions ['colcon_pkg']
[0.997s] Level 1:colcon.colcon_core.package_identification:_identify(cmrdv_ws/src) by extension 'colcon_pkg'
[0.997s] Level 1:colcon.colcon_core.package_identification:_identify(cmrdv_ws/src) by extensions ['colcon_meta']
[0.997s] Level 1:colcon.colcon_core.package_identification:_identify(cmrdv_ws/src) by extension 'colcon_meta'
[0.997s] Level 1:colcon.colcon_core.package_identification:_identify(cmrdv_ws/src) by extensions ['ros']
[0.997s] Level 1:colcon.colcon_core.package_identification:_identify(cmrdv_ws/src) by extension 'ros'
[0.997s] Level 1:colcon.colcon_core.package_identification:_identify(cmrdv_ws/src) by extensions ['cmake', 'python']
[0.997s] Level 1:colcon.colcon_core.package_identification:_identify(cmrdv_ws/src) by extension 'cmake'
[0.997s] Level 1:colcon.colcon_core.package_identification:_identify(cmrdv_ws/src) by extension 'python'
[0.997s] Level 1:colcon.colcon_core.package_identification:_identify(cmrdv_ws/src) by extensions ['python_setup_py']
[0.997s] Level 1:colcon.colcon_core.package_identification:_identify(cmrdv_ws/src) by extension 'python_setup_py'
[0.998s] Level 1:colcon.colcon_core.package_identification:_identify(cmrdv_ws/src/__pycache__) by extensions ['ignore', 'ignore_ament_install']
[0.998s] Level 1:colcon.colcon_core.package_identification:_identify(cmrdv_ws/src/__pycache__) by extension 'ignore'
[0.998s] Level 1:colcon.colcon_core.package_identification:_identify(cmrdv_ws/src/__pycache__) by extension 'ignore_ament_install'
[0.998s] Level 1:colcon.colcon_core.package_identification:_identify(cmrdv_ws/src/__pycache__) by extensions ['colcon_pkg']
[0.998s] Level 1:colcon.colcon_core.package_identification:_identify(cmrdv_ws/src/__pycache__) by extension 'colcon_pkg'
[0.998s] Level 1:colcon.colcon_core.package_identification:_identify(cmrdv_ws/src/__pycache__) by extensions ['colcon_meta']
[0.998s] Level 1:colcon.colcon_core.package_identification:_identify(cmrdv_ws/src/__pycache__) by extension 'colcon_meta'
[0.998s] Level 1:colcon.colcon_core.package_identification:_identify(cmrdv_ws/src/__pycache__) by extensions ['ros']
[0.998s] Level 1:colcon.colcon_core.package_identification:_identify(cmrdv_ws/src/__pycache__) by extension 'ros'
[0.998s] Level 1:colcon.colcon_core.package_identification:_identify(cmrdv_ws/src/__pycache__) by extensions ['cmake', 'python']
[0.998s] Level 1:colcon.colcon_core.package_identification:_identify(cmrdv_ws/src/__pycache__) by extension 'cmake'
[0.998s] Level 1:colcon.colcon_core.package_identification:_identify(cmrdv_ws/src/__pycache__) by extension 'python'
[0.998s] Level 1:colcon.colcon_core.package_identification:_identify(cmrdv_ws/src/__pycache__) by extensions ['python_setup_py']
[0.998s] Level 1:colcon.colcon_core.package_identification:_identify(cmrdv_ws/src/__pycache__) by extension 'python_setup_py'
[0.999s] Level 1:colcon.colcon_core.package_identification:_identify(cmrdv_ws/src/build) by extensions ['ignore', 'ignore_ament_install']
[0.999s] Level 1:colcon.colcon_core.package_identification:_identify(cmrdv_ws/src/build) by extension 'ignore'
[0.999s] Level 1:colcon.colcon_core.package_identification:_identify(cmrdv_ws/src/build) ignored
[0.999s] Level 1:colcon.colcon_core.package_identification:_identify(cmrdv_ws/src/cmrdv_actuators) by extensions ['ignore', 'ignore_ament_install']
[0.999s] Level 1:colcon.colcon_core.package_identification:_identify(cmrdv_ws/src/cmrdv_actuators) by extension 'ignore'
[0.999s] Level 1:colcon.colcon_core.package_identification:_identify(cmrdv_ws/src/cmrdv_actuators) by extension 'ignore_ament_install'
[1.000s] Level 1:colcon.colcon_core.package_identification:_identify(cmrdv_ws/src/cmrdv_actuators) by extensions ['colcon_pkg']
[1.000s] Level 1:colcon.colcon_core.package_identification:_identify(cmrdv_ws/src/cmrdv_actuators) by extension 'colcon_pkg'
[1.000s] Level 1:colcon.colcon_core.package_identification:_identify(cmrdv_ws/src/cmrdv_actuators) by extensions ['colcon_meta']
[1.000s] Level 1:colcon.colcon_core.package_identification:_identify(cmrdv_ws/src/cmrdv_actuators) by extension 'colcon_meta'
[1.000s] Level 1:colcon.colcon_core.package_identification:_identify(cmrdv_ws/src/cmrdv_actuators) by extensions ['ros']
[1.000s] Level 1:colcon.colcon_core.package_identification:_identify(cmrdv_ws/src/cmrdv_actuators) by extension 'ros'
[1.003s] DEBUG:colcon.colcon_core.package_identification:Package 'cmrdv_ws/src/cmrdv_actuators' with type 'ros.ament_python' and name 'cmrdv_actuators'
[1.003s] Level 1:colcon.colcon_core.package_identification:_identify(cmrdv_ws/src/cmrdv_bringup) by extensions ['ignore', 'ignore_ament_install']
[1.003s] Level 1:colcon.colcon_core.package_identification:_identify(cmrdv_ws/src/cmrdv_bringup) by extension 'ignore'
[1.004s] Level 1:colcon.colcon_core.package_identification:_identify(cmrdv_ws/src/cmrdv_bringup) by extension 'ignore_ament_install'
[1.004s] Level 1:colcon.colcon_core.package_identification:_identify(cmrdv_ws/src/cmrdv_bringup) by extensions ['colcon_pkg']
[1.004s] Level 1:colcon.colcon_core.package_identification:_identify(cmrdv_ws/src/cmrdv_bringup) by extension 'colcon_pkg'
[1.004s] Level 1:colcon.colcon_core.package_identification:_identify(cmrdv_ws/src/cmrdv_bringup) by extensions ['colcon_meta']
[1.004s] Level 1:colcon.colcon_core.package_identification:_identify(cmrdv_ws/src/cmrdv_bringup) by extension 'colcon_meta'
[1.004s] Level 1:colcon.colcon_core.package_identification:_identify(cmrdv_ws/src/cmrdv_bringup) by extensions ['ros']
[1.004s] Level 1:colcon.colcon_core.package_identification:_identify(cmrdv_ws/src/cmrdv_bringup) by extension 'ros'
[1.005s] DEBUG:colcon.colcon_core.package_identification:Package 'cmrdv_ws/src/cmrdv_bringup' with type 'ros.ament_python' and name 'cmrdv_bringup'
[1.005s] Level 1:colcon.colcon_core.package_identification:_identify(cmrdv_ws/src/cmrdv_collection) by extensions ['ignore', 'ignore_ament_install']
[1.006s] Level 1:colcon.colcon_core.package_identification:_identify(cmrdv_ws/src/cmrdv_collection) by extension 'ignore'
[1.006s] Level 1:colcon.colcon_core.package_identification:_identify(cmrdv_ws/src/cmrdv_collection) by extension 'ignore_ament_install'
[1.006s] Level 1:colcon.colcon_core.package_identification:_identify(cmrdv_ws/src/cmrdv_collection) by extensions ['colcon_pkg']
[1.006s] Level 1:colcon.colcon_core.package_identification:_identify(cmrdv_ws/src/cmrdv_collection) by extension 'colcon_pkg'
[1.006s] Level 1:colcon.colcon_core.package_identification:_identify(cmrdv_ws/src/cmrdv_collection) by extensions ['colcon_meta']
[1.006s] Level 1:colcon.colcon_core.package_identification:_identify(cmrdv_ws/src/cmrdv_collection) by extension 'colcon_meta'
[1.006s] Level 1:colcon.colcon_core.package_identification:_identify(cmrdv_ws/src/cmrdv_collection) by extensions ['ros']
[1.006s] Level 1:colcon.colcon_core.package_identification:_identify(cmrdv_ws/src/cmrdv_collection) by extension 'ros'
[1.007s] DEBUG:colcon.colcon_core.package_identification:Package 'cmrdv_ws/src/cmrdv_collection' with type 'ros.ament_python' and name 'cmrdv_collection'
[1.007s] Level 1:colcon.colcon_core.package_identification:_identify(cmrdv_ws/src/cmrdv_common) by extensions ['ignore', 'ignore_ament_install']
[1.007s] Level 1:colcon.colcon_core.package_identification:_identify(cmrdv_ws/src/cmrdv_common) by extension 'ignore'
[1.007s] Level 1:colcon.colcon_core.package_identification:_identify(cmrdv_ws/src/cmrdv_common) by extension 'ignore_ament_install'
[1.007s] Level 1:colcon.colcon_core.package_identification:_identify(cmrdv_ws/src/cmrdv_common) by extensions ['colcon_pkg']
[1.007s] Level 1:colcon.colcon_core.package_identification:_identify(cmrdv_ws/src/cmrdv_common) by extension 'colcon_pkg'
[1.007s] Level 1:colcon.colcon_core.package_identification:_identify(cmrdv_ws/src/cmrdv_common) by extensions ['colcon_meta']
[1.007s] Level 1:colcon.colcon_core.package_identification:_identify(cmrdv_ws/src/cmrdv_common) by extension 'colcon_meta'
[1.007s] Level 1:colcon.colcon_core.package_identification:_identify(cmrdv_ws/src/cmrdv_common) by extensions ['ros']
[1.007s] Level 1:colcon.colcon_core.package_identification:_identify(cmrdv_ws/src/cmrdv_common) by extension 'ros'
[1.008s] DEBUG:colcon.colcon_core.package_identification:Package 'cmrdv_ws/src/cmrdv_common' with type 'ros.ament_python' and name 'cmrdv_common'
[1.008s] Level 1:colcon.colcon_core.package_identification:_identify(cmrdv_ws/src/cmrdv_controls) by extensions ['ignore', 'ignore_ament_install']
[1.008s] Level 1:colcon.colcon_core.package_identification:_identify(cmrdv_ws/src/cmrdv_controls) by extension 'ignore'
[1.008s] Level 1:colcon.colcon_core.package_identification:_identify(cmrdv_ws/src/cmrdv_controls) by extension 'ignore_ament_install'
[1.009s] Level 1:colcon.colcon_core.package_identification:_identify(cmrdv_ws/src/cmrdv_controls) by extensions ['colcon_pkg']
[1.009s] Level 1:colcon.colcon_core.package_identification:_identify(cmrdv_ws/src/cmrdv_controls) by extension 'colcon_pkg'
[1.009s] Level 1:colcon.colcon_core.package_identification:_identify(cmrdv_ws/src/cmrdv_controls) by extensions ['colcon_meta']
[1.009s] Level 1:colcon.colcon_core.package_identification:_identify(cmrdv_ws/src/cmrdv_controls) by extension 'colcon_meta'
[1.009s] Level 1:colcon.colcon_core.package_identification:_identify(cmrdv_ws/src/cmrdv_controls) by extensions ['ros']
[1.009s] Level 1:colcon.colcon_core.package_identification:_identify(cmrdv_ws/src/cmrdv_controls) by extension 'ros'
[1.010s] DEBUG:colcon.colcon_core.package_identification:Package 'cmrdv_ws/src/cmrdv_controls' with type 'ros.ament_python' and name 'cmrdv_controls'
[1.010s] Level 1:colcon.colcon_core.package_identification:_identify(cmrdv_ws/src/cmrdv_interfaces) by extensions ['ignore', 'ignore_ament_install']
[1.010s] Level 1:colcon.colcon_core.package_identification:_identify(cmrdv_ws/src/cmrdv_interfaces) by extension 'ignore'
[1.011s] Level 1:colcon.colcon_core.package_identification:_identify(cmrdv_ws/src/cmrdv_interfaces) by extension 'ignore_ament_install'
[1.011s] Level 1:colcon.colcon_core.package_identification:_identify(cmrdv_ws/src/cmrdv_interfaces) by extensions ['colcon_pkg']
[1.011s] Level 1:colcon.colcon_core.package_identification:_identify(cmrdv_ws/src/cmrdv_interfaces) by extension 'colcon_pkg'
[1.011s] Level 1:colcon.colcon_core.package_identification:_identify(cmrdv_ws/src/cmrdv_interfaces) by extensions ['colcon_meta']
[1.011s] Level 1:colcon.colcon_core.package_identification:_identify(cmrdv_ws/src/cmrdv_interfaces) by extension 'colcon_meta'
[1.011s] Level 1:colcon.colcon_core.package_identification:_identify(cmrdv_ws/src/cmrdv_interfaces) by extensions ['ros']
[1.011s] Level 1:colcon.colcon_core.package_identification:_identify(cmrdv_ws/src/cmrdv_interfaces) by extension 'ros'
[1.012s] DEBUG:colcon.colcon_core.package_identification:Package 'cmrdv_ws/src/cmrdv_interfaces' with type 'ros.ament_cmake' and name 'cmrdv_interfaces'
[1.012s] Level 1:colcon.colcon_core.package_identification:_identify(cmrdv_ws/src/cmrdv_perceptions) by extensions ['ignore', 'ignore_ament_install']
[1.012s] Level 1:colcon.colcon_core.package_identification:_identify(cmrdv_ws/src/cmrdv_perceptions) by extension 'ignore'
[1.012s] Level 1:colcon.colcon_core.package_identification:_identify(cmrdv_ws/src/cmrdv_perceptions) by extension 'ignore_ament_install'
[1.013s] Level 1:colcon.colcon_core.package_identification:_identify(cmrdv_ws/src/cmrdv_perceptions) by extensions ['colcon_pkg']
[1.013s] Level 1:colcon.colcon_core.package_identification:_identify(cmrdv_ws/src/cmrdv_perceptions) by extension 'colcon_pkg'
[1.013s] Level 1:colcon.colcon_core.package_identification:_identify(cmrdv_ws/src/cmrdv_perceptions) by extensions ['colcon_meta']
[1.013s] Level 1:colcon.colcon_core.package_identification:_identify(cmrdv_ws/src/cmrdv_perceptions) by extension 'colcon_meta'
[1.013s] Level 1:colcon.colcon_core.package_identification:_identify(cmrdv_ws/src/cmrdv_perceptions) by extensions ['ros']
[1.013s] Level 1:colcon.colcon_core.package_identification:_identify(cmrdv_ws/src/cmrdv_perceptions) by extension 'ros'
[1.014s] DEBUG:colcon.colcon_core.package_identification:Package 'cmrdv_ws/src/cmrdv_perceptions' with type 'ros.ament_python' and name 'cmrdv_perceptions'
[1.015s] Level 1:colcon.colcon_core.package_identification:_identify(cmrdv_ws/src/cmrdv_planning) by extensions ['ignore', 'ignore_ament_install']
[1.015s] Level 1:colcon.colcon_core.package_identification:_identify(cmrdv_ws/src/cmrdv_planning) by extension 'ignore'
[1.015s] Level 1:colcon.colcon_core.package_identification:_identify(cmrdv_ws/src/cmrdv_planning) by extension 'ignore_ament_install'
[1.015s] Level 1:colcon.colcon_core.package_identification:_identify(cmrdv_ws/src/cmrdv_planning) by extensions ['colcon_pkg']
[1.015s] Level 1:colcon.colcon_core.package_identification:_identify(cmrdv_ws/src/cmrdv_planning) by extension 'colcon_pkg'
[1.015s] Level 1:colcon.colcon_core.package_identification:_identify(cmrdv_ws/src/cmrdv_planning) by extensions ['colcon_meta']
[1.015s] Level 1:colcon.colcon_core.package_identification:_identify(cmrdv_ws/src/cmrdv_planning) by extension 'colcon_meta'
[1.015s] Level 1:colcon.colcon_core.package_identification:_identify(cmrdv_ws/src/cmrdv_planning) by extensions ['ros']
[1.015s] Level 1:colcon.colcon_core.package_identification:_identify(cmrdv_ws/src/cmrdv_planning) by extension 'ros'
[1.016s] DEBUG:colcon.colcon_core.package_identification:Package 'cmrdv_ws/src/cmrdv_planning' with type 'ros.ament_python' and name 'cmrdv_planning'
[1.017s] Level 1:colcon.colcon_core.package_identification:_identify(cmrdv_ws/src/eufs_msgs) by extensions ['ignore', 'ignore_ament_install']
[1.017s] Level 1:colcon.colcon_core.package_identification:_identify(cmrdv_ws/src/eufs_msgs) by extension 'ignore'
[1.017s] Level 1:colcon.colcon_core.package_identification:_identify(cmrdv_ws/src/eufs_msgs) by extension 'ignore_ament_install'
[1.017s] Level 1:colcon.colcon_core.package_identification:_identify(cmrdv_ws/src/eufs_msgs) by extensions ['colcon_pkg']
[1.017s] Level 1:colcon.colcon_core.package_identification:_identify(cmrdv_ws/src/eufs_msgs) by extension 'colcon_pkg'
[1.017s] Level 1:colcon.colcon_core.package_identification:_identify(cmrdv_ws/src/eufs_msgs) by extensions ['colcon_meta']
[1.017s] Level 1:colcon.colcon_core.package_identification:_identify(cmrdv_ws/src/eufs_msgs) by extension 'colcon_meta'
[1.017s] Level 1:colcon.colcon_core.package_identification:_identify(cmrdv_ws/src/eufs_msgs) by extensions ['ros']
[1.017s] Level 1:colcon.colcon_core.package_identification:_identify(cmrdv_ws/src/eufs_msgs) by extension 'ros'
[1.018s] DEBUG:colcon.colcon_core.package_identification:Package 'cmrdv_ws/src/eufs_msgs' with type 'ros.ament_cmake' and name 'eufs_msgs'
[1.018s] Level 1:colcon.colcon_core.package_identification:_identify(cmrdv_ws/src/install) by extensions ['ignore', 'ignore_ament_install']
[1.019s] Level 1:colcon.colcon_core.package_identification:_identify(cmrdv_ws/src/install) by extension 'ignore'
[1.019s] Level 1:colcon.colcon_core.package_identification:_identify(cmrdv_ws/src/install) ignored
[1.019s] Level 1:colcon.colcon_core.package_identification:_identify(cmrdv_ws/src/log) by extensions ['ignore', 'ignore_ament_install']
[1.019s] Level 1:colcon.colcon_core.package_identification:_identify(cmrdv_ws/src/log) by extension 'ignore'
[1.019s] Level 1:colcon.colcon_core.package_identification:_identify(cmrdv_ws/src/log) ignored
[1.019s] Level 1:colcon.colcon_core.package_identification:_identify(docker) by extensions ['ignore', 'ignore_ament_install']
[1.019s] Level 1:colcon.colcon_core.package_identification:_identify(docker) by extension 'ignore'
[1.019s] Level 1:colcon.colcon_core.package_identification:_identify(docker) by extension 'ignore_ament_install'
[1.020s] Level 1:colcon.colcon_core.package_identification:_identify(docker) by extensions ['colcon_pkg']
[1.020s] Level 1:colcon.colcon_core.package_identification:_identify(docker) by extension 'colcon_pkg'
[1.020s] Level 1:colcon.colcon_core.package_identification:_identify(docker) by extensions ['colcon_meta']
[1.020s] Level 1:colcon.colcon_core.package_identification:_identify(docker) by extension 'colcon_meta'
[1.020s] Level 1:colcon.colcon_core.package_identification:_identify(docker) by extensions ['ros']
[1.020s] Level 1:colcon.colcon_core.package_identification:_identify(docker) by extension 'ros'
[1.020s] Level 1:colcon.colcon_core.package_identification:_identify(docker) by extensions ['cmake', 'python']
[1.020s] Level 1:colcon.colcon_core.package_identification:_identify(docker) by extension 'cmake'
[1.020s] Level 1:colcon.colcon_core.package_identification:_identify(docker) by extension 'python'
[1.021s] Level 1:colcon.colcon_core.package_identification:_identify(docker) by extensions ['python_setup_py']
[1.021s] Level 1:colcon.colcon_core.package_identification:_identify(docker) by extension 'python_setup_py'
[1.021s] Level 1:colcon.colcon_core.package_identification:_identify(docker/simulator) by extensions ['ignore', 'ignore_ament_install']
[1.021s] Level 1:colcon.colcon_core.package_identification:_identify(docker/simulator) by extension 'ignore'
[1.021s] Level 1:colcon.colcon_core.package_identification:_identify(docker/simulator) by extension 'ignore_ament_install'
[1.021s] Level 1:colcon.colcon_core.package_identification:_identify(docker/simulator) by extensions ['colcon_pkg']
[1.021s] Level 1:colcon.colcon_core.package_identification:_identify(docker/simulator) by extension 'colcon_pkg'
[1.021s] Level 1:colcon.colcon_core.package_identification:_identify(docker/simulator) by extensions ['colcon_meta']
[1.021s] Level 1:colcon.colcon_core.package_identification:_identify(docker/simulator) by extension 'colcon_meta'
[1.021s] Level 1:colcon.colcon_core.package_identification:_identify(docker/simulator) by extensions ['ros']
[1.021s] Level 1:colcon.colcon_core.package_identification:_identify(docker/simulator) by extension 'ros'
[1.022s] Level 1:colcon.colcon_core.package_identification:_identify(docker/simulator) by extensions ['cmake', 'python']
[1.022s] Level 1:colcon.colcon_core.package_identification:_identify(docker/simulator) by extension 'cmake'
[1.022s] Level 1:colcon.colcon_core.package_identification:_identify(docker/simulator) by extension 'python'
[1.022s] Level 1:colcon.colcon_core.package_identification:_identify(docker/simulator) by extensions ['python_setup_py']
[1.022s] Level 1:colcon.colcon_core.package_identification:_identify(docker/simulator) by extension 'python_setup_py'
[1.022s] Level 1:colcon.colcon_core.package_identification:_identify(docker/simulator/build) by extensions ['ignore', 'ignore_ament_install']
[1.022s] Level 1:colcon.colcon_core.package_identification:_identify(docker/simulator/build) by extension 'ignore'
[1.022s] Level 1:colcon.colcon_core.package_identification:_identify(docker/simulator/build) ignored
[1.023s] Level 1:colcon.colcon_core.package_identification:_identify(docker/simulator/install) by extensions ['ignore', 'ignore_ament_install']
[1.023s] Level 1:colcon.colcon_core.package_identification:_identify(docker/simulator/install) by extension 'ignore'
[1.023s] Level 1:colcon.colcon_core.package_identification:_identify(docker/simulator/install) ignored
[1.023s] Level 1:colcon.colcon_core.package_identification:_identify(docker/simulator/log) by extensions ['ignore', 'ignore_ament_install']
[1.023s] Level 1:colcon.colcon_core.package_identification:_identify(docker/simulator/log) by extension 'ignore'
[1.023s] Level 1:colcon.colcon_core.package_identification:_identify(docker/simulator/log) ignored
[1.023s] Level 1:colcon.colcon_core.package_identification:_identify(install) by extensions ['ignore', 'ignore_ament_install']
[1.024s] Level 1:colcon.colcon_core.package_identification:_identify(install) by extension 'ignore'
[1.024s] Level 1:colcon.colcon_core.package_identification:_identify(install) ignored
[1.024s] Level 1:colcon.colcon_core.package_identification:_identify(log) by extensions ['ignore', 'ignore_ament_install']
[1.024s] Level 1:colcon.colcon_core.package_identification:_identify(log) by extension 'ignore'
[1.024s] Level 1:colcon.colcon_core.package_identification:_identify(log) ignored
[1.024s] Level 1:colcon.colcon_core.package_discovery:discover_packages(recursive) using defaults
[1.024s] Level 1:colcon.colcon_core.package_discovery:discover_packages(ignore) discover
[1.024s] Level 1:colcon.colcon_core.package_discovery:discover_packages(ignore) using defaults
[1.024s] Level 1:colcon.colcon_core.package_discovery:discover_packages(path) discover
[1.024s] Level 1:colcon.colcon_core.package_discovery:discover_packages(path) using defaults
[1.095s] INFO:colcon.colcon_core.package_selection:Skipping not selected package 'eufs_msgs' in 'cmrdv_ws/src/eufs_msgs'
[1.095s] INFO:colcon.colcon_core.package_selection:Skipping not selected package 'cmrdv_interfaces' in 'cmrdv_ws/src/cmrdv_interfaces'
[1.095s] INFO:colcon.colcon_core.package_selection:Skipping not selected package 'cmrdv_collection' in 'cmrdv_ws/src/cmrdv_collection'
[1.096s] INFO:colcon.colcon_core.package_selection:Skipping not selected package 'cmrdv_common' in 'cmrdv_ws/src/cmrdv_common'
[1.096s] INFO:colcon.colcon_core.package_selection:Skipping not selected package 'cmrdv_perceptions' in 'cmrdv_ws/src/cmrdv_perceptions'
[1.096s] INFO:colcon.colcon_core.package_selection:Skipping not selected package 'cmrdv_actuators' in 'cmrdv_ws/src/cmrdv_actuators'
[1.096s] INFO:colcon.colcon_core.package_selection:Skipping not selected package 'cmrdv_controls' in 'cmrdv_ws/src/cmrdv_controls'
[1.096s] INFO:colcon.colcon_core.package_selection:Skipping not selected package 'cmrdv_bringup' in 'cmrdv_ws/src/cmrdv_bringup'
[1.112s] Level 5:colcon.colcon_core.verb:set package 'cmrdv_planning' build argument 'cmake_args' from command line to 'None'
[1.113s] Level 5:colcon.colcon_core.verb:set package 'cmrdv_planning' build argument 'cmake_target' from command line to 'None'
[1.113s] Level 5:colcon.colcon_core.verb:set package 'cmrdv_planning' build argument 'cmake_target_skip_unavailable' from command line to 'False'
[1.113s] Level 5:colcon.colcon_core.verb:set package 'cmrdv_planning' build argument 'cmake_clean_cache' from command line to 'False'
[1.113s] Level 5:colcon.colcon_core.verb:set package 'cmrdv_planning' build argument 'cmake_clean_first' from command line to 'False'
[1.113s] Level 5:colcon.colcon_core.verb:set package 'cmrdv_planning' build argument 'cmake_force_configure' from command line to 'False'
[1.113s] Level 5:colcon.colcon_core.verb:set package 'cmrdv_planning' build argument 'ament_cmake_args' from command line to 'None'
[1.113s] Level 5:colcon.colcon_core.verb:set package 'cmrdv_planning' build argument 'catkin_cmake_args' from command line to 'None'
[1.113s] Level 5:colcon.colcon_core.verb:set package 'cmrdv_planning' build argument 'catkin_skip_building_tests' from command line to 'False'
[1.113s] DEBUG:colcon.colcon_core.verb:Building package 'cmrdv_planning' with the following arguments: {'ament_cmake_args': None, 'build_base': '/driverless/build/cmrdv_planning', 'catkin_cmake_args': None, 'catkin_skip_building_tests': False, 'cmake_args': None, 'cmake_clean_cache': False, 'cmake_clean_first': False, 'cmake_force_configure': False, 'cmake_target': None, 'cmake_target_skip_unavailable': False, 'install_base': '/driverless/install/cmrdv_planning', 'merge_install': False, 'path': '/driverless/cmrdv_ws/src/cmrdv_planning', 'symlink_install': False, 'test_result_base': None}
[1.116s] INFO:colcon.colcon_core.executor:Executing jobs using 'parallel' executor
[1.136s] DEBUG:colcon.colcon_parallel_executor.executor.parallel:run_until_complete
[1.136s] INFO:colcon.colcon_ros.task.ament_python.build:Building ROS package in '/driverless/cmrdv_ws/src/cmrdv_planning' with build type 'ament_python'
[1.137s] Level 1:colcon.colcon_core.shell:create_environment_hook('cmrdv_planning', 'ament_prefix_path')
[1.152s] INFO:colcon.colcon_core.plugin_system:Skipping extension 'colcon_core.shell.bat': Not used on non-Windows systems
[1.152s] INFO:colcon.colcon_core.shell:Creating environment hook '/driverless/install/cmrdv_planning/share/cmrdv_planning/hook/ament_prefix_path.ps1'
[1.155s] INFO:colcon.colcon_core.shell:Creating environment descriptor '/driverless/install/cmrdv_planning/share/cmrdv_planning/hook/ament_prefix_path.dsv'
[1.155s] INFO:colcon.colcon_core.shell:Creating environment hook '/driverless/install/cmrdv_planning/share/cmrdv_planning/hook/ament_prefix_path.sh'
[1.166s] INFO:colcon.colcon_core.shell:Skip shell extension 'powershell' for command environment: Not usable outside of PowerShell
[1.166s] DEBUG:colcon.colcon_core.shell:Skip shell extension 'dsv' for command environment
[1.655s] INFO:colcon.colcon_core.task.python.build:Building Python package in '/driverless/cmrdv_ws/src/cmrdv_planning'
[1.665s] INFO:colcon.colcon_core.shell:Skip shell extension 'powershell' for command environment: Not usable outside of PowerShell
[1.665s] DEBUG:colcon.colcon_core.shell:Skip shell extension 'dsv' for command environment
[2.392s] DEBUG:colcon.colcon_core.event_handler.log_command:Invoking command in '/driverless/cmrdv_ws/src/cmrdv_planning': AMENT_PREFIX_PATH=/driverless/install/cmrdv_common:/driverless/install/cmrdv_interfaces:/driverless/install/eufs_msgs:${AMENT_PREFIX_PATH} CMAKE_PREFIX_PATH=/driverless/install/cmrdv_interfaces:/driverless/install/eufs_msgs:${CMAKE_PREFIX_PATH} LD_LIBRARY_PATH=/driverless/install/cmrdv_interfaces/lib:/driverless/install/eufs_msgs/lib:${LD_LIBRARY_PATH} PYTHONPATH=/driverless/build/cmrdv_planning/prefix_override:/driverless/install/cmrdv_planning/lib/python3.8/site-packages:/driverless/install/cmrdv_common/lib/python3.8/site-packages:/driverless/install/cmrdv_interfaces/lib/python3.8/site-packages:/driverless/install/eufs_msgs/lib/python3.8/site-packages:${PYTHONPATH} /usr/bin/python3 setup.py egg_info --egg-base ../../../build/cmrdv_planning build --build-base /driverless/build/cmrdv_planning/build install --record /driverless/build/cmrdv_planning/install.log --single-version-externally-managed
[2.917s] DEBUG:colcon.colcon_core.event_handler.log_command:Invoked command in '/driverless/cmrdv_ws/src/cmrdv_planning' returned '0': AMENT_PREFIX_PATH=/driverless/install/cmrdv_common:/driverless/install/cmrdv_interfaces:/driverless/install/eufs_msgs:${AMENT_PREFIX_PATH} CMAKE_PREFIX_PATH=/driverless/install/cmrdv_interfaces:/driverless/install/eufs_msgs:${CMAKE_PREFIX_PATH} LD_LIBRARY_PATH=/driverless/install/cmrdv_interfaces/lib:/driverless/install/eufs_msgs/lib:${LD_LIBRARY_PATH} PYTHONPATH=/driverless/build/cmrdv_planning/prefix_override:/driverless/install/cmrdv_planning/lib/python3.8/site-packages:/driverless/install/cmrdv_common/lib/python3.8/site-packages:/driverless/install/cmrdv_interfaces/lib/python3.8/site-packages:/driverless/install/eufs_msgs/lib/python3.8/site-packages:${PYTHONPATH} /usr/bin/python3 setup.py egg_info --egg-base ../../../build/cmrdv_planning build --build-base /driverless/build/cmrdv_planning/build install --record /driverless/build/cmrdv_planning/install.log --single-version-externally-managed
[2.931s] Level 1:colcon.colcon_core.environment:checking '/driverless/install/cmrdv_planning' for CMake module files
[2.932s] Level 1:colcon.colcon_core.environment:checking '/driverless/install/cmrdv_planning' for CMake config files
[2.933s] Level 1:colcon.colcon_core.environment:checking '/driverless/install/cmrdv_planning/lib'
[2.933s] Level 1:colcon.colcon_core.environment:checking '/driverless/install/cmrdv_planning/bin'
[2.934s] Level 1:colcon.colcon_core.environment:checking '/driverless/install/cmrdv_planning/lib/pkgconfig/cmrdv_planning.pc'
[2.934s] Level 1:colcon.colcon_core.environment:checking '/driverless/install/cmrdv_planning/lib/python3.8/site-packages'
[2.934s] Level 1:colcon.colcon_core.shell:create_environment_hook('cmrdv_planning', 'pythonpath')
[2.947s] INFO:colcon.colcon_core.shell:Creating environment hook '/driverless/install/cmrdv_planning/share/cmrdv_planning/hook/pythonpath.ps1'
[2.948s] INFO:colcon.colcon_core.shell:Creating environment descriptor '/driverless/install/cmrdv_planning/share/cmrdv_planning/hook/pythonpath.dsv'
[2.949s] INFO:colcon.colcon_core.shell:Creating environment hook '/driverless/install/cmrdv_planning/share/cmrdv_planning/hook/pythonpath.sh'
[2.950s] Level 1:colcon.colcon_core.environment:checking '/driverless/install/cmrdv_planning/bin'
[2.950s] Level 1:colcon.colcon_core.environment:create_environment_scripts_only(cmrdv_planning)
[2.963s] INFO:colcon.colcon_core.shell:Creating package script '/driverless/install/cmrdv_planning/share/cmrdv_planning/package.ps1'
[2.964s] INFO:colcon.colcon_core.shell:Creating package descriptor '/driverless/install/cmrdv_planning/share/cmrdv_planning/package.dsv'
[2.965s] INFO:colcon.colcon_core.shell:Creating package script '/driverless/install/cmrdv_planning/share/cmrdv_planning/package.sh'
[2.966s] INFO:colcon.colcon_core.shell:Creating package script '/driverless/install/cmrdv_planning/share/cmrdv_planning/package.bash'
[2.968s] INFO:colcon.colcon_core.shell:Creating package script '/driverless/install/cmrdv_planning/share/cmrdv_planning/package.zsh'
[2.970s] Level 1:colcon.colcon_core.environment:create_file_with_runtime_dependencies(/driverless/install/cmrdv_planning/share/colcon-core/packages/cmrdv_planning)
[2.970s] DEBUG:colcon.colcon_parallel_executor.executor.parallel:closing loop
[2.971s] DEBUG:colcon.colcon_parallel_executor.executor.parallel:loop closed
[2.972s] DEBUG:colcon.colcon_parallel_executor.executor.parallel:run_until_complete finished with '0'
[2.972s] DEBUG:colcon.colcon_core.event_reactor:joining thread
[2.989s] INFO:colcon.colcon_core.plugin_system:Skipping extension 'colcon_notification.desktop_notification.notify_send': Could not find 'notify-send'
[2.989s] INFO:colcon.colcon_core.plugin_system:Skipping extension 'colcon_notification.desktop_notification.terminal_notifier': Not used on non-Darwin systems
[2.990s] INFO:colcon.colcon_core.plugin_system:Skipping extension 'colcon_notification.desktop_notification.win32': Not used on non-Windows systems
[2.990s] INFO:colcon.colcon_notification.desktop_notification:Sending desktop notification using 'notify2'
[2.997s] DEBUG:colcon.colcon_notification.desktop_notification.notify2:Failed to initialize notify2: org.freedesktop.DBus.Error.ServiceUnknown: The name org.freedesktop.Notifications was not provided by any .service files
[2.997s] DEBUG:colcon.colcon_core.event_reactor:joined thread
[3.009s] INFO:colcon.colcon_core.shell:Creating prefix script '/driverless/install/local_setup.ps1'
[3.011s] INFO:colcon.colcon_core.shell:Creating prefix util module '/driverless/install/_local_setup_util_ps1.py'
[3.013s] INFO:colcon.colcon_core.shell:Creating prefix chain script '/driverless/install/setup.ps1'
[3.024s] INFO:colcon.colcon_core.shell:Creating prefix script '/driverless/install/local_setup.sh'
[3.025s] INFO:colcon.colcon_core.shell:Creating prefix util module '/driverless/install/_local_setup_util_sh.py'
[3.026s] INFO:colcon.colcon_core.shell:Creating prefix chain script '/driverless/install/setup.sh'
[3.034s] INFO:colcon.colcon_core.shell:Creating prefix script '/driverless/install/local_setup.bash'
[3.035s] INFO:colcon.colcon_core.shell:Creating prefix chain script '/driverless/install/setup.bash'
[3.045s] INFO:colcon.colcon_core.shell:Creating prefix script '/driverless/install/local_setup.zsh'
[3.045s] INFO:colcon.colcon_core.shell:Creating prefix chain script '/driverless/install/setup.zsh'
