-- Found ament_cmake: 0.9.12 (/opt/ros/foxy/share/ament_cmake/cmake)
-- Using PYTHON_EXECUTABLE: /usr/bin/python3
-- Found rclcpp: 2.4.3 (/opt/ros/foxy/share/rclcpp/cmake)
-- Using all available rosidl_typesupport_c: rosidl_typesupport_fastrtps_c;rosidl_typesupport_introspection_c
-- Found rosidl_adapter: 1.3.1 (/opt/ros/foxy/share/rosidl_adapter/cmake)
-- Using all available rosidl_typesupport_cpp: rosidl_typesupport_fastrtps_cpp;rosidl_typesupport_introspection_cpp
-- Found rmw_implementation_cmake: 1.0.4 (/opt/ros/foxy/share/rmw_implementation_cmake/cmake)
-- Using RMW implementation 'rmw_fastrtps_cpp' as default
-- Found message_filters: 3.2.7 (/opt/ros/foxy/share/message_filters/cmake)
-- Found eufs_msgs: 2.0.0 (/home/andrewwhong/workspace/driverless/driverless_ws/install/eufs_msgs/share/eufs_msgs/cmake)
-- Configuring done
-- Generating done
-- Build files have been written to: /home/andrewwhong/workspace/driverless/driverless_ws/build/planning
[35m[1mScanning dependencies of target slam_test2[0m
[35m[1mScanning dependencies of target slam_test[0m
[ 25%] [32mBuilding CXX object CMakeFiles/slam_test2.dir/planning_codebase/new_slam.cpp.o[0m
[ 50%] [32mBuilding CXX object CMakeFiles/slam_test.dir/src/EKF_SLAM.cpp.o[0m
[ 75%] [32m[1mLinking CXX executable slam_test2[0m
[100%] [32m[1mLinking CXX executable slam_test[0m
[100%] Built target slam_test
