[0.225s] Invoking command in '/home/andrewwhong/workspace/driverless/driverless_ws/build/planning': AMENT_PREFIX_PATH=/home/andrewwhong/workspace/driverless/driverless_ws/install/eufs_msgs:${AMENT_PREFIX_PATH} CMAKE_PREFIX_PATH=/home/andrewwhong/workspace/driverless/driverless_ws/install/eufs_msgs:/home/andrewwhong/workspace/driverless/driverless_ws/install/perceptions:/home/andrewwhong/workspace/driverless/driverless_ws/install/interfaces:/home/andrewwhong/workspace/driverless/driverless_ws/install/controls:/home/andrewwhong/workspace/driverless/driverless_ws/install/common:/home/andrewwhong/workspace/driverless/driverless_ws/install/collection:/home/andrewwhong/workspace/driverless/driverless_ws/install/actuators:/opt/ros/foxy /usr/bin/cmake /home/andrewwhong/workspace/driverless/driverless_ws/src/planning -DCMAKE_INSTALL_PREFIX=/home/andrewwhong/workspace/driverless/driverless_ws/install/planning
[0.236s] -- Found ament_cmake: 0.9.12 (/opt/ros/foxy/share/ament_cmake/cmake)
[0.258s] -- Using PYTHON_EXECUTABLE: /usr/bin/python3
[0.453s] -- Found rclcpp: 2.4.3 (/opt/ros/foxy/share/rclcpp/cmake)
[0.673s] -- Using all available rosidl_typesupport_c: rosidl_typesupport_fastrtps_c;rosidl_typesupport_introspection_c
[0.676s] -- Found rosidl_adapter: 1.3.1 (/opt/ros/foxy/share/rosidl_adapter/cmake)
[5.881s] -- Using all available rosidl_typesupport_cpp: rosidl_typesupport_fastrtps_cpp;rosidl_typesupport_introspection_cpp
[5.929s] -- Found rmw_implementation_cmake: 1.0.4 (/opt/ros/foxy/share/rmw_implementation_cmake/cmake)
[5.930s] -- Using RMW implementation 'rmw_fastrtps_cpp' as default
[6.070s] -- Found message_filters: 3.2.7 (/opt/ros/foxy/share/message_filters/cmake)
[6.072s] -- Found eufs_msgs: 2.0.0 (/home/andrewwhong/workspace/driverless/driverless_ws/install/eufs_msgs/share/eufs_msgs/cmake)
[6.513s] -- Configuring done
[6.524s] -- Generating done
[6.526s] -- Build files have been written to: /home/andrewwhong/workspace/driverless/driverless_ws/build/planning
[6.533s] Invoked command in '/home/andrewwhong/workspace/driverless/driverless_ws/build/planning' returned '0': AMENT_PREFIX_PATH=/home/andrewwhong/workspace/driverless/driverless_ws/install/eufs_msgs:${AMENT_PREFIX_PATH} CMAKE_PREFIX_PATH=/home/andrewwhong/workspace/driverless/driverless_ws/install/eufs_msgs:/home/andrewwhong/workspace/driverless/driverless_ws/install/perceptions:/home/andrewwhong/workspace/driverless/driverless_ws/install/interfaces:/home/andrewwhong/workspace/driverless/driverless_ws/install/controls:/home/andrewwhong/workspace/driverless/driverless_ws/install/common:/home/andrewwhong/workspace/driverless/driverless_ws/install/collection:/home/andrewwhong/workspace/driverless/driverless_ws/install/actuators:/opt/ros/foxy /usr/bin/cmake /home/andrewwhong/workspace/driverless/driverless_ws/src/planning -DCMAKE_INSTALL_PREFIX=/home/andrewwhong/workspace/driverless/driverless_ws/install/planning
[6.536s] Invoking command in '/home/andrewwhong/workspace/driverless/driverless_ws/build/planning': AMENT_PREFIX_PATH=/home/andrewwhong/workspace/driverless/driverless_ws/install/eufs_msgs:${AMENT_PREFIX_PATH} CMAKE_PREFIX_PATH=/home/andrewwhong/workspace/driverless/driverless_ws/install/eufs_msgs:/home/andrewwhong/workspace/driverless/driverless_ws/install/perceptions:/home/andrewwhong/workspace/driverless/driverless_ws/install/interfaces:/home/andrewwhong/workspace/driverless/driverless_ws/install/controls:/home/andrewwhong/workspace/driverless/driverless_ws/install/common:/home/andrewwhong/workspace/driverless/driverless_ws/install/collection:/home/andrewwhong/workspace/driverless/driverless_ws/install/actuators:/opt/ros/foxy /usr/bin/cmake --build /home/andrewwhong/workspace/driverless/driverless_ws/build/planning -- -j12 -l12
[6.568s] [35m[1mScanning dependencies of target slam_test2[0m
[6.569s] [35m[1mScanning dependencies of target slam_test[0m
[6.576s] [ 25%] [32mBuilding CXX object CMakeFiles/slam_test2.dir/planning_codebase/new_slam.cpp.o[0m
[6.594s] [ 50%] [32mBuilding CXX object CMakeFiles/slam_test.dir/src/EKF_SLAM.cpp.o[0m
[6.822s] [01m[K/home/andrewwhong/workspace/driverless/driverless_ws/src/planning/planning_codebase/new_slam.cpp:[m[K In function ‘[01m[Kgsl_matrix* motion_model(gsl_matrix*, gsl_matrix*, double)[m[K’:
[6.822s] [01m[K/home/andrewwhong/workspace/driverless/driverless_ws/src/planning/planning_codebase/new_slam.cpp:90:9:[m[K [01;35m[Kwarning: [m[Kvariable ‘[01m[Ki[m[K’ set but not used [[01;35m[K-Wunused-but-set-variable[m[K]
[6.822s]    90 |     int [01;35m[Ki[m[K = gsl_linalg_matmult(F,x,arr1);
[6.822s]       |         [01;35m[K^[m[K
[6.823s] [01m[K/home/andrewwhong/workspace/driverless/driverless_ws/src/planning/planning_codebase/new_slam.cpp:[m[K In function ‘[01m[Kgsl_matrix* jacob_h(double, gsl_matrix*, gsl_matrix*, double)[m[K’:
[6.823s] [01m[K/home/andrewwhong/workspace/driverless/driverless_ws/src/planning/planning_codebase/new_slam.cpp:168:26:[m[K [01;35m[Kwarning: [m[Kcomparison of integer expressions of different signedness: ‘[01m[Kint[m[K’ and ‘[01m[Ksize_t[m[K’ {aka ‘[01m[Klong unsigned int[m[K’} [[01;35m[K-Wsign-compare[m[K]
[6.823s]   168 |         for(int c = 0; [01;35m[Kc < F1->size2[m[K; c++)
[6.823s]       |                        [01;35m[K~~^~~~~~~~~~~[m[K
[6.824s] [01m[K/home/andrewwhong/workspace/driverless/driverless_ws/src/planning/planning_codebase/new_slam.cpp:[m[K In function ‘[01m[Kgsl_matrix** calc_innovation(gsl_matrix*, gsl_matrix*, gsl_matrix*, gsl_matrix*, double)[m[K’:
[6.824s] [01m[K/home/andrewwhong/workspace/driverless/driverless_ws/src/planning/planning_codebase/new_slam.cpp:247:26:[m[K [01;35m[Kwarning: [m[Kcomparison of integer expressions of different signedness: ‘[01m[Kint[m[K’ and ‘[01m[Ksize_t[m[K’ {aka ‘[01m[Klong unsigned int[m[K’} [[01;35m[K-Wsign-compare[m[K]
[6.824s]   247 |         for(int c = 0; [01;35m[Kc < lm->size2[m[K; c++)
[6.824s]       |                        [01;35m[K~~^~~~~~~~~~~[m[K
[6.824s] [01m[K/home/andrewwhong/workspace/driverless/driverless_ws/src/planning/planning_codebase/new_slam.cpp:[m[K In function ‘[01m[Kgsl_matrix* get_landmark_position_from_state(gsl_matrix*, int)[m[K’:
[6.825s] [01m[K/home/andrewwhong/workspace/driverless/driverless_ws/src/planning/planning_codebase/new_slam.cpp:314:26:[m[K [01;35m[Kwarning: [m[Kcomparison of integer expressions of different signedness: ‘[01m[Kint[m[K’ and ‘[01m[Ksize_t[m[K’ {aka ‘[01m[Klong unsigned int[m[K’} [[01;35m[K-Wsign-compare[m[K]
[6.825s]   314 |         for(int c = 0; [01;35m[Kc < x->size2[m[K; c++)
[6.825s]       |                        [01;35m[K~~^~~~~~~~~~[m[K
[6.825s] [01m[K/home/andrewwhong/workspace/driverless/driverless_ws/src/planning/planning_codebase/new_slam.cpp:[m[K In function ‘[01m[Kdouble* findMinLocation(gsl_matrix*)[m[K’:
[6.826s] [01m[K/home/andrewwhong/workspace/driverless/driverless_ws/src/planning/planning_codebase/new_slam.cpp:331:22:[m[K [01;35m[Kwarning: [m[Kcomparison of integer expressions of different signedness: ‘[01m[Kint[m[K’ and ‘[01m[Ksize_t[m[K’ {aka ‘[01m[Klong unsigned int[m[K’} [[01;35m[K-Wsign-compare[m[K]
[6.826s]   331 |     for(int r = 0; [01;35m[Kr < mat->size1[m[K; r++)
[6.826s]       |                    [01;35m[K~~^~~~~~~~~~~~[m[K
[6.827s] [01m[K/home/andrewwhong/workspace/driverless/driverless_ws/src/planning/planning_codebase/new_slam.cpp:333:26:[m[K [01;35m[Kwarning: [m[Kcomparison of integer expressions of different signedness: ‘[01m[Kint[m[K’ and ‘[01m[Ksize_t[m[K’ {aka ‘[01m[Klong unsigned int[m[K’} [[01;35m[K-Wsign-compare[m[K]
[6.827s]   333 |         for(int c = 0; [01;35m[Kc < mat->size2[m[K; c++)
[6.827s]       |                        [01;35m[K~~^~~~~~~~~~~~[m[K
[6.827s] [01m[K/home/andrewwhong/workspace/driverless/driverless_ws/src/planning/planning_codebase/new_slam.cpp:[m[K In function ‘[01m[Kint search_correspond_landmark_id(gsl_matrix*, gsl_matrix*, gsl_matrix*)[m[K’:
[6.827s] [01m[K/home/andrewwhong/workspace/driverless/driverless_ws/src/planning/planning_codebase/new_slam.cpp:394:30:[m[K [01;35m[Kwarning: [m[Kcomparison of integer expressions of different signedness: ‘[01m[Kint[m[K’ and ‘[01m[Ksize_t[m[K’ {aka ‘[01m[Klong unsigned int[m[K’} [[01;35m[K-Wsign-compare[m[K]
[6.828s]   394 |             for(int j = 0; [01;35m[Kj < min_dist->size2[m[K; j++)
[6.828s]       |                            [01;35m[K~~^~~~~~~~~~~~~~~~~[m[K
[6.828s] [01m[K/home/andrewwhong/workspace/driverless/driverless_ws/src/planning/planning_codebase/new_slam.cpp:403:30:[m[K [01;35m[Kwarning: [m[Kcomparison of integer expressions of different signedness: ‘[01m[Kint[m[K’ and ‘[01m[Ksize_t[m[K’ {aka ‘[01m[Klong unsigned int[m[K’} [[01;35m[K-Wsign-compare[m[K]
[6.828s]   403 |             for(int j = 0; [01;35m[Kj < new_min_dist->size2[m[K; j++)
[6.828s]       |                            [01;35m[K~~^~~~~~~~~~~~~~~~~~~~~[m[K
[6.828s] [01m[K/home/andrewwhong/workspace/driverless/driverless_ws/src/planning/planning_codebase/new_slam.cpp:365:21:[m[K [01;35m[Kwarning: [m[Kunused variable ‘[01m[KH[m[K’ [[01;35m[K-Wunused-variable[m[K]
[6.828s]   365 |         gsl_matrix* [01;35m[KH[m[K = arrs[2];
[6.828s]       |                     [01;35m[K^[m[K
[6.828s] [01m[K/home/andrewwhong/workspace/driverless/driverless_ws/src/planning/planning_codebase/new_slam.cpp:425:22:[m[K [01;35m[Kwarning: [m[Kcomparison of integer expressions of different signedness: ‘[01m[Kint[m[K’ and ‘[01m[Ksize_t[m[K’ {aka ‘[01m[Klong unsigned int[m[K’} [[01;35m[K-Wsign-compare[m[K]
[6.828s]   425 |     for(int j = 0; [01;35m[Kj < min_dist->size2[m[K; j++)
[6.828s]       |                    [01;35m[K~~^~~~~~~~~~~~~~~~~[m[K
[6.828s] [01m[K/home/andrewwhong/workspace/driverless/driverless_ws/src/planning/planning_codebase/new_slam.cpp:432:22:[m[K [01;35m[Kwarning: [m[Kcomparison of integer expressions of different signedness: ‘[01m[Kint[m[K’ and ‘[01m[Ksize_t[m[K’ {aka ‘[01m[Klong unsigned int[m[K’} [[01;35m[K-Wsign-compare[m[K]
[6.828s]   432 |     for(int j = 0; [01;35m[Kj < new_min_dist->size2[m[K; j++)
[6.829s]       |                    [01;35m[K~~^~~~~~~~~~~~~~~~~~~~~[m[K
[6.829s] [01m[K/home/andrewwhong/workspace/driverless/driverless_ws/src/planning/planning_codebase/new_slam.cpp:355:12:[m[K [01;35m[Kwarning: [m[Kunused variable ‘[01m[Kr[m[K’ [[01;35m[K-Wunused-variable[m[K]
[6.829s]   355 |     double [01;35m[Kr[m[K = gsl_matrix_get(zi,0,0);
[6.829s]       |            [01;35m[K^[m[K
[6.830s] [01m[K/home/andrewwhong/workspace/driverless/driverless_ws/src/planning/planning_codebase/new_slam.cpp:356:12:[m[K [01;35m[Kwarning: [m[Kunused variable ‘[01m[Ktheta[m[K’ [[01;35m[K-Wunused-variable[m[K]
[6.830s]   356 |     double [01;35m[Ktheta[m[K = gsl_matrix_get(zi,0,1);
[6.830s]       |            [01;35m[K^~~~~[m[K
[6.830s] [01m[K/home/andrewwhong/workspace/driverless/driverless_ws/src/planning/planning_codebase/new_slam.cpp:[m[K In function ‘[01m[KekfPackage ekf_slam(gsl_matrix*, gsl_matrix*, gsl_matrix*, gsl_matrix*, double)[m[K’:
[6.830s] [01m[K/home/andrewwhong/workspace/driverless/driverless_ws/src/planning/planning_codebase/new_slam.cpp:453:22:[m[K [01;35m[Kwarning: [m[Kcomparison of integer expressions of different signedness: ‘[01m[Kint[m[K’ and ‘[01m[Ksize_t[m[K’ {aka ‘[01m[Klong unsigned int[m[K’} [[01;35m[K-Wsign-compare[m[K]
[6.831s]   453 |     for(int r = 0; [01;35m[Kr < x->size1[m[K; r++)
[6.831s]       |                    [01;35m[K~~^~~~~~~~~~[m[K
[6.831s] [01m[K/home/andrewwhong/workspace/driverless/driverless_ws/src/planning/planning_codebase/new_slam.cpp:455:26:[m[K [01;35m[Kwarning: [m[Kcomparison of integer expressions of different signedness: ‘[01m[Kint[m[K’ and ‘[01m[Ksize_t[m[K’ {aka ‘[01m[Klong unsigned int[m[K’} [[01;35m[K-Wsign-compare[m[K]
[6.831s]   455 |         for(int c = 0; [01;35m[Kc < x->size2[m[K; c++)
[6.831s]       |                        [01;35m[K~~^~~~~~~~~~[m[K
[6.831s] [01m[K/home/andrewwhong/workspace/driverless/driverless_ws/src/planning/planning_codebase/new_slam.cpp:479:22:[m[K [01;35m[Kwarning: [m[Kcomparison of integer expressions of different signedness: ‘[01m[Kint[m[K’ and ‘[01m[Ksize_t[m[K’ {aka ‘[01m[Klong unsigned int[m[K’} [[01;35m[K-Wsign-compare[m[K]
[6.832s]   479 |     for(int r = 0; [01;35m[Kr < x->size1[m[K; r++)
[6.832s]       |                    [01;35m[K~~^~~~~~~~~~[m[K
[6.832s] [01m[K/home/andrewwhong/workspace/driverless/driverless_ws/src/planning/planning_codebase/new_slam.cpp:481:26:[m[K [01;35m[Kwarning: [m[Kcomparison of integer expressions of different signedness: ‘[01m[Kint[m[K’ and ‘[01m[Ksize_t[m[K’ {aka ‘[01m[Klong unsigned int[m[K’} [[01;35m[K-Wsign-compare[m[K]
[6.832s]   481 |         for(int c = 0; [01;35m[Kc < x->size2[m[K; c++)
[6.832s]       |                        [01;35m[K~~^~~~~~~~~~[m[K
[6.832s] [01m[K/home/andrewwhong/workspace/driverless/driverless_ws/src/planning/planning_codebase/new_slam.cpp:555:24:[m[K [01;35m[Kwarning: [m[Kcomparison of integer expressions of different signedness: ‘[01m[Kint[m[K’ and ‘[01m[Ksize_t[m[K’ {aka ‘[01m[Klong unsigned int[m[K’} [[01;35m[K-Wsign-compare[m[K]
[6.832s]   555 |     for(int iz = 0; [01;35m[Kiz < z->size1[m[K; iz++)
[6.832s]       |                     [01;35m[K~~~^~~~~~~~~~[m[K
[6.832s] [01m[K/home/andrewwhong/workspace/driverless/driverless_ws/src/planning/planning_codebase/new_slam.cpp:562:26:[m[K [01;35m[Kwarning: [m[Kcomparison of integer expressions of different signedness: ‘[01m[Kint[m[K’ and ‘[01m[Ksize_t[m[K’ {aka ‘[01m[Klong unsigned int[m[K’} [[01;35m[K-Wsign-compare[m[K]
[6.832s]   562 |         for(int c = 0; [01;35m[Kc < z->size2[m[K; c++)
[6.832s]       |                        [01;35m[K~~^~~~~~~~~~[m[K
[6.832s] [01m[K/home/andrewwhong/workspace/driverless/driverless_ws/src/planning/planning_codebase/new_slam.cpp:574:30:[m[K [01;35m[Kwarning: [m[Kcomparison of integer expressions of different signedness: ‘[01m[Kint[m[K’ and ‘[01m[Ksize_t[m[K’ {aka ‘[01m[Klong unsigned int[m[K’} [[01;35m[K-Wsign-compare[m[K]
[6.832s]   574 |             for(int i = 0; [01;35m[Ki < xEst->size1[m[K; i++)
[6.832s]       |                            [01;35m[K~~^~~~~~~~~~~~~[m[K
[6.832s] [01m[K/home/andrewwhong/workspace/driverless/driverless_ws/src/planning/planning_codebase/new_slam.cpp:582:30:[m[K [01;35m[Kwarning: [m[Kcomparison of integer expressions of different signedness: ‘[01m[Kint[m[K’ and ‘[01m[Ksize_t[m[K’ {aka ‘[01m[Klong unsigned int[m[K’} [[01;35m[K-Wsign-compare[m[K]
[6.833s]   582 |             for(int r = 0; [01;35m[Kr < PEst->size1[m[K; r++)
[6.833s]       |                            [01;35m[K~~^~~~~~~~~~~~~[m[K
[6.833s] [01m[K/home/andrewwhong/workspace/driverless/driverless_ws/src/planning/planning_codebase/new_slam.cpp:584:34:[m[K [01;35m[Kwarning: [m[Kcomparison of integer expressions of different signedness: ‘[01m[Kint[m[K’ and ‘[01m[Ksize_t[m[K’ {aka ‘[01m[Klong unsigned int[m[K’} [[01;35m[K-Wsign-compare[m[K]
[6.833s]   584 |                 for(int c = 0; [01;35m[Kc < PEst->size2[m[K; c++)
[6.833s]       |                                [01;35m[K~~^~~~~~~~~~~~~[m[K
[6.833s] [01m[K/home/andrewwhong/workspace/driverless/driverless_ws/src/planning/planning_codebase/new_slam.cpp:592:30:[m[K [01;35m[Kwarning: [m[Kcomparison of integer expressions of different signedness: ‘[01m[Kint[m[K’ and ‘[01m[Ksize_t[m[K’ {aka ‘[01m[Klong unsigned int[m[K’} [[01;35m[K-Wsign-compare[m[K]
[6.833s]   592 |             for(int r = 0; [01;35m[Kr < initP->size1[m[K; r++)
[6.833s]       |                            [01;35m[K~~^~~~~~~~~~~~~~[m[K
[6.833s] [01m[K/home/andrewwhong/workspace/driverless/driverless_ws/src/planning/planning_codebase/new_slam.cpp:594:34:[m[K [01;35m[Kwarning: [m[Kcomparison of integer expressions of different signedness: ‘[01m[Kint[m[K’ and ‘[01m[Ksize_t[m[K’ {aka ‘[01m[Klong unsigned int[m[K’} [[01;35m[K-Wsign-compare[m[K]
[6.833s]   594 |                 for(int c = 0; [01;35m[Kc < initP->size2[m[K; c++)
[6.833s]       |                                [01;35m[K~~^~~~~~~~~~~~~~[m[K
[6.833s] [01m[K/home/andrewwhong/workspace/driverless/driverless_ws/src/planning/planning_codebase/new_slam.cpp:603:30:[m[K [01;35m[Kwarning: [m[Kcomparison of integer expressions of different signedness: ‘[01m[Kint[m[K’ and ‘[01m[Ksize_t[m[K’ {aka ‘[01m[Klong unsigned int[m[K’} [[01;35m[K-Wsign-compare[m[K]
[6.833s]   603 |             for(int r = 0; [01;35m[Kr < xaug->size1[m[K; r++)
[6.833s]       |                            [01;35m[K~~^~~~~~~~~~~~~[m[K
[6.833s] [01m[K/home/andrewwhong/workspace/driverless/driverless_ws/src/planning/planning_codebase/new_slam.cpp:605:34:[m[K [01;35m[Kwarning: [m[Kcomparison of integer expressions of different signedness: ‘[01m[Kint[m[K’ and ‘[01m[Ksize_t[m[K’ {aka ‘[01m[Klong unsigned int[m[K’} [[01;35m[K-Wsign-compare[m[K]
[6.834s]   605 |                 for(int c = 0; [01;35m[Kc < xaug->size2[m[K; c++)
[6.834s]       |                                [01;35m[K~~^~~~~~~~~~~~~[m[K
[6.834s] [01m[K/home/andrewwhong/workspace/driverless/driverless_ws/src/planning/planning_codebase/new_slam.cpp:615:30:[m[K [01;35m[Kwarning: [m[Kcomparison of integer expressions of different signedness: ‘[01m[Kint[m[K’ and ‘[01m[Ksize_t[m[K’ {aka ‘[01m[Klong unsigned int[m[K’} [[01;35m[K-Wsign-compare[m[K]
[6.834s]   615 |             for(int r = 0; [01;35m[Kr < paug->size1[m[K; r++)
[6.834s]       |                            [01;35m[K~~^~~~~~~~~~~~~[m[K
[6.834s] [01m[K/home/andrewwhong/workspace/driverless/driverless_ws/src/planning/planning_codebase/new_slam.cpp:617:34:[m[K [01;35m[Kwarning: [m[Kcomparison of integer expressions of different signedness: ‘[01m[Kint[m[K’ and ‘[01m[Ksize_t[m[K’ {aka ‘[01m[Klong unsigned int[m[K’} [[01;35m[K-Wsign-compare[m[K]
[6.834s]   617 |                 for(int c = 0; [01;35m[Kc < paug->size2[m[K; c++)
[6.834s]       |                                [01;35m[K~~^~~~~~~~~~~~~[m[K
[6.834s] [01m[K/home/andrewwhong/workspace/driverless/driverless_ws/src/planning/planning_codebase/new_slam.cpp:654:26:[m[K [01;35m[Kwarning: [m[Kcomparison of integer expressions of different signedness: ‘[01m[Kint[m[K’ and ‘[01m[Ksize_t[m[K’ {aka ‘[01m[Klong unsigned int[m[K’} [[01;35m[K-Wsign-compare[m[K]
[6.834s]   654 |         for(int r = 0; [01;35m[Kr < xEst_3->size1[m[K; r++)
[6.834s]       |                        [01;35m[K~~^~~~~~~~~~~~~~~[m[K
[6.834s] [01m[K/home/andrewwhong/workspace/driverless/driverless_ws/src/planning/planning_codebase/new_slam.cpp:656:30:[m[K [01;35m[Kwarning: [m[Kcomparison of integer expressions of different signedness: ‘[01m[Kint[m[K’ and ‘[01m[Ksize_t[m[K’ {aka ‘[01m[Klong unsigned int[m[K’} [[01;35m[K-Wsign-compare[m[K]
[6.834s]   656 |             for(int c = 0; [01;35m[Kc < xEst_3->size2[m[K; c++)
[6.834s]       |                            [01;35m[K~~^~~~~~~~~~~~~~~[m[K
[6.834s] [01m[K/home/andrewwhong/workspace/driverless/driverless_ws/src/planning/planning_codebase/new_slam.cpp:663:26:[m[K [01;35m[Kwarning: [m[Kcomparison of integer expressions of different signedness: ‘[01m[Kint[m[K’ and ‘[01m[Ksize_t[m[K’ {aka ‘[01m[Klong unsigned int[m[K’} [[01;35m[K-Wsign-compare[m[K]
[6.835s]   663 |         for(int r = 0; [01;35m[Kr < K_3->size1[m[K; r++)
[6.835s]       |                        [01;35m[K~~^~~~~~~~~~~~[m[K
[6.835s] [01m[K/home/andrewwhong/workspace/driverless/driverless_ws/src/planning/planning_codebase/new_slam.cpp:665:30:[m[K [01;35m[Kwarning: [m[Kcomparison of integer expressions of different signedness: ‘[01m[Kint[m[K’ and ‘[01m[Ksize_t[m[K’ {aka ‘[01m[Klong unsigned int[m[K’} [[01;35m[K-Wsign-compare[m[K]
[6.835s]   665 |             for(int c = 0; [01;35m[Kc < K_3->size2[m[K; c++)
[6.835s]       |                            [01;35m[K~~^~~~~~~~~~~~[m[K
[6.835s] [01m[K/home/andrewwhong/workspace/driverless/driverless_ws/src/planning/planning_codebase/new_slam.cpp:678:26:[m[K [01;35m[Kwarning: [m[Kcomparison of integer expressions of different signedness: ‘[01m[Kint[m[K’ and ‘[01m[Ksize_t[m[K’ {aka ‘[01m[Klong unsigned int[m[K’} [[01;35m[K-Wsign-compare[m[K]
[6.835s]   678 |         for(int r = 3; [01;35m[Kr < xEst->size1[m[K; r++)
[6.835s]       |                        [01;35m[K~~^~~~~~~~~~~~~[m[K
[6.835s] [01m[K/home/andrewwhong/workspace/driverless/driverless_ws/src/planning/planning_codebase/new_slam.cpp:680:30:[m[K [01;35m[Kwarning: [m[Kcomparison of integer expressions of different signedness: ‘[01m[Kint[m[K’ and ‘[01m[Ksize_t[m[K’ {aka ‘[01m[Klong unsigned int[m[K’} [[01;35m[K-Wsign-compare[m[K]
[6.835s]   680 |             for(int c = 0; [01;35m[Kc < xEst->size2[m[K; c++)
[6.835s]       |                            [01;35m[K~~^~~~~~~~~~~~~[m[K
[6.835s] [01m[K/home/andrewwhong/workspace/driverless/driverless_ws/src/planning/planning_codebase/new_slam.cpp:691:26:[m[K [01;35m[Kwarning: [m[Kcomparison of integer expressions of different signedness: ‘[01m[Kint[m[K’ and ‘[01m[Ksize_t[m[K’ {aka ‘[01m[Klong unsigned int[m[K’} [[01;35m[K-Wsign-compare[m[K]
[6.835s]   691 |         for(int i = 0; [01;35m[Ki < xEst->size1[m[K; i++)
[6.835s]       |                        [01;35m[K~~^~~~~~~~~~~~~[m[K
[6.835s] [01m[K/home/andrewwhong/workspace/driverless/driverless_ws/src/planning/planning_codebase/new_slam.cpp:704:26:[m[K [01;35m[Kwarning: [m[Kcomparison of integer expressions of different signedness: ‘[01m[Kint[m[K’ and ‘[01m[Ksize_t[m[K’ {aka ‘[01m[Klong unsigned int[m[K’} [[01;35m[K-Wsign-compare[m[K]
[6.836s]   704 |         for(int r = 0; [01;35m[Kr < prod->size1[m[K; r++)
[6.836s]       |                        [01;35m[K~~^~~~~~~~~~~~~[m[K
[6.836s] [01m[K/home/andrewwhong/workspace/driverless/driverless_ws/src/planning/planning_codebase/new_slam.cpp:706:30:[m[K [01;35m[Kwarning: [m[Kcomparison of integer expressions of different signedness: ‘[01m[Kint[m[K’ and ‘[01m[Ksize_t[m[K’ {aka ‘[01m[Klong unsigned int[m[K’} [[01;35m[K-Wsign-compare[m[K]
[6.836s]   706 |             for(int c = 0; [01;35m[Kc < prod->size2[m[K; c++)
[6.836s]       |                            [01;35m[K~~^~~~~~~~~~~~~[m[K
[6.996s] [ 75%] [32m[1mLinking CXX executable slam_test2[0m
[7.228s] /usr/bin/ld: CMakeFiles/slam_test2.dir/planning_codebase/new_slam.cpp.o: in function `motion_model(gsl_matrix*, gsl_matrix*, double)':
[7.229s] new_slam.cpp:(.text+0x5a): undefined reference to `gsl_matrix_calloc'
[7.229s] /usr/bin/ld: new_slam.cpp:(.text+0x80): undefined reference to `gsl_matrix_set'
[7.230s] /usr/bin/ld: new_slam.cpp:(.text+0xa2): undefined reference to `gsl_matrix_set'
[7.231s] /usr/bin/ld: new_slam.cpp:(.text+0xc4): undefined reference to `gsl_matrix_set'
[7.231s] /usr/bin/ld: new_slam.cpp:(.text+0xd3): undefined reference to `gsl_matrix_calloc'
[7.231s] /usr/bin/ld: new_slam.cpp:(.text+0xed): undefined reference to `gsl_matrix_get'
[7.231s] /usr/bin/ld: new_slam.cpp:(.text+0x11f): undefined reference to `gsl_matrix_set'
[7.232s] /usr/bin/ld: new_slam.cpp:(.text+0x148): undefined reference to `gsl_matrix_set'
[7.232s] /usr/bin/ld: new_slam.cpp:(.text+0x167): undefined reference to `gsl_matrix_set'
[7.233s] /usr/bin/ld: new_slam.cpp:(.text+0x181): undefined reference to `gsl_matrix_alloc'
[7.233s] /usr/bin/ld: new_slam.cpp:(.text+0x19c): undefined reference to `gsl_linalg_matmult'
[7.234s] /usr/bin/ld: new_slam.cpp:(.text+0x1b9): undefined reference to `gsl_matrix_alloc'
[7.234s] /usr/bin/ld: new_slam.cpp:(.text+0x1d4): undefined reference to `gsl_linalg_matmult'
[7.234s] /usr/bin/ld: new_slam.cpp:(.text+0x1ea): undefined reference to `gsl_matrix_add'
[7.235s] /usr/bin/ld: new_slam.cpp:(.text+0x1fd): undefined reference to `gsl_matrix_memcpy'
[7.235s] /usr/bin/ld: new_slam.cpp:(.text+0x209): undefined reference to `gsl_matrix_free'
[7.235s] /usr/bin/ld: new_slam.cpp:(.text+0x215): undefined reference to `gsl_matrix_free'
[7.235s] /usr/bin/ld: new_slam.cpp:(.text+0x221): undefined reference to `gsl_matrix_free'
[7.236s] /usr/bin/ld: new_slam.cpp:(.text+0x22d): undefined reference to `gsl_matrix_free'
[7.236s] /usr/bin/ld: CMakeFiles/slam_test2.dir/planning_codebase/new_slam.cpp.o: in function `calc_landmark_position(gsl_matrix*, gsl_matrix*)':
[7.236s] new_slam.cpp:(.text+0x2f6): undefined reference to `gsl_matrix_calloc'
[7.236s] /usr/bin/ld: new_slam.cpp:(.text+0x310): undefined reference to `gsl_matrix_get'
[7.237s] /usr/bin/ld: new_slam.cpp:(.text+0x32b): undefined reference to `gsl_matrix_get'
[7.237s] /usr/bin/ld: new_slam.cpp:(.text+0x346): undefined reference to `gsl_matrix_get'
[7.237s] /usr/bin/ld: new_slam.cpp:(.text+0x361): undefined reference to `gsl_matrix_get'
[7.238s] /usr/bin/ld: new_slam.cpp:(.text+0x399): undefined reference to `gsl_matrix_set'
[7.238s] /usr/bin/ld: new_slam.cpp:(.text+0x3af): undefined reference to `gsl_matrix_get'
[7.239s] /usr/bin/ld: new_slam.cpp:(.text+0x3ca): undefined reference to `gsl_matrix_get'
[7.239s] /usr/bin/ld: new_slam.cpp:(.text+0x3e5): undefined reference to `gsl_matrix_get'
[7.239s] /usr/bin/ld: new_slam.cpp:(.text+0x400): undefined reference to `gsl_matrix_get'
[7.240s] /usr/bin/ld: new_slam.cpp:(.text+0x438): undefined reference to `gsl_matrix_set'
[7.240s] /usr/bin/ld: CMakeFiles/slam_test2.dir/planning_codebase/new_slam.cpp.o: in function `jacob_h(double, gsl_matrix*, gsl_matrix*, double)':
[7.241s] new_slam.cpp:(.text+0x482): undefined reference to `gsl_matrix_calloc'
[7.241s] /usr/bin/ld: new_slam.cpp:(.text+0x4b2): undefined reference to `gsl_matrix_get'
[7.241s] /usr/bin/ld: new_slam.cpp:(.text+0x4cd): undefined reference to `gsl_matrix_set'
[7.241s] /usr/bin/ld: new_slam.cpp:(.text+0x4f9): undefined reference to `gsl_matrix_get'
[7.242s] /usr/bin/ld: new_slam.cpp:(.text+0x514): undefined reference to `gsl_matrix_set'
[7.242s] /usr/bin/ld: new_slam.cpp:(.text+0x52a): undefined reference to `gsl_matrix_get'
[7.242s] /usr/bin/ld: new_slam.cpp:(.text+0x545): undefined reference to `gsl_matrix_set'
[7.242s] /usr/bin/ld: new_slam.cpp:(.text+0x55b): undefined reference to `gsl_matrix_get'
[7.243s] /usr/bin/ld: new_slam.cpp:(.text+0x576): undefined reference to `gsl_matrix_set'
[7.243s] /usr/bin/ld: new_slam.cpp:(.text+0x58c): undefined reference to `gsl_matrix_get'
[7.243s] /usr/bin/ld: new_slam.cpp:(.text+0x5a2): undefined reference to `gsl_matrix_set'
[7.243s] /usr/bin/ld: new_slam.cpp:(.text+0x5b8): undefined reference to `gsl_matrix_get'
[7.243s] /usr/bin/ld: new_slam.cpp:(.text+0x5da): undefined reference to `gsl_matrix_set'
[7.244s] /usr/bin/ld: new_slam.cpp:(.text+0x601): undefined reference to `gsl_matrix_set'
[7.244s] /usr/bin/ld: new_slam.cpp:(.text+0x617): undefined reference to `gsl_matrix_get'
[7.244s] /usr/bin/ld: new_slam.cpp:(.text+0x639): undefined reference to `gsl_matrix_set'
[7.244s] /usr/bin/ld: new_slam.cpp:(.text+0x64f): undefined reference to `gsl_matrix_get'
[7.244s] /usr/bin/ld: new_slam.cpp:(.text+0x665): undefined reference to `gsl_matrix_set'
[7.244s] /usr/bin/ld: new_slam.cpp:(.text+0x67e): undefined reference to `gsl_matrix_scale'
[7.245s] /usr/bin/ld: new_slam.cpp:(.text+0x6a4): undefined reference to `gsl_matrix_calloc'
[7.245s] /usr/bin/ld: new_slam.cpp:(.text+0x6ca): undefined reference to `gsl_matrix_set'
[7.245s] /usr/bin/ld: new_slam.cpp:(.text+0x6ec): undefined reference to `gsl_matrix_set'
[7.245s] /usr/bin/ld: new_slam.cpp:(.text+0x70e): undefined reference to `gsl_matrix_set'
[7.246s] /usr/bin/ld: new_slam.cpp:(.text+0x799): undefined reference to `gsl_matrix_calloc'
[7.246s] /usr/bin/ld: new_slam.cpp:(.text+0x811): undefined reference to `gsl_matrix_set'
[7.246s] /usr/bin/ld: new_slam.cpp:(.text+0x885): undefined reference to `gsl_matrix_set'
[7.246s] /usr/bin/ld: new_slam.cpp:(.text+0x89a): undefined reference to `gsl_matrix_calloc'
[7.247s] /usr/bin/ld: new_slam.cpp:(.text+0x8ee): undefined reference to `gsl_matrix_get'
[7.247s] /usr/bin/ld: new_slam.cpp:(.text+0x909): undefined reference to `gsl_matrix_set'
[7.247s] /usr/bin/ld: new_slam.cpp:(.text+0x929): undefined reference to `gsl_matrix_get'
[7.247s] /usr/bin/ld: new_slam.cpp:(.text+0x944): undefined reference to `gsl_matrix_set'
[7.248s] /usr/bin/ld: new_slam.cpp:(.text+0x962): undefined reference to `gsl_matrix_free'
[7.248s] /usr/bin/ld: new_slam.cpp:(.text+0x96e): undefined reference to `gsl_matrix_free'
[7.248s] /usr/bin/ld: new_slam.cpp:(.text+0x988): undefined reference to `gsl_matrix_calloc'
[7.248s] /usr/bin/ld: new_slam.cpp:(.text+0x9a3): undefined reference to `gsl_linalg_matmult'
[7.249s] /usr/bin/ld: new_slam.cpp:(.text+0x9af): undefined reference to `gsl_matrix_free'
[7.249s] /usr/bin/ld: new_slam.cpp:(.text+0x9bb): undefined reference to `gsl_matrix_free'
[7.249s] /usr/bin/ld: CMakeFiles/slam_test2.dir/planning_codebase/new_slam.cpp.o: in function `jacob_motion(gsl_matrix*, gsl_matrix*, double)':
[7.249s] new_slam.cpp:(.text+0xa48): undefined reference to `gsl_matrix_calloc'
[7.249s] /usr/bin/ld: new_slam.cpp:(.text+0xa80): undefined reference to `gsl_matrix_set'
[7.249s] /usr/bin/ld: new_slam.cpp:(.text+0xae6): undefined reference to `gsl_matrix_calloc'
[7.249s] /usr/bin/ld: new_slam.cpp:(.text+0xafd): undefined reference to `gsl_matrix_transpose_memcpy'
[7.249s] /usr/bin/ld: new_slam.cpp:(.text+0xb0c): undefined reference to `gsl_matrix_calloc'
[7.249s] /usr/bin/ld: new_slam.cpp:(.text+0xb26): undefined reference to `gsl_matrix_get'
[7.249s] /usr/bin/ld: new_slam.cpp:(.text+0xb60): undefined reference to `gsl_matrix_get'
[7.250s] /usr/bin/ld: new_slam.cpp:(.text+0xb80): undefined reference to `gsl_matrix_set'
[7.250s] /usr/bin/ld: new_slam.cpp:(.text+0xbb1): undefined reference to `gsl_matrix_get'
[7.250s] /usr/bin/ld: new_slam.cpp:(.text+0xbd1): undefined reference to `gsl_matrix_set'
[7.250s] /usr/bin/ld: new_slam.cpp:(.text+0xbeb): undefined reference to `gsl_matrix_calloc'
[7.250s] /usr/bin/ld: new_slam.cpp:(.text+0xc06): undefined reference to `gsl_linalg_matmult'
[7.250s] /usr/bin/ld: new_slam.cpp:(.text+0xc20): undefined reference to `gsl_matrix_calloc'
[7.250s] /usr/bin/ld: new_slam.cpp:(.text+0xc3b): undefined reference to `gsl_linalg_matmult'
[7.250s] /usr/bin/ld: new_slam.cpp:(.text+0xc4a): undefined reference to `gsl_matrix_calloc'
[7.250s] /usr/bin/ld: new_slam.cpp:(.text+0xc82): undefined reference to `gsl_matrix_set'
[7.250s] /usr/bin/ld: new_slam.cpp:(.text+0xc9b): undefined reference to `gsl_matrix_add'
[7.250s] /usr/bin/ld: new_slam.cpp:(.text+0xcc1): undefined reference to `gsl_matrix_free'
[7.250s] /usr/bin/ld: new_slam.cpp:(.text+0xccd): undefined reference to `gsl_matrix_free'
[7.250s] /usr/bin/ld: new_slam.cpp:(.text+0xcd9): undefined reference to `gsl_matrix_free'
[7.251s] /usr/bin/ld: new_slam.cpp:(.text+0xce5): undefined reference to `gsl_matrix_free'
[7.251s] /usr/bin/ld: CMakeFiles/slam_test2.dir/planning_codebase/new_slam.cpp.o: in function `calc_innovation(gsl_matrix*, gsl_matrix*, gsl_matrix*, gsl_matrix*, double)':
[7.251s] new_slam.cpp:(.text+0xd3e): undefined reference to `gsl_matrix_calloc'
[7.251s] /usr/bin/ld: new_slam.cpp:(.text+0xd62): undefined reference to `gsl_matrix_calloc'
[7.251s] /usr/bin/ld: new_slam.cpp:(.text+0xdae): undefined reference to `gsl_matrix_get'
[7.251s] /usr/bin/ld: new_slam.cpp:(.text+0xdc9): undefined reference to `gsl_matrix_set'
[7.251s] /usr/bin/ld: new_slam.cpp:(.text+0xdeb): undefined reference to `gsl_matrix_memcpy'
[7.251s] /usr/bin/ld: new_slam.cpp:(.text+0xdfe): undefined reference to `gsl_matrix_sub'
[7.251s] /usr/bin/ld: new_slam.cpp:(.text+0xe18): undefined reference to `gsl_matrix_calloc'
[7.251s] /usr/bin/ld: new_slam.cpp:(.text+0xe2f): undefined reference to `gsl_matrix_transpose_memcpy'
[7.251s] /usr/bin/ld: new_slam.cpp:(.text+0xe49): undefined reference to `gsl_matrix_calloc'
[7.251s] /usr/bin/ld: new_slam.cpp:(.text+0xe64): undefined reference to `gsl_linalg_matmult'
[7.251s] /usr/bin/ld: new_slam.cpp:(.text+0xe7a): undefined reference to `gsl_matrix_get'
[7.251s] /usr/bin/ld: new_slam.cpp:(.text+0xe99): undefined reference to `gsl_matrix_get'
[7.252s] /usr/bin/ld: new_slam.cpp:(.text+0xeb7): undefined reference to `gsl_matrix_get'
[7.252s] /usr/bin/ld: new_slam.cpp:(.text+0xeed): undefined reference to `gsl_matrix_get'
[7.252s] /usr/bin/ld: new_slam.cpp:(.text+0xf11): undefined reference to `gsl_matrix_calloc'
[7.252s] /usr/bin/ld: new_slam.cpp:(.text+0xf2e): undefined reference to `gsl_matrix_get'
[7.252s] /usr/bin/ld: new_slam.cpp:(.text+0xf6a): undefined reference to `gsl_matrix_set'
[7.252s] /usr/bin/ld: new_slam.cpp:(.text+0xf83): undefined reference to `gsl_matrix_get'
[7.252s] /usr/bin/ld: new_slam.cpp:(.text+0xfbf): undefined reference to `gsl_matrix_set'
[7.252s] /usr/bin/ld: new_slam.cpp:(.text+0xfd5): undefined reference to `gsl_matrix_get'
[7.252s] /usr/bin/ld: new_slam.cpp:(.text+0xff0): undefined reference to `gsl_matrix_set'
[7.252s] /usr/bin/ld: new_slam.cpp:(.text+0x1045): undefined reference to `gsl_matrix_calloc'
[7.252s] /usr/bin/ld: new_slam.cpp:(.text+0x105c): undefined reference to `gsl_matrix_transpose_memcpy'
[7.252s] /usr/bin/ld: new_slam.cpp:(.text+0x1079): undefined reference to `gsl_matrix_calloc'
[7.252s] /usr/bin/ld: new_slam.cpp:(.text+0x1097): undefined reference to `gsl_linalg_matmult'
[7.252s] /usr/bin/ld: new_slam.cpp:(.text+0x10b1): undefined reference to `gsl_matrix_calloc'
[7.252s] /usr/bin/ld: new_slam.cpp:(.text+0x10cc): undefined reference to `gsl_linalg_matmult'
[7.253s] /usr/bin/ld: new_slam.cpp:(.text+0x10db): undefined reference to `gsl_matrix_calloc'
[7.253s] /usr/bin/ld: new_slam.cpp:(.text+0x1144): undefined reference to `gsl_matrix_set'
[7.253s] /usr/bin/ld: new_slam.cpp:(.text+0x1163): undefined reference to `gsl_matrix_add'
[7.253s] /usr/bin/ld: new_slam.cpp:(.text+0x11a6): undefined reference to `gsl_matrix_free'
[7.253s] /usr/bin/ld: new_slam.cpp:(.text+0x11b2): undefined reference to `gsl_matrix_free'
[7.253s] /usr/bin/ld: new_slam.cpp:(.text+0x11be): undefined reference to `gsl_matrix_free'
[7.253s] /usr/bin/ld: new_slam.cpp:(.text+0x11ca): undefined reference to `gsl_matrix_free'
[7.253s] /usr/bin/ld: new_slam.cpp:(.text+0x11d6): undefined reference to `gsl_matrix_free'
[7.253s] /usr/bin/ld: CMakeFiles/slam_test2.dir/planning_codebase/new_slam.cpp.o:new_slam.cpp:(.text+0x11e2): more undefined references to `gsl_matrix_free' follow
[7.253s] /usr/bin/ld: CMakeFiles/slam_test2.dir/planning_codebase/new_slam.cpp.o: in function `get_landmark_position_from_state(gsl_matrix*, int)':
[7.253s] new_slam.cpp:(.text+0x1261): undefined reference to `gsl_matrix_calloc'
[7.253s] /usr/bin/ld: new_slam.cpp:(.text+0x12ae): undefined reference to `gsl_matrix_get'
[7.253s] /usr/bin/ld: new_slam.cpp:(.text+0x12c9): undefined reference to `gsl_matrix_set'
[7.253s] /usr/bin/ld: CMakeFiles/slam_test2.dir/planning_codebase/new_slam.cpp.o: in function `findMinLocation(gsl_matrix*)':
[7.253s] new_slam.cpp:(.text+0x1313): undefined reference to `gsl_matrix_get'
[7.254s] /usr/bin/ld: new_slam.cpp:(.text+0x136a): undefined reference to `gsl_matrix_get'
[7.254s] /usr/bin/ld: CMakeFiles/slam_test2.dir/planning_codebase/new_slam.cpp.o: in function `search_correspond_landmark_id(gsl_matrix*, gsl_matrix*, gsl_matrix*)':
[7.254s] new_slam.cpp:(.text+0x1441): undefined reference to `gsl_matrix_get'
[7.254s] /usr/bin/ld: new_slam.cpp:(.text+0x1466): undefined reference to `gsl_matrix_get'
[7.254s] /usr/bin/ld: new_slam.cpp:(.text+0x1488): undefined reference to `gsl_matrix_calloc'
[7.254s] /usr/bin/ld: new_slam.cpp:(.text+0x1530): undefined reference to `gsl_matrix_calloc'
[7.254s] /usr/bin/ld: new_slam.cpp:(.text+0x1547): undefined reference to `gsl_matrix_transpose_memcpy'
[7.254s] /usr/bin/ld: new_slam.cpp:(.text+0x1556): undefined reference to `gsl_permutation_calloc'
[7.254s] /usr/bin/ld: new_slam.cpp:(.text+0x1589): undefined reference to `gsl_linalg_LU_decomp'
[7.254s] /usr/bin/ld: new_slam.cpp:(.text+0x15a3): undefined reference to `gsl_matrix_calloc'
[7.254s] /usr/bin/ld: new_slam.cpp:(.text+0x15be): undefined reference to `gsl_linalg_LU_invert'
[7.254s] /usr/bin/ld: new_slam.cpp:(.text+0x15d8): undefined reference to `gsl_matrix_calloc'
[7.254s] /usr/bin/ld: new_slam.cpp:(.text+0x15f3): undefined reference to `gsl_linalg_matmult'
[7.254s] /usr/bin/ld: new_slam.cpp:(.text+0x1602): undefined reference to `gsl_matrix_calloc'
[7.254s] /usr/bin/ld: new_slam.cpp:(.text+0x161d): undefined reference to `gsl_linalg_matmult'
[7.255s] /usr/bin/ld: new_slam.cpp:(.text+0x1633): undefined reference to `gsl_matrix_get'
[7.255s] /usr/bin/ld: new_slam.cpp:(.text+0x1667): undefined reference to `gsl_matrix_set'
[7.255s] /usr/bin/ld: new_slam.cpp:(.text+0x1692): undefined reference to `gsl_matrix_calloc'
[7.255s] /usr/bin/ld: new_slam.cpp:(.text+0x16d6): undefined reference to `gsl_matrix_get'
[7.255s] /usr/bin/ld: new_slam.cpp:(.text+0x16f0): undefined reference to `gsl_matrix_set'
[7.255s] /usr/bin/ld: new_slam.cpp:(.text+0x171e): undefined reference to `gsl_matrix_set'
[7.255s] /usr/bin/ld: new_slam.cpp:(.text+0x172d): undefined reference to `gsl_matrix_free'
[7.255s] /usr/bin/ld: new_slam.cpp:(.text+0x1742): undefined reference to `gsl_matrix_calloc'
[7.255s] /usr/bin/ld: new_slam.cpp:(.text+0x1783): undefined reference to `gsl_matrix_get'
[7.255s] /usr/bin/ld: new_slam.cpp:(.text+0x17a0): undefined reference to `gsl_matrix_set'
[7.256s] /usr/bin/ld: new_slam.cpp:(.text+0x17b5): undefined reference to `gsl_matrix_free'
[7.256s] /usr/bin/ld: new_slam.cpp:(.text+0x17c4): undefined reference to `gsl_matrix_free'
[7.256s] /usr/bin/ld: new_slam.cpp:(.text+0x17d7): undefined reference to `gsl_matrix_free'
[7.256s] /usr/bin/ld: new_slam.cpp:(.text+0x17ea): undefined reference to `gsl_matrix_free'
[7.256s] /usr/bin/ld: new_slam.cpp:(.text+0x180c): undefined reference to `gsl_matrix_free'
[7.256s] /usr/bin/ld: CMakeFiles/slam_test2.dir/planning_codebase/new_slam.cpp.o:new_slam.cpp:(.text+0x1818): more undefined references to `gsl_matrix_free' follow
[7.256s] /usr/bin/ld: CMakeFiles/slam_test2.dir/planning_codebase/new_slam.cpp.o: in function `search_correspond_landmark_id(gsl_matrix*, gsl_matrix*, gsl_matrix*)':
[7.256s] new_slam.cpp:(.text+0x183c): undefined reference to `gsl_permutation_free'
[7.256s] /usr/bin/ld: new_slam.cpp:(.text+0x187a): undefined reference to `gsl_matrix_calloc'
[7.256s] /usr/bin/ld: new_slam.cpp:(.text+0x18be): undefined reference to `gsl_matrix_get'
[7.256s] /usr/bin/ld: new_slam.cpp:(.text+0x18d8): undefined reference to `gsl_matrix_set'
[7.256s] /usr/bin/ld: new_slam.cpp:(.text+0x1909): undefined reference to `gsl_matrix_set'
[7.257s] /usr/bin/ld: new_slam.cpp:(.text+0x1918): undefined reference to `gsl_matrix_free'
[7.257s] /usr/bin/ld: new_slam.cpp:(.text+0x192d): undefined reference to `gsl_matrix_calloc'
[7.257s] /usr/bin/ld: new_slam.cpp:(.text+0x196e): undefined reference to `gsl_matrix_get'
[7.257s] /usr/bin/ld: new_slam.cpp:(.text+0x198b): undefined reference to `gsl_matrix_set'
[7.257s] /usr/bin/ld: new_slam.cpp:(.text+0x19a0): undefined reference to `gsl_matrix_free'
[7.257s] /usr/bin/ld: new_slam.cpp:(.text+0x19ee): undefined reference to `gsl_matrix_free'
[7.257s] /usr/bin/ld: CMakeFiles/slam_test2.dir/planning_codebase/new_slam.cpp.o: in function `ekf_slam(gsl_matrix*, gsl_matrix*, gsl_matrix*, gsl_matrix*, double)':
[7.257s] new_slam.cpp:(.text+0x1aad): undefined reference to `gsl_matrix_calloc'
[7.257s] /usr/bin/ld: new_slam.cpp:(.text+0x1b21): undefined reference to `gsl_matrix_get'
[7.257s] /usr/bin/ld: new_slam.cpp:(.text+0x1b45): undefined reference to `gsl_matrix_set'
[7.257s] /usr/bin/ld: new_slam.cpp:(.text+0x1bb8): undefined reference to `gsl_matrix_calloc'
[7.257s] /usr/bin/ld: new_slam.cpp:(.text+0x1be8): undefined reference to `gsl_matrix_get'
[7.257s] /usr/bin/ld: new_slam.cpp:(.text+0x1c26): undefined reference to `gsl_matrix_get'
[7.257s] /usr/bin/ld: new_slam.cpp:(.text+0x1c7a): undefined reference to `gsl_matrix_get'
[7.258s] /usr/bin/ld: new_slam.cpp:(.text+0x1cb8): undefined reference to `gsl_matrix_get'
[7.258s] /usr/bin/ld: new_slam.cpp:(.text+0x1d08): undefined reference to `gsl_matrix_set'
[7.258s] /usr/bin/ld: new_slam.cpp:(.text+0x1d2d): undefined reference to `gsl_matrix_set'
[7.258s] /usr/bin/ld: new_slam.cpp:(.text+0x1d46): undefined reference to `gsl_matrix_get'
[7.258s] /usr/bin/ld: new_slam.cpp:(.text+0x1d61): undefined reference to `gsl_matrix_calloc'
[7.258s] /usr/bin/ld: new_slam.cpp:(.text+0x1d92): undefined reference to `gsl_matrix_set'
[7.258s] /usr/bin/ld: new_slam.cpp:(.text+0x1dc8): undefined reference to `gsl_matrix_set'
[7.258s] /usr/bin/ld: new_slam.cpp:(.text+0x1df2): undefined reference to `gsl_matrix_set'
[7.258s] /usr/bin/ld: new_slam.cpp:(.text+0x1e28): undefined reference to `gsl_matrix_set'
[7.258s] /usr/bin/ld: new_slam.cpp:(.text+0x1e4d): undefined reference to `gsl_matrix_set'
[7.258s] /usr/bin/ld: new_slam.cpp:(.text+0x1ee6): undefined reference to `gsl_matrix_get'
[7.258s] /usr/bin/ld: new_slam.cpp:(.text+0x1f0a): undefined reference to `gsl_matrix_set'
[7.258s] /usr/bin/ld: new_slam.cpp:(.text+0x1f2e): undefined reference to `gsl_matrix_free'
[7.258s] /usr/bin/ld: new_slam.cpp:(.text+0x1fc7): undefined reference to `gsl_matrix_calloc'
[7.258s] /usr/bin/ld: new_slam.cpp:(.text+0x2032): undefined reference to `gsl_matrix_get'
[7.259s] /usr/bin/ld: new_slam.cpp:(.text+0x2056): undefined reference to `gsl_matrix_set'
[7.259s] /usr/bin/ld: new_slam.cpp:(.text+0x208b): undefined reference to `gsl_matrix_calloc'
[7.259s] /usr/bin/ld: new_slam.cpp:(.text+0x20ab): undefined reference to `gsl_matrix_transpose_memcpy'
[7.259s] /usr/bin/ld: new_slam.cpp:(.text+0x20cb): undefined reference to `gsl_matrix_calloc'
[7.259s] /usr/bin/ld: new_slam.cpp:(.text+0x20eb): undefined reference to `gsl_matrix_transpose_memcpy'
[7.259s] /usr/bin/ld: new_slam.cpp:(.text+0x20fa): undefined reference to `gsl_matrix_calloc'
[7.259s] /usr/bin/ld: new_slam.cpp:(.text+0x2185): undefined reference to `gsl_matrix_set'
[7.259s] /usr/bin/ld: new_slam.cpp:(.text+0x21ba): undefined reference to `gsl_matrix_calloc'
[7.259s] /usr/bin/ld: new_slam.cpp:(.text+0x21e1): undefined reference to `gsl_linalg_matmult'
[7.259s] /usr/bin/ld: new_slam.cpp:(.text+0x2201): undefined reference to `gsl_matrix_calloc'
[7.259s] /usr/bin/ld: new_slam.cpp:(.text+0x2228): undefined reference to `gsl_linalg_matmult'
[7.259s] /usr/bin/ld: new_slam.cpp:(.text+0x2248): undefined reference to `gsl_matrix_calloc'
[7.259s] /usr/bin/ld: new_slam.cpp:(.text+0x226f): undefined reference to `gsl_linalg_matmult'
[7.259s] /usr/bin/ld: new_slam.cpp:(.text+0x228f): undefined reference to `gsl_matrix_calloc'
[7.259s] /usr/bin/ld: new_slam.cpp:(.text+0x22b6): undefined reference to `gsl_linalg_matmult'
[7.260s] /usr/bin/ld: new_slam.cpp:(.text+0x22cf): undefined reference to `gsl_matrix_add'
[7.260s] /usr/bin/ld: new_slam.cpp:(.text+0x2333): undefined reference to `gsl_matrix_get'
[7.260s] /usr/bin/ld: new_slam.cpp:(.text+0x2357): undefined reference to `gsl_matrix_set'
[7.260s] /usr/bin/ld: new_slam.cpp:(.text+0x237b): undefined reference to `gsl_matrix_free'
[7.260s] /usr/bin/ld: new_slam.cpp:(.text+0x238a): undefined reference to `gsl_matrix_free'
[7.260s] /usr/bin/ld: new_slam.cpp:(.text+0x2399): undefined reference to `gsl_matrix_free'
[7.260s] /usr/bin/ld: new_slam.cpp:(.text+0x23a8): undefined reference to `gsl_matrix_free'
[7.260s] /usr/bin/ld: new_slam.cpp:(.text+0x23b7): undefined reference to `gsl_matrix_calloc'
[7.260s] /usr/bin/ld: new_slam.cpp:(.text+0x23e3): undefined reference to `gsl_matrix_set'
[7.260s] /usr/bin/ld: new_slam.cpp:(.text+0x2408): undefined reference to `gsl_matrix_set'
[7.260s] /usr/bin/ld: new_slam.cpp:(.text+0x2417): undefined reference to `gsl_matrix_free'
[7.260s] /usr/bin/ld: new_slam.cpp:(.text+0x2426): undefined reference to `gsl_matrix_free'
[7.260s] /usr/bin/ld: new_slam.cpp:(.text+0x2435): undefined reference to `gsl_matrix_free'
[7.260s] /usr/bin/ld: new_slam.cpp:(.text+0x2444): undefined reference to `gsl_matrix_free'
[7.260s] /usr/bin/ld: new_slam.cpp:(.text+0x2453): undefined reference to `gsl_matrix_free'
[7.261s] /usr/bin/ld: CMakeFiles/slam_test2.dir/planning_codebase/new_slam.cpp.o:new_slam.cpp:(.text+0x247b): more undefined references to `gsl_matrix_free' follow
[7.261s] /usr/bin/ld: CMakeFiles/slam_test2.dir/planning_codebase/new_slam.cpp.o: in function `ekf_slam(gsl_matrix*, gsl_matrix*, gsl_matrix*, gsl_matrix*, double)':
[7.261s] new_slam.cpp:(.text+0x24c3): undefined reference to `gsl_matrix_calloc'
[7.261s] /usr/bin/ld: new_slam.cpp:(.text+0x2510): undefined reference to `gsl_matrix_get'
[7.261s] /usr/bin/ld: new_slam.cpp:(.text+0x2529): undefined reference to `gsl_matrix_set'
[7.261s] /usr/bin/ld: new_slam.cpp:(.text+0x2549): undefined reference to `gsl_matrix_get'
[7.261s] /usr/bin/ld: new_slam.cpp:(.text+0x2562): undefined reference to `gsl_matrix_set'
[7.261s] /usr/bin/ld: new_slam.cpp:(.text+0x25a0): undefined reference to `gsl_matrix_calloc'
[7.261s] /usr/bin/ld: new_slam.cpp:(.text+0x25ee): undefined reference to `gsl_matrix_get'
[7.261s] /usr/bin/ld: new_slam.cpp:(.text+0x2612): undefined reference to `gsl_matrix_set'
[7.261s] /usr/bin/ld: new_slam.cpp:(.text+0x264a): undefined reference to `gsl_matrix_free'
[7.261s] /usr/bin/ld: new_slam.cpp:(.text+0x26ca): undefined reference to `gsl_matrix_calloc'
[7.261s] /usr/bin/ld: new_slam.cpp:(.text+0x2713): undefined reference to `gsl_matrix_get'
[7.262s] /usr/bin/ld: new_slam.cpp:(.text+0x2733): undefined reference to `gsl_matrix_set'
[7.262s] /usr/bin/ld: new_slam.cpp:(.text+0x2755): undefined reference to `gsl_matrix_get'
[7.262s] /usr/bin/ld: new_slam.cpp:(.text+0x2776): undefined reference to `gsl_matrix_set'
[7.262s] /usr/bin/ld: new_slam.cpp:(.text+0x278f): undefined reference to `gsl_matrix_get'
[7.262s] /usr/bin/ld: new_slam.cpp:(.text+0x27b4): undefined reference to `gsl_matrix_set'
[7.262s] /usr/bin/ld: new_slam.cpp:(.text+0x288c): undefined reference to `gsl_matrix_calloc'
[7.262s] /usr/bin/ld: new_slam.cpp:(.text+0x2900): undefined reference to `gsl_matrix_get'
[7.262s] /usr/bin/ld: new_slam.cpp:(.text+0x2924): undefined reference to `gsl_matrix_set'
[7.262s] /usr/bin/ld: new_slam.cpp:(.text+0x2a48): undefined reference to `gsl_matrix_get'
[7.262s] /usr/bin/ld: new_slam.cpp:(.text+0x2a7c): undefined reference to `gsl_matrix_set'
[7.262s] /usr/bin/ld: new_slam.cpp:(.text+0x2aa0): undefined reference to `gsl_matrix_free'
[7.262s] /usr/bin/ld: new_slam.cpp:(.text+0x2ac0): undefined reference to `gsl_matrix_calloc'
[7.262s] /usr/bin/ld: new_slam.cpp:(.text+0x2b34): undefined reference to `gsl_matrix_get'
[7.262s] /usr/bin/ld: new_slam.cpp:(.text+0x2b58): undefined reference to `gsl_matrix_set'
[7.263s] /usr/bin/ld: new_slam.cpp:(.text+0x2b7c): undefined reference to `gsl_matrix_free'
[7.263s] /usr/bin/ld: new_slam.cpp:(.text+0x2b8b): undefined reference to `gsl_matrix_free'
[7.263s] /usr/bin/ld: new_slam.cpp:(.text+0x2bab): undefined reference to `gsl_matrix_calloc'
[7.263s] /usr/bin/ld: new_slam.cpp:(.text+0x2c1f): undefined reference to `gsl_matrix_get'
[7.263s] /usr/bin/ld: new_slam.cpp:(.text+0x2c43): undefined reference to `gsl_matrix_set'
[7.263s] /usr/bin/ld: new_slam.cpp:(.text+0x2c67): undefined reference to `gsl_matrix_free'
[7.263s] /usr/bin/ld: new_slam.cpp:(.text+0x2c76): undefined reference to `gsl_matrix_free'
[7.263s] /usr/bin/ld: new_slam.cpp:(.text+0x2d13): undefined reference to `gsl_matrix_calloc'
[7.263s] /usr/bin/ld: new_slam.cpp:(.text+0x2d2a): undefined reference to `gsl_matrix_transpose_memcpy'
[7.263s] /usr/bin/ld: new_slam.cpp:(.text+0x2d3c): undefined reference to `gsl_permutation_calloc'
[7.263s] /usr/bin/ld: new_slam.cpp:(.text+0x2d72): undefined reference to `gsl_linalg_LU_decomp'
[7.263s] /usr/bin/ld: new_slam.cpp:(.text+0x2d92): undefined reference to `gsl_matrix_calloc'
[7.263s] /usr/bin/ld: new_slam.cpp:(.text+0x2db0): undefined reference to `gsl_linalg_LU_invert'
[7.263s] /usr/bin/ld: new_slam.cpp:(.text+0x2dbc): undefined reference to `gsl_permutation_free'
[7.264s] /usr/bin/ld: new_slam.cpp:(.text+0x2def): undefined reference to `gsl_matrix_calloc'
[7.264s] /usr/bin/ld: new_slam.cpp:(.text+0x2e13): undefined reference to `gsl_linalg_matmult'
[7.264s] /usr/bin/ld: new_slam.cpp:(.text+0x2e30): undefined reference to `gsl_matrix_calloc'
[7.264s] /usr/bin/ld: new_slam.cpp:(.text+0x2e4e): undefined reference to `gsl_linalg_matmult'
[7.264s] /usr/bin/ld: new_slam.cpp:(.text+0x2e5d): undefined reference to `gsl_matrix_free'
[7.264s] /usr/bin/ld: new_slam.cpp:(.text+0x2e81): undefined reference to `gsl_matrix_calloc'
[7.264s] /usr/bin/ld: new_slam.cpp:(.text+0x2eeb): undefined reference to `gsl_matrix_get'
[7.264s] /usr/bin/ld: new_slam.cpp:(.text+0x2f0c): undefined reference to `gsl_matrix_set'
[7.264s] /usr/bin/ld: new_slam.cpp:(.text+0x2f3f): undefined reference to `gsl_matrix_calloc'
[7.264s] /usr/bin/ld: new_slam.cpp:(.text+0x2fa9): undefined reference to `gsl_matrix_get'
[7.264s] /usr/bin/ld: new_slam.cpp:(.text+0x2fca): undefined reference to `gsl_matrix_set'
[7.264s] /usr/bin/ld: new_slam.cpp:(.text+0x2ffc): undefined reference to `gsl_matrix_calloc'
[7.264s] /usr/bin/ld: new_slam.cpp:(.text+0x3020): undefined reference to `gsl_linalg_matmult'
[7.264s] /usr/bin/ld: new_slam.cpp:(.text+0x3036): undefined reference to `gsl_matrix_add'
[7.264s] /usr/bin/ld: new_slam.cpp:(.text+0x3045): undefined reference to `gsl_matrix_free'
[7.265s] /usr/bin/ld: new_slam.cpp:(.text+0x30b2): undefined reference to `gsl_matrix_get'
[7.265s] /usr/bin/ld: new_slam.cpp:(.text+0x30d6): undefined reference to `gsl_matrix_set'
[7.265s] /usr/bin/ld: new_slam.cpp:(.text+0x3105): undefined reference to `gsl_matrix_calloc'
[7.265s] /usr/bin/ld: new_slam.cpp:(.text+0x3129): undefined reference to `gsl_linalg_matmult'
[7.265s] /usr/bin/ld: new_slam.cpp:(.text+0x3148): undefined reference to `gsl_matrix_calloc'
[7.265s] /usr/bin/ld: new_slam.cpp:(.text+0x319b): undefined reference to `gsl_matrix_set'
[7.265s] /usr/bin/ld: new_slam.cpp:(.text+0x31ba): undefined reference to `gsl_matrix_sub'
[7.265s] /usr/bin/ld: new_slam.cpp:(.text+0x31d7): undefined reference to `gsl_matrix_calloc'
[7.265s] /usr/bin/ld: new_slam.cpp:(.text+0x31f5): undefined reference to `gsl_linalg_matmult'
[7.265s] /usr/bin/ld: new_slam.cpp:(.text+0x3204): undefined reference to `gsl_matrix_free'
[7.265s] /usr/bin/ld: new_slam.cpp:(.text+0x3213): undefined reference to `gsl_matrix_free'
[7.265s] /usr/bin/ld: new_slam.cpp:(.text+0x322d): undefined reference to `gsl_matrix_calloc'
[7.265s] /usr/bin/ld: new_slam.cpp:(.text+0x3294): undefined reference to `gsl_matrix_get'
[7.265s] /usr/bin/ld: new_slam.cpp:(.text+0x32b8): undefined reference to `gsl_matrix_set'
[7.265s] /usr/bin/ld: new_slam.cpp:(.text+0x32dc): undefined reference to `gsl_matrix_free'
[7.266s] /usr/bin/ld: new_slam.cpp:(.text+0x32ee): undefined reference to `gsl_matrix_free'
[7.266s] /usr/bin/ld: new_slam.cpp:(.text+0x3304): undefined reference to `gsl_matrix_free'
[7.266s] /usr/bin/ld: new_slam.cpp:(.text+0x331a): undefined reference to `gsl_matrix_free'
[7.266s] /usr/bin/ld: new_slam.cpp:(.text+0x333f): undefined reference to `gsl_matrix_free'
[7.266s] /usr/bin/ld: CMakeFiles/slam_test2.dir/planning_codebase/new_slam.cpp.o:new_slam.cpp:(.text+0x334b): more undefined references to `gsl_matrix_free' follow
[7.266s] /usr/bin/ld: CMakeFiles/slam_test2.dir/planning_codebase/new_slam.cpp.o: in function `ekf_slam(gsl_matrix*, gsl_matrix*, gsl_matrix*, gsl_matrix*, double)':
[7.266s] new_slam.cpp:(.text+0x33bb): undefined reference to `gsl_matrix_get'
[7.266s] /usr/bin/ld: new_slam.cpp:(.text+0x33d9): undefined reference to `gsl_matrix_set'
[7.266s] /usr/bin/ld: CMakeFiles/slam_test2.dir/planning_codebase/new_slam.cpp.o: in function `printGSLMatrix(gsl_matrix*)':
[7.266s] new_slam.cpp:(.text+0x35f4): undefined reference to `gsl_matrix_get'
[7.266s] /usr/bin/ld: CMakeFiles/slam_test2.dir/planning_codebase/new_slam.cpp.o: in function `calc_input()':
[7.266s] new_slam.cpp:(.text+0x3669): undefined reference to `gsl_matrix_calloc'
[7.266s] /usr/bin/ld: new_slam.cpp:(.text+0x368c): undefined reference to `gsl_matrix_set'
[7.266s] /usr/bin/ld: new_slam.cpp:(.text+0x36ab): undefined reference to `gsl_matrix_set'
[7.266s] /usr/bin/ld: CMakeFiles/slam_test2.dir/planning_codebase/new_slam.cpp.o: in function `main':
[7.267s] new_slam.cpp:(.text+0x36cc): undefined reference to `gsl_matrix_calloc'
[7.267s] /usr/bin/ld: new_slam.cpp:(.text+0x36e8): undefined reference to `gsl_matrix_set_all'
[7.267s] /usr/bin/ld: new_slam.cpp:(.text+0x3703): undefined reference to `gsl_matrix_calloc'
[7.267s] /usr/bin/ld: new_slam.cpp:(.text+0x371f): undefined reference to `gsl_matrix_set_all'
[7.267s] /usr/bin/ld: new_slam.cpp:(.text+0x3745): undefined reference to `gsl_matrix_calloc'
[7.267s] /usr/bin/ld: new_slam.cpp:(.text+0x3760): undefined reference to `gsl_linalg_matmult'
[7.267s] /usr/bin/ld: new_slam.cpp:(.text+0x376c): undefined reference to `gsl_matrix_free'
[7.267s] /usr/bin/ld: new_slam.cpp:(.text+0x3778): undefined reference to `gsl_matrix_free'
[7.267s] /usr/bin/ld: new_slam.cpp:(.text+0x3790): undefined reference to `gsl_matrix_free'
[7.267s] collect2: error: ld returned 1 exit status
[7.267s] make[2]: *** [CMakeFiles/slam_test2.dir/build.make:131: slam_test2] Error 1
[7.267s] make[1]: *** [CMakeFiles/Makefile2:80: CMakeFiles/slam_test2.dir/all] Error 2
[7.267s] make[1]: *** Waiting for unfinished jobs....
[13.628s] [100%] [32m[1mLinking CXX executable slam_test[0m
[14.064s] [100%] Built target slam_test
[14.065s] make: *** [Makefile:141: all] Error 2
[14.067s] Invoked command in '/home/andrewwhong/workspace/driverless/driverless_ws/build/planning' returned '2': AMENT_PREFIX_PATH=/home/andrewwhong/workspace/driverless/driverless_ws/install/eufs_msgs:${AMENT_PREFIX_PATH} CMAKE_PREFIX_PATH=/home/andrewwhong/workspace/driverless/driverless_ws/install/eufs_msgs:/home/andrewwhong/workspace/driverless/driverless_ws/install/perceptions:/home/andrewwhong/workspace/driverless/driverless_ws/install/interfaces:/home/andrewwhong/workspace/driverless/driverless_ws/install/controls:/home/andrewwhong/workspace/driverless/driverless_ws/install/common:/home/andrewwhong/workspace/driverless/driverless_ws/install/collection:/home/andrewwhong/workspace/driverless/driverless_ws/install/actuators:/opt/ros/foxy /usr/bin/cmake --build /home/andrewwhong/workspace/driverless/driverless_ws/build/planning -- -j12 -l12
