[0.029s] Invoking command in '/home/ishin/Documents/cmr/driverless_py/driverless/driverless_ws/build/perceptions': _=/usr/bin/env /usr/bin/cmake /home/ishin/Documents/cmr/driverless_py/driverless/driverless_ws/src/perceptions -DCMAKE_INSTALL_PREFIX=/home/ishin/Documents/cmr/driverless_py/driverless/driverless_ws/install/perceptions
[0.190s] -- The C compiler identification is GNU 13.1.1
[0.472s] -- The CXX compiler identification is GNU 13.1.1
[0.487s] -- Detecting C compiler ABI info
[0.600s] -- Detecting C compiler ABI info - done
[0.612s] -- Check for working C compiler: /usr/bin/cc - skipped
[0.612s] -- Detecting C compile features
[0.614s] -- Detecting C compile features - done
[0.620s] -- Detecting CXX compiler ABI info
[0.889s] -- Detecting CXX compiler ABI info - done
[0.899s] -- Check for working CXX compiler: /usr/bin/c++ - skipped
[0.900s] -- Detecting CXX compile features
[0.900s] -- Detecting CXX compile features - done
[0.924s] -- Configuring incomplete, errors occurred!
[0.924s] [31mCMake Error at CMakeLists.txt:19 (find_package):
[0.924s]   By not providing "Findament_cmake.cmake" in CMAKE_MODULE_PATH this project
[0.924s]   has asked CMake to find a package configuration file provided by
[0.924s]   "ament_cmake", but CMake did not find one.
[0.924s] 
[0.924s]   Could not find a package configuration file provided by "ament_cmake" with
[0.925s]   any of the following names:
[0.925s] 
[0.925s]     ament_cmakeConfig.cmake
[0.925s]     ament_cmake-config.cmake
[0.925s] 
[0.925s]   Add the installation prefix of "ament_cmake" to CMAKE_PREFIX_PATH or set
[0.925s]   "ament_cmake_DIR" to a directory containing one of the above files.  If
[0.925s]   "ament_cmake" provides a separate development package or SDK, be sure it
[0.925s]   has been installed.
[0.925s] 
[0.925s] [0m
