[0.046s] Invoking command in '/home/ishin/Documents/cmr/driverless_py/driverless/driverless_ws/build/interfaces': _=/usr/bin/env /usr/bin/cmake /home/ishin/Documents/cmr/driverless_py/driverless/driverless_ws/src/interfaces -DCMAKE_INSTALL_PREFIX=/home/ishin/Documents/cmr/driverless_py/driverless/driverless_ws/install/interfaces
[0.126s] -- The C compiler identification is GNU 13.1.1
[0.202s] -- The CXX compiler identification is GNU 13.1.1
[0.213s] -- Detecting C compiler ABI info
[0.277s] -- Detecting C compiler ABI info - done
[0.283s] -- Check for working C compiler: /usr/bin/cc - skipped
[0.283s] -- Detecting C compile features
[0.283s] -- Detecting C compile features - done
[0.285s] -- Detecting CXX compiler ABI info
[0.376s] -- Detecting CXX compiler ABI info - done
[0.381s] -- Check for working CXX compiler: /usr/bin/c++ - skipped
[0.381s] -- Detecting CXX compile features
[0.382s] -- Detecting CXX compile features - done
[0.391s] [31mCMake Error at CMakeLists.txt:15 (find_package):
[0.391s]   By not providing "Findament_cmake.cmake" in CMAKE_MODULE_PATH this project
[0.391s]   has asked CMake to find a package configuration file provided by
[0.391s]   "ament_cmake", but CMake did not find one.
[0.391s] 
[0.391s]   Could not find a package configuration file provided by "ament_cmake" with
[0.391s]   any of the following names:
[0.391s] 
[0.391s]     ament_cmakeConfig.cmake
[0.391s]     ament_cmake-config.cmake
[0.391s] 
[0.391s]   Add the installation prefix of "ament_cmake" to CMAKE_PREFIX_PATH or set
[0.391s]   "ament_cmake_DIR" to a directory containing one of the above files.  If
[0.392s]   "ament_cmake" provides a separate development package or SDK, be sure it
[0.392s]   has been installed.
[0.392s] 
[0.392s] [0m
[0.392s] -- Configuring incomplete, errors occurred!
