[0.051s] Invoking command in '/home/andrewwhong/workspace/driverless/driverless_ws/src/build/controls': CMAKE_PREFIX_PATH=${CMAKE_PREFIX_PATH}:/opt/ros/foxy /usr/bin/cmake --build /home/andrewwhong/workspace/driverless/driverless_ws/src/build/controls -- -j12 -l12
[0.091s] Invoked command in '/home/andrewwhong/workspace/driverless/driverless_ws/src/build/controls' returned '0': CMAKE_PREFIX_PATH=${CMAKE_PREFIX_PATH}:/opt/ros/foxy /usr/bin/cmake --build /home/andrewwhong/workspace/driverless/driverless_ws/src/build/controls -- -j12 -l12
[0.138s] Invoking command in '/home/andrewwhong/workspace/driverless/driverless_ws/src/build/controls': CMAKE_PREFIX_PATH=${CMAKE_PREFIX_PATH}:/opt/ros/foxy /usr/bin/cmake --install /home/andrewwhong/workspace/driverless/driverless_ws/src/build/controls
[0.164s] -- Install configuration: ""
[0.164s] -- Up-to-date: /home/andrewwhong/workspace/driverless/driverless_ws/src/install/controls/share/ament_index/resource_index/package_run_dependencies/controls
[0.164s] -- Up-to-date: /home/andrewwhong/workspace/driverless/driverless_ws/src/install/controls/share/ament_index/resource_index/parent_prefix_path/controls
[0.165s] -- Up-to-date: /home/andrewwhong/workspace/driverless/driverless_ws/src/install/controls/share/controls/environment/ament_prefix_path.sh
[0.165s] -- Up-to-date: /home/andrewwhong/workspace/driverless/driverless_ws/src/install/controls/share/controls/environment/ament_prefix_path.dsv
[0.165s] -- Up-to-date: /home/andrewwhong/workspace/driverless/driverless_ws/src/install/controls/share/controls/environment/path.sh
[0.166s] -- Up-to-date: /home/andrewwhong/workspace/driverless/driverless_ws/src/install/controls/share/controls/environment/path.dsv
[0.166s] -- Up-to-date: /home/andrewwhong/workspace/driverless/driverless_ws/src/install/controls/share/controls/local_setup.bash
[0.167s] -- Up-to-date: /home/andrewwhong/workspace/driverless/driverless_ws/src/install/controls/share/controls/local_setup.sh
[0.169s] -- Up-to-date: /home/andrewwhong/workspace/driverless/driverless_ws/src/install/controls/share/controls/local_setup.zsh
[0.170s] -- Up-to-date: /home/andrewwhong/workspace/driverless/driverless_ws/src/install/controls/share/controls/local_setup.dsv
[0.170s] -- Installing: /home/andrewwhong/workspace/driverless/driverless_ws/src/install/controls/share/controls/package.dsv
[0.172s] -- Up-to-date: /home/andrewwhong/workspace/driverless/driverless_ws/src/install/controls/share/ament_index/resource_index/packages/controls
[0.172s] -- Up-to-date: /home/andrewwhong/workspace/driverless/driverless_ws/src/install/controls/share/controls/cmake/controlsConfig.cmake
[0.173s] -- Up-to-date: /home/andrewwhong/workspace/driverless/driverless_ws/src/install/controls/share/controls/cmake/controlsConfig-version.cmake
[0.173s] -- Up-to-date: /home/andrewwhong/workspace/driverless/driverless_ws/src/install/controls/share/controls/package.xml
[0.242s] Invoked command in '/home/andrewwhong/workspace/driverless/driverless_ws/src/build/controls' returned '0': CMAKE_PREFIX_PATH=${CMAKE_PREFIX_PATH}:/opt/ros/foxy /usr/bin/cmake --install /home/andrewwhong/workspace/driverless/driverless_ws/src/build/controls
