[0.035s] Invoking command in '/home/ishin/Documents/cmr/driverless_py/driverless/driverless_ws/build/controls': _=/usr/bin/env /usr/bin/cmake /home/ishin/Documents/cmr/driverless_py/driverless/driverless_ws/src/controls -DCMAKE_INSTALL_PREFIX=/home/ishin/Documents/cmr/driverless_py/driverless/driverless_ws/install/controls
[0.071s] [31mCMake Error at CMakeLists.txt:19 (find_package):
[0.071s]   By not providing "Findament_cmake.cmake" in CMAKE_MODULE_PATH this project
[0.071s]   has asked CMake to find a package configuration file provided by
[0.071s]   "ament_cmake", but CMake did not find one.
[0.072s] 
[0.072s]   Could not find a package configuration file provided by "ament_cmake" with
[0.072s]   any of the following names:
[0.072s] 
[0.072s]     ament_cmakeConfig.cmake
[0.072s]     ament_cmake-config.cmake
[0.072s] 
[0.072s]   Add the installation prefix of "ament_cmake" to CMAKE_PREFIX_PATH or set
[0.073s]   "ament_cmake_DIR" to a directory containing one of the above files.  If
[0.073s]   "ament_cmake" provides a separate development package or SDK, be sure it
[0.080s]   has been installed.
[0.080s] 
[0.080s] [0m
[0.080s] -- Configuring incomplete, errors occurred!
[0.084s] Invoked command in '/home/ishin/Documents/cmr/driverless_py/driverless/driverless_ws/build/controls' returned '1': _=/usr/bin/env /usr/bin/cmake /home/ishin/Documents/cmr/driverless_py/driverless/driverless_ws/src/controls -DCMAKE_INSTALL_PREFIX=/home/ishin/Documents/cmr/driverless_py/driverless/driverless_ws/install/controls
