Performing C SOURCE FILE Test CMAKE_HAVE_LIBC_PTHREAD failed with the following output:
Change Dir: /home/andrewwhong/workspace/driverless/driverless_ws/build/planning/CMakeFiles/CMakeTmp

Run Build Command(s):/usr/bin/make cmTC_29779/fast && /usr/bin/make -f CMakeFiles/cmTC_29779.dir/build.make CMakeFiles/cmTC_29779.dir/build
make[1]: Entering directory '/home/andrewwhong/workspace/driverless/driverless_ws/build/planning/CMakeFiles/CMakeTmp'
Building C object CMakeFiles/cmTC_29779.dir/src.c.o
/usr/bin/cc   -DCMAKE_HAVE_LIBC_PTHREAD   -o CMakeFiles/cmTC_29779.dir/src.c.o   -c /home/andrewwhong/workspace/driverless/driverless_ws/build/planning/CMakeFiles/CMakeTmp/src.c
Linking C executable cmTC_29779
/usr/bin/cmake -E cmake_link_script CMakeFiles/cmTC_29779.dir/link.txt --verbose=1
/usr/bin/cc  -DCMAKE_HAVE_LIBC_PTHREAD    CMakeFiles/cmTC_29779.dir/src.c.o  -o cmTC_29779 
/usr/bin/ld: CMakeFiles/cmTC_29779.dir/src.c.o: in function `main':
src.c:(.text+0x46): undefined reference to `pthread_create'
/usr/bin/ld: src.c:(.text+0x52): undefined reference to `pthread_detach'
/usr/bin/ld: src.c:(.text+0x63): undefined reference to `pthread_join'
collect2: error: ld returned 1 exit status
make[1]: *** [CMakeFiles/cmTC_29779.dir/build.make:87: cmTC_29779] Error 1
make[1]: Leaving directory '/home/andrewwhong/workspace/driverless/driverless_ws/build/planning/CMakeFiles/CMakeTmp'
make: *** [Makefile:121: cmTC_29779/fast] Error 2


Source file was:
#include <pthread.h>

void* test_func(void* data)
{
  return data;
}

int main(void)
{
  pthread_t thread;
  pthread_create(&thread, NULL, test_func, NULL);
  pthread_detach(thread);
  pthread_join(thread, NULL);
  pthread_atfork(NULL, NULL, NULL);
  pthread_exit(NULL);

  return 0;
}

Determining if the function pthread_create exists in the pthreads failed with the following output:
Change Dir: /home/andrewwhong/workspace/driverless/driverless_ws/build/planning/CMakeFiles/CMakeTmp

Run Build Command(s):/usr/bin/make cmTC_4ab76/fast && /usr/bin/make -f CMakeFiles/cmTC_4ab76.dir/build.make CMakeFiles/cmTC_4ab76.dir/build
make[1]: Entering directory '/home/andrewwhong/workspace/driverless/driverless_ws/build/planning/CMakeFiles/CMakeTmp'
Building C object CMakeFiles/cmTC_4ab76.dir/CheckFunctionExists.c.o
/usr/bin/cc   -DCHECK_FUNCTION_EXISTS=pthread_create   -o CMakeFiles/cmTC_4ab76.dir/CheckFunctionExists.c.o   -c /usr/share/cmake-3.16/Modules/CheckFunctionExists.c
Linking C executable cmTC_4ab76
/usr/bin/cmake -E cmake_link_script CMakeFiles/cmTC_4ab76.dir/link.txt --verbose=1
/usr/bin/cc  -DCHECK_FUNCTION_EXISTS=pthread_create    CMakeFiles/cmTC_4ab76.dir/CheckFunctionExists.c.o  -o cmTC_4ab76  -lpthreads 
/usr/bin/ld: cannot find -lpthreads
collect2: error: ld returned 1 exit status
make[1]: *** [CMakeFiles/cmTC_4ab76.dir/build.make:87: cmTC_4ab76] Error 1
make[1]: Leaving directory '/home/andrewwhong/workspace/driverless/driverless_ws/build/planning/CMakeFiles/CMakeTmp'
make: *** [Makefile:121: cmTC_4ab76/fast] Error 2



Performing C SOURCE FILE Test CMAKE_HAVE_LIBC_PTHREAD failed with the following output:
Change Dir: /home/andrewwhong/workspace/driverless/driverless_ws/build/planning/CMakeFiles/CMakeTmp

Run Build Command(s):/usr/bin/make cmTC_11dc3/fast && /usr/bin/make -f CMakeFiles/cmTC_11dc3.dir/build.make CMakeFiles/cmTC_11dc3.dir/build
make[1]: Entering directory '/home/andrewwhong/workspace/driverless/driverless_ws/build/planning/CMakeFiles/CMakeTmp'
Building C object CMakeFiles/cmTC_11dc3.dir/src.c.o
/usr/bin/cc   -DCMAKE_HAVE_LIBC_PTHREAD   -o CMakeFiles/cmTC_11dc3.dir/src.c.o   -c /home/andrewwhong/workspace/driverless/driverless_ws/build/planning/CMakeFiles/CMakeTmp/src.c
Linking C executable cmTC_11dc3
/usr/bin/cmake -E cmake_link_script CMakeFiles/cmTC_11dc3.dir/link.txt --verbose=1
/usr/bin/cc  -DCMAKE_HAVE_LIBC_PTHREAD    CMakeFiles/cmTC_11dc3.dir/src.c.o  -o cmTC_11dc3 
/usr/bin/ld: CMakeFiles/cmTC_11dc3.dir/src.c.o: in function `main':
src.c:(.text+0x46): undefined reference to `pthread_create'
/usr/bin/ld: src.c:(.text+0x52): undefined reference to `pthread_detach'
/usr/bin/ld: src.c:(.text+0x63): undefined reference to `pthread_join'
collect2: error: ld returned 1 exit status
make[1]: *** [CMakeFiles/cmTC_11dc3.dir/build.make:87: cmTC_11dc3] Error 1
make[1]: Leaving directory '/home/andrewwhong/workspace/driverless/driverless_ws/build/planning/CMakeFiles/CMakeTmp'
make: *** [Makefile:121: cmTC_11dc3/fast] Error 2


Source file was:
#include <pthread.h>

void* test_func(void* data)
{
  return data;
}

int main(void)
{
  pthread_t thread;
  pthread_create(&thread, NULL, test_func, NULL);
  pthread_detach(thread);
  pthread_join(thread, NULL);
  pthread_atfork(NULL, NULL, NULL);
  pthread_exit(NULL);

  return 0;
}

Determining if the function pthread_create exists in the pthreads failed with the following output:
Change Dir: /home/andrewwhong/workspace/driverless/driverless_ws/build/planning/CMakeFiles/CMakeTmp

Run Build Command(s):/usr/bin/make cmTC_1999e/fast && /usr/bin/make -f CMakeFiles/cmTC_1999e.dir/build.make CMakeFiles/cmTC_1999e.dir/build
make[1]: Entering directory '/home/andrewwhong/workspace/driverless/driverless_ws/build/planning/CMakeFiles/CMakeTmp'
Building C object CMakeFiles/cmTC_1999e.dir/CheckFunctionExists.c.o
/usr/bin/cc   -DCHECK_FUNCTION_EXISTS=pthread_create   -o CMakeFiles/cmTC_1999e.dir/CheckFunctionExists.c.o   -c /usr/share/cmake-3.16/Modules/CheckFunctionExists.c
Linking C executable cmTC_1999e
/usr/bin/cmake -E cmake_link_script CMakeFiles/cmTC_1999e.dir/link.txt --verbose=1
/usr/bin/cc  -DCHECK_FUNCTION_EXISTS=pthread_create    CMakeFiles/cmTC_1999e.dir/CheckFunctionExists.c.o  -o cmTC_1999e  -lpthreads 
/usr/bin/ld: cannot find -lpthreads
collect2: error: ld returned 1 exit status
make[1]: *** [CMakeFiles/cmTC_1999e.dir/build.make:87: cmTC_1999e] Error 1
make[1]: Leaving directory '/home/andrewwhong/workspace/driverless/driverless_ws/build/planning/CMakeFiles/CMakeTmp'
make: *** [Makefile:121: cmTC_1999e/fast] Error 2



