[0.048s] Invoking command in '/home/andrewwhong/workspace/driverless/driverless_ws/build/interfaces': CMAKE_PREFIX_PATH=${CMAKE_PREFIX_PATH}:/opt/ros/foxy /usr/bin/cmake /home/andrewwhong/workspace/driverless/driverless_ws/src/interfaces -DCMAKE_INSTALL_PREFIX=/home/andrewwhong/workspace/driverless/driverless_ws/install/interfaces
[0.275s] -- The C compiler identification is GNU 9.4.0
[0.645s] -- The CXX compiler identification is GNU 9.4.0
[0.796s] -- Check for working C compiler: /usr/bin/cc
[1.004s] -- Check for working C compiler: /usr/bin/cc -- works
[1.006s] -- Detecting C compiler ABI info
[1.216s] -- Detecting C compiler ABI info - done
[1.233s] -- Detecting C compile features
[1.233s] -- Detecting C compile features - done
[1.238s] -- Check for working CXX compiler: /usr/bin/c++
[1.460s] -- Check for working CXX compiler: /usr/bin/c++ -- works
[1.461s] -- Detecting CXX compiler ABI info
[1.716s] -- Detecting CXX compiler ABI info - done
[1.731s] -- Detecting CXX compile features
[1.732s] -- Detecting CXX compile features - done
[1.735s] -- Found ament_cmake: 0.9.12 (/opt/ros/foxy/share/ament_cmake/cmake)
[1.766s] -- Found PythonInterp: /usr/bin/python3 (found suitable version "3.8.10", minimum required is "3") 
[1.766s] -- Using PYTHON_EXECUTABLE: /usr/bin/python3
[2.101s] -- Found ament_lint_auto: 0.9.8 (/opt/ros/foxy/share/ament_lint_auto/cmake)
[2.303s] -- Added test 'copyright' to check source files copyright and LICENSE
[2.304s] -- Added test 'lint_cmake' to check CMake code style
[2.305s] -- Added test 'xmllint' to check XML markup files
[2.307s] -- Configuring done
[2.310s] -- Generating done
[2.311s] -- Build files have been written to: /home/andrewwhong/workspace/driverless/driverless_ws/build/interfaces
[2.319s] Invoked command in '/home/andrewwhong/workspace/driverless/driverless_ws/build/interfaces' returned '0': CMAKE_PREFIX_PATH=${CMAKE_PREFIX_PATH}:/opt/ros/foxy /usr/bin/cmake /home/andrewwhong/workspace/driverless/driverless_ws/src/interfaces -DCMAKE_INSTALL_PREFIX=/home/andrewwhong/workspace/driverless/driverless_ws/install/interfaces
[2.324s] Invoking command in '/home/andrewwhong/workspace/driverless/driverless_ws/build/interfaces': CMAKE_PREFIX_PATH=${CMAKE_PREFIX_PATH}:/opt/ros/foxy /usr/bin/cmake --build /home/andrewwhong/workspace/driverless/driverless_ws/build/interfaces -- -j12 -l12
[2.389s] Invoked command in '/home/andrewwhong/workspace/driverless/driverless_ws/build/interfaces' returned '0': CMAKE_PREFIX_PATH=${CMAKE_PREFIX_PATH}:/opt/ros/foxy /usr/bin/cmake --build /home/andrewwhong/workspace/driverless/driverless_ws/build/interfaces -- -j12 -l12
[2.432s] Invoking command in '/home/andrewwhong/workspace/driverless/driverless_ws/build/interfaces': CMAKE_PREFIX_PATH=${CMAKE_PREFIX_PATH}:/opt/ros/foxy /usr/bin/cmake --install /home/andrewwhong/workspace/driverless/driverless_ws/build/interfaces
[2.450s] -- Install configuration: ""
[2.450s] -- Installing: /home/andrewwhong/workspace/driverless/driverless_ws/install/interfaces/share/ament_index/resource_index/package_run_dependencies/interfaces
[2.450s] -- Installing: /home/andrewwhong/workspace/driverless/driverless_ws/install/interfaces/share/ament_index/resource_index/parent_prefix_path/interfaces
[2.451s] -- Installing: /home/andrewwhong/workspace/driverless/driverless_ws/install/interfaces/share/interfaces/environment/ament_prefix_path.sh
[2.451s] -- Installing: /home/andrewwhong/workspace/driverless/driverless_ws/install/interfaces/share/interfaces/environment/ament_prefix_path.dsv
[2.451s] -- Installing: /home/andrewwhong/workspace/driverless/driverless_ws/install/interfaces/share/interfaces/environment/path.sh
[2.451s] -- Installing: /home/andrewwhong/workspace/driverless/driverless_ws/install/interfaces/share/interfaces/environment/path.dsv
[2.452s] -- Installing: /home/andrewwhong/workspace/driverless/driverless_ws/install/interfaces/share/interfaces/local_setup.bash
[2.452s] -- Installing: /home/andrewwhong/workspace/driverless/driverless_ws/install/interfaces/share/interfaces/local_setup.sh
[2.452s] -- Installing: /home/andrewwhong/workspace/driverless/driverless_ws/install/interfaces/share/interfaces/local_setup.zsh
[2.452s] -- Installing: /home/andrewwhong/workspace/driverless/driverless_ws/install/interfaces/share/interfaces/local_setup.dsv
[2.453s] -- Installing: /home/andrewwhong/workspace/driverless/driverless_ws/install/interfaces/share/interfaces/package.dsv
[2.453s] -- Installing: /home/andrewwhong/workspace/driverless/driverless_ws/install/interfaces/share/ament_index/resource_index/packages/interfaces
[2.453s] -- Installing: /home/andrewwhong/workspace/driverless/driverless_ws/install/interfaces/share/interfaces/cmake/interfacesConfig.cmake
[2.453s] -- Installing: /home/andrewwhong/workspace/driverless/driverless_ws/install/interfaces/share/interfaces/cmake/interfacesConfig-version.cmake
[2.454s] -- Installing: /home/andrewwhong/workspace/driverless/driverless_ws/install/interfaces/share/interfaces/package.xml
[2.485s] Invoked command in '/home/andrewwhong/workspace/driverless/driverless_ws/build/interfaces' returned '0': CMAKE_PREFIX_PATH=${CMAKE_PREFIX_PATH}:/opt/ros/foxy /usr/bin/cmake --install /home/andrewwhong/workspace/driverless/driverless_ws/build/interfaces
