-- The C compiler identification is GNU 13.1.1
-- The CXX compiler identification is GNU 13.1.1
-- Detecting C compiler ABI info
-- Detecting C compiler ABI info - done
-- Check for working C compiler: /usr/bin/cc - skipped
-- Detecting C compile features
-- Detecting C compile features - done
-- Detecting CXX compiler ABI info
-- Detecting CXX compiler ABI info - done
-- Check for working CXX compiler: /usr/bin/c++ - skipped
-- Detecting CXX compile features
-- Detecting CXX compile features - done
-- Found ament_cmake: 2.0.2 (/opt/ros/iron/share/ament_cmake/cmake)
-- Found Python3: /home/ishin/Documents/cmr/driverless_py/bin/python3.11 (found version "3.11.3") found components: Interpreter 
-- Found ament_lint_auto: 0.14.1 (/opt/ros/iron/share/ament_lint_auto/cmake)
Traceback (most recent call last):
  File "/opt/ros/iron/share/ament_cmake_core/cmake/core/package_xml_2_cmake.py", line 22, in <module>
    from catkin_pkg.package import parse_package_string
ModuleNotFoundError: No module named 'catkin_pkg'
[31mCMake Error at /opt/ros/iron/share/ament_cmake_core/cmake/core/ament_package_xml.cmake:95 (message):
  execute_process(/home/ishin/Documents/cmr/driverless_py/bin/python3.11
  /opt/ros/iron/share/ament_cmake_core/cmake/core/package_xml_2_cmake.py
  /home/ishin/Documents/cmr/driverless_py/driverless/driverless_ws/src/interfaces/package.xml
  /home/ishin/Documents/cmr/driverless_py/driverless/driverless_ws/src/build/interfaces/ament_cmake_core/package.cmake)
  returned error code 1
Call Stack (most recent call first):
  /opt/ros/iron/share/ament_cmake_core/cmake/core/ament_package_xml.cmake:49 (_ament_package_xml)
  /opt/ros/iron/share/ament_lint_auto/cmake/ament_lint_auto_find_test_dependencies.cmake:31 (ament_package_xml)
  CMakeLists.txt:23 (ament_lint_auto_find_test_dependencies)

[0m
-- Configuring incomplete, errors occurred!
