-- Found ament_cmake: 2.0.2 (/opt/ros/iron/share/ament_cmake/cmake)
-- Found ament_lint_auto: 0.14.1 (/opt/ros/iron/share/ament_lint_auto/cmake)
-- Found rclcpp: 21.1.1 (/opt/ros/iron/share/rclcpp/cmake)
-- Found rosidl_generator_c: 4.0.0 (/opt/ros/iron/share/rosidl_generator_c/cmake)
-- Found rosidl_generator_cpp: 4.0.0 (/opt/ros/iron/share/rosidl_generator_cpp/cmake)
-- Using all available rosidl_typesupport_c: rosidl_typesupport_fastrtps_c;rosidl_typesupport_introspection_c
-- Using all available rosidl_typesupport_cpp: rosidl_typesupport_fastrtps_cpp;rosidl_typesupport_introspection_cpp
-- Found rmw_implementation_cmake: 7.1.0 (/opt/ros/iron/share/rmw_implementation_cmake/cmake)
-- Found rmw_fastrtps_cpp: 7.1.1 (/opt/ros/iron/share/rmw_fastrtps_cpp/cmake)
-- Using RMW implementation 'rmw_fastrtps_cpp' as default
-- Found interfaces: 0.0.0 (/home/ishin/Documents/cmr/driverless_py/driverless/driverless_ws/install/interfaces/share/interfaces/cmake)
-- Added test 'copyright' to check source files copyright and LICENSE
-- Added test 'cppcheck' to perform static code analysis on C / C++ code
-- Configured cppcheck include dirs: 
-- Configured cppcheck exclude dirs and/or files: 
-- Added test 'cpplint' to check C / C++ code against the Google style
-- Configured cpplint exclude dirs and/or files: 
-- Added test 'lint_cmake' to check CMake code style
-- Added test 'uncrustify' to check C / C++ code style
-- Configured uncrustify additional arguments: 
-- Added test 'xmllint' to check XML markup files
-- Configuring done (0.8s)
-- Generating done (0.0s)
-- Build files have been written to: /home/ishin/Documents/cmr/driverless_py/driverless/driverless_ws/build/planning
-- Install configuration: ""
-- Installing: /home/ishin/Documents/cmr/driverless_py/driverless/driverless_ws/install/planning/share/ament_index/resource_index/package_run_dependencies/planning
-- Installing: /home/ishin/Documents/cmr/driverless_py/driverless/driverless_ws/install/planning/share/ament_index/resource_index/parent_prefix_path/planning
-- Installing: /home/ishin/Documents/cmr/driverless_py/driverless/driverless_ws/install/planning/share/planning/environment/ament_prefix_path.sh
-- Installing: /home/ishin/Documents/cmr/driverless_py/driverless/driverless_ws/install/planning/share/planning/environment/ament_prefix_path.dsv
-- Installing: /home/ishin/Documents/cmr/driverless_py/driverless/driverless_ws/install/planning/share/planning/environment/path.sh
-- Installing: /home/ishin/Documents/cmr/driverless_py/driverless/driverless_ws/install/planning/share/planning/environment/path.dsv
-- Installing: /home/ishin/Documents/cmr/driverless_py/driverless/driverless_ws/install/planning/share/planning/local_setup.bash
-- Installing: /home/ishin/Documents/cmr/driverless_py/driverless/driverless_ws/install/planning/share/planning/local_setup.sh
-- Installing: /home/ishin/Documents/cmr/driverless_py/driverless/driverless_ws/install/planning/share/planning/local_setup.zsh
-- Installing: /home/ishin/Documents/cmr/driverless_py/driverless/driverless_ws/install/planning/share/planning/local_setup.dsv
-- Installing: /home/ishin/Documents/cmr/driverless_py/driverless/driverless_ws/install/planning/share/planning/package.dsv
-- Installing: /home/ishin/Documents/cmr/driverless_py/driverless/driverless_ws/install/planning/share/ament_index/resource_index/packages/planning
-- Installing: /home/ishin/Documents/cmr/driverless_py/driverless/driverless_ws/install/planning/share/planning/cmake/planningConfig.cmake
-- Installing: /home/ishin/Documents/cmr/driverless_py/driverless/driverless_ws/install/planning/share/planning/cmake/planningConfig-version.cmake
-- Installing: /home/ishin/Documents/cmr/driverless_py/driverless/driverless_ws/install/planning/share/planning/package.xml
