[0.014s] Invoking command in '/home/ishin/Documents/cmr/driverless_py/driverless/driverless_ws/build/planning': AMENT_PREFIX_PATH=/home/ishin/Documents/cmr/driverless_py/driverless/driverless_ws/install/interfaces:${AMENT_PREFIX_PATH} CMAKE_PREFIX_PATH=/home/ishin/Documents/cmr/driverless_py/driverless/driverless_ws/install/interfaces:${CMAKE_PREFIX_PATH} LD_LIBRARY_PATH=/home/ishin/Documents/cmr/driverless_py/driverless/driverless_ws/install/interfaces/lib:/opt/ros/iron/opt/yaml_cpp_vendor/lib:/opt/ros/iron/opt/rviz_ogre_vendor/lib:/opt/ros/iron/lib:/opt/gurobi1001/linux64/lib PYTHONPATH=/home/ishin/Documents/cmr/driverless_py/driverless/driverless_ws/install/interfaces/lib/python3.11/site-packages:${PYTHONPATH} _=/usr/bin/env /usr/bin/cmake /home/ishin/Documents/cmr/driverless_py/driverless/driverless_ws/src/planning -DCMAKE_INSTALL_PREFIX=/home/ishin/Documents/cmr/driverless_py/driverless/driverless_ws/install/planning
[0.025s] -- Found ament_cmake: 2.0.2 (/opt/ros/iron/share/ament_cmake/cmake)
[0.130s] -- Found ament_lint_auto: 0.14.1 (/opt/ros/iron/share/ament_lint_auto/cmake)
[0.215s] -- Found rclcpp: 21.1.1 (/opt/ros/iron/share/rclcpp/cmake)
[0.243s] -- Found rosidl_generator_c: 4.0.0 (/opt/ros/iron/share/rosidl_generator_c/cmake)
[0.251s] -- Found rosidl_generator_cpp: 4.0.0 (/opt/ros/iron/share/rosidl_generator_cpp/cmake)
[0.263s] -- Using all available rosidl_typesupport_c: rosidl_typesupport_fastrtps_c;rosidl_typesupport_introspection_c
[0.277s] -- Using all available rosidl_typesupport_cpp: rosidl_typesupport_fastrtps_cpp;rosidl_typesupport_introspection_cpp
[0.409s] -- Found rmw_implementation_cmake: 7.1.0 (/opt/ros/iron/share/rmw_implementation_cmake/cmake)
[0.411s] -- Found rmw_fastrtps_cpp: 7.1.1 (/opt/ros/iron/share/rmw_fastrtps_cpp/cmake)
[0.497s] -- Using RMW implementation 'rmw_fastrtps_cpp' as default
[0.656s] -- Found interfaces: 0.0.0 (/home/ishin/Documents/cmr/driverless_py/driverless/driverless_ws/install/interfaces/share/interfaces/cmake)
[0.814s] -- Added test 'copyright' to check source files copyright and LICENSE
[0.815s] -- Added test 'cppcheck' to perform static code analysis on C / C++ code
[0.815s] -- Configured cppcheck include dirs: 
[0.815s] -- Configured cppcheck exclude dirs and/or files: 
[0.815s] -- Added test 'cpplint' to check C / C++ code against the Google style
[0.815s] -- Configured cpplint exclude dirs and/or files: 
[0.816s] -- Added test 'lint_cmake' to check CMake code style
[0.817s] -- Added test 'uncrustify' to check C / C++ code style
[0.817s] -- Configured uncrustify additional arguments: 
[0.817s] -- Added test 'xmllint' to check XML markup files
[0.818s] -- Configuring done (0.8s)
[0.821s] -- Generating done (0.0s)
[0.822s] -- Build files have been written to: /home/ishin/Documents/cmr/driverless_py/driverless/driverless_ws/build/planning
[0.829s] Invoked command in '/home/ishin/Documents/cmr/driverless_py/driverless/driverless_ws/build/planning' returned '0': AMENT_PREFIX_PATH=/home/ishin/Documents/cmr/driverless_py/driverless/driverless_ws/install/interfaces:${AMENT_PREFIX_PATH} CMAKE_PREFIX_PATH=/home/ishin/Documents/cmr/driverless_py/driverless/driverless_ws/install/interfaces:${CMAKE_PREFIX_PATH} LD_LIBRARY_PATH=/home/ishin/Documents/cmr/driverless_py/driverless/driverless_ws/install/interfaces/lib:/opt/ros/iron/opt/yaml_cpp_vendor/lib:/opt/ros/iron/opt/rviz_ogre_vendor/lib:/opt/ros/iron/lib:/opt/gurobi1001/linux64/lib PYTHONPATH=/home/ishin/Documents/cmr/driverless_py/driverless/driverless_ws/install/interfaces/lib/python3.11/site-packages:${PYTHONPATH} _=/usr/bin/env /usr/bin/cmake /home/ishin/Documents/cmr/driverless_py/driverless/driverless_ws/src/planning -DCMAKE_INSTALL_PREFIX=/home/ishin/Documents/cmr/driverless_py/driverless/driverless_ws/install/planning
[0.830s] Invoking command in '/home/ishin/Documents/cmr/driverless_py/driverless/driverless_ws/build/planning': AMENT_PREFIX_PATH=/home/ishin/Documents/cmr/driverless_py/driverless/driverless_ws/install/interfaces:${AMENT_PREFIX_PATH} CMAKE_PREFIX_PATH=/home/ishin/Documents/cmr/driverless_py/driverless/driverless_ws/install/interfaces:${CMAKE_PREFIX_PATH} LD_LIBRARY_PATH=/home/ishin/Documents/cmr/driverless_py/driverless/driverless_ws/install/interfaces/lib:/opt/ros/iron/opt/yaml_cpp_vendor/lib:/opt/ros/iron/opt/rviz_ogre_vendor/lib:/opt/ros/iron/lib:/opt/gurobi1001/linux64/lib PYTHONPATH=/home/ishin/Documents/cmr/driverless_py/driverless/driverless_ws/install/interfaces/lib/python3.11/site-packages:${PYTHONPATH} _=/usr/bin/env /usr/bin/cmake --build /home/ishin/Documents/cmr/driverless_py/driverless/driverless_ws/build/planning -- -j8 -l8
[0.862s] Invoked command in '/home/ishin/Documents/cmr/driverless_py/driverless/driverless_ws/build/planning' returned '0': AMENT_PREFIX_PATH=/home/ishin/Documents/cmr/driverless_py/driverless/driverless_ws/install/interfaces:${AMENT_PREFIX_PATH} CMAKE_PREFIX_PATH=/home/ishin/Documents/cmr/driverless_py/driverless/driverless_ws/install/interfaces:${CMAKE_PREFIX_PATH} LD_LIBRARY_PATH=/home/ishin/Documents/cmr/driverless_py/driverless/driverless_ws/install/interfaces/lib:/opt/ros/iron/opt/yaml_cpp_vendor/lib:/opt/ros/iron/opt/rviz_ogre_vendor/lib:/opt/ros/iron/lib:/opt/gurobi1001/linux64/lib PYTHONPATH=/home/ishin/Documents/cmr/driverless_py/driverless/driverless_ws/install/interfaces/lib/python3.11/site-packages:${PYTHONPATH} _=/usr/bin/env /usr/bin/cmake --build /home/ishin/Documents/cmr/driverless_py/driverless/driverless_ws/build/planning -- -j8 -l8
[0.902s] Invoking command in '/home/ishin/Documents/cmr/driverless_py/driverless/driverless_ws/build/planning': AMENT_PREFIX_PATH=/home/ishin/Documents/cmr/driverless_py/driverless/driverless_ws/install/interfaces:${AMENT_PREFIX_PATH} CMAKE_PREFIX_PATH=/home/ishin/Documents/cmr/driverless_py/driverless/driverless_ws/install/interfaces:${CMAKE_PREFIX_PATH} LD_LIBRARY_PATH=/home/ishin/Documents/cmr/driverless_py/driverless/driverless_ws/install/interfaces/lib:/opt/ros/iron/opt/yaml_cpp_vendor/lib:/opt/ros/iron/opt/rviz_ogre_vendor/lib:/opt/ros/iron/lib:/opt/gurobi1001/linux64/lib PYTHONPATH=/home/ishin/Documents/cmr/driverless_py/driverless/driverless_ws/install/interfaces/lib/python3.11/site-packages:${PYTHONPATH} _=/usr/bin/env /usr/bin/cmake --install /home/ishin/Documents/cmr/driverless_py/driverless/driverless_ws/build/planning
[0.907s] -- Install configuration: ""
[0.907s] -- Installing: /home/ishin/Documents/cmr/driverless_py/driverless/driverless_ws/install/planning/share/ament_index/resource_index/package_run_dependencies/planning
[0.908s] -- Installing: /home/ishin/Documents/cmr/driverless_py/driverless/driverless_ws/install/planning/share/ament_index/resource_index/parent_prefix_path/planning
[0.908s] -- Installing: /home/ishin/Documents/cmr/driverless_py/driverless/driverless_ws/install/planning/share/planning/environment/ament_prefix_path.sh
[0.908s] -- Installing: /home/ishin/Documents/cmr/driverless_py/driverless/driverless_ws/install/planning/share/planning/environment/ament_prefix_path.dsv
[0.908s] -- Installing: /home/ishin/Documents/cmr/driverless_py/driverless/driverless_ws/install/planning/share/planning/environment/path.sh
[0.908s] -- Installing: /home/ishin/Documents/cmr/driverless_py/driverless/driverless_ws/install/planning/share/planning/environment/path.dsv
[0.908s] -- Installing: /home/ishin/Documents/cmr/driverless_py/driverless/driverless_ws/install/planning/share/planning/local_setup.bash
[0.908s] -- Installing: /home/ishin/Documents/cmr/driverless_py/driverless/driverless_ws/install/planning/share/planning/local_setup.sh
[0.908s] -- Installing: /home/ishin/Documents/cmr/driverless_py/driverless/driverless_ws/install/planning/share/planning/local_setup.zsh
[0.908s] -- Installing: /home/ishin/Documents/cmr/driverless_py/driverless/driverless_ws/install/planning/share/planning/local_setup.dsv
[0.908s] -- Installing: /home/ishin/Documents/cmr/driverless_py/driverless/driverless_ws/install/planning/share/planning/package.dsv
[0.909s] -- Installing: /home/ishin/Documents/cmr/driverless_py/driverless/driverless_ws/install/planning/share/ament_index/resource_index/packages/planning
[0.909s] -- Installing: /home/ishin/Documents/cmr/driverless_py/driverless/driverless_ws/install/planning/share/planning/cmake/planningConfig.cmake
[0.909s] -- Installing: /home/ishin/Documents/cmr/driverless_py/driverless/driverless_ws/install/planning/share/planning/cmake/planningConfig-version.cmake
[0.909s] -- Installing: /home/ishin/Documents/cmr/driverless_py/driverless/driverless_ws/install/planning/share/planning/package.xml
[0.914s] Invoked command in '/home/ishin/Documents/cmr/driverless_py/driverless/driverless_ws/build/planning' returned '0': AMENT_PREFIX_PATH=/home/ishin/Documents/cmr/driverless_py/driverless/driverless_ws/install/interfaces:${AMENT_PREFIX_PATH} CMAKE_PREFIX_PATH=/home/ishin/Documents/cmr/driverless_py/driverless/driverless_ws/install/interfaces:${CMAKE_PREFIX_PATH} LD_LIBRARY_PATH=/home/ishin/Documents/cmr/driverless_py/driverless/driverless_ws/install/interfaces/lib:/opt/ros/iron/opt/yaml_cpp_vendor/lib:/opt/ros/iron/opt/rviz_ogre_vendor/lib:/opt/ros/iron/lib:/opt/gurobi1001/linux64/lib PYTHONPATH=/home/ishin/Documents/cmr/driverless_py/driverless/driverless_ws/install/interfaces/lib/python3.11/site-packages:${PYTHONPATH} _=/usr/bin/env /usr/bin/cmake --install /home/ishin/Documents/cmr/driverless_py/driverless/driverless_ws/build/planning
