/home/ankit/Documents/Autonomous/cmr-fsdv/cmrdv_ws/install/cmrdv_common/lib/python3.8/site-packages/cmrdv_common/conversions.py
/home/ankit/Documents/Autonomous/cmr-fsdv/cmrdv_ws/install/cmrdv_common/lib/python3.8/site-packages/cmrdv_common/__init__.py
/home/ankit/Documents/Autonomous/cmr-fsdv/cmrdv_ws/install/cmrdv_common/lib/python3.8/site-packages/cmrdv_common/config/perceptions_config.py
/home/ankit/Documents/Autonomous/cmr-fsdv/cmrdv_ws/install/cmrdv_common/lib/python3.8/site-packages/cmrdv_common/config/planning_config.py
/home/ankit/Documents/Autonomous/cmr-fsdv/cmrdv_ws/install/cmrdv_common/lib/python3.8/site-packages/cmrdv_common/config/actuators_config.py
/home/ankit/Documents/Autonomous/cmr-fsdv/cmrdv_ws/install/cmrdv_common/lib/python3.8/site-packages/cmrdv_common/config/controls_config.py
/home/ankit/Documents/Autonomous/cmr-fsdv/cmrdv_ws/install/cmrdv_common/lib/python3.8/site-packages/cmrdv_common/config/common_config.py
/home/ankit/Documents/Autonomous/cmr-fsdv/cmrdv_ws/install/cmrdv_common/lib/python3.8/site-packages/cmrdv_common/config/__init__.py
/home/ankit/Documents/Autonomous/cmr-fsdv/cmrdv_ws/install/cmrdv_common/lib/python3.8/site-packages/cmrdv_common/config/collection_config.py
/home/ankit/Documents/Autonomous/cmr-fsdv/cmrdv_ws/install/cmrdv_common/lib/python3.8/site-packages/cmrdv_common/DIM/dim_request.py
/home/ankit/Documents/Autonomous/cmr-fsdv/cmrdv_ws/install/cmrdv_common/lib/python3.8/site-packages/cmrdv_common/DIM/dim_heartbeat.py
/home/ankit/Documents/Autonomous/cmr-fsdv/cmrdv_ws/install/cmrdv_common/lib/python3.8/site-packages/cmrdv_common/DIM/__init__.py
/home/ankit/Documents/Autonomous/cmr-fsdv/cmrdv_ws/install/cmrdv_common/lib/python3.8/site-packages/cmrdv_common/heartbeat/global.py
/home/ankit/Documents/Autonomous/cmr-fsdv/cmrdv_ws/install/cmrdv_common/lib/python3.8/site-packages/cmrdv_common/heartbeat/heart.py
/home/ankit/Documents/Autonomous/cmr-fsdv/cmrdv_ws/install/cmrdv_common/lib/python3.8/site-packages/cmrdv_common/heartbeat/__init__.py
/home/ankit/Documents/Autonomous/cmr-fsdv/cmrdv_ws/install/cmrdv_common/lib/python3.8/site-packages/cmrdv_common/__pycache__/conversions.cpython-38.pyc
/home/ankit/Documents/Autonomous/cmr-fsdv/cmrdv_ws/install/cmrdv_common/lib/python3.8/site-packages/cmrdv_common/__pycache__/__init__.cpython-38.pyc
/home/ankit/Documents/Autonomous/cmr-fsdv/cmrdv_ws/install/cmrdv_common/lib/python3.8/site-packages/cmrdv_common/config/__pycache__/perceptions_config.cpython-38.pyc
/home/ankit/Documents/Autonomous/cmr-fsdv/cmrdv_ws/install/cmrdv_common/lib/python3.8/site-packages/cmrdv_common/config/__pycache__/planning_config.cpython-38.pyc
/home/ankit/Documents/Autonomous/cmr-fsdv/cmrdv_ws/install/cmrdv_common/lib/python3.8/site-packages/cmrdv_common/config/__pycache__/actuators_config.cpython-38.pyc
/home/ankit/Documents/Autonomous/cmr-fsdv/cmrdv_ws/install/cmrdv_common/lib/python3.8/site-packages/cmrdv_common/config/__pycache__/controls_config.cpython-38.pyc
/home/ankit/Documents/Autonomous/cmr-fsdv/cmrdv_ws/install/cmrdv_common/lib/python3.8/site-packages/cmrdv_common/config/__pycache__/common_config.cpython-38.pyc
/home/ankit/Documents/Autonomous/cmr-fsdv/cmrdv_ws/install/cmrdv_common/lib/python3.8/site-packages/cmrdv_common/config/__pycache__/__init__.cpython-38.pyc
/home/ankit/Documents/Autonomous/cmr-fsdv/cmrdv_ws/install/cmrdv_common/lib/python3.8/site-packages/cmrdv_common/config/__pycache__/collection_config.cpython-38.pyc
/home/ankit/Documents/Autonomous/cmr-fsdv/cmrdv_ws/install/cmrdv_common/lib/python3.8/site-packages/cmrdv_common/DIM/__pycache__/dim_request.cpython-38.pyc
/home/ankit/Documents/Autonomous/cmr-fsdv/cmrdv_ws/install/cmrdv_common/lib/python3.8/site-packages/cmrdv_common/DIM/__pycache__/dim_heartbeat.cpython-38.pyc
/home/ankit/Documents/Autonomous/cmr-fsdv/cmrdv_ws/install/cmrdv_common/lib/python3.8/site-packages/cmrdv_common/DIM/__pycache__/__init__.cpython-38.pyc
/home/ankit/Documents/Autonomous/cmr-fsdv/cmrdv_ws/install/cmrdv_common/lib/python3.8/site-packages/cmrdv_common/heartbeat/__pycache__/global.cpython-38.pyc
/home/ankit/Documents/Autonomous/cmr-fsdv/cmrdv_ws/install/cmrdv_common/lib/python3.8/site-packages/cmrdv_common/heartbeat/__pycache__/heart.cpython-38.pyc
/home/ankit/Documents/Autonomous/cmr-fsdv/cmrdv_ws/install/cmrdv_common/lib/python3.8/site-packages/cmrdv_common/heartbeat/__pycache__/__init__.cpython-38.pyc
/home/ankit/Documents/Autonomous/cmr-fsdv/cmrdv_ws/install/cmrdv_common/share/ament_index/resource_index/packages/cmrdv_common
/home/ankit/Documents/Autonomous/cmr-fsdv/cmrdv_ws/install/cmrdv_common/share/cmrdv_common/package.xml
/home/ankit/Documents/Autonomous/cmr-fsdv/cmrdv_ws/install/cmrdv_common/share/cmrdv_common
/home/ankit/Documents/Autonomous/cmr-fsdv/cmrdv_ws/install/cmrdv_common/lib/python3.8/site-packages/cmrdv_common-0.0.0-py3.8.egg-info/entry_points.txt
/home/ankit/Documents/Autonomous/cmr-fsdv/cmrdv_ws/install/cmrdv_common/lib/python3.8/site-packages/cmrdv_common-0.0.0-py3.8.egg-info/zip-safe
/home/ankit/Documents/Autonomous/cmr-fsdv/cmrdv_ws/install/cmrdv_common/lib/python3.8/site-packages/cmrdv_common-0.0.0-py3.8.egg-info/PKG-INFO
/home/ankit/Documents/Autonomous/cmr-fsdv/cmrdv_ws/install/cmrdv_common/lib/python3.8/site-packages/cmrdv_common-0.0.0-py3.8.egg-info/requires.txt
/home/ankit/Documents/Autonomous/cmr-fsdv/cmrdv_ws/install/cmrdv_common/lib/python3.8/site-packages/cmrdv_common-0.0.0-py3.8.egg-info/top_level.txt
/home/ankit/Documents/Autonomous/cmr-fsdv/cmrdv_ws/install/cmrdv_common/lib/python3.8/site-packages/cmrdv_common-0.0.0-py3.8.egg-info/SOURCES.txt
/home/ankit/Documents/Autonomous/cmr-fsdv/cmrdv_ws/install/cmrdv_common/lib/python3.8/site-packages/cmrdv_common-0.0.0-py3.8.egg-info/dependency_links.txt
/home/ankit/Documents/Autonomous/cmr-fsdv/cmrdv_ws/install/cmrdv_common/lib/cmrdv_common/dim
/home/ankit/Documents/Autonomous/cmr-fsdv/cmrdv_ws/install/cmrdv_common/lib/cmrdv_common/dim_heartbeat
/home/ankit/Documents/Autonomous/cmr-fsdv/cmrdv_ws/install/cmrdv_common/lib/cmrdv_common/dim_request
/home/ankit/Documents/Autonomous/cmr-fsdv/cmrdv_ws/install/cmrdv_common/lib/cmrdv_common/heartbeat
/home/ankit/Documents/Autonomous/cmr-fsdv/cmrdv_ws/install/cmrdv_common/lib/cmrdv_common/perceptions
/home/ankit/Documents/Autonomous/cmr-fsdv/cmrdv_ws/install/cmrdv_common/lib/cmrdv_common/planning
