[0.057s] Invoking command in '/home/andrewwhong/workspace/driverless/driverless_ws/src/build/actuators': CMAKE_PREFIX_PATH=${CMAKE_PREFIX_PATH}:/opt/ros/foxy /usr/bin/cmake --build /home/andrewwhong/workspace/driverless/driverless_ws/src/build/actuators -- -j12 -l12
[0.101s] Invoked command in '/home/andrewwhong/workspace/driverless/driverless_ws/src/build/actuators' returned '0': CMAKE_PREFIX_PATH=${CMAKE_PREFIX_PATH}:/opt/ros/foxy /usr/bin/cmake --build /home/andrewwhong/workspace/driverless/driverless_ws/src/build/actuators -- -j12 -l12
[0.139s] Invoking command in '/home/andrewwhong/workspace/driverless/driverless_ws/src/build/actuators': CMAKE_PREFIX_PATH=${CMAKE_PREFIX_PATH}:/opt/ros/foxy /usr/bin/cmake --install /home/andrewwhong/workspace/driverless/driverless_ws/src/build/actuators
[0.149s] -- Install configuration: ""
[0.151s] -- Up-to-date: /home/andrewwhong/workspace/driverless/driverless_ws/src/install/actuators/share/ament_index/resource_index/package_run_dependencies/actuators
[0.155s] -- Up-to-date: /home/andrewwhong/workspace/driverless/driverless_ws/src/install/actuators/share/ament_index/resource_index/parent_prefix_path/actuators
[0.155s] -- Up-to-date: /home/andrewwhong/workspace/driverless/driverless_ws/src/install/actuators/share/actuators/environment/ament_prefix_path.sh
[0.156s] -- Up-to-date: /home/andrewwhong/workspace/driverless/driverless_ws/src/install/actuators/share/actuators/environment/ament_prefix_path.dsv
[0.156s] -- Up-to-date: /home/andrewwhong/workspace/driverless/driverless_ws/src/install/actuators/share/actuators/environment/path.sh
[0.156s] -- Up-to-date: /home/andrewwhong/workspace/driverless/driverless_ws/src/install/actuators/share/actuators/environment/path.dsv
[0.157s] -- Up-to-date: /home/andrewwhong/workspace/driverless/driverless_ws/src/install/actuators/share/actuators/local_setup.bash
[0.157s] -- Up-to-date: /home/andrewwhong/workspace/driverless/driverless_ws/src/install/actuators/share/actuators/local_setup.sh
[0.157s] -- Up-to-date: /home/andrewwhong/workspace/driverless/driverless_ws/src/install/actuators/share/actuators/local_setup.zsh
[0.157s] -- Up-to-date: /home/andrewwhong/workspace/driverless/driverless_ws/src/install/actuators/share/actuators/local_setup.dsv
[0.158s] -- Up-to-date: /home/andrewwhong/workspace/driverless/driverless_ws/src/install/actuators/share/actuators/package.dsv
[0.158s] -- Up-to-date: /home/andrewwhong/workspace/driverless/driverless_ws/src/install/actuators/share/ament_index/resource_index/packages/actuators
[0.159s] -- Up-to-date: /home/andrewwhong/workspace/driverless/driverless_ws/src/install/actuators/share/actuators/cmake/actuatorsConfig.cmake
[0.159s] -- Up-to-date: /home/andrewwhong/workspace/driverless/driverless_ws/src/install/actuators/share/actuators/cmake/actuatorsConfig-version.cmake
[0.159s] -- Up-to-date: /home/andrewwhong/workspace/driverless/driverless_ws/src/install/actuators/share/actuators/package.xml
[0.209s] Invoked command in '/home/andrewwhong/workspace/driverless/driverless_ws/src/build/actuators' returned '0': CMAKE_PREFIX_PATH=${CMAKE_PREFIX_PATH}:/opt/ros/foxy /usr/bin/cmake --install /home/andrewwhong/workspace/driverless/driverless_ws/src/build/actuators
