[01m[K/driverless/driverless_ws/src/planning/src/EKF_SLAM.cpp:[m[K In constructor ‘[01m[KSLAMValidation::SLAMValidation()[m[K’:
[01m[K/driverless/driverless_ws/src/planning/src/EKF_SLAM.cpp:22:51:[m[K [01;31m[Kerror: [m[Kno matching function for call to ‘[01m[Kmessage_filters::Subscriber<eufs_msgs::msg::ConeArrayWithCovariance_<std::allocator<void> > >::subscribe(SLAMValidation*, const char [7], int)[m[K’
   22 |       cone_sub.subscribe(this, CONE_DATA_TOPIC, 10[01;31m[K)[m[K;
      |                                                   [01;31m[K^[m[K
In file included from [01m[K/driverless/driverless_ws/src/planning/src/EKF_SLAM.cpp:5[m[K:
[01m[K/opt/ros/foxy/include/message_filters/subscriber.h:145:8:[m[K [01;36m[Knote: [m[Kcandidate: ‘[01m[Kvoid message_filters::Subscriber<M>::subscribe(rclcpp::Node::SharedPtr, const string&, rmw_qos_profile_t) [with M = eufs_msgs::msg::ConeArrayWithCovariance_<std::allocator<void> >; rclcpp::Node::SharedPtr = std::shared_ptr<rclcpp::Node>; std::string = std::__cxx11::basic_string<char>; rmw_qos_profile_t = rmw_qos_profile_t][m[K’
  145 |   void [01;36m[Ksubscribe[m[K(rclcpp::Node::SharedPtr node, const std::string& topic, const rmw_qos_profile_t qos = rmw_qos_profile_default)
      |        [01;36m[K^~~~~~~~~[m[K
[01m[K/opt/ros/foxy/include/message_filters/subscriber.h:145:42:[m[K [01;36m[Knote: [m[K  no known conversion for argument 1 from ‘[01m[KSLAMValidation*[m[K’ to ‘[01m[Krclcpp::Node::SharedPtr[m[K’ {aka ‘[01m[Kstd::shared_ptr<rclcpp::Node>[m[K’}
  145 |   void subscribe([01;36m[Krclcpp::Node::SharedPtr node[m[K, const std::string& topic, const rmw_qos_profile_t qos = rmw_qos_profile_default)
      |                  [01;36m[K~~~~~~~~~~~~~~~~~~~~~~~~^~~~[m[K
[01m[K/opt/ros/foxy/include/message_filters/subscriber.h:162:8:[m[K [01;36m[Knote: [m[Kcandidate: ‘[01m[Kvoid message_filters::Subscriber<M>::subscribe(rclcpp::Node*, const string&, rmw_qos_profile_t) [with M = eufs_msgs::msg::ConeArrayWithCovariance_<std::allocator<void> >; std::string = std::__cxx11::basic_string<char>; rmw_qos_profile_t = rmw_qos_profile_t][m[K’
  162 |   void [01;36m[Ksubscribe[m[K(rclcpp::Node * node, const std::string& topic, const rmw_qos_profile_t qos = rmw_qos_profile_default)
      |        [01;36m[K^~~~~~~~~[m[K
[01m[K/opt/ros/foxy/include/message_filters/subscriber.h:162:89:[m[K [01;36m[Knote: [m[K  no known conversion for argument 3 from ‘[01m[Kint[m[K’ to ‘[01m[Krmw_qos_profile_t[m[K’
  162 |   void subscribe(rclcpp::Node * node, const std::string& topic, [01;36m[Kconst rmw_qos_profile_t qos = rmw_qos_profile_default[m[K)
      |                                                                 [01;36m[K~~~~~~~~~~~~~~~~~~~~~~~~^~~~~~~~~~~~~~~~~~~~~~~~~~~~~[m[K
[01m[K/opt/ros/foxy/include/message_filters/subscriber.h:184:8:[m[K [01;36m[Knote: [m[Kcandidate: ‘[01m[Kvoid message_filters::Subscriber<M>::subscribe() [with M = eufs_msgs::msg::ConeArrayWithCovariance_<std::allocator<void> >][m[K’
  184 |   void [01;36m[Ksubscribe[m[K()
      |        [01;36m[K^~~~~~~~~[m[K
[01m[K/opt/ros/foxy/include/message_filters/subscriber.h:184:8:[m[K [01;36m[Knote: [m[K  candidate expects 0 arguments, 3 provided
[01m[K/driverless/driverless_ws/src/planning/src/EKF_SLAM.cpp:23:63:[m[K [01;31m[Kerror: [m[Kno matching function for call to ‘[01m[Kmessage_filters::Subscriber<eufs_msgs::msg::CarState_<std::allocator<void> > >::subscribe(SLAMValidation*, const char [20], int)[m[K’
   23 |       vehicle_state_sub.subscribe(this, VEHICLE_DATA_TOPIC, 10[01;31m[K)[m[K;
      |                                                               [01;31m[K^[m[K
In file included from [01m[K/driverless/driverless_ws/src/planning/src/EKF_SLAM.cpp:5[m[K:
[01m[K/opt/ros/foxy/include/message_filters/subscriber.h:145:8:[m[K [01;36m[Knote: [m[Kcandidate: ‘[01m[Kvoid message_filters::Subscriber<M>::subscribe(rclcpp::Node::SharedPtr, const string&, rmw_qos_profile_t) [with M = eufs_msgs::msg::CarState_<std::allocator<void> >; rclcpp::Node::SharedPtr = std::shared_ptr<rclcpp::Node>; std::string = std::__cxx11::basic_string<char>; rmw_qos_profile_t = rmw_qos_profile_t][m[K’
  145 |   void [01;36m[Ksubscribe[m[K(rclcpp::Node::SharedPtr node, const std::string& topic, const rmw_qos_profile_t qos = rmw_qos_profile_default)
      |        [01;36m[K^~~~~~~~~[m[K
[01m[K/opt/ros/foxy/include/message_filters/subscriber.h:145:42:[m[K [01;36m[Knote: [m[K  no known conversion for argument 1 from ‘[01m[KSLAMValidation*[m[K’ to ‘[01m[Krclcpp::Node::SharedPtr[m[K’ {aka ‘[01m[Kstd::shared_ptr<rclcpp::Node>[m[K’}
  145 |   void subscribe([01;36m[Krclcpp::Node::SharedPtr node[m[K, const std::string& topic, const rmw_qos_profile_t qos = rmw_qos_profile_default)
      |                  [01;36m[K~~~~~~~~~~~~~~~~~~~~~~~~^~~~[m[K
[01m[K/opt/ros/foxy/include/message_filters/subscriber.h:162:8:[m[K [01;36m[Knote: [m[Kcandidate: ‘[01m[Kvoid message_filters::Subscriber<M>::subscribe(rclcpp::Node*, const string&, rmw_qos_profile_t) [with M = eufs_msgs::msg::CarState_<std::allocator<void> >; std::string = std::__cxx11::basic_string<char>; rmw_qos_profile_t = rmw_qos_profile_t][m[K’
  162 |   void [01;36m[Ksubscribe[m[K(rclcpp::Node * node, const std::string& topic, const rmw_qos_profile_t qos = rmw_qos_profile_default)
      |        [01;36m[K^~~~~~~~~[m[K
[01m[K/opt/ros/foxy/include/message_filters/subscriber.h:162:89:[m[K [01;36m[Knote: [m[K  no known conversion for argument 3 from ‘[01m[Kint[m[K’ to ‘[01m[Krmw_qos_profile_t[m[K’
  162 |   void subscribe(rclcpp::Node * node, const std::string& topic, [01;36m[Kconst rmw_qos_profile_t qos = rmw_qos_profile_default[m[K)
      |                                                                 [01;36m[K~~~~~~~~~~~~~~~~~~~~~~~~^~~~~~~~~~~~~~~~~~~~~~~~~~~~~[m[K
[01m[K/opt/ros/foxy/include/message_filters/subscriber.h:184:8:[m[K [01;36m[Knote: [m[Kcandidate: ‘[01m[Kvoid message_filters::Subscriber<M>::subscribe() [with M = eufs_msgs::msg::CarState_<std::allocator<void> >][m[K’
  184 |   void [01;36m[Ksubscribe[m[K()
      |        [01;36m[K^~~~~~~~~[m[K
[01m[K/opt/ros/foxy/include/message_filters/subscriber.h:184:8:[m[K [01;36m[Knote: [m[K  candidate expects 0 arguments, 3 provided
[01m[K/driverless/driverless_ws/src/planning/src/EKF_SLAM.cpp:25:37:[m[K [01;31m[Kerror: [m[K‘[01m[Kbind[m[K’ is not a member of ‘[01m[Kboost[m[K’; did you mean ‘[01m[Kstd::bind[m[K’?
   25 |       sync->registerCallback(boost::[01;31m[Kbind[m[K(&SLAMValidation::run_slam, this, _1, _2));
      |                                     [01;31m[K^~~~[m[K
In file included from [01m[K/opt/ros/foxy/include/rclcpp/context.hpp:19[m[K,
                 from [01m[K/opt/ros/foxy/include/rclcpp/contexts/default_context.hpp:18[m[K,
                 from [01m[K/opt/ros/foxy/include/rclcpp/executor.hpp:32[m[K,
                 from [01m[K/opt/ros/foxy/include/rclcpp/executors/multi_threaded_executor.hpp:26[m[K,
                 from [01m[K/opt/ros/foxy/include/rclcpp/executors.hpp:21[m[K,
                 from [01m[K/opt/ros/foxy/include/rclcpp/rclcpp.hpp:146[m[K,
                 from [01m[K/driverless/driverless_ws/src/planning/src/EKF_SLAM.cpp:3[m[K:
[01m[K/usr/include/c++/9/functional:832:5:[m[K [01;36m[Knote: [m[K‘[01m[Kstd::bind[m[K’ declared here
  832 |     [01;36m[Kbind[m[K(_Func&& __f, _BoundArgs&&... __args)
      |     [01;36m[K^~~~[m[K
[01m[K/driverless/driverless_ws/src/planning/src/EKF_SLAM.cpp:25:79:[m[K [01;31m[Kerror: [m[K‘[01m[K_2[m[K’ was not declared in this scope; did you mean ‘[01m[Kstd::placeholders::_2[m[K’?
   25 |       sync->registerCallback(boost::bind(&SLAMValidation::run_slam, this, _1, [01;31m[K_2[m[K));
      |                                                                               [01;31m[K^~[m[K
      |                                                                               [32m[Kstd::placeholders::_2[m[K
In file included from [01m[K/opt/ros/foxy/include/rclcpp/context.hpp:19[m[K,
                 from [01m[K/opt/ros/foxy/include/rclcpp/contexts/default_context.hpp:18[m[K,
                 from [01m[K/opt/ros/foxy/include/rclcpp/executor.hpp:32[m[K,
                 from [01m[K/opt/ros/foxy/include/rclcpp/executors/multi_threaded_executor.hpp:26[m[K,
                 from [01m[K/opt/ros/foxy/include/rclcpp/executors.hpp:21[m[K,
                 from [01m[K/opt/ros/foxy/include/rclcpp/rclcpp.hpp:146[m[K,
                 from [01m[K/driverless/driverless_ws/src/planning/src/EKF_SLAM.cpp:3[m[K:
[01m[K/usr/include/c++/9/functional:212:34:[m[K [01;36m[Knote: [m[K‘[01m[Kstd::placeholders::_2[m[K’ declared here
  212 |     extern const _Placeholder<2> [01;36m[K_2[m[K;
      |                                  [01;36m[K^~[m[K
In file included from [01m[K/opt/ros/foxy/include/rclcpp/client.hpp:40[m[K,
                 from [01m[K/opt/ros/foxy/include/rclcpp/callback_group.hpp:23[m[K,
                 from [01m[K/opt/ros/foxy/include/rclcpp/any_executable.hpp:20[m[K,
                 from [01m[K/opt/ros/foxy/include/rclcpp/memory_strategy.hpp:24[m[K,
                 from [01m[K/opt/ros/foxy/include/rclcpp/memory_strategies.hpp:18[m[K,
                 from [01m[K/opt/ros/foxy/include/rclcpp/executor_options.hpp:20[m[K,
                 from [01m[K/opt/ros/foxy/include/rclcpp/executor.hpp:33[m[K,
                 from [01m[K/opt/ros/foxy/include/rclcpp/executors/multi_threaded_executor.hpp:26[m[K,
                 from [01m[K/opt/ros/foxy/include/rclcpp/executors.hpp:21[m[K,
                 from [01m[K/opt/ros/foxy/include/rclcpp/rclcpp.hpp:146[m[K,
                 from [01m[K/driverless/driverless_ws/src/planning/src/EKF_SLAM.cpp:3[m[K:
[01m[K/driverless/driverless_ws/src/planning/src/EKF_SLAM.cpp:[m[K In member function ‘[01m[Kvoid SLAMValidation::run_slam(eufs_msgs::msg::ConeArrayWithCovariance_<std::allocator<void> >::SharedPtr, eufs_msgs::msg::CarState_<std::allocator<void> >::SharedPtr) const[m[K’:
[01m[K/driverless/driverless_ws/src/planning/src/EKF_SLAM.cpp:37:43:[m[K [01;31m[Kerror: [m[Kbase operand of ‘[01m[K->[m[K’ has non-pointer type ‘[01m[Keufs_msgs::msg::CarState_<std::allocator<void> >::_pose_type[m[K’ {aka ‘[01m[Kgeometry_msgs::msg::PoseWithCovariance_<std::allocator<void> >[m[K’}
   37 |                   vehicle_state_data->pose[01;31m[K->[m[Kpoint->x,
      |                                           [01;31m[K^~[m[K
[01m[K/driverless/driverless_ws/src/planning/src/EKF_SLAM.cpp:38:43:[m[K [01;31m[Kerror: [m[Kbase operand of ‘[01m[K->[m[K’ has non-pointer type ‘[01m[Keufs_msgs::msg::CarState_<std::allocator<void> >::_pose_type[m[K’ {aka ‘[01m[Kgeometry_msgs::msg::PoseWithCovariance_<std::allocator<void> >[m[K’}
   38 |                   vehicle_state_data->pose[01;31m[K->[m[Kpoint->y,
      |                                           [01;31m[K^~[m[K
[01m[K/driverless/driverless_ws/src/planning/src/EKF_SLAM.cpp:39:43:[m[K [01;31m[Kerror: [m[Kbase operand of ‘[01m[K->[m[K’ has non-pointer type ‘[01m[Keufs_msgs::msg::CarState_<std::allocator<void> >::_pose_type[m[K’ {aka ‘[01m[Kgeometry_msgs::msg::PoseWithCovariance_<std::allocator<void> >[m[K’}
   39 |                   vehicle_state_data->pose[01;31m[K->[m[Kpoint->z);
      |                                           [01;31m[K^~[m[K
[01m[K/driverless/driverless_ws/src/planning/src/EKF_SLAM.cpp:[m[K In function ‘[01m[Kint main(int, char**)[m[K’:
[01m[K/driverless/driverless_ws/src/planning/src/EKF_SLAM.cpp:56:33:[m[K [01;31m[Kerror: [m[K‘[01m[KMinimalSubscriber[m[K’ was not declared in this scope
   56 |   rclcpp::spin(std::make_shared<[01;31m[KMinimalSubscriber[m[K>());
      |                                 [01;31m[K^~~~~~~~~~~~~~~~~[m[K
[01m[K/driverless/driverless_ws/src/planning/src/EKF_SLAM.cpp:56:52:[m[K [01;31m[Kerror: [m[Kno matching function for call to ‘[01m[Kmake_shared<<expression error> >()[m[K’
   56 |   rclcpp::spin(std::make_shared<MinimalSubscriber>([01;31m[K)[m[K);
      |                                                    [01;31m[K^[m[K
In file included from [01m[K/usr/include/c++/9/memory:81[m[K,
                 from [01m[K/driverless/driverless_ws/src/planning/src/EKF_SLAM.cpp:1[m[K:
[01m[K/usr/include/c++/9/bits/shared_ptr.h:714:5:[m[K [01;36m[Knote: [m[Kcandidate: ‘[01m[Ktemplate<class _Tp, class ... _Args> std::shared_ptr<_Tp> std::make_shared(_Args&& ...)[m[K’
  714 |     [01;36m[Kmake_shared[m[K(_Args&&... __args)
      |     [01;36m[K^~~~~~~~~~~[m[K
[01m[K/usr/include/c++/9/bits/shared_ptr.h:714:5:[m[K [01;36m[Knote: [m[K  template argument deduction/substitution failed:
[01m[K/driverless/driverless_ws/src/planning/src/EKF_SLAM.cpp:56:52:[m[K [01;31m[Kerror: [m[Ktemplate argument 1 is invalid
   56 |   rclcpp::spin(std::make_shared<MinimalSubscriber>([01;31m[K)[m[K);
      |                                                    [01;31m[K^[m[K
make[2]: *** [CMakeFiles/slam_test.dir/build.make:63: CMakeFiles/slam_test.dir/src/EKF_SLAM.cpp.o] Error 1
make[1]: *** [CMakeFiles/Makefile2:78: CMakeFiles/slam_test.dir/all] Error 2
make: *** [Makefile:141: all] Error 2
