-- The C compiler identification is GNU 9.4.0
-- The CXX compiler identification is GNU 9.4.0
-- Detecting C compiler ABI info
-- Detecting C compiler ABI info - done
-- Check for working C compiler: /usr/bin/cc - skipped
-- Detecting C compile features
-- Detecting C compile features - done
-- Detecting CXX compiler ABI info
-- Detecting CXX compiler ABI info - done
-- Check for working CXX compiler: /usr/bin/c++ - skipped
-- Detecting CXX compile features
-- Detecting CXX compile features - done
-- Found ament_cmake: 0.9.12 (/opt/ros/foxy/share/ament_cmake/cmake)
[33mCMake Warning (dev) at /opt/ros/foxy/share/ament_cmake_core/cmake/core/python.cmake:22 (find_package):
  Policy CMP0148 is not set: The FindPythonInterp and FindPythonLibs modules
  are removed.  Run "cmake --help-policy CMP0148" for policy details.  Use
  the cmake_policy command to set the policy and suppress this warning.

Call Stack (most recent call first):
  /opt/ros/foxy/share/ament_cmake_core/cmake/core/all.cmake:53 (include)
  /opt/ros/foxy/share/ament_cmake_core/cmake/ament_cmake_core-extras.cmake:17 (include)
  /opt/ros/foxy/share/ament_cmake_core/cmake/ament_cmake_coreConfig.cmake:41 (include)
  /opt/ros/foxy/share/ament_cmake/cmake/ament_cmake_export_dependencies-extras.cmake:15 (find_package)
  /opt/ros/foxy/share/ament_cmake/cmake/ament_cmakeConfig.cmake:41 (include)
  CMakeLists.txt:4 (find_package)
This warning is for project developers.  Use -Wno-dev to suppress it.
[0m
-- Found PythonInterp: /home/dale/miniconda3/bin/python3 (found suitable version "3.8.18", minimum required is "3") 
-- Using PYTHON_EXECUTABLE: /home/dale/miniconda3/bin/python3
-- Found sensor_msgs: 2.0.5 (/opt/ros/foxy/share/sensor_msgs/cmake)
-- Using all available rosidl_typesupport_c: rosidl_typesupport_fastrtps_c;rosidl_typesupport_introspection_c
-- Found rosidl_adapter: 1.3.1 (/opt/ros/foxy/share/rosidl_adapter/cmake)
-- Found OpenSSL: /usr/lib/x86_64-linux-gnu/libcrypto.so (found version "1.1.1f")  
-- Found FastRTPS: /opt/ros/foxy/include  
-- Using all available rosidl_typesupport_cpp: rosidl_typesupport_fastrtps_cpp;rosidl_typesupport_introspection_cpp
-- Found nav_msgs: 2.0.5 (/opt/ros/foxy/share/nav_msgs/cmake)
-- Configuring done (0.5s)
-- Generating done (0.0s)
-- Build files have been written to: /home/dale/driverless/driverless_ws/src/build/ros2_numpy_dv
-- Install configuration: ""
-- Installing: /home/dale/driverless/driverless_ws/src/install/ros2_numpy_dv/share/ros2_numpy_dv/environment/pythonpath.sh
-- Installing: /home/dale/driverless/driverless_ws/src/install/ros2_numpy_dv/share/ros2_numpy_dv/environment/pythonpath.dsv
-- Installing: /home/dale/driverless/driverless_ws/src/install/ros2_numpy_dv/lib/python3.8/site-packages/ros2_numpy_dv
-- Installing: /home/dale/driverless/driverless_ws/src/install/ros2_numpy_dv/lib/python3.8/site-packages/ros2_numpy_dv/registry.py
-- Installing: /home/dale/driverless/driverless_ws/src/install/ros2_numpy_dv/lib/python3.8/site-packages/ros2_numpy_dv/occupancy_grid.py
-- Installing: /home/dale/driverless/driverless_ws/src/install/ros2_numpy_dv/lib/python3.8/site-packages/ros2_numpy_dv/image.py
-- Installing: /home/dale/driverless/driverless_ws/src/install/ros2_numpy_dv/lib/python3.8/site-packages/ros2_numpy_dv/point_cloud2.py
-- Installing: /home/dale/driverless/driverless_ws/src/install/ros2_numpy_dv/lib/python3.8/site-packages/ros2_numpy_dv/__init__.py
-- Installing: /home/dale/driverless/driverless_ws/src/install/ros2_numpy_dv/lib/python3.8/site-packages/ros2_numpy_dv/geometry.py
Listing '/home/dale/driverless/driverless_ws/src/install/ros2_numpy_dv/lib/python3.8/site-packages/ros2_numpy_dv'...
Compiling '/home/dale/driverless/driverless_ws/src/install/ros2_numpy_dv/lib/python3.8/site-packages/ros2_numpy_dv/__init__.py'...
Compiling '/home/dale/driverless/driverless_ws/src/install/ros2_numpy_dv/lib/python3.8/site-packages/ros2_numpy_dv/geometry.py'...
Compiling '/home/dale/driverless/driverless_ws/src/install/ros2_numpy_dv/lib/python3.8/site-packages/ros2_numpy_dv/image.py'...
Compiling '/home/dale/driverless/driverless_ws/src/install/ros2_numpy_dv/lib/python3.8/site-packages/ros2_numpy_dv/occupancy_grid.py'...
Compiling '/home/dale/driverless/driverless_ws/src/install/ros2_numpy_dv/lib/python3.8/site-packages/ros2_numpy_dv/point_cloud2.py'...
Compiling '/home/dale/driverless/driverless_ws/src/install/ros2_numpy_dv/lib/python3.8/site-packages/ros2_numpy_dv/registry.py'...
-- Installing: /home/dale/driverless/driverless_ws/src/install/ros2_numpy_dv/share/ament_index/resource_index/package_run_dependencies/ros2_numpy_dv
-- Installing: /home/dale/driverless/driverless_ws/src/install/ros2_numpy_dv/share/ament_index/resource_index/parent_prefix_path/ros2_numpy_dv
-- Installing: /home/dale/driverless/driverless_ws/src/install/ros2_numpy_dv/share/ros2_numpy_dv/environment/ament_prefix_path.sh
-- Installing: /home/dale/driverless/driverless_ws/src/install/ros2_numpy_dv/share/ros2_numpy_dv/environment/ament_prefix_path.dsv
-- Installing: /home/dale/driverless/driverless_ws/src/install/ros2_numpy_dv/share/ros2_numpy_dv/environment/path.sh
-- Installing: /home/dale/driverless/driverless_ws/src/install/ros2_numpy_dv/share/ros2_numpy_dv/environment/path.dsv
-- Installing: /home/dale/driverless/driverless_ws/src/install/ros2_numpy_dv/share/ros2_numpy_dv/local_setup.bash
-- Installing: /home/dale/driverless/driverless_ws/src/install/ros2_numpy_dv/share/ros2_numpy_dv/local_setup.sh
-- Installing: /home/dale/driverless/driverless_ws/src/install/ros2_numpy_dv/share/ros2_numpy_dv/local_setup.zsh
-- Installing: /home/dale/driverless/driverless_ws/src/install/ros2_numpy_dv/share/ros2_numpy_dv/local_setup.dsv
-- Installing: /home/dale/driverless/driverless_ws/src/install/ros2_numpy_dv/share/ros2_numpy_dv/package.dsv
-- Installing: /home/dale/driverless/driverless_ws/src/install/ros2_numpy_dv/share/ament_index/resource_index/packages/ros2_numpy_dv
-- Installing: /home/dale/driverless/driverless_ws/src/install/ros2_numpy_dv/share/ros2_numpy_dv/cmake/ament_cmake_export_dependencies-extras.cmake
-- Installing: /home/dale/driverless/driverless_ws/src/install/ros2_numpy_dv/share/ros2_numpy_dv/cmake/ros2_numpy_dvConfig.cmake
-- Installing: /home/dale/driverless/driverless_ws/src/install/ros2_numpy_dv/share/ros2_numpy_dv/cmake/ros2_numpy_dvConfig-version.cmake
-- Installing: /home/dale/driverless/driverless_ws/src/install/ros2_numpy_dv/share/ros2_numpy_dv/package.xml
