[0.024s] Invoking command in '/home/dale/driverless/driverless_ws/src/build/ros2_numpy_dv': CMAKE_PREFIX_PATH=${CMAKE_PREFIX_PATH}:/home/dale/driverless/driverless_ws/install/perceptions:/opt/ros/foxy CONDA_PROMPT_MODIFIER=(base) /home/dale/miniconda3/bin/cmake /home/dale/driverless/driverless_ws/src/ros2_numpy_dv -DCMAKE_INSTALL_PREFIX=/home/dale/driverless/driverless_ws/src/install/ros2_numpy_dv
[0.061s] -- The C compiler identification is GNU 9.4.0
[0.087s] -- The CXX compiler identification is GNU 9.4.0
[0.095s] -- Detecting C compiler ABI info
[0.123s] -- Detecting C compiler ABI info - done
[0.129s] -- Check for working C compiler: /usr/bin/cc - skipped
[0.129s] -- Detecting C compile features
[0.129s] -- Detecting C compile features - done
[0.134s] -- Detecting CXX compiler ABI info
[0.167s] -- Detecting CXX compiler ABI info - done
[0.173s] -- Check for working CXX compiler: /usr/bin/c++ - skipped
[0.173s] -- Detecting CXX compile features
[0.173s] -- Detecting CXX compile features - done
[0.174s] -- Found ament_cmake: 0.9.12 (/opt/ros/foxy/share/ament_cmake/cmake)
[0.176s] [33mCMake Warning (dev) at /opt/ros/foxy/share/ament_cmake_core/cmake/core/python.cmake:22 (find_package):
[0.176s]   Policy CMP0148 is not set: The FindPythonInterp and FindPythonLibs modules
[0.176s]   are removed.  Run "cmake --help-policy CMP0148" for policy details.  Use
[0.177s]   the cmake_policy command to set the policy and suppress this warning.
[0.177s] 
[0.177s] Call Stack (most recent call first):
[0.177s]   /opt/ros/foxy/share/ament_cmake_core/cmake/core/all.cmake:53 (include)
[0.177s]   /opt/ros/foxy/share/ament_cmake_core/cmake/ament_cmake_core-extras.cmake:17 (include)
[0.177s]   /opt/ros/foxy/share/ament_cmake_core/cmake/ament_cmake_coreConfig.cmake:41 (include)
[0.177s]   /opt/ros/foxy/share/ament_cmake/cmake/ament_cmake_export_dependencies-extras.cmake:15 (find_package)
[0.177s]   /opt/ros/foxy/share/ament_cmake/cmake/ament_cmakeConfig.cmake:41 (include)
[0.177s]   CMakeLists.txt:4 (find_package)
[0.177s] This warning is for project developers.  Use -Wno-dev to suppress it.
[0.177s] [0m
[0.187s] -- Found PythonInterp: /home/dale/miniconda3/bin/python3 (found suitable version "3.8.18", minimum required is "3") 
[0.187s] -- Using PYTHON_EXECUTABLE: /home/dale/miniconda3/bin/python3
[0.269s] -- Found sensor_msgs: 2.0.5 (/opt/ros/foxy/share/sensor_msgs/cmake)
[0.285s] -- Using all available rosidl_typesupport_c: rosidl_typesupport_fastrtps_c;rosidl_typesupport_introspection_c
[0.289s] -- Found rosidl_adapter: 1.3.1 (/opt/ros/foxy/share/rosidl_adapter/cmake)
[0.324s] -- Found OpenSSL: /usr/lib/x86_64-linux-gnu/libcrypto.so (found version "1.1.1f")  
[0.340s] -- Found FastRTPS: /opt/ros/foxy/include  
[0.380s] -- Using all available rosidl_typesupport_cpp: rosidl_typesupport_fastrtps_cpp;rosidl_typesupport_introspection_cpp
[0.458s] -- Found nav_msgs: 2.0.5 (/opt/ros/foxy/share/nav_msgs/cmake)
[0.585s] -- Configuring done (0.5s)
[0.586s] -- Generating done (0.0s)
[0.587s] -- Build files have been written to: /home/dale/driverless/driverless_ws/src/build/ros2_numpy_dv
[0.592s] Invoked command in '/home/dale/driverless/driverless_ws/src/build/ros2_numpy_dv' returned '0': CMAKE_PREFIX_PATH=${CMAKE_PREFIX_PATH}:/home/dale/driverless/driverless_ws/install/perceptions:/opt/ros/foxy CONDA_PROMPT_MODIFIER=(base) /home/dale/miniconda3/bin/cmake /home/dale/driverless/driverless_ws/src/ros2_numpy_dv -DCMAKE_INSTALL_PREFIX=/home/dale/driverless/driverless_ws/src/install/ros2_numpy_dv
[0.593s] Invoking command in '/home/dale/driverless/driverless_ws/src/build/ros2_numpy_dv': CMAKE_PREFIX_PATH=${CMAKE_PREFIX_PATH}:/home/dale/driverless/driverless_ws/install/perceptions:/opt/ros/foxy CONDA_PROMPT_MODIFIER=(base) /home/dale/miniconda3/bin/cmake --build /home/dale/driverless/driverless_ws/src/build/ros2_numpy_dv -- -j24 -l24
[0.615s] Invoked command in '/home/dale/driverless/driverless_ws/src/build/ros2_numpy_dv' returned '0': CMAKE_PREFIX_PATH=${CMAKE_PREFIX_PATH}:/home/dale/driverless/driverless_ws/install/perceptions:/opt/ros/foxy CONDA_PROMPT_MODIFIER=(base) /home/dale/miniconda3/bin/cmake --build /home/dale/driverless/driverless_ws/src/build/ros2_numpy_dv -- -j24 -l24
[0.660s] Invoking command in '/home/dale/driverless/driverless_ws/src/build/ros2_numpy_dv': CMAKE_PREFIX_PATH=${CMAKE_PREFIX_PATH}:/home/dale/driverless/driverless_ws/install/perceptions:/opt/ros/foxy CONDA_PROMPT_MODIFIER=(base) /home/dale/miniconda3/bin/cmake --install /home/dale/driverless/driverless_ws/src/build/ros2_numpy_dv
[0.675s] -- Install configuration: ""
[0.675s] -- Installing: /home/dale/driverless/driverless_ws/src/install/ros2_numpy_dv/share/ros2_numpy_dv/environment/pythonpath.sh
[0.675s] -- Installing: /home/dale/driverless/driverless_ws/src/install/ros2_numpy_dv/share/ros2_numpy_dv/environment/pythonpath.dsv
[0.675s] -- Installing: /home/dale/driverless/driverless_ws/src/install/ros2_numpy_dv/lib/python3.8/site-packages/ros2_numpy_dv
[0.675s] -- Installing: /home/dale/driverless/driverless_ws/src/install/ros2_numpy_dv/lib/python3.8/site-packages/ros2_numpy_dv/registry.py
[0.675s] -- Installing: /home/dale/driverless/driverless_ws/src/install/ros2_numpy_dv/lib/python3.8/site-packages/ros2_numpy_dv/occupancy_grid.py
[0.675s] -- Installing: /home/dale/driverless/driverless_ws/src/install/ros2_numpy_dv/lib/python3.8/site-packages/ros2_numpy_dv/image.py
[0.675s] -- Installing: /home/dale/driverless/driverless_ws/src/install/ros2_numpy_dv/lib/python3.8/site-packages/ros2_numpy_dv/point_cloud2.py
[0.675s] -- Installing: /home/dale/driverless/driverless_ws/src/install/ros2_numpy_dv/lib/python3.8/site-packages/ros2_numpy_dv/__init__.py
[0.675s] -- Installing: /home/dale/driverless/driverless_ws/src/install/ros2_numpy_dv/lib/python3.8/site-packages/ros2_numpy_dv/geometry.py
[0.693s] Listing '/home/dale/driverless/driverless_ws/src/install/ros2_numpy_dv/lib/python3.8/site-packages/ros2_numpy_dv'...
[0.693s] Compiling '/home/dale/driverless/driverless_ws/src/install/ros2_numpy_dv/lib/python3.8/site-packages/ros2_numpy_dv/__init__.py'...
[0.693s] Compiling '/home/dale/driverless/driverless_ws/src/install/ros2_numpy_dv/lib/python3.8/site-packages/ros2_numpy_dv/geometry.py'...
[0.693s] Compiling '/home/dale/driverless/driverless_ws/src/install/ros2_numpy_dv/lib/python3.8/site-packages/ros2_numpy_dv/image.py'...
[0.693s] Compiling '/home/dale/driverless/driverless_ws/src/install/ros2_numpy_dv/lib/python3.8/site-packages/ros2_numpy_dv/occupancy_grid.py'...
[0.693s] Compiling '/home/dale/driverless/driverless_ws/src/install/ros2_numpy_dv/lib/python3.8/site-packages/ros2_numpy_dv/point_cloud2.py'...
[0.693s] Compiling '/home/dale/driverless/driverless_ws/src/install/ros2_numpy_dv/lib/python3.8/site-packages/ros2_numpy_dv/registry.py'...
[0.695s] -- Installing: /home/dale/driverless/driverless_ws/src/install/ros2_numpy_dv/share/ament_index/resource_index/package_run_dependencies/ros2_numpy_dv
[0.695s] -- Installing: /home/dale/driverless/driverless_ws/src/install/ros2_numpy_dv/share/ament_index/resource_index/parent_prefix_path/ros2_numpy_dv
[0.695s] -- Installing: /home/dale/driverless/driverless_ws/src/install/ros2_numpy_dv/share/ros2_numpy_dv/environment/ament_prefix_path.sh
[0.695s] -- Installing: /home/dale/driverless/driverless_ws/src/install/ros2_numpy_dv/share/ros2_numpy_dv/environment/ament_prefix_path.dsv
[0.695s] -- Installing: /home/dale/driverless/driverless_ws/src/install/ros2_numpy_dv/share/ros2_numpy_dv/environment/path.sh
[0.695s] -- Installing: /home/dale/driverless/driverless_ws/src/install/ros2_numpy_dv/share/ros2_numpy_dv/environment/path.dsv
[0.695s] -- Installing: /home/dale/driverless/driverless_ws/src/install/ros2_numpy_dv/share/ros2_numpy_dv/local_setup.bash
[0.695s] -- Installing: /home/dale/driverless/driverless_ws/src/install/ros2_numpy_dv/share/ros2_numpy_dv/local_setup.sh
[0.695s] -- Installing: /home/dale/driverless/driverless_ws/src/install/ros2_numpy_dv/share/ros2_numpy_dv/local_setup.zsh
[0.695s] -- Installing: /home/dale/driverless/driverless_ws/src/install/ros2_numpy_dv/share/ros2_numpy_dv/local_setup.dsv
[0.695s] -- Installing: /home/dale/driverless/driverless_ws/src/install/ros2_numpy_dv/share/ros2_numpy_dv/package.dsv
[0.695s] -- Installing: /home/dale/driverless/driverless_ws/src/install/ros2_numpy_dv/share/ament_index/resource_index/packages/ros2_numpy_dv
[0.695s] -- Installing: /home/dale/driverless/driverless_ws/src/install/ros2_numpy_dv/share/ros2_numpy_dv/cmake/ament_cmake_export_dependencies-extras.cmake
[0.695s] -- Installing: /home/dale/driverless/driverless_ws/src/install/ros2_numpy_dv/share/ros2_numpy_dv/cmake/ros2_numpy_dvConfig.cmake
[0.695s] -- Installing: /home/dale/driverless/driverless_ws/src/install/ros2_numpy_dv/share/ros2_numpy_dv/cmake/ros2_numpy_dvConfig-version.cmake
[0.695s] -- Installing: /home/dale/driverless/driverless_ws/src/install/ros2_numpy_dv/share/ros2_numpy_dv/package.xml
[0.698s] Invoked command in '/home/dale/driverless/driverless_ws/src/build/ros2_numpy_dv' returned '0': CMAKE_PREFIX_PATH=${CMAKE_PREFIX_PATH}:/home/dale/driverless/driverless_ws/install/perceptions:/opt/ros/foxy CONDA_PROMPT_MODIFIER=(base) /home/dale/miniconda3/bin/cmake --install /home/dale/driverless/driverless_ws/src/build/ros2_numpy_dv
