[0.054s] Invoking command in '/home/andrewwhong/workspace/driverless/driverless_ws/src/build/collection': CMAKE_PREFIX_PATH=${CMAKE_PREFIX_PATH}:/opt/ros/foxy /usr/bin/cmake /home/andrewwhong/workspace/driverless/driverless_ws/src/collection -DCMAKE_INSTALL_PREFIX=/home/andrewwhong/workspace/driverless/driverless_ws/src/install/collection
[0.260s] -- The C compiler identification is GNU 9.4.0
[0.610s] -- The CXX compiler identification is GNU 9.4.0
[0.796s] -- Check for working C compiler: /usr/bin/cc
[1.123s] -- Check for working C compiler: /usr/bin/cc -- works
[1.124s] -- Detecting C compiler ABI info
[1.437s] -- Detecting C compiler ABI info - done
[1.449s] -- Detecting C compile features
[1.449s] -- Detecting C compile features - done
[1.451s] -- Check for working CXX compiler: /usr/bin/c++
[1.675s] -- Check for working CXX compiler: /usr/bin/c++ -- works
[1.676s] -- Detecting CXX compiler ABI info
[2.031s] -- Detecting CXX compiler ABI info - done
[2.051s] -- Detecting CXX compile features
[2.052s] -- Detecting CXX compile features - done
[2.056s] -- Found ament_cmake: 0.9.12 (/opt/ros/foxy/share/ament_cmake/cmake)
[2.090s] -- Found PythonInterp: /usr/bin/python3 (found suitable version "3.8.10", minimum required is "3") 
[2.090s] -- Using PYTHON_EXECUTABLE: /usr/bin/python3
[2.492s] -- Found ament_lint_auto: 0.9.8 (/opt/ros/foxy/share/ament_lint_auto/cmake)
[2.673s] -- Added test 'copyright' to check source files copyright and LICENSE
[2.682s] -- Added test 'cppcheck' to perform static code analysis on C / C++ code
[2.682s] -- Configured cppcheck include dirs: 
[2.682s] -- Configured cppcheck exclude dirs and/or files: 
[2.688s] -- Added test 'cpplint' to check C / C++ code against the Google style
[2.688s] -- Configured cpplint exclude dirs and/or files: 
[2.689s] -- Added test 'lint_cmake' to check CMake code style
[2.689s] -- Added test 'uncrustify' to check C / C++ code style
[2.689s] -- Configured uncrustify additional arguments: 
[2.690s] -- Added test 'xmllint' to check XML markup files
[2.690s] -- Configuring done
[2.694s] -- Generating done
[2.694s] -- Build files have been written to: /home/andrewwhong/workspace/driverless/driverless_ws/src/build/collection
[2.741s] Invoked command in '/home/andrewwhong/workspace/driverless/driverless_ws/src/build/collection' returned '0': CMAKE_PREFIX_PATH=${CMAKE_PREFIX_PATH}:/opt/ros/foxy /usr/bin/cmake /home/andrewwhong/workspace/driverless/driverless_ws/src/collection -DCMAKE_INSTALL_PREFIX=/home/andrewwhong/workspace/driverless/driverless_ws/src/install/collection
[2.745s] Invoking command in '/home/andrewwhong/workspace/driverless/driverless_ws/src/build/collection': CMAKE_PREFIX_PATH=${CMAKE_PREFIX_PATH}:/opt/ros/foxy /usr/bin/cmake --build /home/andrewwhong/workspace/driverless/driverless_ws/src/build/collection -- -j12 -l12
[2.801s] Invoked command in '/home/andrewwhong/workspace/driverless/driverless_ws/src/build/collection' returned '0': CMAKE_PREFIX_PATH=${CMAKE_PREFIX_PATH}:/opt/ros/foxy /usr/bin/cmake --build /home/andrewwhong/workspace/driverless/driverless_ws/src/build/collection -- -j12 -l12
[2.833s] Invoking command in '/home/andrewwhong/workspace/driverless/driverless_ws/src/build/collection': CMAKE_PREFIX_PATH=${CMAKE_PREFIX_PATH}:/opt/ros/foxy /usr/bin/cmake --install /home/andrewwhong/workspace/driverless/driverless_ws/src/build/collection
[2.842s] -- Install configuration: ""
[2.842s] -- Installing: /home/andrewwhong/workspace/driverless/driverless_ws/src/install/collection/share/ament_index/resource_index/package_run_dependencies/collection
[2.842s] -- Installing: /home/andrewwhong/workspace/driverless/driverless_ws/src/install/collection/share/ament_index/resource_index/parent_prefix_path/collection
[2.843s] -- Installing: /home/andrewwhong/workspace/driverless/driverless_ws/src/install/collection/share/collection/environment/ament_prefix_path.sh
[2.843s] -- Installing: /home/andrewwhong/workspace/driverless/driverless_ws/src/install/collection/share/collection/environment/ament_prefix_path.dsv
[2.847s] -- Installing: /home/andrewwhong/workspace/driverless/driverless_ws/src/install/collection/share/collection/environment/path.sh
[2.847s] -- Installing: /home/andrewwhong/workspace/driverless/driverless_ws/src/install/collection/share/collection/environment/path.dsv
[2.847s] -- Installing: /home/andrewwhong/workspace/driverless/driverless_ws/src/install/collection/share/collection/local_setup.bash
[2.848s] -- Installing: /home/andrewwhong/workspace/driverless/driverless_ws/src/install/collection/share/collection/local_setup.sh
[2.849s] -- Installing: /home/andrewwhong/workspace/driverless/driverless_ws/src/install/collection/share/collection/local_setup.zsh
[2.850s] -- Installing: /home/andrewwhong/workspace/driverless/driverless_ws/src/install/collection/share/collection/local_setup.dsv
[2.850s] -- Installing: /home/andrewwhong/workspace/driverless/driverless_ws/src/install/collection/share/collection/package.dsv
[2.851s] -- Installing: /home/andrewwhong/workspace/driverless/driverless_ws/src/install/collection/share/ament_index/resource_index/packages/collection
[2.851s] -- Installing: /home/andrewwhong/workspace/driverless/driverless_ws/src/install/collection/share/collection/cmake/collectionConfig.cmake
[2.852s] -- Installing: /home/andrewwhong/workspace/driverless/driverless_ws/src/install/collection/share/collection/cmake/collectionConfig-version.cmake
[2.853s] -- Installing: /home/andrewwhong/workspace/driverless/driverless_ws/src/install/collection/share/collection/package.xml
[2.863s] Invoked command in '/home/andrewwhong/workspace/driverless/driverless_ws/src/build/collection' returned '0': CMAKE_PREFIX_PATH=${CMAKE_PREFIX_PATH}:/opt/ros/foxy /usr/bin/cmake --install /home/andrewwhong/workspace/driverless/driverless_ws/src/build/collection
