[0.034s] Invoking command in '/home/ishin/Documents/cmr/driverless_py/driverless/driverless_ws/build/common': _=/usr/bin/env /usr/bin/cmake /home/ishin/Documents/cmr/driverless_py/driverless/driverless_ws/src/common -DCMAKE_INSTALL_PREFIX=/home/ishin/Documents/cmr/driverless_py/driverless/driverless_ws/install/common
[0.205s] -- The C compiler identification is GNU 13.1.1
[0.496s] -- The CXX compiler identification is GNU 13.1.1
[0.513s] -- Detecting C compiler ABI info
[0.618s] -- Detecting C compiler ABI info - done
[0.630s] -- Check for working C compiler: /usr/bin/cc - skipped
[0.630s] -- Detecting C compile features
[0.631s] -- Detecting C compile features - done
[0.634s] -- Detecting CXX compiler ABI info
[0.887s] -- Detecting CXX compiler ABI info - done
[0.907s] -- Check for working CXX compiler: /usr/bin/c++ - skipped
[0.908s] -- Detecting CXX compile features
[0.908s] -- Detecting CXX compile features - done
[0.933s] [31mCMake Error at CMakeLists.txt:19 (find_package):
[0.933s]   By not providing "Findament_cmake.cmake" in CMAKE_MODULE_PATH this project
[0.933s]   has asked CMake to find a package configuration file provided by
[0.933s]   "ament_cmake", but CMake did not find one.
[0.933s] 
[0.933s]   Could not find a package configuration file provided by "ament_cmake" with
[0.933s]   any of the following names:
[0.933s] 
[0.934s]     ament_cmakeConfig.cmake
[0.934s]     ament_cmake-config.cmake
[0.934s] 
[0.934s]   Add the installation prefix of "ament_cmake" to CMAKE_PREFIX_PATH or set
[0.934s]   "ament_cmake_DIR" to a directory containing one of the above files.  If
[0.934s]   "ament_cmake" provides a separate development package or SDK, be sure it
[0.934s]   has been installed.
[0.934s] 
[0.934s] [0m
[0.934s] -- Configuring incomplete, errors occurred!
