[0.493s] DEBUG:colcon:Command line arguments: ['/usr/bin/colcon', 'build', '--packages-select', 'interfaces']
[0.493s] DEBUG:colcon:Parsed command line arguments: Namespace(log_base=None, log_level=None, verb_name='build', build_base='build', install_base='install', merge_install=False, symlink_install=False, test_result_base=None, continue_on_error=False, executor='parallel', parallel_workers=8, event_handlers=None, ignore_user_meta=False, metas=['./colcon.meta'], base_paths=['.'], packages_ignore=None, packages_ignore_regex=None, paths=None, packages_up_to=None, packages_up_to_regex=None, packages_above=None, packages_above_and_dependencies=None, packages_above_depth=None, packages_select_by_dep=None, packages_skip_by_dep=None, packages_skip_up_to=None, packages_select_build_failed=False, packages_skip_build_finished=False, packages_select_test_failures=False, packages_skip_test_passed=False, packages_select=['interfaces'], packages_skip=None, packages_select_regex=None, packages_skip_regex=None, packages_start=None, packages_end=None, cmake_args=None, cmake_target=None, cmake_target_skip_unavailable=False, cmake_clean_cache=False, cmake_clean_first=False, cmake_force_configure=False, ament_cmake_args=None, catkin_cmake_args=None, catkin_skip_building_tests=False, verb_parser=<colcon_defaults.argument_parser.defaults.DefaultArgumentsDecorator object at 0x7f3c558fd250>, verb_extension=<colcon_core.verb.build.BuildVerb object at 0x7f3c55860410>, main=<bound method BuildVerb.main of <colcon_core.verb.build.BuildVerb object at 0x7f3c55860410>>)
[0.539s] Level 1:colcon.colcon_core.package_discovery:discover_packages(colcon_meta) check parameters
[0.539s] Level 1:colcon.colcon_core.package_discovery:discover_packages(recursive) check parameters
[0.539s] Level 1:colcon.colcon_core.package_discovery:discover_packages(ignore) check parameters
[0.539s] Level 1:colcon.colcon_core.package_discovery:discover_packages(path) check parameters
[0.539s] Level 1:colcon.colcon_core.package_discovery:discover_packages(colcon_meta) discover
[0.539s] Level 1:colcon.colcon_core.package_discovery:discover_packages(recursive) discover
[0.539s] INFO:colcon.colcon_core.package_discovery:Crawling recursively for packages in '/home/ishin/Documents/cmr/driverless_py/driverless/driverless_ws/src'
[0.539s] Level 1:colcon.colcon_core.package_identification:_identify(.) by extensions ['ignore', 'ignore_ament_install']
[0.539s] Level 1:colcon.colcon_core.package_identification:_identify(.) by extension 'ignore'
[0.539s] Level 1:colcon.colcon_core.package_identification:_identify(.) by extension 'ignore_ament_install'
[0.539s] Level 1:colcon.colcon_core.package_identification:_identify(.) by extensions ['colcon_pkg']
[0.539s] Level 1:colcon.colcon_core.package_identification:_identify(.) by extension 'colcon_pkg'
[0.539s] Level 1:colcon.colcon_core.package_identification:_identify(.) by extensions ['colcon_meta']
[0.539s] Level 1:colcon.colcon_core.package_identification:_identify(.) by extension 'colcon_meta'
[0.539s] Level 1:colcon.colcon_core.package_identification:_identify(.) by extensions ['ros']
[0.539s] Level 1:colcon.colcon_core.package_identification:_identify(.) by extension 'ros'
[0.567s] Level 1:colcon.colcon_core.package_identification:_identify(.) by extensions ['cmake', 'python']
[0.567s] Level 1:colcon.colcon_core.package_identification:_identify(.) by extension 'cmake'
[0.567s] Level 1:colcon.colcon_core.package_identification:_identify(.) by extension 'python'
[0.567s] Level 1:colcon.colcon_core.package_identification:_identify(.) by extensions ['python_setup_py']
[0.567s] Level 1:colcon.colcon_core.package_identification:_identify(.) by extension 'python_setup_py'
[0.568s] Level 1:colcon.colcon_core.package_identification:_identify(actuators) by extensions ['ignore', 'ignore_ament_install']
[0.568s] Level 1:colcon.colcon_core.package_identification:_identify(actuators) by extension 'ignore'
[0.568s] Level 1:colcon.colcon_core.package_identification:_identify(actuators) by extension 'ignore_ament_install'
[0.568s] Level 1:colcon.colcon_core.package_identification:_identify(actuators) by extensions ['colcon_pkg']
[0.568s] Level 1:colcon.colcon_core.package_identification:_identify(actuators) by extension 'colcon_pkg'
[0.568s] Level 1:colcon.colcon_core.package_identification:_identify(actuators) by extensions ['colcon_meta']
[0.568s] Level 1:colcon.colcon_core.package_identification:_identify(actuators) by extension 'colcon_meta'
[0.568s] Level 1:colcon.colcon_core.package_identification:_identify(actuators) by extensions ['ros']
[0.568s] Level 1:colcon.colcon_core.package_identification:_identify(actuators) by extension 'ros'
[0.571s] DEBUG:colcon.colcon_core.package_identification:Package 'actuators' with type 'ros.ament_cmake' and name 'actuators'
[0.571s] Level 1:colcon.colcon_core.package_identification:_identify(build) by extensions ['ignore', 'ignore_ament_install']
[0.571s] Level 1:colcon.colcon_core.package_identification:_identify(build) by extension 'ignore'
[0.571s] Level 1:colcon.colcon_core.package_identification:_identify(build) ignored
[0.571s] Level 1:colcon.colcon_core.package_identification:_identify(collection) by extensions ['ignore', 'ignore_ament_install']
[0.571s] Level 1:colcon.colcon_core.package_identification:_identify(collection) by extension 'ignore'
[0.571s] Level 1:colcon.colcon_core.package_identification:_identify(collection) by extension 'ignore_ament_install'
[0.571s] Level 1:colcon.colcon_core.package_identification:_identify(collection) by extensions ['colcon_pkg']
[0.571s] Level 1:colcon.colcon_core.package_identification:_identify(collection) by extension 'colcon_pkg'
[0.571s] Level 1:colcon.colcon_core.package_identification:_identify(collection) by extensions ['colcon_meta']
[0.571s] Level 1:colcon.colcon_core.package_identification:_identify(collection) by extension 'colcon_meta'
[0.571s] Level 1:colcon.colcon_core.package_identification:_identify(collection) by extensions ['ros']
[0.571s] Level 1:colcon.colcon_core.package_identification:_identify(collection) by extension 'ros'
[0.572s] DEBUG:colcon.colcon_core.package_identification:Package 'collection' with type 'ros.ament_cmake' and name 'collection'
[0.572s] Level 1:colcon.colcon_core.package_identification:_identify(common) by extensions ['ignore', 'ignore_ament_install']
[0.572s] Level 1:colcon.colcon_core.package_identification:_identify(common) by extension 'ignore'
[0.572s] Level 1:colcon.colcon_core.package_identification:_identify(common) by extension 'ignore_ament_install'
[0.572s] Level 1:colcon.colcon_core.package_identification:_identify(common) by extensions ['colcon_pkg']
[0.572s] Level 1:colcon.colcon_core.package_identification:_identify(common) by extension 'colcon_pkg'
[0.572s] Level 1:colcon.colcon_core.package_identification:_identify(common) by extensions ['colcon_meta']
[0.572s] Level 1:colcon.colcon_core.package_identification:_identify(common) by extension 'colcon_meta'
[0.572s] Level 1:colcon.colcon_core.package_identification:_identify(common) by extensions ['ros']
[0.572s] Level 1:colcon.colcon_core.package_identification:_identify(common) by extension 'ros'
[0.573s] DEBUG:colcon.colcon_core.package_identification:Package 'common' with type 'ros.ament_cmake' and name 'common'
[0.573s] Level 1:colcon.colcon_core.package_identification:_identify(controls) by extensions ['ignore', 'ignore_ament_install']
[0.573s] Level 1:colcon.colcon_core.package_identification:_identify(controls) by extension 'ignore'
[0.573s] Level 1:colcon.colcon_core.package_identification:_identify(controls) by extension 'ignore_ament_install'
[0.573s] Level 1:colcon.colcon_core.package_identification:_identify(controls) by extensions ['colcon_pkg']
[0.573s] Level 1:colcon.colcon_core.package_identification:_identify(controls) by extension 'colcon_pkg'
[0.573s] Level 1:colcon.colcon_core.package_identification:_identify(controls) by extensions ['colcon_meta']
[0.573s] Level 1:colcon.colcon_core.package_identification:_identify(controls) by extension 'colcon_meta'
[0.573s] Level 1:colcon.colcon_core.package_identification:_identify(controls) by extensions ['ros']
[0.573s] Level 1:colcon.colcon_core.package_identification:_identify(controls) by extension 'ros'
[0.573s] DEBUG:colcon.colcon_core.package_identification:Package 'controls' with type 'ros.ament_cmake' and name 'controls'
[0.574s] Level 1:colcon.colcon_core.package_identification:_identify(eufs_msgs) by extensions ['ignore', 'ignore_ament_install']
[0.574s] Level 1:colcon.colcon_core.package_identification:_identify(eufs_msgs) by extension 'ignore'
[0.574s] Level 1:colcon.colcon_core.package_identification:_identify(eufs_msgs) by extension 'ignore_ament_install'
[0.574s] Level 1:colcon.colcon_core.package_identification:_identify(eufs_msgs) by extensions ['colcon_pkg']
[0.574s] Level 1:colcon.colcon_core.package_identification:_identify(eufs_msgs) by extension 'colcon_pkg'
[0.574s] Level 1:colcon.colcon_core.package_identification:_identify(eufs_msgs) by extensions ['colcon_meta']
[0.574s] Level 1:colcon.colcon_core.package_identification:_identify(eufs_msgs) by extension 'colcon_meta'
[0.574s] Level 1:colcon.colcon_core.package_identification:_identify(eufs_msgs) by extensions ['ros']
[0.574s] Level 1:colcon.colcon_core.package_identification:_identify(eufs_msgs) by extension 'ros'
[0.574s] Level 1:colcon.colcon_core.package_identification:_identify(eufs_msgs) by extensions ['cmake', 'python']
[0.574s] Level 1:colcon.colcon_core.package_identification:_identify(eufs_msgs) by extension 'cmake'
[0.574s] Level 1:colcon.colcon_core.package_identification:_identify(eufs_msgs) by extension 'python'
[0.574s] Level 1:colcon.colcon_core.package_identification:_identify(eufs_msgs) by extensions ['python_setup_py']
[0.574s] Level 1:colcon.colcon_core.package_identification:_identify(eufs_msgs) by extension 'python_setup_py'
[0.574s] Level 1:colcon.colcon_core.package_identification:_identify(install) by extensions ['ignore', 'ignore_ament_install']
[0.574s] Level 1:colcon.colcon_core.package_identification:_identify(install) by extension 'ignore'
[0.574s] Level 1:colcon.colcon_core.package_identification:_identify(install) ignored
[0.574s] Level 1:colcon.colcon_core.package_identification:_identify(interfaces) by extensions ['ignore', 'ignore_ament_install']
[0.574s] Level 1:colcon.colcon_core.package_identification:_identify(interfaces) by extension 'ignore'
[0.574s] Level 1:colcon.colcon_core.package_identification:_identify(interfaces) by extension 'ignore_ament_install'
[0.574s] Level 1:colcon.colcon_core.package_identification:_identify(interfaces) by extensions ['colcon_pkg']
[0.574s] Level 1:colcon.colcon_core.package_identification:_identify(interfaces) by extension 'colcon_pkg'
[0.574s] Level 1:colcon.colcon_core.package_identification:_identify(interfaces) by extensions ['colcon_meta']
[0.574s] Level 1:colcon.colcon_core.package_identification:_identify(interfaces) by extension 'colcon_meta'
[0.574s] Level 1:colcon.colcon_core.package_identification:_identify(interfaces) by extensions ['ros']
[0.574s] Level 1:colcon.colcon_core.package_identification:_identify(interfaces) by extension 'ros'
[0.575s] DEBUG:colcon.colcon_core.package_identification:Package 'interfaces' with type 'ros.ament_cmake' and name 'interfaces'
[0.575s] Level 1:colcon.colcon_core.package_identification:_identify(log) by extensions ['ignore', 'ignore_ament_install']
[0.575s] Level 1:colcon.colcon_core.package_identification:_identify(log) by extension 'ignore'
[0.575s] Level 1:colcon.colcon_core.package_identification:_identify(log) ignored
[0.575s] Level 1:colcon.colcon_core.package_identification:_identify(perceptions) by extensions ['ignore', 'ignore_ament_install']
[0.575s] Level 1:colcon.colcon_core.package_identification:_identify(perceptions) by extension 'ignore'
[0.575s] Level 1:colcon.colcon_core.package_identification:_identify(perceptions) by extension 'ignore_ament_install'
[0.575s] Level 1:colcon.colcon_core.package_identification:_identify(perceptions) by extensions ['colcon_pkg']
[0.575s] Level 1:colcon.colcon_core.package_identification:_identify(perceptions) by extension 'colcon_pkg'
[0.575s] Level 1:colcon.colcon_core.package_identification:_identify(perceptions) by extensions ['colcon_meta']
[0.575s] Level 1:colcon.colcon_core.package_identification:_identify(perceptions) by extension 'colcon_meta'
[0.576s] Level 1:colcon.colcon_core.package_identification:_identify(perceptions) by extensions ['ros']
[0.576s] Level 1:colcon.colcon_core.package_identification:_identify(perceptions) by extension 'ros'
[0.576s] DEBUG:colcon.colcon_core.package_identification:Package 'perceptions' with type 'ros.ament_cmake' and name 'perceptions'
[0.576s] Level 1:colcon.colcon_core.package_identification:_identify(planning) by extensions ['ignore', 'ignore_ament_install']
[0.576s] Level 1:colcon.colcon_core.package_identification:_identify(planning) by extension 'ignore'
[0.576s] Level 1:colcon.colcon_core.package_identification:_identify(planning) by extension 'ignore_ament_install'
[0.576s] Level 1:colcon.colcon_core.package_identification:_identify(planning) by extensions ['colcon_pkg']
[0.576s] Level 1:colcon.colcon_core.package_identification:_identify(planning) by extension 'colcon_pkg'
[0.576s] Level 1:colcon.colcon_core.package_identification:_identify(planning) by extensions ['colcon_meta']
[0.576s] Level 1:colcon.colcon_core.package_identification:_identify(planning) by extension 'colcon_meta'
[0.576s] Level 1:colcon.colcon_core.package_identification:_identify(planning) by extensions ['ros']
[0.576s] Level 1:colcon.colcon_core.package_identification:_identify(planning) by extension 'ros'
[0.577s] DEBUG:colcon.colcon_core.package_identification:Package 'planning' with type 'ros.ament_cmake' and name 'planning'
[0.577s] Level 1:colcon.colcon_core.package_discovery:discover_packages(recursive) using defaults
[0.577s] Level 1:colcon.colcon_core.package_discovery:discover_packages(ignore) discover
[0.577s] Level 1:colcon.colcon_core.package_discovery:discover_packages(ignore) using defaults
[0.577s] Level 1:colcon.colcon_core.package_discovery:discover_packages(path) discover
[0.577s] Level 1:colcon.colcon_core.package_discovery:discover_packages(path) using defaults
[0.611s] INFO:colcon.colcon_core.package_selection:Skipping not selected package 'actuators' in 'actuators'
[0.611s] INFO:colcon.colcon_core.package_selection:Skipping not selected package 'collection' in 'collection'
[0.611s] INFO:colcon.colcon_core.package_selection:Skipping not selected package 'common' in 'common'
[0.611s] INFO:colcon.colcon_core.package_selection:Skipping not selected package 'controls' in 'controls'
[0.611s] INFO:colcon.colcon_core.package_selection:Skipping not selected package 'perceptions' in 'perceptions'
[0.611s] INFO:colcon.colcon_core.package_selection:Skipping not selected package 'planning' in 'planning'
[0.616s] Level 5:colcon.colcon_core.verb:set package 'interfaces' build argument 'cmake_args' from command line to 'None'
[0.617s] Level 5:colcon.colcon_core.verb:set package 'interfaces' build argument 'cmake_target' from command line to 'None'
[0.617s] Level 5:colcon.colcon_core.verb:set package 'interfaces' build argument 'cmake_target_skip_unavailable' from command line to 'False'
[0.617s] Level 5:colcon.colcon_core.verb:set package 'interfaces' build argument 'cmake_clean_cache' from command line to 'False'
[0.617s] Level 5:colcon.colcon_core.verb:set package 'interfaces' build argument 'cmake_clean_first' from command line to 'False'
[0.617s] Level 5:colcon.colcon_core.verb:set package 'interfaces' build argument 'cmake_force_configure' from command line to 'False'
[0.617s] Level 5:colcon.colcon_core.verb:set package 'interfaces' build argument 'ament_cmake_args' from command line to 'None'
[0.617s] Level 5:colcon.colcon_core.verb:set package 'interfaces' build argument 'catkin_cmake_args' from command line to 'None'
[0.617s] Level 5:colcon.colcon_core.verb:set package 'interfaces' build argument 'catkin_skip_building_tests' from command line to 'False'
[0.617s] DEBUG:colcon.colcon_core.verb:Building package 'interfaces' with the following arguments: {'ament_cmake_args': None, 'build_base': '/home/ishin/Documents/cmr/driverless_py/driverless/driverless_ws/src/build/interfaces', 'catkin_cmake_args': None, 'catkin_skip_building_tests': False, 'cmake_args': None, 'cmake_clean_cache': False, 'cmake_clean_first': False, 'cmake_force_configure': False, 'cmake_target': None, 'cmake_target_skip_unavailable': False, 'install_base': '/home/ishin/Documents/cmr/driverless_py/driverless/driverless_ws/src/install/interfaces', 'merge_install': False, 'path': '/home/ishin/Documents/cmr/driverless_py/driverless/driverless_ws/src/interfaces', 'symlink_install': False, 'test_result_base': None}
[0.618s] INFO:colcon.colcon_core.executor:Executing jobs using 'parallel' executor
[0.625s] DEBUG:colcon.colcon_parallel_executor.executor.parallel:run_until_complete
[0.625s] INFO:colcon.colcon_ros.task.ament_cmake.build:Building ROS package in '/home/ishin/Documents/cmr/driverless_py/driverless/driverless_ws/src/interfaces' with build type 'ament_cmake'
[0.626s] INFO:colcon.colcon_cmake.task.cmake.build:Building CMake package in '/home/ishin/Documents/cmr/driverless_py/driverless/driverless_ws/src/interfaces'
[0.634s] INFO:colcon.colcon_core.plugin_system:Skipping extension 'colcon_core.shell.bat': Not used on non-Windows systems
[0.634s] INFO:colcon.colcon_core.shell:Skip shell extension 'powershell' for command environment: Not usable outside of PowerShell
[0.634s] DEBUG:colcon.colcon_core.shell:Skip shell extension 'dsv' for command environment
[0.655s] DEBUG:colcon.colcon_core.event_handler.log_command:Invoking command in '/home/ishin/Documents/cmr/driverless_py/driverless/driverless_ws/src/build/interfaces': _=/usr/bin/env /usr/bin/cmake --build /home/ishin/Documents/cmr/driverless_py/driverless/driverless_ws/src/build/interfaces -- -j8 -l8
[7.567s] DEBUG:colcon.colcon_core.event_handler.log_command:Invoked command in '/home/ishin/Documents/cmr/driverless_py/driverless/driverless_ws/src/build/interfaces' returned '0': _=/usr/bin/env /usr/bin/cmake --build /home/ishin/Documents/cmr/driverless_py/driverless/driverless_ws/src/build/interfaces -- -j8 -l8
[8.037s] DEBUG:colcon.colcon_core.event_handler.log_command:Invoking command in '/home/ishin/Documents/cmr/driverless_py/driverless/driverless_ws/src/build/interfaces': _=/usr/bin/env /usr/bin/cmake --install /home/ishin/Documents/cmr/driverless_py/driverless/driverless_ws/src/build/interfaces
[8.132s] Level 1:colcon.colcon_core.environment:create_environment_scripts_only(interfaces)
[8.133s] DEBUG:colcon.colcon_core.event_handler.log_command:Invoked command in '/home/ishin/Documents/cmr/driverless_py/driverless/driverless_ws/src/build/interfaces' returned '0': _=/usr/bin/env /usr/bin/cmake --install /home/ishin/Documents/cmr/driverless_py/driverless/driverless_ws/src/build/interfaces
[8.141s] Level 1:colcon.colcon_core.environment:checking '/home/ishin/Documents/cmr/driverless_py/driverless/driverless_ws/src/install/interfaces' for CMake module files
[8.142s] Level 1:colcon.colcon_core.environment:checking '/home/ishin/Documents/cmr/driverless_py/driverless/driverless_ws/src/install/interfaces' for CMake config files
[8.142s] Level 1:colcon.colcon_core.shell:create_environment_hook('interfaces', 'cmake_prefix_path')
[8.145s] INFO:colcon.colcon_core.shell:Creating environment hook '/home/ishin/Documents/cmr/driverless_py/driverless/driverless_ws/src/install/interfaces/share/interfaces/hook/cmake_prefix_path.ps1'
[8.146s] INFO:colcon.colcon_core.shell:Creating environment descriptor '/home/ishin/Documents/cmr/driverless_py/driverless/driverless_ws/src/install/interfaces/share/interfaces/hook/cmake_prefix_path.dsv'
[8.147s] INFO:colcon.colcon_core.shell:Creating environment hook '/home/ishin/Documents/cmr/driverless_py/driverless/driverless_ws/src/install/interfaces/share/interfaces/hook/cmake_prefix_path.sh'
[8.147s] Level 1:colcon.colcon_core.environment:checking '/home/ishin/Documents/cmr/driverless_py/driverless/driverless_ws/src/install/interfaces/lib'
[8.148s] Level 1:colcon.colcon_core.shell:create_environment_hook('interfaces', 'ld_library_path_lib')
[8.151s] INFO:colcon.colcon_core.shell:Creating environment hook '/home/ishin/Documents/cmr/driverless_py/driverless/driverless_ws/src/install/interfaces/share/interfaces/hook/ld_library_path_lib.ps1'
[8.151s] INFO:colcon.colcon_core.shell:Creating environment descriptor '/home/ishin/Documents/cmr/driverless_py/driverless/driverless_ws/src/install/interfaces/share/interfaces/hook/ld_library_path_lib.dsv'
[8.151s] INFO:colcon.colcon_core.shell:Creating environment hook '/home/ishin/Documents/cmr/driverless_py/driverless/driverless_ws/src/install/interfaces/share/interfaces/hook/ld_library_path_lib.sh'
[8.152s] Level 1:colcon.colcon_core.environment:checking '/home/ishin/Documents/cmr/driverless_py/driverless/driverless_ws/src/install/interfaces/bin'
[8.152s] Level 1:colcon.colcon_core.environment:checking '/home/ishin/Documents/cmr/driverless_py/driverless/driverless_ws/src/install/interfaces/lib/pkgconfig/interfaces.pc'
[8.153s] Level 1:colcon.colcon_core.environment:checking '/home/ishin/Documents/cmr/driverless_py/driverless/driverless_ws/src/install/interfaces/lib/python3.11/site-packages'
[8.153s] Level 1:colcon.colcon_core.shell:create_environment_hook('interfaces', 'pythonpath')
[8.157s] INFO:colcon.colcon_core.shell:Creating environment hook '/home/ishin/Documents/cmr/driverless_py/driverless/driverless_ws/src/install/interfaces/share/interfaces/hook/pythonpath.ps1'
[8.157s] INFO:colcon.colcon_core.shell:Creating environment descriptor '/home/ishin/Documents/cmr/driverless_py/driverless/driverless_ws/src/install/interfaces/share/interfaces/hook/pythonpath.dsv'
[8.158s] INFO:colcon.colcon_core.shell:Creating environment hook '/home/ishin/Documents/cmr/driverless_py/driverless/driverless_ws/src/install/interfaces/share/interfaces/hook/pythonpath.sh'
[8.158s] Level 1:colcon.colcon_core.environment:checking '/home/ishin/Documents/cmr/driverless_py/driverless/driverless_ws/src/install/interfaces/bin'
[8.162s] INFO:colcon.colcon_core.shell:Creating package script '/home/ishin/Documents/cmr/driverless_py/driverless/driverless_ws/src/install/interfaces/share/interfaces/package.ps1'
[8.162s] INFO:colcon.colcon_core.shell:Creating package descriptor '/home/ishin/Documents/cmr/driverless_py/driverless/driverless_ws/src/install/interfaces/share/interfaces/package.dsv'
[8.163s] INFO:colcon.colcon_core.shell:Creating package script '/home/ishin/Documents/cmr/driverless_py/driverless/driverless_ws/src/install/interfaces/share/interfaces/package.sh'
[8.163s] INFO:colcon.colcon_core.shell:Creating package script '/home/ishin/Documents/cmr/driverless_py/driverless/driverless_ws/src/install/interfaces/share/interfaces/package.bash'
[8.164s] INFO:colcon.colcon_core.shell:Creating package script '/home/ishin/Documents/cmr/driverless_py/driverless/driverless_ws/src/install/interfaces/share/interfaces/package.zsh'
[8.165s] Level 1:colcon.colcon_core.environment:create_file_with_runtime_dependencies(/home/ishin/Documents/cmr/driverless_py/driverless/driverless_ws/src/install/interfaces/share/colcon-core/packages/interfaces)
[8.644s] Level 1:colcon.colcon_core.environment:create_environment_scripts_only(interfaces)
[8.647s] Level 1:colcon.colcon_core.environment:checking '/home/ishin/Documents/cmr/driverless_py/driverless/driverless_ws/src/install/interfaces' for CMake module files
[8.648s] Level 1:colcon.colcon_core.environment:checking '/home/ishin/Documents/cmr/driverless_py/driverless/driverless_ws/src/install/interfaces' for CMake config files
[8.648s] Level 1:colcon.colcon_core.shell:create_environment_hook('interfaces', 'cmake_prefix_path')
[8.652s] INFO:colcon.colcon_core.shell:Creating environment hook '/home/ishin/Documents/cmr/driverless_py/driverless/driverless_ws/src/install/interfaces/share/interfaces/hook/cmake_prefix_path.ps1'
[8.652s] INFO:colcon.colcon_core.shell:Creating environment descriptor '/home/ishin/Documents/cmr/driverless_py/driverless/driverless_ws/src/install/interfaces/share/interfaces/hook/cmake_prefix_path.dsv'
[8.652s] INFO:colcon.colcon_core.shell:Creating environment hook '/home/ishin/Documents/cmr/driverless_py/driverless/driverless_ws/src/install/interfaces/share/interfaces/hook/cmake_prefix_path.sh'
[8.653s] Level 1:colcon.colcon_core.environment:checking '/home/ishin/Documents/cmr/driverless_py/driverless/driverless_ws/src/install/interfaces/lib'
[8.653s] Level 1:colcon.colcon_core.shell:create_environment_hook('interfaces', 'ld_library_path_lib')
[8.656s] INFO:colcon.colcon_core.shell:Creating environment hook '/home/ishin/Documents/cmr/driverless_py/driverless/driverless_ws/src/install/interfaces/share/interfaces/hook/ld_library_path_lib.ps1'
[8.657s] INFO:colcon.colcon_core.shell:Creating environment descriptor '/home/ishin/Documents/cmr/driverless_py/driverless/driverless_ws/src/install/interfaces/share/interfaces/hook/ld_library_path_lib.dsv'
[8.657s] INFO:colcon.colcon_core.shell:Creating environment hook '/home/ishin/Documents/cmr/driverless_py/driverless/driverless_ws/src/install/interfaces/share/interfaces/hook/ld_library_path_lib.sh'
[8.657s] Level 1:colcon.colcon_core.environment:checking '/home/ishin/Documents/cmr/driverless_py/driverless/driverless_ws/src/install/interfaces/bin'
[8.657s] Level 1:colcon.colcon_core.environment:checking '/home/ishin/Documents/cmr/driverless_py/driverless/driverless_ws/src/install/interfaces/lib/pkgconfig/interfaces.pc'
[8.658s] Level 1:colcon.colcon_core.environment:checking '/home/ishin/Documents/cmr/driverless_py/driverless/driverless_ws/src/install/interfaces/lib/python3.11/site-packages'
[8.658s] Level 1:colcon.colcon_core.shell:create_environment_hook('interfaces', 'pythonpath')
[8.662s] INFO:colcon.colcon_core.shell:Creating environment hook '/home/ishin/Documents/cmr/driverless_py/driverless/driverless_ws/src/install/interfaces/share/interfaces/hook/pythonpath.ps1'
[8.662s] INFO:colcon.colcon_core.shell:Creating environment descriptor '/home/ishin/Documents/cmr/driverless_py/driverless/driverless_ws/src/install/interfaces/share/interfaces/hook/pythonpath.dsv'
[8.663s] INFO:colcon.colcon_core.shell:Creating environment hook '/home/ishin/Documents/cmr/driverless_py/driverless/driverless_ws/src/install/interfaces/share/interfaces/hook/pythonpath.sh'
[8.663s] Level 1:colcon.colcon_core.environment:checking '/home/ishin/Documents/cmr/driverless_py/driverless/driverless_ws/src/install/interfaces/bin'
[8.666s] INFO:colcon.colcon_core.shell:Creating package script '/home/ishin/Documents/cmr/driverless_py/driverless/driverless_ws/src/install/interfaces/share/interfaces/package.ps1'
[8.667s] INFO:colcon.colcon_core.shell:Creating package descriptor '/home/ishin/Documents/cmr/driverless_py/driverless/driverless_ws/src/install/interfaces/share/interfaces/package.dsv'
[8.667s] INFO:colcon.colcon_core.shell:Creating package script '/home/ishin/Documents/cmr/driverless_py/driverless/driverless_ws/src/install/interfaces/share/interfaces/package.sh'
[8.668s] INFO:colcon.colcon_core.shell:Creating package script '/home/ishin/Documents/cmr/driverless_py/driverless/driverless_ws/src/install/interfaces/share/interfaces/package.bash'
[8.668s] INFO:colcon.colcon_core.shell:Creating package script '/home/ishin/Documents/cmr/driverless_py/driverless/driverless_ws/src/install/interfaces/share/interfaces/package.zsh'
[8.668s] Level 1:colcon.colcon_core.environment:create_file_with_runtime_dependencies(/home/ishin/Documents/cmr/driverless_py/driverless/driverless_ws/src/install/interfaces/share/colcon-core/packages/interfaces)
[8.669s] DEBUG:colcon.colcon_parallel_executor.executor.parallel:closing loop
[8.669s] DEBUG:colcon.colcon_parallel_executor.executor.parallel:loop closed
[8.669s] DEBUG:colcon.colcon_parallel_executor.executor.parallel:run_until_complete finished with '0'
[8.669s] DEBUG:colcon.colcon_core.event_reactor:joining thread
[8.732s] INFO:colcon.colcon_core.plugin_system:Skipping extension 'colcon_notification.desktop_notification.terminal_notifier': Not used on non-Darwin systems
[8.732s] INFO:colcon.colcon_core.plugin_system:Skipping extension 'colcon_notification.desktop_notification.win32': Not used on non-Windows systems
[8.732s] INFO:colcon.colcon_notification.desktop_notification:Sending desktop notification using 'notify2'
[8.783s] DEBUG:colcon.colcon_core.event_reactor:joined thread
[8.787s] INFO:colcon.colcon_core.shell:Creating prefix script '/home/ishin/Documents/cmr/driverless_py/driverless/driverless_ws/src/install/local_setup.ps1'
[8.788s] INFO:colcon.colcon_core.shell:Creating prefix util module '/home/ishin/Documents/cmr/driverless_py/driverless/driverless_ws/src/install/_local_setup_util_ps1.py'
[8.790s] INFO:colcon.colcon_core.shell:Creating prefix chain script '/home/ishin/Documents/cmr/driverless_py/driverless/driverless_ws/src/install/setup.ps1'
[8.793s] INFO:colcon.colcon_core.shell:Creating prefix script '/home/ishin/Documents/cmr/driverless_py/driverless/driverless_ws/src/install/local_setup.sh'
[8.794s] INFO:colcon.colcon_core.shell:Creating prefix util module '/home/ishin/Documents/cmr/driverless_py/driverless/driverless_ws/src/install/_local_setup_util_sh.py'
[8.795s] INFO:colcon.colcon_core.shell:Creating prefix chain script '/home/ishin/Documents/cmr/driverless_py/driverless/driverless_ws/src/install/setup.sh'
[8.799s] INFO:colcon.colcon_core.shell:Creating prefix script '/home/ishin/Documents/cmr/driverless_py/driverless/driverless_ws/src/install/local_setup.bash'
[8.800s] INFO:colcon.colcon_core.shell:Creating prefix chain script '/home/ishin/Documents/cmr/driverless_py/driverless/driverless_ws/src/install/setup.bash'
[8.803s] INFO:colcon.colcon_core.shell:Creating prefix script '/home/ishin/Documents/cmr/driverless_py/driverless/driverless_ws/src/install/local_setup.zsh'
[8.804s] INFO:colcon.colcon_core.shell:Creating prefix chain script '/home/ishin/Documents/cmr/driverless_py/driverless/driverless_ws/src/install/setup.zsh'
