[0.383s] DEBUG:colcon:Command line arguments: ['/usr/bin/colcon', 'build']
[0.383s] DEBUG:colcon:Parsed command line arguments: Namespace(allow_overriding=[], ament_cmake_args=None, base_paths=['.'], build_base='build', catkin_cmake_args=None, catkin_skip_building_tests=False, cmake_args=None, cmake_clean_cache=False, cmake_clean_first=False, cmake_force_configure=False, cmake_target=None, cmake_target_skip_unavailable=False, continue_on_error=False, event_handlers=None, executor='parallel', ignore_user_meta=False, install_base='install', log_base=None, log_level=None, main=<bound method BuildVerb.main of <colcon_core.verb.build.BuildVerb object at 0x7fb9468344f0>>, merge_install=False, metas=['./colcon.meta'], packages_above=None, packages_above_and_dependencies=None, packages_above_depth=None, packages_end=None, packages_ignore=None, packages_ignore_regex=None, packages_select=None, packages_select_build_failed=False, packages_select_by_dep=None, packages_select_regex=None, packages_select_test_failures=False, packages_skip=None, packages_skip_build_finished=False, packages_skip_by_dep=None, packages_skip_regex=None, packages_skip_test_passed=False, packages_skip_up_to=None, packages_start=None, packages_up_to=None, packages_up_to_regex=None, parallel_workers=12, paths=None, symlink_install=False, test_result_base=None, verb_extension=<colcon_core.verb.build.BuildVerb object at 0x7fb9468344f0>, verb_name='build', verb_parser=<colcon_defaults.argument_parser.defaults.DefaultArgumentsDecorator object at 0x7fb946834a30>)
[0.410s] Level 1:colcon.colcon_core.package_discovery:discover_packages(colcon_meta) check parameters
[0.411s] Level 1:colcon.colcon_core.package_discovery:discover_packages(recursive) check parameters
[0.411s] Level 1:colcon.colcon_core.package_discovery:discover_packages(ignore) check parameters
[0.411s] Level 1:colcon.colcon_core.package_discovery:discover_packages(path) check parameters
[0.411s] Level 1:colcon.colcon_core.package_discovery:discover_packages(colcon_meta) discover
[0.411s] Level 1:colcon.colcon_core.package_discovery:discover_packages(recursive) discover
[0.411s] INFO:colcon.colcon_core.package_discovery:Crawling recursively for packages in '/home/andrewwhong/workspace/driverless/driverless_ws/src'
[0.411s] Level 1:colcon.colcon_core.package_identification:_identify(.) by extensions ['ignore', 'ignore_ament_install']
[0.411s] Level 1:colcon.colcon_core.package_identification:_identify(.) by extension 'ignore'
[0.411s] Level 1:colcon.colcon_core.package_identification:_identify(.) by extension 'ignore_ament_install'
[0.411s] Level 1:colcon.colcon_core.package_identification:_identify(.) by extensions ['colcon_pkg']
[0.411s] Level 1:colcon.colcon_core.package_identification:_identify(.) by extension 'colcon_pkg'
[0.411s] Level 1:colcon.colcon_core.package_identification:_identify(.) by extensions ['colcon_meta']
[0.411s] Level 1:colcon.colcon_core.package_identification:_identify(.) by extension 'colcon_meta'
[0.411s] Level 1:colcon.colcon_core.package_identification:_identify(.) by extensions ['ros']
[0.411s] Level 1:colcon.colcon_core.package_identification:_identify(.) by extension 'ros'
[0.457s] Level 1:colcon.colcon_core.package_identification:_identify(.) by extensions ['cmake', 'python']
[0.457s] Level 1:colcon.colcon_core.package_identification:_identify(.) by extension 'cmake'
[0.457s] Level 1:colcon.colcon_core.package_identification:_identify(.) by extension 'python'
[0.457s] Level 1:colcon.colcon_core.package_identification:_identify(.) by extensions ['python_setup_py']
[0.457s] Level 1:colcon.colcon_core.package_identification:_identify(.) by extension 'python_setup_py'
[0.457s] Level 1:colcon.colcon_core.package_identification:_identify(actuators) by extensions ['ignore', 'ignore_ament_install']
[0.457s] Level 1:colcon.colcon_core.package_identification:_identify(actuators) by extension 'ignore'
[0.457s] Level 1:colcon.colcon_core.package_identification:_identify(actuators) by extension 'ignore_ament_install'
[0.457s] Level 1:colcon.colcon_core.package_identification:_identify(actuators) by extensions ['colcon_pkg']
[0.457s] Level 1:colcon.colcon_core.package_identification:_identify(actuators) by extension 'colcon_pkg'
[0.457s] Level 1:colcon.colcon_core.package_identification:_identify(actuators) by extensions ['colcon_meta']
[0.457s] Level 1:colcon.colcon_core.package_identification:_identify(actuators) by extension 'colcon_meta'
[0.458s] Level 1:colcon.colcon_core.package_identification:_identify(actuators) by extensions ['ros']
[0.458s] Level 1:colcon.colcon_core.package_identification:_identify(actuators) by extension 'ros'
[0.459s] DEBUG:colcon.colcon_core.package_identification:Package 'actuators' with type 'ros.ament_cmake' and name 'actuators'
[0.460s] Level 1:colcon.colcon_core.package_identification:_identify(build) by extensions ['ignore', 'ignore_ament_install']
[0.460s] Level 1:colcon.colcon_core.package_identification:_identify(build) by extension 'ignore'
[0.460s] Level 1:colcon.colcon_core.package_identification:_identify(build) ignored
[0.460s] Level 1:colcon.colcon_core.package_identification:_identify(collection) by extensions ['ignore', 'ignore_ament_install']
[0.460s] Level 1:colcon.colcon_core.package_identification:_identify(collection) by extension 'ignore'
[0.460s] Level 1:colcon.colcon_core.package_identification:_identify(collection) by extension 'ignore_ament_install'
[0.460s] Level 1:colcon.colcon_core.package_identification:_identify(collection) by extensions ['colcon_pkg']
[0.460s] Level 1:colcon.colcon_core.package_identification:_identify(collection) by extension 'colcon_pkg'
[0.460s] Level 1:colcon.colcon_core.package_identification:_identify(collection) by extensions ['colcon_meta']
[0.460s] Level 1:colcon.colcon_core.package_identification:_identify(collection) by extension 'colcon_meta'
[0.460s] Level 1:colcon.colcon_core.package_identification:_identify(collection) by extensions ['ros']
[0.460s] Level 1:colcon.colcon_core.package_identification:_identify(collection) by extension 'ros'
[0.461s] DEBUG:colcon.colcon_core.package_identification:Package 'collection' with type 'ros.ament_cmake' and name 'collection'
[0.461s] Level 1:colcon.colcon_core.package_identification:_identify(common) by extensions ['ignore', 'ignore_ament_install']
[0.461s] Level 1:colcon.colcon_core.package_identification:_identify(common) by extension 'ignore'
[0.461s] Level 1:colcon.colcon_core.package_identification:_identify(common) by extension 'ignore_ament_install'
[0.461s] Level 1:colcon.colcon_core.package_identification:_identify(common) by extensions ['colcon_pkg']
[0.461s] Level 1:colcon.colcon_core.package_identification:_identify(common) by extension 'colcon_pkg'
[0.461s] Level 1:colcon.colcon_core.package_identification:_identify(common) by extensions ['colcon_meta']
[0.461s] Level 1:colcon.colcon_core.package_identification:_identify(common) by extension 'colcon_meta'
[0.461s] Level 1:colcon.colcon_core.package_identification:_identify(common) by extensions ['ros']
[0.461s] Level 1:colcon.colcon_core.package_identification:_identify(common) by extension 'ros'
[0.461s] DEBUG:colcon.colcon_core.package_identification:Package 'common' with type 'ros.ament_cmake' and name 'common'
[0.462s] Level 1:colcon.colcon_core.package_identification:_identify(controls) by extensions ['ignore', 'ignore_ament_install']
[0.462s] Level 1:colcon.colcon_core.package_identification:_identify(controls) by extension 'ignore'
[0.462s] Level 1:colcon.colcon_core.package_identification:_identify(controls) by extension 'ignore_ament_install'
[0.462s] Level 1:colcon.colcon_core.package_identification:_identify(controls) by extensions ['colcon_pkg']
[0.462s] Level 1:colcon.colcon_core.package_identification:_identify(controls) by extension 'colcon_pkg'
[0.462s] Level 1:colcon.colcon_core.package_identification:_identify(controls) by extensions ['colcon_meta']
[0.462s] Level 1:colcon.colcon_core.package_identification:_identify(controls) by extension 'colcon_meta'
[0.462s] Level 1:colcon.colcon_core.package_identification:_identify(controls) by extensions ['ros']
[0.462s] Level 1:colcon.colcon_core.package_identification:_identify(controls) by extension 'ros'
[0.462s] DEBUG:colcon.colcon_core.package_identification:Package 'controls' with type 'ros.ament_cmake' and name 'controls'
[0.463s] Level 1:colcon.colcon_core.package_identification:_identify(eufs_msgs) by extensions ['ignore', 'ignore_ament_install']
[0.463s] Level 1:colcon.colcon_core.package_identification:_identify(eufs_msgs) by extension 'ignore'
[0.463s] Level 1:colcon.colcon_core.package_identification:_identify(eufs_msgs) by extension 'ignore_ament_install'
[0.463s] Level 1:colcon.colcon_core.package_identification:_identify(eufs_msgs) by extensions ['colcon_pkg']
[0.463s] Level 1:colcon.colcon_core.package_identification:_identify(eufs_msgs) by extension 'colcon_pkg'
[0.463s] Level 1:colcon.colcon_core.package_identification:_identify(eufs_msgs) by extensions ['colcon_meta']
[0.463s] Level 1:colcon.colcon_core.package_identification:_identify(eufs_msgs) by extension 'colcon_meta'
[0.463s] Level 1:colcon.colcon_core.package_identification:_identify(eufs_msgs) by extensions ['ros']
[0.463s] Level 1:colcon.colcon_core.package_identification:_identify(eufs_msgs) by extension 'ros'
[0.464s] DEBUG:colcon.colcon_core.package_identification:Package 'eufs_msgs' with type 'ros.ament_cmake' and name 'eufs_msgs'
[0.464s] Level 1:colcon.colcon_core.package_identification:_identify(install) by extensions ['ignore', 'ignore_ament_install']
[0.464s] Level 1:colcon.colcon_core.package_identification:_identify(install) by extension 'ignore'
[0.464s] Level 1:colcon.colcon_core.package_identification:_identify(install) ignored
[0.464s] Level 1:colcon.colcon_core.package_identification:_identify(interfaces) by extensions ['ignore', 'ignore_ament_install']
[0.464s] Level 1:colcon.colcon_core.package_identification:_identify(interfaces) by extension 'ignore'
[0.464s] Level 1:colcon.colcon_core.package_identification:_identify(interfaces) by extension 'ignore_ament_install'
[0.464s] Level 1:colcon.colcon_core.package_identification:_identify(interfaces) by extensions ['colcon_pkg']
[0.464s] Level 1:colcon.colcon_core.package_identification:_identify(interfaces) by extension 'colcon_pkg'
[0.464s] Level 1:colcon.colcon_core.package_identification:_identify(interfaces) by extensions ['colcon_meta']
[0.464s] Level 1:colcon.colcon_core.package_identification:_identify(interfaces) by extension 'colcon_meta'
[0.464s] Level 1:colcon.colcon_core.package_identification:_identify(interfaces) by extensions ['ros']
[0.464s] Level 1:colcon.colcon_core.package_identification:_identify(interfaces) by extension 'ros'
[0.465s] DEBUG:colcon.colcon_core.package_identification:Package 'interfaces' with type 'ros.ament_cmake' and name 'interfaces'
[0.465s] Level 1:colcon.colcon_core.package_identification:_identify(log) by extensions ['ignore', 'ignore_ament_install']
[0.465s] Level 1:colcon.colcon_core.package_identification:_identify(log) by extension 'ignore'
[0.465s] Level 1:colcon.colcon_core.package_identification:_identify(log) ignored
[0.465s] Level 1:colcon.colcon_core.package_identification:_identify(perceptions) by extensions ['ignore', 'ignore_ament_install']
[0.465s] Level 1:colcon.colcon_core.package_identification:_identify(perceptions) by extension 'ignore'
[0.465s] Level 1:colcon.colcon_core.package_identification:_identify(perceptions) by extension 'ignore_ament_install'
[0.465s] Level 1:colcon.colcon_core.package_identification:_identify(perceptions) by extensions ['colcon_pkg']
[0.465s] Level 1:colcon.colcon_core.package_identification:_identify(perceptions) by extension 'colcon_pkg'
[0.465s] Level 1:colcon.colcon_core.package_identification:_identify(perceptions) by extensions ['colcon_meta']
[0.465s] Level 1:colcon.colcon_core.package_identification:_identify(perceptions) by extension 'colcon_meta'
[0.465s] Level 1:colcon.colcon_core.package_identification:_identify(perceptions) by extensions ['ros']
[0.465s] Level 1:colcon.colcon_core.package_identification:_identify(perceptions) by extension 'ros'
[0.466s] DEBUG:colcon.colcon_core.package_identification:Package 'perceptions' with type 'ros.ament_cmake' and name 'perceptions'
[0.466s] Level 1:colcon.colcon_core.package_identification:_identify(planning) by extensions ['ignore', 'ignore_ament_install']
[0.466s] Level 1:colcon.colcon_core.package_identification:_identify(planning) by extension 'ignore'
[0.466s] Level 1:colcon.colcon_core.package_identification:_identify(planning) by extension 'ignore_ament_install'
[0.466s] Level 1:colcon.colcon_core.package_identification:_identify(planning) by extensions ['colcon_pkg']
[0.466s] Level 1:colcon.colcon_core.package_identification:_identify(planning) by extension 'colcon_pkg'
[0.466s] Level 1:colcon.colcon_core.package_identification:_identify(planning) by extensions ['colcon_meta']
[0.466s] Level 1:colcon.colcon_core.package_identification:_identify(planning) by extension 'colcon_meta'
[0.466s] Level 1:colcon.colcon_core.package_identification:_identify(planning) by extensions ['ros']
[0.466s] Level 1:colcon.colcon_core.package_identification:_identify(planning) by extension 'ros'
[0.467s] DEBUG:colcon.colcon_core.package_identification:Package 'planning' with type 'ros.ament_cmake' and name 'planning'
[0.467s] Level 1:colcon.colcon_core.package_discovery:discover_packages(recursive) using defaults
[0.467s] Level 1:colcon.colcon_core.package_discovery:discover_packages(ignore) discover
[0.467s] Level 1:colcon.colcon_core.package_discovery:discover_packages(ignore) using defaults
[0.467s] Level 1:colcon.colcon_core.package_discovery:discover_packages(path) discover
[0.467s] Level 1:colcon.colcon_core.package_discovery:discover_packages(path) using defaults
[0.486s] Level 1:colcon.colcon_core.package_discovery:discover_packages(prefix_path) check parameters
[0.487s] Level 1:colcon.colcon_core.package_discovery:discover_packages(prefix_path) discover
[0.488s] WARNING:colcon.colcon_core.prefix_path.colcon:The path '/home/andrewwhong/workspace/driverless/driverless_ws/install' in the environment variable COLCON_PREFIX_PATH doesn't exist
[0.488s] WARNING:colcon.colcon_ros.prefix_path.catkin:The path '/home/andrewwhong/workspace/driverless/driverless_ws/install/perceptions' in the environment variable CMAKE_PREFIX_PATH doesn't exist
[0.488s] WARNING:colcon.colcon_ros.prefix_path.catkin:The path '/home/andrewwhong/workspace/driverless/driverless_ws/install/interfaces' in the environment variable CMAKE_PREFIX_PATH doesn't exist
[0.488s] WARNING:colcon.colcon_ros.prefix_path.catkin:The path '/home/andrewwhong/workspace/driverless/driverless_ws/install/eufs_msgs' in the environment variable CMAKE_PREFIX_PATH doesn't exist
[0.488s] WARNING:colcon.colcon_ros.prefix_path.catkin:The path '/home/andrewwhong/workspace/driverless/driverless_ws/install/controls' in the environment variable CMAKE_PREFIX_PATH doesn't exist
[0.488s] WARNING:colcon.colcon_ros.prefix_path.catkin:The path '/home/andrewwhong/workspace/driverless/driverless_ws/install/common' in the environment variable CMAKE_PREFIX_PATH doesn't exist
[0.488s] WARNING:colcon.colcon_ros.prefix_path.catkin:The path '/home/andrewwhong/workspace/driverless/driverless_ws/install/collection' in the environment variable CMAKE_PREFIX_PATH doesn't exist
[0.488s] WARNING:colcon.colcon_ros.prefix_path.catkin:The path '/home/andrewwhong/workspace/driverless/driverless_ws/install/actuators' in the environment variable CMAKE_PREFIX_PATH doesn't exist
[0.491s] DEBUG:colcon.colcon_installed_package_information.package_discovery:Found 256 installed packages in /opt/ros/foxy
[0.492s] Level 1:colcon.colcon_core.package_discovery:discover_packages(prefix_path) using defaults
[0.553s] Level 5:colcon.colcon_core.verb:set package 'actuators' build argument 'cmake_args' from command line to 'None'
[0.553s] Level 5:colcon.colcon_core.verb:set package 'actuators' build argument 'cmake_target' from command line to 'None'
[0.553s] Level 5:colcon.colcon_core.verb:set package 'actuators' build argument 'cmake_target_skip_unavailable' from command line to 'False'
[0.553s] Level 5:colcon.colcon_core.verb:set package 'actuators' build argument 'cmake_clean_cache' from command line to 'False'
[0.553s] Level 5:colcon.colcon_core.verb:set package 'actuators' build argument 'cmake_clean_first' from command line to 'False'
[0.553s] Level 5:colcon.colcon_core.verb:set package 'actuators' build argument 'cmake_force_configure' from command line to 'False'
[0.553s] Level 5:colcon.colcon_core.verb:set package 'actuators' build argument 'ament_cmake_args' from command line to 'None'
[0.553s] Level 5:colcon.colcon_core.verb:set package 'actuators' build argument 'catkin_cmake_args' from command line to 'None'
[0.553s] Level 5:colcon.colcon_core.verb:set package 'actuators' build argument 'catkin_skip_building_tests' from command line to 'False'
[0.553s] DEBUG:colcon.colcon_core.verb:Building package 'actuators' with the following arguments: {'ament_cmake_args': None, 'build_base': '/home/andrewwhong/workspace/driverless/driverless_ws/src/build/actuators', 'catkin_cmake_args': None, 'catkin_skip_building_tests': False, 'cmake_args': None, 'cmake_clean_cache': False, 'cmake_clean_first': False, 'cmake_force_configure': False, 'cmake_target': None, 'cmake_target_skip_unavailable': False, 'install_base': '/home/andrewwhong/workspace/driverless/driverless_ws/src/install/actuators', 'merge_install': False, 'path': '/home/andrewwhong/workspace/driverless/driverless_ws/src/actuators', 'symlink_install': False, 'test_result_base': None}
[0.554s] Level 5:colcon.colcon_core.verb:set package 'collection' build argument 'cmake_args' from command line to 'None'
[0.554s] Level 5:colcon.colcon_core.verb:set package 'collection' build argument 'cmake_target' from command line to 'None'
[0.554s] Level 5:colcon.colcon_core.verb:set package 'collection' build argument 'cmake_target_skip_unavailable' from command line to 'False'
[0.555s] Level 5:colcon.colcon_core.verb:set package 'collection' build argument 'cmake_clean_cache' from command line to 'False'
[0.555s] Level 5:colcon.colcon_core.verb:set package 'collection' build argument 'cmake_clean_first' from command line to 'False'
[0.555s] Level 5:colcon.colcon_core.verb:set package 'collection' build argument 'cmake_force_configure' from command line to 'False'
[0.555s] Level 5:colcon.colcon_core.verb:set package 'collection' build argument 'ament_cmake_args' from command line to 'None'
[0.555s] Level 5:colcon.colcon_core.verb:set package 'collection' build argument 'catkin_cmake_args' from command line to 'None'
[0.555s] Level 5:colcon.colcon_core.verb:set package 'collection' build argument 'catkin_skip_building_tests' from command line to 'False'
[0.555s] DEBUG:colcon.colcon_core.verb:Building package 'collection' with the following arguments: {'ament_cmake_args': None, 'build_base': '/home/andrewwhong/workspace/driverless/driverless_ws/src/build/collection', 'catkin_cmake_args': None, 'catkin_skip_building_tests': False, 'cmake_args': None, 'cmake_clean_cache': False, 'cmake_clean_first': False, 'cmake_force_configure': False, 'cmake_target': None, 'cmake_target_skip_unavailable': False, 'install_base': '/home/andrewwhong/workspace/driverless/driverless_ws/src/install/collection', 'merge_install': False, 'path': '/home/andrewwhong/workspace/driverless/driverless_ws/src/collection', 'symlink_install': False, 'test_result_base': None}
[0.556s] Level 5:colcon.colcon_core.verb:set package 'common' build argument 'cmake_args' from command line to 'None'
[0.556s] Level 5:colcon.colcon_core.verb:set package 'common' build argument 'cmake_target' from command line to 'None'
[0.556s] Level 5:colcon.colcon_core.verb:set package 'common' build argument 'cmake_target_skip_unavailable' from command line to 'False'
[0.556s] Level 5:colcon.colcon_core.verb:set package 'common' build argument 'cmake_clean_cache' from command line to 'False'
[0.556s] Level 5:colcon.colcon_core.verb:set package 'common' build argument 'cmake_clean_first' from command line to 'False'
[0.556s] Level 5:colcon.colcon_core.verb:set package 'common' build argument 'cmake_force_configure' from command line to 'False'
[0.556s] Level 5:colcon.colcon_core.verb:set package 'common' build argument 'ament_cmake_args' from command line to 'None'
[0.556s] Level 5:colcon.colcon_core.verb:set package 'common' build argument 'catkin_cmake_args' from command line to 'None'
[0.556s] Level 5:colcon.colcon_core.verb:set package 'common' build argument 'catkin_skip_building_tests' from command line to 'False'
[0.556s] DEBUG:colcon.colcon_core.verb:Building package 'common' with the following arguments: {'ament_cmake_args': None, 'build_base': '/home/andrewwhong/workspace/driverless/driverless_ws/src/build/common', 'catkin_cmake_args': None, 'catkin_skip_building_tests': False, 'cmake_args': None, 'cmake_clean_cache': False, 'cmake_clean_first': False, 'cmake_force_configure': False, 'cmake_target': None, 'cmake_target_skip_unavailable': False, 'install_base': '/home/andrewwhong/workspace/driverless/driverless_ws/src/install/common', 'merge_install': False, 'path': '/home/andrewwhong/workspace/driverless/driverless_ws/src/common', 'symlink_install': False, 'test_result_base': None}
[0.557s] Level 5:colcon.colcon_core.verb:set package 'controls' build argument 'cmake_args' from command line to 'None'
[0.557s] Level 5:colcon.colcon_core.verb:set package 'controls' build argument 'cmake_target' from command line to 'None'
[0.557s] Level 5:colcon.colcon_core.verb:set package 'controls' build argument 'cmake_target_skip_unavailable' from command line to 'False'
[0.557s] Level 5:colcon.colcon_core.verb:set package 'controls' build argument 'cmake_clean_cache' from command line to 'False'
[0.557s] Level 5:colcon.colcon_core.verb:set package 'controls' build argument 'cmake_clean_first' from command line to 'False'
[0.557s] Level 5:colcon.colcon_core.verb:set package 'controls' build argument 'cmake_force_configure' from command line to 'False'
[0.557s] Level 5:colcon.colcon_core.verb:set package 'controls' build argument 'ament_cmake_args' from command line to 'None'
[0.557s] Level 5:colcon.colcon_core.verb:set package 'controls' build argument 'catkin_cmake_args' from command line to 'None'
[0.557s] Level 5:colcon.colcon_core.verb:set package 'controls' build argument 'catkin_skip_building_tests' from command line to 'False'
[0.557s] DEBUG:colcon.colcon_core.verb:Building package 'controls' with the following arguments: {'ament_cmake_args': None, 'build_base': '/home/andrewwhong/workspace/driverless/driverless_ws/src/build/controls', 'catkin_cmake_args': None, 'catkin_skip_building_tests': False, 'cmake_args': None, 'cmake_clean_cache': False, 'cmake_clean_first': False, 'cmake_force_configure': False, 'cmake_target': None, 'cmake_target_skip_unavailable': False, 'install_base': '/home/andrewwhong/workspace/driverless/driverless_ws/src/install/controls', 'merge_install': False, 'path': '/home/andrewwhong/workspace/driverless/driverless_ws/src/controls', 'symlink_install': False, 'test_result_base': None}
[0.558s] Level 5:colcon.colcon_core.verb:set package 'eufs_msgs' build argument 'cmake_args' from command line to 'None'
[0.558s] Level 5:colcon.colcon_core.verb:set package 'eufs_msgs' build argument 'cmake_target' from command line to 'None'
[0.558s] Level 5:colcon.colcon_core.verb:set package 'eufs_msgs' build argument 'cmake_target_skip_unavailable' from command line to 'False'
[0.558s] Level 5:colcon.colcon_core.verb:set package 'eufs_msgs' build argument 'cmake_clean_cache' from command line to 'False'
[0.558s] Level 5:colcon.colcon_core.verb:set package 'eufs_msgs' build argument 'cmake_clean_first' from command line to 'False'
[0.558s] Level 5:colcon.colcon_core.verb:set package 'eufs_msgs' build argument 'cmake_force_configure' from command line to 'False'
[0.558s] Level 5:colcon.colcon_core.verb:set package 'eufs_msgs' build argument 'ament_cmake_args' from command line to 'None'
[0.558s] Level 5:colcon.colcon_core.verb:set package 'eufs_msgs' build argument 'catkin_cmake_args' from command line to 'None'
[0.558s] Level 5:colcon.colcon_core.verb:set package 'eufs_msgs' build argument 'catkin_skip_building_tests' from command line to 'False'
[0.558s] DEBUG:colcon.colcon_core.verb:Building package 'eufs_msgs' with the following arguments: {'ament_cmake_args': None, 'build_base': '/home/andrewwhong/workspace/driverless/driverless_ws/src/build/eufs_msgs', 'catkin_cmake_args': None, 'catkin_skip_building_tests': False, 'cmake_args': None, 'cmake_clean_cache': False, 'cmake_clean_first': False, 'cmake_force_configure': False, 'cmake_target': None, 'cmake_target_skip_unavailable': False, 'install_base': '/home/andrewwhong/workspace/driverless/driverless_ws/src/install/eufs_msgs', 'merge_install': False, 'path': '/home/andrewwhong/workspace/driverless/driverless_ws/src/eufs_msgs', 'symlink_install': False, 'test_result_base': None}
[0.559s] Level 5:colcon.colcon_core.verb:set package 'interfaces' build argument 'cmake_args' from command line to 'None'
[0.559s] Level 5:colcon.colcon_core.verb:set package 'interfaces' build argument 'cmake_target' from command line to 'None'
[0.559s] Level 5:colcon.colcon_core.verb:set package 'interfaces' build argument 'cmake_target_skip_unavailable' from command line to 'False'
[0.559s] Level 5:colcon.colcon_core.verb:set package 'interfaces' build argument 'cmake_clean_cache' from command line to 'False'
[0.559s] Level 5:colcon.colcon_core.verb:set package 'interfaces' build argument 'cmake_clean_first' from command line to 'False'
[0.559s] Level 5:colcon.colcon_core.verb:set package 'interfaces' build argument 'cmake_force_configure' from command line to 'False'
[0.559s] Level 5:colcon.colcon_core.verb:set package 'interfaces' build argument 'ament_cmake_args' from command line to 'None'
[0.559s] Level 5:colcon.colcon_core.verb:set package 'interfaces' build argument 'catkin_cmake_args' from command line to 'None'
[0.559s] Level 5:colcon.colcon_core.verb:set package 'interfaces' build argument 'catkin_skip_building_tests' from command line to 'False'
[0.560s] DEBUG:colcon.colcon_core.verb:Building package 'interfaces' with the following arguments: {'ament_cmake_args': None, 'build_base': '/home/andrewwhong/workspace/driverless/driverless_ws/src/build/interfaces', 'catkin_cmake_args': None, 'catkin_skip_building_tests': False, 'cmake_args': None, 'cmake_clean_cache': False, 'cmake_clean_first': False, 'cmake_force_configure': False, 'cmake_target': None, 'cmake_target_skip_unavailable': False, 'install_base': '/home/andrewwhong/workspace/driverless/driverless_ws/src/install/interfaces', 'merge_install': False, 'path': '/home/andrewwhong/workspace/driverless/driverless_ws/src/interfaces', 'symlink_install': False, 'test_result_base': None}
[0.560s] Level 5:colcon.colcon_core.verb:set package 'perceptions' build argument 'cmake_args' from command line to 'None'
[0.560s] Level 5:colcon.colcon_core.verb:set package 'perceptions' build argument 'cmake_target' from command line to 'None'
[0.561s] Level 5:colcon.colcon_core.verb:set package 'perceptions' build argument 'cmake_target_skip_unavailable' from command line to 'False'
[0.561s] Level 5:colcon.colcon_core.verb:set package 'perceptions' build argument 'cmake_clean_cache' from command line to 'False'
[0.561s] Level 5:colcon.colcon_core.verb:set package 'perceptions' build argument 'cmake_clean_first' from command line to 'False'
[0.561s] Level 5:colcon.colcon_core.verb:set package 'perceptions' build argument 'cmake_force_configure' from command line to 'False'
[0.561s] Level 5:colcon.colcon_core.verb:set package 'perceptions' build argument 'ament_cmake_args' from command line to 'None'
[0.561s] Level 5:colcon.colcon_core.verb:set package 'perceptions' build argument 'catkin_cmake_args' from command line to 'None'
[0.561s] Level 5:colcon.colcon_core.verb:set package 'perceptions' build argument 'catkin_skip_building_tests' from command line to 'False'
[0.561s] DEBUG:colcon.colcon_core.verb:Building package 'perceptions' with the following arguments: {'ament_cmake_args': None, 'build_base': '/home/andrewwhong/workspace/driverless/driverless_ws/src/build/perceptions', 'catkin_cmake_args': None, 'catkin_skip_building_tests': False, 'cmake_args': None, 'cmake_clean_cache': False, 'cmake_clean_first': False, 'cmake_force_configure': False, 'cmake_target': None, 'cmake_target_skip_unavailable': False, 'install_base': '/home/andrewwhong/workspace/driverless/driverless_ws/src/install/perceptions', 'merge_install': False, 'path': '/home/andrewwhong/workspace/driverless/driverless_ws/src/perceptions', 'symlink_install': False, 'test_result_base': None}
[0.562s] Level 5:colcon.colcon_core.verb:set package 'planning' build argument 'cmake_args' from command line to 'None'
[0.562s] Level 5:colcon.colcon_core.verb:set package 'planning' build argument 'cmake_target' from command line to 'None'
[0.562s] Level 5:colcon.colcon_core.verb:set package 'planning' build argument 'cmake_target_skip_unavailable' from command line to 'False'
[0.562s] Level 5:colcon.colcon_core.verb:set package 'planning' build argument 'cmake_clean_cache' from command line to 'False'
[0.562s] Level 5:colcon.colcon_core.verb:set package 'planning' build argument 'cmake_clean_first' from command line to 'False'
[0.562s] Level 5:colcon.colcon_core.verb:set package 'planning' build argument 'cmake_force_configure' from command line to 'False'
[0.562s] Level 5:colcon.colcon_core.verb:set package 'planning' build argument 'ament_cmake_args' from command line to 'None'
[0.562s] Level 5:colcon.colcon_core.verb:set package 'planning' build argument 'catkin_cmake_args' from command line to 'None'
[0.562s] Level 5:colcon.colcon_core.verb:set package 'planning' build argument 'catkin_skip_building_tests' from command line to 'False'
[0.562s] DEBUG:colcon.colcon_core.verb:Building package 'planning' with the following arguments: {'ament_cmake_args': None, 'build_base': '/home/andrewwhong/workspace/driverless/driverless_ws/src/build/planning', 'catkin_cmake_args': None, 'catkin_skip_building_tests': False, 'cmake_args': None, 'cmake_clean_cache': False, 'cmake_clean_first': False, 'cmake_force_configure': False, 'cmake_target': None, 'cmake_target_skip_unavailable': False, 'install_base': '/home/andrewwhong/workspace/driverless/driverless_ws/src/install/planning', 'merge_install': False, 'path': '/home/andrewwhong/workspace/driverless/driverless_ws/src/planning', 'symlink_install': False, 'test_result_base': None}
[0.563s] INFO:colcon.colcon_core.executor:Executing jobs using 'parallel' executor
[0.566s] DEBUG:colcon.colcon_parallel_executor.executor.parallel:run_until_complete
[0.566s] INFO:colcon.colcon_ros.task.ament_cmake.build:Building ROS package in '/home/andrewwhong/workspace/driverless/driverless_ws/src/eufs_msgs' with build type 'ament_cmake'
[0.567s] INFO:colcon.colcon_cmake.task.cmake.build:Building CMake package in '/home/andrewwhong/workspace/driverless/driverless_ws/src/eufs_msgs'
[0.572s] INFO:colcon.colcon_core.plugin_system:Skipping extension 'colcon_core.shell.bat': Not used on non-Windows systems
[0.572s] INFO:colcon.colcon_core.shell:Skip shell extension 'powershell' for command environment: Not usable outside of PowerShell
[0.572s] DEBUG:colcon.colcon_core.shell:Skip shell extension 'dsv' for command environment
[0.576s] INFO:colcon.colcon_ros.task.ament_cmake.build:Building ROS package in '/home/andrewwhong/workspace/driverless/driverless_ws/src/actuators' with build type 'ament_cmake'
[0.577s] INFO:colcon.colcon_cmake.task.cmake.build:Building CMake package in '/home/andrewwhong/workspace/driverless/driverless_ws/src/actuators'
[0.579s] INFO:colcon.colcon_core.shell:Skip shell extension 'powershell' for command environment: Not usable outside of PowerShell
[0.579s] DEBUG:colcon.colcon_core.shell:Skip shell extension 'dsv' for command environment
[0.585s] INFO:colcon.colcon_ros.task.ament_cmake.build:Building ROS package in '/home/andrewwhong/workspace/driverless/driverless_ws/src/collection' with build type 'ament_cmake'
[0.585s] INFO:colcon.colcon_cmake.task.cmake.build:Building CMake package in '/home/andrewwhong/workspace/driverless/driverless_ws/src/collection'
[0.587s] INFO:colcon.colcon_core.shell:Skip shell extension 'powershell' for command environment: Not usable outside of PowerShell
[0.587s] DEBUG:colcon.colcon_core.shell:Skip shell extension 'dsv' for command environment
[0.592s] INFO:colcon.colcon_ros.task.ament_cmake.build:Building ROS package in '/home/andrewwhong/workspace/driverless/driverless_ws/src/common' with build type 'ament_cmake'
[0.592s] INFO:colcon.colcon_cmake.task.cmake.build:Building CMake package in '/home/andrewwhong/workspace/driverless/driverless_ws/src/common'
[0.595s] INFO:colcon.colcon_core.shell:Skip shell extension 'powershell' for command environment: Not usable outside of PowerShell
[0.595s] DEBUG:colcon.colcon_core.shell:Skip shell extension 'dsv' for command environment
[0.599s] INFO:colcon.colcon_ros.task.ament_cmake.build:Building ROS package in '/home/andrewwhong/workspace/driverless/driverless_ws/src/controls' with build type 'ament_cmake'
[0.599s] INFO:colcon.colcon_cmake.task.cmake.build:Building CMake package in '/home/andrewwhong/workspace/driverless/driverless_ws/src/controls'
[0.601s] INFO:colcon.colcon_core.shell:Skip shell extension 'powershell' for command environment: Not usable outside of PowerShell
[0.601s] DEBUG:colcon.colcon_core.shell:Skip shell extension 'dsv' for command environment
[0.606s] INFO:colcon.colcon_ros.task.ament_cmake.build:Building ROS package in '/home/andrewwhong/workspace/driverless/driverless_ws/src/interfaces' with build type 'ament_cmake'
[0.606s] INFO:colcon.colcon_cmake.task.cmake.build:Building CMake package in '/home/andrewwhong/workspace/driverless/driverless_ws/src/interfaces'
[0.608s] INFO:colcon.colcon_core.shell:Skip shell extension 'powershell' for command environment: Not usable outside of PowerShell
[0.608s] DEBUG:colcon.colcon_core.shell:Skip shell extension 'dsv' for command environment
[0.613s] INFO:colcon.colcon_ros.task.ament_cmake.build:Building ROS package in '/home/andrewwhong/workspace/driverless/driverless_ws/src/perceptions' with build type 'ament_cmake'
[0.614s] INFO:colcon.colcon_cmake.task.cmake.build:Building CMake package in '/home/andrewwhong/workspace/driverless/driverless_ws/src/perceptions'
[0.615s] INFO:colcon.colcon_core.shell:Skip shell extension 'powershell' for command environment: Not usable outside of PowerShell
[0.616s] DEBUG:colcon.colcon_core.shell:Skip shell extension 'dsv' for command environment
[0.626s] DEBUG:colcon.colcon_core.event_handler.log_command:Invoking command in '/home/andrewwhong/workspace/driverless/driverless_ws/src/build/eufs_msgs': CMAKE_PREFIX_PATH=${CMAKE_PREFIX_PATH}:/opt/ros/foxy /usr/bin/cmake --build /home/andrewwhong/workspace/driverless/driverless_ws/src/build/eufs_msgs -- -j12 -l12
[0.634s] DEBUG:colcon.colcon_core.event_handler.log_command:Invoking command in '/home/andrewwhong/workspace/driverless/driverless_ws/src/build/actuators': CMAKE_PREFIX_PATH=${CMAKE_PREFIX_PATH}:/opt/ros/foxy /usr/bin/cmake --build /home/andrewwhong/workspace/driverless/driverless_ws/src/build/actuators -- -j12 -l12
[0.639s] DEBUG:colcon.colcon_core.event_handler.log_command:Invoking command in '/home/andrewwhong/workspace/driverless/driverless_ws/src/build/collection': CMAKE_PREFIX_PATH=${CMAKE_PREFIX_PATH}:/opt/ros/foxy /usr/bin/cmake --build /home/andrewwhong/workspace/driverless/driverless_ws/src/build/collection -- -j12 -l12
[0.645s] DEBUG:colcon.colcon_core.event_handler.log_command:Invoking command in '/home/andrewwhong/workspace/driverless/driverless_ws/src/build/common': CMAKE_PREFIX_PATH=${CMAKE_PREFIX_PATH}:/opt/ros/foxy /usr/bin/cmake --build /home/andrewwhong/workspace/driverless/driverless_ws/src/build/common -- -j12 -l12
[0.652s] DEBUG:colcon.colcon_core.event_handler.log_command:Invoking command in '/home/andrewwhong/workspace/driverless/driverless_ws/src/build/controls': CMAKE_PREFIX_PATH=${CMAKE_PREFIX_PATH}:/opt/ros/foxy /usr/bin/cmake --build /home/andrewwhong/workspace/driverless/driverless_ws/src/build/controls -- -j12 -l12
[0.656s] DEBUG:colcon.colcon_core.event_handler.log_command:Invoking command in '/home/andrewwhong/workspace/driverless/driverless_ws/src/build/interfaces': CMAKE_PREFIX_PATH=${CMAKE_PREFIX_PATH}:/opt/ros/foxy /usr/bin/cmake --build /home/andrewwhong/workspace/driverless/driverless_ws/src/build/interfaces -- -j12 -l12
[0.670s] DEBUG:colcon.colcon_core.event_handler.log_command:Invoking command in '/home/andrewwhong/workspace/driverless/driverless_ws/src/build/perceptions': CMAKE_PREFIX_PATH=${CMAKE_PREFIX_PATH}:/opt/ros/foxy /usr/bin/cmake --build /home/andrewwhong/workspace/driverless/driverless_ws/src/build/perceptions -- -j12 -l12
[0.677s] DEBUG:colcon.colcon_core.event_handler.log_command:Invoked command in '/home/andrewwhong/workspace/driverless/driverless_ws/src/build/actuators' returned '0': CMAKE_PREFIX_PATH=${CMAKE_PREFIX_PATH}:/opt/ros/foxy /usr/bin/cmake --build /home/andrewwhong/workspace/driverless/driverless_ws/src/build/actuators -- -j12 -l12
[0.686s] DEBUG:colcon.colcon_core.event_handler.log_command:Invoked command in '/home/andrewwhong/workspace/driverless/driverless_ws/src/build/collection' returned '0': CMAKE_PREFIX_PATH=${CMAKE_PREFIX_PATH}:/opt/ros/foxy /usr/bin/cmake --build /home/andrewwhong/workspace/driverless/driverless_ws/src/build/collection -- -j12 -l12
[0.692s] DEBUG:colcon.colcon_core.event_handler.log_command:Invoked command in '/home/andrewwhong/workspace/driverless/driverless_ws/src/build/common' returned '0': CMAKE_PREFIX_PATH=${CMAKE_PREFIX_PATH}:/opt/ros/foxy /usr/bin/cmake --build /home/andrewwhong/workspace/driverless/driverless_ws/src/build/common -- -j12 -l12
[0.698s] DEBUG:colcon.colcon_core.event_handler.log_command:Invoked command in '/home/andrewwhong/workspace/driverless/driverless_ws/src/build/controls' returned '0': CMAKE_PREFIX_PATH=${CMAKE_PREFIX_PATH}:/opt/ros/foxy /usr/bin/cmake --build /home/andrewwhong/workspace/driverless/driverless_ws/src/build/controls -- -j12 -l12
[0.716s] DEBUG:colcon.colcon_core.event_handler.log_command:Invoking command in '/home/andrewwhong/workspace/driverless/driverless_ws/src/build/actuators': CMAKE_PREFIX_PATH=${CMAKE_PREFIX_PATH}:/opt/ros/foxy /usr/bin/cmake --install /home/andrewwhong/workspace/driverless/driverless_ws/src/build/actuators
[0.721s] DEBUG:colcon.colcon_core.event_handler.log_command:Invoked command in '/home/andrewwhong/workspace/driverless/driverless_ws/src/build/interfaces' returned '0': CMAKE_PREFIX_PATH=${CMAKE_PREFIX_PATH}:/opt/ros/foxy /usr/bin/cmake --build /home/andrewwhong/workspace/driverless/driverless_ws/src/build/interfaces -- -j12 -l12
[0.723s] DEBUG:colcon.colcon_core.event_handler.log_command:Invoked command in '/home/andrewwhong/workspace/driverless/driverless_ws/src/build/perceptions' returned '0': CMAKE_PREFIX_PATH=${CMAKE_PREFIX_PATH}:/opt/ros/foxy /usr/bin/cmake --build /home/andrewwhong/workspace/driverless/driverless_ws/src/build/perceptions -- -j12 -l12
[0.740s] DEBUG:colcon.colcon_core.event_handler.log_command:Invoking command in '/home/andrewwhong/workspace/driverless/driverless_ws/src/build/collection': CMAKE_PREFIX_PATH=${CMAKE_PREFIX_PATH}:/opt/ros/foxy /usr/bin/cmake --install /home/andrewwhong/workspace/driverless/driverless_ws/src/build/collection
[0.742s] DEBUG:colcon.colcon_core.event_handler.log_command:Invoking command in '/home/andrewwhong/workspace/driverless/driverless_ws/src/build/common': CMAKE_PREFIX_PATH=${CMAKE_PREFIX_PATH}:/opt/ros/foxy /usr/bin/cmake --install /home/andrewwhong/workspace/driverless/driverless_ws/src/build/common
[0.746s] DEBUG:colcon.colcon_core.event_handler.log_command:Invoking command in '/home/andrewwhong/workspace/driverless/driverless_ws/src/build/controls': CMAKE_PREFIX_PATH=${CMAKE_PREFIX_PATH}:/opt/ros/foxy /usr/bin/cmake --install /home/andrewwhong/workspace/driverless/driverless_ws/src/build/controls
[0.758s] Level 1:colcon.colcon_core.environment:create_environment_scripts_only(actuators)
[0.773s] DEBUG:colcon.colcon_core.event_handler.log_command:Invoking command in '/home/andrewwhong/workspace/driverless/driverless_ws/src/build/interfaces': CMAKE_PREFIX_PATH=${CMAKE_PREFIX_PATH}:/opt/ros/foxy /usr/bin/cmake --install /home/andrewwhong/workspace/driverless/driverless_ws/src/build/interfaces
[0.780s] Level 1:colcon.colcon_core.environment:checking '/home/andrewwhong/workspace/driverless/driverless_ws/src/install/actuators' for CMake module files
[0.782s] Level 1:colcon.colcon_core.environment:checking '/home/andrewwhong/workspace/driverless/driverless_ws/src/install/actuators' for CMake config files
[0.785s] DEBUG:colcon.colcon_core.event_handler.log_command:Invoked command in '/home/andrewwhong/workspace/driverless/driverless_ws/src/build/actuators' returned '0': CMAKE_PREFIX_PATH=${CMAKE_PREFIX_PATH}:/opt/ros/foxy /usr/bin/cmake --install /home/andrewwhong/workspace/driverless/driverless_ws/src/build/actuators
[0.786s] Level 1:colcon.colcon_core.shell:create_environment_hook('actuators', 'cmake_prefix_path')
[0.787s] INFO:colcon.colcon_core.shell:Creating environment hook '/home/andrewwhong/workspace/driverless/driverless_ws/src/install/actuators/share/actuators/hook/cmake_prefix_path.ps1'
[0.789s] INFO:colcon.colcon_core.shell:Creating environment descriptor '/home/andrewwhong/workspace/driverless/driverless_ws/src/install/actuators/share/actuators/hook/cmake_prefix_path.dsv'
[0.790s] INFO:colcon.colcon_core.shell:Creating environment hook '/home/andrewwhong/workspace/driverless/driverless_ws/src/install/actuators/share/actuators/hook/cmake_prefix_path.sh'
[0.792s] Level 1:colcon.colcon_core.environment:checking '/home/andrewwhong/workspace/driverless/driverless_ws/src/install/actuators/bin'
[0.792s] Level 1:colcon.colcon_core.environment:checking '/home/andrewwhong/workspace/driverless/driverless_ws/src/install/actuators/lib/pkgconfig/actuators.pc'
[0.792s] Level 1:colcon.colcon_core.environment:checking '/home/andrewwhong/workspace/driverless/driverless_ws/src/install/actuators/lib/python3.8/site-packages'
[0.793s] Level 1:colcon.colcon_core.environment:checking '/home/andrewwhong/workspace/driverless/driverless_ws/src/install/actuators/bin'
[0.795s] INFO:colcon.colcon_core.shell:Creating package script '/home/andrewwhong/workspace/driverless/driverless_ws/src/install/actuators/share/actuators/package.ps1'
[0.797s] INFO:colcon.colcon_core.shell:Creating package descriptor '/home/andrewwhong/workspace/driverless/driverless_ws/src/install/actuators/share/actuators/package.dsv'
[0.798s] INFO:colcon.colcon_core.shell:Creating package script '/home/andrewwhong/workspace/driverless/driverless_ws/src/install/actuators/share/actuators/package.sh'
[0.799s] INFO:colcon.colcon_core.shell:Creating package script '/home/andrewwhong/workspace/driverless/driverless_ws/src/install/actuators/share/actuators/package.bash'
[0.801s] INFO:colcon.colcon_core.shell:Creating package script '/home/andrewwhong/workspace/driverless/driverless_ws/src/install/actuators/share/actuators/package.zsh'
[0.802s] Level 1:colcon.colcon_core.environment:create_file_with_runtime_dependencies(/home/andrewwhong/workspace/driverless/driverless_ws/src/install/actuators/share/colcon-core/packages/actuators)
[0.806s] Level 1:colcon.colcon_core.environment:create_environment_scripts_only(collection)
[0.808s] Level 1:colcon.colcon_core.environment:checking '/home/andrewwhong/workspace/driverless/driverless_ws/src/install/collection' for CMake module files
[0.809s] DEBUG:colcon.colcon_core.event_handler.log_command:Invoked command in '/home/andrewwhong/workspace/driverless/driverless_ws/src/build/collection' returned '0': CMAKE_PREFIX_PATH=${CMAKE_PREFIX_PATH}:/opt/ros/foxy /usr/bin/cmake --install /home/andrewwhong/workspace/driverless/driverless_ws/src/build/collection
[0.810s] Level 1:colcon.colcon_core.environment:checking '/home/andrewwhong/workspace/driverless/driverless_ws/src/install/collection' for CMake config files
[0.810s] Level 1:colcon.colcon_core.shell:create_environment_hook('collection', 'cmake_prefix_path')
[0.811s] INFO:colcon.colcon_core.shell:Creating environment hook '/home/andrewwhong/workspace/driverless/driverless_ws/src/install/collection/share/collection/hook/cmake_prefix_path.ps1'
[0.812s] INFO:colcon.colcon_core.shell:Creating environment descriptor '/home/andrewwhong/workspace/driverless/driverless_ws/src/install/collection/share/collection/hook/cmake_prefix_path.dsv'
[0.812s] INFO:colcon.colcon_core.shell:Creating environment hook '/home/andrewwhong/workspace/driverless/driverless_ws/src/install/collection/share/collection/hook/cmake_prefix_path.sh'
[0.813s] Level 1:colcon.colcon_core.environment:checking '/home/andrewwhong/workspace/driverless/driverless_ws/src/install/collection/bin'
[0.813s] Level 1:colcon.colcon_core.environment:checking '/home/andrewwhong/workspace/driverless/driverless_ws/src/install/collection/lib/pkgconfig/collection.pc'
[0.813s] Level 1:colcon.colcon_core.environment:checking '/home/andrewwhong/workspace/driverless/driverless_ws/src/install/collection/lib/python3.8/site-packages'
[0.814s] Level 1:colcon.colcon_core.environment:checking '/home/andrewwhong/workspace/driverless/driverless_ws/src/install/collection/bin'
[0.815s] INFO:colcon.colcon_core.shell:Creating package script '/home/andrewwhong/workspace/driverless/driverless_ws/src/install/collection/share/collection/package.ps1'
[0.815s] INFO:colcon.colcon_core.shell:Creating package descriptor '/home/andrewwhong/workspace/driverless/driverless_ws/src/install/collection/share/collection/package.dsv'
[0.816s] INFO:colcon.colcon_core.shell:Creating package script '/home/andrewwhong/workspace/driverless/driverless_ws/src/install/collection/share/collection/package.sh'
[0.816s] INFO:colcon.colcon_core.shell:Creating package script '/home/andrewwhong/workspace/driverless/driverless_ws/src/install/collection/share/collection/package.bash'
[0.816s] INFO:colcon.colcon_core.shell:Creating package script '/home/andrewwhong/workspace/driverless/driverless_ws/src/install/collection/share/collection/package.zsh'
[0.817s] Level 1:colcon.colcon_core.environment:create_file_with_runtime_dependencies(/home/andrewwhong/workspace/driverless/driverless_ws/src/install/collection/share/colcon-core/packages/collection)
[0.824s] DEBUG:colcon.colcon_core.event_handler.log_command:Invoking command in '/home/andrewwhong/workspace/driverless/driverless_ws/src/build/perceptions': CMAKE_PREFIX_PATH=${CMAKE_PREFIX_PATH}:/opt/ros/foxy /usr/bin/cmake --install /home/andrewwhong/workspace/driverless/driverless_ws/src/build/perceptions
[0.824s] Level 1:colcon.colcon_core.environment:create_environment_scripts_only(common)
[0.826s] Level 1:colcon.colcon_core.environment:checking '/home/andrewwhong/workspace/driverless/driverless_ws/src/install/common' for CMake module files
[0.827s] DEBUG:colcon.colcon_core.event_handler.log_command:Invoked command in '/home/andrewwhong/workspace/driverless/driverless_ws/src/build/common' returned '0': CMAKE_PREFIX_PATH=${CMAKE_PREFIX_PATH}:/opt/ros/foxy /usr/bin/cmake --install /home/andrewwhong/workspace/driverless/driverless_ws/src/build/common
[0.829s] Level 1:colcon.colcon_core.environment:checking '/home/andrewwhong/workspace/driverless/driverless_ws/src/install/common' for CMake config files
[0.829s] Level 1:colcon.colcon_core.shell:create_environment_hook('common', 'cmake_prefix_path')
[0.831s] INFO:colcon.colcon_core.shell:Creating environment hook '/home/andrewwhong/workspace/driverless/driverless_ws/src/install/common/share/common/hook/cmake_prefix_path.ps1'
[0.831s] INFO:colcon.colcon_core.shell:Creating environment descriptor '/home/andrewwhong/workspace/driverless/driverless_ws/src/install/common/share/common/hook/cmake_prefix_path.dsv'
[0.832s] INFO:colcon.colcon_core.shell:Creating environment hook '/home/andrewwhong/workspace/driverless/driverless_ws/src/install/common/share/common/hook/cmake_prefix_path.sh'
[0.832s] Level 1:colcon.colcon_core.environment:checking '/home/andrewwhong/workspace/driverless/driverless_ws/src/install/common/bin'
[0.832s] Level 1:colcon.colcon_core.environment:checking '/home/andrewwhong/workspace/driverless/driverless_ws/src/install/common/lib/pkgconfig/common.pc'
[0.833s] Level 1:colcon.colcon_core.environment:checking '/home/andrewwhong/workspace/driverless/driverless_ws/src/install/common/lib/python3.8/site-packages'
[0.833s] Level 1:colcon.colcon_core.environment:checking '/home/andrewwhong/workspace/driverless/driverless_ws/src/install/common/bin'
[0.834s] INFO:colcon.colcon_core.shell:Creating package script '/home/andrewwhong/workspace/driverless/driverless_ws/src/install/common/share/common/package.ps1'
[0.835s] INFO:colcon.colcon_core.shell:Creating package descriptor '/home/andrewwhong/workspace/driverless/driverless_ws/src/install/common/share/common/package.dsv'
[0.835s] INFO:colcon.colcon_core.shell:Creating package script '/home/andrewwhong/workspace/driverless/driverless_ws/src/install/common/share/common/package.sh'
[0.836s] INFO:colcon.colcon_core.shell:Creating package script '/home/andrewwhong/workspace/driverless/driverless_ws/src/install/common/share/common/package.bash'
[0.836s] INFO:colcon.colcon_core.shell:Creating package script '/home/andrewwhong/workspace/driverless/driverless_ws/src/install/common/share/common/package.zsh'
[0.836s] Level 1:colcon.colcon_core.environment:create_file_with_runtime_dependencies(/home/andrewwhong/workspace/driverless/driverless_ws/src/install/common/share/colcon-core/packages/common)
[0.840s] Level 1:colcon.colcon_core.environment:create_environment_scripts_only(controls)
[0.842s] Level 1:colcon.colcon_core.environment:checking '/home/andrewwhong/workspace/driverless/driverless_ws/src/install/controls' for CMake module files
[0.845s] DEBUG:colcon.colcon_core.event_handler.log_command:Invoked command in '/home/andrewwhong/workspace/driverless/driverless_ws/src/build/controls' returned '0': CMAKE_PREFIX_PATH=${CMAKE_PREFIX_PATH}:/opt/ros/foxy /usr/bin/cmake --install /home/andrewwhong/workspace/driverless/driverless_ws/src/build/controls
[0.845s] Level 1:colcon.colcon_core.environment:checking '/home/andrewwhong/workspace/driverless/driverless_ws/src/install/controls' for CMake config files
[0.847s] Level 1:colcon.colcon_core.shell:create_environment_hook('controls', 'cmake_prefix_path')
[0.849s] INFO:colcon.colcon_core.shell:Creating environment hook '/home/andrewwhong/workspace/driverless/driverless_ws/src/install/controls/share/controls/hook/cmake_prefix_path.ps1'
[0.850s] INFO:colcon.colcon_core.shell:Creating environment descriptor '/home/andrewwhong/workspace/driverless/driverless_ws/src/install/controls/share/controls/hook/cmake_prefix_path.dsv'
[0.851s] INFO:colcon.colcon_core.shell:Creating environment hook '/home/andrewwhong/workspace/driverless/driverless_ws/src/install/controls/share/controls/hook/cmake_prefix_path.sh'
[0.853s] Level 1:colcon.colcon_core.environment:checking '/home/andrewwhong/workspace/driverless/driverless_ws/src/install/controls/bin'
[0.853s] Level 1:colcon.colcon_core.environment:checking '/home/andrewwhong/workspace/driverless/driverless_ws/src/install/controls/lib/pkgconfig/controls.pc'
[0.854s] Level 1:colcon.colcon_core.environment:checking '/home/andrewwhong/workspace/driverless/driverless_ws/src/install/controls/lib/python3.8/site-packages'
[0.854s] Level 1:colcon.colcon_core.environment:checking '/home/andrewwhong/workspace/driverless/driverless_ws/src/install/controls/bin'
[0.856s] INFO:colcon.colcon_core.shell:Creating package script '/home/andrewwhong/workspace/driverless/driverless_ws/src/install/controls/share/controls/package.ps1'
[0.856s] INFO:colcon.colcon_core.shell:Creating package descriptor '/home/andrewwhong/workspace/driverless/driverless_ws/src/install/controls/share/controls/package.dsv'
[0.857s] INFO:colcon.colcon_core.shell:Creating package script '/home/andrewwhong/workspace/driverless/driverless_ws/src/install/controls/share/controls/package.sh'
[0.858s] INFO:colcon.colcon_core.shell:Creating package script '/home/andrewwhong/workspace/driverless/driverless_ws/src/install/controls/share/controls/package.bash'
[0.858s] INFO:colcon.colcon_core.shell:Creating package script '/home/andrewwhong/workspace/driverless/driverless_ws/src/install/controls/share/controls/package.zsh'
[0.859s] Level 1:colcon.colcon_core.environment:create_file_with_runtime_dependencies(/home/andrewwhong/workspace/driverless/driverless_ws/src/install/controls/share/colcon-core/packages/controls)
[0.861s] Level 1:colcon.colcon_core.environment:create_environment_scripts_only(interfaces)
[0.864s] Level 1:colcon.colcon_core.environment:checking '/home/andrewwhong/workspace/driverless/driverless_ws/src/install/interfaces' for CMake module files
[0.864s] DEBUG:colcon.colcon_core.event_handler.log_command:Invoked command in '/home/andrewwhong/workspace/driverless/driverless_ws/src/build/interfaces' returned '0': CMAKE_PREFIX_PATH=${CMAKE_PREFIX_PATH}:/opt/ros/foxy /usr/bin/cmake --install /home/andrewwhong/workspace/driverless/driverless_ws/src/build/interfaces
[0.865s] Level 1:colcon.colcon_core.environment:checking '/home/andrewwhong/workspace/driverless/driverless_ws/src/install/interfaces' for CMake config files
[0.866s] Level 1:colcon.colcon_core.shell:create_environment_hook('interfaces', 'cmake_prefix_path')
[0.867s] INFO:colcon.colcon_core.shell:Creating environment hook '/home/andrewwhong/workspace/driverless/driverless_ws/src/install/interfaces/share/interfaces/hook/cmake_prefix_path.ps1'
[0.868s] INFO:colcon.colcon_core.shell:Creating environment descriptor '/home/andrewwhong/workspace/driverless/driverless_ws/src/install/interfaces/share/interfaces/hook/cmake_prefix_path.dsv'
[0.869s] INFO:colcon.colcon_core.shell:Creating environment hook '/home/andrewwhong/workspace/driverless/driverless_ws/src/install/interfaces/share/interfaces/hook/cmake_prefix_path.sh'
[0.869s] Level 1:colcon.colcon_core.environment:checking '/home/andrewwhong/workspace/driverless/driverless_ws/src/install/interfaces/bin'
[0.869s] Level 1:colcon.colcon_core.environment:checking '/home/andrewwhong/workspace/driverless/driverless_ws/src/install/interfaces/lib/pkgconfig/interfaces.pc'
[0.869s] Level 1:colcon.colcon_core.environment:checking '/home/andrewwhong/workspace/driverless/driverless_ws/src/install/interfaces/lib/python3.8/site-packages'
[0.870s] Level 1:colcon.colcon_core.environment:checking '/home/andrewwhong/workspace/driverless/driverless_ws/src/install/interfaces/bin'
[0.871s] INFO:colcon.colcon_core.shell:Creating package script '/home/andrewwhong/workspace/driverless/driverless_ws/src/install/interfaces/share/interfaces/package.ps1'
[0.872s] INFO:colcon.colcon_core.shell:Creating package descriptor '/home/andrewwhong/workspace/driverless/driverless_ws/src/install/interfaces/share/interfaces/package.dsv'
[0.873s] INFO:colcon.colcon_core.shell:Creating package script '/home/andrewwhong/workspace/driverless/driverless_ws/src/install/interfaces/share/interfaces/package.sh'
[0.873s] INFO:colcon.colcon_core.shell:Creating package script '/home/andrewwhong/workspace/driverless/driverless_ws/src/install/interfaces/share/interfaces/package.bash'
[0.873s] INFO:colcon.colcon_core.shell:Creating package script '/home/andrewwhong/workspace/driverless/driverless_ws/src/install/interfaces/share/interfaces/package.zsh'
[0.874s] Level 1:colcon.colcon_core.environment:create_file_with_runtime_dependencies(/home/andrewwhong/workspace/driverless/driverless_ws/src/install/interfaces/share/colcon-core/packages/interfaces)
[0.878s] Level 1:colcon.colcon_core.environment:create_environment_scripts_only(perceptions)
[0.881s] Level 1:colcon.colcon_core.environment:checking '/home/andrewwhong/workspace/driverless/driverless_ws/src/install/perceptions' for CMake module files
[0.882s] DEBUG:colcon.colcon_core.event_handler.log_command:Invoked command in '/home/andrewwhong/workspace/driverless/driverless_ws/src/build/perceptions' returned '0': CMAKE_PREFIX_PATH=${CMAKE_PREFIX_PATH}:/opt/ros/foxy /usr/bin/cmake --install /home/andrewwhong/workspace/driverless/driverless_ws/src/build/perceptions
[0.883s] Level 1:colcon.colcon_core.environment:checking '/home/andrewwhong/workspace/driverless/driverless_ws/src/install/perceptions' for CMake config files
[0.883s] Level 1:colcon.colcon_core.shell:create_environment_hook('perceptions', 'cmake_prefix_path')
[0.885s] INFO:colcon.colcon_core.shell:Creating environment hook '/home/andrewwhong/workspace/driverless/driverless_ws/src/install/perceptions/share/perceptions/hook/cmake_prefix_path.ps1'
[0.885s] INFO:colcon.colcon_core.shell:Creating environment descriptor '/home/andrewwhong/workspace/driverless/driverless_ws/src/install/perceptions/share/perceptions/hook/cmake_prefix_path.dsv'
[0.886s] INFO:colcon.colcon_core.shell:Creating environment hook '/home/andrewwhong/workspace/driverless/driverless_ws/src/install/perceptions/share/perceptions/hook/cmake_prefix_path.sh'
[0.886s] Level 1:colcon.colcon_core.environment:checking '/home/andrewwhong/workspace/driverless/driverless_ws/src/install/perceptions/bin'
[0.886s] Level 1:colcon.colcon_core.environment:checking '/home/andrewwhong/workspace/driverless/driverless_ws/src/install/perceptions/lib/pkgconfig/perceptions.pc'
[0.887s] Level 1:colcon.colcon_core.environment:checking '/home/andrewwhong/workspace/driverless/driverless_ws/src/install/perceptions/lib/python3.8/site-packages'
[0.887s] Level 1:colcon.colcon_core.environment:checking '/home/andrewwhong/workspace/driverless/driverless_ws/src/install/perceptions/bin'
[0.888s] INFO:colcon.colcon_core.shell:Creating package script '/home/andrewwhong/workspace/driverless/driverless_ws/src/install/perceptions/share/perceptions/package.ps1'
[0.889s] INFO:colcon.colcon_core.shell:Creating package descriptor '/home/andrewwhong/workspace/driverless/driverless_ws/src/install/perceptions/share/perceptions/package.dsv'
[0.889s] INFO:colcon.colcon_core.shell:Creating package script '/home/andrewwhong/workspace/driverless/driverless_ws/src/install/perceptions/share/perceptions/package.sh'
[0.890s] INFO:colcon.colcon_core.shell:Creating package script '/home/andrewwhong/workspace/driverless/driverless_ws/src/install/perceptions/share/perceptions/package.bash'
[0.890s] INFO:colcon.colcon_core.shell:Creating package script '/home/andrewwhong/workspace/driverless/driverless_ws/src/install/perceptions/share/perceptions/package.zsh'
[0.891s] Level 1:colcon.colcon_core.environment:create_file_with_runtime_dependencies(/home/andrewwhong/workspace/driverless/driverless_ws/src/install/perceptions/share/colcon-core/packages/perceptions)
[0.897s] Level 1:colcon.colcon_core.environment:create_environment_scripts_only(actuators)
[0.899s] Level 1:colcon.colcon_core.environment:checking '/home/andrewwhong/workspace/driverless/driverless_ws/src/install/actuators' for CMake module files
[0.900s] Level 1:colcon.colcon_core.environment:checking '/home/andrewwhong/workspace/driverless/driverless_ws/src/install/actuators' for CMake config files
[0.900s] Level 1:colcon.colcon_core.shell:create_environment_hook('actuators', 'cmake_prefix_path')
[0.902s] INFO:colcon.colcon_core.shell:Creating environment hook '/home/andrewwhong/workspace/driverless/driverless_ws/src/install/actuators/share/actuators/hook/cmake_prefix_path.ps1'
[0.903s] INFO:colcon.colcon_core.shell:Creating environment descriptor '/home/andrewwhong/workspace/driverless/driverless_ws/src/install/actuators/share/actuators/hook/cmake_prefix_path.dsv'
[0.903s] INFO:colcon.colcon_core.shell:Creating environment hook '/home/andrewwhong/workspace/driverless/driverless_ws/src/install/actuators/share/actuators/hook/cmake_prefix_path.sh'
[0.904s] Level 1:colcon.colcon_core.environment:checking '/home/andrewwhong/workspace/driverless/driverless_ws/src/install/actuators/bin'
[0.904s] Level 1:colcon.colcon_core.environment:checking '/home/andrewwhong/workspace/driverless/driverless_ws/src/install/actuators/lib/pkgconfig/actuators.pc'
[0.905s] Level 1:colcon.colcon_core.environment:checking '/home/andrewwhong/workspace/driverless/driverless_ws/src/install/actuators/lib/python3.8/site-packages'
[0.905s] Level 1:colcon.colcon_core.environment:checking '/home/andrewwhong/workspace/driverless/driverless_ws/src/install/actuators/bin'
[0.908s] INFO:colcon.colcon_core.shell:Creating package script '/home/andrewwhong/workspace/driverless/driverless_ws/src/install/actuators/share/actuators/package.ps1'
[0.909s] INFO:colcon.colcon_core.shell:Creating package descriptor '/home/andrewwhong/workspace/driverless/driverless_ws/src/install/actuators/share/actuators/package.dsv'
[0.909s] INFO:colcon.colcon_core.shell:Creating package script '/home/andrewwhong/workspace/driverless/driverless_ws/src/install/actuators/share/actuators/package.sh'
[0.910s] INFO:colcon.colcon_core.shell:Creating package script '/home/andrewwhong/workspace/driverless/driverless_ws/src/install/actuators/share/actuators/package.bash'
[0.911s] INFO:colcon.colcon_core.shell:Creating package script '/home/andrewwhong/workspace/driverless/driverless_ws/src/install/actuators/share/actuators/package.zsh'
[0.911s] Level 1:colcon.colcon_core.environment:create_file_with_runtime_dependencies(/home/andrewwhong/workspace/driverless/driverless_ws/src/install/actuators/share/colcon-core/packages/actuators)
[0.914s] Level 1:colcon.colcon_core.environment:create_environment_scripts_only(collection)
[0.916s] Level 1:colcon.colcon_core.environment:checking '/home/andrewwhong/workspace/driverless/driverless_ws/src/install/collection' for CMake module files
[0.918s] Level 1:colcon.colcon_core.environment:checking '/home/andrewwhong/workspace/driverless/driverless_ws/src/install/collection' for CMake config files
[0.918s] Level 1:colcon.colcon_core.shell:create_environment_hook('collection', 'cmake_prefix_path')
[0.920s] INFO:colcon.colcon_core.shell:Creating environment hook '/home/andrewwhong/workspace/driverless/driverless_ws/src/install/collection/share/collection/hook/cmake_prefix_path.ps1'
[0.920s] INFO:colcon.colcon_core.shell:Creating environment descriptor '/home/andrewwhong/workspace/driverless/driverless_ws/src/install/collection/share/collection/hook/cmake_prefix_path.dsv'
[0.920s] INFO:colcon.colcon_core.shell:Creating environment hook '/home/andrewwhong/workspace/driverless/driverless_ws/src/install/collection/share/collection/hook/cmake_prefix_path.sh'
[0.921s] Level 1:colcon.colcon_core.environment:checking '/home/andrewwhong/workspace/driverless/driverless_ws/src/install/collection/bin'
[0.921s] Level 1:colcon.colcon_core.environment:checking '/home/andrewwhong/workspace/driverless/driverless_ws/src/install/collection/lib/pkgconfig/collection.pc'
[0.921s] Level 1:colcon.colcon_core.environment:checking '/home/andrewwhong/workspace/driverless/driverless_ws/src/install/collection/lib/python3.8/site-packages'
[0.922s] Level 1:colcon.colcon_core.environment:checking '/home/andrewwhong/workspace/driverless/driverless_ws/src/install/collection/bin'
[0.924s] INFO:colcon.colcon_core.shell:Creating package script '/home/andrewwhong/workspace/driverless/driverless_ws/src/install/collection/share/collection/package.ps1'
[0.925s] INFO:colcon.colcon_core.shell:Creating package descriptor '/home/andrewwhong/workspace/driverless/driverless_ws/src/install/collection/share/collection/package.dsv'
[0.926s] INFO:colcon.colcon_core.shell:Creating package script '/home/andrewwhong/workspace/driverless/driverless_ws/src/install/collection/share/collection/package.sh'
[0.927s] INFO:colcon.colcon_core.shell:Creating package script '/home/andrewwhong/workspace/driverless/driverless_ws/src/install/collection/share/collection/package.bash'
[0.927s] INFO:colcon.colcon_core.shell:Creating package script '/home/andrewwhong/workspace/driverless/driverless_ws/src/install/collection/share/collection/package.zsh'
[0.928s] Level 1:colcon.colcon_core.environment:create_file_with_runtime_dependencies(/home/andrewwhong/workspace/driverless/driverless_ws/src/install/collection/share/colcon-core/packages/collection)
[0.933s] Level 1:colcon.colcon_core.environment:create_environment_scripts_only(common)
[0.937s] Level 1:colcon.colcon_core.environment:checking '/home/andrewwhong/workspace/driverless/driverless_ws/src/install/common' for CMake module files
[0.938s] Level 1:colcon.colcon_core.environment:checking '/home/andrewwhong/workspace/driverless/driverless_ws/src/install/common' for CMake config files
[0.938s] Level 1:colcon.colcon_core.shell:create_environment_hook('common', 'cmake_prefix_path')
[0.940s] INFO:colcon.colcon_core.shell:Creating environment hook '/home/andrewwhong/workspace/driverless/driverless_ws/src/install/common/share/common/hook/cmake_prefix_path.ps1'
[0.941s] INFO:colcon.colcon_core.shell:Creating environment descriptor '/home/andrewwhong/workspace/driverless/driverless_ws/src/install/common/share/common/hook/cmake_prefix_path.dsv'
[0.941s] INFO:colcon.colcon_core.shell:Creating environment hook '/home/andrewwhong/workspace/driverless/driverless_ws/src/install/common/share/common/hook/cmake_prefix_path.sh'
[0.942s] Level 1:colcon.colcon_core.environment:checking '/home/andrewwhong/workspace/driverless/driverless_ws/src/install/common/bin'
[0.942s] Level 1:colcon.colcon_core.environment:checking '/home/andrewwhong/workspace/driverless/driverless_ws/src/install/common/lib/pkgconfig/common.pc'
[0.942s] Level 1:colcon.colcon_core.environment:checking '/home/andrewwhong/workspace/driverless/driverless_ws/src/install/common/lib/python3.8/site-packages'
[0.942s] Level 1:colcon.colcon_core.environment:checking '/home/andrewwhong/workspace/driverless/driverless_ws/src/install/common/bin'
[0.945s] INFO:colcon.colcon_core.shell:Creating package script '/home/andrewwhong/workspace/driverless/driverless_ws/src/install/common/share/common/package.ps1'
[0.945s] INFO:colcon.colcon_core.shell:Creating package descriptor '/home/andrewwhong/workspace/driverless/driverless_ws/src/install/common/share/common/package.dsv'
[0.946s] INFO:colcon.colcon_core.shell:Creating package script '/home/andrewwhong/workspace/driverless/driverless_ws/src/install/common/share/common/package.sh'
[0.947s] INFO:colcon.colcon_core.shell:Creating package script '/home/andrewwhong/workspace/driverless/driverless_ws/src/install/common/share/common/package.bash'
[0.947s] INFO:colcon.colcon_core.shell:Creating package script '/home/andrewwhong/workspace/driverless/driverless_ws/src/install/common/share/common/package.zsh'
[0.948s] Level 1:colcon.colcon_core.environment:create_file_with_runtime_dependencies(/home/andrewwhong/workspace/driverless/driverless_ws/src/install/common/share/colcon-core/packages/common)
[0.952s] Level 1:colcon.colcon_core.environment:create_environment_scripts_only(controls)
[0.955s] Level 1:colcon.colcon_core.environment:checking '/home/andrewwhong/workspace/driverless/driverless_ws/src/install/controls' for CMake module files
[0.958s] Level 1:colcon.colcon_core.environment:checking '/home/andrewwhong/workspace/driverless/driverless_ws/src/install/controls' for CMake config files
[0.958s] Level 1:colcon.colcon_core.shell:create_environment_hook('controls', 'cmake_prefix_path')
[0.961s] INFO:colcon.colcon_core.shell:Creating environment hook '/home/andrewwhong/workspace/driverless/driverless_ws/src/install/controls/share/controls/hook/cmake_prefix_path.ps1'
[0.962s] INFO:colcon.colcon_core.shell:Creating environment descriptor '/home/andrewwhong/workspace/driverless/driverless_ws/src/install/controls/share/controls/hook/cmake_prefix_path.dsv'
[0.964s] INFO:colcon.colcon_core.shell:Creating environment hook '/home/andrewwhong/workspace/driverless/driverless_ws/src/install/controls/share/controls/hook/cmake_prefix_path.sh'
[0.966s] Level 1:colcon.colcon_core.environment:checking '/home/andrewwhong/workspace/driverless/driverless_ws/src/install/controls/bin'
[0.966s] Level 1:colcon.colcon_core.environment:checking '/home/andrewwhong/workspace/driverless/driverless_ws/src/install/controls/lib/pkgconfig/controls.pc'
[0.966s] Level 1:colcon.colcon_core.environment:checking '/home/andrewwhong/workspace/driverless/driverless_ws/src/install/controls/lib/python3.8/site-packages'
[0.966s] Level 1:colcon.colcon_core.environment:checking '/home/andrewwhong/workspace/driverless/driverless_ws/src/install/controls/bin'
[0.968s] INFO:colcon.colcon_core.shell:Creating package script '/home/andrewwhong/workspace/driverless/driverless_ws/src/install/controls/share/controls/package.ps1'
[0.968s] INFO:colcon.colcon_core.shell:Creating package descriptor '/home/andrewwhong/workspace/driverless/driverless_ws/src/install/controls/share/controls/package.dsv'
[0.969s] INFO:colcon.colcon_core.shell:Creating package script '/home/andrewwhong/workspace/driverless/driverless_ws/src/install/controls/share/controls/package.sh'
[0.969s] INFO:colcon.colcon_core.shell:Creating package script '/home/andrewwhong/workspace/driverless/driverless_ws/src/install/controls/share/controls/package.bash'
[0.970s] INFO:colcon.colcon_core.shell:Creating package script '/home/andrewwhong/workspace/driverless/driverless_ws/src/install/controls/share/controls/package.zsh'
[0.970s] Level 1:colcon.colcon_core.environment:create_file_with_runtime_dependencies(/home/andrewwhong/workspace/driverless/driverless_ws/src/install/controls/share/colcon-core/packages/controls)
[0.972s] Level 1:colcon.colcon_core.environment:create_environment_scripts_only(interfaces)
[0.975s] Level 1:colcon.colcon_core.environment:checking '/home/andrewwhong/workspace/driverless/driverless_ws/src/install/interfaces' for CMake module files
[0.977s] Level 1:colcon.colcon_core.environment:checking '/home/andrewwhong/workspace/driverless/driverless_ws/src/install/interfaces' for CMake config files
[0.977s] Level 1:colcon.colcon_core.shell:create_environment_hook('interfaces', 'cmake_prefix_path')
[0.979s] INFO:colcon.colcon_core.shell:Creating environment hook '/home/andrewwhong/workspace/driverless/driverless_ws/src/install/interfaces/share/interfaces/hook/cmake_prefix_path.ps1'
[0.979s] INFO:colcon.colcon_core.shell:Creating environment descriptor '/home/andrewwhong/workspace/driverless/driverless_ws/src/install/interfaces/share/interfaces/hook/cmake_prefix_path.dsv'
[0.979s] INFO:colcon.colcon_core.shell:Creating environment hook '/home/andrewwhong/workspace/driverless/driverless_ws/src/install/interfaces/share/interfaces/hook/cmake_prefix_path.sh'
[0.980s] Level 1:colcon.colcon_core.environment:checking '/home/andrewwhong/workspace/driverless/driverless_ws/src/install/interfaces/bin'
[0.981s] Level 1:colcon.colcon_core.environment:checking '/home/andrewwhong/workspace/driverless/driverless_ws/src/install/interfaces/lib/pkgconfig/interfaces.pc'
[0.981s] Level 1:colcon.colcon_core.environment:checking '/home/andrewwhong/workspace/driverless/driverless_ws/src/install/interfaces/lib/python3.8/site-packages'
[0.981s] Level 1:colcon.colcon_core.environment:checking '/home/andrewwhong/workspace/driverless/driverless_ws/src/install/interfaces/bin'
[0.983s] INFO:colcon.colcon_core.shell:Creating package script '/home/andrewwhong/workspace/driverless/driverless_ws/src/install/interfaces/share/interfaces/package.ps1'
[0.983s] INFO:colcon.colcon_core.shell:Creating package descriptor '/home/andrewwhong/workspace/driverless/driverless_ws/src/install/interfaces/share/interfaces/package.dsv'
[0.984s] INFO:colcon.colcon_core.shell:Creating package script '/home/andrewwhong/workspace/driverless/driverless_ws/src/install/interfaces/share/interfaces/package.sh'
[0.984s] INFO:colcon.colcon_core.shell:Creating package script '/home/andrewwhong/workspace/driverless/driverless_ws/src/install/interfaces/share/interfaces/package.bash'
[0.984s] INFO:colcon.colcon_core.shell:Creating package script '/home/andrewwhong/workspace/driverless/driverless_ws/src/install/interfaces/share/interfaces/package.zsh'
[0.985s] Level 1:colcon.colcon_core.environment:create_file_with_runtime_dependencies(/home/andrewwhong/workspace/driverless/driverless_ws/src/install/interfaces/share/colcon-core/packages/interfaces)
[0.987s] Level 1:colcon.colcon_core.environment:create_environment_scripts_only(perceptions)
[0.989s] Level 1:colcon.colcon_core.environment:checking '/home/andrewwhong/workspace/driverless/driverless_ws/src/install/perceptions' for CMake module files
[0.990s] Level 1:colcon.colcon_core.environment:checking '/home/andrewwhong/workspace/driverless/driverless_ws/src/install/perceptions' for CMake config files
[0.990s] Level 1:colcon.colcon_core.shell:create_environment_hook('perceptions', 'cmake_prefix_path')
[0.992s] INFO:colcon.colcon_core.shell:Creating environment hook '/home/andrewwhong/workspace/driverless/driverless_ws/src/install/perceptions/share/perceptions/hook/cmake_prefix_path.ps1'
[0.992s] INFO:colcon.colcon_core.shell:Creating environment descriptor '/home/andrewwhong/workspace/driverless/driverless_ws/src/install/perceptions/share/perceptions/hook/cmake_prefix_path.dsv'
[0.993s] INFO:colcon.colcon_core.shell:Creating environment hook '/home/andrewwhong/workspace/driverless/driverless_ws/src/install/perceptions/share/perceptions/hook/cmake_prefix_path.sh'
[0.993s] Level 1:colcon.colcon_core.environment:checking '/home/andrewwhong/workspace/driverless/driverless_ws/src/install/perceptions/bin'
[0.993s] Level 1:colcon.colcon_core.environment:checking '/home/andrewwhong/workspace/driverless/driverless_ws/src/install/perceptions/lib/pkgconfig/perceptions.pc'
[0.993s] Level 1:colcon.colcon_core.environment:checking '/home/andrewwhong/workspace/driverless/driverless_ws/src/install/perceptions/lib/python3.8/site-packages'
[0.994s] Level 1:colcon.colcon_core.environment:checking '/home/andrewwhong/workspace/driverless/driverless_ws/src/install/perceptions/bin'
[0.995s] INFO:colcon.colcon_core.shell:Creating package script '/home/andrewwhong/workspace/driverless/driverless_ws/src/install/perceptions/share/perceptions/package.ps1'
[0.996s] INFO:colcon.colcon_core.shell:Creating package descriptor '/home/andrewwhong/workspace/driverless/driverless_ws/src/install/perceptions/share/perceptions/package.dsv'
[0.996s] INFO:colcon.colcon_core.shell:Creating package script '/home/andrewwhong/workspace/driverless/driverless_ws/src/install/perceptions/share/perceptions/package.sh'
[0.997s] INFO:colcon.colcon_core.shell:Creating package script '/home/andrewwhong/workspace/driverless/driverless_ws/src/install/perceptions/share/perceptions/package.bash'
[0.997s] INFO:colcon.colcon_core.shell:Creating package script '/home/andrewwhong/workspace/driverless/driverless_ws/src/install/perceptions/share/perceptions/package.zsh'
[0.998s] Level 1:colcon.colcon_core.environment:create_file_with_runtime_dependencies(/home/andrewwhong/workspace/driverless/driverless_ws/src/install/perceptions/share/colcon-core/packages/perceptions)
[1.002s] DEBUG:colcon.colcon_core.event_handler.log_command:Invoked command in '/home/andrewwhong/workspace/driverless/driverless_ws/src/build/eufs_msgs' returned '0': CMAKE_PREFIX_PATH=${CMAKE_PREFIX_PATH}:/opt/ros/foxy /usr/bin/cmake --build /home/andrewwhong/workspace/driverless/driverless_ws/src/build/eufs_msgs -- -j12 -l12
[1.500s] DEBUG:colcon.colcon_core.event_handler.log_command:Invoking command in '/home/andrewwhong/workspace/driverless/driverless_ws/src/build/eufs_msgs': CMAKE_PREFIX_PATH=${CMAKE_PREFIX_PATH}:/opt/ros/foxy /usr/bin/cmake --install /home/andrewwhong/workspace/driverless/driverless_ws/src/build/eufs_msgs
[1.594s] Level 1:colcon.colcon_core.environment:create_environment_scripts_only(eufs_msgs)
[1.596s] Level 1:colcon.colcon_core.environment:checking '/home/andrewwhong/workspace/driverless/driverless_ws/src/install/eufs_msgs' for CMake module files
[1.599s] Level 1:colcon.colcon_core.environment:checking '/home/andrewwhong/workspace/driverless/driverless_ws/src/install/eufs_msgs' for CMake config files
[1.614s] Level 1:colcon.colcon_core.shell:create_environment_hook('eufs_msgs', 'cmake_prefix_path')
[1.616s] INFO:colcon.colcon_core.shell:Creating environment hook '/home/andrewwhong/workspace/driverless/driverless_ws/src/install/eufs_msgs/share/eufs_msgs/hook/cmake_prefix_path.ps1'
[1.617s] INFO:colcon.colcon_core.shell:Creating environment descriptor '/home/andrewwhong/workspace/driverless/driverless_ws/src/install/eufs_msgs/share/eufs_msgs/hook/cmake_prefix_path.dsv'
[1.618s] INFO:colcon.colcon_core.shell:Creating environment hook '/home/andrewwhong/workspace/driverless/driverless_ws/src/install/eufs_msgs/share/eufs_msgs/hook/cmake_prefix_path.sh'
[1.619s] Level 1:colcon.colcon_core.environment:checking '/home/andrewwhong/workspace/driverless/driverless_ws/src/install/eufs_msgs/lib'
[1.620s] Level 1:colcon.colcon_core.shell:create_environment_hook('eufs_msgs', 'ld_library_path_lib')
[1.621s] INFO:colcon.colcon_core.shell:Creating environment hook '/home/andrewwhong/workspace/driverless/driverless_ws/src/install/eufs_msgs/share/eufs_msgs/hook/ld_library_path_lib.ps1'
[1.622s] INFO:colcon.colcon_core.shell:Creating environment descriptor '/home/andrewwhong/workspace/driverless/driverless_ws/src/install/eufs_msgs/share/eufs_msgs/hook/ld_library_path_lib.dsv'
[1.623s] INFO:colcon.colcon_core.shell:Creating environment hook '/home/andrewwhong/workspace/driverless/driverless_ws/src/install/eufs_msgs/share/eufs_msgs/hook/ld_library_path_lib.sh'
[1.624s] Level 1:colcon.colcon_core.environment:checking '/home/andrewwhong/workspace/driverless/driverless_ws/src/install/eufs_msgs/bin'
[1.624s] Level 1:colcon.colcon_core.environment:checking '/home/andrewwhong/workspace/driverless/driverless_ws/src/install/eufs_msgs/lib/pkgconfig/eufs_msgs.pc'
[1.625s] Level 1:colcon.colcon_core.environment:checking '/home/andrewwhong/workspace/driverless/driverless_ws/src/install/eufs_msgs/lib/python3.8/site-packages'
[1.625s] Level 1:colcon.colcon_core.shell:create_environment_hook('eufs_msgs', 'pythonpath')
[1.627s] INFO:colcon.colcon_core.shell:Creating environment hook '/home/andrewwhong/workspace/driverless/driverless_ws/src/install/eufs_msgs/share/eufs_msgs/hook/pythonpath.ps1'
[1.627s] INFO:colcon.colcon_core.shell:Creating environment descriptor '/home/andrewwhong/workspace/driverless/driverless_ws/src/install/eufs_msgs/share/eufs_msgs/hook/pythonpath.dsv'
[1.629s] INFO:colcon.colcon_core.shell:Creating environment hook '/home/andrewwhong/workspace/driverless/driverless_ws/src/install/eufs_msgs/share/eufs_msgs/hook/pythonpath.sh'
[1.630s] Level 1:colcon.colcon_core.environment:checking '/home/andrewwhong/workspace/driverless/driverless_ws/src/install/eufs_msgs/bin'
[1.632s] INFO:colcon.colcon_core.shell:Creating package script '/home/andrewwhong/workspace/driverless/driverless_ws/src/install/eufs_msgs/share/eufs_msgs/package.ps1'
[1.634s] INFO:colcon.colcon_core.shell:Creating package descriptor '/home/andrewwhong/workspace/driverless/driverless_ws/src/install/eufs_msgs/share/eufs_msgs/package.dsv'
[1.636s] INFO:colcon.colcon_core.shell:Creating package script '/home/andrewwhong/workspace/driverless/driverless_ws/src/install/eufs_msgs/share/eufs_msgs/package.sh'
[1.638s] INFO:colcon.colcon_core.shell:Creating package script '/home/andrewwhong/workspace/driverless/driverless_ws/src/install/eufs_msgs/share/eufs_msgs/package.bash'
[1.639s] INFO:colcon.colcon_core.shell:Creating package script '/home/andrewwhong/workspace/driverless/driverless_ws/src/install/eufs_msgs/share/eufs_msgs/package.zsh'
[1.640s] Level 1:colcon.colcon_core.environment:create_file_with_runtime_dependencies(/home/andrewwhong/workspace/driverless/driverless_ws/src/install/eufs_msgs/share/colcon-core/packages/eufs_msgs)
[1.656s] DEBUG:colcon.colcon_core.event_handler.log_command:Invoked command in '/home/andrewwhong/workspace/driverless/driverless_ws/src/build/eufs_msgs' returned '0': CMAKE_PREFIX_PATH=${CMAKE_PREFIX_PATH}:/opt/ros/foxy /usr/bin/cmake --install /home/andrewwhong/workspace/driverless/driverless_ws/src/build/eufs_msgs
[2.153s] Level 1:colcon.colcon_core.environment:create_environment_scripts_only(eufs_msgs)
[2.154s] Level 1:colcon.colcon_core.environment:checking '/home/andrewwhong/workspace/driverless/driverless_ws/src/install/eufs_msgs' for CMake module files
[2.155s] Level 1:colcon.colcon_core.environment:checking '/home/andrewwhong/workspace/driverless/driverless_ws/src/install/eufs_msgs' for CMake config files
[2.156s] Level 1:colcon.colcon_core.shell:create_environment_hook('eufs_msgs', 'cmake_prefix_path')
[2.157s] INFO:colcon.colcon_core.shell:Creating environment hook '/home/andrewwhong/workspace/driverless/driverless_ws/src/install/eufs_msgs/share/eufs_msgs/hook/cmake_prefix_path.ps1'
[2.158s] INFO:colcon.colcon_core.shell:Creating environment descriptor '/home/andrewwhong/workspace/driverless/driverless_ws/src/install/eufs_msgs/share/eufs_msgs/hook/cmake_prefix_path.dsv'
[2.158s] INFO:colcon.colcon_core.shell:Creating environment hook '/home/andrewwhong/workspace/driverless/driverless_ws/src/install/eufs_msgs/share/eufs_msgs/hook/cmake_prefix_path.sh'
[2.158s] Level 1:colcon.colcon_core.environment:checking '/home/andrewwhong/workspace/driverless/driverless_ws/src/install/eufs_msgs/lib'
[2.158s] Level 1:colcon.colcon_core.shell:create_environment_hook('eufs_msgs', 'ld_library_path_lib')
[2.160s] INFO:colcon.colcon_core.shell:Creating environment hook '/home/andrewwhong/workspace/driverless/driverless_ws/src/install/eufs_msgs/share/eufs_msgs/hook/ld_library_path_lib.ps1'
[2.160s] INFO:colcon.colcon_core.shell:Creating environment descriptor '/home/andrewwhong/workspace/driverless/driverless_ws/src/install/eufs_msgs/share/eufs_msgs/hook/ld_library_path_lib.dsv'
[2.160s] INFO:colcon.colcon_core.shell:Creating environment hook '/home/andrewwhong/workspace/driverless/driverless_ws/src/install/eufs_msgs/share/eufs_msgs/hook/ld_library_path_lib.sh'
[2.160s] Level 1:colcon.colcon_core.environment:checking '/home/andrewwhong/workspace/driverless/driverless_ws/src/install/eufs_msgs/bin'
[2.161s] Level 1:colcon.colcon_core.environment:checking '/home/andrewwhong/workspace/driverless/driverless_ws/src/install/eufs_msgs/lib/pkgconfig/eufs_msgs.pc'
[2.161s] Level 1:colcon.colcon_core.environment:checking '/home/andrewwhong/workspace/driverless/driverless_ws/src/install/eufs_msgs/lib/python3.8/site-packages'
[2.161s] Level 1:colcon.colcon_core.shell:create_environment_hook('eufs_msgs', 'pythonpath')
[2.162s] INFO:colcon.colcon_core.shell:Creating environment hook '/home/andrewwhong/workspace/driverless/driverless_ws/src/install/eufs_msgs/share/eufs_msgs/hook/pythonpath.ps1'
[2.162s] INFO:colcon.colcon_core.shell:Creating environment descriptor '/home/andrewwhong/workspace/driverless/driverless_ws/src/install/eufs_msgs/share/eufs_msgs/hook/pythonpath.dsv'
[2.162s] INFO:colcon.colcon_core.shell:Creating environment hook '/home/andrewwhong/workspace/driverless/driverless_ws/src/install/eufs_msgs/share/eufs_msgs/hook/pythonpath.sh'
[2.163s] Level 1:colcon.colcon_core.environment:checking '/home/andrewwhong/workspace/driverless/driverless_ws/src/install/eufs_msgs/bin'
[2.164s] INFO:colcon.colcon_core.shell:Creating package script '/home/andrewwhong/workspace/driverless/driverless_ws/src/install/eufs_msgs/share/eufs_msgs/package.ps1'
[2.165s] INFO:colcon.colcon_core.shell:Creating package descriptor '/home/andrewwhong/workspace/driverless/driverless_ws/src/install/eufs_msgs/share/eufs_msgs/package.dsv'
[2.165s] INFO:colcon.colcon_core.shell:Creating package script '/home/andrewwhong/workspace/driverless/driverless_ws/src/install/eufs_msgs/share/eufs_msgs/package.sh'
[2.165s] INFO:colcon.colcon_core.shell:Creating package script '/home/andrewwhong/workspace/driverless/driverless_ws/src/install/eufs_msgs/share/eufs_msgs/package.bash'
[2.166s] INFO:colcon.colcon_core.shell:Creating package script '/home/andrewwhong/workspace/driverless/driverless_ws/src/install/eufs_msgs/share/eufs_msgs/package.zsh'
[2.166s] Level 1:colcon.colcon_core.environment:create_file_with_runtime_dependencies(/home/andrewwhong/workspace/driverless/driverless_ws/src/install/eufs_msgs/share/colcon-core/packages/eufs_msgs)
[2.166s] INFO:colcon.colcon_ros.task.ament_cmake.build:Building ROS package in '/home/andrewwhong/workspace/driverless/driverless_ws/src/planning' with build type 'ament_cmake'
[2.167s] INFO:colcon.colcon_cmake.task.cmake.build:Building CMake package in '/home/andrewwhong/workspace/driverless/driverless_ws/src/planning'
[2.168s] INFO:colcon.colcon_core.shell:Skip shell extension 'powershell' for command environment: Not usable outside of PowerShell
[2.168s] DEBUG:colcon.colcon_core.shell:Skip shell extension 'dsv' for command environment
[2.341s] DEBUG:colcon.colcon_core.event_handler.log_command:Invoking command in '/home/andrewwhong/workspace/driverless/driverless_ws/src/build/planning': AMENT_PREFIX_PATH=/home/andrewwhong/workspace/driverless/driverless_ws/src/install/eufs_msgs:${AMENT_PREFIX_PATH} CMAKE_PREFIX_PATH=/home/andrewwhong/workspace/driverless/driverless_ws/src/install/eufs_msgs:/home/andrewwhong/workspace/driverless/driverless_ws/install/perceptions:/home/andrewwhong/workspace/driverless/driverless_ws/install/interfaces:/home/andrewwhong/workspace/driverless/driverless_ws/install/eufs_msgs:/home/andrewwhong/workspace/driverless/driverless_ws/install/controls:/home/andrewwhong/workspace/driverless/driverless_ws/install/common:/home/andrewwhong/workspace/driverless/driverless_ws/install/collection:/home/andrewwhong/workspace/driverless/driverless_ws/install/actuators:/opt/ros/foxy LD_LIBRARY_PATH=/home/andrewwhong/workspace/driverless/driverless_ws/src/install/eufs_msgs/lib:${LD_LIBRARY_PATH} PYTHONPATH=/home/andrewwhong/workspace/driverless/driverless_ws/src/install/eufs_msgs/lib/python3.8/site-packages:${PYTHONPATH} /usr/bin/cmake --build /home/andrewwhong/workspace/driverless/driverless_ws/src/build/planning -- -j12 -l12
[6.129s] DEBUG:colcon.colcon_core.event_handler.log_command:Invoked command in '/home/andrewwhong/workspace/driverless/driverless_ws/src/build/planning' returned '2': AMENT_PREFIX_PATH=/home/andrewwhong/workspace/driverless/driverless_ws/src/install/eufs_msgs:${AMENT_PREFIX_PATH} CMAKE_PREFIX_PATH=/home/andrewwhong/workspace/driverless/driverless_ws/src/install/eufs_msgs:/home/andrewwhong/workspace/driverless/driverless_ws/install/perceptions:/home/andrewwhong/workspace/driverless/driverless_ws/install/interfaces:/home/andrewwhong/workspace/driverless/driverless_ws/install/eufs_msgs:/home/andrewwhong/workspace/driverless/driverless_ws/install/controls:/home/andrewwhong/workspace/driverless/driverless_ws/install/common:/home/andrewwhong/workspace/driverless/driverless_ws/install/collection:/home/andrewwhong/workspace/driverless/driverless_ws/install/actuators:/opt/ros/foxy LD_LIBRARY_PATH=/home/andrewwhong/workspace/driverless/driverless_ws/src/install/eufs_msgs/lib:${LD_LIBRARY_PATH} PYTHONPATH=/home/andrewwhong/workspace/driverless/driverless_ws/src/install/eufs_msgs/lib/python3.8/site-packages:${PYTHONPATH} /usr/bin/cmake --build /home/andrewwhong/workspace/driverless/driverless_ws/src/build/planning -- -j12 -l12
[6.146s] Level 1:colcon.colcon_core.environment:create_environment_scripts_only(planning)
[6.148s] Level 1:colcon.colcon_core.environment:checking '/home/andrewwhong/workspace/driverless/driverless_ws/src/install/planning' for CMake module files
[6.148s] Level 1:colcon.colcon_core.environment:checking '/home/andrewwhong/workspace/driverless/driverless_ws/src/install/planning' for CMake config files
[6.148s] Level 1:colcon.colcon_core.environment:checking '/home/andrewwhong/workspace/driverless/driverless_ws/src/install/planning/bin'
[6.148s] Level 1:colcon.colcon_core.environment:checking '/home/andrewwhong/workspace/driverless/driverless_ws/src/install/planning/lib/pkgconfig/planning.pc'
[6.149s] Level 1:colcon.colcon_core.environment:checking '/home/andrewwhong/workspace/driverless/driverless_ws/src/install/planning/lib/python3.8/site-packages'
[6.149s] Level 1:colcon.colcon_core.environment:checking '/home/andrewwhong/workspace/driverless/driverless_ws/src/install/planning/bin'
[6.150s] INFO:colcon.colcon_core.shell:Creating package script '/home/andrewwhong/workspace/driverless/driverless_ws/src/install/planning/share/planning/package.ps1'
[6.150s] INFO:colcon.colcon_core.shell:Creating package descriptor '/home/andrewwhong/workspace/driverless/driverless_ws/src/install/planning/share/planning/package.dsv'
[6.151s] INFO:colcon.colcon_core.shell:Creating package script '/home/andrewwhong/workspace/driverless/driverless_ws/src/install/planning/share/planning/package.sh'
[6.151s] INFO:colcon.colcon_core.shell:Creating package script '/home/andrewwhong/workspace/driverless/driverless_ws/src/install/planning/share/planning/package.bash'
[6.151s] INFO:colcon.colcon_core.shell:Creating package script '/home/andrewwhong/workspace/driverless/driverless_ws/src/install/planning/share/planning/package.zsh'
[6.152s] Level 1:colcon.colcon_core.environment:create_file_with_runtime_dependencies(/home/andrewwhong/workspace/driverless/driverless_ws/src/install/planning/share/colcon-core/packages/planning)
[6.162s] DEBUG:colcon.colcon_parallel_executor.executor.parallel:closing loop
[6.162s] DEBUG:colcon.colcon_parallel_executor.executor.parallel:loop closed
[6.163s] DEBUG:colcon.colcon_parallel_executor.executor.parallel:run_until_complete finished with '2'
[6.163s] DEBUG:colcon.colcon_core.event_reactor:joining thread
[6.234s] INFO:colcon.colcon_core.plugin_system:Skipping extension 'colcon_notification.desktop_notification.notify_send': Could not find 'notify-send'
[6.234s] INFO:colcon.colcon_core.plugin_system:Skipping extension 'colcon_notification.desktop_notification.terminal_notifier': Not used on non-Darwin systems
[6.234s] INFO:colcon.colcon_core.plugin_system:Skipping extension 'colcon_notification.desktop_notification.win32': Not used on non-Windows systems
[6.234s] INFO:colcon.colcon_notification.desktop_notification:Sending desktop notification using 'notify2'
[21.496s] DEBUG:colcon.colcon_notification.desktop_notification.notify2:Failed to initialize notify2: org.freedesktop.DBus.Error.Spawn.ExecFailed: /usr/bin/dbus-launch terminated abnormally without any error message
