[0.054s] Invoking command in '/driverless/driverless_ws/build/controls': CMAKE_PREFIX_PATH=/opt/ros/foxy /usr/bin/cmake --build /driverless/driverless_ws/build/controls -- -j8 -l8
[0.101s] Invoked command in '/driverless/driverless_ws/build/controls' returned '0': CMAKE_PREFIX_PATH=/opt/ros/foxy /usr/bin/cmake --build /driverless/driverless_ws/build/controls -- -j8 -l8
[0.144s] Invoking command in '/driverless/driverless_ws/build/controls': CMAKE_PREFIX_PATH=/opt/ros/foxy /usr/bin/cmake --install /driverless/driverless_ws/build/controls
[0.153s] -- Install configuration: ""
[0.154s] -- Execute custom install script
[0.154s] -- Up-to-date symlink: /driverless/driverless_ws/install/controls/share/ament_index/resource_index/package_run_dependencies/controls
[0.154s] -- Up-to-date symlink: /driverless/driverless_ws/install/controls/share/ament_index/resource_index/parent_prefix_path/controls
[0.155s] -- Up-to-date symlink: /driverless/driverless_ws/install/controls/share/controls/environment/ament_prefix_path.sh
[0.159s] -- Up-to-date symlink: /driverless/driverless_ws/install/controls/share/controls/environment/ament_prefix_path.dsv
[0.159s] -- Up-to-date symlink: /driverless/driverless_ws/install/controls/share/controls/environment/path.sh
[0.159s] -- Up-to-date symlink: /driverless/driverless_ws/install/controls/share/controls/environment/path.dsv
[0.159s] -- Up-to-date symlink: /driverless/driverless_ws/install/controls/share/controls/local_setup.bash
[0.159s] -- Up-to-date symlink: /driverless/driverless_ws/install/controls/share/controls/local_setup.sh
[0.159s] -- Up-to-date symlink: /driverless/driverless_ws/install/controls/share/controls/local_setup.zsh
[0.160s] -- Up-to-date symlink: /driverless/driverless_ws/install/controls/share/controls/local_setup.dsv
[0.160s] -- Symlinking: /driverless/driverless_ws/install/controls/share/controls/package.dsv
[0.170s] -- Up-to-date symlink: /driverless/driverless_ws/install/controls/share/ament_index/resource_index/packages/controls
[0.170s] -- Up-to-date symlink: /driverless/driverless_ws/install/controls/share/controls/cmake/controlsConfig.cmake
[0.170s] -- Up-to-date symlink: /driverless/driverless_ws/install/controls/share/controls/cmake/controlsConfig-version.cmake
[0.175s] -- Up-to-date symlink: /driverless/driverless_ws/install/controls/share/controls/package.xml
[0.258s] Invoked command in '/driverless/driverless_ws/build/controls' returned '0': CMAKE_PREFIX_PATH=/opt/ros/foxy /usr/bin/cmake --install /driverless/driverless_ws/build/controls
