[0.050s] Invoking command in '/driverless/driverless_ws/build/perceptions': CMAKE_PREFIX_PATH=/opt/ros/foxy /usr/bin/cmake --build /driverless/driverless_ws/build/perceptions -- -j8 -l8
[0.113s] Invoked command in '/driverless/driverless_ws/build/perceptions' returned '0': CMAKE_PREFIX_PATH=/opt/ros/foxy /usr/bin/cmake --build /driverless/driverless_ws/build/perceptions -- -j8 -l8
[0.184s] Invoking command in '/driverless/driverless_ws/build/perceptions': CMAKE_PREFIX_PATH=/opt/ros/foxy /usr/bin/cmake --install /driverless/driverless_ws/build/perceptions
[0.198s] -- Install configuration: ""
[0.199s] -- Execute custom install script
[0.200s] -- Up-to-date symlink: /driverless/driverless_ws/install/perceptions/share/ament_index/resource_index/package_run_dependencies/perceptions
[0.200s] -- Up-to-date symlink: /driverless/driverless_ws/install/perceptions/share/ament_index/resource_index/parent_prefix_path/perceptions
[0.203s] -- Up-to-date symlink: /driverless/driverless_ws/install/perceptions/share/perceptions/environment/ament_prefix_path.sh
[0.203s] -- Up-to-date symlink: /driverless/driverless_ws/install/perceptions/share/perceptions/environment/ament_prefix_path.dsv
[0.203s] -- Up-to-date symlink: /driverless/driverless_ws/install/perceptions/share/perceptions/environment/path.sh
[0.204s] -- Up-to-date symlink: /driverless/driverless_ws/install/perceptions/share/perceptions/environment/path.dsv
[0.204s] -- Up-to-date symlink: /driverless/driverless_ws/install/perceptions/share/perceptions/local_setup.bash
[0.204s] -- Up-to-date symlink: /driverless/driverless_ws/install/perceptions/share/perceptions/local_setup.sh
[0.204s] -- Up-to-date symlink: /driverless/driverless_ws/install/perceptions/share/perceptions/local_setup.zsh
[0.204s] -- Up-to-date symlink: /driverless/driverless_ws/install/perceptions/share/perceptions/local_setup.dsv
[0.204s] -- Symlinking: /driverless/driverless_ws/install/perceptions/share/perceptions/package.dsv
[0.217s] -- Up-to-date symlink: /driverless/driverless_ws/install/perceptions/share/ament_index/resource_index/packages/perceptions
[0.217s] -- Up-to-date symlink: /driverless/driverless_ws/install/perceptions/share/perceptions/cmake/perceptionsConfig.cmake
[0.217s] -- Up-to-date symlink: /driverless/driverless_ws/install/perceptions/share/perceptions/cmake/perceptionsConfig-version.cmake
[0.217s] -- Up-to-date symlink: /driverless/driverless_ws/install/perceptions/share/perceptions/package.xml
[0.380s] Invoked command in '/driverless/driverless_ws/build/perceptions' returned '0': CMAKE_PREFIX_PATH=/opt/ros/foxy /usr/bin/cmake --install /driverless/driverless_ws/build/perceptions
