[0.215s] DEBUG:colcon:Command line arguments: ['/usr/bin/colcon', 'build']
[0.215s] DEBUG:colcon:Parsed command line arguments: Namespace(log_base=None, log_level=None, verb_name='build', build_base='build', install_base='install', merge_install=False, symlink_install=False, test_result_base=None, continue_on_error=False, executor='parallel', parallel_workers=8, event_handlers=None, ignore_user_meta=False, metas=['./colcon.meta'], base_paths=['.'], packages_ignore=None, packages_ignore_regex=None, paths=None, packages_up_to=None, packages_up_to_regex=None, packages_above=None, packages_above_and_dependencies=None, packages_above_depth=None, packages_select_by_dep=None, packages_skip_by_dep=None, packages_skip_up_to=None, packages_select_build_failed=False, packages_skip_build_finished=False, packages_select_test_failures=False, packages_skip_test_passed=False, packages_select=None, packages_skip=None, packages_select_regex=None, packages_skip_regex=None, packages_start=None, packages_end=None, cmake_args=None, cmake_target=None, cmake_target_skip_unavailable=False, cmake_clean_cache=False, cmake_clean_first=False, cmake_force_configure=False, ament_cmake_args=None, catkin_cmake_args=None, catkin_skip_building_tests=False, verb_parser=<colcon_defaults.argument_parser.defaults.DefaultArgumentsDecorator object at 0x7f0742994a90>, verb_extension=<colcon_core.verb.build.BuildVerb object at 0x7f07429005d0>, main=<bound method BuildVerb.main of <colcon_core.verb.build.BuildVerb object at 0x7f07429005d0>>)
[0.245s] Level 1:colcon.colcon_core.package_discovery:discover_packages(colcon_meta) check parameters
[0.245s] Level 1:colcon.colcon_core.package_discovery:discover_packages(recursive) check parameters
[0.245s] Level 1:colcon.colcon_core.package_discovery:discover_packages(ignore) check parameters
[0.245s] Level 1:colcon.colcon_core.package_discovery:discover_packages(path) check parameters
[0.245s] Level 1:colcon.colcon_core.package_discovery:discover_packages(colcon_meta) discover
[0.245s] Level 1:colcon.colcon_core.package_discovery:discover_packages(recursive) discover
[0.245s] INFO:colcon.colcon_core.package_discovery:Crawling recursively for packages in '/home/ishin/Documents/cmr/driverless_py/driverless/driverless_ws'
[0.245s] Level 1:colcon.colcon_core.package_identification:_identify(.) by extensions ['ignore', 'ignore_ament_install']
[0.245s] Level 1:colcon.colcon_core.package_identification:_identify(.) by extension 'ignore'
[0.245s] Level 1:colcon.colcon_core.package_identification:_identify(.) by extension 'ignore_ament_install'
[0.245s] Level 1:colcon.colcon_core.package_identification:_identify(.) by extensions ['colcon_pkg']
[0.245s] Level 1:colcon.colcon_core.package_identification:_identify(.) by extension 'colcon_pkg'
[0.245s] Level 1:colcon.colcon_core.package_identification:_identify(.) by extensions ['colcon_meta']
[0.245s] Level 1:colcon.colcon_core.package_identification:_identify(.) by extension 'colcon_meta'
[0.245s] Level 1:colcon.colcon_core.package_identification:_identify(.) by extensions ['ros']
[0.245s] Level 1:colcon.colcon_core.package_identification:_identify(.) by extension 'ros'
[0.263s] Level 1:colcon.colcon_core.package_identification:_identify(.) by extensions ['cmake', 'python']
[0.263s] Level 1:colcon.colcon_core.package_identification:_identify(.) by extension 'cmake'
[0.263s] Level 1:colcon.colcon_core.package_identification:_identify(.) by extension 'python'
[0.263s] Level 1:colcon.colcon_core.package_identification:_identify(.) by extensions ['python_setup_py']
[0.263s] Level 1:colcon.colcon_core.package_identification:_identify(.) by extension 'python_setup_py'
[0.263s] Level 1:colcon.colcon_core.package_identification:_identify(build) by extensions ['ignore', 'ignore_ament_install']
[0.264s] Level 1:colcon.colcon_core.package_identification:_identify(build) by extension 'ignore'
[0.264s] Level 1:colcon.colcon_core.package_identification:_identify(build) ignored
[0.264s] Level 1:colcon.colcon_core.package_identification:_identify(install) by extensions ['ignore', 'ignore_ament_install']
[0.264s] Level 1:colcon.colcon_core.package_identification:_identify(install) by extension 'ignore'
[0.264s] Level 1:colcon.colcon_core.package_identification:_identify(install) ignored
[0.264s] Level 1:colcon.colcon_core.package_identification:_identify(log) by extensions ['ignore', 'ignore_ament_install']
[0.264s] Level 1:colcon.colcon_core.package_identification:_identify(log) by extension 'ignore'
[0.264s] Level 1:colcon.colcon_core.package_identification:_identify(log) ignored
[0.264s] Level 1:colcon.colcon_core.package_identification:_identify(src) by extensions ['ignore', 'ignore_ament_install']
[0.264s] Level 1:colcon.colcon_core.package_identification:_identify(src) by extension 'ignore'
[0.264s] Level 1:colcon.colcon_core.package_identification:_identify(src) by extension 'ignore_ament_install'
[0.264s] Level 1:colcon.colcon_core.package_identification:_identify(src) by extensions ['colcon_pkg']
[0.264s] Level 1:colcon.colcon_core.package_identification:_identify(src) by extension 'colcon_pkg'
[0.264s] Level 1:colcon.colcon_core.package_identification:_identify(src) by extensions ['colcon_meta']
[0.264s] Level 1:colcon.colcon_core.package_identification:_identify(src) by extension 'colcon_meta'
[0.264s] Level 1:colcon.colcon_core.package_identification:_identify(src) by extensions ['ros']
[0.264s] Level 1:colcon.colcon_core.package_identification:_identify(src) by extension 'ros'
[0.264s] Level 1:colcon.colcon_core.package_identification:_identify(src) by extensions ['cmake', 'python']
[0.264s] Level 1:colcon.colcon_core.package_identification:_identify(src) by extension 'cmake'
[0.264s] Level 1:colcon.colcon_core.package_identification:_identify(src) by extension 'python'
[0.264s] Level 1:colcon.colcon_core.package_identification:_identify(src) by extensions ['python_setup_py']
[0.264s] Level 1:colcon.colcon_core.package_identification:_identify(src) by extension 'python_setup_py'
[0.264s] Level 1:colcon.colcon_core.package_identification:_identify(src/actuators) by extensions ['ignore', 'ignore_ament_install']
[0.264s] Level 1:colcon.colcon_core.package_identification:_identify(src/actuators) by extension 'ignore'
[0.264s] Level 1:colcon.colcon_core.package_identification:_identify(src/actuators) by extension 'ignore_ament_install'
[0.264s] Level 1:colcon.colcon_core.package_identification:_identify(src/actuators) by extensions ['colcon_pkg']
[0.264s] Level 1:colcon.colcon_core.package_identification:_identify(src/actuators) by extension 'colcon_pkg'
[0.264s] Level 1:colcon.colcon_core.package_identification:_identify(src/actuators) by extensions ['colcon_meta']
[0.264s] Level 1:colcon.colcon_core.package_identification:_identify(src/actuators) by extension 'colcon_meta'
[0.264s] Level 1:colcon.colcon_core.package_identification:_identify(src/actuators) by extensions ['ros']
[0.264s] Level 1:colcon.colcon_core.package_identification:_identify(src/actuators) by extension 'ros'
[0.266s] DEBUG:colcon.colcon_core.package_identification:Package 'src/actuators' with type 'ros.ament_cmake' and name 'actuators'
[0.266s] Level 1:colcon.colcon_core.package_identification:_identify(src/build) by extensions ['ignore', 'ignore_ament_install']
[0.266s] Level 1:colcon.colcon_core.package_identification:_identify(src/build) by extension 'ignore'
[0.266s] Level 1:colcon.colcon_core.package_identification:_identify(src/build) ignored
[0.266s] Level 1:colcon.colcon_core.package_identification:_identify(src/collection) by extensions ['ignore', 'ignore_ament_install']
[0.266s] Level 1:colcon.colcon_core.package_identification:_identify(src/collection) by extension 'ignore'
[0.267s] Level 1:colcon.colcon_core.package_identification:_identify(src/collection) by extension 'ignore_ament_install'
[0.267s] Level 1:colcon.colcon_core.package_identification:_identify(src/collection) by extensions ['colcon_pkg']
[0.267s] Level 1:colcon.colcon_core.package_identification:_identify(src/collection) by extension 'colcon_pkg'
[0.267s] Level 1:colcon.colcon_core.package_identification:_identify(src/collection) by extensions ['colcon_meta']
[0.267s] Level 1:colcon.colcon_core.package_identification:_identify(src/collection) by extension 'colcon_meta'
[0.267s] Level 1:colcon.colcon_core.package_identification:_identify(src/collection) by extensions ['ros']
[0.267s] Level 1:colcon.colcon_core.package_identification:_identify(src/collection) by extension 'ros'
[0.267s] DEBUG:colcon.colcon_core.package_identification:Package 'src/collection' with type 'ros.ament_cmake' and name 'collection'
[0.267s] Level 1:colcon.colcon_core.package_identification:_identify(src/common) by extensions ['ignore', 'ignore_ament_install']
[0.267s] Level 1:colcon.colcon_core.package_identification:_identify(src/common) by extension 'ignore'
[0.267s] Level 1:colcon.colcon_core.package_identification:_identify(src/common) by extension 'ignore_ament_install'
[0.267s] Level 1:colcon.colcon_core.package_identification:_identify(src/common) by extensions ['colcon_pkg']
[0.267s] Level 1:colcon.colcon_core.package_identification:_identify(src/common) by extension 'colcon_pkg'
[0.267s] Level 1:colcon.colcon_core.package_identification:_identify(src/common) by extensions ['colcon_meta']
[0.267s] Level 1:colcon.colcon_core.package_identification:_identify(src/common) by extension 'colcon_meta'
[0.267s] Level 1:colcon.colcon_core.package_identification:_identify(src/common) by extensions ['ros']
[0.267s] Level 1:colcon.colcon_core.package_identification:_identify(src/common) by extension 'ros'
[0.268s] DEBUG:colcon.colcon_core.package_identification:Package 'src/common' with type 'ros.ament_cmake' and name 'common'
[0.268s] Level 1:colcon.colcon_core.package_identification:_identify(src/controls) by extensions ['ignore', 'ignore_ament_install']
[0.268s] Level 1:colcon.colcon_core.package_identification:_identify(src/controls) by extension 'ignore'
[0.268s] Level 1:colcon.colcon_core.package_identification:_identify(src/controls) by extension 'ignore_ament_install'
[0.268s] Level 1:colcon.colcon_core.package_identification:_identify(src/controls) by extensions ['colcon_pkg']
[0.268s] Level 1:colcon.colcon_core.package_identification:_identify(src/controls) by extension 'colcon_pkg'
[0.268s] Level 1:colcon.colcon_core.package_identification:_identify(src/controls) by extensions ['colcon_meta']
[0.268s] Level 1:colcon.colcon_core.package_identification:_identify(src/controls) by extension 'colcon_meta'
[0.268s] Level 1:colcon.colcon_core.package_identification:_identify(src/controls) by extensions ['ros']
[0.268s] Level 1:colcon.colcon_core.package_identification:_identify(src/controls) by extension 'ros'
[0.269s] DEBUG:colcon.colcon_core.package_identification:Package 'src/controls' with type 'ros.ament_cmake' and name 'controls'
[0.269s] Level 1:colcon.colcon_core.package_identification:_identify(src/eufs_msgs) by extensions ['ignore', 'ignore_ament_install']
[0.269s] Level 1:colcon.colcon_core.package_identification:_identify(src/eufs_msgs) by extension 'ignore'
[0.269s] Level 1:colcon.colcon_core.package_identification:_identify(src/eufs_msgs) by extension 'ignore_ament_install'
[0.269s] Level 1:colcon.colcon_core.package_identification:_identify(src/eufs_msgs) by extensions ['colcon_pkg']
[0.269s] Level 1:colcon.colcon_core.package_identification:_identify(src/eufs_msgs) by extension 'colcon_pkg'
[0.269s] Level 1:colcon.colcon_core.package_identification:_identify(src/eufs_msgs) by extensions ['colcon_meta']
[0.269s] Level 1:colcon.colcon_core.package_identification:_identify(src/eufs_msgs) by extension 'colcon_meta'
[0.269s] Level 1:colcon.colcon_core.package_identification:_identify(src/eufs_msgs) by extensions ['ros']
[0.269s] Level 1:colcon.colcon_core.package_identification:_identify(src/eufs_msgs) by extension 'ros'
[0.269s] Level 1:colcon.colcon_core.package_identification:_identify(src/eufs_msgs) by extensions ['cmake', 'python']
[0.269s] Level 1:colcon.colcon_core.package_identification:_identify(src/eufs_msgs) by extension 'cmake'
[0.269s] Level 1:colcon.colcon_core.package_identification:_identify(src/eufs_msgs) by extension 'python'
[0.269s] Level 1:colcon.colcon_core.package_identification:_identify(src/eufs_msgs) by extensions ['python_setup_py']
[0.269s] Level 1:colcon.colcon_core.package_identification:_identify(src/eufs_msgs) by extension 'python_setup_py'
[0.269s] Level 1:colcon.colcon_core.package_identification:_identify(src/install) by extensions ['ignore', 'ignore_ament_install']
[0.270s] Level 1:colcon.colcon_core.package_identification:_identify(src/install) by extension 'ignore'
[0.270s] Level 1:colcon.colcon_core.package_identification:_identify(src/install) ignored
[0.270s] Level 1:colcon.colcon_core.package_identification:_identify(src/interfaces) by extensions ['ignore', 'ignore_ament_install']
[0.270s] Level 1:colcon.colcon_core.package_identification:_identify(src/interfaces) by extension 'ignore'
[0.270s] Level 1:colcon.colcon_core.package_identification:_identify(src/interfaces) by extension 'ignore_ament_install'
[0.270s] Level 1:colcon.colcon_core.package_identification:_identify(src/interfaces) by extensions ['colcon_pkg']
[0.270s] Level 1:colcon.colcon_core.package_identification:_identify(src/interfaces) by extension 'colcon_pkg'
[0.270s] Level 1:colcon.colcon_core.package_identification:_identify(src/interfaces) by extensions ['colcon_meta']
[0.270s] Level 1:colcon.colcon_core.package_identification:_identify(src/interfaces) by extension 'colcon_meta'
[0.270s] Level 1:colcon.colcon_core.package_identification:_identify(src/interfaces) by extensions ['ros']
[0.270s] Level 1:colcon.colcon_core.package_identification:_identify(src/interfaces) by extension 'ros'
[0.270s] DEBUG:colcon.colcon_core.package_identification:Package 'src/interfaces' with type 'ros.ament_cmake' and name 'interfaces'
[0.270s] Level 1:colcon.colcon_core.package_identification:_identify(src/log) by extensions ['ignore', 'ignore_ament_install']
[0.270s] Level 1:colcon.colcon_core.package_identification:_identify(src/log) by extension 'ignore'
[0.270s] Level 1:colcon.colcon_core.package_identification:_identify(src/log) ignored
[0.271s] Level 1:colcon.colcon_core.package_identification:_identify(src/perceptions) by extensions ['ignore', 'ignore_ament_install']
[0.271s] Level 1:colcon.colcon_core.package_identification:_identify(src/perceptions) by extension 'ignore'
[0.271s] Level 1:colcon.colcon_core.package_identification:_identify(src/perceptions) by extension 'ignore_ament_install'
[0.271s] Level 1:colcon.colcon_core.package_identification:_identify(src/perceptions) by extensions ['colcon_pkg']
[0.271s] Level 1:colcon.colcon_core.package_identification:_identify(src/perceptions) by extension 'colcon_pkg'
[0.271s] Level 1:colcon.colcon_core.package_identification:_identify(src/perceptions) by extensions ['colcon_meta']
[0.271s] Level 1:colcon.colcon_core.package_identification:_identify(src/perceptions) by extension 'colcon_meta'
[0.271s] Level 1:colcon.colcon_core.package_identification:_identify(src/perceptions) by extensions ['ros']
[0.271s] Level 1:colcon.colcon_core.package_identification:_identify(src/perceptions) by extension 'ros'
[0.271s] DEBUG:colcon.colcon_core.package_identification:Package 'src/perceptions' with type 'ros.ament_cmake' and name 'perceptions'
[0.271s] Level 1:colcon.colcon_core.package_identification:_identify(src/planning) by extensions ['ignore', 'ignore_ament_install']
[0.271s] Level 1:colcon.colcon_core.package_identification:_identify(src/planning) by extension 'ignore'
[0.271s] Level 1:colcon.colcon_core.package_identification:_identify(src/planning) by extension 'ignore_ament_install'
[0.271s] Level 1:colcon.colcon_core.package_identification:_identify(src/planning) by extensions ['colcon_pkg']
[0.271s] Level 1:colcon.colcon_core.package_identification:_identify(src/planning) by extension 'colcon_pkg'
[0.271s] Level 1:colcon.colcon_core.package_identification:_identify(src/planning) by extensions ['colcon_meta']
[0.271s] Level 1:colcon.colcon_core.package_identification:_identify(src/planning) by extension 'colcon_meta'
[0.271s] Level 1:colcon.colcon_core.package_identification:_identify(src/planning) by extensions ['ros']
[0.271s] Level 1:colcon.colcon_core.package_identification:_identify(src/planning) by extension 'ros'
[0.272s] DEBUG:colcon.colcon_core.package_identification:Package 'src/planning' with type 'ros.ament_cmake' and name 'planning'
[0.272s] Level 1:colcon.colcon_core.package_discovery:discover_packages(recursive) using defaults
[0.272s] Level 1:colcon.colcon_core.package_discovery:discover_packages(ignore) discover
[0.272s] Level 1:colcon.colcon_core.package_discovery:discover_packages(ignore) using defaults
[0.272s] Level 1:colcon.colcon_core.package_discovery:discover_packages(path) discover
[0.272s] Level 1:colcon.colcon_core.package_discovery:discover_packages(path) using defaults
[0.300s] Level 5:colcon.colcon_core.verb:set package 'actuators' build argument 'cmake_args' from command line to 'None'
[0.300s] Level 5:colcon.colcon_core.verb:set package 'actuators' build argument 'cmake_target' from command line to 'None'
[0.300s] Level 5:colcon.colcon_core.verb:set package 'actuators' build argument 'cmake_target_skip_unavailable' from command line to 'False'
[0.300s] Level 5:colcon.colcon_core.verb:set package 'actuators' build argument 'cmake_clean_cache' from command line to 'False'
[0.300s] Level 5:colcon.colcon_core.verb:set package 'actuators' build argument 'cmake_clean_first' from command line to 'False'
[0.300s] Level 5:colcon.colcon_core.verb:set package 'actuators' build argument 'cmake_force_configure' from command line to 'False'
[0.300s] Level 5:colcon.colcon_core.verb:set package 'actuators' build argument 'ament_cmake_args' from command line to 'None'
[0.300s] Level 5:colcon.colcon_core.verb:set package 'actuators' build argument 'catkin_cmake_args' from command line to 'None'
[0.300s] Level 5:colcon.colcon_core.verb:set package 'actuators' build argument 'catkin_skip_building_tests' from command line to 'False'
[0.300s] DEBUG:colcon.colcon_core.verb:Building package 'actuators' with the following arguments: {'ament_cmake_args': None, 'build_base': '/home/ishin/Documents/cmr/driverless_py/driverless/driverless_ws/build/actuators', 'catkin_cmake_args': None, 'catkin_skip_building_tests': False, 'cmake_args': None, 'cmake_clean_cache': False, 'cmake_clean_first': False, 'cmake_force_configure': False, 'cmake_target': None, 'cmake_target_skip_unavailable': False, 'install_base': '/home/ishin/Documents/cmr/driverless_py/driverless/driverless_ws/install/actuators', 'merge_install': False, 'path': '/home/ishin/Documents/cmr/driverless_py/driverless/driverless_ws/src/actuators', 'symlink_install': False, 'test_result_base': None}
[0.304s] Level 5:colcon.colcon_core.verb:set package 'collection' build argument 'cmake_args' from command line to 'None'
[0.304s] Level 5:colcon.colcon_core.verb:set package 'collection' build argument 'cmake_target' from command line to 'None'
[0.304s] Level 5:colcon.colcon_core.verb:set package 'collection' build argument 'cmake_target_skip_unavailable' from command line to 'False'
[0.304s] Level 5:colcon.colcon_core.verb:set package 'collection' build argument 'cmake_clean_cache' from command line to 'False'
[0.304s] Level 5:colcon.colcon_core.verb:set package 'collection' build argument 'cmake_clean_first' from command line to 'False'
[0.304s] Level 5:colcon.colcon_core.verb:set package 'collection' build argument 'cmake_force_configure' from command line to 'False'
[0.304s] Level 5:colcon.colcon_core.verb:set package 'collection' build argument 'ament_cmake_args' from command line to 'None'
[0.304s] Level 5:colcon.colcon_core.verb:set package 'collection' build argument 'catkin_cmake_args' from command line to 'None'
[0.304s] Level 5:colcon.colcon_core.verb:set package 'collection' build argument 'catkin_skip_building_tests' from command line to 'False'
[0.304s] DEBUG:colcon.colcon_core.verb:Building package 'collection' with the following arguments: {'ament_cmake_args': None, 'build_base': '/home/ishin/Documents/cmr/driverless_py/driverless/driverless_ws/build/collection', 'catkin_cmake_args': None, 'catkin_skip_building_tests': False, 'cmake_args': None, 'cmake_clean_cache': False, 'cmake_clean_first': False, 'cmake_force_configure': False, 'cmake_target': None, 'cmake_target_skip_unavailable': False, 'install_base': '/home/ishin/Documents/cmr/driverless_py/driverless/driverless_ws/install/collection', 'merge_install': False, 'path': '/home/ishin/Documents/cmr/driverless_py/driverless/driverless_ws/src/collection', 'symlink_install': False, 'test_result_base': None}
[0.308s] Level 5:colcon.colcon_core.verb:set package 'common' build argument 'cmake_args' from command line to 'None'
[0.308s] Level 5:colcon.colcon_core.verb:set package 'common' build argument 'cmake_target' from command line to 'None'
[0.308s] Level 5:colcon.colcon_core.verb:set package 'common' build argument 'cmake_target_skip_unavailable' from command line to 'False'
[0.308s] Level 5:colcon.colcon_core.verb:set package 'common' build argument 'cmake_clean_cache' from command line to 'False'
[0.308s] Level 5:colcon.colcon_core.verb:set package 'common' build argument 'cmake_clean_first' from command line to 'False'
[0.308s] Level 5:colcon.colcon_core.verb:set package 'common' build argument 'cmake_force_configure' from command line to 'False'
[0.308s] Level 5:colcon.colcon_core.verb:set package 'common' build argument 'ament_cmake_args' from command line to 'None'
[0.308s] Level 5:colcon.colcon_core.verb:set package 'common' build argument 'catkin_cmake_args' from command line to 'None'
[0.308s] Level 5:colcon.colcon_core.verb:set package 'common' build argument 'catkin_skip_building_tests' from command line to 'False'
[0.308s] DEBUG:colcon.colcon_core.verb:Building package 'common' with the following arguments: {'ament_cmake_args': None, 'build_base': '/home/ishin/Documents/cmr/driverless_py/driverless/driverless_ws/build/common', 'catkin_cmake_args': None, 'catkin_skip_building_tests': False, 'cmake_args': None, 'cmake_clean_cache': False, 'cmake_clean_first': False, 'cmake_force_configure': False, 'cmake_target': None, 'cmake_target_skip_unavailable': False, 'install_base': '/home/ishin/Documents/cmr/driverless_py/driverless/driverless_ws/install/common', 'merge_install': False, 'path': '/home/ishin/Documents/cmr/driverless_py/driverless/driverless_ws/src/common', 'symlink_install': False, 'test_result_base': None}
[0.313s] Level 5:colcon.colcon_core.verb:set package 'controls' build argument 'cmake_args' from command line to 'None'
[0.313s] Level 5:colcon.colcon_core.verb:set package 'controls' build argument 'cmake_target' from command line to 'None'
[0.313s] Level 5:colcon.colcon_core.verb:set package 'controls' build argument 'cmake_target_skip_unavailable' from command line to 'False'
[0.313s] Level 5:colcon.colcon_core.verb:set package 'controls' build argument 'cmake_clean_cache' from command line to 'False'
[0.313s] Level 5:colcon.colcon_core.verb:set package 'controls' build argument 'cmake_clean_first' from command line to 'False'
[0.313s] Level 5:colcon.colcon_core.verb:set package 'controls' build argument 'cmake_force_configure' from command line to 'False'
[0.313s] Level 5:colcon.colcon_core.verb:set package 'controls' build argument 'ament_cmake_args' from command line to 'None'
[0.313s] Level 5:colcon.colcon_core.verb:set package 'controls' build argument 'catkin_cmake_args' from command line to 'None'
[0.313s] Level 5:colcon.colcon_core.verb:set package 'controls' build argument 'catkin_skip_building_tests' from command line to 'False'
[0.313s] DEBUG:colcon.colcon_core.verb:Building package 'controls' with the following arguments: {'ament_cmake_args': None, 'build_base': '/home/ishin/Documents/cmr/driverless_py/driverless/driverless_ws/build/controls', 'catkin_cmake_args': None, 'catkin_skip_building_tests': False, 'cmake_args': None, 'cmake_clean_cache': False, 'cmake_clean_first': False, 'cmake_force_configure': False, 'cmake_target': None, 'cmake_target_skip_unavailable': False, 'install_base': '/home/ishin/Documents/cmr/driverless_py/driverless/driverless_ws/install/controls', 'merge_install': False, 'path': '/home/ishin/Documents/cmr/driverless_py/driverless/driverless_ws/src/controls', 'symlink_install': False, 'test_result_base': None}
[0.318s] Level 5:colcon.colcon_core.verb:set package 'interfaces' build argument 'cmake_args' from command line to 'None'
[0.318s] Level 5:colcon.colcon_core.verb:set package 'interfaces' build argument 'cmake_target' from command line to 'None'
[0.318s] Level 5:colcon.colcon_core.verb:set package 'interfaces' build argument 'cmake_target_skip_unavailable' from command line to 'False'
[0.318s] Level 5:colcon.colcon_core.verb:set package 'interfaces' build argument 'cmake_clean_cache' from command line to 'False'
[0.318s] Level 5:colcon.colcon_core.verb:set package 'interfaces' build argument 'cmake_clean_first' from command line to 'False'
[0.318s] Level 5:colcon.colcon_core.verb:set package 'interfaces' build argument 'cmake_force_configure' from command line to 'False'
[0.318s] Level 5:colcon.colcon_core.verb:set package 'interfaces' build argument 'ament_cmake_args' from command line to 'None'
[0.318s] Level 5:colcon.colcon_core.verb:set package 'interfaces' build argument 'catkin_cmake_args' from command line to 'None'
[0.318s] Level 5:colcon.colcon_core.verb:set package 'interfaces' build argument 'catkin_skip_building_tests' from command line to 'False'
[0.318s] DEBUG:colcon.colcon_core.verb:Building package 'interfaces' with the following arguments: {'ament_cmake_args': None, 'build_base': '/home/ishin/Documents/cmr/driverless_py/driverless/driverless_ws/build/interfaces', 'catkin_cmake_args': None, 'catkin_skip_building_tests': False, 'cmake_args': None, 'cmake_clean_cache': False, 'cmake_clean_first': False, 'cmake_force_configure': False, 'cmake_target': None, 'cmake_target_skip_unavailable': False, 'install_base': '/home/ishin/Documents/cmr/driverless_py/driverless/driverless_ws/install/interfaces', 'merge_install': False, 'path': '/home/ishin/Documents/cmr/driverless_py/driverless/driverless_ws/src/interfaces', 'symlink_install': False, 'test_result_base': None}
[0.322s] Level 5:colcon.colcon_core.verb:set package 'perceptions' build argument 'cmake_args' from command line to 'None'
[0.322s] Level 5:colcon.colcon_core.verb:set package 'perceptions' build argument 'cmake_target' from command line to 'None'
[0.322s] Level 5:colcon.colcon_core.verb:set package 'perceptions' build argument 'cmake_target_skip_unavailable' from command line to 'False'
[0.322s] Level 5:colcon.colcon_core.verb:set package 'perceptions' build argument 'cmake_clean_cache' from command line to 'False'
[0.322s] Level 5:colcon.colcon_core.verb:set package 'perceptions' build argument 'cmake_clean_first' from command line to 'False'
[0.322s] Level 5:colcon.colcon_core.verb:set package 'perceptions' build argument 'cmake_force_configure' from command line to 'False'
[0.322s] Level 5:colcon.colcon_core.verb:set package 'perceptions' build argument 'ament_cmake_args' from command line to 'None'
[0.322s] Level 5:colcon.colcon_core.verb:set package 'perceptions' build argument 'catkin_cmake_args' from command line to 'None'
[0.322s] Level 5:colcon.colcon_core.verb:set package 'perceptions' build argument 'catkin_skip_building_tests' from command line to 'False'
[0.322s] DEBUG:colcon.colcon_core.verb:Building package 'perceptions' with the following arguments: {'ament_cmake_args': None, 'build_base': '/home/ishin/Documents/cmr/driverless_py/driverless/driverless_ws/build/perceptions', 'catkin_cmake_args': None, 'catkin_skip_building_tests': False, 'cmake_args': None, 'cmake_clean_cache': False, 'cmake_clean_first': False, 'cmake_force_configure': False, 'cmake_target': None, 'cmake_target_skip_unavailable': False, 'install_base': '/home/ishin/Documents/cmr/driverless_py/driverless/driverless_ws/install/perceptions', 'merge_install': False, 'path': '/home/ishin/Documents/cmr/driverless_py/driverless/driverless_ws/src/perceptions', 'symlink_install': False, 'test_result_base': None}
[0.326s] Level 5:colcon.colcon_core.verb:set package 'planning' build argument 'cmake_args' from command line to 'None'
[0.326s] Level 5:colcon.colcon_core.verb:set package 'planning' build argument 'cmake_target' from command line to 'None'
[0.326s] Level 5:colcon.colcon_core.verb:set package 'planning' build argument 'cmake_target_skip_unavailable' from command line to 'False'
[0.326s] Level 5:colcon.colcon_core.verb:set package 'planning' build argument 'cmake_clean_cache' from command line to 'False'
[0.326s] Level 5:colcon.colcon_core.verb:set package 'planning' build argument 'cmake_clean_first' from command line to 'False'
[0.326s] Level 5:colcon.colcon_core.verb:set package 'planning' build argument 'cmake_force_configure' from command line to 'False'
[0.326s] Level 5:colcon.colcon_core.verb:set package 'planning' build argument 'ament_cmake_args' from command line to 'None'
[0.326s] Level 5:colcon.colcon_core.verb:set package 'planning' build argument 'catkin_cmake_args' from command line to 'None'
[0.326s] Level 5:colcon.colcon_core.verb:set package 'planning' build argument 'catkin_skip_building_tests' from command line to 'False'
[0.326s] DEBUG:colcon.colcon_core.verb:Building package 'planning' with the following arguments: {'ament_cmake_args': None, 'build_base': '/home/ishin/Documents/cmr/driverless_py/driverless/driverless_ws/build/planning', 'catkin_cmake_args': None, 'catkin_skip_building_tests': False, 'cmake_args': None, 'cmake_clean_cache': False, 'cmake_clean_first': False, 'cmake_force_configure': False, 'cmake_target': None, 'cmake_target_skip_unavailable': False, 'install_base': '/home/ishin/Documents/cmr/driverless_py/driverless/driverless_ws/install/planning', 'merge_install': False, 'path': '/home/ishin/Documents/cmr/driverless_py/driverless/driverless_ws/src/planning', 'symlink_install': False, 'test_result_base': None}
[0.327s] INFO:colcon.colcon_core.executor:Executing jobs using 'parallel' executor
[0.333s] DEBUG:colcon.colcon_parallel_executor.executor.parallel:run_until_complete
[0.333s] INFO:colcon.colcon_ros.task.ament_cmake.build:Building ROS package in '/home/ishin/Documents/cmr/driverless_py/driverless/driverless_ws/src/interfaces' with build type 'ament_cmake'
[0.333s] INFO:colcon.colcon_cmake.task.cmake.build:Building CMake package in '/home/ishin/Documents/cmr/driverless_py/driverless/driverless_ws/src/interfaces'
[0.340s] INFO:colcon.colcon_core.plugin_system:Skipping extension 'colcon_core.shell.bat': Not used on non-Windows systems
[0.340s] INFO:colcon.colcon_core.shell:Skip shell extension 'powershell' for command environment: Not usable outside of PowerShell
[0.340s] DEBUG:colcon.colcon_core.shell:Skip shell extension 'dsv' for command environment
[0.345s] INFO:colcon.colcon_ros.task.ament_cmake.build:Building ROS package in '/home/ishin/Documents/cmr/driverless_py/driverless/driverless_ws/src/actuators' with build type 'ament_cmake'
[0.345s] INFO:colcon.colcon_cmake.task.cmake.build:Building CMake package in '/home/ishin/Documents/cmr/driverless_py/driverless/driverless_ws/src/actuators'
[0.347s] INFO:colcon.colcon_core.shell:Skip shell extension 'powershell' for command environment: Not usable outside of PowerShell
[0.348s] DEBUG:colcon.colcon_core.shell:Skip shell extension 'dsv' for command environment
[0.350s] INFO:colcon.colcon_ros.task.ament_cmake.build:Building ROS package in '/home/ishin/Documents/cmr/driverless_py/driverless/driverless_ws/src/collection' with build type 'ament_cmake'
[0.350s] INFO:colcon.colcon_cmake.task.cmake.build:Building CMake package in '/home/ishin/Documents/cmr/driverless_py/driverless/driverless_ws/src/collection'
[0.353s] INFO:colcon.colcon_core.shell:Skip shell extension 'powershell' for command environment: Not usable outside of PowerShell
[0.353s] DEBUG:colcon.colcon_core.shell:Skip shell extension 'dsv' for command environment
[0.358s] INFO:colcon.colcon_ros.task.ament_cmake.build:Building ROS package in '/home/ishin/Documents/cmr/driverless_py/driverless/driverless_ws/src/common' with build type 'ament_cmake'
[0.358s] INFO:colcon.colcon_cmake.task.cmake.build:Building CMake package in '/home/ishin/Documents/cmr/driverless_py/driverless/driverless_ws/src/common'
[0.361s] INFO:colcon.colcon_core.shell:Skip shell extension 'powershell' for command environment: Not usable outside of PowerShell
[0.361s] DEBUG:colcon.colcon_core.shell:Skip shell extension 'dsv' for command environment
[0.365s] INFO:colcon.colcon_ros.task.ament_cmake.build:Building ROS package in '/home/ishin/Documents/cmr/driverless_py/driverless/driverless_ws/src/controls' with build type 'ament_cmake'
[0.365s] INFO:colcon.colcon_cmake.task.cmake.build:Building CMake package in '/home/ishin/Documents/cmr/driverless_py/driverless/driverless_ws/src/controls'
[0.368s] INFO:colcon.colcon_core.shell:Skip shell extension 'powershell' for command environment: Not usable outside of PowerShell
[0.368s] DEBUG:colcon.colcon_core.shell:Skip shell extension 'dsv' for command environment
[0.371s] INFO:colcon.colcon_ros.task.ament_cmake.build:Building ROS package in '/home/ishin/Documents/cmr/driverless_py/driverless/driverless_ws/src/perceptions' with build type 'ament_cmake'
[0.372s] INFO:colcon.colcon_cmake.task.cmake.build:Building CMake package in '/home/ishin/Documents/cmr/driverless_py/driverless/driverless_ws/src/perceptions'
[0.374s] INFO:colcon.colcon_core.shell:Skip shell extension 'powershell' for command environment: Not usable outside of PowerShell
[0.375s] DEBUG:colcon.colcon_core.shell:Skip shell extension 'dsv' for command environment
[0.381s] DEBUG:colcon.colcon_core.event_handler.log_command:Invoking command in '/home/ishin/Documents/cmr/driverless_py/driverless/driverless_ws/build/interfaces': _=/usr/bin/env /usr/bin/cmake /home/ishin/Documents/cmr/driverless_py/driverless/driverless_ws/src/interfaces -DCMAKE_INSTALL_PREFIX=/home/ishin/Documents/cmr/driverless_py/driverless/driverless_ws/install/interfaces
[0.384s] DEBUG:colcon.colcon_core.event_handler.log_command:Invoking command in '/home/ishin/Documents/cmr/driverless_py/driverless/driverless_ws/build/actuators': _=/usr/bin/env /usr/bin/cmake /home/ishin/Documents/cmr/driverless_py/driverless/driverless_ws/src/actuators -DCMAKE_INSTALL_PREFIX=/home/ishin/Documents/cmr/driverless_py/driverless/driverless_ws/install/actuators
[0.387s] DEBUG:colcon.colcon_core.event_handler.log_command:Invoking command in '/home/ishin/Documents/cmr/driverless_py/driverless/driverless_ws/build/collection': _=/usr/bin/env /usr/bin/cmake /home/ishin/Documents/cmr/driverless_py/driverless/driverless_ws/src/collection -DCMAKE_INSTALL_PREFIX=/home/ishin/Documents/cmr/driverless_py/driverless/driverless_ws/install/collection
[0.394s] DEBUG:colcon.colcon_core.event_handler.log_command:Invoking command in '/home/ishin/Documents/cmr/driverless_py/driverless/driverless_ws/build/common': _=/usr/bin/env /usr/bin/cmake /home/ishin/Documents/cmr/driverless_py/driverless/driverless_ws/src/common -DCMAKE_INSTALL_PREFIX=/home/ishin/Documents/cmr/driverless_py/driverless/driverless_ws/install/common
[0.400s] DEBUG:colcon.colcon_core.event_handler.log_command:Invoking command in '/home/ishin/Documents/cmr/driverless_py/driverless/driverless_ws/build/controls': _=/usr/bin/env /usr/bin/cmake /home/ishin/Documents/cmr/driverless_py/driverless/driverless_ws/src/controls -DCMAKE_INSTALL_PREFIX=/home/ishin/Documents/cmr/driverless_py/driverless/driverless_ws/install/controls
[0.428s] DEBUG:colcon.colcon_core.event_handler.log_command:Invoking command in '/home/ishin/Documents/cmr/driverless_py/driverless/driverless_ws/build/perceptions': _=/usr/bin/env /usr/bin/cmake /home/ishin/Documents/cmr/driverless_py/driverless/driverless_ws/src/perceptions -DCMAKE_INSTALL_PREFIX=/home/ishin/Documents/cmr/driverless_py/driverless/driverless_ws/install/perceptions
[0.432s] DEBUG:colcon.colcon_core.event_handler.log_command:Invoked command in '/home/ishin/Documents/cmr/driverless_py/driverless/driverless_ws/build/actuators' returned '1': _=/usr/bin/env /usr/bin/cmake /home/ishin/Documents/cmr/driverless_py/driverless/driverless_ws/src/actuators -DCMAKE_INSTALL_PREFIX=/home/ishin/Documents/cmr/driverless_py/driverless/driverless_ws/install/actuators
[0.435s] DEBUG:colcon.colcon_core.event_handler.log_command:Invoked command in '/home/ishin/Documents/cmr/driverless_py/driverless/driverless_ws/build/collection' returned '1': _=/usr/bin/env /usr/bin/cmake /home/ishin/Documents/cmr/driverless_py/driverless/driverless_ws/src/collection -DCMAKE_INSTALL_PREFIX=/home/ishin/Documents/cmr/driverless_py/driverless/driverless_ws/install/collection
[0.446s] DEBUG:colcon.colcon_core.event_handler.log_command:Invoked command in '/home/ishin/Documents/cmr/driverless_py/driverless/driverless_ws/build/common' returned '1': _=/usr/bin/env /usr/bin/cmake /home/ishin/Documents/cmr/driverless_py/driverless/driverless_ws/src/common -DCMAKE_INSTALL_PREFIX=/home/ishin/Documents/cmr/driverless_py/driverless/driverless_ws/install/common
[0.448s] DEBUG:colcon.colcon_core.event_handler.log_command:Invoked command in '/home/ishin/Documents/cmr/driverless_py/driverless/driverless_ws/build/controls' returned '1': _=/usr/bin/env /usr/bin/cmake /home/ishin/Documents/cmr/driverless_py/driverless/driverless_ws/src/controls -DCMAKE_INSTALL_PREFIX=/home/ishin/Documents/cmr/driverless_py/driverless/driverless_ws/install/controls
[0.452s] Level 1:colcon.colcon_core.environment:create_environment_scripts_only(collection)
[0.460s] Level 1:colcon.colcon_core.environment:checking '/home/ishin/Documents/cmr/driverless_py/driverless/driverless_ws/install/collection' for CMake module files
[0.461s] Level 1:colcon.colcon_core.environment:checking '/home/ishin/Documents/cmr/driverless_py/driverless/driverless_ws/install/collection' for CMake config files
[0.461s] Level 1:colcon.colcon_core.environment:checking '/home/ishin/Documents/cmr/driverless_py/driverless/driverless_ws/install/collection/bin'
[0.461s] Level 1:colcon.colcon_core.environment:checking '/home/ishin/Documents/cmr/driverless_py/driverless/driverless_ws/install/collection/lib/pkgconfig/collection.pc'
[0.462s] Level 1:colcon.colcon_core.environment:checking '/home/ishin/Documents/cmr/driverless_py/driverless/driverless_ws/install/collection/lib/python3.11/site-packages'
[0.462s] Level 1:colcon.colcon_core.environment:checking '/home/ishin/Documents/cmr/driverless_py/driverless/driverless_ws/install/collection/bin'
[0.464s] INFO:colcon.colcon_core.shell:Creating package script '/home/ishin/Documents/cmr/driverless_py/driverless/driverless_ws/install/collection/share/collection/package.ps1'
[0.465s] INFO:colcon.colcon_core.shell:Creating package descriptor '/home/ishin/Documents/cmr/driverless_py/driverless/driverless_ws/install/collection/share/collection/package.dsv'
[0.465s] INFO:colcon.colcon_core.shell:Creating package script '/home/ishin/Documents/cmr/driverless_py/driverless/driverless_ws/install/collection/share/collection/package.sh'
[0.465s] INFO:colcon.colcon_core.shell:Creating package script '/home/ishin/Documents/cmr/driverless_py/driverless/driverless_ws/install/collection/share/collection/package.bash'
[0.466s] INFO:colcon.colcon_core.shell:Creating package script '/home/ishin/Documents/cmr/driverless_py/driverless/driverless_ws/install/collection/share/collection/package.zsh'
[0.466s] Level 1:colcon.colcon_core.environment:create_file_with_runtime_dependencies(/home/ishin/Documents/cmr/driverless_py/driverless/driverless_ws/install/collection/share/colcon-core/packages/collection)
[0.739s] DEBUG:colcon.colcon_parallel_executor.executor.parallel:closing loop
[0.739s] DEBUG:colcon.colcon_parallel_executor.executor.parallel:loop closed
[0.739s] DEBUG:colcon.colcon_parallel_executor.executor.parallel:run_until_complete finished with '1'
[0.739s] DEBUG:colcon.colcon_core.event_reactor:joining thread
[0.749s] INFO:colcon.colcon_core.plugin_system:Skipping extension 'colcon_notification.desktop_notification.terminal_notifier': Not used on non-Darwin systems
[0.749s] INFO:colcon.colcon_core.plugin_system:Skipping extension 'colcon_notification.desktop_notification.win32': Not used on non-Windows systems
[0.749s] INFO:colcon.colcon_notification.desktop_notification:Sending desktop notification using 'notify2'
[0.768s] DEBUG:colcon.colcon_core.event_reactor:joined thread
[0.774s] INFO:colcon.colcon_core.shell:Creating prefix script '/home/ishin/Documents/cmr/driverless_py/driverless/driverless_ws/install/local_setup.ps1'
[0.774s] INFO:colcon.colcon_core.shell:Creating prefix util module '/home/ishin/Documents/cmr/driverless_py/driverless/driverless_ws/install/_local_setup_util_ps1.py'
[0.775s] INFO:colcon.colcon_core.shell:Creating prefix chain script '/home/ishin/Documents/cmr/driverless_py/driverless/driverless_ws/install/setup.ps1'
[0.779s] INFO:colcon.colcon_core.shell:Creating prefix script '/home/ishin/Documents/cmr/driverless_py/driverless/driverless_ws/install/local_setup.sh'
[0.779s] INFO:colcon.colcon_core.shell:Creating prefix util module '/home/ishin/Documents/cmr/driverless_py/driverless/driverless_ws/install/_local_setup_util_sh.py'
[0.779s] INFO:colcon.colcon_core.shell:Creating prefix chain script '/home/ishin/Documents/cmr/driverless_py/driverless/driverless_ws/install/setup.sh'
[0.782s] INFO:colcon.colcon_core.shell:Creating prefix script '/home/ishin/Documents/cmr/driverless_py/driverless/driverless_ws/install/local_setup.bash'
[0.782s] INFO:colcon.colcon_core.shell:Creating prefix chain script '/home/ishin/Documents/cmr/driverless_py/driverless/driverless_ws/install/setup.bash'
[0.785s] INFO:colcon.colcon_core.shell:Creating prefix script '/home/ishin/Documents/cmr/driverless_py/driverless/driverless_ws/install/local_setup.zsh'
[0.786s] INFO:colcon.colcon_core.shell:Creating prefix chain script '/home/ishin/Documents/cmr/driverless_py/driverless/driverless_ws/install/setup.zsh'
