[0.254s] DEBUG:colcon:Command line arguments: ['/usr/bin/colcon', 'build']
[0.254s] DEBUG:colcon:Parsed command line arguments: Namespace(allow_overriding=[], ament_cmake_args=None, base_paths=['.'], build_base='build', catkin_cmake_args=None, catkin_skip_building_tests=False, cmake_args=None, cmake_clean_cache=False, cmake_clean_first=False, cmake_force_configure=False, cmake_target=None, cmake_target_skip_unavailable=False, continue_on_error=False, event_handlers=None, executor='parallel', ignore_user_meta=False, install_base='install', log_base=None, log_level=None, main=<bound method BuildVerb.main of <colcon_core.verb.build.BuildVerb object at 0x7fbec5c76640>>, merge_install=False, metas=['./colcon.meta'], packages_above=None, packages_above_and_dependencies=None, packages_above_depth=None, packages_end=None, packages_ignore=None, packages_ignore_regex=None, packages_select=None, packages_select_build_failed=False, packages_select_by_dep=None, packages_select_regex=None, packages_select_test_failures=False, packages_skip=None, packages_skip_build_finished=False, packages_skip_by_dep=None, packages_skip_regex=None, packages_skip_test_passed=False, packages_skip_up_to=None, packages_start=None, packages_up_to=None, packages_up_to_regex=None, parallel_workers=8, paths=None, symlink_install=False, test_result_base=None, verb_extension=<colcon_core.verb.build.BuildVerb object at 0x7fbec5c76640>, verb_name='build', verb_parser=<colcon_defaults.argument_parser.defaults.DefaultArgumentsDecorator object at 0x7fbec5c76b80>)
[0.288s] Level 1:colcon.colcon_core.package_discovery:discover_packages(colcon_meta) check parameters
[0.288s] Level 1:colcon.colcon_core.package_discovery:discover_packages(recursive) check parameters
[0.288s] Level 1:colcon.colcon_core.package_discovery:discover_packages(ignore) check parameters
[0.288s] Level 1:colcon.colcon_core.package_discovery:discover_packages(path) check parameters
[0.288s] Level 1:colcon.colcon_core.package_discovery:discover_packages(colcon_meta) discover
[0.288s] Level 1:colcon.colcon_core.package_discovery:discover_packages(recursive) discover
[0.288s] INFO:colcon.colcon_core.package_discovery:Crawling recursively for packages in '/home/ankit/Documents/Autonomous/cmr-fsdv/cmrdv_ws'
[0.288s] Level 1:colcon.colcon_core.package_identification:_identify(.) by extensions ['ignore', 'ignore_ament_install']
[0.288s] Level 1:colcon.colcon_core.package_identification:_identify(.) by extension 'ignore'
[0.288s] Level 1:colcon.colcon_core.package_identification:_identify(.) by extension 'ignore_ament_install'
[0.289s] Level 1:colcon.colcon_core.package_identification:_identify(.) by extensions ['colcon_pkg']
[0.289s] Level 1:colcon.colcon_core.package_identification:_identify(.) by extension 'colcon_pkg'
[0.289s] Level 1:colcon.colcon_core.package_identification:_identify(.) by extensions ['colcon_meta']
[0.289s] Level 1:colcon.colcon_core.package_identification:_identify(.) by extension 'colcon_meta'
[0.289s] Level 1:colcon.colcon_core.package_identification:_identify(.) by extensions ['ros']
[0.289s] Level 1:colcon.colcon_core.package_identification:_identify(.) by extension 'ros'
[0.296s] Level 1:colcon.colcon_core.package_identification:_identify(.) by extensions ['cmake', 'python']
[0.296s] Level 1:colcon.colcon_core.package_identification:_identify(.) by extension 'cmake'
[0.296s] Level 1:colcon.colcon_core.package_identification:_identify(.) by extension 'python'
[0.296s] Level 1:colcon.colcon_core.package_identification:_identify(.) by extensions ['python_setup_py']
[0.296s] Level 1:colcon.colcon_core.package_identification:_identify(.) by extension 'python_setup_py'
[0.296s] Level 1:colcon.colcon_core.package_identification:_identify(build) by extensions ['ignore', 'ignore_ament_install']
[0.296s] Level 1:colcon.colcon_core.package_identification:_identify(build) by extension 'ignore'
[0.296s] Level 1:colcon.colcon_core.package_identification:_identify(build) ignored
[0.296s] Level 1:colcon.colcon_core.package_identification:_identify(firstLineTurn) by extensions ['ignore', 'ignore_ament_install']
[0.296s] Level 1:colcon.colcon_core.package_identification:_identify(firstLineTurn) by extension 'ignore'
[0.296s] Level 1:colcon.colcon_core.package_identification:_identify(firstLineTurn) by extension 'ignore_ament_install'
[0.296s] Level 1:colcon.colcon_core.package_identification:_identify(firstLineTurn) by extensions ['colcon_pkg']
[0.296s] Level 1:colcon.colcon_core.package_identification:_identify(firstLineTurn) by extension 'colcon_pkg'
[0.296s] Level 1:colcon.colcon_core.package_identification:_identify(firstLineTurn) by extensions ['colcon_meta']
[0.296s] Level 1:colcon.colcon_core.package_identification:_identify(firstLineTurn) by extension 'colcon_meta'
[0.296s] Level 1:colcon.colcon_core.package_identification:_identify(firstLineTurn) by extensions ['ros']
[0.296s] Level 1:colcon.colcon_core.package_identification:_identify(firstLineTurn) by extension 'ros'
[0.296s] Level 1:colcon.colcon_core.package_identification:_identify(firstLineTurn) by extensions ['cmake', 'python']
[0.296s] Level 1:colcon.colcon_core.package_identification:_identify(firstLineTurn) by extension 'cmake'
[0.296s] Level 1:colcon.colcon_core.package_identification:_identify(firstLineTurn) by extension 'python'
[0.296s] Level 1:colcon.colcon_core.package_identification:_identify(firstLineTurn) by extensions ['python_setup_py']
[0.296s] Level 1:colcon.colcon_core.package_identification:_identify(firstLineTurn) by extension 'python_setup_py'
[0.296s] Level 1:colcon.colcon_core.package_identification:_identify(install) by extensions ['ignore', 'ignore_ament_install']
[0.296s] Level 1:colcon.colcon_core.package_identification:_identify(install) by extension 'ignore'
[0.296s] Level 1:colcon.colcon_core.package_identification:_identify(install) ignored
[0.296s] Level 1:colcon.colcon_core.package_identification:_identify(log) by extensions ['ignore', 'ignore_ament_install']
[0.297s] Level 1:colcon.colcon_core.package_identification:_identify(log) by extension 'ignore'
[0.297s] Level 1:colcon.colcon_core.package_identification:_identify(log) ignored
[0.297s] Level 1:colcon.colcon_core.package_identification:_identify(rosbag2_2023_05_01-19_05_16) by extensions ['ignore', 'ignore_ament_install']
[0.297s] Level 1:colcon.colcon_core.package_identification:_identify(rosbag2_2023_05_01-19_05_16) by extension 'ignore'
[0.297s] Level 1:colcon.colcon_core.package_identification:_identify(rosbag2_2023_05_01-19_05_16) by extension 'ignore_ament_install'
[0.297s] Level 1:colcon.colcon_core.package_identification:_identify(rosbag2_2023_05_01-19_05_16) by extensions ['colcon_pkg']
[0.297s] Level 1:colcon.colcon_core.package_identification:_identify(rosbag2_2023_05_01-19_05_16) by extension 'colcon_pkg'
[0.297s] Level 1:colcon.colcon_core.package_identification:_identify(rosbag2_2023_05_01-19_05_16) by extensions ['colcon_meta']
[0.297s] Level 1:colcon.colcon_core.package_identification:_identify(rosbag2_2023_05_01-19_05_16) by extension 'colcon_meta'
[0.297s] Level 1:colcon.colcon_core.package_identification:_identify(rosbag2_2023_05_01-19_05_16) by extensions ['ros']
[0.297s] Level 1:colcon.colcon_core.package_identification:_identify(rosbag2_2023_05_01-19_05_16) by extension 'ros'
[0.297s] Level 1:colcon.colcon_core.package_identification:_identify(rosbag2_2023_05_01-19_05_16) by extensions ['cmake', 'python']
[0.297s] Level 1:colcon.colcon_core.package_identification:_identify(rosbag2_2023_05_01-19_05_16) by extension 'cmake'
[0.297s] Level 1:colcon.colcon_core.package_identification:_identify(rosbag2_2023_05_01-19_05_16) by extension 'python'
[0.297s] Level 1:colcon.colcon_core.package_identification:_identify(rosbag2_2023_05_01-19_05_16) by extensions ['python_setup_py']
[0.297s] Level 1:colcon.colcon_core.package_identification:_identify(rosbag2_2023_05_01-19_05_16) by extension 'python_setup_py'
[0.297s] Level 1:colcon.colcon_core.package_identification:_identify(rosbag2_2023_05_04-15_20_23) by extensions ['ignore', 'ignore_ament_install']
[0.297s] Level 1:colcon.colcon_core.package_identification:_identify(rosbag2_2023_05_04-15_20_23) by extension 'ignore'
[0.297s] Level 1:colcon.colcon_core.package_identification:_identify(rosbag2_2023_05_04-15_20_23) by extension 'ignore_ament_install'
[0.297s] Level 1:colcon.colcon_core.package_identification:_identify(rosbag2_2023_05_04-15_20_23) by extensions ['colcon_pkg']
[0.297s] Level 1:colcon.colcon_core.package_identification:_identify(rosbag2_2023_05_04-15_20_23) by extension 'colcon_pkg'
[0.297s] Level 1:colcon.colcon_core.package_identification:_identify(rosbag2_2023_05_04-15_20_23) by extensions ['colcon_meta']
[0.297s] Level 1:colcon.colcon_core.package_identification:_identify(rosbag2_2023_05_04-15_20_23) by extension 'colcon_meta'
[0.297s] Level 1:colcon.colcon_core.package_identification:_identify(rosbag2_2023_05_04-15_20_23) by extensions ['ros']
[0.297s] Level 1:colcon.colcon_core.package_identification:_identify(rosbag2_2023_05_04-15_20_23) by extension 'ros'
[0.297s] Level 1:colcon.colcon_core.package_identification:_identify(rosbag2_2023_05_04-15_20_23) by extensions ['cmake', 'python']
[0.297s] Level 1:colcon.colcon_core.package_identification:_identify(rosbag2_2023_05_04-15_20_23) by extension 'cmake'
[0.297s] Level 1:colcon.colcon_core.package_identification:_identify(rosbag2_2023_05_04-15_20_23) by extension 'python'
[0.297s] Level 1:colcon.colcon_core.package_identification:_identify(rosbag2_2023_05_04-15_20_23) by extensions ['python_setup_py']
[0.297s] Level 1:colcon.colcon_core.package_identification:_identify(rosbag2_2023_05_04-15_20_23) by extension 'python_setup_py'
[0.297s] Level 1:colcon.colcon_core.package_identification:_identify(rosbag2_2023_05_04-15_20_40) by extensions ['ignore', 'ignore_ament_install']
[0.297s] Level 1:colcon.colcon_core.package_identification:_identify(rosbag2_2023_05_04-15_20_40) by extension 'ignore'
[0.297s] Level 1:colcon.colcon_core.package_identification:_identify(rosbag2_2023_05_04-15_20_40) by extension 'ignore_ament_install'
[0.297s] Level 1:colcon.colcon_core.package_identification:_identify(rosbag2_2023_05_04-15_20_40) by extensions ['colcon_pkg']
[0.297s] Level 1:colcon.colcon_core.package_identification:_identify(rosbag2_2023_05_04-15_20_40) by extension 'colcon_pkg'
[0.298s] Level 1:colcon.colcon_core.package_identification:_identify(rosbag2_2023_05_04-15_20_40) by extensions ['colcon_meta']
[0.298s] Level 1:colcon.colcon_core.package_identification:_identify(rosbag2_2023_05_04-15_20_40) by extension 'colcon_meta'
[0.298s] Level 1:colcon.colcon_core.package_identification:_identify(rosbag2_2023_05_04-15_20_40) by extensions ['ros']
[0.298s] Level 1:colcon.colcon_core.package_identification:_identify(rosbag2_2023_05_04-15_20_40) by extension 'ros'
[0.298s] Level 1:colcon.colcon_core.package_identification:_identify(rosbag2_2023_05_04-15_20_40) by extensions ['cmake', 'python']
[0.298s] Level 1:colcon.colcon_core.package_identification:_identify(rosbag2_2023_05_04-15_20_40) by extension 'cmake'
[0.298s] Level 1:colcon.colcon_core.package_identification:_identify(rosbag2_2023_05_04-15_20_40) by extension 'python'
[0.298s] Level 1:colcon.colcon_core.package_identification:_identify(rosbag2_2023_05_04-15_20_40) by extensions ['python_setup_py']
[0.298s] Level 1:colcon.colcon_core.package_identification:_identify(rosbag2_2023_05_04-15_20_40) by extension 'python_setup_py'
[0.298s] Level 1:colcon.colcon_core.package_identification:_identify(rosbag2_2023_05_04-15_24_02) by extensions ['ignore', 'ignore_ament_install']
[0.298s] Level 1:colcon.colcon_core.package_identification:_identify(rosbag2_2023_05_04-15_24_02) by extension 'ignore'
[0.298s] Level 1:colcon.colcon_core.package_identification:_identify(rosbag2_2023_05_04-15_24_02) by extension 'ignore_ament_install'
[0.298s] Level 1:colcon.colcon_core.package_identification:_identify(rosbag2_2023_05_04-15_24_02) by extensions ['colcon_pkg']
[0.298s] Level 1:colcon.colcon_core.package_identification:_identify(rosbag2_2023_05_04-15_24_02) by extension 'colcon_pkg'
[0.298s] Level 1:colcon.colcon_core.package_identification:_identify(rosbag2_2023_05_04-15_24_02) by extensions ['colcon_meta']
[0.298s] Level 1:colcon.colcon_core.package_identification:_identify(rosbag2_2023_05_04-15_24_02) by extension 'colcon_meta'
[0.298s] Level 1:colcon.colcon_core.package_identification:_identify(rosbag2_2023_05_04-15_24_02) by extensions ['ros']
[0.298s] Level 1:colcon.colcon_core.package_identification:_identify(rosbag2_2023_05_04-15_24_02) by extension 'ros'
[0.298s] Level 1:colcon.colcon_core.package_identification:_identify(rosbag2_2023_05_04-15_24_02) by extensions ['cmake', 'python']
[0.298s] Level 1:colcon.colcon_core.package_identification:_identify(rosbag2_2023_05_04-15_24_02) by extension 'cmake'
[0.298s] Level 1:colcon.colcon_core.package_identification:_identify(rosbag2_2023_05_04-15_24_02) by extension 'python'
[0.298s] Level 1:colcon.colcon_core.package_identification:_identify(rosbag2_2023_05_04-15_24_02) by extensions ['python_setup_py']
[0.298s] Level 1:colcon.colcon_core.package_identification:_identify(rosbag2_2023_05_04-15_24_02) by extension 'python_setup_py'
[0.298s] Level 1:colcon.colcon_core.package_identification:_identify(src) by extensions ['ignore', 'ignore_ament_install']
[0.298s] Level 1:colcon.colcon_core.package_identification:_identify(src) by extension 'ignore'
[0.298s] Level 1:colcon.colcon_core.package_identification:_identify(src) by extension 'ignore_ament_install'
[0.298s] Level 1:colcon.colcon_core.package_identification:_identify(src) by extensions ['colcon_pkg']
[0.298s] Level 1:colcon.colcon_core.package_identification:_identify(src) by extension 'colcon_pkg'
[0.298s] Level 1:colcon.colcon_core.package_identification:_identify(src) by extensions ['colcon_meta']
[0.298s] Level 1:colcon.colcon_core.package_identification:_identify(src) by extension 'colcon_meta'
[0.298s] Level 1:colcon.colcon_core.package_identification:_identify(src) by extensions ['ros']
[0.298s] Level 1:colcon.colcon_core.package_identification:_identify(src) by extension 'ros'
[0.298s] Level 1:colcon.colcon_core.package_identification:_identify(src) by extensions ['cmake', 'python']
[0.298s] Level 1:colcon.colcon_core.package_identification:_identify(src) by extension 'cmake'
[0.298s] Level 1:colcon.colcon_core.package_identification:_identify(src) by extension 'python'
[0.298s] Level 1:colcon.colcon_core.package_identification:_identify(src) by extensions ['python_setup_py']
[0.298s] Level 1:colcon.colcon_core.package_identification:_identify(src) by extension 'python_setup_py'
[0.298s] Level 1:colcon.colcon_core.package_identification:_identify(src/cmrdv_actuators) by extensions ['ignore', 'ignore_ament_install']
[0.298s] Level 1:colcon.colcon_core.package_identification:_identify(src/cmrdv_actuators) by extension 'ignore'
[0.299s] Level 1:colcon.colcon_core.package_identification:_identify(src/cmrdv_actuators) by extension 'ignore_ament_install'
[0.299s] Level 1:colcon.colcon_core.package_identification:_identify(src/cmrdv_actuators) by extensions ['colcon_pkg']
[0.299s] Level 1:colcon.colcon_core.package_identification:_identify(src/cmrdv_actuators) by extension 'colcon_pkg'
[0.299s] Level 1:colcon.colcon_core.package_identification:_identify(src/cmrdv_actuators) by extensions ['colcon_meta']
[0.299s] Level 1:colcon.colcon_core.package_identification:_identify(src/cmrdv_actuators) by extension 'colcon_meta'
[0.299s] Level 1:colcon.colcon_core.package_identification:_identify(src/cmrdv_actuators) by extensions ['ros']
[0.299s] Level 1:colcon.colcon_core.package_identification:_identify(src/cmrdv_actuators) by extension 'ros'
[0.300s] DEBUG:colcon.colcon_core.package_identification:Package 'src/cmrdv_actuators' with type 'ros.ament_python' and name 'cmrdv_actuators'
[0.301s] Level 1:colcon.colcon_core.package_identification:_identify(src/cmrdv_bringup) by extensions ['ignore', 'ignore_ament_install']
[0.301s] Level 1:colcon.colcon_core.package_identification:_identify(src/cmrdv_bringup) by extension 'ignore'
[0.301s] Level 1:colcon.colcon_core.package_identification:_identify(src/cmrdv_bringup) by extension 'ignore_ament_install'
[0.301s] Level 1:colcon.colcon_core.package_identification:_identify(src/cmrdv_bringup) by extensions ['colcon_pkg']
[0.301s] Level 1:colcon.colcon_core.package_identification:_identify(src/cmrdv_bringup) by extension 'colcon_pkg'
[0.301s] Level 1:colcon.colcon_core.package_identification:_identify(src/cmrdv_bringup) by extensions ['colcon_meta']
[0.301s] Level 1:colcon.colcon_core.package_identification:_identify(src/cmrdv_bringup) by extension 'colcon_meta'
[0.301s] Level 1:colcon.colcon_core.package_identification:_identify(src/cmrdv_bringup) by extensions ['ros']
[0.301s] Level 1:colcon.colcon_core.package_identification:_identify(src/cmrdv_bringup) by extension 'ros'
[0.301s] DEBUG:colcon.colcon_core.package_identification:Package 'src/cmrdv_bringup' with type 'ros.ament_python' and name 'cmrdv_bringup'
[0.301s] Level 1:colcon.colcon_core.package_identification:_identify(src/cmrdv_collection) by extensions ['ignore', 'ignore_ament_install']
[0.302s] Level 1:colcon.colcon_core.package_identification:_identify(src/cmrdv_collection) by extension 'ignore'
[0.302s] Level 1:colcon.colcon_core.package_identification:_identify(src/cmrdv_collection) by extension 'ignore_ament_install'
[0.302s] Level 1:colcon.colcon_core.package_identification:_identify(src/cmrdv_collection) by extensions ['colcon_pkg']
[0.302s] Level 1:colcon.colcon_core.package_identification:_identify(src/cmrdv_collection) by extension 'colcon_pkg'
[0.302s] Level 1:colcon.colcon_core.package_identification:_identify(src/cmrdv_collection) by extensions ['colcon_meta']
[0.302s] Level 1:colcon.colcon_core.package_identification:_identify(src/cmrdv_collection) by extension 'colcon_meta'
[0.302s] Level 1:colcon.colcon_core.package_identification:_identify(src/cmrdv_collection) by extensions ['ros']
[0.302s] Level 1:colcon.colcon_core.package_identification:_identify(src/cmrdv_collection) by extension 'ros'
[0.303s] DEBUG:colcon.colcon_core.package_identification:Package 'src/cmrdv_collection' with type 'ros.ament_python' and name 'cmrdv_collection'
[0.303s] Level 1:colcon.colcon_core.package_identification:_identify(src/cmrdv_common) by extensions ['ignore', 'ignore_ament_install']
[0.303s] Level 1:colcon.colcon_core.package_identification:_identify(src/cmrdv_common) by extension 'ignore'
[0.303s] Level 1:colcon.colcon_core.package_identification:_identify(src/cmrdv_common) by extension 'ignore_ament_install'
[0.303s] Level 1:colcon.colcon_core.package_identification:_identify(src/cmrdv_common) by extensions ['colcon_pkg']
[0.303s] Level 1:colcon.colcon_core.package_identification:_identify(src/cmrdv_common) by extension 'colcon_pkg'
[0.303s] Level 1:colcon.colcon_core.package_identification:_identify(src/cmrdv_common) by extensions ['colcon_meta']
[0.303s] Level 1:colcon.colcon_core.package_identification:_identify(src/cmrdv_common) by extension 'colcon_meta'
[0.303s] Level 1:colcon.colcon_core.package_identification:_identify(src/cmrdv_common) by extensions ['ros']
[0.303s] Level 1:colcon.colcon_core.package_identification:_identify(src/cmrdv_common) by extension 'ros'
[0.304s] DEBUG:colcon.colcon_core.package_identification:Package 'src/cmrdv_common' with type 'ros.ament_python' and name 'cmrdv_common'
[0.305s] Level 1:colcon.colcon_core.package_identification:_identify(src/cmrdv_controls) by extensions ['ignore', 'ignore_ament_install']
[0.305s] Level 1:colcon.colcon_core.package_identification:_identify(src/cmrdv_controls) by extension 'ignore'
[0.305s] Level 1:colcon.colcon_core.package_identification:_identify(src/cmrdv_controls) by extension 'ignore_ament_install'
[0.305s] Level 1:colcon.colcon_core.package_identification:_identify(src/cmrdv_controls) by extensions ['colcon_pkg']
[0.305s] Level 1:colcon.colcon_core.package_identification:_identify(src/cmrdv_controls) by extension 'colcon_pkg'
[0.305s] Level 1:colcon.colcon_core.package_identification:_identify(src/cmrdv_controls) by extensions ['colcon_meta']
[0.305s] Level 1:colcon.colcon_core.package_identification:_identify(src/cmrdv_controls) by extension 'colcon_meta'
[0.305s] Level 1:colcon.colcon_core.package_identification:_identify(src/cmrdv_controls) by extensions ['ros']
[0.305s] Level 1:colcon.colcon_core.package_identification:_identify(src/cmrdv_controls) by extension 'ros'
[0.306s] DEBUG:colcon.colcon_core.package_identification:Package 'src/cmrdv_controls' with type 'ros.ament_python' and name 'cmrdv_controls'
[0.306s] Level 1:colcon.colcon_core.package_identification:_identify(src/cmrdv_interfaces) by extensions ['ignore', 'ignore_ament_install']
[0.306s] Level 1:colcon.colcon_core.package_identification:_identify(src/cmrdv_interfaces) by extension 'ignore'
[0.306s] Level 1:colcon.colcon_core.package_identification:_identify(src/cmrdv_interfaces) by extension 'ignore_ament_install'
[0.306s] Level 1:colcon.colcon_core.package_identification:_identify(src/cmrdv_interfaces) by extensions ['colcon_pkg']
[0.306s] Level 1:colcon.colcon_core.package_identification:_identify(src/cmrdv_interfaces) by extension 'colcon_pkg'
[0.306s] Level 1:colcon.colcon_core.package_identification:_identify(src/cmrdv_interfaces) by extensions ['colcon_meta']
[0.306s] Level 1:colcon.colcon_core.package_identification:_identify(src/cmrdv_interfaces) by extension 'colcon_meta'
[0.306s] Level 1:colcon.colcon_core.package_identification:_identify(src/cmrdv_interfaces) by extensions ['ros']
[0.306s] Level 1:colcon.colcon_core.package_identification:_identify(src/cmrdv_interfaces) by extension 'ros'
[0.307s] DEBUG:colcon.colcon_core.package_identification:Package 'src/cmrdv_interfaces' with type 'ros.ament_cmake' and name 'cmrdv_interfaces'
[0.307s] Level 1:colcon.colcon_core.package_identification:_identify(src/cmrdv_perceptions) by extensions ['ignore', 'ignore_ament_install']
[0.307s] Level 1:colcon.colcon_core.package_identification:_identify(src/cmrdv_perceptions) by extension 'ignore'
[0.307s] Level 1:colcon.colcon_core.package_identification:_identify(src/cmrdv_perceptions) by extension 'ignore_ament_install'
[0.307s] Level 1:colcon.colcon_core.package_identification:_identify(src/cmrdv_perceptions) by extensions ['colcon_pkg']
[0.307s] Level 1:colcon.colcon_core.package_identification:_identify(src/cmrdv_perceptions) by extension 'colcon_pkg'
[0.307s] Level 1:colcon.colcon_core.package_identification:_identify(src/cmrdv_perceptions) by extensions ['colcon_meta']
[0.307s] Level 1:colcon.colcon_core.package_identification:_identify(src/cmrdv_perceptions) by extension 'colcon_meta'
[0.307s] Level 1:colcon.colcon_core.package_identification:_identify(src/cmrdv_perceptions) by extensions ['ros']
[0.307s] Level 1:colcon.colcon_core.package_identification:_identify(src/cmrdv_perceptions) by extension 'ros'
[0.308s] DEBUG:colcon.colcon_core.package_identification:Package 'src/cmrdv_perceptions' with type 'ros.ament_python' and name 'cmrdv_perceptions'
[0.308s] Level 1:colcon.colcon_core.package_identification:_identify(src/cmrdv_planning) by extensions ['ignore', 'ignore_ament_install']
[0.308s] Level 1:colcon.colcon_core.package_identification:_identify(src/cmrdv_planning) by extension 'ignore'
[0.308s] Level 1:colcon.colcon_core.package_identification:_identify(src/cmrdv_planning) by extension 'ignore_ament_install'
[0.308s] Level 1:colcon.colcon_core.package_identification:_identify(src/cmrdv_planning) by extensions ['colcon_pkg']
[0.308s] Level 1:colcon.colcon_core.package_identification:_identify(src/cmrdv_planning) by extension 'colcon_pkg'
[0.308s] Level 1:colcon.colcon_core.package_identification:_identify(src/cmrdv_planning) by extensions ['colcon_meta']
[0.308s] Level 1:colcon.colcon_core.package_identification:_identify(src/cmrdv_planning) by extension 'colcon_meta'
[0.308s] Level 1:colcon.colcon_core.package_identification:_identify(src/cmrdv_planning) by extensions ['ros']
[0.308s] Level 1:colcon.colcon_core.package_identification:_identify(src/cmrdv_planning) by extension 'ros'
[0.308s] DEBUG:colcon.colcon_core.package_identification:Package 'src/cmrdv_planning' with type 'ros.ament_python' and name 'cmrdv_planning'
[0.309s] Level 1:colcon.colcon_core.package_identification:_identify(src/eufs_msgs) by extensions ['ignore', 'ignore_ament_install']
[0.309s] Level 1:colcon.colcon_core.package_identification:_identify(src/eufs_msgs) by extension 'ignore'
[0.309s] Level 1:colcon.colcon_core.package_identification:_identify(src/eufs_msgs) by extension 'ignore_ament_install'
[0.309s] Level 1:colcon.colcon_core.package_identification:_identify(src/eufs_msgs) by extensions ['colcon_pkg']
[0.309s] Level 1:colcon.colcon_core.package_identification:_identify(src/eufs_msgs) by extension 'colcon_pkg'
[0.309s] Level 1:colcon.colcon_core.package_identification:_identify(src/eufs_msgs) by extensions ['colcon_meta']
[0.309s] Level 1:colcon.colcon_core.package_identification:_identify(src/eufs_msgs) by extension 'colcon_meta'
[0.309s] Level 1:colcon.colcon_core.package_identification:_identify(src/eufs_msgs) by extensions ['ros']
[0.309s] Level 1:colcon.colcon_core.package_identification:_identify(src/eufs_msgs) by extension 'ros'
[0.309s] DEBUG:colcon.colcon_core.package_identification:Package 'src/eufs_msgs' with type 'ros.ament_cmake' and name 'eufs_msgs'
[0.309s] Level 1:colcon.colcon_core.package_identification:_identify(src/velodyne) by extensions ['ignore', 'ignore_ament_install']
[0.309s] Level 1:colcon.colcon_core.package_identification:_identify(src/velodyne) by extension 'ignore'
[0.309s] Level 1:colcon.colcon_core.package_identification:_identify(src/velodyne) by extension 'ignore_ament_install'
[0.309s] Level 1:colcon.colcon_core.package_identification:_identify(src/velodyne) by extensions ['colcon_pkg']
[0.309s] Level 1:colcon.colcon_core.package_identification:_identify(src/velodyne) by extension 'colcon_pkg'
[0.309s] Level 1:colcon.colcon_core.package_identification:_identify(src/velodyne) by extensions ['colcon_meta']
[0.309s] Level 1:colcon.colcon_core.package_identification:_identify(src/velodyne) by extension 'colcon_meta'
[0.309s] Level 1:colcon.colcon_core.package_identification:_identify(src/velodyne) by extensions ['ros']
[0.309s] Level 1:colcon.colcon_core.package_identification:_identify(src/velodyne) by extension 'ros'
[0.309s] Level 1:colcon.colcon_core.package_identification:_identify(src/velodyne) by extensions ['cmake', 'python']
[0.310s] Level 1:colcon.colcon_core.package_identification:_identify(src/velodyne) by extension 'cmake'
[0.310s] Level 1:colcon.colcon_core.package_identification:_identify(src/velodyne) by extension 'python'
[0.310s] Level 1:colcon.colcon_core.package_identification:_identify(src/velodyne) by extensions ['python_setup_py']
[0.310s] Level 1:colcon.colcon_core.package_identification:_identify(src/velodyne) by extension 'python_setup_py'
[0.310s] Level 1:colcon.colcon_core.package_identification:_identify(src/zed-ros2-wrapper) by extensions ['ignore', 'ignore_ament_install']
[0.310s] Level 1:colcon.colcon_core.package_identification:_identify(src/zed-ros2-wrapper) by extension 'ignore'
[0.310s] Level 1:colcon.colcon_core.package_identification:_identify(src/zed-ros2-wrapper) by extension 'ignore_ament_install'
[0.310s] Level 1:colcon.colcon_core.package_identification:_identify(src/zed-ros2-wrapper) by extensions ['colcon_pkg']
[0.310s] Level 1:colcon.colcon_core.package_identification:_identify(src/zed-ros2-wrapper) by extension 'colcon_pkg'
[0.310s] Level 1:colcon.colcon_core.package_identification:_identify(src/zed-ros2-wrapper) by extensions ['colcon_meta']
[0.310s] Level 1:colcon.colcon_core.package_identification:_identify(src/zed-ros2-wrapper) by extension 'colcon_meta'
[0.310s] Level 1:colcon.colcon_core.package_identification:_identify(src/zed-ros2-wrapper) by extensions ['ros']
[0.310s] Level 1:colcon.colcon_core.package_identification:_identify(src/zed-ros2-wrapper) by extension 'ros'
[0.310s] Level 1:colcon.colcon_core.package_identification:_identify(src/zed-ros2-wrapper) by extensions ['cmake', 'python']
[0.310s] Level 1:colcon.colcon_core.package_identification:_identify(src/zed-ros2-wrapper) by extension 'cmake'
[0.310s] Level 1:colcon.colcon_core.package_identification:_identify(src/zed-ros2-wrapper) by extension 'python'
[0.310s] Level 1:colcon.colcon_core.package_identification:_identify(src/zed-ros2-wrapper) by extensions ['python_setup_py']
[0.310s] Level 1:colcon.colcon_core.package_identification:_identify(src/zed-ros2-wrapper) by extension 'python_setup_py'
[0.310s] Level 1:colcon.colcon_core.package_discovery:discover_packages(recursive) using defaults
[0.310s] Level 1:colcon.colcon_core.package_discovery:discover_packages(ignore) discover
[0.310s] Level 1:colcon.colcon_core.package_discovery:discover_packages(ignore) using defaults
[0.310s] Level 1:colcon.colcon_core.package_discovery:discover_packages(path) discover
[0.310s] Level 1:colcon.colcon_core.package_discovery:discover_packages(path) using defaults
[0.330s] Level 1:colcon.colcon_core.package_discovery:discover_packages(prefix_path) check parameters
[0.330s] Level 1:colcon.colcon_core.package_discovery:discover_packages(prefix_path) discover
[0.333s] DEBUG:colcon.colcon_installed_package_information.package_discovery:Found 301 installed packages in /opt/ros/galactic
[0.334s] Level 1:colcon.colcon_core.package_discovery:discover_packages(prefix_path) using defaults
[0.392s] Level 5:colcon.colcon_core.verb:set package 'cmrdv_common' build argument 'cmake_args' from command line to 'None'
[0.392s] Level 5:colcon.colcon_core.verb:set package 'cmrdv_common' build argument 'cmake_target' from command line to 'None'
[0.392s] Level 5:colcon.colcon_core.verb:set package 'cmrdv_common' build argument 'cmake_target_skip_unavailable' from command line to 'False'
[0.392s] Level 5:colcon.colcon_core.verb:set package 'cmrdv_common' build argument 'cmake_clean_cache' from command line to 'False'
[0.392s] Level 5:colcon.colcon_core.verb:set package 'cmrdv_common' build argument 'cmake_clean_first' from command line to 'False'
[0.392s] Level 5:colcon.colcon_core.verb:set package 'cmrdv_common' build argument 'cmake_force_configure' from command line to 'False'
[0.392s] Level 5:colcon.colcon_core.verb:set package 'cmrdv_common' build argument 'ament_cmake_args' from command line to 'None'
[0.392s] Level 5:colcon.colcon_core.verb:set package 'cmrdv_common' build argument 'catkin_cmake_args' from command line to 'None'
[0.392s] Level 5:colcon.colcon_core.verb:set package 'cmrdv_common' build argument 'catkin_skip_building_tests' from command line to 'False'
[0.392s] DEBUG:colcon.colcon_core.verb:Building package 'cmrdv_common' with the following arguments: {'ament_cmake_args': None, 'build_base': '/home/ankit/Documents/Autonomous/cmr-fsdv/cmrdv_ws/build/cmrdv_common', 'catkin_cmake_args': None, 'catkin_skip_building_tests': False, 'cmake_args': None, 'cmake_clean_cache': False, 'cmake_clean_first': False, 'cmake_force_configure': False, 'cmake_target': None, 'cmake_target_skip_unavailable': False, 'install_base': '/home/ankit/Documents/Autonomous/cmr-fsdv/cmrdv_ws/install/cmrdv_common', 'merge_install': False, 'path': '/home/ankit/Documents/Autonomous/cmr-fsdv/cmrdv_ws/src/cmrdv_common', 'symlink_install': False, 'test_result_base': None}
[0.393s] Level 5:colcon.colcon_core.verb:set package 'cmrdv_planning' build argument 'cmake_args' from command line to 'None'
[0.393s] Level 5:colcon.colcon_core.verb:set package 'cmrdv_planning' build argument 'cmake_target' from command line to 'None'
[0.393s] Level 5:colcon.colcon_core.verb:set package 'cmrdv_planning' build argument 'cmake_target_skip_unavailable' from command line to 'False'
[0.393s] Level 5:colcon.colcon_core.verb:set package 'cmrdv_planning' build argument 'cmake_clean_cache' from command line to 'False'
[0.393s] Level 5:colcon.colcon_core.verb:set package 'cmrdv_planning' build argument 'cmake_clean_first' from command line to 'False'
[0.393s] Level 5:colcon.colcon_core.verb:set package 'cmrdv_planning' build argument 'cmake_force_configure' from command line to 'False'
[0.393s] Level 5:colcon.colcon_core.verb:set package 'cmrdv_planning' build argument 'ament_cmake_args' from command line to 'None'
[0.393s] Level 5:colcon.colcon_core.verb:set package 'cmrdv_planning' build argument 'catkin_cmake_args' from command line to 'None'
[0.393s] Level 5:colcon.colcon_core.verb:set package 'cmrdv_planning' build argument 'catkin_skip_building_tests' from command line to 'False'
[0.393s] DEBUG:colcon.colcon_core.verb:Building package 'cmrdv_planning' with the following arguments: {'ament_cmake_args': None, 'build_base': '/home/ankit/Documents/Autonomous/cmr-fsdv/cmrdv_ws/build/cmrdv_planning', 'catkin_cmake_args': None, 'catkin_skip_building_tests': False, 'cmake_args': None, 'cmake_clean_cache': False, 'cmake_clean_first': False, 'cmake_force_configure': False, 'cmake_target': None, 'cmake_target_skip_unavailable': False, 'install_base': '/home/ankit/Documents/Autonomous/cmr-fsdv/cmrdv_ws/install/cmrdv_planning', 'merge_install': False, 'path': '/home/ankit/Documents/Autonomous/cmr-fsdv/cmrdv_ws/src/cmrdv_planning', 'symlink_install': False, 'test_result_base': None}
[0.394s] Level 5:colcon.colcon_core.verb:set package 'eufs_msgs' build argument 'cmake_args' from command line to 'None'
[0.394s] Level 5:colcon.colcon_core.verb:set package 'eufs_msgs' build argument 'cmake_target' from command line to 'None'
[0.394s] Level 5:colcon.colcon_core.verb:set package 'eufs_msgs' build argument 'cmake_target_skip_unavailable' from command line to 'False'
[0.394s] Level 5:colcon.colcon_core.verb:set package 'eufs_msgs' build argument 'cmake_clean_cache' from command line to 'False'
[0.394s] Level 5:colcon.colcon_core.verb:set package 'eufs_msgs' build argument 'cmake_clean_first' from command line to 'False'
[0.394s] Level 5:colcon.colcon_core.verb:set package 'eufs_msgs' build argument 'cmake_force_configure' from command line to 'False'
[0.394s] Level 5:colcon.colcon_core.verb:set package 'eufs_msgs' build argument 'ament_cmake_args' from command line to 'None'
[0.394s] Level 5:colcon.colcon_core.verb:set package 'eufs_msgs' build argument 'catkin_cmake_args' from command line to 'None'
[0.394s] Level 5:colcon.colcon_core.verb:set package 'eufs_msgs' build argument 'catkin_skip_building_tests' from command line to 'False'
[0.394s] DEBUG:colcon.colcon_core.verb:Building package 'eufs_msgs' with the following arguments: {'ament_cmake_args': None, 'build_base': '/home/ankit/Documents/Autonomous/cmr-fsdv/cmrdv_ws/build/eufs_msgs', 'catkin_cmake_args': None, 'catkin_skip_building_tests': False, 'cmake_args': None, 'cmake_clean_cache': False, 'cmake_clean_first': False, 'cmake_force_configure': False, 'cmake_target': None, 'cmake_target_skip_unavailable': False, 'install_base': '/home/ankit/Documents/Autonomous/cmr-fsdv/cmrdv_ws/install/eufs_msgs', 'merge_install': False, 'path': '/home/ankit/Documents/Autonomous/cmr-fsdv/cmrdv_ws/src/eufs_msgs', 'symlink_install': False, 'test_result_base': None}
[0.394s] Level 5:colcon.colcon_core.verb:set package 'cmrdv_interfaces' build argument 'cmake_args' from command line to 'None'
[0.394s] Level 5:colcon.colcon_core.verb:set package 'cmrdv_interfaces' build argument 'cmake_target' from command line to 'None'
[0.394s] Level 5:colcon.colcon_core.verb:set package 'cmrdv_interfaces' build argument 'cmake_target_skip_unavailable' from command line to 'False'
[0.394s] Level 5:colcon.colcon_core.verb:set package 'cmrdv_interfaces' build argument 'cmake_clean_cache' from command line to 'False'
[0.394s] Level 5:colcon.colcon_core.verb:set package 'cmrdv_interfaces' build argument 'cmake_clean_first' from command line to 'False'
[0.394s] Level 5:colcon.colcon_core.verb:set package 'cmrdv_interfaces' build argument 'cmake_force_configure' from command line to 'False'
[0.394s] Level 5:colcon.colcon_core.verb:set package 'cmrdv_interfaces' build argument 'ament_cmake_args' from command line to 'None'
[0.394s] Level 5:colcon.colcon_core.verb:set package 'cmrdv_interfaces' build argument 'catkin_cmake_args' from command line to 'None'
[0.394s] Level 5:colcon.colcon_core.verb:set package 'cmrdv_interfaces' build argument 'catkin_skip_building_tests' from command line to 'False'
[0.394s] DEBUG:colcon.colcon_core.verb:Building package 'cmrdv_interfaces' with the following arguments: {'ament_cmake_args': None, 'build_base': '/home/ankit/Documents/Autonomous/cmr-fsdv/cmrdv_ws/build/cmrdv_interfaces', 'catkin_cmake_args': None, 'catkin_skip_building_tests': False, 'cmake_args': None, 'cmake_clean_cache': False, 'cmake_clean_first': False, 'cmake_force_configure': False, 'cmake_target': None, 'cmake_target_skip_unavailable': False, 'install_base': '/home/ankit/Documents/Autonomous/cmr-fsdv/cmrdv_ws/install/cmrdv_interfaces', 'merge_install': False, 'path': '/home/ankit/Documents/Autonomous/cmr-fsdv/cmrdv_ws/src/cmrdv_interfaces', 'symlink_install': False, 'test_result_base': None}
[0.395s] Level 5:colcon.colcon_core.verb:set package 'cmrdv_actuators' build argument 'cmake_args' from command line to 'None'
[0.395s] Level 5:colcon.colcon_core.verb:set package 'cmrdv_actuators' build argument 'cmake_target' from command line to 'None'
[0.395s] Level 5:colcon.colcon_core.verb:set package 'cmrdv_actuators' build argument 'cmake_target_skip_unavailable' from command line to 'False'
[0.395s] Level 5:colcon.colcon_core.verb:set package 'cmrdv_actuators' build argument 'cmake_clean_cache' from command line to 'False'
[0.395s] Level 5:colcon.colcon_core.verb:set package 'cmrdv_actuators' build argument 'cmake_clean_first' from command line to 'False'
[0.395s] Level 5:colcon.colcon_core.verb:set package 'cmrdv_actuators' build argument 'cmake_force_configure' from command line to 'False'
[0.395s] Level 5:colcon.colcon_core.verb:set package 'cmrdv_actuators' build argument 'ament_cmake_args' from command line to 'None'
[0.395s] Level 5:colcon.colcon_core.verb:set package 'cmrdv_actuators' build argument 'catkin_cmake_args' from command line to 'None'
[0.395s] Level 5:colcon.colcon_core.verb:set package 'cmrdv_actuators' build argument 'catkin_skip_building_tests' from command line to 'False'
[0.395s] DEBUG:colcon.colcon_core.verb:Building package 'cmrdv_actuators' with the following arguments: {'ament_cmake_args': None, 'build_base': '/home/ankit/Documents/Autonomous/cmr-fsdv/cmrdv_ws/build/cmrdv_actuators', 'catkin_cmake_args': None, 'catkin_skip_building_tests': False, 'cmake_args': None, 'cmake_clean_cache': False, 'cmake_clean_first': False, 'cmake_force_configure': False, 'cmake_target': None, 'cmake_target_skip_unavailable': False, 'install_base': '/home/ankit/Documents/Autonomous/cmr-fsdv/cmrdv_ws/install/cmrdv_actuators', 'merge_install': False, 'path': '/home/ankit/Documents/Autonomous/cmr-fsdv/cmrdv_ws/src/cmrdv_actuators', 'symlink_install': False, 'test_result_base': None}
[0.396s] Level 5:colcon.colcon_core.verb:set package 'cmrdv_collection' build argument 'cmake_args' from command line to 'None'
[0.396s] Level 5:colcon.colcon_core.verb:set package 'cmrdv_collection' build argument 'cmake_target' from command line to 'None'
[0.396s] Level 5:colcon.colcon_core.verb:set package 'cmrdv_collection' build argument 'cmake_target_skip_unavailable' from command line to 'False'
[0.396s] Level 5:colcon.colcon_core.verb:set package 'cmrdv_collection' build argument 'cmake_clean_cache' from command line to 'False'
[0.396s] Level 5:colcon.colcon_core.verb:set package 'cmrdv_collection' build argument 'cmake_clean_first' from command line to 'False'
[0.396s] Level 5:colcon.colcon_core.verb:set package 'cmrdv_collection' build argument 'cmake_force_configure' from command line to 'False'
[0.396s] Level 5:colcon.colcon_core.verb:set package 'cmrdv_collection' build argument 'ament_cmake_args' from command line to 'None'
[0.396s] Level 5:colcon.colcon_core.verb:set package 'cmrdv_collection' build argument 'catkin_cmake_args' from command line to 'None'
[0.396s] Level 5:colcon.colcon_core.verb:set package 'cmrdv_collection' build argument 'catkin_skip_building_tests' from command line to 'False'
[0.396s] DEBUG:colcon.colcon_core.verb:Building package 'cmrdv_collection' with the following arguments: {'ament_cmake_args': None, 'build_base': '/home/ankit/Documents/Autonomous/cmr-fsdv/cmrdv_ws/build/cmrdv_collection', 'catkin_cmake_args': None, 'catkin_skip_building_tests': False, 'cmake_args': None, 'cmake_clean_cache': False, 'cmake_clean_first': False, 'cmake_force_configure': False, 'cmake_target': None, 'cmake_target_skip_unavailable': False, 'install_base': '/home/ankit/Documents/Autonomous/cmr-fsdv/cmrdv_ws/install/cmrdv_collection', 'merge_install': False, 'path': '/home/ankit/Documents/Autonomous/cmr-fsdv/cmrdv_ws/src/cmrdv_collection', 'symlink_install': False, 'test_result_base': None}
[0.396s] Level 5:colcon.colcon_core.verb:set package 'cmrdv_controls' build argument 'cmake_args' from command line to 'None'
[0.396s] Level 5:colcon.colcon_core.verb:set package 'cmrdv_controls' build argument 'cmake_target' from command line to 'None'
[0.396s] Level 5:colcon.colcon_core.verb:set package 'cmrdv_controls' build argument 'cmake_target_skip_unavailable' from command line to 'False'
[0.397s] Level 5:colcon.colcon_core.verb:set package 'cmrdv_controls' build argument 'cmake_clean_cache' from command line to 'False'
[0.397s] Level 5:colcon.colcon_core.verb:set package 'cmrdv_controls' build argument 'cmake_clean_first' from command line to 'False'
[0.397s] Level 5:colcon.colcon_core.verb:set package 'cmrdv_controls' build argument 'cmake_force_configure' from command line to 'False'
[0.397s] Level 5:colcon.colcon_core.verb:set package 'cmrdv_controls' build argument 'ament_cmake_args' from command line to 'None'
[0.397s] Level 5:colcon.colcon_core.verb:set package 'cmrdv_controls' build argument 'catkin_cmake_args' from command line to 'None'
[0.397s] Level 5:colcon.colcon_core.verb:set package 'cmrdv_controls' build argument 'catkin_skip_building_tests' from command line to 'False'
[0.397s] DEBUG:colcon.colcon_core.verb:Building package 'cmrdv_controls' with the following arguments: {'ament_cmake_args': None, 'build_base': '/home/ankit/Documents/Autonomous/cmr-fsdv/cmrdv_ws/build/cmrdv_controls', 'catkin_cmake_args': None, 'catkin_skip_building_tests': False, 'cmake_args': None, 'cmake_clean_cache': False, 'cmake_clean_first': False, 'cmake_force_configure': False, 'cmake_target': None, 'cmake_target_skip_unavailable': False, 'install_base': '/home/ankit/Documents/Autonomous/cmr-fsdv/cmrdv_ws/install/cmrdv_controls', 'merge_install': False, 'path': '/home/ankit/Documents/Autonomous/cmr-fsdv/cmrdv_ws/src/cmrdv_controls', 'symlink_install': False, 'test_result_base': None}
[0.397s] Level 5:colcon.colcon_core.verb:set package 'cmrdv_perceptions' build argument 'cmake_args' from command line to 'None'
[0.397s] Level 5:colcon.colcon_core.verb:set package 'cmrdv_perceptions' build argument 'cmake_target' from command line to 'None'
[0.397s] Level 5:colcon.colcon_core.verb:set package 'cmrdv_perceptions' build argument 'cmake_target_skip_unavailable' from command line to 'False'
[0.397s] Level 5:colcon.colcon_core.verb:set package 'cmrdv_perceptions' build argument 'cmake_clean_cache' from command line to 'False'
[0.397s] Level 5:colcon.colcon_core.verb:set package 'cmrdv_perceptions' build argument 'cmake_clean_first' from command line to 'False'
[0.397s] Level 5:colcon.colcon_core.verb:set package 'cmrdv_perceptions' build argument 'cmake_force_configure' from command line to 'False'
[0.397s] Level 5:colcon.colcon_core.verb:set package 'cmrdv_perceptions' build argument 'ament_cmake_args' from command line to 'None'
[0.397s] Level 5:colcon.colcon_core.verb:set package 'cmrdv_perceptions' build argument 'catkin_cmake_args' from command line to 'None'
[0.397s] Level 5:colcon.colcon_core.verb:set package 'cmrdv_perceptions' build argument 'catkin_skip_building_tests' from command line to 'False'
[0.397s] DEBUG:colcon.colcon_core.verb:Building package 'cmrdv_perceptions' with the following arguments: {'ament_cmake_args': None, 'build_base': '/home/ankit/Documents/Autonomous/cmr-fsdv/cmrdv_ws/build/cmrdv_perceptions', 'catkin_cmake_args': None, 'catkin_skip_building_tests': False, 'cmake_args': None, 'cmake_clean_cache': False, 'cmake_clean_first': False, 'cmake_force_configure': False, 'cmake_target': None, 'cmake_target_skip_unavailable': False, 'install_base': '/home/ankit/Documents/Autonomous/cmr-fsdv/cmrdv_ws/install/cmrdv_perceptions', 'merge_install': False, 'path': '/home/ankit/Documents/Autonomous/cmr-fsdv/cmrdv_ws/src/cmrdv_perceptions', 'symlink_install': False, 'test_result_base': None}
[0.398s] Level 5:colcon.colcon_core.verb:set package 'cmrdv_bringup' build argument 'cmake_args' from command line to 'None'
[0.398s] Level 5:colcon.colcon_core.verb:set package 'cmrdv_bringup' build argument 'cmake_target' from command line to 'None'
[0.398s] Level 5:colcon.colcon_core.verb:set package 'cmrdv_bringup' build argument 'cmake_target_skip_unavailable' from command line to 'False'
[0.398s] Level 5:colcon.colcon_core.verb:set package 'cmrdv_bringup' build argument 'cmake_clean_cache' from command line to 'False'
[0.398s] Level 5:colcon.colcon_core.verb:set package 'cmrdv_bringup' build argument 'cmake_clean_first' from command line to 'False'
[0.398s] Level 5:colcon.colcon_core.verb:set package 'cmrdv_bringup' build argument 'cmake_force_configure' from command line to 'False'
[0.398s] Level 5:colcon.colcon_core.verb:set package 'cmrdv_bringup' build argument 'ament_cmake_args' from command line to 'None'
[0.398s] Level 5:colcon.colcon_core.verb:set package 'cmrdv_bringup' build argument 'catkin_cmake_args' from command line to 'None'
[0.398s] Level 5:colcon.colcon_core.verb:set package 'cmrdv_bringup' build argument 'catkin_skip_building_tests' from command line to 'False'
[0.398s] DEBUG:colcon.colcon_core.verb:Building package 'cmrdv_bringup' with the following arguments: {'ament_cmake_args': None, 'build_base': '/home/ankit/Documents/Autonomous/cmr-fsdv/cmrdv_ws/build/cmrdv_bringup', 'catkin_cmake_args': None, 'catkin_skip_building_tests': False, 'cmake_args': None, 'cmake_clean_cache': False, 'cmake_clean_first': False, 'cmake_force_configure': False, 'cmake_target': None, 'cmake_target_skip_unavailable': False, 'install_base': '/home/ankit/Documents/Autonomous/cmr-fsdv/cmrdv_ws/install/cmrdv_bringup', 'merge_install': False, 'path': '/home/ankit/Documents/Autonomous/cmr-fsdv/cmrdv_ws/src/cmrdv_bringup', 'symlink_install': False, 'test_result_base': None}
[0.398s] INFO:colcon.colcon_core.executor:Executing jobs using 'parallel' executor
[0.401s] DEBUG:colcon.colcon_parallel_executor.executor.parallel:run_until_complete
[0.401s] INFO:colcon.colcon_ros.task.ament_python.build:Building ROS package in '/home/ankit/Documents/Autonomous/cmr-fsdv/cmrdv_ws/src/cmrdv_common' with build type 'ament_python'
[0.401s] Level 1:colcon.colcon_core.shell:create_environment_hook('cmrdv_common', 'ament_prefix_path')
[0.406s] INFO:colcon.colcon_core.plugin_system:Skipping extension 'colcon_core.shell.bat': Not used on non-Windows systems
[0.406s] INFO:colcon.colcon_core.shell:Creating environment hook '/home/ankit/Documents/Autonomous/cmr-fsdv/cmrdv_ws/install/cmrdv_common/share/cmrdv_common/hook/ament_prefix_path.ps1'
[0.407s] INFO:colcon.colcon_core.shell:Creating environment descriptor '/home/ankit/Documents/Autonomous/cmr-fsdv/cmrdv_ws/install/cmrdv_common/share/cmrdv_common/hook/ament_prefix_path.dsv'
[0.407s] INFO:colcon.colcon_core.shell:Creating environment hook '/home/ankit/Documents/Autonomous/cmr-fsdv/cmrdv_ws/install/cmrdv_common/share/cmrdv_common/hook/ament_prefix_path.sh'
[0.409s] INFO:colcon.colcon_core.shell:Skip shell extension 'powershell' for command environment: Not usable outside of PowerShell
[0.409s] DEBUG:colcon.colcon_core.shell:Skip shell extension 'dsv' for command environment
[0.413s] INFO:colcon.colcon_ros.task.ament_python.build:Building ROS package in '/home/ankit/Documents/Autonomous/cmr-fsdv/cmrdv_ws/src/cmrdv_planning' with build type 'ament_python'
[0.413s] Level 1:colcon.colcon_core.shell:create_environment_hook('cmrdv_planning', 'ament_prefix_path')
[0.414s] INFO:colcon.colcon_core.shell:Creating environment hook '/home/ankit/Documents/Autonomous/cmr-fsdv/cmrdv_ws/install/cmrdv_planning/share/cmrdv_planning/hook/ament_prefix_path.ps1'
[0.415s] INFO:colcon.colcon_core.shell:Creating environment descriptor '/home/ankit/Documents/Autonomous/cmr-fsdv/cmrdv_ws/install/cmrdv_planning/share/cmrdv_planning/hook/ament_prefix_path.dsv'
[0.415s] INFO:colcon.colcon_core.shell:Creating environment hook '/home/ankit/Documents/Autonomous/cmr-fsdv/cmrdv_ws/install/cmrdv_planning/share/cmrdv_planning/hook/ament_prefix_path.sh'
[0.416s] INFO:colcon.colcon_core.shell:Skip shell extension 'powershell' for command environment: Not usable outside of PowerShell
[0.416s] DEBUG:colcon.colcon_core.shell:Skip shell extension 'dsv' for command environment
[0.420s] INFO:colcon.colcon_ros.task.ament_cmake.build:Building ROS package in '/home/ankit/Documents/Autonomous/cmr-fsdv/cmrdv_ws/src/eufs_msgs' with build type 'ament_cmake'
[0.420s] INFO:colcon.colcon_cmake.task.cmake.build:Building CMake package in '/home/ankit/Documents/Autonomous/cmr-fsdv/cmrdv_ws/src/eufs_msgs'
[0.421s] INFO:colcon.colcon_core.shell:Skip shell extension 'powershell' for command environment: Not usable outside of PowerShell
[0.422s] DEBUG:colcon.colcon_core.shell:Skip shell extension 'dsv' for command environment
[0.595s] INFO:colcon.colcon_core.task.python.build:Building Python package in '/home/ankit/Documents/Autonomous/cmr-fsdv/cmrdv_ws/src/cmrdv_common'
[0.597s] INFO:colcon.colcon_core.shell:Skip shell extension 'powershell' for command environment: Not usable outside of PowerShell
[0.597s] DEBUG:colcon.colcon_core.shell:Skip shell extension 'dsv' for command environment
[0.767s] INFO:colcon.colcon_core.task.python.build:Building Python package in '/home/ankit/Documents/Autonomous/cmr-fsdv/cmrdv_ws/src/cmrdv_planning'
[0.768s] INFO:colcon.colcon_core.shell:Skip shell extension 'powershell' for command environment: Not usable outside of PowerShell
[0.769s] DEBUG:colcon.colcon_core.shell:Skip shell extension 'dsv' for command environment
[0.775s] DEBUG:colcon.colcon_core.event_handler.log_command:Invoking command in '/home/ankit/Documents/Autonomous/cmr-fsdv/cmrdv_ws/build/eufs_msgs': CMAKE_PREFIX_PATH=/opt/ros/galactic /usr/bin/cmake /home/ankit/Documents/Autonomous/cmr-fsdv/cmrdv_ws/src/eufs_msgs -DCMAKE_INSTALL_PREFIX=/home/ankit/Documents/Autonomous/cmr-fsdv/cmrdv_ws/install/eufs_msgs
[1.174s] DEBUG:colcon.colcon_core.event_handler.log_command:Invoking command in '/home/ankit/Documents/Autonomous/cmr-fsdv/cmrdv_ws/src/cmrdv_planning': PYTHONPATH=/home/ankit/Documents/Autonomous/cmr-fsdv/cmrdv_ws/build/cmrdv_planning/prefix_override:/home/ankit/Documents/Autonomous/cmr-fsdv/cmrdv_ws/install/cmrdv_planning/lib/python3.8/site-packages:${PYTHONPATH} /usr/bin/python3 setup.py egg_info --egg-base ../../build/cmrdv_planning build --build-base /home/ankit/Documents/Autonomous/cmr-fsdv/cmrdv_ws/build/cmrdv_planning/build install --record /home/ankit/Documents/Autonomous/cmr-fsdv/cmrdv_ws/build/cmrdv_planning/install.log --single-version-externally-managed
[1.178s] DEBUG:colcon.colcon_core.event_handler.log_command:Invoking command in '/home/ankit/Documents/Autonomous/cmr-fsdv/cmrdv_ws/src/cmrdv_common': PYTHONPATH=/home/ankit/Documents/Autonomous/cmr-fsdv/cmrdv_ws/build/cmrdv_common/prefix_override:/home/ankit/Documents/Autonomous/cmr-fsdv/cmrdv_ws/install/cmrdv_common/lib/python3.8/site-packages:${PYTHONPATH} /usr/bin/python3 setup.py egg_info --egg-base ../../build/cmrdv_common build --build-base /home/ankit/Documents/Autonomous/cmr-fsdv/cmrdv_ws/build/cmrdv_common/build install --record /home/ankit/Documents/Autonomous/cmr-fsdv/cmrdv_ws/build/cmrdv_common/install.log --single-version-externally-managed
[1.439s] DEBUG:colcon.colcon_core.event_handler.log_command:Invoked command in '/home/ankit/Documents/Autonomous/cmr-fsdv/cmrdv_ws/src/cmrdv_planning' returned '0': PYTHONPATH=/home/ankit/Documents/Autonomous/cmr-fsdv/cmrdv_ws/build/cmrdv_planning/prefix_override:/home/ankit/Documents/Autonomous/cmr-fsdv/cmrdv_ws/install/cmrdv_planning/lib/python3.8/site-packages:${PYTHONPATH} /usr/bin/python3 setup.py egg_info --egg-base ../../build/cmrdv_planning build --build-base /home/ankit/Documents/Autonomous/cmr-fsdv/cmrdv_ws/build/cmrdv_planning/build install --record /home/ankit/Documents/Autonomous/cmr-fsdv/cmrdv_ws/build/cmrdv_planning/install.log --single-version-externally-managed
[1.446s] Level 1:colcon.colcon_core.environment:checking '/home/ankit/Documents/Autonomous/cmr-fsdv/cmrdv_ws/install/cmrdv_planning' for CMake module files
[1.446s] Level 1:colcon.colcon_core.environment:checking '/home/ankit/Documents/Autonomous/cmr-fsdv/cmrdv_ws/install/cmrdv_planning' for CMake config files
[1.447s] Level 1:colcon.colcon_core.environment:checking '/home/ankit/Documents/Autonomous/cmr-fsdv/cmrdv_ws/install/cmrdv_planning/lib'
[1.447s] Level 1:colcon.colcon_core.environment:checking '/home/ankit/Documents/Autonomous/cmr-fsdv/cmrdv_ws/install/cmrdv_planning/bin'
[1.447s] Level 1:colcon.colcon_core.environment:checking '/home/ankit/Documents/Autonomous/cmr-fsdv/cmrdv_ws/install/cmrdv_planning/lib/pkgconfig/cmrdv_planning.pc'
[1.447s] Level 1:colcon.colcon_core.environment:checking '/home/ankit/Documents/Autonomous/cmr-fsdv/cmrdv_ws/install/cmrdv_planning/lib/python3.8/site-packages'
[1.448s] Level 1:colcon.colcon_core.shell:create_environment_hook('cmrdv_planning', 'pythonpath')
[1.449s] INFO:colcon.colcon_core.shell:Creating environment hook '/home/ankit/Documents/Autonomous/cmr-fsdv/cmrdv_ws/install/cmrdv_planning/share/cmrdv_planning/hook/pythonpath.ps1'
[1.450s] INFO:colcon.colcon_core.shell:Creating environment descriptor '/home/ankit/Documents/Autonomous/cmr-fsdv/cmrdv_ws/install/cmrdv_planning/share/cmrdv_planning/hook/pythonpath.dsv'
[1.450s] INFO:colcon.colcon_core.shell:Creating environment hook '/home/ankit/Documents/Autonomous/cmr-fsdv/cmrdv_ws/install/cmrdv_planning/share/cmrdv_planning/hook/pythonpath.sh'
[1.450s] Level 1:colcon.colcon_core.environment:checking '/home/ankit/Documents/Autonomous/cmr-fsdv/cmrdv_ws/install/cmrdv_planning/bin'
[1.450s] Level 1:colcon.colcon_core.environment:create_environment_scripts_only(cmrdv_planning)
[1.452s] INFO:colcon.colcon_core.shell:Creating package script '/home/ankit/Documents/Autonomous/cmr-fsdv/cmrdv_ws/install/cmrdv_planning/share/cmrdv_planning/package.ps1'
[1.453s] INFO:colcon.colcon_core.shell:Creating package descriptor '/home/ankit/Documents/Autonomous/cmr-fsdv/cmrdv_ws/install/cmrdv_planning/share/cmrdv_planning/package.dsv'
[1.454s] INFO:colcon.colcon_core.shell:Creating package script '/home/ankit/Documents/Autonomous/cmr-fsdv/cmrdv_ws/install/cmrdv_planning/share/cmrdv_planning/package.sh'
[1.455s] INFO:colcon.colcon_core.shell:Creating package script '/home/ankit/Documents/Autonomous/cmr-fsdv/cmrdv_ws/install/cmrdv_planning/share/cmrdv_planning/package.bash'
[1.455s] INFO:colcon.colcon_core.shell:Creating package script '/home/ankit/Documents/Autonomous/cmr-fsdv/cmrdv_ws/install/cmrdv_planning/share/cmrdv_planning/package.zsh'
[1.456s] Level 1:colcon.colcon_core.environment:create_file_with_runtime_dependencies(/home/ankit/Documents/Autonomous/cmr-fsdv/cmrdv_ws/install/cmrdv_planning/share/colcon-core/packages/cmrdv_planning)
[1.463s] Level 1:colcon.colcon_core.environment:checking '/home/ankit/Documents/Autonomous/cmr-fsdv/cmrdv_ws/install/cmrdv_common' for CMake module files
[1.463s] DEBUG:colcon.colcon_core.event_handler.log_command:Invoked command in '/home/ankit/Documents/Autonomous/cmr-fsdv/cmrdv_ws/src/cmrdv_common' returned '0': PYTHONPATH=/home/ankit/Documents/Autonomous/cmr-fsdv/cmrdv_ws/build/cmrdv_common/prefix_override:/home/ankit/Documents/Autonomous/cmr-fsdv/cmrdv_ws/install/cmrdv_common/lib/python3.8/site-packages:${PYTHONPATH} /usr/bin/python3 setup.py egg_info --egg-base ../../build/cmrdv_common build --build-base /home/ankit/Documents/Autonomous/cmr-fsdv/cmrdv_ws/build/cmrdv_common/build install --record /home/ankit/Documents/Autonomous/cmr-fsdv/cmrdv_ws/build/cmrdv_common/install.log --single-version-externally-managed
[1.463s] Level 1:colcon.colcon_core.environment:checking '/home/ankit/Documents/Autonomous/cmr-fsdv/cmrdv_ws/install/cmrdv_common' for CMake config files
[1.464s] Level 1:colcon.colcon_core.environment:checking '/home/ankit/Documents/Autonomous/cmr-fsdv/cmrdv_ws/install/cmrdv_common/lib'
[1.464s] Level 1:colcon.colcon_core.environment:checking '/home/ankit/Documents/Autonomous/cmr-fsdv/cmrdv_ws/install/cmrdv_common/bin'
[1.464s] Level 1:colcon.colcon_core.environment:checking '/home/ankit/Documents/Autonomous/cmr-fsdv/cmrdv_ws/install/cmrdv_common/lib/pkgconfig/cmrdv_common.pc'
[1.464s] Level 1:colcon.colcon_core.environment:checking '/home/ankit/Documents/Autonomous/cmr-fsdv/cmrdv_ws/install/cmrdv_common/lib/python3.8/site-packages'
[1.464s] Level 1:colcon.colcon_core.shell:create_environment_hook('cmrdv_common', 'pythonpath')
[1.465s] INFO:colcon.colcon_core.shell:Creating environment hook '/home/ankit/Documents/Autonomous/cmr-fsdv/cmrdv_ws/install/cmrdv_common/share/cmrdv_common/hook/pythonpath.ps1'
[1.465s] INFO:colcon.colcon_core.shell:Creating environment descriptor '/home/ankit/Documents/Autonomous/cmr-fsdv/cmrdv_ws/install/cmrdv_common/share/cmrdv_common/hook/pythonpath.dsv'
[1.466s] INFO:colcon.colcon_core.shell:Creating environment hook '/home/ankit/Documents/Autonomous/cmr-fsdv/cmrdv_ws/install/cmrdv_common/share/cmrdv_common/hook/pythonpath.sh'
[1.466s] Level 1:colcon.colcon_core.environment:checking '/home/ankit/Documents/Autonomous/cmr-fsdv/cmrdv_ws/install/cmrdv_common/bin'
[1.466s] Level 1:colcon.colcon_core.environment:create_environment_scripts_only(cmrdv_common)
[1.467s] INFO:colcon.colcon_core.shell:Creating package script '/home/ankit/Documents/Autonomous/cmr-fsdv/cmrdv_ws/install/cmrdv_common/share/cmrdv_common/package.ps1'
[1.468s] INFO:colcon.colcon_core.shell:Creating package descriptor '/home/ankit/Documents/Autonomous/cmr-fsdv/cmrdv_ws/install/cmrdv_common/share/cmrdv_common/package.dsv'
[1.468s] INFO:colcon.colcon_core.shell:Creating package script '/home/ankit/Documents/Autonomous/cmr-fsdv/cmrdv_ws/install/cmrdv_common/share/cmrdv_common/package.sh'
[1.469s] INFO:colcon.colcon_core.shell:Creating package script '/home/ankit/Documents/Autonomous/cmr-fsdv/cmrdv_ws/install/cmrdv_common/share/cmrdv_common/package.bash'
[1.469s] INFO:colcon.colcon_core.shell:Creating package script '/home/ankit/Documents/Autonomous/cmr-fsdv/cmrdv_ws/install/cmrdv_common/share/cmrdv_common/package.zsh'
[1.469s] Level 1:colcon.colcon_core.environment:create_file_with_runtime_dependencies(/home/ankit/Documents/Autonomous/cmr-fsdv/cmrdv_ws/install/cmrdv_common/share/colcon-core/packages/cmrdv_common)
[2.797s] DEBUG:colcon.colcon_core.event_handler.log_command:Invoked command in '/home/ankit/Documents/Autonomous/cmr-fsdv/cmrdv_ws/build/eufs_msgs' returned '0': CMAKE_PREFIX_PATH=/opt/ros/galactic /usr/bin/cmake /home/ankit/Documents/Autonomous/cmr-fsdv/cmrdv_ws/src/eufs_msgs -DCMAKE_INSTALL_PREFIX=/home/ankit/Documents/Autonomous/cmr-fsdv/cmrdv_ws/install/eufs_msgs
[2.799s] DEBUG:colcon.colcon_core.event_handler.log_command:Invoking command in '/home/ankit/Documents/Autonomous/cmr-fsdv/cmrdv_ws/build/eufs_msgs': CMAKE_PREFIX_PATH=/opt/ros/galactic /usr/bin/cmake --build /home/ankit/Documents/Autonomous/cmr-fsdv/cmrdv_ws/build/eufs_msgs -- -j8 -l8
[23.816s] DEBUG:colcon.colcon_core.event_handler.log_command:Invoked command in '/home/ankit/Documents/Autonomous/cmr-fsdv/cmrdv_ws/build/eufs_msgs' returned '0': CMAKE_PREFIX_PATH=/opt/ros/galactic /usr/bin/cmake --build /home/ankit/Documents/Autonomous/cmr-fsdv/cmrdv_ws/build/eufs_msgs -- -j8 -l8
[24.354s] DEBUG:colcon.colcon_core.event_handler.log_command:Invoking command in '/home/ankit/Documents/Autonomous/cmr-fsdv/cmrdv_ws/build/eufs_msgs': CMAKE_PREFIX_PATH=/opt/ros/galactic /usr/bin/cmake --install /home/ankit/Documents/Autonomous/cmr-fsdv/cmrdv_ws/build/eufs_msgs
[24.451s] Level 1:colcon.colcon_core.environment:create_environment_scripts_only(eufs_msgs)
[24.453s] Level 1:colcon.colcon_core.environment:checking '/home/ankit/Documents/Autonomous/cmr-fsdv/cmrdv_ws/install/eufs_msgs' for CMake module files
[24.453s] DEBUG:colcon.colcon_core.event_handler.log_command:Invoked command in '/home/ankit/Documents/Autonomous/cmr-fsdv/cmrdv_ws/build/eufs_msgs' returned '0': CMAKE_PREFIX_PATH=/opt/ros/galactic /usr/bin/cmake --install /home/ankit/Documents/Autonomous/cmr-fsdv/cmrdv_ws/build/eufs_msgs
[24.453s] Level 1:colcon.colcon_core.environment:checking '/home/ankit/Documents/Autonomous/cmr-fsdv/cmrdv_ws/install/eufs_msgs' for CMake config files
[24.454s] Level 1:colcon.colcon_core.shell:create_environment_hook('eufs_msgs', 'cmake_prefix_path')
[24.455s] INFO:colcon.colcon_core.shell:Creating environment hook '/home/ankit/Documents/Autonomous/cmr-fsdv/cmrdv_ws/install/eufs_msgs/share/eufs_msgs/hook/cmake_prefix_path.ps1'
[24.456s] INFO:colcon.colcon_core.shell:Creating environment descriptor '/home/ankit/Documents/Autonomous/cmr-fsdv/cmrdv_ws/install/eufs_msgs/share/eufs_msgs/hook/cmake_prefix_path.dsv'
[24.456s] INFO:colcon.colcon_core.shell:Creating environment hook '/home/ankit/Documents/Autonomous/cmr-fsdv/cmrdv_ws/install/eufs_msgs/share/eufs_msgs/hook/cmake_prefix_path.sh'
[24.456s] Level 1:colcon.colcon_core.environment:checking '/home/ankit/Documents/Autonomous/cmr-fsdv/cmrdv_ws/install/eufs_msgs/lib'
[24.456s] Level 1:colcon.colcon_core.shell:create_environment_hook('eufs_msgs', 'ld_library_path_lib')
[24.457s] INFO:colcon.colcon_core.shell:Creating environment hook '/home/ankit/Documents/Autonomous/cmr-fsdv/cmrdv_ws/install/eufs_msgs/share/eufs_msgs/hook/ld_library_path_lib.ps1'
[24.457s] INFO:colcon.colcon_core.shell:Creating environment descriptor '/home/ankit/Documents/Autonomous/cmr-fsdv/cmrdv_ws/install/eufs_msgs/share/eufs_msgs/hook/ld_library_path_lib.dsv'
[24.458s] INFO:colcon.colcon_core.shell:Creating environment hook '/home/ankit/Documents/Autonomous/cmr-fsdv/cmrdv_ws/install/eufs_msgs/share/eufs_msgs/hook/ld_library_path_lib.sh'
[24.458s] Level 1:colcon.colcon_core.environment:checking '/home/ankit/Documents/Autonomous/cmr-fsdv/cmrdv_ws/install/eufs_msgs/bin'
[24.458s] Level 1:colcon.colcon_core.environment:checking '/home/ankit/Documents/Autonomous/cmr-fsdv/cmrdv_ws/install/eufs_msgs/lib/pkgconfig/eufs_msgs.pc'
[24.458s] Level 1:colcon.colcon_core.environment:checking '/home/ankit/Documents/Autonomous/cmr-fsdv/cmrdv_ws/install/eufs_msgs/lib/python3.8/site-packages'
[24.458s] Level 1:colcon.colcon_core.shell:create_environment_hook('eufs_msgs', 'pythonpath')
[24.459s] INFO:colcon.colcon_core.shell:Creating environment hook '/home/ankit/Documents/Autonomous/cmr-fsdv/cmrdv_ws/install/eufs_msgs/share/eufs_msgs/hook/pythonpath.ps1'
[24.459s] INFO:colcon.colcon_core.shell:Creating environment descriptor '/home/ankit/Documents/Autonomous/cmr-fsdv/cmrdv_ws/install/eufs_msgs/share/eufs_msgs/hook/pythonpath.dsv'
[24.459s] INFO:colcon.colcon_core.shell:Creating environment hook '/home/ankit/Documents/Autonomous/cmr-fsdv/cmrdv_ws/install/eufs_msgs/share/eufs_msgs/hook/pythonpath.sh'
[24.460s] Level 1:colcon.colcon_core.environment:checking '/home/ankit/Documents/Autonomous/cmr-fsdv/cmrdv_ws/install/eufs_msgs/bin'
[24.461s] INFO:colcon.colcon_core.shell:Creating package script '/home/ankit/Documents/Autonomous/cmr-fsdv/cmrdv_ws/install/eufs_msgs/share/eufs_msgs/package.ps1'
[24.461s] INFO:colcon.colcon_core.shell:Creating package descriptor '/home/ankit/Documents/Autonomous/cmr-fsdv/cmrdv_ws/install/eufs_msgs/share/eufs_msgs/package.dsv'
[24.461s] INFO:colcon.colcon_core.shell:Creating package script '/home/ankit/Documents/Autonomous/cmr-fsdv/cmrdv_ws/install/eufs_msgs/share/eufs_msgs/package.sh'
[24.461s] INFO:colcon.colcon_core.shell:Creating package script '/home/ankit/Documents/Autonomous/cmr-fsdv/cmrdv_ws/install/eufs_msgs/share/eufs_msgs/package.bash'
[24.462s] INFO:colcon.colcon_core.shell:Creating package script '/home/ankit/Documents/Autonomous/cmr-fsdv/cmrdv_ws/install/eufs_msgs/share/eufs_msgs/package.zsh'
[24.462s] Level 1:colcon.colcon_core.environment:create_file_with_runtime_dependencies(/home/ankit/Documents/Autonomous/cmr-fsdv/cmrdv_ws/install/eufs_msgs/share/colcon-core/packages/eufs_msgs)
[24.982s] Level 1:colcon.colcon_core.environment:create_environment_scripts_only(eufs_msgs)
[24.983s] Level 1:colcon.colcon_core.environment:checking '/home/ankit/Documents/Autonomous/cmr-fsdv/cmrdv_ws/install/eufs_msgs' for CMake module files
[24.983s] Level 1:colcon.colcon_core.environment:checking '/home/ankit/Documents/Autonomous/cmr-fsdv/cmrdv_ws/install/eufs_msgs' for CMake config files
[24.984s] Level 1:colcon.colcon_core.shell:create_environment_hook('eufs_msgs', 'cmake_prefix_path')
[24.985s] INFO:colcon.colcon_core.shell:Creating environment hook '/home/ankit/Documents/Autonomous/cmr-fsdv/cmrdv_ws/install/eufs_msgs/share/eufs_msgs/hook/cmake_prefix_path.ps1'
[24.986s] INFO:colcon.colcon_core.shell:Creating environment descriptor '/home/ankit/Documents/Autonomous/cmr-fsdv/cmrdv_ws/install/eufs_msgs/share/eufs_msgs/hook/cmake_prefix_path.dsv'
[24.986s] INFO:colcon.colcon_core.shell:Creating environment hook '/home/ankit/Documents/Autonomous/cmr-fsdv/cmrdv_ws/install/eufs_msgs/share/eufs_msgs/hook/cmake_prefix_path.sh'
[24.986s] Level 1:colcon.colcon_core.environment:checking '/home/ankit/Documents/Autonomous/cmr-fsdv/cmrdv_ws/install/eufs_msgs/lib'
[24.986s] Level 1:colcon.colcon_core.shell:create_environment_hook('eufs_msgs', 'ld_library_path_lib')
[24.987s] INFO:colcon.colcon_core.shell:Creating environment hook '/home/ankit/Documents/Autonomous/cmr-fsdv/cmrdv_ws/install/eufs_msgs/share/eufs_msgs/hook/ld_library_path_lib.ps1'
[24.987s] INFO:colcon.colcon_core.shell:Creating environment descriptor '/home/ankit/Documents/Autonomous/cmr-fsdv/cmrdv_ws/install/eufs_msgs/share/eufs_msgs/hook/ld_library_path_lib.dsv'
[24.987s] INFO:colcon.colcon_core.shell:Creating environment hook '/home/ankit/Documents/Autonomous/cmr-fsdv/cmrdv_ws/install/eufs_msgs/share/eufs_msgs/hook/ld_library_path_lib.sh'
[24.988s] Level 1:colcon.colcon_core.environment:checking '/home/ankit/Documents/Autonomous/cmr-fsdv/cmrdv_ws/install/eufs_msgs/bin'
[24.988s] Level 1:colcon.colcon_core.environment:checking '/home/ankit/Documents/Autonomous/cmr-fsdv/cmrdv_ws/install/eufs_msgs/lib/pkgconfig/eufs_msgs.pc'
[24.988s] Level 1:colcon.colcon_core.environment:checking '/home/ankit/Documents/Autonomous/cmr-fsdv/cmrdv_ws/install/eufs_msgs/lib/python3.8/site-packages'
[24.988s] Level 1:colcon.colcon_core.shell:create_environment_hook('eufs_msgs', 'pythonpath')
[24.989s] INFO:colcon.colcon_core.shell:Creating environment hook '/home/ankit/Documents/Autonomous/cmr-fsdv/cmrdv_ws/install/eufs_msgs/share/eufs_msgs/hook/pythonpath.ps1'
[24.989s] INFO:colcon.colcon_core.shell:Creating environment descriptor '/home/ankit/Documents/Autonomous/cmr-fsdv/cmrdv_ws/install/eufs_msgs/share/eufs_msgs/hook/pythonpath.dsv'
[24.989s] INFO:colcon.colcon_core.shell:Creating environment hook '/home/ankit/Documents/Autonomous/cmr-fsdv/cmrdv_ws/install/eufs_msgs/share/eufs_msgs/hook/pythonpath.sh'
[24.990s] Level 1:colcon.colcon_core.environment:checking '/home/ankit/Documents/Autonomous/cmr-fsdv/cmrdv_ws/install/eufs_msgs/bin'
[24.990s] INFO:colcon.colcon_core.shell:Creating package script '/home/ankit/Documents/Autonomous/cmr-fsdv/cmrdv_ws/install/eufs_msgs/share/eufs_msgs/package.ps1'
[24.991s] INFO:colcon.colcon_core.shell:Creating package descriptor '/home/ankit/Documents/Autonomous/cmr-fsdv/cmrdv_ws/install/eufs_msgs/share/eufs_msgs/package.dsv'
[24.991s] INFO:colcon.colcon_core.shell:Creating package script '/home/ankit/Documents/Autonomous/cmr-fsdv/cmrdv_ws/install/eufs_msgs/share/eufs_msgs/package.sh'
[24.991s] INFO:colcon.colcon_core.shell:Creating package script '/home/ankit/Documents/Autonomous/cmr-fsdv/cmrdv_ws/install/eufs_msgs/share/eufs_msgs/package.bash'
[24.992s] INFO:colcon.colcon_core.shell:Creating package script '/home/ankit/Documents/Autonomous/cmr-fsdv/cmrdv_ws/install/eufs_msgs/share/eufs_msgs/package.zsh'
[24.992s] Level 1:colcon.colcon_core.environment:create_file_with_runtime_dependencies(/home/ankit/Documents/Autonomous/cmr-fsdv/cmrdv_ws/install/eufs_msgs/share/colcon-core/packages/eufs_msgs)
[24.992s] INFO:colcon.colcon_ros.task.ament_cmake.build:Building ROS package in '/home/ankit/Documents/Autonomous/cmr-fsdv/cmrdv_ws/src/cmrdv_interfaces' with build type 'ament_cmake'
[24.992s] INFO:colcon.colcon_cmake.task.cmake.build:Building CMake package in '/home/ankit/Documents/Autonomous/cmr-fsdv/cmrdv_ws/src/cmrdv_interfaces'
[24.993s] INFO:colcon.colcon_core.shell:Skip shell extension 'powershell' for command environment: Not usable outside of PowerShell
[24.993s] DEBUG:colcon.colcon_core.shell:Skip shell extension 'dsv' for command environment
[25.002s] DEBUG:colcon.colcon_core.event_handler.log_command:Invoking command in '/home/ankit/Documents/Autonomous/cmr-fsdv/cmrdv_ws/build/cmrdv_interfaces': AMENT_PREFIX_PATH=/home/ankit/Documents/Autonomous/cmr-fsdv/cmrdv_ws/install/eufs_msgs:${AMENT_PREFIX_PATH} CMAKE_PREFIX_PATH=/home/ankit/Documents/Autonomous/cmr-fsdv/cmrdv_ws/install/eufs_msgs:/opt/ros/galactic LD_LIBRARY_PATH=/home/ankit/Documents/Autonomous/cmr-fsdv/cmrdv_ws/install/eufs_msgs/lib:${LD_LIBRARY_PATH} PYTHONPATH=/home/ankit/Documents/Autonomous/cmr-fsdv/cmrdv_ws/install/eufs_msgs/lib/python3.8/site-packages:${PYTHONPATH} /usr/bin/cmake /home/ankit/Documents/Autonomous/cmr-fsdv/cmrdv_ws/src/cmrdv_interfaces -DCMAKE_INSTALL_PREFIX=/home/ankit/Documents/Autonomous/cmr-fsdv/cmrdv_ws/install/cmrdv_interfaces
[25.830s] DEBUG:colcon.colcon_core.event_handler.log_command:Invoked command in '/home/ankit/Documents/Autonomous/cmr-fsdv/cmrdv_ws/build/cmrdv_interfaces' returned '1': AMENT_PREFIX_PATH=/home/ankit/Documents/Autonomous/cmr-fsdv/cmrdv_ws/install/eufs_msgs:${AMENT_PREFIX_PATH} CMAKE_PREFIX_PATH=/home/ankit/Documents/Autonomous/cmr-fsdv/cmrdv_ws/install/eufs_msgs:/opt/ros/galactic LD_LIBRARY_PATH=/home/ankit/Documents/Autonomous/cmr-fsdv/cmrdv_ws/install/eufs_msgs/lib:${LD_LIBRARY_PATH} PYTHONPATH=/home/ankit/Documents/Autonomous/cmr-fsdv/cmrdv_ws/install/eufs_msgs/lib/python3.8/site-packages:${PYTHONPATH} /usr/bin/cmake /home/ankit/Documents/Autonomous/cmr-fsdv/cmrdv_ws/src/cmrdv_interfaces -DCMAKE_INSTALL_PREFIX=/home/ankit/Documents/Autonomous/cmr-fsdv/cmrdv_ws/install/cmrdv_interfaces
[25.840s] Level 1:colcon.colcon_core.environment:create_environment_scripts_only(cmrdv_interfaces)
[25.841s] Level 1:colcon.colcon_core.environment:checking '/home/ankit/Documents/Autonomous/cmr-fsdv/cmrdv_ws/install/cmrdv_interfaces' for CMake module files
[25.842s] Level 1:colcon.colcon_core.environment:checking '/home/ankit/Documents/Autonomous/cmr-fsdv/cmrdv_ws/install/cmrdv_interfaces' for CMake config files
[25.842s] Level 1:colcon.colcon_core.environment:checking '/home/ankit/Documents/Autonomous/cmr-fsdv/cmrdv_ws/install/cmrdv_interfaces/bin'
[25.842s] Level 1:colcon.colcon_core.environment:checking '/home/ankit/Documents/Autonomous/cmr-fsdv/cmrdv_ws/install/cmrdv_interfaces/lib/pkgconfig/cmrdv_interfaces.pc'
[25.842s] Level 1:colcon.colcon_core.environment:checking '/home/ankit/Documents/Autonomous/cmr-fsdv/cmrdv_ws/install/cmrdv_interfaces/lib/python3.8/site-packages'
[25.842s] Level 1:colcon.colcon_core.environment:checking '/home/ankit/Documents/Autonomous/cmr-fsdv/cmrdv_ws/install/cmrdv_interfaces/bin'
[25.843s] INFO:colcon.colcon_core.shell:Creating package script '/home/ankit/Documents/Autonomous/cmr-fsdv/cmrdv_ws/install/cmrdv_interfaces/share/cmrdv_interfaces/package.ps1'
[25.843s] INFO:colcon.colcon_core.shell:Creating package descriptor '/home/ankit/Documents/Autonomous/cmr-fsdv/cmrdv_ws/install/cmrdv_interfaces/share/cmrdv_interfaces/package.dsv'
[25.844s] INFO:colcon.colcon_core.shell:Creating package script '/home/ankit/Documents/Autonomous/cmr-fsdv/cmrdv_ws/install/cmrdv_interfaces/share/cmrdv_interfaces/package.sh'
[25.844s] INFO:colcon.colcon_core.shell:Creating package script '/home/ankit/Documents/Autonomous/cmr-fsdv/cmrdv_ws/install/cmrdv_interfaces/share/cmrdv_interfaces/package.bash'
[25.844s] INFO:colcon.colcon_core.shell:Creating package script '/home/ankit/Documents/Autonomous/cmr-fsdv/cmrdv_ws/install/cmrdv_interfaces/share/cmrdv_interfaces/package.zsh'
[25.844s] Level 1:colcon.colcon_core.environment:create_file_with_runtime_dependencies(/home/ankit/Documents/Autonomous/cmr-fsdv/cmrdv_ws/install/cmrdv_interfaces/share/colcon-core/packages/cmrdv_interfaces)
[25.855s] DEBUG:colcon.colcon_parallel_executor.executor.parallel:closing loop
[25.855s] DEBUG:colcon.colcon_parallel_executor.executor.parallel:loop closed
[25.855s] DEBUG:colcon.colcon_parallel_executor.executor.parallel:run_until_complete finished with '1'
[25.855s] DEBUG:colcon.colcon_core.event_reactor:joining thread
[25.867s] INFO:colcon.colcon_core.plugin_system:Skipping extension 'colcon_notification.desktop_notification.terminal_notifier': Not used on non-Darwin systems
[25.867s] INFO:colcon.colcon_core.plugin_system:Skipping extension 'colcon_notification.desktop_notification.win32': Not used on non-Windows systems
[25.867s] INFO:colcon.colcon_notification.desktop_notification:Sending desktop notification using 'notify2'
[25.907s] DEBUG:colcon.colcon_core.event_reactor:joined thread
[25.909s] INFO:colcon.colcon_core.shell:Creating prefix script '/home/ankit/Documents/Autonomous/cmr-fsdv/cmrdv_ws/install/local_setup.ps1'
[25.909s] INFO:colcon.colcon_core.shell:Creating prefix util module '/home/ankit/Documents/Autonomous/cmr-fsdv/cmrdv_ws/install/_local_setup_util_ps1.py'
[25.911s] INFO:colcon.colcon_core.shell:Creating prefix chain script '/home/ankit/Documents/Autonomous/cmr-fsdv/cmrdv_ws/install/setup.ps1'
[25.912s] INFO:colcon.colcon_core.shell:Creating prefix script '/home/ankit/Documents/Autonomous/cmr-fsdv/cmrdv_ws/install/local_setup.sh'
[25.913s] INFO:colcon.colcon_core.shell:Creating prefix util module '/home/ankit/Documents/Autonomous/cmr-fsdv/cmrdv_ws/install/_local_setup_util_sh.py'
[25.913s] INFO:colcon.colcon_core.shell:Creating prefix chain script '/home/ankit/Documents/Autonomous/cmr-fsdv/cmrdv_ws/install/setup.sh'
[25.914s] INFO:colcon.colcon_core.shell:Creating prefix script '/home/ankit/Documents/Autonomous/cmr-fsdv/cmrdv_ws/install/local_setup.bash'
[25.914s] INFO:colcon.colcon_core.shell:Creating prefix chain script '/home/ankit/Documents/Autonomous/cmr-fsdv/cmrdv_ws/install/setup.bash'
[25.915s] INFO:colcon.colcon_core.shell:Creating prefix script '/home/ankit/Documents/Autonomous/cmr-fsdv/cmrdv_ws/install/local_setup.zsh'
[25.916s] INFO:colcon.colcon_core.shell:Creating prefix chain script '/home/ankit/Documents/Autonomous/cmr-fsdv/cmrdv_ws/install/setup.zsh'
