[0.061s] Invoking command in '/home/andrewwhong/workspace/driverless/driverless_ws/build/actuators': CMAKE_PREFIX_PATH=${CMAKE_PREFIX_PATH}:/opt/ros/foxy /usr/bin/cmake /home/andrewwhong/workspace/driverless/driverless_ws/src/actuators -DCMAKE_INSTALL_PREFIX=/home/andrewwhong/workspace/driverless/driverless_ws/install/actuators
[0.298s] -- The C compiler identification is GNU 9.4.0
[0.722s] -- The CXX compiler identification is GNU 9.4.0
[0.921s] -- Check for working C compiler: /usr/bin/cc
[1.171s] -- Check for working C compiler: /usr/bin/cc -- works
[1.172s] -- Detecting C compiler ABI info
[1.423s] -- Detecting C compiler ABI info - done
[1.443s] -- Detecting C compile features
[1.443s] -- Detecting C compile features - done
[1.446s] -- Check for working CXX compiler: /usr/bin/c++
[1.713s] -- Check for working CXX compiler: /usr/bin/c++ -- works
[1.715s] -- Detecting CXX compiler ABI info
[2.024s] -- Detecting CXX compiler ABI info - done
[2.041s] -- Detecting CXX compile features
[2.041s] -- Detecting CXX compile features - done
[2.044s] -- Found ament_cmake: 0.9.12 (/opt/ros/foxy/share/ament_cmake/cmake)
[2.074s] -- Found PythonInterp: /usr/bin/python3 (found suitable version "3.8.10", minimum required is "3") 
[2.074s] -- Using PYTHON_EXECUTABLE: /usr/bin/python3
[2.445s] -- Found ament_lint_auto: 0.9.8 (/opt/ros/foxy/share/ament_lint_auto/cmake)
[2.639s] -- Added test 'copyright' to check source files copyright and LICENSE
[2.640s] -- Added test 'lint_cmake' to check CMake code style
[2.640s] -- Added test 'xmllint' to check XML markup files
[2.643s] -- Configuring done
[2.646s] -- Generating done
[2.647s] -- Build files have been written to: /home/andrewwhong/workspace/driverless/driverless_ws/build/actuators
[2.653s] Invoked command in '/home/andrewwhong/workspace/driverless/driverless_ws/build/actuators' returned '0': CMAKE_PREFIX_PATH=${CMAKE_PREFIX_PATH}:/opt/ros/foxy /usr/bin/cmake /home/andrewwhong/workspace/driverless/driverless_ws/src/actuators -DCMAKE_INSTALL_PREFIX=/home/andrewwhong/workspace/driverless/driverless_ws/install/actuators
[2.657s] Invoking command in '/home/andrewwhong/workspace/driverless/driverless_ws/build/actuators': CMAKE_PREFIX_PATH=${CMAKE_PREFIX_PATH}:/opt/ros/foxy /usr/bin/cmake --build /home/andrewwhong/workspace/driverless/driverless_ws/build/actuators -- -j12 -l12
[2.705s] Invoked command in '/home/andrewwhong/workspace/driverless/driverless_ws/build/actuators' returned '0': CMAKE_PREFIX_PATH=${CMAKE_PREFIX_PATH}:/opt/ros/foxy /usr/bin/cmake --build /home/andrewwhong/workspace/driverless/driverless_ws/build/actuators -- -j12 -l12
[2.753s] Invoking command in '/home/andrewwhong/workspace/driverless/driverless_ws/build/actuators': CMAKE_PREFIX_PATH=${CMAKE_PREFIX_PATH}:/opt/ros/foxy /usr/bin/cmake --install /home/andrewwhong/workspace/driverless/driverless_ws/build/actuators
[2.762s] -- Install configuration: ""
[2.762s] -- Installing: /home/andrewwhong/workspace/driverless/driverless_ws/install/actuators/share/ament_index/resource_index/package_run_dependencies/actuators
[2.763s] -- Installing: /home/andrewwhong/workspace/driverless/driverless_ws/install/actuators/share/ament_index/resource_index/parent_prefix_path/actuators
[2.764s] -- Installing: /home/andrewwhong/workspace/driverless/driverless_ws/install/actuators/share/actuators/environment/ament_prefix_path.sh
[2.764s] -- Installing: /home/andrewwhong/workspace/driverless/driverless_ws/install/actuators/share/actuators/environment/ament_prefix_path.dsv
[2.765s] -- Installing: /home/andrewwhong/workspace/driverless/driverless_ws/install/actuators/share/actuators/environment/path.sh
[2.766s] -- Installing: /home/andrewwhong/workspace/driverless/driverless_ws/install/actuators/share/actuators/environment/path.dsv
[2.766s] -- Installing: /home/andrewwhong/workspace/driverless/driverless_ws/install/actuators/share/actuators/local_setup.bash
[2.766s] -- Installing: /home/andrewwhong/workspace/driverless/driverless_ws/install/actuators/share/actuators/local_setup.sh
[2.766s] -- Installing: /home/andrewwhong/workspace/driverless/driverless_ws/install/actuators/share/actuators/local_setup.zsh
[2.767s] -- Installing: /home/andrewwhong/workspace/driverless/driverless_ws/install/actuators/share/actuators/local_setup.dsv
[2.773s] -- Installing: /home/andrewwhong/workspace/driverless/driverless_ws/install/actuators/share/actuators/package.dsv
[2.773s] -- Installing: /home/andrewwhong/workspace/driverless/driverless_ws/install/actuators/share/ament_index/resource_index/packages/actuators
[2.774s] -- Installing: /home/andrewwhong/workspace/driverless/driverless_ws/install/actuators/share/actuators/cmake/actuatorsConfig.cmake
[2.775s] -- Installing: /home/andrewwhong/workspace/driverless/driverless_ws/install/actuators/share/actuators/cmake/actuatorsConfig-version.cmake
[2.775s] -- Installing: /home/andrewwhong/workspace/driverless/driverless_ws/install/actuators/share/actuators/package.xml
[2.775s] Invoked command in '/home/andrewwhong/workspace/driverless/driverless_ws/build/actuators' returned '0': CMAKE_PREFIX_PATH=${CMAKE_PREFIX_PATH}:/opt/ros/foxy /usr/bin/cmake --install /home/andrewwhong/workspace/driverless/driverless_ws/build/actuators
