
[0/63] Generating C code for ROS interfaces[K
[0/63] Generating C++ code for ROS interfaces[K
[1/63] Generating C code for ROS interfaces[K
[1/63] Building C object CMakeFiles/interfaces__rosidl_generator_c.dir/rosidl_generator_c/interfaces/msg/detail/car_rot__functions.c.o[K
[1/63] Building C object CMakeFiles/interfaces__rosidl_generator_c.dir/rosidl_generator_c/interfaces/msg/detail/cone_list__functions.c.o[K
[1/63] Building C object CMakeFiles/interfaces__rosidl_generator_c.dir/rosidl_generator_c/interfaces/msg/detail/cone_positions__functions.c.o[K
[1/63] Building C object CMakeFiles/interfaces__rosidl_generator_c.dir/rosidl_generator_c/interfaces/msg/detail/pair_rot__functions.c.o[K
[1/63] Building C object CMakeFiles/interfaces__rosidl_generator_c.dir/rosidl_generator_c/interfaces/msg/detail/points__functions.c.o[K
[2/63] Generating C++ code for ROS interfaces[K
[2/63] Generating C++ type support for eProsima Fast-RTPS[K
[2/63] Generating C++ type support dispatch for ROS interfaces[K
[2/63] Generating C++ introspection for ROS interfaces[K
[3/63] Building C object CMakeFiles/interfaces__rosidl_generator_c.dir/rosidl_generator_c/interfaces/msg/detail/car_rot__functions.c.o[K
[4/63] Building C object CMakeFiles/interfaces__rosidl_generator_c.dir/rosidl_generator_c/interfaces/msg/detail/points__functions.c.o[K
[5/63] Building C object CMakeFiles/interfaces__rosidl_generator_c.dir/rosidl_generator_c/interfaces/msg/detail/cone_positions__functions.c.o[K
[6/63] Building C object CMakeFiles/interfaces__rosidl_generator_c.dir/rosidl_generator_c/interfaces/msg/detail/pair_rot__functions.c.o[K
[7/63] Building C object CMakeFiles/interfaces__rosidl_generator_c.dir/rosidl_generator_c/interfaces/msg/detail/cone_list__functions.c.o[K
[7/63] Linking C shared library libinterfaces__rosidl_generator_c.so[K
[8/63] Linking C shared library libinterfaces__rosidl_generator_c.so[K
[8/63] Generating C type support dispatch for ROS interfaces[K
[8/63] Generating C introspection for ROS interfaces[K
[9/63] Generating C++ type support dispatch for ROS interfaces[K
[9/63] Building CXX object CMakeFiles/interfaces__rosidl_typesupport_cpp.dir/rosidl_typesupport_cpp/interfaces/msg/car_rot__type_support.cpp.o[K
[9/63] Building CXX object CMakeFiles/interfaces__rosidl_typesupport_cpp.dir/rosidl_typesupport_cpp/interfaces/msg/cone_list__type_support.cpp.o[K
[9/63] Building CXX object CMakeFiles/interfaces__rosidl_typesupport_cpp.dir/rosidl_typesupport_cpp/interfaces/msg/cone_positions__type_support.cpp.o[K
[9/63] Building CXX object CMakeFiles/interfaces__rosidl_typesupport_cpp.dir/rosidl_typesupport_cpp/interfaces/msg/pair_rot__type_support.cpp.o[K
[9/63] Building CXX object CMakeFiles/interfaces__rosidl_typesupport_cpp.dir/rosidl_typesupport_cpp/interfaces/msg/points__type_support.cpp.o[K
[10/63] Generating C type support dispatch for ROS interfaces[K
[10/63] Building CXX object CMakeFiles/interfaces__rosidl_typesupport_c.dir/rosidl_typesupport_c/interfaces/msg/car_rot__type_support.cpp.o[K
[10/63] Building CXX object CMakeFiles/interfaces__rosidl_typesupport_c.dir/rosidl_typesupport_c/interfaces/msg/cone_list__type_support.cpp.o[K
[10/63] Building CXX object CMakeFiles/interfaces__rosidl_typesupport_c.dir/rosidl_typesupport_c/interfaces/msg/cone_positions__type_support.cpp.o[K
[10/63] Building CXX object CMakeFiles/interfaces__rosidl_typesupport_c.dir/rosidl_typesupport_c/interfaces/msg/pair_rot__type_support.cpp.o[K
[11/63] Building CXX object CMakeFiles/interfaces__rosidl_typesupport_c.dir/rosidl_typesupport_c/interfaces/msg/car_rot__type_support.cpp.o[K
[11/63] Building CXX object CMakeFiles/interfaces__rosidl_typesupport_c.dir/rosidl_typesupport_c/interfaces/msg/points__type_support.cpp.o[K
[12/63] Building CXX object CMakeFiles/interfaces__rosidl_typesupport_c.dir/rosidl_typesupport_c/interfaces/msg/cone_list__type_support.cpp.o[K
[13/63] Building CXX object CMakeFiles/interfaces__rosidl_typesupport_c.dir/rosidl_typesupport_c/interfaces/msg/pair_rot__type_support.cpp.o[K
[14/63] Building CXX object CMakeFiles/interfaces__rosidl_typesupport_c.dir/rosidl_typesupport_c/interfaces/msg/cone_positions__type_support.cpp.o[K
[15/63] Generating C introspection for ROS interfaces[K
[15/63] Building C object CMakeFiles/interfaces__rosidl_typesupport_introspection_c.dir/rosidl_typesupport_introspection_c/interfaces/msg/detail/car_rot__type_support.c.o[K
[15/63] Building C object CMakeFiles/interfaces__rosidl_typesupport_introspection_c.dir/rosidl_typesupport_introspection_c/interfaces/msg/detail/cone_list__type_support.c.o[K
[15/63] Building C object CMakeFiles/interfaces__rosidl_typesupport_introspection_c.dir/rosidl_typesupport_introspection_c/interfaces/msg/detail/cone_positions__type_support.c.o[K
[15/63] Building C object CMakeFiles/interfaces__rosidl_typesupport_introspection_c.dir/rosidl_typesupport_introspection_c/interfaces/msg/detail/pair_rot__type_support.c.o[K
[16/63] Building CXX object CMakeFiles/interfaces__rosidl_typesupport_c.dir/rosidl_typesupport_c/interfaces/msg/points__type_support.cpp.o[K
[16/63] Linking CXX shared library libinterfaces__rosidl_typesupport_c.so[K
[17/63] Building C object CMakeFiles/interfaces__rosidl_typesupport_introspection_c.dir/rosidl_typesupport_introspection_c/interfaces/msg/detail/car_rot__type_support.c.o[K
[17/63] Building C object CMakeFiles/interfaces__rosidl_typesupport_introspection_c.dir/rosidl_typesupport_introspection_c/interfaces/msg/detail/points__type_support.c.o[K
[18/63] Building C object CMakeFiles/interfaces__rosidl_typesupport_introspection_c.dir/rosidl_typesupport_introspection_c/interfaces/msg/detail/pair_rot__type_support.c.o[K
[19/63] Building C object CMakeFiles/interfaces__rosidl_typesupport_introspection_c.dir/rosidl_typesupport_introspection_c/interfaces/msg/detail/cone_positions__type_support.c.o[K
[20/63] Building C object CMakeFiles/interfaces__rosidl_typesupport_introspection_c.dir/rosidl_typesupport_introspection_c/interfaces/msg/detail/cone_list__type_support.c.o[K
[21/63] Linking CXX shared library libinterfaces__rosidl_typesupport_c.so[K
[22/63] Generating C++ type support for eProsima Fast-RTPS[K
[22/63] Building CXX object CMakeFiles/interfaces__rosidl_typesupport_fastrtps_cpp.dir/rosidl_typesupport_fastrtps_cpp/interfaces/msg/detail/dds_fastrtps/car_rot__type_support.cpp.o[K
[22/63] Building CXX object CMakeFiles/interfaces__rosidl_typesupport_fastrtps_cpp.dir/rosidl_typesupport_fastrtps_cpp/interfaces/msg/detail/dds_fastrtps/cone_list__type_support.cpp.o[K
[22/63] Building CXX object CMakeFiles/interfaces__rosidl_typesupport_fastrtps_cpp.dir/rosidl_typesupport_fastrtps_cpp/interfaces/msg/detail/dds_fastrtps/cone_positions__type_support.cpp.o[K
[22/63] Building CXX object CMakeFiles/interfaces__rosidl_typesupport_fastrtps_cpp.dir/rosidl_typesupport_fastrtps_cpp/interfaces/msg/detail/dds_fastrtps/pair_rot__type_support.cpp.o[K
[22/63] Building CXX object CMakeFiles/interfaces__rosidl_typesupport_fastrtps_cpp.dir/rosidl_typesupport_fastrtps_cpp/interfaces/msg/detail/dds_fastrtps/points__type_support.cpp.o[K
[23/63] Building C object CMakeFiles/interfaces__rosidl_typesupport_introspection_c.dir/rosidl_typesupport_introspection_c/interfaces/msg/detail/points__type_support.c.o[K
[23/63] Linking C shared library libinterfaces__rosidl_typesupport_introspection_c.so[K
[24/63] Linking C shared library libinterfaces__rosidl_typesupport_introspection_c.so[K
[25/63] Generating C++ introspection for ROS interfaces[K
[25/63] Building CXX object CMakeFiles/interfaces__rosidl_typesupport_introspection_cpp.dir/rosidl_typesupport_introspection_cpp/interfaces/msg/detail/car_rot__type_support.cpp.o[K
[25/63] Building CXX object CMakeFiles/interfaces__rosidl_typesupport_introspection_cpp.dir/rosidl_typesupport_introspection_cpp/interfaces/msg/detail/cone_list__type_support.cpp.o[K
[26/63] Building CXX object CMakeFiles/interfaces__rosidl_typesupport_cpp.dir/rosidl_typesupport_cpp/interfaces/msg/cone_positions__type_support.cpp.o[K
[26/63] Building CXX object CMakeFiles/interfaces__rosidl_typesupport_introspection_cpp.dir/rosidl_typesupport_introspection_cpp/interfaces/msg/detail/cone_positions__type_support.cpp.o[K
[27/63] Building CXX object CMakeFiles/interfaces__rosidl_typesupport_cpp.dir/rosidl_typesupport_cpp/interfaces/msg/points__type_support.cpp.o[K
[27/63] Building CXX object CMakeFiles/interfaces__rosidl_typesupport_introspection_cpp.dir/rosidl_typesupport_introspection_cpp/interfaces/msg/detail/pair_rot__type_support.cpp.o[K
[28/63] Building CXX object CMakeFiles/interfaces__rosidl_typesupport_cpp.dir/rosidl_typesupport_cpp/interfaces/msg/cone_list__type_support.cpp.o[K
[28/63] Building CXX object CMakeFiles/interfaces__rosidl_typesupport_introspection_cpp.dir/rosidl_typesupport_introspection_cpp/interfaces/msg/detail/points__type_support.cpp.o[K
[29/63] Building CXX object CMakeFiles/interfaces__rosidl_typesupport_cpp.dir/rosidl_typesupport_cpp/interfaces/msg/pair_rot__type_support.cpp.o[K
[30/63] Building CXX object CMakeFiles/interfaces__rosidl_typesupport_cpp.dir/rosidl_typesupport_cpp/interfaces/msg/car_rot__type_support.cpp.o[K
[30/63] Linking CXX shared library libinterfaces__rosidl_typesupport_cpp.so[K
[31/63] Linking CXX shared library libinterfaces__rosidl_typesupport_cpp.so[K
[32/63] Building CXX object CMakeFiles/interfaces__rosidl_typesupport_introspection_cpp.dir/rosidl_typesupport_introspection_cpp/interfaces/msg/detail/cone_list__type_support.cpp.o[K
[33/63] Building CXX object CMakeFiles/interfaces__rosidl_typesupport_introspection_cpp.dir/rosidl_typesupport_introspection_cpp/interfaces/msg/detail/car_rot__type_support.cpp.o[K
[34/63] Building CXX object CMakeFiles/interfaces__rosidl_typesupport_introspection_cpp.dir/rosidl_typesupport_introspection_cpp/interfaces/msg/detail/points__type_support.cpp.o[K
[35/63] Building CXX object CMakeFiles/interfaces__rosidl_typesupport_fastrtps_cpp.dir/rosidl_typesupport_fastrtps_cpp/interfaces/msg/detail/dds_fastrtps/car_rot__type_support.cpp.o[K
[36/63] Building CXX object CMakeFiles/interfaces__rosidl_typesupport_fastrtps_cpp.dir/rosidl_typesupport_fastrtps_cpp/interfaces/msg/detail/dds_fastrtps/pair_rot__type_support.cpp.o[K
[37/63] Building CXX object CMakeFiles/interfaces__rosidl_typesupport_introspection_cpp.dir/rosidl_typesupport_introspection_cpp/interfaces/msg/detail/pair_rot__type_support.cpp.o[K
[38/63] Building CXX object CMakeFiles/interfaces__rosidl_typesupport_introspection_cpp.dir/rosidl_typesupport_introspection_cpp/interfaces/msg/detail/cone_positions__type_support.cpp.o[K
[38/63] Linking CXX shared library libinterfaces__rosidl_typesupport_introspection_cpp.so[K
[39/63] Building CXX object CMakeFiles/interfaces__rosidl_typesupport_fastrtps_cpp.dir/rosidl_typesupport_fastrtps_cpp/interfaces/msg/detail/dds_fastrtps/cone_positions__type_support.cpp.o[K
[40/63] Building CXX object CMakeFiles/interfaces__rosidl_typesupport_fastrtps_cpp.dir/rosidl_typesupport_fastrtps_cpp/interfaces/msg/detail/dds_fastrtps/points__type_support.cpp.o[K
[41/63] Building CXX object CMakeFiles/interfaces__rosidl_typesupport_fastrtps_cpp.dir/rosidl_typesupport_fastrtps_cpp/interfaces/msg/detail/dds_fastrtps/cone_list__type_support.cpp.o[K
[41/63] Linking CXX shared library libinterfaces__rosidl_typesupport_fastrtps_cpp.so[K
[42/63] Linking CXX shared library libinterfaces__rosidl_typesupport_introspection_cpp.so[K
[43/63] Linking CXX shared library libinterfaces__rosidl_typesupport_fastrtps_cpp.so[K
[43/63] Generating C type support for eProsima Fast-RTPS[K
[44/63] Generating C type support for eProsima Fast-RTPS[K
[44/63] Building CXX object CMakeFiles/interfaces__rosidl_typesupport_fastrtps_c.dir/rosidl_typesupport_fastrtps_c/interfaces/msg/detail/car_rot__type_support_c.cpp.o[K
[44/63] Building CXX object CMakeFiles/interfaces__rosidl_typesupport_fastrtps_c.dir/rosidl_typesupport_fastrtps_c/interfaces/msg/detail/cone_list__type_support_c.cpp.o[K
[44/63] Building CXX object CMakeFiles/interfaces__rosidl_typesupport_fastrtps_c.dir/rosidl_typesupport_fastrtps_c/interfaces/msg/detail/cone_positions__type_support_c.cpp.o[K
[44/63] Building CXX object CMakeFiles/interfaces__rosidl_typesupport_fastrtps_c.dir/rosidl_typesupport_fastrtps_c/interfaces/msg/detail/pair_rot__type_support_c.cpp.o[K
[44/63] Building CXX object CMakeFiles/interfaces__rosidl_typesupport_fastrtps_c.dir/rosidl_typesupport_fastrtps_c/interfaces/msg/detail/points__type_support_c.cpp.o[K
[45/63] Building CXX object CMakeFiles/interfaces__rosidl_typesupport_fastrtps_c.dir/rosidl_typesupport_fastrtps_c/interfaces/msg/detail/car_rot__type_support_c.cpp.o[K
[46/63] Building CXX object CMakeFiles/interfaces__rosidl_typesupport_fastrtps_c.dir/rosidl_typesupport_fastrtps_c/interfaces/msg/detail/cone_list__type_support_c.cpp.o[K
[47/63] Building CXX object CMakeFiles/interfaces__rosidl_typesupport_fastrtps_c.dir/rosidl_typesupport_fastrtps_c/interfaces/msg/detail/pair_rot__type_support_c.cpp.o[K
[48/63] Building CXX object CMakeFiles/interfaces__rosidl_typesupport_fastrtps_c.dir/rosidl_typesupport_fastrtps_c/interfaces/msg/detail/cone_positions__type_support_c.cpp.o[K
[49/63] Building CXX object CMakeFiles/interfaces__rosidl_typesupport_fastrtps_c.dir/rosidl_typesupport_fastrtps_c/interfaces/msg/detail/points__type_support_c.cpp.o[K
[49/63] Linking CXX shared library libinterfaces__rosidl_typesupport_fastrtps_c.so[K
[50/63] Linking CXX shared library libinterfaces__rosidl_typesupport_fastrtps_c.so[K
[50/63] Generating Python code for ROS interfaces[K
[51/63] Generating Python code for ROS interfaces[K
[51/63] Building C object CMakeFiles/interfaces__rosidl_typesupport_introspection_c__pyext.dir/rosidl_generator_py/interfaces/_interfaces_s.ep.rosidl_typesupport_introspection_c.c.o[K
[51/63] Building C object CMakeFiles/interfaces__rosidl_typesupport_c__pyext.dir/rosidl_generator_py/interfaces/_interfaces_s.ep.rosidl_typesupport_c.c.o[K
[51/63] Building C object CMakeFiles/interfaces__rosidl_typesupport_fastrtps_c__pyext.dir/rosidl_generator_py/interfaces/_interfaces_s.ep.rosidl_typesupport_fastrtps_c.c.o[K
[51/63] Building C object CMakeFiles/interfaces__python.dir/rosidl_generator_py/interfaces/msg/_car_rot_s.c.o[K
[51/63] Building C object CMakeFiles/interfaces__python.dir/rosidl_generator_py/interfaces/msg/_cone_list_s.c.o[K
[51/63] Building C object CMakeFiles/interfaces__python.dir/rosidl_generator_py/interfaces/msg/_cone_positions_s.c.o[K
[51/63] Building C object CMakeFiles/interfaces__python.dir/rosidl_generator_py/interfaces/msg/_pair_rot_s.c.o[K
[51/63] Building C object CMakeFiles/interfaces__python.dir/rosidl_generator_py/interfaces/msg/_points_s.c.o[K
[52/63] Building C object CMakeFiles/interfaces__rosidl_typesupport_fastrtps_c__pyext.dir/rosidl_generator_py/interfaces/_interfaces_s.ep.rosidl_typesupport_fastrtps_c.c.o[K
[53/63] Building C object CMakeFiles/interfaces__python.dir/rosidl_generator_py/interfaces/msg/_points_s.c.o[K
[54/63] Building C object CMakeFiles/interfaces__rosidl_typesupport_introspection_c__pyext.dir/rosidl_generator_py/interfaces/_interfaces_s.ep.rosidl_typesupport_introspection_c.c.o[K
[55/63] Building C object CMakeFiles/interfaces__python.dir/rosidl_generator_py/interfaces/msg/_cone_positions_s.c.o[K
[56/63] Building C object CMakeFiles/interfaces__python.dir/rosidl_generator_py/interfaces/msg/_pair_rot_s.c.o[K
[57/63] Building C object CMakeFiles/interfaces__python.dir/rosidl_generator_py/interfaces/msg/_car_rot_s.c.o[K
[58/63] Building C object CMakeFiles/interfaces__rosidl_typesupport_c__pyext.dir/rosidl_generator_py/interfaces/_interfaces_s.ep.rosidl_typesupport_c.c.o[K
[59/63] Building C object CMakeFiles/interfaces__python.dir/rosidl_generator_py/interfaces/msg/_cone_list_s.c.o[K
[59/63] Linking C shared library rosidl_generator_py/interfaces/libinterfaces__python.so[K
[60/63] Linking C shared library rosidl_generator_py/interfaces/libinterfaces__python.so[K
[60/63] Linking C shared library rosidl_generator_py/interfaces/interfaces_s__rosidl_typesupport_introspection_c.cpython-38-x86_64-linux-gnu.so[K
[60/63] Linking C shared library rosidl_generator_py/interfaces/interfaces_s__rosidl_typesupport_c.cpython-38-x86_64-linux-gnu.so[K
[60/63] Linking CXX shared library rosidl_generator_py/interfaces/interfaces_s__rosidl_typesupport_fastrtps_c.cpython-38-x86_64-linux-gnu.so[K
[61/63] Linking C shared library rosidl_generator_py/interfaces/interfaces_s__rosidl_typesupport_c.cpython-38-x86_64-linux-gnu.so[K
[62/63] Linking C shared library rosidl_generator_py/interfaces/interfaces_s__rosidl_typesupport_introspection_c.cpython-38-x86_64-linux-gnu.so[K
[63/63] Linking CXX shared library rosidl_generator_py/interfaces/interfaces_s__rosidl_typesupport_fastrtps_c.cpython-38-x86_64-linux-gnu.so[K
