[0.047s] Invoking command in '/home/andrewwhong/workspace/driverless/driverless_ws/src/build/perceptions': CMAKE_PREFIX_PATH=${CMAKE_PREFIX_PATH}:/opt/ros/foxy /usr/bin/cmake /home/andrewwhong/workspace/driverless/driverless_ws/src/perceptions -DCMAKE_INSTALL_PREFIX=/home/andrewwhong/workspace/driverless/driverless_ws/src/install/perceptions
[0.242s] -- The C compiler identification is GNU 9.4.0
[0.599s] -- The CXX compiler identification is GNU 9.4.0
[0.765s] -- Check for working C compiler: /usr/bin/cc
[1.007s] -- Check for working C compiler: /usr/bin/cc -- works
[1.009s] -- Detecting C compiler ABI info
[1.316s] -- Detecting C compiler ABI info - done
[1.333s] -- Detecting C compile features
[1.333s] -- Detecting C compile features - done
[1.337s] -- Check for working CXX compiler: /usr/bin/c++
[1.566s] -- Check for working CXX compiler: /usr/bin/c++ -- works
[1.567s] -- Detecting CXX compiler ABI info
[1.821s] -- Detecting CXX compiler ABI info - done
[1.841s] -- Detecting CXX compile features
[1.842s] -- Detecting CXX compile features - done
[1.845s] -- Found ament_cmake: 0.9.12 (/opt/ros/foxy/share/ament_cmake/cmake)
[1.891s] -- Found PythonInterp: /usr/bin/python3 (found suitable version "3.8.10", minimum required is "3") 
[1.891s] -- Using PYTHON_EXECUTABLE: /usr/bin/python3
[2.258s] -- Found ament_lint_auto: 0.9.8 (/opt/ros/foxy/share/ament_lint_auto/cmake)
[2.484s] -- Added test 'copyright' to check source files copyright and LICENSE
[2.485s] -- Added test 'cppcheck' to perform static code analysis on C / C++ code
[2.485s] -- Configured cppcheck include dirs: 
[2.485s] -- Configured cppcheck exclude dirs and/or files: 
[2.487s] -- Added test 'cpplint' to check C / C++ code against the Google style
[2.487s] -- Configured cpplint exclude dirs and/or files: 
[2.488s] -- Added test 'lint_cmake' to check CMake code style
[2.490s] -- Added test 'uncrustify' to check C / C++ code style
[2.490s] -- Configured uncrustify additional arguments: 
[2.491s] -- Added test 'xmllint' to check XML markup files
[2.493s] -- Configuring done
[2.497s] -- Generating done
[2.498s] -- Build files have been written to: /home/andrewwhong/workspace/driverless/driverless_ws/src/build/perceptions
[2.504s] Invoked command in '/home/andrewwhong/workspace/driverless/driverless_ws/src/build/perceptions' returned '0': CMAKE_PREFIX_PATH=${CMAKE_PREFIX_PATH}:/opt/ros/foxy /usr/bin/cmake /home/andrewwhong/workspace/driverless/driverless_ws/src/perceptions -DCMAKE_INSTALL_PREFIX=/home/andrewwhong/workspace/driverless/driverless_ws/src/install/perceptions
[2.509s] Invoking command in '/home/andrewwhong/workspace/driverless/driverless_ws/src/build/perceptions': CMAKE_PREFIX_PATH=${CMAKE_PREFIX_PATH}:/opt/ros/foxy /usr/bin/cmake --build /home/andrewwhong/workspace/driverless/driverless_ws/src/build/perceptions -- -j12 -l12
[2.565s] Invoked command in '/home/andrewwhong/workspace/driverless/driverless_ws/src/build/perceptions' returned '0': CMAKE_PREFIX_PATH=${CMAKE_PREFIX_PATH}:/opt/ros/foxy /usr/bin/cmake --build /home/andrewwhong/workspace/driverless/driverless_ws/src/build/perceptions -- -j12 -l12
[2.627s] Invoking command in '/home/andrewwhong/workspace/driverless/driverless_ws/src/build/perceptions': CMAKE_PREFIX_PATH=${CMAKE_PREFIX_PATH}:/opt/ros/foxy /usr/bin/cmake --install /home/andrewwhong/workspace/driverless/driverless_ws/src/build/perceptions
[2.642s] -- Install configuration: ""
[2.649s] -- Installing: /home/andrewwhong/workspace/driverless/driverless_ws/src/install/perceptions/share/ament_index/resource_index/package_run_dependencies/perceptions
[2.649s] -- Installing: /home/andrewwhong/workspace/driverless/driverless_ws/src/install/perceptions/share/ament_index/resource_index/parent_prefix_path/perceptions
[2.649s] -- Installing: /home/andrewwhong/workspace/driverless/driverless_ws/src/install/perceptions/share/perceptions/environment/ament_prefix_path.sh
[2.650s] -- Installing: /home/andrewwhong/workspace/driverless/driverless_ws/src/install/perceptions/share/perceptions/environment/ament_prefix_path.dsv
[2.651s] -- Installing: /home/andrewwhong/workspace/driverless/driverless_ws/src/install/perceptions/share/perceptions/environment/path.sh
[2.652s] -- Installing: /home/andrewwhong/workspace/driverless/driverless_ws/src/install/perceptions/share/perceptions/environment/path.dsv
[2.652s] -- Installing: /home/andrewwhong/workspace/driverless/driverless_ws/src/install/perceptions/share/perceptions/local_setup.bash
[2.653s] -- Installing: /home/andrewwhong/workspace/driverless/driverless_ws/src/install/perceptions/share/perceptions/local_setup.sh
[2.654s] -- Installing: /home/andrewwhong/workspace/driverless/driverless_ws/src/install/perceptions/share/perceptions/local_setup.zsh
[2.654s] -- Installing: /home/andrewwhong/workspace/driverless/driverless_ws/src/install/perceptions/share/perceptions/local_setup.dsv
[2.655s] -- Installing: /home/andrewwhong/workspace/driverless/driverless_ws/src/install/perceptions/share/perceptions/package.dsv
[2.655s] -- Installing: /home/andrewwhong/workspace/driverless/driverless_ws/src/install/perceptions/share/ament_index/resource_index/packages/perceptions
[2.655s] -- Installing: /home/andrewwhong/workspace/driverless/driverless_ws/src/install/perceptions/share/perceptions/cmake/perceptionsConfig.cmake
[2.656s] -- Installing: /home/andrewwhong/workspace/driverless/driverless_ws/src/install/perceptions/share/perceptions/cmake/perceptionsConfig-version.cmake
[2.656s] -- Installing: /home/andrewwhong/workspace/driverless/driverless_ws/src/install/perceptions/share/perceptions/package.xml
[2.678s] Invoked command in '/home/andrewwhong/workspace/driverless/driverless_ws/src/build/perceptions' returned '0': CMAKE_PREFIX_PATH=${CMAKE_PREFIX_PATH}:/opt/ros/foxy /usr/bin/cmake --install /home/andrewwhong/workspace/driverless/driverless_ws/src/build/perceptions
