1739645620.3979542 [INFO] [launch]: All log files can be found below /home/chip/Documents/driverless/logs/2025-02-15-13-53-40-397152-chip-17001
1739645620.3980711 [INFO] [launch]: Default logging verbosity is set to INFO
1739645620.5074446 [INFO] [rosbridge_websocket-1]: process started with pid [17003]
1739645620.5076041 [INFO] [rosapi_node-2]: process started with pid [17005]
1739645983.5355024 [rosapi_node-2] Error processing '// generated from rosidl_adapter/resource/msg.idl.em' of 'hesai_ros_driver/LossPacket': '//'
1739645983.5356228 [rosapi_node-2] Error processing '// generated from rosidl_adapter/resource/msg.idl.em' of 'hesai_ros_driver/LossPacket': '//'
1739645983.5356784 [rosapi_node-2] Error processing '// generated from rosidl_adapter/resource/msg.idl.em' of 'hesai_ros_driver/LossPacket': '//'
1739645983.5357256 [rosapi_node-2] Error processing '// generated from rosidl_adapter/resource/msg.idl.em' of 'hesai_ros_driver/LossPacket': '//'
1739645983.5357711 [rosapi_node-2] Error processing '// generated from rosidl_adapter/resource/msg.idl.em' of 'hesai_ros_driver/LossPacket': '//'
1739645983.5358500 [rosapi_node-2] Error processing '// generated from rosidl_adapter/resource/msg.idl.em' of 'hesai_ros_driver/LossPacket': '//'
1739645983.5358927 [rosapi_node-2] Error processing '// generated from rosidl_adapter/resource/msg.idl.em' of 'hesai_ros_driver/LossPacket': '//'
1739645983.5359340 [rosapi_node-2] Error processing '// generated from rosidl_adapter/resource/msg.idl.em' of 'hesai_ros_driver/LossPacket': '//'
1739645983.5359745 [rosapi_node-2] Error processing '// generated from rosidl_adapter/resource/msg.idl.em' of 'hesai_ros_driver/LossPacket': '//'
1739645983.5360155 [rosapi_node-2] Error processing '// generated from rosidl_adapter/resource/msg.idl.em' of 'hesai_ros_driver/LossPacket': '//'
1739645983.5360563 [rosapi_node-2] Error processing '// generated from rosidl_adapter/resource/msg.idl.em' of 'hesai_ros_driver/LossPacket': '//'
1739645983.5360966 [rosapi_node-2] Error processing '// generated from rosidl_adapter/resource/msg.idl.em' of 'hesai_ros_driver/LossPacket': '//'
1739645983.5361369 [rosapi_node-2] Error processing '// generated from rosidl_adapter/resource/msg.idl.em' of 'hesai_ros_driver/LossPacket': '//'
1739645983.5361950 [rosapi_node-2] Error processing '// generated from rosidl_adapter/resource/msg.idl.em' of 'hesai_ros_driver/LossPacket': '//'
1739645983.5362377 [rosapi_node-2] Error processing '// generated from rosidl_adapter/resource/msg.idl.em' of 'hesai_ros_driver/LossPacket': '//'
1739645983.5362809 [rosapi_node-2] Error processing '// generated from rosidl_adapter/resource/msg.idl.em' of 'hesai_ros_driver/LossPacket': '//'
1739645983.5363228 [rosapi_node-2] Error processing '// generated from rosidl_adapter/resource/msg.idl.em' of 'hesai_ros_driver/LossPacket': '//'
1739645983.5363648 [rosapi_node-2] Error processing '// generated from rosidl_adapter/resource/msg.idl.em' of 'hesai_ros_driver/LossPacket': '//'
1739645983.5364075 [rosapi_node-2] Error processing '// generated from rosidl_adapter/resource/msg.idl.em' of 'hesai_ros_driver/LossPacket': '//'
1739645983.5364494 [rosapi_node-2] Error processing '// generated from rosidl_adapter/resource/msg.idl.em' of 'hesai_ros_driver/LossPacket': '//'
1739645983.5364921 [rosapi_node-2] Error processing '// generated from rosidl_adapter/resource/msg.idl.em' of 'hesai_ros_driver/LossPacket': '//'
1739645983.5365543 [rosapi_node-2] Error processing '// generated from rosidl_adapter/resource/msg.idl.em' of 'hesai_ros_driver/LossPacket': '//'
1739645983.5365989 [rosapi_node-2] Error processing '// generated from rosidl_adapter/resource/msg.idl.em' of 'hesai_ros_driver/LossPacket': '//'
1739645983.5366428 [rosapi_node-2] Error processing '// generated from rosidl_adapter/resource/msg.idl.em' of 'hesai_ros_driver/LossPacket': '//'
1739645983.5366867 [rosapi_node-2] Error processing '// generated from rosidl_adapter/resource/msg.idl.em' of 'hesai_ros_driver/LossPacket': '//'
1739645983.5367301 [rosapi_node-2] Error processing '// generated from rosidl_adapter/resource/msg.idl.em' of 'hesai_ros_driver/LossPacket': '//'
1739645983.5367820 [rosapi_node-2] Error processing '// generated from rosidl_adapter/resource/msg.idl.em' of 'hesai_ros_driver/LossPacket': '//'
1739645983.5368268 [rosapi_node-2] Error processing '// generated from rosidl_adapter/resource/msg.idl.em' of 'hesai_ros_driver/LossPacket': '//'
1739645983.5368702 [rosapi_node-2] Error processing '// generated from rosidl_adapter/resource/msg.idl.em' of 'hesai_ros_driver/LossPacket': '//'
1739645983.5369134 [rosapi_node-2] Error processing '// generated from rosidl_adapter/resource/msg.idl.em' of 'hesai_ros_driver/LossPacket': '//'
1739645983.5369558 [rosapi_node-2] Error processing '// generated from rosidl_adapter/resource/msg.idl.em' of 'hesai_ros_driver/LossPacket': '//'
1739645983.5369990 [rosapi_node-2] Error processing '// generated from rosidl_adapter/resource/msg.idl.em' of 'hesai_ros_driver/LossPacket': '//'
1739645983.5370419 [rosapi_node-2] Error processing '// generated from rosidl_adapter/resource/msg.idl.em' of 'hesai_ros_driver/LossPacket': '//'
1739645983.5370848 [rosapi_node-2] Error processing '// generated from rosidl_adapter/resource/msg.idl.em' of 'hesai_ros_driver/LossPacket': '//'
1739645983.5371280 [rosapi_node-2] Error processing '// generated from rosidl_adapter/resource/msg.idl.em' of 'hesai_ros_driver/LossPacket': '//'
1739645983.5371709 [rosapi_node-2] Error processing '// generated from rosidl_adapter/resource/msg.idl.em' of 'hesai_ros_driver/LossPacket': '//'
1739645983.5372312 [rosapi_node-2] Error processing '// generated from rosidl_adapter/resource/msg.idl.em' of 'hesai_ros_driver/LossPacket': '//'
1739645983.5372927 [rosapi_node-2] Error processing '// generated from rosidl_adapter/resource/msg.idl.em' of 'hesai_ros_driver/LossPacket': '//'
1739645983.5373704 [rosapi_node-2] Error processing '// generated from rosidl_adapter/resource/msg.idl.em' of 'hesai_ros_driver/LossPacket': '//'
1739645983.5374315 [rosapi_node-2] Error processing '// generated from rosidl_adapter/resource/msg.idl.em' of 'hesai_ros_driver/LossPacket': '//'
1739645983.5374928 [rosapi_node-2] Error processing '// generated from rosidl_adapter/resource/msg.idl.em' of 'hesai_ros_driver/LossPacket': '//'
1739645983.5375357 [rosapi_node-2] Error processing '// generated from rosidl_adapter/resource/msg.idl.em' of 'hesai_ros_driver/LossPacket': '//'
1739645983.5375798 [rosapi_node-2] Error processing '// generated from rosidl_adapter/resource/msg.idl.em' of 'hesai_ros_driver/LossPacket': '//'
1739645983.5376291 [rosapi_node-2] Error processing '// generated from rosidl_adapter/resource/msg.idl.em' of 'hesai_ros_driver/LossPacket': '//'
1739645983.5377243 [rosapi_node-2] Error processing '// generated from rosidl_adapter/resource/msg.idl.em' of 'hesai_ros_driver/LossPacket': '//'
1739645983.5377867 [rosapi_node-2] Error processing '// generated from rosidl_adapter/resource/msg.idl.em' of 'hesai_ros_driver/LossPacket': '//'
1739645983.5378652 [rosapi_node-2] Error processing '// generated from rosidl_adapter/resource/msg.idl.em' of 'hesai_ros_driver/LossPacket': '//'
1739645983.5379443 [rosapi_node-2] Error processing '// generated from rosidl_adapter/resource/msg.idl.em' of 'hesai_ros_driver/LossPacket': '//'
1739645983.5379875 [rosapi_node-2] Error processing '// generated from rosidl_adapter/resource/msg.idl.em' of 'hesai_ros_driver/LossPacket': '//'
1739645983.5380321 [rosapi_node-2] Error processing '// generated from rosidl_adapter/resource/msg.idl.em' of 'hesai_ros_driver/LossPacket': '//'
1739645983.5380759 [rosapi_node-2] Error processing '// generated from rosidl_adapter/resource/msg.idl.em' of 'hesai_ros_driver/LossPacket': '//'
1739645983.5381186 [rosapi_node-2] Error processing '// generated from rosidl_adapter/resource/msg.idl.em' of 'hesai_ros_driver/LossPacket': '//'
1739645983.5381622 [rosapi_node-2] Error processing '// generated from rosidl_adapter/resource/msg.idl.em' of 'hesai_ros_driver/LossPacket': '//'
1739645983.5382226 [rosapi_node-2] Error processing '// generated from rosidl_adapter/resource/msg.idl.em' of 'hesai_ros_driver/LossPacket': '//'
1739645983.5382698 [rosapi_node-2] Error processing '// generated from rosidl_adapter/resource/msg.idl.em' of 'hesai_ros_driver/LossPacket': '//'
1739645983.5383136 [rosapi_node-2] Error processing '// generated from rosidl_adapter/resource/msg.idl.em' of 'hesai_ros_driver/LossPacket': '//'
1739645983.5383561 [rosapi_node-2] Error processing '// generated from rosidl_adapter/resource/msg.idl.em' of 'hesai_ros_driver/LossPacket': '//'
1739645983.5383983 [rosapi_node-2] Error processing '// generated from rosidl_adapter/resource/msg.idl.em' of 'hesai_ros_driver/LossPacket': '//'
1739645983.5384603 [rosapi_node-2] Error processing '// generated from rosidl_adapter/resource/msg.idl.em' of 'hesai_ros_driver/LossPacket': '//'
1739645983.5385194 [rosapi_node-2] Error processing '// generated from rosidl_adapter/resource/msg.idl.em' of 'hesai_ros_driver/LossPacket': '//'
1739645983.5385981 [rosapi_node-2] Error processing '// generated from rosidl_adapter/resource/msg.idl.em' of 'hesai_ros_driver/LossPacket': '//'
1739645983.5386598 [rosapi_node-2] Error processing '// generated from rosidl_adapter/resource/msg.idl.em' of 'hesai_ros_driver/LossPacket': '//'
1739645983.5387030 [rosapi_node-2] Error processing '// generated from rosidl_adapter/resource/msg.idl.em' of 'hesai_ros_driver/LossPacket': '//'
1739645983.5387456 [rosapi_node-2] Error processing '// generated from rosidl_adapter/resource/msg.idl.em' of 'hesai_ros_driver/LossPacket': '//'
1739645983.5387883 [rosapi_node-2] Error processing '// generated from rosidl_adapter/resource/msg.idl.em' of 'hesai_ros_driver/LossPacket': '//'
1739645983.5388319 [rosapi_node-2] Error processing '// generated from rosidl_adapter/resource/msg.idl.em' of 'hesai_ros_driver/LossPacket': '//'
1739645983.5388749 [rosapi_node-2] Error processing '// generated from rosidl_adapter/resource/msg.idl.em' of 'hesai_ros_driver/LossPacket': '//'
1739645983.5389173 [rosapi_node-2] Error processing '// generated from rosidl_adapter/resource/msg.idl.em' of 'hesai_ros_driver/LossPacket': '//'
1739645983.5389602 [rosapi_node-2] Error processing '// generated from rosidl_adapter/resource/msg.idl.em' of 'hesai_ros_driver/LossPacket': '//'
1739645983.5390036 [rosapi_node-2] Error processing '// generated from rosidl_adapter/resource/msg.idl.em' of 'hesai_ros_driver/LossPacket': '//'
1739645983.5390642 [rosapi_node-2] Error processing '// generated from rosidl_adapter/resource/msg.idl.em' of 'hesai_ros_driver/LossPacket': '//'
1739645983.5391064 [rosapi_node-2] Error processing '// generated from rosidl_adapter/resource/msg.idl.em' of 'hesai_ros_driver/LossPacket': '//'
1739645983.5391493 [rosapi_node-2] Error processing '// generated from rosidl_adapter/resource/msg.idl.em' of 'hesai_ros_driver/LossPacket': '//'
1739646205.0540488 [rosapi_node-2] Error processing '// generated from rosidl_adapter/resource/msg.idl.em' of 'hesai_ros_driver/LossPacket': '//'
1739646205.0542884 [rosapi_node-2] Error processing '// generated from rosidl_adapter/resource/msg.idl.em' of 'hesai_ros_driver/LossPacket': '//'
1739646205.0543866 [rosapi_node-2] Error processing '// generated from rosidl_adapter/resource/msg.idl.em' of 'hesai_ros_driver/LossPacket': '//'
1739646205.0544462 [rosapi_node-2] Error processing '// generated from rosidl_adapter/resource/msg.idl.em' of 'hesai_ros_driver/LossPacket': '//'
1739646205.0545030 [rosapi_node-2] Error processing '// generated from rosidl_adapter/resource/msg.idl.em' of 'hesai_ros_driver/LossPacket': '//'
1739646205.0545585 [rosapi_node-2] Error processing '// generated from rosidl_adapter/resource/msg.idl.em' of 'hesai_ros_driver/LossPacket': '//'
1739646205.0546060 [rosapi_node-2] Error processing '// generated from rosidl_adapter/resource/msg.idl.em' of 'hesai_ros_driver/LossPacket': '//'
1739646205.0546598 [rosapi_node-2] Error processing '// generated from rosidl_adapter/resource/msg.idl.em' of 'hesai_ros_driver/LossPacket': '//'
1739646205.0547135 [rosapi_node-2] Error processing '// generated from rosidl_adapter/resource/msg.idl.em' of 'hesai_ros_driver/LossPacket': '//'
1739646205.0547690 [rosapi_node-2] Error processing '// generated from rosidl_adapter/resource/msg.idl.em' of 'hesai_ros_driver/LossPacket': '//'
1739646205.0548232 [rosapi_node-2] Error processing '// generated from rosidl_adapter/resource/msg.idl.em' of 'hesai_ros_driver/LossPacket': '//'
1739646205.0548697 [rosapi_node-2] Error processing '// generated from rosidl_adapter/resource/msg.idl.em' of 'hesai_ros_driver/LossPacket': '//'
1739646205.0549154 [rosapi_node-2] Error processing '// generated from rosidl_adapter/resource/msg.idl.em' of 'hesai_ros_driver/LossPacket': '//'
1739646205.0549600 [rosapi_node-2] Error processing '// generated from rosidl_adapter/resource/msg.idl.em' of 'hesai_ros_driver/LossPacket': '//'
1739646205.0550127 [rosapi_node-2] Error processing '// generated from rosidl_adapter/resource/msg.idl.em' of 'hesai_ros_driver/LossPacket': '//'
1739646205.0550656 [rosapi_node-2] Error processing '// generated from rosidl_adapter/resource/msg.idl.em' of 'hesai_ros_driver/LossPacket': '//'
1739646205.0551183 [rosapi_node-2] Error processing '// generated from rosidl_adapter/resource/msg.idl.em' of 'hesai_ros_driver/LossPacket': '//'
1739646205.0551713 [rosapi_node-2] Error processing '// generated from rosidl_adapter/resource/msg.idl.em' of 'hesai_ros_driver/LossPacket': '//'
1739646205.0552237 [rosapi_node-2] Error processing '// generated from rosidl_adapter/resource/msg.idl.em' of 'hesai_ros_driver/LossPacket': '//'
1739646205.0552816 [rosapi_node-2] Error processing '// generated from rosidl_adapter/resource/msg.idl.em' of 'hesai_ros_driver/LossPacket': '//'
1739646205.0555031 [rosapi_node-2] Error processing '// generated from rosidl_adapter/resource/msg.idl.em' of 'hesai_ros_driver/LossPacket': '//'
1739646205.0555604 [rosapi_node-2] Error processing '// generated from rosidl_adapter/resource/msg.idl.em' of 'hesai_ros_driver/LossPacket': '//'
1739646205.0556078 [rosapi_node-2] Error processing '// generated from rosidl_adapter/resource/msg.idl.em' of 'hesai_ros_driver/LossPacket': '//'
1739646205.0556543 [rosapi_node-2] Error processing '// generated from rosidl_adapter/resource/msg.idl.em' of 'hesai_ros_driver/LossPacket': '//'
1739646205.0557022 [rosapi_node-2] Error processing '// generated from rosidl_adapter/resource/msg.idl.em' of 'hesai_ros_driver/LossPacket': '//'
1739646205.0557504 [rosapi_node-2] Error processing '// generated from rosidl_adapter/resource/msg.idl.em' of 'hesai_ros_driver/LossPacket': '//'
1739646205.0557978 [rosapi_node-2] Error processing '// generated from rosidl_adapter/resource/msg.idl.em' of 'hesai_ros_driver/LossPacket': '//'
1739646205.0558443 [rosapi_node-2] Error processing '// generated from rosidl_adapter/resource/msg.idl.em' of 'hesai_ros_driver/LossPacket': '//'
1739646205.0558934 [rosapi_node-2] Error processing '// generated from rosidl_adapter/resource/msg.idl.em' of 'hesai_ros_driver/LossPacket': '//'
1739646205.0559385 [rosapi_node-2] Error processing '// generated from rosidl_adapter/resource/msg.idl.em' of 'hesai_ros_driver/LossPacket': '//'
1739646205.0559831 [rosapi_node-2] Error processing '// generated from rosidl_adapter/resource/msg.idl.em' of 'hesai_ros_driver/LossPacket': '//'
1739646205.0560272 [rosapi_node-2] Error processing '// generated from rosidl_adapter/resource/msg.idl.em' of 'hesai_ros_driver/LossPacket': '//'
1739646205.0560713 [rosapi_node-2] Error processing '// generated from rosidl_adapter/resource/msg.idl.em' of 'hesai_ros_driver/LossPacket': '//'
1739646205.0561159 [rosapi_node-2] Error processing '// generated from rosidl_adapter/resource/msg.idl.em' of 'hesai_ros_driver/LossPacket': '//'
1739646205.0561600 [rosapi_node-2] Error processing '// generated from rosidl_adapter/resource/msg.idl.em' of 'hesai_ros_driver/LossPacket': '//'
1739646205.0562043 [rosapi_node-2] Error processing '// generated from rosidl_adapter/resource/msg.idl.em' of 'hesai_ros_driver/LossPacket': '//'
1739646205.0562484 [rosapi_node-2] Error processing '// generated from rosidl_adapter/resource/msg.idl.em' of 'hesai_ros_driver/LossPacket': '//'
1739646205.0563023 [rosapi_node-2] Error processing '// generated from rosidl_adapter/resource/msg.idl.em' of 'hesai_ros_driver/LossPacket': '//'
1739646205.0563493 [rosapi_node-2] Error processing '// generated from rosidl_adapter/resource/msg.idl.em' of 'hesai_ros_driver/LossPacket': '//'
1739646205.0563948 [rosapi_node-2] Error processing '// generated from rosidl_adapter/resource/msg.idl.em' of 'hesai_ros_driver/LossPacket': '//'
1739646205.0564399 [rosapi_node-2] Error processing '// generated from rosidl_adapter/resource/msg.idl.em' of 'hesai_ros_driver/LossPacket': '//'
1739646205.0564847 [rosapi_node-2] Error processing '// generated from rosidl_adapter/resource/msg.idl.em' of 'hesai_ros_driver/LossPacket': '//'
1739646205.0565407 [rosapi_node-2] Error processing '// generated from rosidl_adapter/resource/msg.idl.em' of 'hesai_ros_driver/LossPacket': '//'
1739646205.0565932 [rosapi_node-2] Error processing '// generated from rosidl_adapter/resource/msg.idl.em' of 'hesai_ros_driver/LossPacket': '//'
1739646205.0566461 [rosapi_node-2] Error processing '// generated from rosidl_adapter/resource/msg.idl.em' of 'hesai_ros_driver/LossPacket': '//'
1739646205.0566986 [rosapi_node-2] Error processing '// generated from rosidl_adapter/resource/msg.idl.em' of 'hesai_ros_driver/LossPacket': '//'
1739646205.0567436 [rosapi_node-2] Error processing '// generated from rosidl_adapter/resource/msg.idl.em' of 'hesai_ros_driver/LossPacket': '//'
1739646205.0567882 [rosapi_node-2] Error processing '// generated from rosidl_adapter/resource/msg.idl.em' of 'hesai_ros_driver/LossPacket': '//'
1739646205.0568330 [rosapi_node-2] Error processing '// generated from rosidl_adapter/resource/msg.idl.em' of 'hesai_ros_driver/LossPacket': '//'
1739646205.0568779 [rosapi_node-2] Error processing '// generated from rosidl_adapter/resource/msg.idl.em' of 'hesai_ros_driver/LossPacket': '//'
1739646205.0569220 [rosapi_node-2] Error processing '// generated from rosidl_adapter/resource/msg.idl.em' of 'hesai_ros_driver/LossPacket': '//'
1739646205.0569661 [rosapi_node-2] Error processing '// generated from rosidl_adapter/resource/msg.idl.em' of 'hesai_ros_driver/LossPacket': '//'
1739646205.0570107 [rosapi_node-2] Error processing '// generated from rosidl_adapter/resource/msg.idl.em' of 'hesai_ros_driver/LossPacket': '//'
1739646205.0570636 [rosapi_node-2] Error processing '// generated from rosidl_adapter/resource/msg.idl.em' of 'hesai_ros_driver/LossPacket': '//'
1739646205.0571094 [rosapi_node-2] Error processing '// generated from rosidl_adapter/resource/msg.idl.em' of 'hesai_ros_driver/LossPacket': '//'
1739646205.0571537 [rosapi_node-2] Error processing '// generated from rosidl_adapter/resource/msg.idl.em' of 'hesai_ros_driver/LossPacket': '//'
1739646205.0571980 [rosapi_node-2] Error processing '// generated from rosidl_adapter/resource/msg.idl.em' of 'hesai_ros_driver/LossPacket': '//'
1739646205.0572419 [rosapi_node-2] Error processing '// generated from rosidl_adapter/resource/msg.idl.em' of 'hesai_ros_driver/LossPacket': '//'
1739646205.0572953 [rosapi_node-2] Error processing '// generated from rosidl_adapter/resource/msg.idl.em' of 'hesai_ros_driver/LossPacket': '//'
1739646205.0573406 [rosapi_node-2] Error processing '// generated from rosidl_adapter/resource/msg.idl.em' of 'hesai_ros_driver/LossPacket': '//'
1739646205.0573852 [rosapi_node-2] Error processing '// generated from rosidl_adapter/resource/msg.idl.em' of 'hesai_ros_driver/LossPacket': '//'
1739646205.0574293 [rosapi_node-2] Error processing '// generated from rosidl_adapter/resource/msg.idl.em' of 'hesai_ros_driver/LossPacket': '//'
1739646205.0574739 [rosapi_node-2] Error processing '// generated from rosidl_adapter/resource/msg.idl.em' of 'hesai_ros_driver/LossPacket': '//'
1739646205.0575178 [rosapi_node-2] Error processing '// generated from rosidl_adapter/resource/msg.idl.em' of 'hesai_ros_driver/LossPacket': '//'
1739646205.0575621 [rosapi_node-2] Error processing '// generated from rosidl_adapter/resource/msg.idl.em' of 'hesai_ros_driver/LossPacket': '//'
1739646205.0576122 [rosapi_node-2] Error processing '// generated from rosidl_adapter/resource/msg.idl.em' of 'hesai_ros_driver/LossPacket': '//'
1739646205.0576689 [rosapi_node-2] Error processing '// generated from rosidl_adapter/resource/msg.idl.em' of 'hesai_ros_driver/LossPacket': '//'
1739646205.0577133 [rosapi_node-2] Error processing '// generated from rosidl_adapter/resource/msg.idl.em' of 'hesai_ros_driver/LossPacket': '//'
1739646205.0577569 [rosapi_node-2] Error processing '// generated from rosidl_adapter/resource/msg.idl.em' of 'hesai_ros_driver/LossPacket': '//'
1739646205.0578017 [rosapi_node-2] Error processing '// generated from rosidl_adapter/resource/msg.idl.em' of 'hesai_ros_driver/LossPacket': '//'
1739646205.0578463 [rosapi_node-2] Error processing '// generated from rosidl_adapter/resource/msg.idl.em' of 'hesai_ros_driver/LossPacket': '//'
1739646205.0578904 [rosapi_node-2] Error processing '// generated from rosidl_adapter/resource/msg.idl.em' of 'hesai_ros_driver/LossPacket': '//'
1739646205.0579338 [rosapi_node-2] Error processing '// generated from rosidl_adapter/resource/msg.idl.em' of 'hesai_ros_driver/LossPacket': '//'
1739646300.9873662 [WARNING] [launch]: user interrupted with ctrl-c (SIGINT)
1739646300.9894185 [rosapi_node-2] Error processing '// generated from rosidl_adapter/resource/msg.idl.em' of 'hesai_ros_driver/LossPacket': '//'
1739646300.9895663 [rosapi_node-2] Error processing '// generated from rosidl_adapter/resource/msg.idl.em' of 'hesai_ros_driver/LossPacket': '//'
1739646300.9896774 [rosapi_node-2] Error processing '// generated from rosidl_adapter/resource/msg.idl.em' of 'hesai_ros_driver/LossPacket': '//'
1739646300.9897628 [rosapi_node-2] Error processing '// generated from rosidl_adapter/resource/msg.idl.em' of 'hesai_ros_driver/LossPacket': '//'
1739646300.9898417 [rosapi_node-2] Error processing '// generated from rosidl_adapter/resource/msg.idl.em' of 'hesai_ros_driver/LossPacket': '//'
1739646300.9899173 [rosapi_node-2] Error processing '// generated from rosidl_adapter/resource/msg.idl.em' of 'hesai_ros_driver/LossPacket': '//'
1739646300.9899919 [rosapi_node-2] Error processing '// generated from rosidl_adapter/resource/msg.idl.em' of 'hesai_ros_driver/LossPacket': '//'
1739646300.9900672 [rosapi_node-2] Error processing '// generated from rosidl_adapter/resource/msg.idl.em' of 'hesai_ros_driver/LossPacket': '//'
1739646300.9901400 [rosapi_node-2] Error processing '// generated from rosidl_adapter/resource/msg.idl.em' of 'hesai_ros_driver/LossPacket': '//'
1739646300.9902139 [rosapi_node-2] Error processing '// generated from rosidl_adapter/resource/msg.idl.em' of 'hesai_ros_driver/LossPacket': '//'
1739646300.9902875 [rosapi_node-2] Error processing '// generated from rosidl_adapter/resource/msg.idl.em' of 'hesai_ros_driver/LossPacket': '//'
1739646300.9903610 [rosapi_node-2] Error processing '// generated from rosidl_adapter/resource/msg.idl.em' of 'hesai_ros_driver/LossPacket': '//'
1739646300.9904351 [rosapi_node-2] Error processing '// generated from rosidl_adapter/resource/msg.idl.em' of 'hesai_ros_driver/LossPacket': '//'
1739646300.9905107 [rosapi_node-2] Error processing '// generated from rosidl_adapter/resource/msg.idl.em' of 'hesai_ros_driver/LossPacket': '//'
1739646300.9905849 [rosapi_node-2] Error processing '// generated from rosidl_adapter/resource/msg.idl.em' of 'hesai_ros_driver/LossPacket': '//'
1739646300.9906588 [rosapi_node-2] Error processing '// generated from rosidl_adapter/resource/msg.idl.em' of 'hesai_ros_driver/LossPacket': '//'
1739646300.9907322 [rosapi_node-2] Error processing '// generated from rosidl_adapter/resource/msg.idl.em' of 'hesai_ros_driver/LossPacket': '//'
1739646300.9908061 [rosapi_node-2] Error processing '// generated from rosidl_adapter/resource/msg.idl.em' of 'hesai_ros_driver/LossPacket': '//'
1739646300.9908781 [rosapi_node-2] Error processing '// generated from rosidl_adapter/resource/msg.idl.em' of 'hesai_ros_driver/LossPacket': '//'
1739646300.9909515 [rosapi_node-2] Error processing '// generated from rosidl_adapter/resource/msg.idl.em' of 'hesai_ros_driver/LossPacket': '//'
1739646300.9910386 [rosapi_node-2] Error processing '// generated from rosidl_adapter/resource/msg.idl.em' of 'hesai_ros_driver/LossPacket': '//'
1739646300.9911134 [rosapi_node-2] Error processing '// generated from rosidl_adapter/resource/msg.idl.em' of 'hesai_ros_driver/LossPacket': '//'
1739646300.9911854 [rosapi_node-2] Error processing '// generated from rosidl_adapter/resource/msg.idl.em' of 'hesai_ros_driver/LossPacket': '//'
1739646300.9912589 [rosapi_node-2] Error processing '// generated from rosidl_adapter/resource/msg.idl.em' of 'hesai_ros_driver/LossPacket': '//'
1739646300.9913318 [rosapi_node-2] Error processing '// generated from rosidl_adapter/resource/msg.idl.em' of 'hesai_ros_driver/LossPacket': '//'
1739646300.9914048 [rosapi_node-2] Error processing '// generated from rosidl_adapter/resource/msg.idl.em' of 'hesai_ros_driver/LossPacket': '//'
1739646300.9914782 [rosapi_node-2] Error processing '// generated from rosidl_adapter/resource/msg.idl.em' of 'hesai_ros_driver/LossPacket': '//'
1739646300.9915504 [rosapi_node-2] Error processing '// generated from rosidl_adapter/resource/msg.idl.em' of 'hesai_ros_driver/LossPacket': '//'
1739646300.9916236 [rosapi_node-2] Error processing '// generated from rosidl_adapter/resource/msg.idl.em' of 'hesai_ros_driver/LossPacket': '//'
1739646300.9916968 [rosapi_node-2] Error processing '// generated from rosidl_adapter/resource/msg.idl.em' of 'hesai_ros_driver/LossPacket': '//'
1739646300.9917698 [rosapi_node-2] Error processing '// generated from rosidl_adapter/resource/msg.idl.em' of 'hesai_ros_driver/LossPacket': '//'
1739646300.9918427 [rosapi_node-2] Error processing '// generated from rosidl_adapter/resource/msg.idl.em' of 'hesai_ros_driver/LossPacket': '//'
1739646300.9921732 [rosapi_node-2] Exiting due to SIGINT
1739646301.0422614 [INFO] [rosapi_node-2]: process has finished cleanly [pid 17005]
1739646301.0488443 [INFO] [rosbridge_websocket-1]: process has finished cleanly [pid 17003]
