[35m[1mScanning dependencies of target slam_test[0m
[ 50%] [32mBuilding CXX object CMakeFiles/slam_test.dir/src/EKF_SLAM.cpp.o[0m
[100%] [32m[1mLinking CXX executable slam_test[0m
[100%] Built target slam_test
-- Install configuration: ""
-- Installing: /home/andrewwhong/workspace/driverless/driverless_ws/src/install/planning/lib/planning/slam_test
-- Set runtime path of "/home/andrewwhong/workspace/driverless/driverless_ws/src/install/planning/lib/planning/slam_test" to ""
-- Up-to-date: /home/andrewwhong/workspace/driverless/driverless_ws/src/install/planning/share/ament_index/resource_index/package_run_dependencies/planning
-- Up-to-date: /home/andrewwhong/workspace/driverless/driverless_ws/src/install/planning/share/ament_index/resource_index/parent_prefix_path/planning
-- Up-to-date: /home/andrewwhong/workspace/driverless/driverless_ws/src/install/planning/share/planning/environment/ament_prefix_path.sh
-- Up-to-date: /home/andrewwhong/workspace/driverless/driverless_ws/src/install/planning/share/planning/environment/ament_prefix_path.dsv
-- Up-to-date: /home/andrewwhong/workspace/driverless/driverless_ws/src/install/planning/share/planning/environment/path.sh
-- Up-to-date: /home/andrewwhong/workspace/driverless/driverless_ws/src/install/planning/share/planning/environment/path.dsv
-- Up-to-date: /home/andrewwhong/workspace/driverless/driverless_ws/src/install/planning/share/planning/local_setup.bash
-- Up-to-date: /home/andrewwhong/workspace/driverless/driverless_ws/src/install/planning/share/planning/local_setup.sh
-- Up-to-date: /home/andrewwhong/workspace/driverless/driverless_ws/src/install/planning/share/planning/local_setup.zsh
-- Up-to-date: /home/andrewwhong/workspace/driverless/driverless_ws/src/install/planning/share/planning/local_setup.dsv
-- Installing: /home/andrewwhong/workspace/driverless/driverless_ws/src/install/planning/share/planning/package.dsv
-- Up-to-date: /home/andrewwhong/workspace/driverless/driverless_ws/src/install/planning/share/ament_index/resource_index/packages/planning
-- Up-to-date: /home/andrewwhong/workspace/driverless/driverless_ws/src/install/planning/share/planning/cmake/planningConfig.cmake
-- Up-to-date: /home/andrewwhong/workspace/driverless/driverless_ws/src/install/planning/share/planning/cmake/planningConfig-version.cmake
-- Up-to-date: /home/andrewwhong/workspace/driverless/driverless_ws/src/install/planning/share/planning/package.xml
