[0.179s] Invoking command in '/home/andrewwhong/workspace/driverless/driverless_ws/src/build/planning': AMENT_PREFIX_PATH=/home/andrewwhong/workspace/driverless/driverless_ws/src/install/eufs_msgs:${AMENT_PREFIX_PATH} CMAKE_PREFIX_PATH=/home/andrewwhong/workspace/driverless/driverless_ws/src/install/eufs_msgs:/home/andrewwhong/workspace/driverless/driverless_ws/install/perceptions:/home/andrewwhong/workspace/driverless/driverless_ws/install/interfaces:/home/andrewwhong/workspace/driverless/driverless_ws/install/eufs_msgs:/home/andrewwhong/workspace/driverless/driverless_ws/install/controls:/home/andrewwhong/workspace/driverless/driverless_ws/install/common:/home/andrewwhong/workspace/driverless/driverless_ws/install/collection:/home/andrewwhong/workspace/driverless/driverless_ws/install/actuators:/opt/ros/foxy LD_LIBRARY_PATH=/home/andrewwhong/workspace/driverless/driverless_ws/src/install/eufs_msgs/lib:${LD_LIBRARY_PATH} PYTHONPATH=/home/andrewwhong/workspace/driverless/driverless_ws/src/install/eufs_msgs/lib/python3.8/site-packages:${PYTHONPATH} /usr/bin/cmake --build /home/andrewwhong/workspace/driverless/driverless_ws/src/build/planning -- -j12 -l12
[0.210s] [35m[1mScanning dependencies of target slam_test[0m
[0.233s] [ 50%] [32mBuilding CXX object CMakeFiles/slam_test.dir/src/EKF_SLAM.cpp.o[0m
[7.067s] [100%] [32m[1mLinking CXX executable slam_test[0m
[7.467s] [100%] Built target slam_test
[7.477s] Invoked command in '/home/andrewwhong/workspace/driverless/driverless_ws/src/build/planning' returned '0': AMENT_PREFIX_PATH=/home/andrewwhong/workspace/driverless/driverless_ws/src/install/eufs_msgs:${AMENT_PREFIX_PATH} CMAKE_PREFIX_PATH=/home/andrewwhong/workspace/driverless/driverless_ws/src/install/eufs_msgs:/home/andrewwhong/workspace/driverless/driverless_ws/install/perceptions:/home/andrewwhong/workspace/driverless/driverless_ws/install/interfaces:/home/andrewwhong/workspace/driverless/driverless_ws/install/eufs_msgs:/home/andrewwhong/workspace/driverless/driverless_ws/install/controls:/home/andrewwhong/workspace/driverless/driverless_ws/install/common:/home/andrewwhong/workspace/driverless/driverless_ws/install/collection:/home/andrewwhong/workspace/driverless/driverless_ws/install/actuators:/opt/ros/foxy LD_LIBRARY_PATH=/home/andrewwhong/workspace/driverless/driverless_ws/src/install/eufs_msgs/lib:${LD_LIBRARY_PATH} PYTHONPATH=/home/andrewwhong/workspace/driverless/driverless_ws/src/install/eufs_msgs/lib/python3.8/site-packages:${PYTHONPATH} /usr/bin/cmake --build /home/andrewwhong/workspace/driverless/driverless_ws/src/build/planning -- -j12 -l12
[7.499s] Invoking command in '/home/andrewwhong/workspace/driverless/driverless_ws/src/build/planning': AMENT_PREFIX_PATH=/home/andrewwhong/workspace/driverless/driverless_ws/src/install/eufs_msgs:${AMENT_PREFIX_PATH} CMAKE_PREFIX_PATH=/home/andrewwhong/workspace/driverless/driverless_ws/src/install/eufs_msgs:/home/andrewwhong/workspace/driverless/driverless_ws/install/perceptions:/home/andrewwhong/workspace/driverless/driverless_ws/install/interfaces:/home/andrewwhong/workspace/driverless/driverless_ws/install/eufs_msgs:/home/andrewwhong/workspace/driverless/driverless_ws/install/controls:/home/andrewwhong/workspace/driverless/driverless_ws/install/common:/home/andrewwhong/workspace/driverless/driverless_ws/install/collection:/home/andrewwhong/workspace/driverless/driverless_ws/install/actuators:/opt/ros/foxy LD_LIBRARY_PATH=/home/andrewwhong/workspace/driverless/driverless_ws/src/install/eufs_msgs/lib:${LD_LIBRARY_PATH} PYTHONPATH=/home/andrewwhong/workspace/driverless/driverless_ws/src/install/eufs_msgs/lib/python3.8/site-packages:${PYTHONPATH} /usr/bin/cmake --install /home/andrewwhong/workspace/driverless/driverless_ws/src/build/planning
[7.504s] -- Install configuration: ""
[7.504s] -- Installing: /home/andrewwhong/workspace/driverless/driverless_ws/src/install/planning/lib/planning/slam_test
[7.507s] -- Set runtime path of "/home/andrewwhong/workspace/driverless/driverless_ws/src/install/planning/lib/planning/slam_test" to ""
[7.507s] -- Up-to-date: /home/andrewwhong/workspace/driverless/driverless_ws/src/install/planning/share/ament_index/resource_index/package_run_dependencies/planning
[7.507s] -- Up-to-date: /home/andrewwhong/workspace/driverless/driverless_ws/src/install/planning/share/ament_index/resource_index/parent_prefix_path/planning
[7.507s] -- Up-to-date: /home/andrewwhong/workspace/driverless/driverless_ws/src/install/planning/share/planning/environment/ament_prefix_path.sh
[7.507s] -- Up-to-date: /home/andrewwhong/workspace/driverless/driverless_ws/src/install/planning/share/planning/environment/ament_prefix_path.dsv
[7.507s] -- Up-to-date: /home/andrewwhong/workspace/driverless/driverless_ws/src/install/planning/share/planning/environment/path.sh
[7.508s] -- Up-to-date: /home/andrewwhong/workspace/driverless/driverless_ws/src/install/planning/share/planning/environment/path.dsv
[7.508s] -- Up-to-date: /home/andrewwhong/workspace/driverless/driverless_ws/src/install/planning/share/planning/local_setup.bash
[7.508s] -- Up-to-date: /home/andrewwhong/workspace/driverless/driverless_ws/src/install/planning/share/planning/local_setup.sh
[7.508s] -- Up-to-date: /home/andrewwhong/workspace/driverless/driverless_ws/src/install/planning/share/planning/local_setup.zsh
[7.508s] -- Up-to-date: /home/andrewwhong/workspace/driverless/driverless_ws/src/install/planning/share/planning/local_setup.dsv
[7.508s] -- Installing: /home/andrewwhong/workspace/driverless/driverless_ws/src/install/planning/share/planning/package.dsv
[7.508s] -- Up-to-date: /home/andrewwhong/workspace/driverless/driverless_ws/src/install/planning/share/ament_index/resource_index/packages/planning
[7.508s] -- Up-to-date: /home/andrewwhong/workspace/driverless/driverless_ws/src/install/planning/share/planning/cmake/planningConfig.cmake
[7.509s] -- Up-to-date: /home/andrewwhong/workspace/driverless/driverless_ws/src/install/planning/share/planning/cmake/planningConfig-version.cmake
[7.509s] -- Up-to-date: /home/andrewwhong/workspace/driverless/driverless_ws/src/install/planning/share/planning/package.xml
[7.510s] Invoked command in '/home/andrewwhong/workspace/driverless/driverless_ws/src/build/planning' returned '0': AMENT_PREFIX_PATH=/home/andrewwhong/workspace/driverless/driverless_ws/src/install/eufs_msgs:${AMENT_PREFIX_PATH} CMAKE_PREFIX_PATH=/home/andrewwhong/workspace/driverless/driverless_ws/src/install/eufs_msgs:/home/andrewwhong/workspace/driverless/driverless_ws/install/perceptions:/home/andrewwhong/workspace/driverless/driverless_ws/install/interfaces:/home/andrewwhong/workspace/driverless/driverless_ws/install/eufs_msgs:/home/andrewwhong/workspace/driverless/driverless_ws/install/controls:/home/andrewwhong/workspace/driverless/driverless_ws/install/common:/home/andrewwhong/workspace/driverless/driverless_ws/install/collection:/home/andrewwhong/workspace/driverless/driverless_ws/install/actuators:/opt/ros/foxy LD_LIBRARY_PATH=/home/andrewwhong/workspace/driverless/driverless_ws/src/install/eufs_msgs/lib:${LD_LIBRARY_PATH} PYTHONPATH=/home/andrewwhong/workspace/driverless/driverless_ws/src/install/eufs_msgs/lib/python3.8/site-packages:${PYTHONPATH} /usr/bin/cmake --install /home/andrewwhong/workspace/driverless/driverless_ws/src/build/planning
