[0.041s] Invoking command in '/home/griffin/driverless/driverless_ws/build/common': CMAKE_PREFIX_PATH=/opt/ros/foxy /usr/bin/cmake /home/griffin/driverless/driverless_ws/src/common -DCMAKE_EXPORT_COMPILE_COMMANDS=ON -G Ninja -DCMAKE_INSTALL_PREFIX=/home/griffin/driverless/driverless_ws/install/common
[0.087s] -- The C compiler identification is GNU 9.4.0
[0.129s] -- The CXX compiler identification is GNU 9.4.0
[0.133s] -- Check for working C compiler: /usr/bin/cc
[0.164s] -- Check for working C compiler: /usr/bin/cc -- works
[0.166s] -- Detecting C compiler ABI info
[0.196s] -- Detecting C compiler ABI info - done
[0.209s] -- Detecting C compile features
[0.210s] -- Detecting C compile features - done
[0.213s] -- Check for working CXX compiler: /usr/bin/c++
[0.254s] -- Check for working CXX compiler: /usr/bin/c++ -- works
[0.254s] -- Detecting CXX compiler ABI info
[0.295s] -- Detecting CXX compiler ABI info - done
[0.310s] -- Detecting CXX compile features
[0.311s] -- Detecting CXX compile features - done
[0.313s] -- Found ament_cmake: 0.9.12 (/opt/ros/foxy/share/ament_cmake/cmake)
[0.333s] -- Found PythonInterp: /usr/bin/python3 (found suitable version "3.8.10", minimum required is "3") 
[0.333s] -- Using PYTHON_EXECUTABLE: /usr/bin/python3
[0.482s] -- Found ament_lint_auto: 0.9.8 (/opt/ros/foxy/share/ament_lint_auto/cmake)
[0.559s] -- Added test 'copyright' to check source files copyright and LICENSE
[0.560s] -- Added test 'lint_cmake' to check CMake code style
[0.561s] -- Added test 'xmllint' to check XML markup files
[0.564s] -- Configuring done
[0.565s] -- Generating done
[0.566s] -- Build files have been written to: /home/griffin/driverless/driverless_ws/build/common
[0.570s] Invoked command in '/home/griffin/driverless/driverless_ws/build/common' returned '0': CMAKE_PREFIX_PATH=/opt/ros/foxy /usr/bin/cmake /home/griffin/driverless/driverless_ws/src/common -DCMAKE_EXPORT_COMPILE_COMMANDS=ON -G Ninja -DCMAKE_INSTALL_PREFIX=/home/griffin/driverless/driverless_ws/install/common
[0.574s] Invoking command in '/home/griffin/driverless/driverless_ws/build/common': CMAKE_PREFIX_PATH=/opt/ros/foxy /usr/bin/cmake --build /home/griffin/driverless/driverless_ws/build/common -- -j12 -l12
[0.586s] ninja: no work to do.
[0.587s] Invoked command in '/home/griffin/driverless/driverless_ws/build/common' returned '0': CMAKE_PREFIX_PATH=/opt/ros/foxy /usr/bin/cmake --build /home/griffin/driverless/driverless_ws/build/common -- -j12 -l12
[0.609s] Invoking command in '/home/griffin/driverless/driverless_ws/build/common': CMAKE_PREFIX_PATH=/opt/ros/foxy /usr/bin/cmake --install /home/griffin/driverless/driverless_ws/build/common
[0.615s] -- Install configuration: ""
[0.616s] -- Installing: /home/griffin/driverless/driverless_ws/install/common/share/ament_index/resource_index/package_run_dependencies/common
[0.616s] -- Installing: /home/griffin/driverless/driverless_ws/install/common/share/ament_index/resource_index/parent_prefix_path/common
[0.616s] -- Installing: /home/griffin/driverless/driverless_ws/install/common/share/common/environment/ament_prefix_path.sh
[0.616s] -- Installing: /home/griffin/driverless/driverless_ws/install/common/share/common/environment/ament_prefix_path.dsv
[0.616s] -- Installing: /home/griffin/driverless/driverless_ws/install/common/share/common/environment/path.sh
[0.616s] -- Installing: /home/griffin/driverless/driverless_ws/install/common/share/common/environment/path.dsv
[0.616s] -- Installing: /home/griffin/driverless/driverless_ws/install/common/share/common/local_setup.bash
[0.616s] -- Installing: /home/griffin/driverless/driverless_ws/install/common/share/common/local_setup.sh
[0.616s] -- Installing: /home/griffin/driverless/driverless_ws/install/common/share/common/local_setup.zsh
[0.616s] -- Installing: /home/griffin/driverless/driverless_ws/install/common/share/common/local_setup.dsv
[0.616s] -- Installing: /home/griffin/driverless/driverless_ws/install/common/share/common/package.dsv
[0.616s] -- Installing: /home/griffin/driverless/driverless_ws/install/common/share/ament_index/resource_index/packages/common
[0.616s] -- Installing: /home/griffin/driverless/driverless_ws/install/common/share/common/cmake/commonConfig.cmake
[0.616s] -- Installing: /home/griffin/driverless/driverless_ws/install/common/share/common/cmake/commonConfig-version.cmake
[0.617s] -- Installing: /home/griffin/driverless/driverless_ws/install/common/share/common/package.xml
[0.656s] Invoked command in '/home/griffin/driverless/driverless_ws/build/common' returned '0': CMAKE_PREFIX_PATH=/opt/ros/foxy /usr/bin/cmake --install /home/griffin/driverless/driverless_ws/build/common
