[0.047s] Invoking command in '/home/andrewwhong/workspace/driverless/driverless_ws/build/perceptions': CMAKE_PREFIX_PATH=${CMAKE_PREFIX_PATH}:/opt/ros/foxy /usr/bin/cmake /home/andrewwhong/workspace/driverless/driverless_ws/src/perceptions -DCMAKE_INSTALL_PREFIX=/home/andrewwhong/workspace/driverless/driverless_ws/install/perceptions
[0.331s] -- The C compiler identification is GNU 9.4.0
[0.754s] -- The CXX compiler identification is GNU 9.4.0
[0.962s] -- Check for working C compiler: /usr/bin/cc
[1.209s] -- Check for working C compiler: /usr/bin/cc -- works
[1.210s] -- Detecting C compiler ABI info
[1.466s] -- Detecting C compiler ABI info - done
[1.484s] -- Detecting C compile features
[1.485s] -- Detecting C compile features - done
[1.489s] -- Check for working CXX compiler: /usr/bin/c++
[1.802s] -- Check for working CXX compiler: /usr/bin/c++ -- works
[1.804s] -- Detecting CXX compiler ABI info
[2.097s] -- Detecting CXX compiler ABI info - done
[2.111s] -- Detecting CXX compile features
[2.112s] -- Detecting CXX compile features - done
[2.114s] -- Found ament_cmake: 0.9.12 (/opt/ros/foxy/share/ament_cmake/cmake)
[2.147s] -- Found PythonInterp: /usr/bin/python3 (found suitable version "3.8.10", minimum required is "3") 
[2.147s] -- Using PYTHON_EXECUTABLE: /usr/bin/python3
[2.507s] -- Found ament_lint_auto: 0.9.8 (/opt/ros/foxy/share/ament_lint_auto/cmake)
[2.674s] -- Added test 'copyright' to check source files copyright and LICENSE
[2.675s] -- Added test 'cppcheck' to perform static code analysis on C / C++ code
[2.675s] -- Configured cppcheck include dirs: 
[2.675s] -- Configured cppcheck exclude dirs and/or files: 
[2.676s] -- Added test 'cpplint' to check C / C++ code against the Google style
[2.676s] -- Configured cpplint exclude dirs and/or files: 
[2.677s] -- Added test 'lint_cmake' to check CMake code style
[2.678s] -- Added test 'uncrustify' to check C / C++ code style
[2.678s] -- Configured uncrustify additional arguments: 
[2.679s] -- Added test 'xmllint' to check XML markup files
[2.685s] -- Configuring done
[2.688s] -- Generating done
[2.688s] -- Build files have been written to: /home/andrewwhong/workspace/driverless/driverless_ws/build/perceptions
[2.712s] Invoked command in '/home/andrewwhong/workspace/driverless/driverless_ws/build/perceptions' returned '0': CMAKE_PREFIX_PATH=${CMAKE_PREFIX_PATH}:/opt/ros/foxy /usr/bin/cmake /home/andrewwhong/workspace/driverless/driverless_ws/src/perceptions -DCMAKE_INSTALL_PREFIX=/home/andrewwhong/workspace/driverless/driverless_ws/install/perceptions
[2.716s] Invoking command in '/home/andrewwhong/workspace/driverless/driverless_ws/build/perceptions': CMAKE_PREFIX_PATH=${CMAKE_PREFIX_PATH}:/opt/ros/foxy /usr/bin/cmake --build /home/andrewwhong/workspace/driverless/driverless_ws/build/perceptions -- -j12 -l12
[2.762s] Invoked command in '/home/andrewwhong/workspace/driverless/driverless_ws/build/perceptions' returned '0': CMAKE_PREFIX_PATH=${CMAKE_PREFIX_PATH}:/opt/ros/foxy /usr/bin/cmake --build /home/andrewwhong/workspace/driverless/driverless_ws/build/perceptions -- -j12 -l12
[2.785s] Invoking command in '/home/andrewwhong/workspace/driverless/driverless_ws/build/perceptions': CMAKE_PREFIX_PATH=${CMAKE_PREFIX_PATH}:/opt/ros/foxy /usr/bin/cmake --install /home/andrewwhong/workspace/driverless/driverless_ws/build/perceptions
[2.792s] -- Install configuration: ""
[2.792s] -- Installing: /home/andrewwhong/workspace/driverless/driverless_ws/install/perceptions/share/ament_index/resource_index/package_run_dependencies/perceptions
[2.792s] -- Installing: /home/andrewwhong/workspace/driverless/driverless_ws/install/perceptions/share/ament_index/resource_index/parent_prefix_path/perceptions
[2.793s] -- Installing: /home/andrewwhong/workspace/driverless/driverless_ws/install/perceptions/share/perceptions/environment/ament_prefix_path.sh
[2.793s] -- Installing: /home/andrewwhong/workspace/driverless/driverless_ws/install/perceptions/share/perceptions/environment/ament_prefix_path.dsv
[2.793s] -- Installing: /home/andrewwhong/workspace/driverless/driverless_ws/install/perceptions/share/perceptions/environment/path.sh
[2.793s] -- Installing: /home/andrewwhong/workspace/driverless/driverless_ws/install/perceptions/share/perceptions/environment/path.dsv
[2.793s] -- Installing: /home/andrewwhong/workspace/driverless/driverless_ws/install/perceptions/share/perceptions/local_setup.bash
[2.794s] -- Installing: /home/andrewwhong/workspace/driverless/driverless_ws/install/perceptions/share/perceptions/local_setup.sh
[2.794s] -- Installing: /home/andrewwhong/workspace/driverless/driverless_ws/install/perceptions/share/perceptions/local_setup.zsh
[2.794s] -- Installing: /home/andrewwhong/workspace/driverless/driverless_ws/install/perceptions/share/perceptions/local_setup.dsv
[2.794s] -- Installing: /home/andrewwhong/workspace/driverless/driverless_ws/install/perceptions/share/perceptions/package.dsv
[2.794s] -- Installing: /home/andrewwhong/workspace/driverless/driverless_ws/install/perceptions/share/ament_index/resource_index/packages/perceptions
[2.795s] -- Installing: /home/andrewwhong/workspace/driverless/driverless_ws/install/perceptions/share/perceptions/cmake/perceptionsConfig.cmake
[2.795s] -- Installing: /home/andrewwhong/workspace/driverless/driverless_ws/install/perceptions/share/perceptions/cmake/perceptionsConfig-version.cmake
[2.795s] -- Installing: /home/andrewwhong/workspace/driverless/driverless_ws/install/perceptions/share/perceptions/package.xml
[2.799s] Invoked command in '/home/andrewwhong/workspace/driverless/driverless_ws/build/perceptions' returned '0': CMAKE_PREFIX_PATH=${CMAKE_PREFIX_PATH}:/opt/ros/foxy /usr/bin/cmake --install /home/andrewwhong/workspace/driverless/driverless_ws/build/perceptions
