[0.073s] Invoking command in '/home/griffin/driverless/driverless_ws/build/actuators': CMAKE_PREFIX_PATH=/opt/ros/foxy /usr/bin/cmake --build /home/griffin/driverless/driverless_ws/build/actuators -- -j12 -l12
[0.091s] ninja: no work to do.
[0.094s] Invoked command in '/home/griffin/driverless/driverless_ws/build/actuators' returned '0': CMAKE_PREFIX_PATH=/opt/ros/foxy /usr/bin/cmake --build /home/griffin/driverless/driverless_ws/build/actuators -- -j12 -l12
[0.116s] Invoking command in '/home/griffin/driverless/driverless_ws/build/actuators': CMAKE_PREFIX_PATH=/opt/ros/foxy /usr/bin/cmake --install /home/griffin/driverless/driverless_ws/build/actuators
[0.132s] -- Install configuration: ""
[0.133s] -- Up-to-date: /home/griffin/driverless/driverless_ws/install/actuators/share/ament_index/resource_index/package_run_dependencies/actuators
[0.134s] -- Up-to-date: /home/griffin/driverless/driverless_ws/install/actuators/share/ament_index/resource_index/parent_prefix_path/actuators
[0.134s] -- Up-to-date: /home/griffin/driverless/driverless_ws/install/actuators/share/actuators/environment/ament_prefix_path.sh
[0.134s] -- Up-to-date: /home/griffin/driverless/driverless_ws/install/actuators/share/actuators/environment/ament_prefix_path.dsv
[0.134s] -- Up-to-date: /home/griffin/driverless/driverless_ws/install/actuators/share/actuators/environment/path.sh
[0.134s] -- Up-to-date: /home/griffin/driverless/driverless_ws/install/actuators/share/actuators/environment/path.dsv
[0.134s] -- Up-to-date: /home/griffin/driverless/driverless_ws/install/actuators/share/actuators/local_setup.bash
[0.134s] -- Up-to-date: /home/griffin/driverless/driverless_ws/install/actuators/share/actuators/local_setup.sh
[0.135s] -- Up-to-date: /home/griffin/driverless/driverless_ws/install/actuators/share/actuators/local_setup.zsh
[0.135s] -- Up-to-date: /home/griffin/driverless/driverless_ws/install/actuators/share/actuators/local_setup.dsv
[0.135s] -- Up-to-date: /home/griffin/driverless/driverless_ws/install/actuators/share/actuators/package.dsv
[0.135s] -- Up-to-date: /home/griffin/driverless/driverless_ws/install/actuators/share/ament_index/resource_index/packages/actuators
[0.135s] -- Up-to-date: /home/griffin/driverless/driverless_ws/install/actuators/share/actuators/cmake/actuatorsConfig.cmake
[0.135s] -- Up-to-date: /home/griffin/driverless/driverless_ws/install/actuators/share/actuators/cmake/actuatorsConfig-version.cmake
[0.135s] -- Up-to-date: /home/griffin/driverless/driverless_ws/install/actuators/share/actuators/package.xml
[0.147s] Invoked command in '/home/griffin/driverless/driverless_ws/build/actuators' returned '0': CMAKE_PREFIX_PATH=/opt/ros/foxy /usr/bin/cmake --install /home/griffin/driverless/driverless_ws/build/actuators
