-- The C compiler identification is GNU 9.4.0
-- The CXX compiler identification is GNU 9.4.0
-- Check for working C compiler: /usr/bin/cc
-- Check for working C compiler: /usr/bin/cc -- works
-- Detecting C compiler ABI info
-- Detecting C compiler ABI info - done
-- Detecting C compile features
-- Detecting C compile features - done
-- Check for working CXX compiler: /usr/bin/c++
-- Check for working CXX compiler: /usr/bin/c++ -- works
-- Detecting CXX compiler ABI info
-- Detecting CXX compiler ABI info - done
-- Detecting CXX compile features
-- Detecting CXX compile features - done
-- Found ament_cmake: 0.9.12 (/opt/ros/foxy/share/ament_cmake/cmake)
-- Found PythonInterp: /usr/bin/python3 (found suitable version "3.8.10", minimum required is "3") 
-- Using PYTHON_EXECUTABLE: /usr/bin/python3
-- Found sensor_msgs: 2.0.5 (/opt/ros/foxy/share/sensor_msgs/cmake)
-- Using all available rosidl_typesupport_c: rosidl_typesupport_fastrtps_c;rosidl_typesupport_introspection_c
-- Found rosidl_adapter: 1.3.1 (/opt/ros/foxy/share/rosidl_adapter/cmake)
-- Found OpenSSL: /usr/lib/x86_64-linux-gnu/libcrypto.so (found version "1.1.1f")  
-- Found FastRTPS: /opt/ros/foxy/include  
-- Using all available rosidl_typesupport_cpp: rosidl_typesupport_fastrtps_cpp;rosidl_typesupport_introspection_cpp
-- Found eufs_msgs: 2.0.0 (/driverless/install/eufs_msgs/share/eufs_msgs/cmake)
-- Found rosidl_default_generators: 1.0.1 (/opt/ros/foxy/share/rosidl_default_generators/cmake)
-- Found PythonInterp: /usr/bin/python3 (found version "3.8.10") 
-- Found ament_cmake_ros: 0.9.2 (/opt/ros/foxy/share/ament_cmake_ros/cmake)
-- Using all available rosidl_typesupport_c: rosidl_typesupport_fastrtps_c;rosidl_typesupport_introspection_c
-- Using all available rosidl_typesupport_cpp: rosidl_typesupport_fastrtps_cpp;rosidl_typesupport_introspection_cpp
-- Found PythonInterp: /usr/bin/python3 (found suitable version "3.8.10", minimum required is "3.5") 
-- Found python_cmake_module: 0.8.1 (/opt/ros/foxy/share/python_cmake_module/cmake)
-- Found PythonLibs: /usr/lib/x86_64-linux-gnu/libpython3.8.so (found suitable version "3.8.10", minimum required is "3.5") 
-- Using PYTHON_EXECUTABLE: /usr/bin/python3
-- Using PYTHON_INCLUDE_DIRS: /usr/include/python3.8
-- Using PYTHON_LIBRARIES: /usr/lib/x86_64-linux-gnu/libpython3.8.so
-- Found PythonExtra: .so  
-- Found ament_lint_auto: 0.9.8 (/opt/ros/foxy/share/ament_lint_auto/cmake)
-- Added test 'copyright' to check source files copyright and LICENSE
-- Added test 'cppcheck' to perform static code analysis on C / C++ code
-- Configured cppcheck include dirs: 
-- Configured cppcheck exclude dirs and/or files: 
-- Added test 'cpplint' to check C / C++ code against the Google style
-- Configured cpplint exclude dirs and/or files: 
-- Added test 'flake8' to check Python code syntax and style conventions
-- Added test 'lint_cmake' to check CMake code style
-- Added test 'pep257' to check Python code against some of the style conventions in PEP 257
-- Added test 'uncrustify' to check C / C++ code style
-- Configured uncrustify additional arguments: 
-- Added test 'xmllint' to check XML markup files
-- Configuring done
-- Generating done
-- Build files have been written to: /driverless/build/cmrdv_interfaces
[35m[1mScanning dependencies of target cmrdv_interfaces__cpp[0m
[  1%] [34m[1mGenerating C code for ROS interfaces[0m
[  1%] [34m[1mGenerating C++ code for ROS interfaces[0m
[  1%] Built target cmrdv_interfaces__cpp
[  2%] [34m[1mGenerating C++ introspection for ROS interfaces[0m
[  2%] [34m[1mGenerating C++ type support for eProsima Fast-RTPS[0m
[  3%] [34m[1mGenerating C++ type support dispatch for ROS interfaces[0m
[35m[1mScanning dependencies of target cmrdv_interfaces__rosidl_generator_c[0m
[  4%] [32mBuilding C object CMakeFiles/cmrdv_interfaces__rosidl_generator_c.dir/rosidl_generator_c/cmrdv_interfaces/msg/detail/sim_data_frame__functions.c.o[0m
[  5%] [32mBuilding C object CMakeFiles/cmrdv_interfaces__rosidl_generator_c.dir/rosidl_generator_c/cmrdv_interfaces/msg/detail/cone_list__functions.c.o[0m
[  6%] [32mBuilding C object CMakeFiles/cmrdv_interfaces__rosidl_generator_c.dir/rosidl_generator_c/cmrdv_interfaces/msg/detail/data_frame__functions.c.o[0m
[  7%] [32mBuilding C object CMakeFiles/cmrdv_interfaces__rosidl_generator_c.dir/rosidl_generator_c/cmrdv_interfaces/msg/detail/car_rot__functions.c.o[0m
[  8%] [32mBuilding C object CMakeFiles/cmrdv_interfaces__rosidl_generator_c.dir/rosidl_generator_c/cmrdv_interfaces/msg/detail/vehicle_state__functions.c.o[0m
[  8%] [32mBuilding C object CMakeFiles/cmrdv_interfaces__rosidl_generator_c.dir/rosidl_generator_c/cmrdv_interfaces/msg/detail/control_action__functions.c.o[0m
[  9%] [32mBuilding C object CMakeFiles/cmrdv_interfaces__rosidl_generator_c.dir/rosidl_generator_c/cmrdv_interfaces/msg/detail/cone_positions__functions.c.o[0m
[ 10%] [32mBuilding C object CMakeFiles/cmrdv_interfaces__rosidl_generator_c.dir/rosidl_generator_c/cmrdv_interfaces/msg/detail/heartbeat__functions.c.o[0m
[ 11%] [32mBuilding C object CMakeFiles/cmrdv_interfaces__rosidl_generator_c.dir/rosidl_generator_c/cmrdv_interfaces/msg/detail/points__functions.c.o[0m
[ 12%] [32mBuilding C object CMakeFiles/cmrdv_interfaces__rosidl_generator_c.dir/rosidl_generator_c/cmrdv_interfaces/msg/detail/brakes__functions.c.o[0m
[ 13%] [32mBuilding C object CMakeFiles/cmrdv_interfaces__rosidl_generator_c.dir/rosidl_generator_c/cmrdv_interfaces/msg/detail/pair_rot__functions.c.o[0m
[ 14%] [32m[1mLinking C shared library libcmrdv_interfaces__rosidl_generator_c.so[0m
[ 14%] Built target cmrdv_interfaces__rosidl_generator_c
[ 15%] [34m[1mGenerating C type support dispatch for ROS interfaces[0m
[ 16%] [34m[1mGenerating C introspection for ROS interfaces[0m
[35m[1mScanning dependencies of target cmrdv_interfaces__rosidl_typesupport_cpp[0m
[ 17%] [32mBuilding CXX object CMakeFiles/cmrdv_interfaces__rosidl_typesupport_cpp.dir/rosidl_typesupport_cpp/cmrdv_interfaces/msg/data_frame__type_support.cpp.o[0m
[ 18%] [32mBuilding CXX object CMakeFiles/cmrdv_interfaces__rosidl_typesupport_cpp.dir/rosidl_typesupport_cpp/cmrdv_interfaces/msg/sim_data_frame__type_support.cpp.o[0m
[ 19%] [32mBuilding CXX object CMakeFiles/cmrdv_interfaces__rosidl_typesupport_cpp.dir/rosidl_typesupport_cpp/cmrdv_interfaces/msg/vehicle_state__type_support.cpp.o[0m
[ 20%] [32mBuilding CXX object CMakeFiles/cmrdv_interfaces__rosidl_typesupport_cpp.dir/rosidl_typesupport_cpp/cmrdv_interfaces/msg/cone_list__type_support.cpp.o[0m
[35m[1mScanning dependencies of target cmrdv_interfaces__rosidl_typesupport_introspection_cpp[0m
[ 21%] [32mBuilding CXX object CMakeFiles/cmrdv_interfaces__rosidl_typesupport_introspection_cpp.dir/rosidl_typesupport_introspection_cpp/cmrdv_interfaces/msg/detail/data_frame__type_support.cpp.o[0m
[ 21%] [32mBuilding CXX object CMakeFiles/cmrdv_interfaces__rosidl_typesupport_introspection_cpp.dir/rosidl_typesupport_introspection_cpp/cmrdv_interfaces/msg/detail/sim_data_frame__type_support.cpp.o[0m
[ 22%] [32mBuilding CXX object CMakeFiles/cmrdv_interfaces__rosidl_typesupport_cpp.dir/rosidl_typesupport_cpp/cmrdv_interfaces/msg/car_rot__type_support.cpp.o[0m
[ 23%] [32mBuilding CXX object CMakeFiles/cmrdv_interfaces__rosidl_typesupport_cpp.dir/rosidl_typesupport_cpp/cmrdv_interfaces/msg/control_action__type_support.cpp.o[0m
[ 24%] [32mBuilding CXX object CMakeFiles/cmrdv_interfaces__rosidl_typesupport_cpp.dir/rosidl_typesupport_cpp/cmrdv_interfaces/msg/cone_positions__type_support.cpp.o[0m
[35m[1mScanning dependencies of target cmrdv_interfaces__rosidl_typesupport_fastrtps_cpp[0m
[35m[1mScanning dependencies of target cmrdv_interfaces__rosidl_typesupport_c[0m
[ 25%] [32mBuilding CXX object CMakeFiles/cmrdv_interfaces__rosidl_typesupport_fastrtps_cpp.dir/rosidl_typesupport_fastrtps_cpp/cmrdv_interfaces/msg/detail/dds_fastrtps/data_frame__type_support.cpp.o[0m
[ 26%] [32mBuilding CXX object CMakeFiles/cmrdv_interfaces__rosidl_typesupport_c.dir/rosidl_typesupport_c/cmrdv_interfaces/msg/data_frame__type_support.cpp.o[0m
[ 27%] [32mBuilding CXX object CMakeFiles/cmrdv_interfaces__rosidl_typesupport_c.dir/rosidl_typesupport_c/cmrdv_interfaces/msg/sim_data_frame__type_support.cpp.o[0m
[ 27%] [32mBuilding CXX object CMakeFiles/cmrdv_interfaces__rosidl_typesupport_cpp.dir/rosidl_typesupport_cpp/cmrdv_interfaces/msg/heartbeat__type_support.cpp.o[0m
[ 27%] [32mBuilding CXX object CMakeFiles/cmrdv_interfaces__rosidl_typesupport_c.dir/rosidl_typesupport_c/cmrdv_interfaces/msg/cone_list__type_support.cpp.o[0m
[ 28%] [32mBuilding CXX object CMakeFiles/cmrdv_interfaces__rosidl_typesupport_cpp.dir/rosidl_typesupport_cpp/cmrdv_interfaces/msg/points__type_support.cpp.o[0m
[ 29%] [32mBuilding CXX object CMakeFiles/cmrdv_interfaces__rosidl_typesupport_c.dir/rosidl_typesupport_c/cmrdv_interfaces/msg/vehicle_state__type_support.cpp.o[0m
[ 30%] [32mBuilding CXX object CMakeFiles/cmrdv_interfaces__rosidl_typesupport_introspection_cpp.dir/rosidl_typesupport_introspection_cpp/cmrdv_interfaces/msg/detail/cone_list__type_support.cpp.o[0m
[ 31%] [32mBuilding CXX object CMakeFiles/cmrdv_interfaces__rosidl_typesupport_c.dir/rosidl_typesupport_c/cmrdv_interfaces/msg/car_rot__type_support.cpp.o[0m
[ 32%] [32mBuilding CXX object CMakeFiles/cmrdv_interfaces__rosidl_typesupport_c.dir/rosidl_typesupport_c/cmrdv_interfaces/msg/control_action__type_support.cpp.o[0m
[ 33%] [32mBuilding CXX object CMakeFiles/cmrdv_interfaces__rosidl_typesupport_cpp.dir/rosidl_typesupport_cpp/cmrdv_interfaces/msg/brakes__type_support.cpp.o[0m
[ 34%] [32mBuilding CXX object CMakeFiles/cmrdv_interfaces__rosidl_typesupport_c.dir/rosidl_typesupport_c/cmrdv_interfaces/msg/cone_positions__type_support.cpp.o[0m
[ 35%] [32mBuilding CXX object CMakeFiles/cmrdv_interfaces__rosidl_typesupport_c.dir/rosidl_typesupport_c/cmrdv_interfaces/msg/heartbeat__type_support.cpp.o[0m
[ 36%] [32mBuilding CXX object CMakeFiles/cmrdv_interfaces__rosidl_typesupport_cpp.dir/rosidl_typesupport_cpp/cmrdv_interfaces/msg/pair_rot__type_support.cpp.o[0m
[35m[1mScanning dependencies of target cmrdv_interfaces__rosidl_typesupport_introspection_c[0m
[ 37%] [32mBuilding CXX object CMakeFiles/cmrdv_interfaces__rosidl_typesupport_introspection_cpp.dir/rosidl_typesupport_introspection_cpp/cmrdv_interfaces/msg/detail/vehicle_state__type_support.cpp.o[0m
[ 38%] [32mBuilding C object CMakeFiles/cmrdv_interfaces__rosidl_typesupport_introspection_c.dir/rosidl_typesupport_introspection_c/cmrdv_interfaces/msg/detail/data_frame__type_support.c.o[0m
[ 39%] [32mBuilding CXX object CMakeFiles/cmrdv_interfaces__rosidl_typesupport_fastrtps_cpp.dir/rosidl_typesupport_fastrtps_cpp/cmrdv_interfaces/msg/detail/dds_fastrtps/sim_data_frame__type_support.cpp.o[0m
[ 40%] [32mBuilding CXX object CMakeFiles/cmrdv_interfaces__rosidl_typesupport_c.dir/rosidl_typesupport_c/cmrdv_interfaces/msg/points__type_support.cpp.o[0m
[ 41%] [32mBuilding C object CMakeFiles/cmrdv_interfaces__rosidl_typesupport_introspection_c.dir/rosidl_typesupport_introspection_c/cmrdv_interfaces/msg/detail/sim_data_frame__type_support.c.o[0m
[ 42%] [32mBuilding CXX object CMakeFiles/cmrdv_interfaces__rosidl_typesupport_c.dir/rosidl_typesupport_c/cmrdv_interfaces/msg/brakes__type_support.cpp.o[0m
[ 43%] [32mBuilding CXX object CMakeFiles/cmrdv_interfaces__rosidl_typesupport_introspection_cpp.dir/rosidl_typesupport_introspection_cpp/cmrdv_interfaces/msg/detail/car_rot__type_support.cpp.o[0m
[ 44%] [32mBuilding CXX object CMakeFiles/cmrdv_interfaces__rosidl_typesupport_c.dir/rosidl_typesupport_c/cmrdv_interfaces/msg/pair_rot__type_support.cpp.o[0m
[ 45%] [32mBuilding C object CMakeFiles/cmrdv_interfaces__rosidl_typesupport_introspection_c.dir/rosidl_typesupport_introspection_c/cmrdv_interfaces/msg/detail/vehicle_state__type_support.c.o[0m
[ 46%] [32mBuilding C object CMakeFiles/cmrdv_interfaces__rosidl_typesupport_introspection_c.dir/rosidl_typesupport_introspection_c/cmrdv_interfaces/msg/detail/cone_list__type_support.c.o[0m
[ 47%] [32mBuilding C object CMakeFiles/cmrdv_interfaces__rosidl_typesupport_introspection_c.dir/rosidl_typesupport_introspection_c/cmrdv_interfaces/msg/detail/car_rot__type_support.c.o[0m
[ 48%] [32mBuilding C object CMakeFiles/cmrdv_interfaces__rosidl_typesupport_introspection_c.dir/rosidl_typesupport_introspection_c/cmrdv_interfaces/msg/detail/control_action__type_support.c.o[0m
[ 49%] [32m[1mLinking CXX shared library libcmrdv_interfaces__rosidl_typesupport_c.so[0m
[ 50%] [32mBuilding CXX object CMakeFiles/cmrdv_interfaces__rosidl_typesupport_introspection_cpp.dir/rosidl_typesupport_introspection_cpp/cmrdv_interfaces/msg/detail/control_action__type_support.cpp.o[0m
[ 51%] [32mBuilding CXX object CMakeFiles/cmrdv_interfaces__rosidl_typesupport_introspection_cpp.dir/rosidl_typesupport_introspection_cpp/cmrdv_interfaces/msg/detail/cone_positions__type_support.cpp.o[0m
[ 51%] [32mBuilding C object CMakeFiles/cmrdv_interfaces__rosidl_typesupport_introspection_c.dir/rosidl_typesupport_introspection_c/cmrdv_interfaces/msg/detail/cone_positions__type_support.c.o[0m
[ 51%] Built target cmrdv_interfaces__rosidl_typesupport_c
[ 52%] [32mBuilding C object CMakeFiles/cmrdv_interfaces__rosidl_typesupport_introspection_c.dir/rosidl_typesupport_introspection_c/cmrdv_interfaces/msg/detail/heartbeat__type_support.c.o[0m
[ 53%] [32mBuilding CXX object CMakeFiles/cmrdv_interfaces__rosidl_typesupport_introspection_cpp.dir/rosidl_typesupport_introspection_cpp/cmrdv_interfaces/msg/detail/heartbeat__type_support.cpp.o[0m
[ 54%] [32mBuilding CXX object CMakeFiles/cmrdv_interfaces__rosidl_typesupport_introspection_cpp.dir/rosidl_typesupport_introspection_cpp/cmrdv_interfaces/msg/detail/points__type_support.cpp.o[0m
[ 55%] [32mBuilding C object CMakeFiles/cmrdv_interfaces__rosidl_typesupport_introspection_c.dir/rosidl_typesupport_introspection_c/cmrdv_interfaces/msg/detail/points__type_support.c.o[0m
[ 56%] [32m[1mLinking CXX shared library libcmrdv_interfaces__rosidl_typesupport_cpp.so[0m
[ 57%] [32mBuilding C object CMakeFiles/cmrdv_interfaces__rosidl_typesupport_introspection_c.dir/rosidl_typesupport_introspection_c/cmrdv_interfaces/msg/detail/brakes__type_support.c.o[0m
[ 58%] [32mBuilding CXX object CMakeFiles/cmrdv_interfaces__rosidl_typesupport_introspection_cpp.dir/rosidl_typesupport_introspection_cpp/cmrdv_interfaces/msg/detail/brakes__type_support.cpp.o[0m
[ 59%] [32mBuilding CXX object CMakeFiles/cmrdv_interfaces__rosidl_typesupport_fastrtps_cpp.dir/rosidl_typesupport_fastrtps_cpp/cmrdv_interfaces/msg/detail/dds_fastrtps/cone_list__type_support.cpp.o[0m
[ 59%] Built target cmrdv_interfaces__rosidl_typesupport_cpp
[ 60%] [32mBuilding CXX object CMakeFiles/cmrdv_interfaces__rosidl_typesupport_fastrtps_cpp.dir/rosidl_typesupport_fastrtps_cpp/cmrdv_interfaces/msg/detail/dds_fastrtps/vehicle_state__type_support.cpp.o[0m
[ 61%] [32mBuilding C object CMakeFiles/cmrdv_interfaces__rosidl_typesupport_introspection_c.dir/rosidl_typesupport_introspection_c/cmrdv_interfaces/msg/detail/pair_rot__type_support.c.o[0m
[ 62%] [32mBuilding CXX object CMakeFiles/cmrdv_interfaces__rosidl_typesupport_introspection_cpp.dir/rosidl_typesupport_introspection_cpp/cmrdv_interfaces/msg/detail/pair_rot__type_support.cpp.o[0m
[ 63%] [32m[1mLinking C shared library libcmrdv_interfaces__rosidl_typesupport_introspection_c.so[0m
[ 64%] [32mBuilding CXX object CMakeFiles/cmrdv_interfaces__rosidl_typesupport_fastrtps_cpp.dir/rosidl_typesupport_fastrtps_cpp/cmrdv_interfaces/msg/detail/dds_fastrtps/car_rot__type_support.cpp.o[0m
[ 65%] [32mBuilding CXX object CMakeFiles/cmrdv_interfaces__rosidl_typesupport_fastrtps_cpp.dir/rosidl_typesupport_fastrtps_cpp/cmrdv_interfaces/msg/detail/dds_fastrtps/control_action__type_support.cpp.o[0m
[ 65%] Built target cmrdv_interfaces__rosidl_typesupport_introspection_c
[ 66%] [32mBuilding CXX object CMakeFiles/cmrdv_interfaces__rosidl_typesupport_fastrtps_cpp.dir/rosidl_typesupport_fastrtps_cpp/cmrdv_interfaces/msg/detail/dds_fastrtps/cone_positions__type_support.cpp.o[0m
[ 67%] [32mBuilding CXX object CMakeFiles/cmrdv_interfaces__rosidl_typesupport_fastrtps_cpp.dir/rosidl_typesupport_fastrtps_cpp/cmrdv_interfaces/msg/detail/dds_fastrtps/heartbeat__type_support.cpp.o[0m
[ 68%] [32mBuilding CXX object CMakeFiles/cmrdv_interfaces__rosidl_typesupport_fastrtps_cpp.dir/rosidl_typesupport_fastrtps_cpp/cmrdv_interfaces/msg/detail/dds_fastrtps/points__type_support.cpp.o[0m
[ 68%] [32mBuilding CXX object CMakeFiles/cmrdv_interfaces__rosidl_typesupport_fastrtps_cpp.dir/rosidl_typesupport_fastrtps_cpp/cmrdv_interfaces/msg/detail/dds_fastrtps/brakes__type_support.cpp.o[0m
[ 69%] [32m[1mLinking CXX shared library libcmrdv_interfaces__rosidl_typesupport_introspection_cpp.so[0m
[ 70%] [32mBuilding CXX object CMakeFiles/cmrdv_interfaces__rosidl_typesupport_fastrtps_cpp.dir/rosidl_typesupport_fastrtps_cpp/cmrdv_interfaces/msg/detail/dds_fastrtps/pair_rot__type_support.cpp.o[0m
[ 70%] Built target cmrdv_interfaces__rosidl_typesupport_introspection_cpp
[ 71%] [32m[1mLinking CXX shared library libcmrdv_interfaces__rosidl_typesupport_fastrtps_cpp.so[0m
[ 71%] Built target cmrdv_interfaces__rosidl_typesupport_fastrtps_cpp
[ 72%] [34m[1mGenerating C type support for eProsima Fast-RTPS[0m
[35m[1mScanning dependencies of target cmrdv_interfaces__rosidl_typesupport_fastrtps_c[0m
[ 73%] [32mBuilding CXX object CMakeFiles/cmrdv_interfaces__rosidl_typesupport_fastrtps_c.dir/rosidl_typesupport_fastrtps_c/cmrdv_interfaces/msg/detail/data_frame__type_support_c.cpp.o[0m
[ 74%] [32mBuilding CXX object CMakeFiles/cmrdv_interfaces__rosidl_typesupport_fastrtps_c.dir/rosidl_typesupport_fastrtps_c/cmrdv_interfaces/msg/detail/sim_data_frame__type_support_c.cpp.o[0m
[ 75%] [32mBuilding CXX object CMakeFiles/cmrdv_interfaces__rosidl_typesupport_fastrtps_c.dir/rosidl_typesupport_fastrtps_c/cmrdv_interfaces/msg/detail/vehicle_state__type_support_c.cpp.o[0m
[ 75%] [32mBuilding CXX object CMakeFiles/cmrdv_interfaces__rosidl_typesupport_fastrtps_c.dir/rosidl_typesupport_fastrtps_c/cmrdv_interfaces/msg/detail/car_rot__type_support_c.cpp.o[0m
[ 76%] [32mBuilding CXX object CMakeFiles/cmrdv_interfaces__rosidl_typesupport_fastrtps_c.dir/rosidl_typesupport_fastrtps_c/cmrdv_interfaces/msg/detail/cone_list__type_support_c.cpp.o[0m
[ 77%] [32mBuilding CXX object CMakeFiles/cmrdv_interfaces__rosidl_typesupport_fastrtps_c.dir/rosidl_typesupport_fastrtps_c/cmrdv_interfaces/msg/detail/cone_positions__type_support_c.cpp.o[0m
[ 78%] [32mBuilding CXX object CMakeFiles/cmrdv_interfaces__rosidl_typesupport_fastrtps_c.dir/rosidl_typesupport_fastrtps_c/cmrdv_interfaces/msg/detail/control_action__type_support_c.cpp.o[0m
[ 79%] [32mBuilding CXX object CMakeFiles/cmrdv_interfaces__rosidl_typesupport_fastrtps_c.dir/rosidl_typesupport_fastrtps_c/cmrdv_interfaces/msg/detail/heartbeat__type_support_c.cpp.o[0m
[ 80%] [32mBuilding CXX object CMakeFiles/cmrdv_interfaces__rosidl_typesupport_fastrtps_c.dir/rosidl_typesupport_fastrtps_c/cmrdv_interfaces/msg/detail/points__type_support_c.cpp.o[0m
[ 81%] [32mBuilding CXX object CMakeFiles/cmrdv_interfaces__rosidl_typesupport_fastrtps_c.dir/rosidl_typesupport_fastrtps_c/cmrdv_interfaces/msg/detail/brakes__type_support_c.cpp.o[0m
[ 82%] [32mBuilding CXX object CMakeFiles/cmrdv_interfaces__rosidl_typesupport_fastrtps_c.dir/rosidl_typesupport_fastrtps_c/cmrdv_interfaces/msg/detail/pair_rot__type_support_c.cpp.o[0m
[ 83%] [32m[1mLinking CXX shared library libcmrdv_interfaces__rosidl_typesupport_fastrtps_c.so[0m
[ 83%] Built target cmrdv_interfaces__rosidl_typesupport_fastrtps_c
[35m[1mScanning dependencies of target cmrdv_interfaces[0m
[ 83%] Built target cmrdv_interfaces
[35m[1mScanning dependencies of target cmrdv_interfaces__py[0m
[ 84%] [34m[1mGenerating Python code for ROS interfaces[0m
[ 84%] Built target cmrdv_interfaces__py
[35m[1mScanning dependencies of target cmrdv_interfaces__python[0m
[ 85%] [32mBuilding C object CMakeFiles/cmrdv_interfaces__python.dir/rosidl_generator_py/cmrdv_interfaces/msg/_sim_data_frame_s.c.o[0m
[ 86%] [32mBuilding C object CMakeFiles/cmrdv_interfaces__python.dir/rosidl_generator_py/cmrdv_interfaces/msg/_cone_list_s.c.o[0m
[ 87%] [32mBuilding C object CMakeFiles/cmrdv_interfaces__python.dir/rosidl_generator_py/cmrdv_interfaces/msg/_vehicle_state_s.c.o[0m
[ 88%] [32mBuilding C object CMakeFiles/cmrdv_interfaces__python.dir/rosidl_generator_py/cmrdv_interfaces/msg/_car_rot_s.c.o[0m
[ 89%] [32mBuilding C object CMakeFiles/cmrdv_interfaces__python.dir/rosidl_generator_py/cmrdv_interfaces/msg/_control_action_s.c.o[0m
[ 90%] [32mBuilding C object CMakeFiles/cmrdv_interfaces__python.dir/rosidl_generator_py/cmrdv_interfaces/msg/_heartbeat_s.c.o[0m
[ 91%] [32mBuilding C object CMakeFiles/cmrdv_interfaces__python.dir/rosidl_generator_py/cmrdv_interfaces/msg/_cone_positions_s.c.o[0m
[ 92%] [32mBuilding C object CMakeFiles/cmrdv_interfaces__python.dir/rosidl_generator_py/cmrdv_interfaces/msg/_data_frame_s.c.o[0m
[ 93%] [32mBuilding C object CMakeFiles/cmrdv_interfaces__python.dir/rosidl_generator_py/cmrdv_interfaces/msg/_brakes_s.c.o[0m
[ 93%] [32mBuilding C object CMakeFiles/cmrdv_interfaces__python.dir/rosidl_generator_py/cmrdv_interfaces/msg/_points_s.c.o[0m
[ 94%] [32mBuilding C object CMakeFiles/cmrdv_interfaces__python.dir/rosidl_generator_py/cmrdv_interfaces/msg/_pair_rot_s.c.o[0m
[ 95%] [32m[1mLinking C shared library rosidl_generator_py/cmrdv_interfaces/libcmrdv_interfaces__python.so[0m
[ 95%] Built target cmrdv_interfaces__python
[35m[1mScanning dependencies of target cmrdv_interfaces__rosidl_typesupport_fastrtps_c__pyext[0m
[35m[1mScanning dependencies of target cmrdv_interfaces__rosidl_typesupport_c__pyext[0m
[35m[1mScanning dependencies of target cmrdv_interfaces__rosidl_typesupport_introspection_c__pyext[0m
[ 95%] [32mBuilding C object CMakeFiles/cmrdv_interfaces__rosidl_typesupport_c__pyext.dir/rosidl_generator_py/cmrdv_interfaces/_cmrdv_interfaces_s.ep.rosidl_typesupport_c.c.o[0m
[ 96%] [32mBuilding C object CMakeFiles/cmrdv_interfaces__rosidl_typesupport_introspection_c__pyext.dir/rosidl_generator_py/cmrdv_interfaces/_cmrdv_interfaces_s.ep.rosidl_typesupport_introspection_c.c.o[0m
[ 97%] [32mBuilding C object CMakeFiles/cmrdv_interfaces__rosidl_typesupport_fastrtps_c__pyext.dir/rosidl_generator_py/cmrdv_interfaces/_cmrdv_interfaces_s.ep.rosidl_typesupport_fastrtps_c.c.o[0m
[ 98%] [32m[1mLinking C shared library rosidl_generator_py/cmrdv_interfaces/cmrdv_interfaces_s__rosidl_typesupport_introspection_c.cpython-38-x86_64-linux-gnu.so[0m
[ 99%] [32m[1mLinking C shared library rosidl_generator_py/cmrdv_interfaces/cmrdv_interfaces_s__rosidl_typesupport_c.cpython-38-x86_64-linux-gnu.so[0m
[100%] [32m[1mLinking CXX shared library rosidl_generator_py/cmrdv_interfaces/cmrdv_interfaces_s__rosidl_typesupport_fastrtps_c.cpython-38-x86_64-linux-gnu.so[0m
[100%] Built target cmrdv_interfaces__rosidl_typesupport_introspection_c__pyext
[100%] Built target cmrdv_interfaces__rosidl_typesupport_c__pyext
[100%] Built target cmrdv_interfaces__rosidl_typesupport_fastrtps_c__pyext
-- Install configuration: ""
-- Installing: /driverless/install/cmrdv_interfaces/share/ament_index/resource_index/rosidl_interfaces/cmrdv_interfaces
-- Installing: /driverless/install/cmrdv_interfaces/include/cmrdv_interfaces
-- Installing: /driverless/install/cmrdv_interfaces/include/cmrdv_interfaces/msg
-- Installing: /driverless/install/cmrdv_interfaces/include/cmrdv_interfaces/msg/brakes.h
-- Installing: /driverless/install/cmrdv_interfaces/include/cmrdv_interfaces/msg/rosidl_generator_c__visibility_control.h
-- Installing: /driverless/install/cmrdv_interfaces/include/cmrdv_interfaces/msg/pair_rot.h
-- Installing: /driverless/install/cmrdv_interfaces/include/cmrdv_interfaces/msg/heartbeat.h
-- Installing: /driverless/install/cmrdv_interfaces/include/cmrdv_interfaces/msg/control_action.h
-- Installing: /driverless/install/cmrdv_interfaces/include/cmrdv_interfaces/msg/vehicle_state.h
-- Installing: /driverless/install/cmrdv_interfaces/include/cmrdv_interfaces/msg/car_rot.h
-- Installing: /driverless/install/cmrdv_interfaces/include/cmrdv_interfaces/msg/cone_list.h
-- Installing: /driverless/install/cmrdv_interfaces/include/cmrdv_interfaces/msg/sim_data_frame.h
-- Installing: /driverless/install/cmrdv_interfaces/include/cmrdv_interfaces/msg/cone_positions.h
-- Installing: /driverless/install/cmrdv_interfaces/include/cmrdv_interfaces/msg/data_frame.h
-- Installing: /driverless/install/cmrdv_interfaces/include/cmrdv_interfaces/msg/detail
-- Installing: /driverless/install/cmrdv_interfaces/include/cmrdv_interfaces/msg/detail/control_action__functions.c
-- Installing: /driverless/install/cmrdv_interfaces/include/cmrdv_interfaces/msg/detail/points__functions.c
-- Installing: /driverless/install/cmrdv_interfaces/include/cmrdv_interfaces/msg/detail/brakes__type_support.h
-- Installing: /driverless/install/cmrdv_interfaces/include/cmrdv_interfaces/msg/detail/pair_rot__functions.h
-- Installing: /driverless/install/cmrdv_interfaces/include/cmrdv_interfaces/msg/detail/brakes__functions.h
-- Installing: /driverless/install/cmrdv_interfaces/include/cmrdv_interfaces/msg/detail/sim_data_frame__functions.h
-- Installing: /driverless/install/cmrdv_interfaces/include/cmrdv_interfaces/msg/detail/cone_list__functions.h
-- Installing: /driverless/install/cmrdv_interfaces/include/cmrdv_interfaces/msg/detail/cone_positions__struct.h
-- Installing: /driverless/install/cmrdv_interfaces/include/cmrdv_interfaces/msg/detail/cone_list__functions.c
-- Installing: /driverless/install/cmrdv_interfaces/include/cmrdv_interfaces/msg/detail/cone_positions__functions.h
-- Installing: /driverless/install/cmrdv_interfaces/include/cmrdv_interfaces/msg/detail/sim_data_frame__functions.c
-- Installing: /driverless/install/cmrdv_interfaces/include/cmrdv_interfaces/msg/detail/sim_data_frame__type_support.h
-- Installing: /driverless/install/cmrdv_interfaces/include/cmrdv_interfaces/msg/detail/cone_list__type_support.h
-- Installing: /driverless/install/cmrdv_interfaces/include/cmrdv_interfaces/msg/detail/car_rot__struct.h
-- Installing: /driverless/install/cmrdv_interfaces/include/cmrdv_interfaces/msg/detail/control_action__struct.h
-- Installing: /driverless/install/cmrdv_interfaces/include/cmrdv_interfaces/msg/detail/vehicle_state__struct.h
-- Installing: /driverless/install/cmrdv_interfaces/include/cmrdv_interfaces/msg/detail/points__type_support.h
-- Installing: /driverless/install/cmrdv_interfaces/include/cmrdv_interfaces/msg/detail/pair_rot__functions.c
-- Installing: /driverless/install/cmrdv_interfaces/include/cmrdv_interfaces/msg/detail/data_frame__struct.h
-- Installing: /driverless/install/cmrdv_interfaces/include/cmrdv_interfaces/msg/detail/car_rot__type_support.h
-- Installing: /driverless/install/cmrdv_interfaces/include/cmrdv_interfaces/msg/detail/car_rot__functions.h
-- Installing: /driverless/install/cmrdv_interfaces/include/cmrdv_interfaces/msg/detail/data_frame__functions.c
-- Installing: /driverless/install/cmrdv_interfaces/include/cmrdv_interfaces/msg/detail/pair_rot__type_support.h
-- Installing: /driverless/install/cmrdv_interfaces/include/cmrdv_interfaces/msg/detail/data_frame__type_support.h
-- Installing: /driverless/install/cmrdv_interfaces/include/cmrdv_interfaces/msg/detail/data_frame__functions.h
-- Installing: /driverless/install/cmrdv_interfaces/include/cmrdv_interfaces/msg/detail/brakes__functions.c
-- Installing: /driverless/install/cmrdv_interfaces/include/cmrdv_interfaces/msg/detail/car_rot__functions.c
-- Installing: /driverless/install/cmrdv_interfaces/include/cmrdv_interfaces/msg/detail/cone_list__struct.h
-- Installing: /driverless/install/cmrdv_interfaces/include/cmrdv_interfaces/msg/detail/points__struct.h
-- Installing: /driverless/install/cmrdv_interfaces/include/cmrdv_interfaces/msg/detail/heartbeat__functions.h
-- Installing: /driverless/install/cmrdv_interfaces/include/cmrdv_interfaces/msg/detail/control_action__type_support.h
-- Installing: /driverless/install/cmrdv_interfaces/include/cmrdv_interfaces/msg/detail/vehicle_state__functions.h
-- Installing: /driverless/install/cmrdv_interfaces/include/cmrdv_interfaces/msg/detail/heartbeat__type_support.h
-- Installing: /driverless/install/cmrdv_interfaces/include/cmrdv_interfaces/msg/detail/brakes__struct.h
-- Installing: /driverless/install/cmrdv_interfaces/include/cmrdv_interfaces/msg/detail/points__functions.h
-- Installing: /driverless/install/cmrdv_interfaces/include/cmrdv_interfaces/msg/detail/heartbeat__struct.h
-- Installing: /driverless/install/cmrdv_interfaces/include/cmrdv_interfaces/msg/detail/sim_data_frame__struct.h
-- Installing: /driverless/install/cmrdv_interfaces/include/cmrdv_interfaces/msg/detail/vehicle_state__functions.c
-- Installing: /driverless/install/cmrdv_interfaces/include/cmrdv_interfaces/msg/detail/cone_positions__type_support.h
-- Installing: /driverless/install/cmrdv_interfaces/include/cmrdv_interfaces/msg/detail/heartbeat__functions.c
-- Installing: /driverless/install/cmrdv_interfaces/include/cmrdv_interfaces/msg/detail/control_action__functions.h
-- Installing: /driverless/install/cmrdv_interfaces/include/cmrdv_interfaces/msg/detail/pair_rot__struct.h
-- Installing: /driverless/install/cmrdv_interfaces/include/cmrdv_interfaces/msg/detail/cone_positions__functions.c
-- Installing: /driverless/install/cmrdv_interfaces/include/cmrdv_interfaces/msg/detail/vehicle_state__type_support.h
-- Installing: /driverless/install/cmrdv_interfaces/include/cmrdv_interfaces/msg/points.h
-- Installing: /driverless/install/cmrdv_interfaces/share/cmrdv_interfaces/environment/library_path.sh
-- Installing: /driverless/install/cmrdv_interfaces/share/cmrdv_interfaces/environment/library_path.dsv
-- Installing: /driverless/install/cmrdv_interfaces/lib/libcmrdv_interfaces__rosidl_generator_c.so
-- Set runtime path of "/driverless/install/cmrdv_interfaces/lib/libcmrdv_interfaces__rosidl_generator_c.so" to ""
-- Up-to-date: /driverless/install/cmrdv_interfaces/include/cmrdv_interfaces
-- Up-to-date: /driverless/install/cmrdv_interfaces/include/cmrdv_interfaces/msg
-- Installing: /driverless/install/cmrdv_interfaces/include/cmrdv_interfaces/msg/rosidl_typesupport_fastrtps_c__visibility_control.h
-- Up-to-date: /driverless/install/cmrdv_interfaces/include/cmrdv_interfaces/msg/detail
-- Installing: /driverless/install/cmrdv_interfaces/include/cmrdv_interfaces/msg/detail/control_action__rosidl_typesupport_fastrtps_c.h
-- Installing: /driverless/install/cmrdv_interfaces/include/cmrdv_interfaces/msg/detail/cone_positions__rosidl_typesupport_fastrtps_c.h
-- Installing: /driverless/install/cmrdv_interfaces/include/cmrdv_interfaces/msg/detail/vehicle_state__rosidl_typesupport_fastrtps_c.h
-- Installing: /driverless/install/cmrdv_interfaces/include/cmrdv_interfaces/msg/detail/car_rot__rosidl_typesupport_fastrtps_c.h
-- Installing: /driverless/install/cmrdv_interfaces/include/cmrdv_interfaces/msg/detail/sim_data_frame__rosidl_typesupport_fastrtps_c.h
-- Installing: /driverless/install/cmrdv_interfaces/include/cmrdv_interfaces/msg/detail/points__rosidl_typesupport_fastrtps_c.h
-- Installing: /driverless/install/cmrdv_interfaces/include/cmrdv_interfaces/msg/detail/pair_rot__rosidl_typesupport_fastrtps_c.h
-- Installing: /driverless/install/cmrdv_interfaces/include/cmrdv_interfaces/msg/detail/brakes__rosidl_typesupport_fastrtps_c.h
-- Installing: /driverless/install/cmrdv_interfaces/include/cmrdv_interfaces/msg/detail/heartbeat__rosidl_typesupport_fastrtps_c.h
-- Installing: /driverless/install/cmrdv_interfaces/include/cmrdv_interfaces/msg/detail/cone_list__rosidl_typesupport_fastrtps_c.h
-- Installing: /driverless/install/cmrdv_interfaces/include/cmrdv_interfaces/msg/detail/data_frame__rosidl_typesupport_fastrtps_c.h
-- Installing: /driverless/install/cmrdv_interfaces/lib/libcmrdv_interfaces__rosidl_typesupport_fastrtps_c.so
-- Set runtime path of "/driverless/install/cmrdv_interfaces/lib/libcmrdv_interfaces__rosidl_typesupport_fastrtps_c.so" to ""
-- Up-to-date: /driverless/install/cmrdv_interfaces/include/cmrdv_interfaces
-- Up-to-date: /driverless/install/cmrdv_interfaces/include/cmrdv_interfaces/msg
-- Installing: /driverless/install/cmrdv_interfaces/include/cmrdv_interfaces/msg/rosidl_typesupport_fastrtps_cpp__visibility_control.h
-- Up-to-date: /driverless/install/cmrdv_interfaces/include/cmrdv_interfaces/msg/detail
-- Installing: /driverless/install/cmrdv_interfaces/include/cmrdv_interfaces/msg/detail/data_frame__rosidl_typesupport_fastrtps_cpp.hpp
-- Installing: /driverless/install/cmrdv_interfaces/include/cmrdv_interfaces/msg/detail/control_action__rosidl_typesupport_fastrtps_cpp.hpp
-- Installing: /driverless/install/cmrdv_interfaces/include/cmrdv_interfaces/msg/detail/vehicle_state__rosidl_typesupport_fastrtps_cpp.hpp
-- Installing: /driverless/install/cmrdv_interfaces/include/cmrdv_interfaces/msg/detail/sim_data_frame__rosidl_typesupport_fastrtps_cpp.hpp
-- Installing: /driverless/install/cmrdv_interfaces/include/cmrdv_interfaces/msg/detail/heartbeat__rosidl_typesupport_fastrtps_cpp.hpp
-- Installing: /driverless/install/cmrdv_interfaces/include/cmrdv_interfaces/msg/detail/dds_fastrtps
-- Installing: /driverless/install/cmrdv_interfaces/include/cmrdv_interfaces/msg/detail/cone_list__rosidl_typesupport_fastrtps_cpp.hpp
-- Installing: /driverless/install/cmrdv_interfaces/include/cmrdv_interfaces/msg/detail/brakes__rosidl_typesupport_fastrtps_cpp.hpp
-- Installing: /driverless/install/cmrdv_interfaces/include/cmrdv_interfaces/msg/detail/car_rot__rosidl_typesupport_fastrtps_cpp.hpp
-- Installing: /driverless/install/cmrdv_interfaces/include/cmrdv_interfaces/msg/detail/points__rosidl_typesupport_fastrtps_cpp.hpp
-- Installing: /driverless/install/cmrdv_interfaces/include/cmrdv_interfaces/msg/detail/cone_positions__rosidl_typesupport_fastrtps_cpp.hpp
-- Installing: /driverless/install/cmrdv_interfaces/include/cmrdv_interfaces/msg/detail/pair_rot__rosidl_typesupport_fastrtps_cpp.hpp
-- Installing: /driverless/install/cmrdv_interfaces/lib/libcmrdv_interfaces__rosidl_typesupport_fastrtps_cpp.so
-- Set runtime path of "/driverless/install/cmrdv_interfaces/lib/libcmrdv_interfaces__rosidl_typesupport_fastrtps_cpp.so" to ""
-- Up-to-date: /driverless/install/cmrdv_interfaces/include/cmrdv_interfaces
-- Up-to-date: /driverless/install/cmrdv_interfaces/include/cmrdv_interfaces/msg
-- Installing: /driverless/install/cmrdv_interfaces/include/cmrdv_interfaces/msg/rosidl_typesupport_introspection_c__visibility_control.h
-- Up-to-date: /driverless/install/cmrdv_interfaces/include/cmrdv_interfaces/msg/detail
-- Installing: /driverless/install/cmrdv_interfaces/include/cmrdv_interfaces/msg/detail/data_frame__type_support.c
-- Installing: /driverless/install/cmrdv_interfaces/include/cmrdv_interfaces/msg/detail/points__type_support.c
-- Installing: /driverless/install/cmrdv_interfaces/include/cmrdv_interfaces/msg/detail/data_frame__rosidl_typesupport_introspection_c.h
-- Installing: /driverless/install/cmrdv_interfaces/include/cmrdv_interfaces/msg/detail/heartbeat__type_support.c
-- Installing: /driverless/install/cmrdv_interfaces/include/cmrdv_interfaces/msg/detail/sim_data_frame__rosidl_typesupport_introspection_c.h
-- Installing: /driverless/install/cmrdv_interfaces/include/cmrdv_interfaces/msg/detail/control_action__type_support.c
-- Installing: /driverless/install/cmrdv_interfaces/include/cmrdv_interfaces/msg/detail/brakes__type_support.c
-- Installing: /driverless/install/cmrdv_interfaces/include/cmrdv_interfaces/msg/detail/pair_rot__type_support.c
-- Installing: /driverless/install/cmrdv_interfaces/include/cmrdv_interfaces/msg/detail/cone_positions__rosidl_typesupport_introspection_c.h
-- Installing: /driverless/install/cmrdv_interfaces/include/cmrdv_interfaces/msg/detail/vehicle_state__type_support.c
-- Installing: /driverless/install/cmrdv_interfaces/include/cmrdv_interfaces/msg/detail/cone_list__type_support.c
-- Installing: /driverless/install/cmrdv_interfaces/include/cmrdv_interfaces/msg/detail/car_rot__rosidl_typesupport_introspection_c.h
-- Installing: /driverless/install/cmrdv_interfaces/include/cmrdv_interfaces/msg/detail/brakes__rosidl_typesupport_introspection_c.h
-- Installing: /driverless/install/cmrdv_interfaces/include/cmrdv_interfaces/msg/detail/control_action__rosidl_typesupport_introspection_c.h
-- Installing: /driverless/install/cmrdv_interfaces/include/cmrdv_interfaces/msg/detail/cone_positions__type_support.c
-- Installing: /driverless/install/cmrdv_interfaces/include/cmrdv_interfaces/msg/detail/heartbeat__rosidl_typesupport_introspection_c.h
-- Installing: /driverless/install/cmrdv_interfaces/include/cmrdv_interfaces/msg/detail/car_rot__type_support.c
-- Installing: /driverless/install/cmrdv_interfaces/include/cmrdv_interfaces/msg/detail/points__rosidl_typesupport_introspection_c.h
-- Installing: /driverless/install/cmrdv_interfaces/include/cmrdv_interfaces/msg/detail/cone_list__rosidl_typesupport_introspection_c.h
-- Installing: /driverless/install/cmrdv_interfaces/include/cmrdv_interfaces/msg/detail/pair_rot__rosidl_typesupport_introspection_c.h
-- Installing: /driverless/install/cmrdv_interfaces/include/cmrdv_interfaces/msg/detail/sim_data_frame__type_support.c
-- Installing: /driverless/install/cmrdv_interfaces/include/cmrdv_interfaces/msg/detail/vehicle_state__rosidl_typesupport_introspection_c.h
-- Installing: /driverless/install/cmrdv_interfaces/lib/libcmrdv_interfaces__rosidl_typesupport_introspection_c.so
-- Set runtime path of "/driverless/install/cmrdv_interfaces/lib/libcmrdv_interfaces__rosidl_typesupport_introspection_c.so" to ""
-- Installing: /driverless/install/cmrdv_interfaces/lib/libcmrdv_interfaces__rosidl_typesupport_c.so
-- Set runtime path of "/driverless/install/cmrdv_interfaces/lib/libcmrdv_interfaces__rosidl_typesupport_c.so" to ""
-- Up-to-date: /driverless/install/cmrdv_interfaces/include/cmrdv_interfaces
-- Up-to-date: /driverless/install/cmrdv_interfaces/include/cmrdv_interfaces/msg
-- Installing: /driverless/install/cmrdv_interfaces/include/cmrdv_interfaces/msg/control_action.hpp
-- Installing: /driverless/install/cmrdv_interfaces/include/cmrdv_interfaces/msg/cone_list.hpp
-- Installing: /driverless/install/cmrdv_interfaces/include/cmrdv_interfaces/msg/heartbeat.hpp
-- Installing: /driverless/install/cmrdv_interfaces/include/cmrdv_interfaces/msg/vehicle_state.hpp
-- Installing: /driverless/install/cmrdv_interfaces/include/cmrdv_interfaces/msg/car_rot.hpp
-- Installing: /driverless/install/cmrdv_interfaces/include/cmrdv_interfaces/msg/cone_positions.hpp
-- Installing: /driverless/install/cmrdv_interfaces/include/cmrdv_interfaces/msg/points.hpp
-- Installing: /driverless/install/cmrdv_interfaces/include/cmrdv_interfaces/msg/data_frame.hpp
-- Installing: /driverless/install/cmrdv_interfaces/include/cmrdv_interfaces/msg/pair_rot.hpp
-- Installing: /driverless/install/cmrdv_interfaces/include/cmrdv_interfaces/msg/brakes.hpp
-- Installing: /driverless/install/cmrdv_interfaces/include/cmrdv_interfaces/msg/rosidl_generator_cpp__visibility_control.hpp
-- Installing: /driverless/install/cmrdv_interfaces/include/cmrdv_interfaces/msg/sim_data_frame.hpp
-- Up-to-date: /driverless/install/cmrdv_interfaces/include/cmrdv_interfaces/msg/detail
-- Installing: /driverless/install/cmrdv_interfaces/include/cmrdv_interfaces/msg/detail/control_action__struct.hpp
-- Installing: /driverless/install/cmrdv_interfaces/include/cmrdv_interfaces/msg/detail/pair_rot__struct.hpp
-- Installing: /driverless/install/cmrdv_interfaces/include/cmrdv_interfaces/msg/detail/vehicle_state__type_support.hpp
-- Installing: /driverless/install/cmrdv_interfaces/include/cmrdv_interfaces/msg/detail/points__struct.hpp
-- Installing: /driverless/install/cmrdv_interfaces/include/cmrdv_interfaces/msg/detail/cone_positions__traits.hpp
-- Installing: /driverless/install/cmrdv_interfaces/include/cmrdv_interfaces/msg/detail/control_action__traits.hpp
-- Installing: /driverless/install/cmrdv_interfaces/include/cmrdv_interfaces/msg/detail/cone_list__traits.hpp
-- Installing: /driverless/install/cmrdv_interfaces/include/cmrdv_interfaces/msg/detail/heartbeat__traits.hpp
-- Installing: /driverless/install/cmrdv_interfaces/include/cmrdv_interfaces/msg/detail/pair_rot__type_support.hpp
-- Installing: /driverless/install/cmrdv_interfaces/include/cmrdv_interfaces/msg/detail/data_frame__struct.hpp
-- Installing: /driverless/install/cmrdv_interfaces/include/cmrdv_interfaces/msg/detail/control_action__builder.hpp
-- Installing: /driverless/install/cmrdv_interfaces/include/cmrdv_interfaces/msg/detail/control_action__type_support.hpp
-- Installing: /driverless/install/cmrdv_interfaces/include/cmrdv_interfaces/msg/detail/brakes__traits.hpp
-- Installing: /driverless/install/cmrdv_interfaces/include/cmrdv_interfaces/msg/detail/vehicle_state__traits.hpp
-- Installing: /driverless/install/cmrdv_interfaces/include/cmrdv_interfaces/msg/detail/points__traits.hpp
-- Installing: /driverless/install/cmrdv_interfaces/include/cmrdv_interfaces/msg/detail/car_rot__builder.hpp
-- Installing: /driverless/install/cmrdv_interfaces/include/cmrdv_interfaces/msg/detail/data_frame__builder.hpp
-- Installing: /driverless/install/cmrdv_interfaces/include/cmrdv_interfaces/msg/detail/cone_positions__builder.hpp
-- Installing: /driverless/install/cmrdv_interfaces/include/cmrdv_interfaces/msg/detail/cone_list__struct.hpp
-- Installing: /driverless/install/cmrdv_interfaces/include/cmrdv_interfaces/msg/detail/car_rot__struct.hpp
-- Installing: /driverless/install/cmrdv_interfaces/include/cmrdv_interfaces/msg/detail/brakes__type_support.hpp
-- Installing: /driverless/install/cmrdv_interfaces/include/cmrdv_interfaces/msg/detail/car_rot__traits.hpp
-- Installing: /driverless/install/cmrdv_interfaces/include/cmrdv_interfaces/msg/detail/sim_data_frame__builder.hpp
-- Installing: /driverless/install/cmrdv_interfaces/include/cmrdv_interfaces/msg/detail/vehicle_state__builder.hpp
-- Installing: /driverless/install/cmrdv_interfaces/include/cmrdv_interfaces/msg/detail/heartbeat__struct.hpp
-- Installing: /driverless/install/cmrdv_interfaces/include/cmrdv_interfaces/msg/detail/heartbeat__type_support.hpp
-- Installing: /driverless/install/cmrdv_interfaces/include/cmrdv_interfaces/msg/detail/car_rot__type_support.hpp
-- Installing: /driverless/install/cmrdv_interfaces/include/cmrdv_interfaces/msg/detail/data_frame__type_support.hpp
-- Installing: /driverless/install/cmrdv_interfaces/include/cmrdv_interfaces/msg/detail/cone_list__type_support.hpp
-- Installing: /driverless/install/cmrdv_interfaces/include/cmrdv_interfaces/msg/detail/sim_data_frame__traits.hpp
-- Installing: /driverless/install/cmrdv_interfaces/include/cmrdv_interfaces/msg/detail/cone_positions__struct.hpp
-- Installing: /driverless/install/cmrdv_interfaces/include/cmrdv_interfaces/msg/detail/cone_list__builder.hpp
-- Installing: /driverless/install/cmrdv_interfaces/include/cmrdv_interfaces/msg/detail/pair_rot__builder.hpp
-- Installing: /driverless/install/cmrdv_interfaces/include/cmrdv_interfaces/msg/detail/data_frame__traits.hpp
-- Installing: /driverless/install/cmrdv_interfaces/include/cmrdv_interfaces/msg/detail/vehicle_state__struct.hpp
-- Installing: /driverless/install/cmrdv_interfaces/include/cmrdv_interfaces/msg/detail/pair_rot__traits.hpp
-- Installing: /driverless/install/cmrdv_interfaces/include/cmrdv_interfaces/msg/detail/brakes__struct.hpp
-- Installing: /driverless/install/cmrdv_interfaces/include/cmrdv_interfaces/msg/detail/cone_positions__type_support.hpp
-- Installing: /driverless/install/cmrdv_interfaces/include/cmrdv_interfaces/msg/detail/heartbeat__builder.hpp
-- Installing: /driverless/install/cmrdv_interfaces/include/cmrdv_interfaces/msg/detail/points__type_support.hpp
-- Installing: /driverless/install/cmrdv_interfaces/include/cmrdv_interfaces/msg/detail/sim_data_frame__struct.hpp
-- Installing: /driverless/install/cmrdv_interfaces/include/cmrdv_interfaces/msg/detail/sim_data_frame__type_support.hpp
-- Installing: /driverless/install/cmrdv_interfaces/include/cmrdv_interfaces/msg/detail/brakes__builder.hpp
-- Installing: /driverless/install/cmrdv_interfaces/include/cmrdv_interfaces/msg/detail/points__builder.hpp
-- Up-to-date: /driverless/install/cmrdv_interfaces/include/cmrdv_interfaces
-- Up-to-date: /driverless/install/cmrdv_interfaces/include/cmrdv_interfaces/msg
-- Up-to-date: /driverless/install/cmrdv_interfaces/include/cmrdv_interfaces/msg/detail
-- Installing: /driverless/install/cmrdv_interfaces/include/cmrdv_interfaces/msg/detail/pair_rot__type_support.cpp
-- Installing: /driverless/install/cmrdv_interfaces/include/cmrdv_interfaces/msg/detail/cone_list__rosidl_typesupport_introspection_cpp.hpp
-- Installing: /driverless/install/cmrdv_interfaces/include/cmrdv_interfaces/msg/detail/brakes__type_support.cpp
-- Installing: /driverless/install/cmrdv_interfaces/include/cmrdv_interfaces/msg/detail/control_action__rosidl_typesupport_introspection_cpp.hpp
-- Installing: /driverless/install/cmrdv_interfaces/include/cmrdv_interfaces/msg/detail/vehicle_state__rosidl_typesupport_introspection_cpp.hpp
-- Installing: /driverless/install/cmrdv_interfaces/include/cmrdv_interfaces/msg/detail/data_frame__type_support.cpp
-- Installing: /driverless/install/cmrdv_interfaces/include/cmrdv_interfaces/msg/detail/data_frame__rosidl_typesupport_introspection_cpp.hpp
-- Installing: /driverless/install/cmrdv_interfaces/include/cmrdv_interfaces/msg/detail/brakes__rosidl_typesupport_introspection_cpp.hpp
-- Installing: /driverless/install/cmrdv_interfaces/include/cmrdv_interfaces/msg/detail/points__rosidl_typesupport_introspection_cpp.hpp
-- Installing: /driverless/install/cmrdv_interfaces/include/cmrdv_interfaces/msg/detail/pair_rot__rosidl_typesupport_introspection_cpp.hpp
-- Installing: /driverless/install/cmrdv_interfaces/include/cmrdv_interfaces/msg/detail/car_rot__type_support.cpp
-- Installing: /driverless/install/cmrdv_interfaces/include/cmrdv_interfaces/msg/detail/heartbeat__rosidl_typesupport_introspection_cpp.hpp
-- Installing: /driverless/install/cmrdv_interfaces/include/cmrdv_interfaces/msg/detail/cone_positions__rosidl_typesupport_introspection_cpp.hpp
-- Installing: /driverless/install/cmrdv_interfaces/include/cmrdv_interfaces/msg/detail/control_action__type_support.cpp
-- Installing: /driverless/install/cmrdv_interfaces/include/cmrdv_interfaces/msg/detail/sim_data_frame__type_support.cpp
-- Installing: /driverless/install/cmrdv_interfaces/include/cmrdv_interfaces/msg/detail/points__type_support.cpp
-- Installing: /driverless/install/cmrdv_interfaces/include/cmrdv_interfaces/msg/detail/car_rot__rosidl_typesupport_introspection_cpp.hpp
-- Installing: /driverless/install/cmrdv_interfaces/include/cmrdv_interfaces/msg/detail/cone_positions__type_support.cpp
-- Installing: /driverless/install/cmrdv_interfaces/include/cmrdv_interfaces/msg/detail/vehicle_state__type_support.cpp
-- Installing: /driverless/install/cmrdv_interfaces/include/cmrdv_interfaces/msg/detail/cone_list__type_support.cpp
-- Installing: /driverless/install/cmrdv_interfaces/include/cmrdv_interfaces/msg/detail/sim_data_frame__rosidl_typesupport_introspection_cpp.hpp
-- Installing: /driverless/install/cmrdv_interfaces/include/cmrdv_interfaces/msg/detail/heartbeat__type_support.cpp
-- Installing: /driverless/install/cmrdv_interfaces/lib/libcmrdv_interfaces__rosidl_typesupport_introspection_cpp.so
-- Set runtime path of "/driverless/install/cmrdv_interfaces/lib/libcmrdv_interfaces__rosidl_typesupport_introspection_cpp.so" to ""
-- Installing: /driverless/install/cmrdv_interfaces/lib/libcmrdv_interfaces__rosidl_typesupport_cpp.so
-- Set runtime path of "/driverless/install/cmrdv_interfaces/lib/libcmrdv_interfaces__rosidl_typesupport_cpp.so" to ""
-- Installing: /driverless/install/cmrdv_interfaces/share/cmrdv_interfaces/environment/pythonpath.sh
-- Installing: /driverless/install/cmrdv_interfaces/share/cmrdv_interfaces/environment/pythonpath.dsv
-- Installing: /driverless/install/cmrdv_interfaces/lib/python3.8/site-packages/cmrdv_interfaces/__init__.py
Compiling '/driverless/install/cmrdv_interfaces/lib/python3.8/site-packages/cmrdv_interfaces/__init__.py'...
-- Installing: /driverless/install/cmrdv_interfaces/lib/python3.8/site-packages/cmrdv_interfaces/msg
-- Installing: /driverless/install/cmrdv_interfaces/lib/python3.8/site-packages/cmrdv_interfaces/msg/_brakes_s.c
-- Installing: /driverless/install/cmrdv_interfaces/lib/python3.8/site-packages/cmrdv_interfaces/msg/_pair_rot_s.c
-- Installing: /driverless/install/cmrdv_interfaces/lib/python3.8/site-packages/cmrdv_interfaces/msg/_cone_positions.py
-- Installing: /driverless/install/cmrdv_interfaces/lib/python3.8/site-packages/cmrdv_interfaces/msg/_points_s.c
-- Installing: /driverless/install/cmrdv_interfaces/lib/python3.8/site-packages/cmrdv_interfaces/msg/_pair_rot.py
-- Installing: /driverless/install/cmrdv_interfaces/lib/python3.8/site-packages/cmrdv_interfaces/msg/_brakes.py
-- Installing: /driverless/install/cmrdv_interfaces/lib/python3.8/site-packages/cmrdv_interfaces/msg/_car_rot.py
-- Installing: /driverless/install/cmrdv_interfaces/lib/python3.8/site-packages/cmrdv_interfaces/msg/__init__.py
-- Installing: /driverless/install/cmrdv_interfaces/lib/python3.8/site-packages/cmrdv_interfaces/msg/_sim_data_frame.py
-- Installing: /driverless/install/cmrdv_interfaces/lib/python3.8/site-packages/cmrdv_interfaces/msg/_vehicle_state_s.c
-- Installing: /driverless/install/cmrdv_interfaces/lib/python3.8/site-packages/cmrdv_interfaces/msg/_cone_list_s.c
-- Installing: /driverless/install/cmrdv_interfaces/lib/python3.8/site-packages/cmrdv_interfaces/msg/_sim_data_frame_s.c
-- Installing: /driverless/install/cmrdv_interfaces/lib/python3.8/site-packages/cmrdv_interfaces/msg/_data_frame.py
-- Installing: /driverless/install/cmrdv_interfaces/lib/python3.8/site-packages/cmrdv_interfaces/msg/_heartbeat.py
-- Installing: /driverless/install/cmrdv_interfaces/lib/python3.8/site-packages/cmrdv_interfaces/msg/_control_action_s.c
-- Installing: /driverless/install/cmrdv_interfaces/lib/python3.8/site-packages/cmrdv_interfaces/msg/_control_action.py
-- Installing: /driverless/install/cmrdv_interfaces/lib/python3.8/site-packages/cmrdv_interfaces/msg/_vehicle_state.py
-- Installing: /driverless/install/cmrdv_interfaces/lib/python3.8/site-packages/cmrdv_interfaces/msg/_data_frame_s.c
-- Installing: /driverless/install/cmrdv_interfaces/lib/python3.8/site-packages/cmrdv_interfaces/msg/_points.py
-- Installing: /driverless/install/cmrdv_interfaces/lib/python3.8/site-packages/cmrdv_interfaces/msg/_cone_positions_s.c
-- Installing: /driverless/install/cmrdv_interfaces/lib/python3.8/site-packages/cmrdv_interfaces/msg/_cone_list.py
-- Installing: /driverless/install/cmrdv_interfaces/lib/python3.8/site-packages/cmrdv_interfaces/msg/_car_rot_s.c
-- Installing: /driverless/install/cmrdv_interfaces/lib/python3.8/site-packages/cmrdv_interfaces/msg/_heartbeat_s.c
-- Installing: /driverless/install/cmrdv_interfaces/lib/python3.8/site-packages/cmrdv_interfaces/cmrdv_interfaces_s__rosidl_typesupport_fastrtps_c.cpython-38-x86_64-linux-gnu.so
-- Set runtime path of "/driverless/install/cmrdv_interfaces/lib/python3.8/site-packages/cmrdv_interfaces/cmrdv_interfaces_s__rosidl_typesupport_fastrtps_c.cpython-38-x86_64-linux-gnu.so" to ""
-- Installing: /driverless/install/cmrdv_interfaces/lib/python3.8/site-packages/cmrdv_interfaces/cmrdv_interfaces_s__rosidl_typesupport_introspection_c.cpython-38-x86_64-linux-gnu.so
-- Set runtime path of "/driverless/install/cmrdv_interfaces/lib/python3.8/site-packages/cmrdv_interfaces/cmrdv_interfaces_s__rosidl_typesupport_introspection_c.cpython-38-x86_64-linux-gnu.so" to ""
-- Installing: /driverless/install/cmrdv_interfaces/lib/python3.8/site-packages/cmrdv_interfaces/cmrdv_interfaces_s__rosidl_typesupport_c.cpython-38-x86_64-linux-gnu.so
-- Set runtime path of "/driverless/install/cmrdv_interfaces/lib/python3.8/site-packages/cmrdv_interfaces/cmrdv_interfaces_s__rosidl_typesupport_c.cpython-38-x86_64-linux-gnu.so" to ""
-- Installing: /driverless/install/cmrdv_interfaces/lib/libcmrdv_interfaces__python.so
-- Set runtime path of "/driverless/install/cmrdv_interfaces/lib/libcmrdv_interfaces__python.so" to ""
-- Installing: /driverless/install/cmrdv_interfaces/share/cmrdv_interfaces/msg/DataFrame.idl
-- Installing: /driverless/install/cmrdv_interfaces/share/cmrdv_interfaces/msg/SimDataFrame.idl
-- Installing: /driverless/install/cmrdv_interfaces/share/cmrdv_interfaces/msg/ConeList.idl
-- Installing: /driverless/install/cmrdv_interfaces/share/cmrdv_interfaces/msg/VehicleState.idl
-- Installing: /driverless/install/cmrdv_interfaces/share/cmrdv_interfaces/msg/CarROT.idl
-- Installing: /driverless/install/cmrdv_interfaces/share/cmrdv_interfaces/msg/ControlAction.idl
-- Installing: /driverless/install/cmrdv_interfaces/share/cmrdv_interfaces/msg/ConePositions.idl
-- Installing: /driverless/install/cmrdv_interfaces/share/cmrdv_interfaces/msg/Heartbeat.idl
-- Installing: /driverless/install/cmrdv_interfaces/share/cmrdv_interfaces/msg/Points.idl
-- Installing: /driverless/install/cmrdv_interfaces/share/cmrdv_interfaces/msg/Brakes.idl
-- Installing: /driverless/install/cmrdv_interfaces/share/cmrdv_interfaces/msg/PairROT.idl
-- Installing: /driverless/install/cmrdv_interfaces/share/cmrdv_interfaces/msg/DataFrame.msg
-- Installing: /driverless/install/cmrdv_interfaces/share/cmrdv_interfaces/msg/SimDataFrame.msg
-- Installing: /driverless/install/cmrdv_interfaces/share/cmrdv_interfaces/msg/ConeList.msg
-- Installing: /driverless/install/cmrdv_interfaces/share/cmrdv_interfaces/msg/VehicleState.msg
-- Installing: /driverless/install/cmrdv_interfaces/share/cmrdv_interfaces/msg/CarROT.msg
-- Installing: /driverless/install/cmrdv_interfaces/share/cmrdv_interfaces/msg/ControlAction.msg
-- Installing: /driverless/install/cmrdv_interfaces/share/cmrdv_interfaces/msg/ConePositions.msg
-- Installing: /driverless/install/cmrdv_interfaces/share/cmrdv_interfaces/msg/Heartbeat.msg
-- Installing: /driverless/install/cmrdv_interfaces/share/cmrdv_interfaces/msg/Points.msg
-- Installing: /driverless/install/cmrdv_interfaces/share/cmrdv_interfaces/msg/Brakes.msg
-- Installing: /driverless/install/cmrdv_interfaces/share/cmrdv_interfaces/msg/PairROT.msg
-- Installing: /driverless/install/cmrdv_interfaces/share/ament_index/resource_index/package_run_dependencies/cmrdv_interfaces
-- Installing: /driverless/install/cmrdv_interfaces/share/ament_index/resource_index/parent_prefix_path/cmrdv_interfaces
-- Installing: /driverless/install/cmrdv_interfaces/share/cmrdv_interfaces/environment/ament_prefix_path.sh
-- Installing: /driverless/install/cmrdv_interfaces/share/cmrdv_interfaces/environment/ament_prefix_path.dsv
-- Installing: /driverless/install/cmrdv_interfaces/share/cmrdv_interfaces/environment/path.sh
-- Installing: /driverless/install/cmrdv_interfaces/share/cmrdv_interfaces/environment/path.dsv
-- Installing: /driverless/install/cmrdv_interfaces/share/cmrdv_interfaces/local_setup.bash
-- Installing: /driverless/install/cmrdv_interfaces/share/cmrdv_interfaces/local_setup.sh
-- Installing: /driverless/install/cmrdv_interfaces/share/cmrdv_interfaces/local_setup.zsh
-- Installing: /driverless/install/cmrdv_interfaces/share/cmrdv_interfaces/local_setup.dsv
-- Installing: /driverless/install/cmrdv_interfaces/share/cmrdv_interfaces/package.dsv
-- Installing: /driverless/install/cmrdv_interfaces/share/ament_index/resource_index/packages/cmrdv_interfaces
-- Installing: /driverless/install/cmrdv_interfaces/share/cmrdv_interfaces/cmake/cmrdv_interfaces__rosidl_generator_cExport.cmake
-- Installing: /driverless/install/cmrdv_interfaces/share/cmrdv_interfaces/cmake/cmrdv_interfaces__rosidl_generator_cExport-noconfig.cmake
-- Installing: /driverless/install/cmrdv_interfaces/share/cmrdv_interfaces/cmake/cmrdv_interfaces__rosidl_typesupport_introspection_cExport.cmake
-- Installing: /driverless/install/cmrdv_interfaces/share/cmrdv_interfaces/cmake/cmrdv_interfaces__rosidl_typesupport_introspection_cExport-noconfig.cmake
-- Installing: /driverless/install/cmrdv_interfaces/share/cmrdv_interfaces/cmake/cmrdv_interfaces__rosidl_typesupport_cExport.cmake
-- Installing: /driverless/install/cmrdv_interfaces/share/cmrdv_interfaces/cmake/cmrdv_interfaces__rosidl_typesupport_cExport-noconfig.cmake
-- Installing: /driverless/install/cmrdv_interfaces/share/cmrdv_interfaces/cmake/cmrdv_interfaces__rosidl_generator_cppExport.cmake
-- Installing: /driverless/install/cmrdv_interfaces/share/cmrdv_interfaces/cmake/cmrdv_interfaces__rosidl_typesupport_introspection_cppExport.cmake
-- Installing: /driverless/install/cmrdv_interfaces/share/cmrdv_interfaces/cmake/cmrdv_interfaces__rosidl_typesupport_introspection_cppExport-noconfig.cmake
-- Installing: /driverless/install/cmrdv_interfaces/share/cmrdv_interfaces/cmake/cmrdv_interfaces__rosidl_typesupport_cppExport.cmake
-- Installing: /driverless/install/cmrdv_interfaces/share/cmrdv_interfaces/cmake/cmrdv_interfaces__rosidl_typesupport_cppExport-noconfig.cmake
-- Installing: /driverless/install/cmrdv_interfaces/share/cmrdv_interfaces/cmake/rosidl_cmake-extras.cmake
-- Installing: /driverless/install/cmrdv_interfaces/share/cmrdv_interfaces/cmake/ament_cmake_export_dependencies-extras.cmake
-- Installing: /driverless/install/cmrdv_interfaces/share/cmrdv_interfaces/cmake/ament_cmake_export_libraries-extras.cmake
-- Installing: /driverless/install/cmrdv_interfaces/share/cmrdv_interfaces/cmake/ament_cmake_export_targets-extras.cmake
-- Installing: /driverless/install/cmrdv_interfaces/share/cmrdv_interfaces/cmake/ament_cmake_export_include_directories-extras.cmake
-- Installing: /driverless/install/cmrdv_interfaces/share/cmrdv_interfaces/cmake/rosidl_cmake_export_typesupport_libraries-extras.cmake
-- Installing: /driverless/install/cmrdv_interfaces/share/cmrdv_interfaces/cmake/rosidl_cmake_export_typesupport_targets-extras.cmake
-- Installing: /driverless/install/cmrdv_interfaces/share/cmrdv_interfaces/cmake/cmrdv_interfacesConfig.cmake
-- Installing: /driverless/install/cmrdv_interfaces/share/cmrdv_interfaces/cmake/cmrdv_interfacesConfig-version.cmake
-- Installing: /driverless/install/cmrdv_interfaces/share/cmrdv_interfaces/package.xml
