[0.210s] Invoking command in '/home/andrewwhong/workspace/driverless/driverless_ws/build/planning': AMENT_PREFIX_PATH=/home/andrewwhong/workspace/driverless/driverless_ws/install/eufs_msgs:${AMENT_PREFIX_PATH} CMAKE_PREFIX_PATH=/home/andrewwhong/workspace/driverless/driverless_ws/install/eufs_msgs:/home/andrewwhong/workspace/driverless/driverless_ws/install/perceptions:/home/andrewwhong/workspace/driverless/driverless_ws/install/interfaces:/home/andrewwhong/workspace/driverless/driverless_ws/install/controls:/home/andrewwhong/workspace/driverless/driverless_ws/install/common:/home/andrewwhong/workspace/driverless/driverless_ws/install/collection:/home/andrewwhong/workspace/driverless/driverless_ws/install/actuators:/opt/ros/foxy /usr/bin/cmake /home/andrewwhong/workspace/driverless/driverless_ws/src/planning -DCMAKE_INSTALL_PREFIX=/home/andrewwhong/workspace/driverless/driverless_ws/install/planning
[0.473s] -- The C compiler identification is GNU 9.4.0
[0.866s] -- The CXX compiler identification is GNU 9.4.0
[1.073s] -- Check for working C compiler: /usr/bin/cc
[1.268s] -- Check for working C compiler: /usr/bin/cc -- works
[1.269s] -- Detecting C compiler ABI info
[1.474s] -- Detecting C compiler ABI info - done
[1.485s] -- Detecting C compile features
[1.485s] -- Detecting C compile features - done
[1.487s] -- Check for working CXX compiler: /usr/bin/c++
[1.681s] -- Check for working CXX compiler: /usr/bin/c++ -- works
[1.682s] -- Detecting CXX compiler ABI info
[1.870s] -- Detecting CXX compiler ABI info - done
[1.881s] -- Detecting CXX compile features
[1.882s] -- Detecting CXX compile features - done
[1.884s] -- Found ament_cmake: 0.9.12 (/opt/ros/foxy/share/ament_cmake/cmake)
[1.906s] -- Found PythonInterp: /usr/bin/python3 (found suitable version "3.8.10", minimum required is "3") 
[1.906s] -- Using PYTHON_EXECUTABLE: /usr/bin/python3
[2.100s] -- Found rclcpp: 2.4.3 (/opt/ros/foxy/share/rclcpp/cmake)
[2.298s] -- Using all available rosidl_typesupport_c: rosidl_typesupport_fastrtps_c;rosidl_typesupport_introspection_c
[2.303s] -- Found rosidl_adapter: 1.3.1 (/opt/ros/foxy/share/rosidl_adapter/cmake)
[3.686s] -- Found OpenSSL: /usr/lib/x86_64-linux-gnu/libcrypto.so (found version "1.1.1f")  
[5.161s] -- Found FastRTPS: /opt/ros/foxy/include  
[7.760s] -- Using all available rosidl_typesupport_cpp: rosidl_typesupport_fastrtps_cpp;rosidl_typesupport_introspection_cpp
[7.810s] -- Found rmw_implementation_cmake: 1.0.4 (/opt/ros/foxy/share/rmw_implementation_cmake/cmake)
[7.811s] -- Using RMW implementation 'rmw_fastrtps_cpp' as default
[7.812s] -- Looking for pthread.h
[7.979s] -- Looking for pthread.h - found
[7.979s] -- Performing Test CMAKE_HAVE_LIBC_PTHREAD
[8.164s] -- Performing Test CMAKE_HAVE_LIBC_PTHREAD - Failed
[8.164s] -- Looking for pthread_create in pthreads
[8.341s] -- Looking for pthread_create in pthreads - not found
[8.341s] -- Looking for pthread_create in pthread
[8.517s] -- Looking for pthread_create in pthread - found
[8.517s] -- Found Threads: TRUE  
[8.672s] -- Found message_filters: 3.2.7 (/opt/ros/foxy/share/message_filters/cmake)
[8.675s] -- Found eufs_msgs: 2.0.0 (/home/andrewwhong/workspace/driverless/driverless_ws/install/eufs_msgs/share/eufs_msgs/cmake)
[9.016s] CMake Error at CMakeLists.txt:27 (add_executable):
[9.016s]   add_executable cannot create target "slam_test" because another target with
[9.016s]   the same name already exists.  The existing target is an executable created
[9.016s]   in source directory
[9.016s]   "/home/andrewwhong/workspace/driverless/driverless_ws/src/planning".  See
[9.016s]   documentation for policy CMP0002 for more details.
[9.016s] 
[9.016s] 
[9.112s] -- Configuring incomplete, errors occurred!
[9.112s] See also "/home/andrewwhong/workspace/driverless/driverless_ws/build/planning/CMakeFiles/CMakeOutput.log".
[9.112s] See also "/home/andrewwhong/workspace/driverless/driverless_ws/build/planning/CMakeFiles/CMakeError.log".
[9.119s] Invoked command in '/home/andrewwhong/workspace/driverless/driverless_ws/build/planning' returned '1': AMENT_PREFIX_PATH=/home/andrewwhong/workspace/driverless/driverless_ws/install/eufs_msgs:${AMENT_PREFIX_PATH} CMAKE_PREFIX_PATH=/home/andrewwhong/workspace/driverless/driverless_ws/install/eufs_msgs:/home/andrewwhong/workspace/driverless/driverless_ws/install/perceptions:/home/andrewwhong/workspace/driverless/driverless_ws/install/interfaces:/home/andrewwhong/workspace/driverless/driverless_ws/install/controls:/home/andrewwhong/workspace/driverless/driverless_ws/install/common:/home/andrewwhong/workspace/driverless/driverless_ws/install/collection:/home/andrewwhong/workspace/driverless/driverless_ws/install/actuators:/opt/ros/foxy /usr/bin/cmake /home/andrewwhong/workspace/driverless/driverless_ws/src/planning -DCMAKE_INSTALL_PREFIX=/home/andrewwhong/workspace/driverless/driverless_ws/install/planning
