[0.058s] Invoking command in '/home/griffin/driverless/driverless_ws/build/collection': CMAKE_PREFIX_PATH=/opt/ros/foxy /usr/bin/cmake --build /home/griffin/driverless/driverless_ws/build/collection -- -j12 -l12
[0.074s] ninja: no work to do.
[0.099s] Invoked command in '/home/griffin/driverless/driverless_ws/build/collection' returned '0': CMAKE_PREFIX_PATH=/opt/ros/foxy /usr/bin/cmake --build /home/griffin/driverless/driverless_ws/build/collection -- -j12 -l12
[0.113s] Invoking command in '/home/griffin/driverless/driverless_ws/build/collection': CMAKE_PREFIX_PATH=/opt/ros/foxy /usr/bin/cmake --install /home/griffin/driverless/driverless_ws/build/collection
[0.120s] -- Install configuration: ""
[0.121s] -- Up-to-date: /home/griffin/driverless/driverless_ws/install/collection/share/ament_index/resource_index/package_run_dependencies/collection
[0.121s] -- Up-to-date: /home/griffin/driverless/driverless_ws/install/collection/share/ament_index/resource_index/parent_prefix_path/collection
[0.121s] -- Up-to-date: /home/griffin/driverless/driverless_ws/install/collection/share/collection/environment/ament_prefix_path.sh
[0.121s] -- Up-to-date: /home/griffin/driverless/driverless_ws/install/collection/share/collection/environment/ament_prefix_path.dsv
[0.121s] -- Up-to-date: /home/griffin/driverless/driverless_ws/install/collection/share/collection/environment/path.sh
[0.121s] -- Up-to-date: /home/griffin/driverless/driverless_ws/install/collection/share/collection/environment/path.dsv
[0.121s] -- Up-to-date: /home/griffin/driverless/driverless_ws/install/collection/share/collection/local_setup.bash
[0.121s] -- Up-to-date: /home/griffin/driverless/driverless_ws/install/collection/share/collection/local_setup.sh
[0.122s] -- Up-to-date: /home/griffin/driverless/driverless_ws/install/collection/share/collection/local_setup.zsh
[0.122s] -- Up-to-date: /home/griffin/driverless/driverless_ws/install/collection/share/collection/local_setup.dsv
[0.122s] -- Up-to-date: /home/griffin/driverless/driverless_ws/install/collection/share/collection/package.dsv
[0.122s] -- Up-to-date: /home/griffin/driverless/driverless_ws/install/collection/share/ament_index/resource_index/packages/collection
[0.122s] -- Up-to-date: /home/griffin/driverless/driverless_ws/install/collection/share/collection/cmake/collectionConfig.cmake
[0.122s] -- Up-to-date: /home/griffin/driverless/driverless_ws/install/collection/share/collection/cmake/collectionConfig-version.cmake
[0.122s] -- Up-to-date: /home/griffin/driverless/driverless_ws/install/collection/share/collection/package.xml
[0.232s] Invoked command in '/home/griffin/driverless/driverless_ws/build/collection' returned '0': CMAKE_PREFIX_PATH=/opt/ros/foxy /usr/bin/cmake --install /home/griffin/driverless/driverless_ws/build/collection
