[0.048s] Invoking command in '/home/ishin/Documents/cmr/driverless_py/driverless/driverless_ws/build/controls': _=/usr/bin/env /usr/bin/cmake /home/ishin/Documents/cmr/driverless_py/driverless/driverless_ws/src/controls -DCMAKE_INSTALL_PREFIX=/home/ishin/Documents/cmr/driverless_py/driverless/driverless_ws/install/controls
[0.092s] -- Found ament_cmake: 2.0.2 (/opt/ros/iron/share/ament_cmake/cmake)
[1.384s] -- Found Python3: /home/ishin/Documents/cmr/driverless_py/bin/python3.11 (found version "3.11.3") found components: Interpreter 
[1.501s] -- Found ament_lint_auto: 0.14.1 (/opt/ros/iron/share/ament_lint_auto/cmake)
[1.651s] -- Added test 'copyright' to check source files copyright and LICENSE
[1.652s] -- Added test 'lint_cmake' to check CMake code style
[1.653s] -- Added test 'xmllint' to check XML markup files
[1.655s] -- Configuring done (1.6s)
[1.659s] -- Generating done (0.0s)
[1.659s] -- Build files have been written to: /home/ishin/Documents/cmr/driverless_py/driverless/driverless_ws/build/controls
[1.669s] Invoked command in '/home/ishin/Documents/cmr/driverless_py/driverless/driverless_ws/build/controls' returned '0': _=/usr/bin/env /usr/bin/cmake /home/ishin/Documents/cmr/driverless_py/driverless/driverless_ws/src/controls -DCMAKE_INSTALL_PREFIX=/home/ishin/Documents/cmr/driverless_py/driverless/driverless_ws/install/controls
[1.670s] Invoking command in '/home/ishin/Documents/cmr/driverless_py/driverless/driverless_ws/build/controls': _=/usr/bin/env /usr/bin/cmake --build /home/ishin/Documents/cmr/driverless_py/driverless/driverless_ws/build/controls -- -j8 -l8
[1.720s] Invoked command in '/home/ishin/Documents/cmr/driverless_py/driverless/driverless_ws/build/controls' returned '0': _=/usr/bin/env /usr/bin/cmake --build /home/ishin/Documents/cmr/driverless_py/driverless/driverless_ws/build/controls -- -j8 -l8
[1.796s] Invoking command in '/home/ishin/Documents/cmr/driverless_py/driverless/driverless_ws/build/controls': _=/usr/bin/env /usr/bin/cmake --install /home/ishin/Documents/cmr/driverless_py/driverless/driverless_ws/build/controls
[1.799s] -- Install configuration: ""
[1.800s] -- Installing: /home/ishin/Documents/cmr/driverless_py/driverless/driverless_ws/install/controls/share/ament_index/resource_index/package_run_dependencies/controls
[1.800s] -- Installing: /home/ishin/Documents/cmr/driverless_py/driverless/driverless_ws/install/controls/share/ament_index/resource_index/parent_prefix_path/controls
[1.800s] -- Installing: /home/ishin/Documents/cmr/driverless_py/driverless/driverless_ws/install/controls/share/controls/environment/ament_prefix_path.sh
[1.800s] -- Installing: /home/ishin/Documents/cmr/driverless_py/driverless/driverless_ws/install/controls/share/controls/environment/ament_prefix_path.dsv
[1.800s] -- Installing: /home/ishin/Documents/cmr/driverless_py/driverless/driverless_ws/install/controls/share/controls/environment/path.sh
[1.801s] -- Installing: /home/ishin/Documents/cmr/driverless_py/driverless/driverless_ws/install/controls/share/controls/environment/path.dsv
[1.801s] -- Installing: /home/ishin/Documents/cmr/driverless_py/driverless/driverless_ws/install/controls/share/controls/local_setup.bash
[1.801s] -- Installing: /home/ishin/Documents/cmr/driverless_py/driverless/driverless_ws/install/controls/share/controls/local_setup.sh
[1.801s] -- Installing: /home/ishin/Documents/cmr/driverless_py/driverless/driverless_ws/install/controls/share/controls/local_setup.zsh
[1.801s] -- Installing: /home/ishin/Documents/cmr/driverless_py/driverless/driverless_ws/install/controls/share/controls/local_setup.dsv
[1.801s] -- Installing: /home/ishin/Documents/cmr/driverless_py/driverless/driverless_ws/install/controls/share/controls/package.dsv
[1.801s] -- Installing: /home/ishin/Documents/cmr/driverless_py/driverless/driverless_ws/install/controls/share/ament_index/resource_index/packages/controls
[1.803s] -- Installing: /home/ishin/Documents/cmr/driverless_py/driverless/driverless_ws/install/controls/share/controls/cmake/controlsConfig.cmake
[1.804s] -- Installing: /home/ishin/Documents/cmr/driverless_py/driverless/driverless_ws/install/controls/share/controls/cmake/controlsConfig-version.cmake
[1.804s] -- Installing: /home/ishin/Documents/cmr/driverless_py/driverless/driverless_ws/install/controls/share/controls/package.xml
[1.817s] Invoked command in '/home/ishin/Documents/cmr/driverless_py/driverless/driverless_ws/build/controls' returned '0': _=/usr/bin/env /usr/bin/cmake --install /home/ishin/Documents/cmr/driverless_py/driverless/driverless_ws/build/controls
