-- Found ament_cmake: 2.0.2 (/opt/ros/iron/share/ament_cmake/cmake)
-- Found ament_lint_auto: 0.14.1 (/opt/ros/iron/share/ament_lint_auto/cmake)
-- Found geometry_msgs: 5.0.0 (/opt/ros/iron/share/geometry_msgs/cmake)
-- Found rosidl_generator_c: 4.0.0 (/opt/ros/iron/share/rosidl_generator_c/cmake)
-- Found rosidl_generator_cpp: 4.0.0 (/opt/ros/iron/share/rosidl_generator_cpp/cmake)
-- Using all available rosidl_typesupport_c: rosidl_typesupport_fastrtps_c;rosidl_typesupport_introspection_c
-- Using all available rosidl_typesupport_cpp: rosidl_typesupport_fastrtps_cpp;rosidl_typesupport_introspection_cpp
-- Found rosidl_default_generators: 1.5.0 (/opt/ros/iron/share/rosidl_default_generators/cmake)
-- Found rosidl_adapter: 4.0.0 (/opt/ros/iron/share/rosidl_adapter/cmake)
-- Found ament_cmake_ros: 0.11.2 (/opt/ros/iron/share/ament_cmake_ros/cmake)
-- Using all available rosidl_typesupport_c: rosidl_typesupport_fastrtps_c;rosidl_typesupport_introspection_c
-- Using all available rosidl_typesupport_cpp: rosidl_typesupport_fastrtps_cpp;rosidl_typesupport_introspection_cpp
-- Found PythonInterp: /home/ishin/Documents/cmr/driverless_py/bin/python3 (found suitable version "3.11.3", minimum required is "3.6") 
-- Found python_cmake_module: 0.10.2 (/opt/ros/iron/share/python_cmake_module/cmake)
-- Found PythonLibs: /usr/lib/libpython3.11.so (found suitable version "3.11.3", minimum required is "3.5") 
-- Using PYTHON_EXECUTABLE: /home/ishin/Documents/cmr/driverless_py/bin/python3
-- Using PYTHON_INCLUDE_DIRS: /usr/include/python3.11
-- Using PYTHON_LIBRARIES: /usr/lib/libpython3.11.so
-- Found PythonExtra: .so  
-- Using numpy include directory: /home/ishin/Documents/cmr/driverless_py/lib/python3.11/site-packages/numpy/core/include
-- Added test 'copyright' to check source files copyright and LICENSE
-- Added test 'lint_cmake' to check CMake code style
-- Added test 'xmllint' to check XML markup files
-- Configuring done (1.1s)
-- Generating done (0.0s)
-- Build files have been written to: /home/ishin/Documents/cmr/driverless_py/driverless/driverless_ws/build/interfaces
[  1%] [34m[1mGenerating type hashes for ROS interfaces[0m
[  1%] Built target ament_cmake_python_copy_interfaces
[  1%] Built target interfaces__rosidl_generator_type_description
running egg_info
creating interfaces.egg-info
[  2%] [34m[1mGenerating C code for ROS interfaces[0m
writing interfaces.egg-info/PKG-INFO
writing dependency_links to interfaces.egg-info/dependency_links.txt
writing top-level names to interfaces.egg-info/top_level.txt
writing manifest file 'interfaces.egg-info/SOURCES.txt'
[  4%] [34m[1mGenerating C++ code for ROS interfaces[0m
reading manifest file 'interfaces.egg-info/SOURCES.txt'
writing manifest file 'interfaces.egg-info/SOURCES.txt'
[  4%] Built target ament_cmake_python_build_interfaces_egg
[  4%] Built target interfaces__cpp
[  8%] [32mBuilding C object CMakeFiles/interfaces__rosidl_generator_c.dir/rosidl_generator_c/interfaces/msg/detail/cone_list__type_support.c.o[0m
[  9%] [32mBuilding C object CMakeFiles/interfaces__rosidl_generator_c.dir/rosidl_generator_c/interfaces/msg/detail/cone_positions__functions.c.o[0m
[ 10%] [32mBuilding C object CMakeFiles/interfaces__rosidl_generator_c.dir/rosidl_generator_c/interfaces/msg/detail/car_rot__functions.c.o[0m
[  6%] [32mBuilding C object CMakeFiles/interfaces__rosidl_generator_c.dir/rosidl_generator_c/interfaces/msg/detail/car_rot__description.c.o[0m
[ 12%] [32mBuilding C object CMakeFiles/interfaces__rosidl_generator_c.dir/rosidl_generator_c/interfaces/msg/detail/cone_list__functions.c.o[0m
[  6%] [32mBuilding C object CMakeFiles/interfaces__rosidl_generator_c.dir/rosidl_generator_c/interfaces/msg/detail/cone_list__description.c.o[0m
[ 13%] [32mBuilding C object CMakeFiles/interfaces__rosidl_generator_c.dir/rosidl_generator_c/interfaces/msg/detail/cone_positions__description.c.o[0m
[ 14%] [32mBuilding C object CMakeFiles/interfaces__rosidl_generator_c.dir/rosidl_generator_c/interfaces/msg/detail/car_rot__type_support.c.o[0m
[ 16%] [32mBuilding C object CMakeFiles/interfaces__rosidl_generator_c.dir/rosidl_generator_c/interfaces/msg/detail/cone_positions__type_support.c.o[0m
[ 17%] [32mBuilding C object CMakeFiles/interfaces__rosidl_generator_c.dir/rosidl_generator_c/interfaces/msg/detail/pair_rot__type_support.c.o[0m
[ 18%] [32mBuilding C object CMakeFiles/interfaces__rosidl_generator_c.dir/rosidl_generator_c/interfaces/msg/detail/pair_rot__functions.c.o[0m
[ 20%] [32mBuilding C object CMakeFiles/interfaces__rosidl_generator_c.dir/rosidl_generator_c/interfaces/msg/detail/points__type_support.c.o[0m
[ 21%] [32mBuilding C object CMakeFiles/interfaces__rosidl_generator_c.dir/rosidl_generator_c/interfaces/msg/detail/points__functions.c.o[0m
[ 22%] [32mBuilding C object CMakeFiles/interfaces__rosidl_generator_c.dir/rosidl_generator_c/interfaces/msg/detail/pair_rot__description.c.o[0m
[ 24%] [32mBuilding C object CMakeFiles/interfaces__rosidl_generator_c.dir/rosidl_generator_c/interfaces/msg/detail/points__description.c.o[0m
[ 25%] [32m[1mLinking C shared library libinterfaces__rosidl_generator_c.so[0m
[ 25%] Built target interfaces__rosidl_generator_c
[ 28%] [34m[1mGenerating C++ introspection for ROS interfaces[0m
[ 28%] [34m[1mGenerating C++ type support for eProsima Fast-RTPS[0m
[ 31%] [34m[1mGenerating C++ type support dispatch for ROS interfaces[0m
[ 29%] [34m[1mGenerating C type support dispatch for ROS interfaces[0m
[ 33%] [34m[1mGenerating C introspection for ROS interfaces[0m
[ 33%] [34m[1mGenerating C type support for eProsima Fast-RTPS[0m
[ 35%] [32mBuilding CXX object CMakeFiles/interfaces__rosidl_typesupport_cpp.dir/rosidl_typesupport_cpp/interfaces/msg/car_rot__type_support.cpp.o[0m
[ 36%] [32mBuilding CXX object CMakeFiles/interfaces__rosidl_typesupport_cpp.dir/rosidl_typesupport_cpp/interfaces/msg/cone_positions__type_support.cpp.o[0m
[ 37%] [32mBuilding CXX object CMakeFiles/interfaces__rosidl_typesupport_cpp.dir/rosidl_typesupport_cpp/interfaces/msg/cone_list__type_support.cpp.o[0m
[ 39%] [32mBuilding CXX object CMakeFiles/interfaces__rosidl_typesupport_c.dir/rosidl_typesupport_c/interfaces/msg/car_rot__type_support.cpp.o[0m
[ 40%] [32mBuilding CXX object CMakeFiles/interfaces__rosidl_typesupport_c.dir/rosidl_typesupport_c/interfaces/msg/cone_list__type_support.cpp.o[0m
[ 41%] [32mBuilding CXX object CMakeFiles/interfaces__rosidl_typesupport_introspection_cpp.dir/rosidl_typesupport_introspection_cpp/interfaces/msg/detail/car_rot__type_support.cpp.o[0m
[ 43%] [32mBuilding CXX object CMakeFiles/interfaces__rosidl_typesupport_fastrtps_c.dir/rosidl_typesupport_fastrtps_c/interfaces/msg/detail/car_rot__type_support_c.cpp.o[0m
[ 44%] [32mBuilding CXX object CMakeFiles/interfaces__rosidl_typesupport_fastrtps_cpp.dir/rosidl_typesupport_fastrtps_cpp/interfaces/msg/detail/dds_fastrtps/car_rot__type_support.cpp.o[0m
[ 45%] [32mBuilding C object CMakeFiles/interfaces__rosidl_typesupport_introspection_c.dir/rosidl_typesupport_introspection_c/interfaces/msg/detail/car_rot__type_support.c.o[0m
[ 47%] [32mBuilding CXX object CMakeFiles/interfaces__rosidl_typesupport_c.dir/rosidl_typesupport_c/interfaces/msg/cone_positions__type_support.cpp.o[0m
[ 48%] [32mBuilding CXX object CMakeFiles/interfaces__rosidl_typesupport_c.dir/rosidl_typesupport_c/interfaces/msg/pair_rot__type_support.cpp.o[0m
[ 50%] [32mBuilding C object CMakeFiles/interfaces__rosidl_typesupport_introspection_c.dir/rosidl_typesupport_introspection_c/interfaces/msg/detail/cone_list__type_support.c.o[0m
[ 51%] [32mBuilding CXX object CMakeFiles/interfaces__rosidl_typesupport_c.dir/rosidl_typesupport_c/interfaces/msg/points__type_support.cpp.o[0m
[ 52%] [32mBuilding C object CMakeFiles/interfaces__rosidl_typesupport_introspection_c.dir/rosidl_typesupport_introspection_c/interfaces/msg/detail/cone_positions__type_support.c.o[0m
[ 54%] [32m[1mLinking CXX shared library libinterfaces__rosidl_typesupport_c.so[0m
[ 55%] [32mBuilding C object CMakeFiles/interfaces__rosidl_typesupport_introspection_c.dir/rosidl_typesupport_introspection_c/interfaces/msg/detail/pair_rot__type_support.c.o[0m
[ 56%] [32mBuilding CXX object CMakeFiles/interfaces__rosidl_typesupport_cpp.dir/rosidl_typesupport_cpp/interfaces/msg/pair_rot__type_support.cpp.o[0m
[ 58%] [32mBuilding C object CMakeFiles/interfaces__rosidl_typesupport_introspection_c.dir/rosidl_typesupport_introspection_c/interfaces/msg/detail/points__type_support.c.o[0m
[ 58%] Built target interfaces__rosidl_typesupport_c
[ 59%] [32mBuilding CXX object CMakeFiles/interfaces__rosidl_typesupport_introspection_cpp.dir/rosidl_typesupport_introspection_cpp/interfaces/msg/detail/cone_list__type_support.cpp.o[0m
[ 60%] [32m[1mLinking C shared library libinterfaces__rosidl_typesupport_introspection_c.so[0m
[ 62%] [32mBuilding CXX object CMakeFiles/interfaces__rosidl_typesupport_fastrtps_c.dir/rosidl_typesupport_fastrtps_c/interfaces/msg/detail/cone_list__type_support_c.cpp.o[0m
[ 62%] Built target interfaces__rosidl_typesupport_introspection_c
[ 63%] [32mBuilding CXX object CMakeFiles/interfaces__rosidl_typesupport_introspection_cpp.dir/rosidl_typesupport_introspection_cpp/interfaces/msg/detail/cone_positions__type_support.cpp.o[0m
[ 64%] [32mBuilding CXX object CMakeFiles/interfaces__rosidl_typesupport_fastrtps_cpp.dir/rosidl_typesupport_fastrtps_cpp/interfaces/msg/detail/dds_fastrtps/cone_positions__type_support.cpp.o[0m
[ 66%] [32mBuilding CXX object CMakeFiles/interfaces__rosidl_typesupport_fastrtps_cpp.dir/rosidl_typesupport_fastrtps_cpp/interfaces/msg/detail/dds_fastrtps/cone_list__type_support.cpp.o[0m
[ 67%] [32mBuilding CXX object CMakeFiles/interfaces__rosidl_typesupport_cpp.dir/rosidl_typesupport_cpp/interfaces/msg/points__type_support.cpp.o[0m
[ 68%] [32mBuilding CXX object CMakeFiles/interfaces__rosidl_typesupport_fastrtps_cpp.dir/rosidl_typesupport_fastrtps_cpp/interfaces/msg/detail/dds_fastrtps/pair_rot__type_support.cpp.o[0m
[ 70%] [32mBuilding CXX object CMakeFiles/interfaces__rosidl_typesupport_fastrtps_c.dir/rosidl_typesupport_fastrtps_c/interfaces/msg/detail/cone_positions__type_support_c.cpp.o[0m
[ 72%] [32mBuilding CXX object CMakeFiles/interfaces__rosidl_typesupport_introspection_cpp.dir/rosidl_typesupport_introspection_cpp/interfaces/msg/detail/pair_rot__type_support.cpp.o[0m
[ 72%] [32mBuilding CXX object CMakeFiles/interfaces__rosidl_typesupport_introspection_cpp.dir/rosidl_typesupport_introspection_cpp/interfaces/msg/detail/points__type_support.cpp.o[0m
[ 74%] [32m[1mLinking CXX shared library libinterfaces__rosidl_typesupport_cpp.so[0m
[ 75%] [32mBuilding CXX object CMakeFiles/interfaces__rosidl_typesupport_fastrtps_c.dir/rosidl_typesupport_fastrtps_c/interfaces/msg/detail/points__type_support_c.cpp.o[0m
[ 75%] Built target interfaces__rosidl_typesupport_cpp
[ 77%] [32mBuilding CXX object CMakeFiles/interfaces__rosidl_typesupport_fastrtps_c.dir/rosidl_typesupport_fastrtps_c/interfaces/msg/detail/pair_rot__type_support_c.cpp.o[0m
[ 78%] [32mBuilding CXX object CMakeFiles/interfaces__rosidl_typesupport_fastrtps_cpp.dir/rosidl_typesupport_fastrtps_cpp/interfaces/msg/detail/dds_fastrtps/points__type_support.cpp.o[0m
[ 79%] [32m[1mLinking CXX shared library libinterfaces__rosidl_typesupport_introspection_cpp.so[0m
[ 79%] Built target interfaces__rosidl_typesupport_introspection_cpp
[ 81%] [32m[1mLinking CXX shared library libinterfaces__rosidl_typesupport_fastrtps_c.so[0m
[ 81%] Built target interfaces__rosidl_typesupport_fastrtps_c
[ 82%] [32m[1mLinking CXX shared library libinterfaces__rosidl_typesupport_fastrtps_cpp.so[0m
[ 82%] Built target interfaces__rosidl_typesupport_fastrtps_cpp
[ 82%] Built target interfaces
[ 83%] [34m[1mGenerating Python code for ROS interfaces[0m
[ 83%] Built target interfaces__py
[ 86%] [32mBuilding C object CMakeFiles/interfaces__rosidl_generator_py.dir/rosidl_generator_py/interfaces/msg/_cone_list_s.c.o[0m
[ 86%] [32mBuilding C object CMakeFiles/interfaces__rosidl_generator_py.dir/rosidl_generator_py/interfaces/msg/_cone_positions_s.c.o[0m
[ 87%] [32mBuilding C object CMakeFiles/interfaces__rosidl_generator_py.dir/rosidl_generator_py/interfaces/msg/_pair_rot_s.c.o[0m
[ 89%] [32mBuilding C object CMakeFiles/interfaces__rosidl_generator_py.dir/rosidl_generator_py/interfaces/msg/_car_rot_s.c.o[0m
[ 90%] [32mBuilding C object CMakeFiles/interfaces__rosidl_generator_py.dir/rosidl_generator_py/interfaces/msg/_points_s.c.o[0m
[ 91%] [32m[1mLinking C shared library rosidl_generator_py/interfaces/libinterfaces__rosidl_generator_py.so[0m
[ 91%] Built target interfaces__rosidl_generator_py
[ 93%] [32mBuilding C object CMakeFiles/interfaces__rosidl_typesupport_c__pyext.dir/rosidl_generator_py/interfaces/_interfaces_s.ep.rosidl_typesupport_c.c.o[0m
[ 94%] [32mBuilding C object CMakeFiles/interfaces__rosidl_typesupport_introspection_c__pyext.dir/rosidl_generator_py/interfaces/_interfaces_s.ep.rosidl_typesupport_introspection_c.c.o[0m
[ 95%] [32mBuilding C object CMakeFiles/interfaces__rosidl_typesupport_fastrtps_c__pyext.dir/rosidl_generator_py/interfaces/_interfaces_s.ep.rosidl_typesupport_fastrtps_c.c.o[0m
[ 97%] [32m[1mLinking C shared library rosidl_generator_py/interfaces/interfaces_s__rosidl_typesupport_introspection_c.cpython-311-x86_64-linux-gnu.so[0m
[ 98%] [32m[1mLinking C shared library rosidl_generator_py/interfaces/interfaces_s__rosidl_typesupport_c.cpython-311-x86_64-linux-gnu.so[0m
[100%] [32m[1mLinking C shared library rosidl_generator_py/interfaces/interfaces_s__rosidl_typesupport_fastrtps_c.cpython-311-x86_64-linux-gnu.so[0m
[100%] Built target interfaces__rosidl_typesupport_c__pyext
[100%] Built target interfaces__rosidl_typesupport_introspection_c__pyext
[100%] Built target interfaces__rosidl_typesupport_fastrtps_c__pyext
-- Install configuration: ""
-- Installing: /home/ishin/Documents/cmr/driverless_py/driverless/driverless_ws/install/interfaces/share/ament_index/resource_index/rosidl_interfaces/interfaces
-- Installing: /home/ishin/Documents/cmr/driverless_py/driverless/driverless_ws/install/interfaces/share/interfaces/msg/CarROT.json
-- Installing: /home/ishin/Documents/cmr/driverless_py/driverless/driverless_ws/install/interfaces/share/interfaces/msg/ConeList.json
-- Installing: /home/ishin/Documents/cmr/driverless_py/driverless/driverless_ws/install/interfaces/share/interfaces/msg/ConePositions.json
-- Installing: /home/ishin/Documents/cmr/driverless_py/driverless/driverless_ws/install/interfaces/share/interfaces/msg/PairROT.json
-- Installing: /home/ishin/Documents/cmr/driverless_py/driverless/driverless_ws/install/interfaces/share/interfaces/msg/Points.json
-- Installing: /home/ishin/Documents/cmr/driverless_py/driverless/driverless_ws/install/interfaces/include/interfaces/interfaces
-- Installing: /home/ishin/Documents/cmr/driverless_py/driverless/driverless_ws/install/interfaces/include/interfaces/interfaces/msg
-- Installing: /home/ishin/Documents/cmr/driverless_py/driverless/driverless_ws/install/interfaces/include/interfaces/interfaces/msg/pair_rot.h
-- Installing: /home/ishin/Documents/cmr/driverless_py/driverless/driverless_ws/install/interfaces/include/interfaces/interfaces/msg/cone_list.h
-- Installing: /home/ishin/Documents/cmr/driverless_py/driverless/driverless_ws/install/interfaces/include/interfaces/interfaces/msg/detail
-- Installing: /home/ishin/Documents/cmr/driverless_py/driverless/driverless_ws/install/interfaces/include/interfaces/interfaces/msg/detail/pair_rot__functions.c
-- Installing: /home/ishin/Documents/cmr/driverless_py/driverless/driverless_ws/install/interfaces/include/interfaces/interfaces/msg/detail/pair_rot__type_support.c
-- Installing: /home/ishin/Documents/cmr/driverless_py/driverless/driverless_ws/install/interfaces/include/interfaces/interfaces/msg/detail/cone_positions__struct.h
-- Installing: /home/ishin/Documents/cmr/driverless_py/driverless/driverless_ws/install/interfaces/include/interfaces/interfaces/msg/detail/car_rot__type_support.h
-- Installing: /home/ishin/Documents/cmr/driverless_py/driverless/driverless_ws/install/interfaces/include/interfaces/interfaces/msg/detail/pair_rot__functions.h
-- Installing: /home/ishin/Documents/cmr/driverless_py/driverless/driverless_ws/install/interfaces/include/interfaces/interfaces/msg/detail/points__type_support.h
-- Installing: /home/ishin/Documents/cmr/driverless_py/driverless/driverless_ws/install/interfaces/include/interfaces/interfaces/msg/detail/points__type_support.c
-- Installing: /home/ishin/Documents/cmr/driverless_py/driverless/driverless_ws/install/interfaces/include/interfaces/interfaces/msg/detail/car_rot__struct.h
-- Installing: /home/ishin/Documents/cmr/driverless_py/driverless/driverless_ws/install/interfaces/include/interfaces/interfaces/msg/detail/cone_list__description.c
-- Installing: /home/ishin/Documents/cmr/driverless_py/driverless/driverless_ws/install/interfaces/include/interfaces/interfaces/msg/detail/car_rot__functions.h
-- Installing: /home/ishin/Documents/cmr/driverless_py/driverless/driverless_ws/install/interfaces/include/interfaces/interfaces/msg/detail/points__functions.c
-- Installing: /home/ishin/Documents/cmr/driverless_py/driverless/driverless_ws/install/interfaces/include/interfaces/interfaces/msg/detail/cone_positions__type_support.h
-- Installing: /home/ishin/Documents/cmr/driverless_py/driverless/driverless_ws/install/interfaces/include/interfaces/interfaces/msg/detail/pair_rot__struct.h
-- Installing: /home/ishin/Documents/cmr/driverless_py/driverless/driverless_ws/install/interfaces/include/interfaces/interfaces/msg/detail/cone_positions__type_support.c
-- Installing: /home/ishin/Documents/cmr/driverless_py/driverless/driverless_ws/install/interfaces/include/interfaces/interfaces/msg/detail/cone_list__type_support.h
-- Installing: /home/ishin/Documents/cmr/driverless_py/driverless/driverless_ws/install/interfaces/include/interfaces/interfaces/msg/detail/pair_rot__description.c
-- Installing: /home/ishin/Documents/cmr/driverless_py/driverless/driverless_ws/install/interfaces/include/interfaces/interfaces/msg/detail/points__functions.h
-- Installing: /home/ishin/Documents/cmr/driverless_py/driverless/driverless_ws/install/interfaces/include/interfaces/interfaces/msg/detail/car_rot__type_support.c
-- Installing: /home/ishin/Documents/cmr/driverless_py/driverless/driverless_ws/install/interfaces/include/interfaces/interfaces/msg/detail/cone_positions__functions.c
-- Installing: /home/ishin/Documents/cmr/driverless_py/driverless/driverless_ws/install/interfaces/include/interfaces/interfaces/msg/detail/cone_list__functions.h
-- Installing: /home/ishin/Documents/cmr/driverless_py/driverless/driverless_ws/install/interfaces/include/interfaces/interfaces/msg/detail/cone_positions__functions.h
-- Installing: /home/ishin/Documents/cmr/driverless_py/driverless/driverless_ws/install/interfaces/include/interfaces/interfaces/msg/detail/car_rot__description.c
-- Installing: /home/ishin/Documents/cmr/driverless_py/driverless/driverless_ws/install/interfaces/include/interfaces/interfaces/msg/detail/points__struct.h
-- Installing: /home/ishin/Documents/cmr/driverless_py/driverless/driverless_ws/install/interfaces/include/interfaces/interfaces/msg/detail/pair_rot__type_support.h
-- Installing: /home/ishin/Documents/cmr/driverless_py/driverless/driverless_ws/install/interfaces/include/interfaces/interfaces/msg/detail/car_rot__functions.c
-- Installing: /home/ishin/Documents/cmr/driverless_py/driverless/driverless_ws/install/interfaces/include/interfaces/interfaces/msg/detail/points__description.c
-- Installing: /home/ishin/Documents/cmr/driverless_py/driverless/driverless_ws/install/interfaces/include/interfaces/interfaces/msg/detail/cone_list__functions.c
-- Installing: /home/ishin/Documents/cmr/driverless_py/driverless/driverless_ws/install/interfaces/include/interfaces/interfaces/msg/detail/cone_list__type_support.c
-- Installing: /home/ishin/Documents/cmr/driverless_py/driverless/driverless_ws/install/interfaces/include/interfaces/interfaces/msg/detail/cone_list__struct.h
-- Installing: /home/ishin/Documents/cmr/driverless_py/driverless/driverless_ws/install/interfaces/include/interfaces/interfaces/msg/detail/cone_positions__description.c
-- Installing: /home/ishin/Documents/cmr/driverless_py/driverless/driverless_ws/install/interfaces/include/interfaces/interfaces/msg/rosidl_generator_c__visibility_control.h
-- Installing: /home/ishin/Documents/cmr/driverless_py/driverless/driverless_ws/install/interfaces/include/interfaces/interfaces/msg/points.h
-- Installing: /home/ishin/Documents/cmr/driverless_py/driverless/driverless_ws/install/interfaces/include/interfaces/interfaces/msg/car_rot.h
-- Installing: /home/ishin/Documents/cmr/driverless_py/driverless/driverless_ws/install/interfaces/include/interfaces/interfaces/msg/cone_positions.h
-- Installing: /home/ishin/Documents/cmr/driverless_py/driverless/driverless_ws/install/interfaces/share/interfaces/environment/library_path.sh
-- Installing: /home/ishin/Documents/cmr/driverless_py/driverless/driverless_ws/install/interfaces/share/interfaces/environment/library_path.dsv
-- Installing: /home/ishin/Documents/cmr/driverless_py/driverless/driverless_ws/install/interfaces/lib/libinterfaces__rosidl_generator_c.so
-- Set runtime path of "/home/ishin/Documents/cmr/driverless_py/driverless/driverless_ws/install/interfaces/lib/libinterfaces__rosidl_generator_c.so" to ""
-- Up-to-date: /home/ishin/Documents/cmr/driverless_py/driverless/driverless_ws/install/interfaces/include/interfaces/interfaces
-- Up-to-date: /home/ishin/Documents/cmr/driverless_py/driverless/driverless_ws/install/interfaces/include/interfaces/interfaces/msg
-- Up-to-date: /home/ishin/Documents/cmr/driverless_py/driverless/driverless_ws/install/interfaces/include/interfaces/interfaces/msg/detail
-- Installing: /home/ishin/Documents/cmr/driverless_py/driverless/driverless_ws/install/interfaces/include/interfaces/interfaces/msg/detail/points__rosidl_typesupport_fastrtps_c.h
-- Installing: /home/ishin/Documents/cmr/driverless_py/driverless/driverless_ws/install/interfaces/include/interfaces/interfaces/msg/detail/car_rot__rosidl_typesupport_fastrtps_c.h
-- Installing: /home/ishin/Documents/cmr/driverless_py/driverless/driverless_ws/install/interfaces/include/interfaces/interfaces/msg/detail/cone_list__rosidl_typesupport_fastrtps_c.h
-- Installing: /home/ishin/Documents/cmr/driverless_py/driverless/driverless_ws/install/interfaces/include/interfaces/interfaces/msg/detail/cone_positions__rosidl_typesupport_fastrtps_c.h
-- Installing: /home/ishin/Documents/cmr/driverless_py/driverless/driverless_ws/install/interfaces/include/interfaces/interfaces/msg/detail/pair_rot__rosidl_typesupport_fastrtps_c.h
-- Installing: /home/ishin/Documents/cmr/driverless_py/driverless/driverless_ws/install/interfaces/include/interfaces/interfaces/msg/rosidl_typesupport_fastrtps_c__visibility_control.h
-- Installing: /home/ishin/Documents/cmr/driverless_py/driverless/driverless_ws/install/interfaces/lib/libinterfaces__rosidl_typesupport_fastrtps_c.so
-- Set runtime path of "/home/ishin/Documents/cmr/driverless_py/driverless/driverless_ws/install/interfaces/lib/libinterfaces__rosidl_typesupport_fastrtps_c.so" to ""
-- Up-to-date: /home/ishin/Documents/cmr/driverless_py/driverless/driverless_ws/install/interfaces/include/interfaces/interfaces
-- Up-to-date: /home/ishin/Documents/cmr/driverless_py/driverless/driverless_ws/install/interfaces/include/interfaces/interfaces/msg
-- Installing: /home/ishin/Documents/cmr/driverless_py/driverless/driverless_ws/install/interfaces/include/interfaces/interfaces/msg/pair_rot.hpp
-- Up-to-date: /home/ishin/Documents/cmr/driverless_py/driverless/driverless_ws/install/interfaces/include/interfaces/interfaces/msg/detail
-- Installing: /home/ishin/Documents/cmr/driverless_py/driverless/driverless_ws/install/interfaces/include/interfaces/interfaces/msg/detail/points__traits.hpp
-- Installing: /home/ishin/Documents/cmr/driverless_py/driverless/driverless_ws/install/interfaces/include/interfaces/interfaces/msg/detail/pair_rot__traits.hpp
-- Installing: /home/ishin/Documents/cmr/driverless_py/driverless/driverless_ws/install/interfaces/include/interfaces/interfaces/msg/detail/cone_positions__builder.hpp
-- Installing: /home/ishin/Documents/cmr/driverless_py/driverless/driverless_ws/install/interfaces/include/interfaces/interfaces/msg/detail/points__struct.hpp
-- Installing: /home/ishin/Documents/cmr/driverless_py/driverless/driverless_ws/install/interfaces/include/interfaces/interfaces/msg/detail/car_rot__struct.hpp
-- Installing: /home/ishin/Documents/cmr/driverless_py/driverless/driverless_ws/install/interfaces/include/interfaces/interfaces/msg/detail/points__builder.hpp
-- Installing: /home/ishin/Documents/cmr/driverless_py/driverless/driverless_ws/install/interfaces/include/interfaces/interfaces/msg/detail/car_rot__builder.hpp
-- Installing: /home/ishin/Documents/cmr/driverless_py/driverless/driverless_ws/install/interfaces/include/interfaces/interfaces/msg/detail/pair_rot__struct.hpp
-- Installing: /home/ishin/Documents/cmr/driverless_py/driverless/driverless_ws/install/interfaces/include/interfaces/interfaces/msg/detail/cone_list__struct.hpp
-- Installing: /home/ishin/Documents/cmr/driverless_py/driverless/driverless_ws/install/interfaces/include/interfaces/interfaces/msg/detail/cone_list__builder.hpp
-- Installing: /home/ishin/Documents/cmr/driverless_py/driverless/driverless_ws/install/interfaces/include/interfaces/interfaces/msg/detail/cone_list__traits.hpp
-- Installing: /home/ishin/Documents/cmr/driverless_py/driverless/driverless_ws/install/interfaces/include/interfaces/interfaces/msg/detail/cone_positions__traits.hpp
-- Installing: /home/ishin/Documents/cmr/driverless_py/driverless/driverless_ws/install/interfaces/include/interfaces/interfaces/msg/detail/cone_positions__struct.hpp
-- Installing: /home/ishin/Documents/cmr/driverless_py/driverless/driverless_ws/install/interfaces/include/interfaces/interfaces/msg/detail/car_rot__traits.hpp
-- Installing: /home/ishin/Documents/cmr/driverless_py/driverless/driverless_ws/install/interfaces/include/interfaces/interfaces/msg/detail/pair_rot__builder.hpp
-- Installing: /home/ishin/Documents/cmr/driverless_py/driverless/driverless_ws/install/interfaces/include/interfaces/interfaces/msg/car_rot.hpp
-- Installing: /home/ishin/Documents/cmr/driverless_py/driverless/driverless_ws/install/interfaces/include/interfaces/interfaces/msg/cone_list.hpp
-- Installing: /home/ishin/Documents/cmr/driverless_py/driverless/driverless_ws/install/interfaces/include/interfaces/interfaces/msg/cone_positions.hpp
-- Installing: /home/ishin/Documents/cmr/driverless_py/driverless/driverless_ws/install/interfaces/include/interfaces/interfaces/msg/points.hpp
-- Up-to-date: /home/ishin/Documents/cmr/driverless_py/driverless/driverless_ws/install/interfaces/include/interfaces/interfaces
-- Up-to-date: /home/ishin/Documents/cmr/driverless_py/driverless/driverless_ws/install/interfaces/include/interfaces/interfaces/msg
-- Up-to-date: /home/ishin/Documents/cmr/driverless_py/driverless/driverless_ws/install/interfaces/include/interfaces/interfaces/msg/detail
-- Installing: /home/ishin/Documents/cmr/driverless_py/driverless/driverless_ws/install/interfaces/include/interfaces/interfaces/msg/detail/car_rot__rosidl_typesupport_fastrtps_cpp.hpp
-- Installing: /home/ishin/Documents/cmr/driverless_py/driverless/driverless_ws/install/interfaces/include/interfaces/interfaces/msg/detail/pair_rot__rosidl_typesupport_fastrtps_cpp.hpp
-- Installing: /home/ishin/Documents/cmr/driverless_py/driverless/driverless_ws/install/interfaces/include/interfaces/interfaces/msg/detail/points__rosidl_typesupport_fastrtps_cpp.hpp
-- Installing: /home/ishin/Documents/cmr/driverless_py/driverless/driverless_ws/install/interfaces/include/interfaces/interfaces/msg/detail/cone_list__rosidl_typesupport_fastrtps_cpp.hpp
-- Installing: /home/ishin/Documents/cmr/driverless_py/driverless/driverless_ws/install/interfaces/include/interfaces/interfaces/msg/detail/cone_positions__rosidl_typesupport_fastrtps_cpp.hpp
-- Installing: /home/ishin/Documents/cmr/driverless_py/driverless/driverless_ws/install/interfaces/include/interfaces/interfaces/msg/detail/dds_fastrtps
-- Installing: /home/ishin/Documents/cmr/driverless_py/driverless/driverless_ws/install/interfaces/include/interfaces/interfaces/msg/rosidl_typesupport_fastrtps_cpp__visibility_control.h
-- Installing: /home/ishin/Documents/cmr/driverless_py/driverless/driverless_ws/install/interfaces/lib/libinterfaces__rosidl_typesupport_fastrtps_cpp.so
-- Set runtime path of "/home/ishin/Documents/cmr/driverless_py/driverless/driverless_ws/install/interfaces/lib/libinterfaces__rosidl_typesupport_fastrtps_cpp.so" to ""
-- Up-to-date: /home/ishin/Documents/cmr/driverless_py/driverless/driverless_ws/install/interfaces/include/interfaces/interfaces
-- Up-to-date: /home/ishin/Documents/cmr/driverless_py/driverless/driverless_ws/install/interfaces/include/interfaces/interfaces/msg
-- Up-to-date: /home/ishin/Documents/cmr/driverless_py/driverless/driverless_ws/install/interfaces/include/interfaces/interfaces/msg/detail
-- Installing: /home/ishin/Documents/cmr/driverless_py/driverless/driverless_ws/install/interfaces/include/interfaces/interfaces/msg/detail/pair_rot__type_support.c
-- Installing: /home/ishin/Documents/cmr/driverless_py/driverless/driverless_ws/install/interfaces/include/interfaces/interfaces/msg/detail/points__type_support.c
-- Installing: /home/ishin/Documents/cmr/driverless_py/driverless/driverless_ws/install/interfaces/include/interfaces/interfaces/msg/detail/pair_rot__rosidl_typesupport_introspection_c.h
-- Installing: /home/ishin/Documents/cmr/driverless_py/driverless/driverless_ws/install/interfaces/include/interfaces/interfaces/msg/detail/cone_list__rosidl_typesupport_introspection_c.h
-- Installing: /home/ishin/Documents/cmr/driverless_py/driverless/driverless_ws/install/interfaces/include/interfaces/interfaces/msg/detail/cone_positions__type_support.c
-- Installing: /home/ishin/Documents/cmr/driverless_py/driverless/driverless_ws/install/interfaces/include/interfaces/interfaces/msg/detail/car_rot__rosidl_typesupport_introspection_c.h
-- Installing: /home/ishin/Documents/cmr/driverless_py/driverless/driverless_ws/install/interfaces/include/interfaces/interfaces/msg/detail/car_rot__type_support.c
-- Installing: /home/ishin/Documents/cmr/driverless_py/driverless/driverless_ws/install/interfaces/include/interfaces/interfaces/msg/detail/cone_positions__rosidl_typesupport_introspection_c.h
-- Installing: /home/ishin/Documents/cmr/driverless_py/driverless/driverless_ws/install/interfaces/include/interfaces/interfaces/msg/detail/cone_list__type_support.c
-- Installing: /home/ishin/Documents/cmr/driverless_py/driverless/driverless_ws/install/interfaces/include/interfaces/interfaces/msg/detail/points__rosidl_typesupport_introspection_c.h
-- Installing: /home/ishin/Documents/cmr/driverless_py/driverless/driverless_ws/install/interfaces/include/interfaces/interfaces/msg/rosidl_typesupport_introspection_c__visibility_control.h
-- Installing: /home/ishin/Documents/cmr/driverless_py/driverless/driverless_ws/install/interfaces/lib/libinterfaces__rosidl_typesupport_introspection_c.so
-- Set runtime path of "/home/ishin/Documents/cmr/driverless_py/driverless/driverless_ws/install/interfaces/lib/libinterfaces__rosidl_typesupport_introspection_c.so" to ""
-- Installing: /home/ishin/Documents/cmr/driverless_py/driverless/driverless_ws/install/interfaces/lib/libinterfaces__rosidl_typesupport_c.so
-- Set runtime path of "/home/ishin/Documents/cmr/driverless_py/driverless/driverless_ws/install/interfaces/lib/libinterfaces__rosidl_typesupport_c.so" to ""
-- Up-to-date: /home/ishin/Documents/cmr/driverless_py/driverless/driverless_ws/install/interfaces/include/interfaces/interfaces
-- Up-to-date: /home/ishin/Documents/cmr/driverless_py/driverless/driverless_ws/install/interfaces/include/interfaces/interfaces/msg
-- Up-to-date: /home/ishin/Documents/cmr/driverless_py/driverless/driverless_ws/install/interfaces/include/interfaces/interfaces/msg/detail
-- Installing: /home/ishin/Documents/cmr/driverless_py/driverless/driverless_ws/install/interfaces/include/interfaces/interfaces/msg/detail/cone_list__rosidl_typesupport_introspection_cpp.hpp
-- Installing: /home/ishin/Documents/cmr/driverless_py/driverless/driverless_ws/install/interfaces/include/interfaces/interfaces/msg/detail/car_rot__rosidl_typesupport_introspection_cpp.hpp
-- Installing: /home/ishin/Documents/cmr/driverless_py/driverless/driverless_ws/install/interfaces/include/interfaces/interfaces/msg/detail/car_rot__type_support.cpp
-- Installing: /home/ishin/Documents/cmr/driverless_py/driverless/driverless_ws/install/interfaces/include/interfaces/interfaces/msg/detail/points__type_support.cpp
-- Installing: /home/ishin/Documents/cmr/driverless_py/driverless/driverless_ws/install/interfaces/include/interfaces/interfaces/msg/detail/cone_positions__rosidl_typesupport_introspection_cpp.hpp
-- Installing: /home/ishin/Documents/cmr/driverless_py/driverless/driverless_ws/install/interfaces/include/interfaces/interfaces/msg/detail/pair_rot__rosidl_typesupport_introspection_cpp.hpp
-- Installing: /home/ishin/Documents/cmr/driverless_py/driverless/driverless_ws/install/interfaces/include/interfaces/interfaces/msg/detail/cone_list__type_support.cpp
-- Installing: /home/ishin/Documents/cmr/driverless_py/driverless/driverless_ws/install/interfaces/include/interfaces/interfaces/msg/detail/cone_positions__type_support.cpp
-- Installing: /home/ishin/Documents/cmr/driverless_py/driverless/driverless_ws/install/interfaces/include/interfaces/interfaces/msg/detail/pair_rot__type_support.cpp
-- Installing: /home/ishin/Documents/cmr/driverless_py/driverless/driverless_ws/install/interfaces/include/interfaces/interfaces/msg/detail/points__rosidl_typesupport_introspection_cpp.hpp
-- Installing: /home/ishin/Documents/cmr/driverless_py/driverless/driverless_ws/install/interfaces/lib/libinterfaces__rosidl_typesupport_introspection_cpp.so
-- Set runtime path of "/home/ishin/Documents/cmr/driverless_py/driverless/driverless_ws/install/interfaces/lib/libinterfaces__rosidl_typesupport_introspection_cpp.so" to ""
-- Installing: /home/ishin/Documents/cmr/driverless_py/driverless/driverless_ws/install/interfaces/lib/libinterfaces__rosidl_typesupport_cpp.so
-- Set runtime path of "/home/ishin/Documents/cmr/driverless_py/driverless/driverless_ws/install/interfaces/lib/libinterfaces__rosidl_typesupport_cpp.so" to ""
-- Installing: /home/ishin/Documents/cmr/driverless_py/driverless/driverless_ws/install/interfaces/share/interfaces/environment/pythonpath.sh
-- Installing: /home/ishin/Documents/cmr/driverless_py/driverless/driverless_ws/install/interfaces/share/interfaces/environment/pythonpath.dsv
-- Installing: /home/ishin/Documents/cmr/driverless_py/driverless/driverless_ws/install/interfaces/lib/python3.11/site-packages/interfaces-0.0.0-py3.11.egg-info
-- Installing: /home/ishin/Documents/cmr/driverless_py/driverless/driverless_ws/install/interfaces/lib/python3.11/site-packages/interfaces-0.0.0-py3.11.egg-info/PKG-INFO
-- Installing: /home/ishin/Documents/cmr/driverless_py/driverless/driverless_ws/install/interfaces/lib/python3.11/site-packages/interfaces-0.0.0-py3.11.egg-info/SOURCES.txt
-- Installing: /home/ishin/Documents/cmr/driverless_py/driverless/driverless_ws/install/interfaces/lib/python3.11/site-packages/interfaces-0.0.0-py3.11.egg-info/dependency_links.txt
-- Installing: /home/ishin/Documents/cmr/driverless_py/driverless/driverless_ws/install/interfaces/lib/python3.11/site-packages/interfaces-0.0.0-py3.11.egg-info/top_level.txt
-- Installing: /home/ishin/Documents/cmr/driverless_py/driverless/driverless_ws/install/interfaces/lib/python3.11/site-packages/interfaces
-- Installing: /home/ishin/Documents/cmr/driverless_py/driverless/driverless_ws/install/interfaces/lib/python3.11/site-packages/interfaces/interfaces_s__rosidl_typesupport_c.cpython-311-x86_64-linux-gnu.so
-- Installing: /home/ishin/Documents/cmr/driverless_py/driverless/driverless_ws/install/interfaces/lib/python3.11/site-packages/interfaces/__init__.py
-- Installing: /home/ishin/Documents/cmr/driverless_py/driverless/driverless_ws/install/interfaces/lib/python3.11/site-packages/interfaces/interfaces_s__rosidl_typesupport_fastrtps_c.cpython-311-x86_64-linux-gnu.so
-- Installing: /home/ishin/Documents/cmr/driverless_py/driverless/driverless_ws/install/interfaces/lib/python3.11/site-packages/interfaces/_interfaces_s.ep.rosidl_typesupport_fastrtps_c.c
-- Installing: /home/ishin/Documents/cmr/driverless_py/driverless/driverless_ws/install/interfaces/lib/python3.11/site-packages/interfaces/libinterfaces__rosidl_generator_py.so
-- Installing: /home/ishin/Documents/cmr/driverless_py/driverless/driverless_ws/install/interfaces/lib/python3.11/site-packages/interfaces/interfaces_s__rosidl_typesupport_introspection_c.cpython-311-x86_64-linux-gnu.so
-- Installing: /home/ishin/Documents/cmr/driverless_py/driverless/driverless_ws/install/interfaces/lib/python3.11/site-packages/interfaces/_interfaces_s.ep.rosidl_typesupport_introspection_c.c
-- Installing: /home/ishin/Documents/cmr/driverless_py/driverless/driverless_ws/install/interfaces/lib/python3.11/site-packages/interfaces/_interfaces_s.ep.rosidl_typesupport_c.c
-- Installing: /home/ishin/Documents/cmr/driverless_py/driverless/driverless_ws/install/interfaces/lib/python3.11/site-packages/interfaces/msg
-- Installing: /home/ishin/Documents/cmr/driverless_py/driverless/driverless_ws/install/interfaces/lib/python3.11/site-packages/interfaces/msg/_cone_positions_s.c
-- Installing: /home/ishin/Documents/cmr/driverless_py/driverless/driverless_ws/install/interfaces/lib/python3.11/site-packages/interfaces/msg/_cone_list.py
-- Installing: /home/ishin/Documents/cmr/driverless_py/driverless/driverless_ws/install/interfaces/lib/python3.11/site-packages/interfaces/msg/_car_rot_s.c
-- Installing: /home/ishin/Documents/cmr/driverless_py/driverless/driverless_ws/install/interfaces/lib/python3.11/site-packages/interfaces/msg/__init__.py
-- Installing: /home/ishin/Documents/cmr/driverless_py/driverless/driverless_ws/install/interfaces/lib/python3.11/site-packages/interfaces/msg/_pair_rot_s.c
-- Installing: /home/ishin/Documents/cmr/driverless_py/driverless/driverless_ws/install/interfaces/lib/python3.11/site-packages/interfaces/msg/_points.py
-- Installing: /home/ishin/Documents/cmr/driverless_py/driverless/driverless_ws/install/interfaces/lib/python3.11/site-packages/interfaces/msg/_pair_rot.py
-- Installing: /home/ishin/Documents/cmr/driverless_py/driverless/driverless_ws/install/interfaces/lib/python3.11/site-packages/interfaces/msg/_cone_list_s.c
-- Installing: /home/ishin/Documents/cmr/driverless_py/driverless/driverless_ws/install/interfaces/lib/python3.11/site-packages/interfaces/msg/_car_rot.py
-- Installing: /home/ishin/Documents/cmr/driverless_py/driverless/driverless_ws/install/interfaces/lib/python3.11/site-packages/interfaces/msg/_points_s.c
-- Installing: /home/ishin/Documents/cmr/driverless_py/driverless/driverless_ws/install/interfaces/lib/python3.11/site-packages/interfaces/msg/_cone_positions.py
Listing '/home/ishin/Documents/cmr/driverless_py/driverless/driverless_ws/install/interfaces/lib/python3.11/site-packages/interfaces'...
Compiling '/home/ishin/Documents/cmr/driverless_py/driverless/driverless_ws/install/interfaces/lib/python3.11/site-packages/interfaces/__init__.py'...
Listing '/home/ishin/Documents/cmr/driverless_py/driverless/driverless_ws/install/interfaces/lib/python3.11/site-packages/interfaces/msg'...
Compiling '/home/ishin/Documents/cmr/driverless_py/driverless/driverless_ws/install/interfaces/lib/python3.11/site-packages/interfaces/msg/__init__.py'...
Compiling '/home/ishin/Documents/cmr/driverless_py/driverless/driverless_ws/install/interfaces/lib/python3.11/site-packages/interfaces/msg/_car_rot.py'...
Compiling '/home/ishin/Documents/cmr/driverless_py/driverless/driverless_ws/install/interfaces/lib/python3.11/site-packages/interfaces/msg/_cone_list.py'...
Compiling '/home/ishin/Documents/cmr/driverless_py/driverless/driverless_ws/install/interfaces/lib/python3.11/site-packages/interfaces/msg/_cone_positions.py'...
Compiling '/home/ishin/Documents/cmr/driverless_py/driverless/driverless_ws/install/interfaces/lib/python3.11/site-packages/interfaces/msg/_pair_rot.py'...
Compiling '/home/ishin/Documents/cmr/driverless_py/driverless/driverless_ws/install/interfaces/lib/python3.11/site-packages/interfaces/msg/_points.py'...
-- Installing: /home/ishin/Documents/cmr/driverless_py/driverless/driverless_ws/install/interfaces/lib/python3.11/site-packages/interfaces/interfaces_s__rosidl_typesupport_fastrtps_c.cpython-311-x86_64-linux-gnu.so
-- Set runtime path of "/home/ishin/Documents/cmr/driverless_py/driverless/driverless_ws/install/interfaces/lib/python3.11/site-packages/interfaces/interfaces_s__rosidl_typesupport_fastrtps_c.cpython-311-x86_64-linux-gnu.so" to ""
-- Installing: /home/ishin/Documents/cmr/driverless_py/driverless/driverless_ws/install/interfaces/lib/python3.11/site-packages/interfaces/interfaces_s__rosidl_typesupport_introspection_c.cpython-311-x86_64-linux-gnu.so
-- Set runtime path of "/home/ishin/Documents/cmr/driverless_py/driverless/driverless_ws/install/interfaces/lib/python3.11/site-packages/interfaces/interfaces_s__rosidl_typesupport_introspection_c.cpython-311-x86_64-linux-gnu.so" to ""
-- Installing: /home/ishin/Documents/cmr/driverless_py/driverless/driverless_ws/install/interfaces/lib/python3.11/site-packages/interfaces/interfaces_s__rosidl_typesupport_c.cpython-311-x86_64-linux-gnu.so
-- Set runtime path of "/home/ishin/Documents/cmr/driverless_py/driverless/driverless_ws/install/interfaces/lib/python3.11/site-packages/interfaces/interfaces_s__rosidl_typesupport_c.cpython-311-x86_64-linux-gnu.so" to ""
-- Installing: /home/ishin/Documents/cmr/driverless_py/driverless/driverless_ws/install/interfaces/lib/libinterfaces__rosidl_generator_py.so
-- Set runtime path of "/home/ishin/Documents/cmr/driverless_py/driverless/driverless_ws/install/interfaces/lib/libinterfaces__rosidl_generator_py.so" to ""
-- Installing: /home/ishin/Documents/cmr/driverless_py/driverless/driverless_ws/install/interfaces/share/interfaces/msg/CarROT.idl
-- Installing: /home/ishin/Documents/cmr/driverless_py/driverless/driverless_ws/install/interfaces/share/interfaces/msg/ConeList.idl
-- Installing: /home/ishin/Documents/cmr/driverless_py/driverless/driverless_ws/install/interfaces/share/interfaces/msg/ConePositions.idl
-- Installing: /home/ishin/Documents/cmr/driverless_py/driverless/driverless_ws/install/interfaces/share/interfaces/msg/PairROT.idl
-- Installing: /home/ishin/Documents/cmr/driverless_py/driverless/driverless_ws/install/interfaces/share/interfaces/msg/Points.idl
-- Installing: /home/ishin/Documents/cmr/driverless_py/driverless/driverless_ws/install/interfaces/share/interfaces/msg/CarROT.msg
-- Installing: /home/ishin/Documents/cmr/driverless_py/driverless/driverless_ws/install/interfaces/share/interfaces/msg/ConeList.msg
-- Installing: /home/ishin/Documents/cmr/driverless_py/driverless/driverless_ws/install/interfaces/share/interfaces/msg/ConePositions.msg
-- Installing: /home/ishin/Documents/cmr/driverless_py/driverless/driverless_ws/install/interfaces/share/interfaces/msg/PairROT.msg
-- Installing: /home/ishin/Documents/cmr/driverless_py/driverless/driverless_ws/install/interfaces/share/interfaces/msg/Points.msg
-- Installing: /home/ishin/Documents/cmr/driverless_py/driverless/driverless_ws/install/interfaces/share/ament_index/resource_index/package_run_dependencies/interfaces
-- Installing: /home/ishin/Documents/cmr/driverless_py/driverless/driverless_ws/install/interfaces/share/ament_index/resource_index/parent_prefix_path/interfaces
-- Installing: /home/ishin/Documents/cmr/driverless_py/driverless/driverless_ws/install/interfaces/share/interfaces/environment/ament_prefix_path.sh
-- Installing: /home/ishin/Documents/cmr/driverless_py/driverless/driverless_ws/install/interfaces/share/interfaces/environment/ament_prefix_path.dsv
-- Installing: /home/ishin/Documents/cmr/driverless_py/driverless/driverless_ws/install/interfaces/share/interfaces/environment/path.sh
-- Installing: /home/ishin/Documents/cmr/driverless_py/driverless/driverless_ws/install/interfaces/share/interfaces/environment/path.dsv
-- Installing: /home/ishin/Documents/cmr/driverless_py/driverless/driverless_ws/install/interfaces/share/interfaces/local_setup.bash
-- Installing: /home/ishin/Documents/cmr/driverless_py/driverless/driverless_ws/install/interfaces/share/interfaces/local_setup.sh
-- Installing: /home/ishin/Documents/cmr/driverless_py/driverless/driverless_ws/install/interfaces/share/interfaces/local_setup.zsh
-- Installing: /home/ishin/Documents/cmr/driverless_py/driverless/driverless_ws/install/interfaces/share/interfaces/local_setup.dsv
-- Installing: /home/ishin/Documents/cmr/driverless_py/driverless/driverless_ws/install/interfaces/share/interfaces/package.dsv
-- Installing: /home/ishin/Documents/cmr/driverless_py/driverless/driverless_ws/install/interfaces/share/ament_index/resource_index/packages/interfaces
-- Installing: /home/ishin/Documents/cmr/driverless_py/driverless/driverless_ws/install/interfaces/share/interfaces/cmake/export_interfaces__rosidl_generator_cExport.cmake
-- Installing: /home/ishin/Documents/cmr/driverless_py/driverless/driverless_ws/install/interfaces/share/interfaces/cmake/export_interfaces__rosidl_generator_cExport-noconfig.cmake
-- Installing: /home/ishin/Documents/cmr/driverless_py/driverless/driverless_ws/install/interfaces/share/interfaces/cmake/export_interfaces__rosidl_typesupport_fastrtps_cExport.cmake
-- Installing: /home/ishin/Documents/cmr/driverless_py/driverless/driverless_ws/install/interfaces/share/interfaces/cmake/export_interfaces__rosidl_typesupport_fastrtps_cExport-noconfig.cmake
-- Installing: /home/ishin/Documents/cmr/driverless_py/driverless/driverless_ws/install/interfaces/share/interfaces/cmake/export_interfaces__rosidl_generator_cppExport.cmake
-- Installing: /home/ishin/Documents/cmr/driverless_py/driverless/driverless_ws/install/interfaces/share/interfaces/cmake/export_interfaces__rosidl_typesupport_fastrtps_cppExport.cmake
-- Installing: /home/ishin/Documents/cmr/driverless_py/driverless/driverless_ws/install/interfaces/share/interfaces/cmake/export_interfaces__rosidl_typesupport_fastrtps_cppExport-noconfig.cmake
-- Installing: /home/ishin/Documents/cmr/driverless_py/driverless/driverless_ws/install/interfaces/share/interfaces/cmake/interfaces__rosidl_typesupport_introspection_cExport.cmake
-- Installing: /home/ishin/Documents/cmr/driverless_py/driverless/driverless_ws/install/interfaces/share/interfaces/cmake/interfaces__rosidl_typesupport_introspection_cExport-noconfig.cmake
-- Installing: /home/ishin/Documents/cmr/driverless_py/driverless/driverless_ws/install/interfaces/share/interfaces/cmake/interfaces__rosidl_typesupport_cExport.cmake
-- Installing: /home/ishin/Documents/cmr/driverless_py/driverless/driverless_ws/install/interfaces/share/interfaces/cmake/interfaces__rosidl_typesupport_cExport-noconfig.cmake
-- Installing: /home/ishin/Documents/cmr/driverless_py/driverless/driverless_ws/install/interfaces/share/interfaces/cmake/interfaces__rosidl_typesupport_introspection_cppExport.cmake
-- Installing: /home/ishin/Documents/cmr/driverless_py/driverless/driverless_ws/install/interfaces/share/interfaces/cmake/interfaces__rosidl_typesupport_introspection_cppExport-noconfig.cmake
-- Installing: /home/ishin/Documents/cmr/driverless_py/driverless/driverless_ws/install/interfaces/share/interfaces/cmake/interfaces__rosidl_typesupport_cppExport.cmake
-- Installing: /home/ishin/Documents/cmr/driverless_py/driverless/driverless_ws/install/interfaces/share/interfaces/cmake/interfaces__rosidl_typesupport_cppExport-noconfig.cmake
-- Installing: /home/ishin/Documents/cmr/driverless_py/driverless/driverless_ws/install/interfaces/share/interfaces/cmake/export_interfaces__rosidl_generator_pyExport.cmake
-- Installing: /home/ishin/Documents/cmr/driverless_py/driverless/driverless_ws/install/interfaces/share/interfaces/cmake/export_interfaces__rosidl_generator_pyExport-noconfig.cmake
-- Installing: /home/ishin/Documents/cmr/driverless_py/driverless/driverless_ws/install/interfaces/share/interfaces/cmake/rosidl_cmake-extras.cmake
-- Installing: /home/ishin/Documents/cmr/driverless_py/driverless/driverless_ws/install/interfaces/share/interfaces/cmake/ament_cmake_export_dependencies-extras.cmake
-- Installing: /home/ishin/Documents/cmr/driverless_py/driverless/driverless_ws/install/interfaces/share/interfaces/cmake/ament_cmake_export_include_directories-extras.cmake
-- Installing: /home/ishin/Documents/cmr/driverless_py/driverless/driverless_ws/install/interfaces/share/interfaces/cmake/ament_cmake_export_libraries-extras.cmake
-- Installing: /home/ishin/Documents/cmr/driverless_py/driverless/driverless_ws/install/interfaces/share/interfaces/cmake/ament_cmake_export_targets-extras.cmake
-- Installing: /home/ishin/Documents/cmr/driverless_py/driverless/driverless_ws/install/interfaces/share/interfaces/cmake/rosidl_cmake_export_typesupport_targets-extras.cmake
-- Installing: /home/ishin/Documents/cmr/driverless_py/driverless/driverless_ws/install/interfaces/share/interfaces/cmake/rosidl_cmake_export_typesupport_libraries-extras.cmake
-- Installing: /home/ishin/Documents/cmr/driverless_py/driverless/driverless_ws/install/interfaces/share/interfaces/cmake/interfacesConfig.cmake
-- Installing: /home/ishin/Documents/cmr/driverless_py/driverless/driverless_ws/install/interfaces/share/interfaces/cmake/interfacesConfig-version.cmake
-- Installing: /home/ishin/Documents/cmr/driverless_py/driverless/driverless_ws/install/interfaces/share/interfaces/package.xml
