[0.078s] Invoking command in '/home/ishin/Documents/cmr/driverless_py/driverless/driverless_ws/build/interfaces': _=/usr/bin/env /usr/bin/cmake /home/ishin/Documents/cmr/driverless_py/driverless/driverless_ws/src/interfaces -DCMAKE_INSTALL_PREFIX=/home/ishin/Documents/cmr/driverless_py/driverless/driverless_ws/install/interfaces
[0.130s] -- Found ament_cmake: 2.0.2 (/opt/ros/iron/share/ament_cmake/cmake)
[0.225s] -- Found ament_lint_auto: 0.14.1 (/opt/ros/iron/share/ament_lint_auto/cmake)
[0.319s] -- Found geometry_msgs: 5.0.0 (/opt/ros/iron/share/geometry_msgs/cmake)
[0.350s] -- Found rosidl_generator_c: 4.0.0 (/opt/ros/iron/share/rosidl_generator_c/cmake)
[0.372s] -- Found rosidl_generator_cpp: 4.0.0 (/opt/ros/iron/share/rosidl_generator_cpp/cmake)
[0.378s] -- Using all available rosidl_typesupport_c: rosidl_typesupport_fastrtps_c;rosidl_typesupport_introspection_c
[0.399s] -- Using all available rosidl_typesupport_cpp: rosidl_typesupport_fastrtps_cpp;rosidl_typesupport_introspection_cpp
[0.489s] -- Found rosidl_default_generators: 1.5.0 (/opt/ros/iron/share/rosidl_default_generators/cmake)
[0.495s] -- Found rosidl_adapter: 4.0.0 (/opt/ros/iron/share/rosidl_adapter/cmake)
[0.667s] -- Found ament_cmake_ros: 0.11.2 (/opt/ros/iron/share/ament_cmake_ros/cmake)
[0.853s] -- Using all available rosidl_typesupport_c: rosidl_typesupport_fastrtps_c;rosidl_typesupport_introspection_c
[0.922s] -- Using all available rosidl_typesupport_cpp: rosidl_typesupport_fastrtps_cpp;rosidl_typesupport_introspection_cpp
[0.936s] -- Found PythonInterp: /home/ishin/Documents/cmr/driverless_py/bin/python3 (found suitable version "3.11.3", minimum required is "3.6") 
[0.937s] -- Found python_cmake_module: 0.10.2 (/opt/ros/iron/share/python_cmake_module/cmake)
[0.960s] -- Found PythonLibs: /usr/lib/libpython3.11.so (found suitable version "3.11.3", minimum required is "3.5") 
[0.960s] -- Using PYTHON_EXECUTABLE: /home/ishin/Documents/cmr/driverless_py/bin/python3
[0.961s] -- Using PYTHON_INCLUDE_DIRS: /usr/include/python3.11
[0.961s] -- Using PYTHON_LIBRARIES: /usr/lib/libpython3.11.so
[0.974s] -- Found PythonExtra: .so  
[1.190s] -- Using numpy include directory: /home/ishin/Documents/cmr/driverless_py/lib/python3.11/site-packages/numpy/core/include
[1.199s] -- Added test 'copyright' to check source files copyright and LICENSE
[1.201s] -- Added test 'lint_cmake' to check CMake code style
[1.202s] -- Added test 'xmllint' to check XML markup files
[1.207s] -- Configuring done (1.1s)
[1.250s] -- Generating done (0.0s)
[1.253s] -- Build files have been written to: /home/ishin/Documents/cmr/driverless_py/driverless/driverless_ws/build/interfaces
[1.265s] Invoked command in '/home/ishin/Documents/cmr/driverless_py/driverless/driverless_ws/build/interfaces' returned '0': _=/usr/bin/env /usr/bin/cmake /home/ishin/Documents/cmr/driverless_py/driverless/driverless_ws/src/interfaces -DCMAKE_INSTALL_PREFIX=/home/ishin/Documents/cmr/driverless_py/driverless/driverless_ws/install/interfaces
[1.266s] Invoking command in '/home/ishin/Documents/cmr/driverless_py/driverless/driverless_ws/build/interfaces': _=/usr/bin/env /usr/bin/cmake --build /home/ishin/Documents/cmr/driverless_py/driverless/driverless_ws/build/interfaces -- -j8 -l8
[1.303s] [  1%] [34m[1mGenerating type hashes for ROS interfaces[0m
[1.313s] [  1%] Built target ament_cmake_python_copy_interfaces
[1.533s] [  1%] Built target interfaces__rosidl_generator_type_description
[1.535s] running egg_info
[1.535s] creating interfaces.egg-info
[1.540s] [  2%] [34m[1mGenerating C code for ROS interfaces[0m
[1.542s] writing interfaces.egg-info/PKG-INFO
[1.543s] writing dependency_links to interfaces.egg-info/dependency_links.txt
[1.543s] writing top-level names to interfaces.egg-info/top_level.txt
[1.543s] writing manifest file 'interfaces.egg-info/SOURCES.txt'
[1.554s] [  4%] [34m[1mGenerating C++ code for ROS interfaces[0m
[1.564s] reading manifest file 'interfaces.egg-info/SOURCES.txt'
[1.564s] writing manifest file 'interfaces.egg-info/SOURCES.txt'
[1.623s] [  4%] Built target ament_cmake_python_build_interfaces_egg
[1.896s] [  4%] Built target interfaces__cpp
[1.988s] [  8%] [32mBuilding C object CMakeFiles/interfaces__rosidl_generator_c.dir/rosidl_generator_c/interfaces/msg/detail/cone_list__type_support.c.o[0m
[1.988s] [  9%] [32mBuilding C object CMakeFiles/interfaces__rosidl_generator_c.dir/rosidl_generator_c/interfaces/msg/detail/cone_positions__functions.c.o[0m
[1.988s] [ 10%] [32mBuilding C object CMakeFiles/interfaces__rosidl_generator_c.dir/rosidl_generator_c/interfaces/msg/detail/car_rot__functions.c.o[0m
[1.988s] [  6%] [32mBuilding C object CMakeFiles/interfaces__rosidl_generator_c.dir/rosidl_generator_c/interfaces/msg/detail/car_rot__description.c.o[0m
[1.988s] [ 12%] [32mBuilding C object CMakeFiles/interfaces__rosidl_generator_c.dir/rosidl_generator_c/interfaces/msg/detail/cone_list__functions.c.o[0m
[1.989s] [  6%] [32mBuilding C object CMakeFiles/interfaces__rosidl_generator_c.dir/rosidl_generator_c/interfaces/msg/detail/cone_list__description.c.o[0m
[1.991s] [ 13%] [32mBuilding C object CMakeFiles/interfaces__rosidl_generator_c.dir/rosidl_generator_c/interfaces/msg/detail/cone_positions__description.c.o[0m
[1.992s] [ 14%] [32mBuilding C object CMakeFiles/interfaces__rosidl_generator_c.dir/rosidl_generator_c/interfaces/msg/detail/car_rot__type_support.c.o[0m
[2.058s] [ 16%] [32mBuilding C object CMakeFiles/interfaces__rosidl_generator_c.dir/rosidl_generator_c/interfaces/msg/detail/cone_positions__type_support.c.o[0m
[2.074s] [ 17%] [32mBuilding C object CMakeFiles/interfaces__rosidl_generator_c.dir/rosidl_generator_c/interfaces/msg/detail/pair_rot__type_support.c.o[0m
[2.075s] [ 18%] [32mBuilding C object CMakeFiles/interfaces__rosidl_generator_c.dir/rosidl_generator_c/interfaces/msg/detail/pair_rot__functions.c.o[0m
[2.085s] [ 20%] [32mBuilding C object CMakeFiles/interfaces__rosidl_generator_c.dir/rosidl_generator_c/interfaces/msg/detail/points__type_support.c.o[0m
[2.086s] [ 21%] [32mBuilding C object CMakeFiles/interfaces__rosidl_generator_c.dir/rosidl_generator_c/interfaces/msg/detail/points__functions.c.o[0m
[2.092s] [ 22%] [32mBuilding C object CMakeFiles/interfaces__rosidl_generator_c.dir/rosidl_generator_c/interfaces/msg/detail/pair_rot__description.c.o[0m
[2.093s] [ 24%] [32mBuilding C object CMakeFiles/interfaces__rosidl_generator_c.dir/rosidl_generator_c/interfaces/msg/detail/points__description.c.o[0m
[2.140s] [ 25%] [32m[1mLinking C shared library libinterfaces__rosidl_generator_c.so[0m
[2.176s] [ 25%] Built target interfaces__rosidl_generator_c
[2.188s] [ 28%] [34m[1mGenerating C++ introspection for ROS interfaces[0m
[2.188s] [ 28%] [34m[1mGenerating C++ type support for eProsima Fast-RTPS[0m
[2.188s] [ 31%] [34m[1mGenerating C++ type support dispatch for ROS interfaces[0m
[2.189s] [ 29%] [34m[1mGenerating C type support dispatch for ROS interfaces[0m
[2.189s] [ 33%] [34m[1mGenerating C introspection for ROS interfaces[0m
[2.190s] [ 33%] [34m[1mGenerating C type support for eProsima Fast-RTPS[0m
[2.639s] [ 35%] [32mBuilding CXX object CMakeFiles/interfaces__rosidl_typesupport_cpp.dir/rosidl_typesupport_cpp/interfaces/msg/car_rot__type_support.cpp.o[0m
[2.639s] [ 36%] [32mBuilding CXX object CMakeFiles/interfaces__rosidl_typesupport_cpp.dir/rosidl_typesupport_cpp/interfaces/msg/cone_positions__type_support.cpp.o[0m
[2.641s] [ 37%] [32mBuilding CXX object CMakeFiles/interfaces__rosidl_typesupport_cpp.dir/rosidl_typesupport_cpp/interfaces/msg/cone_list__type_support.cpp.o[0m
[2.647s] [ 39%] [32mBuilding CXX object CMakeFiles/interfaces__rosidl_typesupport_c.dir/rosidl_typesupport_c/interfaces/msg/car_rot__type_support.cpp.o[0m
[2.733s] [ 40%] [32mBuilding CXX object CMakeFiles/interfaces__rosidl_typesupport_c.dir/rosidl_typesupport_c/interfaces/msg/cone_list__type_support.cpp.o[0m
[2.763s] [ 41%] [32mBuilding CXX object CMakeFiles/interfaces__rosidl_typesupport_introspection_cpp.dir/rosidl_typesupport_introspection_cpp/interfaces/msg/detail/car_rot__type_support.cpp.o[0m
[2.797s] [ 43%] [32mBuilding CXX object CMakeFiles/interfaces__rosidl_typesupport_fastrtps_c.dir/rosidl_typesupport_fastrtps_c/interfaces/msg/detail/car_rot__type_support_c.cpp.o[0m
[2.813s] [ 44%] [32mBuilding CXX object CMakeFiles/interfaces__rosidl_typesupport_fastrtps_cpp.dir/rosidl_typesupport_fastrtps_cpp/interfaces/msg/detail/dds_fastrtps/car_rot__type_support.cpp.o[0m
[2.814s] [ 45%] [32mBuilding C object CMakeFiles/interfaces__rosidl_typesupport_introspection_c.dir/rosidl_typesupport_introspection_c/interfaces/msg/detail/car_rot__type_support.c.o[0m
[2.832s] [ 47%] [32mBuilding CXX object CMakeFiles/interfaces__rosidl_typesupport_c.dir/rosidl_typesupport_c/interfaces/msg/cone_positions__type_support.cpp.o[0m
[2.892s] [ 48%] [32mBuilding CXX object CMakeFiles/interfaces__rosidl_typesupport_c.dir/rosidl_typesupport_c/interfaces/msg/pair_rot__type_support.cpp.o[0m
[2.916s] [ 50%] [32mBuilding C object CMakeFiles/interfaces__rosidl_typesupport_introspection_c.dir/rosidl_typesupport_introspection_c/interfaces/msg/detail/cone_list__type_support.c.o[0m
[2.994s] [ 51%] [32mBuilding CXX object CMakeFiles/interfaces__rosidl_typesupport_c.dir/rosidl_typesupport_c/interfaces/msg/points__type_support.cpp.o[0m
[3.084s] [ 52%] [32mBuilding C object CMakeFiles/interfaces__rosidl_typesupport_introspection_c.dir/rosidl_typesupport_introspection_c/interfaces/msg/detail/cone_positions__type_support.c.o[0m
[3.179s] [ 54%] [32m[1mLinking CXX shared library libinterfaces__rosidl_typesupport_c.so[0m
[3.268s] [ 55%] [32mBuilding C object CMakeFiles/interfaces__rosidl_typesupport_introspection_c.dir/rosidl_typesupport_introspection_c/interfaces/msg/detail/pair_rot__type_support.c.o[0m
[3.301s] [ 56%] [32mBuilding CXX object CMakeFiles/interfaces__rosidl_typesupport_cpp.dir/rosidl_typesupport_cpp/interfaces/msg/pair_rot__type_support.cpp.o[0m
[3.325s] [ 58%] [32mBuilding C object CMakeFiles/interfaces__rosidl_typesupport_introspection_c.dir/rosidl_typesupport_introspection_c/interfaces/msg/detail/points__type_support.c.o[0m
[3.362s] [ 58%] Built target interfaces__rosidl_typesupport_c
[3.374s] [ 59%] [32mBuilding CXX object CMakeFiles/interfaces__rosidl_typesupport_introspection_cpp.dir/rosidl_typesupport_introspection_cpp/interfaces/msg/detail/cone_list__type_support.cpp.o[0m
[3.380s] [ 60%] [32m[1mLinking C shared library libinterfaces__rosidl_typesupport_introspection_c.so[0m
[3.429s] [ 62%] [32mBuilding CXX object CMakeFiles/interfaces__rosidl_typesupport_fastrtps_c.dir/rosidl_typesupport_fastrtps_c/interfaces/msg/detail/cone_list__type_support_c.cpp.o[0m
[3.434s] [ 62%] Built target interfaces__rosidl_typesupport_introspection_c
[3.449s] [ 63%] [32mBuilding CXX object CMakeFiles/interfaces__rosidl_typesupport_introspection_cpp.dir/rosidl_typesupport_introspection_cpp/interfaces/msg/detail/cone_positions__type_support.cpp.o[0m
[3.656s] [ 64%] [32mBuilding CXX object CMakeFiles/interfaces__rosidl_typesupport_fastrtps_cpp.dir/rosidl_typesupport_fastrtps_cpp/interfaces/msg/detail/dds_fastrtps/cone_positions__type_support.cpp.o[0m
[3.669s] [ 66%] [32mBuilding CXX object CMakeFiles/interfaces__rosidl_typesupport_fastrtps_cpp.dir/rosidl_typesupport_fastrtps_cpp/interfaces/msg/detail/dds_fastrtps/cone_list__type_support.cpp.o[0m
[3.757s] [ 67%] [32mBuilding CXX object CMakeFiles/interfaces__rosidl_typesupport_cpp.dir/rosidl_typesupport_cpp/interfaces/msg/points__type_support.cpp.o[0m
[3.897s] [ 68%] [32mBuilding CXX object CMakeFiles/interfaces__rosidl_typesupport_fastrtps_cpp.dir/rosidl_typesupport_fastrtps_cpp/interfaces/msg/detail/dds_fastrtps/pair_rot__type_support.cpp.o[0m
[3.955s] [ 70%] [32mBuilding CXX object CMakeFiles/interfaces__rosidl_typesupport_fastrtps_c.dir/rosidl_typesupport_fastrtps_c/interfaces/msg/detail/cone_positions__type_support_c.cpp.o[0m
[3.997s] [ 72%] [32mBuilding CXX object CMakeFiles/interfaces__rosidl_typesupport_introspection_cpp.dir/rosidl_typesupport_introspection_cpp/interfaces/msg/detail/pair_rot__type_support.cpp.o[0m
[3.997s] [ 72%] [32mBuilding CXX object CMakeFiles/interfaces__rosidl_typesupport_introspection_cpp.dir/rosidl_typesupport_introspection_cpp/interfaces/msg/detail/points__type_support.cpp.o[0m
[4.338s] [ 74%] [32m[1mLinking CXX shared library libinterfaces__rosidl_typesupport_cpp.so[0m
[4.474s] [ 75%] [32mBuilding CXX object CMakeFiles/interfaces__rosidl_typesupport_fastrtps_c.dir/rosidl_typesupport_fastrtps_c/interfaces/msg/detail/points__type_support_c.cpp.o[0m
[4.576s] [ 75%] Built target interfaces__rosidl_typesupport_cpp
[4.615s] [ 77%] [32mBuilding CXX object CMakeFiles/interfaces__rosidl_typesupport_fastrtps_c.dir/rosidl_typesupport_fastrtps_c/interfaces/msg/detail/pair_rot__type_support_c.cpp.o[0m
[4.618s] [ 78%] [32mBuilding CXX object CMakeFiles/interfaces__rosidl_typesupport_fastrtps_cpp.dir/rosidl_typesupport_fastrtps_cpp/interfaces/msg/detail/dds_fastrtps/points__type_support.cpp.o[0m
[4.676s] [ 79%] [32m[1mLinking CXX shared library libinterfaces__rosidl_typesupport_introspection_cpp.so[0m
[4.793s] [ 79%] Built target interfaces__rosidl_typesupport_introspection_cpp
[4.991s] [ 81%] [32m[1mLinking CXX shared library libinterfaces__rosidl_typesupport_fastrtps_c.so[0m
[5.077s] [ 81%] Built target interfaces__rosidl_typesupport_fastrtps_c
[5.156s] [ 82%] [32m[1mLinking CXX shared library libinterfaces__rosidl_typesupport_fastrtps_cpp.so[0m
[5.233s] [ 82%] Built target interfaces__rosidl_typesupport_fastrtps_cpp
[5.251s] [ 82%] Built target interfaces
[5.270s] [ 83%] [34m[1mGenerating Python code for ROS interfaces[0m
[5.829s] [ 83%] Built target interfaces__py
[5.851s] [ 86%] [32mBuilding C object CMakeFiles/interfaces__rosidl_generator_py.dir/rosidl_generator_py/interfaces/msg/_cone_list_s.c.o[0m
[5.852s] [ 86%] [32mBuilding C object CMakeFiles/interfaces__rosidl_generator_py.dir/rosidl_generator_py/interfaces/msg/_cone_positions_s.c.o[0m
[5.852s] [ 87%] [32mBuilding C object CMakeFiles/interfaces__rosidl_generator_py.dir/rosidl_generator_py/interfaces/msg/_pair_rot_s.c.o[0m
[5.855s] [ 89%] [32mBuilding C object CMakeFiles/interfaces__rosidl_generator_py.dir/rosidl_generator_py/interfaces/msg/_car_rot_s.c.o[0m
[5.859s] [ 90%] [32mBuilding C object CMakeFiles/interfaces__rosidl_generator_py.dir/rosidl_generator_py/interfaces/msg/_points_s.c.o[0m
[6.041s] [ 91%] [32m[1mLinking C shared library rosidl_generator_py/interfaces/libinterfaces__rosidl_generator_py.so[0m
[6.082s] [ 91%] Built target interfaces__rosidl_generator_py
[6.107s] [ 93%] [32mBuilding C object CMakeFiles/interfaces__rosidl_typesupport_c__pyext.dir/rosidl_generator_py/interfaces/_interfaces_s.ep.rosidl_typesupport_c.c.o[0m
[6.108s] [ 94%] [32mBuilding C object CMakeFiles/interfaces__rosidl_typesupport_introspection_c__pyext.dir/rosidl_generator_py/interfaces/_interfaces_s.ep.rosidl_typesupport_introspection_c.c.o[0m
[6.108s] [ 95%] [32mBuilding C object CMakeFiles/interfaces__rosidl_typesupport_fastrtps_c__pyext.dir/rosidl_generator_py/interfaces/_interfaces_s.ep.rosidl_typesupport_fastrtps_c.c.o[0m
[6.250s] [ 97%] [32m[1mLinking C shared library rosidl_generator_py/interfaces/interfaces_s__rosidl_typesupport_introspection_c.cpython-311-x86_64-linux-gnu.so[0m
[6.254s] [ 98%] [32m[1mLinking C shared library rosidl_generator_py/interfaces/interfaces_s__rosidl_typesupport_c.cpython-311-x86_64-linux-gnu.so[0m
[6.266s] [100%] [32m[1mLinking C shared library rosidl_generator_py/interfaces/interfaces_s__rosidl_typesupport_fastrtps_c.cpython-311-x86_64-linux-gnu.so[0m
[6.311s] [100%] Built target interfaces__rosidl_typesupport_c__pyext
[6.313s] [100%] Built target interfaces__rosidl_typesupport_introspection_c__pyext
[6.321s] [100%] Built target interfaces__rosidl_typesupport_fastrtps_c__pyext
[6.334s] Invoked command in '/home/ishin/Documents/cmr/driverless_py/driverless/driverless_ws/build/interfaces' returned '0': _=/usr/bin/env /usr/bin/cmake --build /home/ishin/Documents/cmr/driverless_py/driverless/driverless_ws/build/interfaces -- -j8 -l8
[6.864s] Invoking command in '/home/ishin/Documents/cmr/driverless_py/driverless/driverless_ws/build/interfaces': _=/usr/bin/env /usr/bin/cmake --install /home/ishin/Documents/cmr/driverless_py/driverless/driverless_ws/build/interfaces
[6.871s] -- Install configuration: ""
[6.871s] -- Installing: /home/ishin/Documents/cmr/driverless_py/driverless/driverless_ws/install/interfaces/share/ament_index/resource_index/rosidl_interfaces/interfaces
[6.871s] -- Installing: /home/ishin/Documents/cmr/driverless_py/driverless/driverless_ws/install/interfaces/share/interfaces/msg/CarROT.json
[6.871s] -- Installing: /home/ishin/Documents/cmr/driverless_py/driverless/driverless_ws/install/interfaces/share/interfaces/msg/ConeList.json
[6.871s] -- Installing: /home/ishin/Documents/cmr/driverless_py/driverless/driverless_ws/install/interfaces/share/interfaces/msg/ConePositions.json
[6.871s] -- Installing: /home/ishin/Documents/cmr/driverless_py/driverless/driverless_ws/install/interfaces/share/interfaces/msg/PairROT.json
[6.872s] -- Installing: /home/ishin/Documents/cmr/driverless_py/driverless/driverless_ws/install/interfaces/share/interfaces/msg/Points.json
[6.872s] -- Installing: /home/ishin/Documents/cmr/driverless_py/driverless/driverless_ws/install/interfaces/include/interfaces/interfaces
[6.872s] -- Installing: /home/ishin/Documents/cmr/driverless_py/driverless/driverless_ws/install/interfaces/include/interfaces/interfaces/msg
[6.872s] -- Installing: /home/ishin/Documents/cmr/driverless_py/driverless/driverless_ws/install/interfaces/include/interfaces/interfaces/msg/pair_rot.h
[6.872s] -- Installing: /home/ishin/Documents/cmr/driverless_py/driverless/driverless_ws/install/interfaces/include/interfaces/interfaces/msg/cone_list.h
[6.872s] -- Installing: /home/ishin/Documents/cmr/driverless_py/driverless/driverless_ws/install/interfaces/include/interfaces/interfaces/msg/detail
[6.872s] -- Installing: /home/ishin/Documents/cmr/driverless_py/driverless/driverless_ws/install/interfaces/include/interfaces/interfaces/msg/detail/pair_rot__functions.c
[6.872s] -- Installing: /home/ishin/Documents/cmr/driverless_py/driverless/driverless_ws/install/interfaces/include/interfaces/interfaces/msg/detail/pair_rot__type_support.c
[6.872s] -- Installing: /home/ishin/Documents/cmr/driverless_py/driverless/driverless_ws/install/interfaces/include/interfaces/interfaces/msg/detail/cone_positions__struct.h
[6.873s] -- Installing: /home/ishin/Documents/cmr/driverless_py/driverless/driverless_ws/install/interfaces/include/interfaces/interfaces/msg/detail/car_rot__type_support.h
[6.873s] -- Installing: /home/ishin/Documents/cmr/driverless_py/driverless/driverless_ws/install/interfaces/include/interfaces/interfaces/msg/detail/pair_rot__functions.h
[6.873s] -- Installing: /home/ishin/Documents/cmr/driverless_py/driverless/driverless_ws/install/interfaces/include/interfaces/interfaces/msg/detail/points__type_support.h
[6.873s] -- Installing: /home/ishin/Documents/cmr/driverless_py/driverless/driverless_ws/install/interfaces/include/interfaces/interfaces/msg/detail/points__type_support.c
[6.873s] -- Installing: /home/ishin/Documents/cmr/driverless_py/driverless/driverless_ws/install/interfaces/include/interfaces/interfaces/msg/detail/car_rot__struct.h
[6.873s] -- Installing: /home/ishin/Documents/cmr/driverless_py/driverless/driverless_ws/install/interfaces/include/interfaces/interfaces/msg/detail/cone_list__description.c
[6.873s] -- Installing: /home/ishin/Documents/cmr/driverless_py/driverless/driverless_ws/install/interfaces/include/interfaces/interfaces/msg/detail/car_rot__functions.h
[6.873s] -- Installing: /home/ishin/Documents/cmr/driverless_py/driverless/driverless_ws/install/interfaces/include/interfaces/interfaces/msg/detail/points__functions.c
[6.873s] -- Installing: /home/ishin/Documents/cmr/driverless_py/driverless/driverless_ws/install/interfaces/include/interfaces/interfaces/msg/detail/cone_positions__type_support.h
[6.874s] -- Installing: /home/ishin/Documents/cmr/driverless_py/driverless/driverless_ws/install/interfaces/include/interfaces/interfaces/msg/detail/pair_rot__struct.h
[6.874s] -- Installing: /home/ishin/Documents/cmr/driverless_py/driverless/driverless_ws/install/interfaces/include/interfaces/interfaces/msg/detail/cone_positions__type_support.c
[6.874s] -- Installing: /home/ishin/Documents/cmr/driverless_py/driverless/driverless_ws/install/interfaces/include/interfaces/interfaces/msg/detail/cone_list__type_support.h
[6.874s] -- Installing: /home/ishin/Documents/cmr/driverless_py/driverless/driverless_ws/install/interfaces/include/interfaces/interfaces/msg/detail/pair_rot__description.c
[6.874s] -- Installing: /home/ishin/Documents/cmr/driverless_py/driverless/driverless_ws/install/interfaces/include/interfaces/interfaces/msg/detail/points__functions.h
[6.874s] -- Installing: /home/ishin/Documents/cmr/driverless_py/driverless/driverless_ws/install/interfaces/include/interfaces/interfaces/msg/detail/car_rot__type_support.c
[6.874s] -- Installing: /home/ishin/Documents/cmr/driverless_py/driverless/driverless_ws/install/interfaces/include/interfaces/interfaces/msg/detail/cone_positions__functions.c
[6.874s] -- Installing: /home/ishin/Documents/cmr/driverless_py/driverless/driverless_ws/install/interfaces/include/interfaces/interfaces/msg/detail/cone_list__functions.h
[6.874s] -- Installing: /home/ishin/Documents/cmr/driverless_py/driverless/driverless_ws/install/interfaces/include/interfaces/interfaces/msg/detail/cone_positions__functions.h
[6.875s] -- Installing: /home/ishin/Documents/cmr/driverless_py/driverless/driverless_ws/install/interfaces/include/interfaces/interfaces/msg/detail/car_rot__description.c
[6.875s] -- Installing: /home/ishin/Documents/cmr/driverless_py/driverless/driverless_ws/install/interfaces/include/interfaces/interfaces/msg/detail/points__struct.h
[6.875s] -- Installing: /home/ishin/Documents/cmr/driverless_py/driverless/driverless_ws/install/interfaces/include/interfaces/interfaces/msg/detail/pair_rot__type_support.h
[6.875s] -- Installing: /home/ishin/Documents/cmr/driverless_py/driverless/driverless_ws/install/interfaces/include/interfaces/interfaces/msg/detail/car_rot__functions.c
[6.875s] -- Installing: /home/ishin/Documents/cmr/driverless_py/driverless/driverless_ws/install/interfaces/include/interfaces/interfaces/msg/detail/points__description.c
[6.875s] -- Installing: /home/ishin/Documents/cmr/driverless_py/driverless/driverless_ws/install/interfaces/include/interfaces/interfaces/msg/detail/cone_list__functions.c
[6.875s] -- Installing: /home/ishin/Documents/cmr/driverless_py/driverless/driverless_ws/install/interfaces/include/interfaces/interfaces/msg/detail/cone_list__type_support.c
[6.875s] -- Installing: /home/ishin/Documents/cmr/driverless_py/driverless/driverless_ws/install/interfaces/include/interfaces/interfaces/msg/detail/cone_list__struct.h
[6.875s] -- Installing: /home/ishin/Documents/cmr/driverless_py/driverless/driverless_ws/install/interfaces/include/interfaces/interfaces/msg/detail/cone_positions__description.c
[6.876s] -- Installing: /home/ishin/Documents/cmr/driverless_py/driverless/driverless_ws/install/interfaces/include/interfaces/interfaces/msg/rosidl_generator_c__visibility_control.h
[6.876s] -- Installing: /home/ishin/Documents/cmr/driverless_py/driverless/driverless_ws/install/interfaces/include/interfaces/interfaces/msg/points.h
[6.876s] -- Installing: /home/ishin/Documents/cmr/driverless_py/driverless/driverless_ws/install/interfaces/include/interfaces/interfaces/msg/car_rot.h
[6.876s] -- Installing: /home/ishin/Documents/cmr/driverless_py/driverless/driverless_ws/install/interfaces/include/interfaces/interfaces/msg/cone_positions.h
[6.876s] -- Installing: /home/ishin/Documents/cmr/driverless_py/driverless/driverless_ws/install/interfaces/share/interfaces/environment/library_path.sh
[6.876s] -- Installing: /home/ishin/Documents/cmr/driverless_py/driverless/driverless_ws/install/interfaces/share/interfaces/environment/library_path.dsv
[6.876s] -- Installing: /home/ishin/Documents/cmr/driverless_py/driverless/driverless_ws/install/interfaces/lib/libinterfaces__rosidl_generator_c.so
[6.877s] -- Set runtime path of "/home/ishin/Documents/cmr/driverless_py/driverless/driverless_ws/install/interfaces/lib/libinterfaces__rosidl_generator_c.so" to ""
[6.877s] -- Up-to-date: /home/ishin/Documents/cmr/driverless_py/driverless/driverless_ws/install/interfaces/include/interfaces/interfaces
[6.877s] -- Up-to-date: /home/ishin/Documents/cmr/driverless_py/driverless/driverless_ws/install/interfaces/include/interfaces/interfaces/msg
[6.877s] -- Up-to-date: /home/ishin/Documents/cmr/driverless_py/driverless/driverless_ws/install/interfaces/include/interfaces/interfaces/msg/detail
[6.877s] -- Installing: /home/ishin/Documents/cmr/driverless_py/driverless/driverless_ws/install/interfaces/include/interfaces/interfaces/msg/detail/points__rosidl_typesupport_fastrtps_c.h
[6.877s] -- Installing: /home/ishin/Documents/cmr/driverless_py/driverless/driverless_ws/install/interfaces/include/interfaces/interfaces/msg/detail/car_rot__rosidl_typesupport_fastrtps_c.h
[6.877s] -- Installing: /home/ishin/Documents/cmr/driverless_py/driverless/driverless_ws/install/interfaces/include/interfaces/interfaces/msg/detail/cone_list__rosidl_typesupport_fastrtps_c.h
[6.877s] -- Installing: /home/ishin/Documents/cmr/driverless_py/driverless/driverless_ws/install/interfaces/include/interfaces/interfaces/msg/detail/cone_positions__rosidl_typesupport_fastrtps_c.h
[6.877s] -- Installing: /home/ishin/Documents/cmr/driverless_py/driverless/driverless_ws/install/interfaces/include/interfaces/interfaces/msg/detail/pair_rot__rosidl_typesupport_fastrtps_c.h
[6.878s] -- Installing: /home/ishin/Documents/cmr/driverless_py/driverless/driverless_ws/install/interfaces/include/interfaces/interfaces/msg/rosidl_typesupport_fastrtps_c__visibility_control.h
[6.878s] -- Installing: /home/ishin/Documents/cmr/driverless_py/driverless/driverless_ws/install/interfaces/lib/libinterfaces__rosidl_typesupport_fastrtps_c.so
[6.878s] -- Set runtime path of "/home/ishin/Documents/cmr/driverless_py/driverless/driverless_ws/install/interfaces/lib/libinterfaces__rosidl_typesupport_fastrtps_c.so" to ""
[6.878s] -- Up-to-date: /home/ishin/Documents/cmr/driverless_py/driverless/driverless_ws/install/interfaces/include/interfaces/interfaces
[6.878s] -- Up-to-date: /home/ishin/Documents/cmr/driverless_py/driverless/driverless_ws/install/interfaces/include/interfaces/interfaces/msg
[6.879s] -- Installing: /home/ishin/Documents/cmr/driverless_py/driverless/driverless_ws/install/interfaces/include/interfaces/interfaces/msg/pair_rot.hpp
[6.879s] -- Up-to-date: /home/ishin/Documents/cmr/driverless_py/driverless/driverless_ws/install/interfaces/include/interfaces/interfaces/msg/detail
[6.879s] -- Installing: /home/ishin/Documents/cmr/driverless_py/driverless/driverless_ws/install/interfaces/include/interfaces/interfaces/msg/detail/points__traits.hpp
[6.879s] -- Installing: /home/ishin/Documents/cmr/driverless_py/driverless/driverless_ws/install/interfaces/include/interfaces/interfaces/msg/detail/pair_rot__traits.hpp
[6.879s] -- Installing: /home/ishin/Documents/cmr/driverless_py/driverless/driverless_ws/install/interfaces/include/interfaces/interfaces/msg/detail/cone_positions__builder.hpp
[6.879s] -- Installing: /home/ishin/Documents/cmr/driverless_py/driverless/driverless_ws/install/interfaces/include/interfaces/interfaces/msg/detail/points__struct.hpp
[6.879s] -- Installing: /home/ishin/Documents/cmr/driverless_py/driverless/driverless_ws/install/interfaces/include/interfaces/interfaces/msg/detail/car_rot__struct.hpp
[6.879s] -- Installing: /home/ishin/Documents/cmr/driverless_py/driverless/driverless_ws/install/interfaces/include/interfaces/interfaces/msg/detail/points__builder.hpp
[6.879s] -- Installing: /home/ishin/Documents/cmr/driverless_py/driverless/driverless_ws/install/interfaces/include/interfaces/interfaces/msg/detail/car_rot__builder.hpp
[6.879s] -- Installing: /home/ishin/Documents/cmr/driverless_py/driverless/driverless_ws/install/interfaces/include/interfaces/interfaces/msg/detail/pair_rot__struct.hpp
[6.879s] -- Installing: /home/ishin/Documents/cmr/driverless_py/driverless/driverless_ws/install/interfaces/include/interfaces/interfaces/msg/detail/cone_list__struct.hpp
[6.879s] -- Installing: /home/ishin/Documents/cmr/driverless_py/driverless/driverless_ws/install/interfaces/include/interfaces/interfaces/msg/detail/cone_list__builder.hpp
[6.879s] -- Installing: /home/ishin/Documents/cmr/driverless_py/driverless/driverless_ws/install/interfaces/include/interfaces/interfaces/msg/detail/cone_list__traits.hpp
[6.879s] -- Installing: /home/ishin/Documents/cmr/driverless_py/driverless/driverless_ws/install/interfaces/include/interfaces/interfaces/msg/detail/cone_positions__traits.hpp
[6.880s] -- Installing: /home/ishin/Documents/cmr/driverless_py/driverless/driverless_ws/install/interfaces/include/interfaces/interfaces/msg/detail/cone_positions__struct.hpp
[6.880s] -- Installing: /home/ishin/Documents/cmr/driverless_py/driverless/driverless_ws/install/interfaces/include/interfaces/interfaces/msg/detail/car_rot__traits.hpp
[6.880s] -- Installing: /home/ishin/Documents/cmr/driverless_py/driverless/driverless_ws/install/interfaces/include/interfaces/interfaces/msg/detail/pair_rot__builder.hpp
[6.880s] -- Installing: /home/ishin/Documents/cmr/driverless_py/driverless/driverless_ws/install/interfaces/include/interfaces/interfaces/msg/car_rot.hpp
[6.880s] -- Installing: /home/ishin/Documents/cmr/driverless_py/driverless/driverless_ws/install/interfaces/include/interfaces/interfaces/msg/cone_list.hpp
[6.880s] -- Installing: /home/ishin/Documents/cmr/driverless_py/driverless/driverless_ws/install/interfaces/include/interfaces/interfaces/msg/cone_positions.hpp
[6.880s] -- Installing: /home/ishin/Documents/cmr/driverless_py/driverless/driverless_ws/install/interfaces/include/interfaces/interfaces/msg/points.hpp
[6.880s] -- Up-to-date: /home/ishin/Documents/cmr/driverless_py/driverless/driverless_ws/install/interfaces/include/interfaces/interfaces
[6.881s] -- Up-to-date: /home/ishin/Documents/cmr/driverless_py/driverless/driverless_ws/install/interfaces/include/interfaces/interfaces/msg
[6.881s] -- Up-to-date: /home/ishin/Documents/cmr/driverless_py/driverless/driverless_ws/install/interfaces/include/interfaces/interfaces/msg/detail
[6.881s] -- Installing: /home/ishin/Documents/cmr/driverless_py/driverless/driverless_ws/install/interfaces/include/interfaces/interfaces/msg/detail/car_rot__rosidl_typesupport_fastrtps_cpp.hpp
[6.881s] -- Installing: /home/ishin/Documents/cmr/driverless_py/driverless/driverless_ws/install/interfaces/include/interfaces/interfaces/msg/detail/pair_rot__rosidl_typesupport_fastrtps_cpp.hpp
[6.881s] -- Installing: /home/ishin/Documents/cmr/driverless_py/driverless/driverless_ws/install/interfaces/include/interfaces/interfaces/msg/detail/points__rosidl_typesupport_fastrtps_cpp.hpp
[6.881s] -- Installing: /home/ishin/Documents/cmr/driverless_py/driverless/driverless_ws/install/interfaces/include/interfaces/interfaces/msg/detail/cone_list__rosidl_typesupport_fastrtps_cpp.hpp
[6.881s] -- Installing: /home/ishin/Documents/cmr/driverless_py/driverless/driverless_ws/install/interfaces/include/interfaces/interfaces/msg/detail/cone_positions__rosidl_typesupport_fastrtps_cpp.hpp
[6.881s] -- Installing: /home/ishin/Documents/cmr/driverless_py/driverless/driverless_ws/install/interfaces/include/interfaces/interfaces/msg/detail/dds_fastrtps
[6.881s] -- Installing: /home/ishin/Documents/cmr/driverless_py/driverless/driverless_ws/install/interfaces/include/interfaces/interfaces/msg/rosidl_typesupport_fastrtps_cpp__visibility_control.h
[6.881s] -- Installing: /home/ishin/Documents/cmr/driverless_py/driverless/driverless_ws/install/interfaces/lib/libinterfaces__rosidl_typesupport_fastrtps_cpp.so
[6.882s] -- Set runtime path of "/home/ishin/Documents/cmr/driverless_py/driverless/driverless_ws/install/interfaces/lib/libinterfaces__rosidl_typesupport_fastrtps_cpp.so" to ""
[6.882s] -- Up-to-date: /home/ishin/Documents/cmr/driverless_py/driverless/driverless_ws/install/interfaces/include/interfaces/interfaces
[6.882s] -- Up-to-date: /home/ishin/Documents/cmr/driverless_py/driverless/driverless_ws/install/interfaces/include/interfaces/interfaces/msg
[6.882s] -- Up-to-date: /home/ishin/Documents/cmr/driverless_py/driverless/driverless_ws/install/interfaces/include/interfaces/interfaces/msg/detail
[6.882s] -- Installing: /home/ishin/Documents/cmr/driverless_py/driverless/driverless_ws/install/interfaces/include/interfaces/interfaces/msg/detail/pair_rot__type_support.c
[6.882s] -- Installing: /home/ishin/Documents/cmr/driverless_py/driverless/driverless_ws/install/interfaces/include/interfaces/interfaces/msg/detail/points__type_support.c
[6.882s] -- Installing: /home/ishin/Documents/cmr/driverless_py/driverless/driverless_ws/install/interfaces/include/interfaces/interfaces/msg/detail/pair_rot__rosidl_typesupport_introspection_c.h
[6.882s] -- Installing: /home/ishin/Documents/cmr/driverless_py/driverless/driverless_ws/install/interfaces/include/interfaces/interfaces/msg/detail/cone_list__rosidl_typesupport_introspection_c.h
[6.883s] -- Installing: /home/ishin/Documents/cmr/driverless_py/driverless/driverless_ws/install/interfaces/include/interfaces/interfaces/msg/detail/cone_positions__type_support.c
[6.883s] -- Installing: /home/ishin/Documents/cmr/driverless_py/driverless/driverless_ws/install/interfaces/include/interfaces/interfaces/msg/detail/car_rot__rosidl_typesupport_introspection_c.h
[6.883s] -- Installing: /home/ishin/Documents/cmr/driverless_py/driverless/driverless_ws/install/interfaces/include/interfaces/interfaces/msg/detail/car_rot__type_support.c
[6.883s] -- Installing: /home/ishin/Documents/cmr/driverless_py/driverless/driverless_ws/install/interfaces/include/interfaces/interfaces/msg/detail/cone_positions__rosidl_typesupport_introspection_c.h
[6.883s] -- Installing: /home/ishin/Documents/cmr/driverless_py/driverless/driverless_ws/install/interfaces/include/interfaces/interfaces/msg/detail/cone_list__type_support.c
[6.883s] -- Installing: /home/ishin/Documents/cmr/driverless_py/driverless/driverless_ws/install/interfaces/include/interfaces/interfaces/msg/detail/points__rosidl_typesupport_introspection_c.h
[6.883s] -- Installing: /home/ishin/Documents/cmr/driverless_py/driverless/driverless_ws/install/interfaces/include/interfaces/interfaces/msg/rosidl_typesupport_introspection_c__visibility_control.h
[6.884s] -- Installing: /home/ishin/Documents/cmr/driverless_py/driverless/driverless_ws/install/interfaces/lib/libinterfaces__rosidl_typesupport_introspection_c.so
[6.884s] -- Set runtime path of "/home/ishin/Documents/cmr/driverless_py/driverless/driverless_ws/install/interfaces/lib/libinterfaces__rosidl_typesupport_introspection_c.so" to ""
[6.884s] -- Installing: /home/ishin/Documents/cmr/driverless_py/driverless/driverless_ws/install/interfaces/lib/libinterfaces__rosidl_typesupport_c.so
[6.884s] -- Set runtime path of "/home/ishin/Documents/cmr/driverless_py/driverless/driverless_ws/install/interfaces/lib/libinterfaces__rosidl_typesupport_c.so" to ""
[6.884s] -- Up-to-date: /home/ishin/Documents/cmr/driverless_py/driverless/driverless_ws/install/interfaces/include/interfaces/interfaces
[6.884s] -- Up-to-date: /home/ishin/Documents/cmr/driverless_py/driverless/driverless_ws/install/interfaces/include/interfaces/interfaces/msg
[6.885s] -- Up-to-date: /home/ishin/Documents/cmr/driverless_py/driverless/driverless_ws/install/interfaces/include/interfaces/interfaces/msg/detail
[6.885s] -- Installing: /home/ishin/Documents/cmr/driverless_py/driverless/driverless_ws/install/interfaces/include/interfaces/interfaces/msg/detail/cone_list__rosidl_typesupport_introspection_cpp.hpp
[6.885s] -- Installing: /home/ishin/Documents/cmr/driverless_py/driverless/driverless_ws/install/interfaces/include/interfaces/interfaces/msg/detail/car_rot__rosidl_typesupport_introspection_cpp.hpp
[6.885s] -- Installing: /home/ishin/Documents/cmr/driverless_py/driverless/driverless_ws/install/interfaces/include/interfaces/interfaces/msg/detail/car_rot__type_support.cpp
[6.885s] -- Installing: /home/ishin/Documents/cmr/driverless_py/driverless/driverless_ws/install/interfaces/include/interfaces/interfaces/msg/detail/points__type_support.cpp
[6.885s] -- Installing: /home/ishin/Documents/cmr/driverless_py/driverless/driverless_ws/install/interfaces/include/interfaces/interfaces/msg/detail/cone_positions__rosidl_typesupport_introspection_cpp.hpp
[6.885s] -- Installing: /home/ishin/Documents/cmr/driverless_py/driverless/driverless_ws/install/interfaces/include/interfaces/interfaces/msg/detail/pair_rot__rosidl_typesupport_introspection_cpp.hpp
[6.885s] -- Installing: /home/ishin/Documents/cmr/driverless_py/driverless/driverless_ws/install/interfaces/include/interfaces/interfaces/msg/detail/cone_list__type_support.cpp
[6.885s] -- Installing: /home/ishin/Documents/cmr/driverless_py/driverless/driverless_ws/install/interfaces/include/interfaces/interfaces/msg/detail/cone_positions__type_support.cpp
[6.885s] -- Installing: /home/ishin/Documents/cmr/driverless_py/driverless/driverless_ws/install/interfaces/include/interfaces/interfaces/msg/detail/pair_rot__type_support.cpp
[6.886s] -- Installing: /home/ishin/Documents/cmr/driverless_py/driverless/driverless_ws/install/interfaces/include/interfaces/interfaces/msg/detail/points__rosidl_typesupport_introspection_cpp.hpp
[6.886s] -- Installing: /home/ishin/Documents/cmr/driverless_py/driverless/driverless_ws/install/interfaces/lib/libinterfaces__rosidl_typesupport_introspection_cpp.so
[6.887s] -- Set runtime path of "/home/ishin/Documents/cmr/driverless_py/driverless/driverless_ws/install/interfaces/lib/libinterfaces__rosidl_typesupport_introspection_cpp.so" to ""
[6.887s] -- Installing: /home/ishin/Documents/cmr/driverless_py/driverless/driverless_ws/install/interfaces/lib/libinterfaces__rosidl_typesupport_cpp.so
[6.888s] -- Set runtime path of "/home/ishin/Documents/cmr/driverless_py/driverless/driverless_ws/install/interfaces/lib/libinterfaces__rosidl_typesupport_cpp.so" to ""
[6.888s] -- Installing: /home/ishin/Documents/cmr/driverless_py/driverless/driverless_ws/install/interfaces/share/interfaces/environment/pythonpath.sh
[6.888s] -- Installing: /home/ishin/Documents/cmr/driverless_py/driverless/driverless_ws/install/interfaces/share/interfaces/environment/pythonpath.dsv
[6.888s] -- Installing: /home/ishin/Documents/cmr/driverless_py/driverless/driverless_ws/install/interfaces/lib/python3.11/site-packages/interfaces-0.0.0-py3.11.egg-info
[6.888s] -- Installing: /home/ishin/Documents/cmr/driverless_py/driverless/driverless_ws/install/interfaces/lib/python3.11/site-packages/interfaces-0.0.0-py3.11.egg-info/PKG-INFO
[6.888s] -- Installing: /home/ishin/Documents/cmr/driverless_py/driverless/driverless_ws/install/interfaces/lib/python3.11/site-packages/interfaces-0.0.0-py3.11.egg-info/SOURCES.txt
[6.889s] -- Installing: /home/ishin/Documents/cmr/driverless_py/driverless/driverless_ws/install/interfaces/lib/python3.11/site-packages/interfaces-0.0.0-py3.11.egg-info/dependency_links.txt
[6.889s] -- Installing: /home/ishin/Documents/cmr/driverless_py/driverless/driverless_ws/install/interfaces/lib/python3.11/site-packages/interfaces-0.0.0-py3.11.egg-info/top_level.txt
[6.889s] -- Installing: /home/ishin/Documents/cmr/driverless_py/driverless/driverless_ws/install/interfaces/lib/python3.11/site-packages/interfaces
[6.889s] -- Installing: /home/ishin/Documents/cmr/driverless_py/driverless/driverless_ws/install/interfaces/lib/python3.11/site-packages/interfaces/interfaces_s__rosidl_typesupport_c.cpython-311-x86_64-linux-gnu.so
[6.889s] -- Installing: /home/ishin/Documents/cmr/driverless_py/driverless/driverless_ws/install/interfaces/lib/python3.11/site-packages/interfaces/__init__.py
[6.889s] -- Installing: /home/ishin/Documents/cmr/driverless_py/driverless/driverless_ws/install/interfaces/lib/python3.11/site-packages/interfaces/interfaces_s__rosidl_typesupport_fastrtps_c.cpython-311-x86_64-linux-gnu.so
[6.889s] -- Installing: /home/ishin/Documents/cmr/driverless_py/driverless/driverless_ws/install/interfaces/lib/python3.11/site-packages/interfaces/_interfaces_s.ep.rosidl_typesupport_fastrtps_c.c
[6.889s] -- Installing: /home/ishin/Documents/cmr/driverless_py/driverless/driverless_ws/install/interfaces/lib/python3.11/site-packages/interfaces/libinterfaces__rosidl_generator_py.so
[6.889s] -- Installing: /home/ishin/Documents/cmr/driverless_py/driverless/driverless_ws/install/interfaces/lib/python3.11/site-packages/interfaces/interfaces_s__rosidl_typesupport_introspection_c.cpython-311-x86_64-linux-gnu.so
[6.889s] -- Installing: /home/ishin/Documents/cmr/driverless_py/driverless/driverless_ws/install/interfaces/lib/python3.11/site-packages/interfaces/_interfaces_s.ep.rosidl_typesupport_introspection_c.c
[6.890s] -- Installing: /home/ishin/Documents/cmr/driverless_py/driverless/driverless_ws/install/interfaces/lib/python3.11/site-packages/interfaces/_interfaces_s.ep.rosidl_typesupport_c.c
[6.890s] -- Installing: /home/ishin/Documents/cmr/driverless_py/driverless/driverless_ws/install/interfaces/lib/python3.11/site-packages/interfaces/msg
[6.890s] -- Installing: /home/ishin/Documents/cmr/driverless_py/driverless/driverless_ws/install/interfaces/lib/python3.11/site-packages/interfaces/msg/_cone_positions_s.c
[6.890s] -- Installing: /home/ishin/Documents/cmr/driverless_py/driverless/driverless_ws/install/interfaces/lib/python3.11/site-packages/interfaces/msg/_cone_list.py
[6.890s] -- Installing: /home/ishin/Documents/cmr/driverless_py/driverless/driverless_ws/install/interfaces/lib/python3.11/site-packages/interfaces/msg/_car_rot_s.c
[6.890s] -- Installing: /home/ishin/Documents/cmr/driverless_py/driverless/driverless_ws/install/interfaces/lib/python3.11/site-packages/interfaces/msg/__init__.py
[6.890s] -- Installing: /home/ishin/Documents/cmr/driverless_py/driverless/driverless_ws/install/interfaces/lib/python3.11/site-packages/interfaces/msg/_pair_rot_s.c
[6.891s] -- Installing: /home/ishin/Documents/cmr/driverless_py/driverless/driverless_ws/install/interfaces/lib/python3.11/site-packages/interfaces/msg/_points.py
[6.891s] -- Installing: /home/ishin/Documents/cmr/driverless_py/driverless/driverless_ws/install/interfaces/lib/python3.11/site-packages/interfaces/msg/_pair_rot.py
[6.891s] -- Installing: /home/ishin/Documents/cmr/driverless_py/driverless/driverless_ws/install/interfaces/lib/python3.11/site-packages/interfaces/msg/_cone_list_s.c
[6.891s] -- Installing: /home/ishin/Documents/cmr/driverless_py/driverless/driverless_ws/install/interfaces/lib/python3.11/site-packages/interfaces/msg/_car_rot.py
[6.891s] -- Installing: /home/ishin/Documents/cmr/driverless_py/driverless/driverless_ws/install/interfaces/lib/python3.11/site-packages/interfaces/msg/_points_s.c
[6.891s] -- Installing: /home/ishin/Documents/cmr/driverless_py/driverless/driverless_ws/install/interfaces/lib/python3.11/site-packages/interfaces/msg/_cone_positions.py
[6.935s] Listing '/home/ishin/Documents/cmr/driverless_py/driverless/driverless_ws/install/interfaces/lib/python3.11/site-packages/interfaces'...
[6.935s] Compiling '/home/ishin/Documents/cmr/driverless_py/driverless/driverless_ws/install/interfaces/lib/python3.11/site-packages/interfaces/__init__.py'...
[6.936s] Listing '/home/ishin/Documents/cmr/driverless_py/driverless/driverless_ws/install/interfaces/lib/python3.11/site-packages/interfaces/msg'...
[6.936s] Compiling '/home/ishin/Documents/cmr/driverless_py/driverless/driverless_ws/install/interfaces/lib/python3.11/site-packages/interfaces/msg/__init__.py'...
[6.936s] Compiling '/home/ishin/Documents/cmr/driverless_py/driverless/driverless_ws/install/interfaces/lib/python3.11/site-packages/interfaces/msg/_car_rot.py'...
[6.936s] Compiling '/home/ishin/Documents/cmr/driverless_py/driverless/driverless_ws/install/interfaces/lib/python3.11/site-packages/interfaces/msg/_cone_list.py'...
[6.936s] Compiling '/home/ishin/Documents/cmr/driverless_py/driverless/driverless_ws/install/interfaces/lib/python3.11/site-packages/interfaces/msg/_cone_positions.py'...
[6.936s] Compiling '/home/ishin/Documents/cmr/driverless_py/driverless/driverless_ws/install/interfaces/lib/python3.11/site-packages/interfaces/msg/_pair_rot.py'...
[6.936s] Compiling '/home/ishin/Documents/cmr/driverless_py/driverless/driverless_ws/install/interfaces/lib/python3.11/site-packages/interfaces/msg/_points.py'...
[6.940s] -- Installing: /home/ishin/Documents/cmr/driverless_py/driverless/driverless_ws/install/interfaces/lib/python3.11/site-packages/interfaces/interfaces_s__rosidl_typesupport_fastrtps_c.cpython-311-x86_64-linux-gnu.so
[6.940s] -- Set runtime path of "/home/ishin/Documents/cmr/driverless_py/driverless/driverless_ws/install/interfaces/lib/python3.11/site-packages/interfaces/interfaces_s__rosidl_typesupport_fastrtps_c.cpython-311-x86_64-linux-gnu.so" to ""
[6.941s] -- Installing: /home/ishin/Documents/cmr/driverless_py/driverless/driverless_ws/install/interfaces/lib/python3.11/site-packages/interfaces/interfaces_s__rosidl_typesupport_introspection_c.cpython-311-x86_64-linux-gnu.so
[6.941s] -- Set runtime path of "/home/ishin/Documents/cmr/driverless_py/driverless/driverless_ws/install/interfaces/lib/python3.11/site-packages/interfaces/interfaces_s__rosidl_typesupport_introspection_c.cpython-311-x86_64-linux-gnu.so" to ""
[6.941s] -- Installing: /home/ishin/Documents/cmr/driverless_py/driverless/driverless_ws/install/interfaces/lib/python3.11/site-packages/interfaces/interfaces_s__rosidl_typesupport_c.cpython-311-x86_64-linux-gnu.so
[6.942s] -- Set runtime path of "/home/ishin/Documents/cmr/driverless_py/driverless/driverless_ws/install/interfaces/lib/python3.11/site-packages/interfaces/interfaces_s__rosidl_typesupport_c.cpython-311-x86_64-linux-gnu.so" to ""
[6.942s] -- Installing: /home/ishin/Documents/cmr/driverless_py/driverless/driverless_ws/install/interfaces/lib/libinterfaces__rosidl_generator_py.so
[6.942s] -- Set runtime path of "/home/ishin/Documents/cmr/driverless_py/driverless/driverless_ws/install/interfaces/lib/libinterfaces__rosidl_generator_py.so" to ""
[6.942s] -- Installing: /home/ishin/Documents/cmr/driverless_py/driverless/driverless_ws/install/interfaces/share/interfaces/msg/CarROT.idl
[6.943s] -- Installing: /home/ishin/Documents/cmr/driverless_py/driverless/driverless_ws/install/interfaces/share/interfaces/msg/ConeList.idl
[6.943s] -- Installing: /home/ishin/Documents/cmr/driverless_py/driverless/driverless_ws/install/interfaces/share/interfaces/msg/ConePositions.idl
[6.943s] -- Installing: /home/ishin/Documents/cmr/driverless_py/driverless/driverless_ws/install/interfaces/share/interfaces/msg/PairROT.idl
[6.943s] -- Installing: /home/ishin/Documents/cmr/driverless_py/driverless/driverless_ws/install/interfaces/share/interfaces/msg/Points.idl
[6.943s] -- Installing: /home/ishin/Documents/cmr/driverless_py/driverless/driverless_ws/install/interfaces/share/interfaces/msg/CarROT.msg
[6.943s] -- Installing: /home/ishin/Documents/cmr/driverless_py/driverless/driverless_ws/install/interfaces/share/interfaces/msg/ConeList.msg
[6.943s] -- Installing: /home/ishin/Documents/cmr/driverless_py/driverless/driverless_ws/install/interfaces/share/interfaces/msg/ConePositions.msg
[6.944s] -- Installing: /home/ishin/Documents/cmr/driverless_py/driverless/driverless_ws/install/interfaces/share/interfaces/msg/PairROT.msg
[6.944s] -- Installing: /home/ishin/Documents/cmr/driverless_py/driverless/driverless_ws/install/interfaces/share/interfaces/msg/Points.msg
[6.944s] -- Installing: /home/ishin/Documents/cmr/driverless_py/driverless/driverless_ws/install/interfaces/share/ament_index/resource_index/package_run_dependencies/interfaces
[6.944s] -- Installing: /home/ishin/Documents/cmr/driverless_py/driverless/driverless_ws/install/interfaces/share/ament_index/resource_index/parent_prefix_path/interfaces
[6.944s] -- Installing: /home/ishin/Documents/cmr/driverless_py/driverless/driverless_ws/install/interfaces/share/interfaces/environment/ament_prefix_path.sh
[6.944s] -- Installing: /home/ishin/Documents/cmr/driverless_py/driverless/driverless_ws/install/interfaces/share/interfaces/environment/ament_prefix_path.dsv
[6.944s] -- Installing: /home/ishin/Documents/cmr/driverless_py/driverless/driverless_ws/install/interfaces/share/interfaces/environment/path.sh
[6.944s] -- Installing: /home/ishin/Documents/cmr/driverless_py/driverless/driverless_ws/install/interfaces/share/interfaces/environment/path.dsv
[6.945s] -- Installing: /home/ishin/Documents/cmr/driverless_py/driverless/driverless_ws/install/interfaces/share/interfaces/local_setup.bash
[6.945s] -- Installing: /home/ishin/Documents/cmr/driverless_py/driverless/driverless_ws/install/interfaces/share/interfaces/local_setup.sh
[6.945s] -- Installing: /home/ishin/Documents/cmr/driverless_py/driverless/driverless_ws/install/interfaces/share/interfaces/local_setup.zsh
[6.945s] -- Installing: /home/ishin/Documents/cmr/driverless_py/driverless/driverless_ws/install/interfaces/share/interfaces/local_setup.dsv
[6.945s] -- Installing: /home/ishin/Documents/cmr/driverless_py/driverless/driverless_ws/install/interfaces/share/interfaces/package.dsv
[6.945s] -- Installing: /home/ishin/Documents/cmr/driverless_py/driverless/driverless_ws/install/interfaces/share/ament_index/resource_index/packages/interfaces
[6.946s] -- Installing: /home/ishin/Documents/cmr/driverless_py/driverless/driverless_ws/install/interfaces/share/interfaces/cmake/export_interfaces__rosidl_generator_cExport.cmake
[6.946s] -- Installing: /home/ishin/Documents/cmr/driverless_py/driverless/driverless_ws/install/interfaces/share/interfaces/cmake/export_interfaces__rosidl_generator_cExport-noconfig.cmake
[6.947s] -- Installing: /home/ishin/Documents/cmr/driverless_py/driverless/driverless_ws/install/interfaces/share/interfaces/cmake/export_interfaces__rosidl_typesupport_fastrtps_cExport.cmake
[6.947s] -- Installing: /home/ishin/Documents/cmr/driverless_py/driverless/driverless_ws/install/interfaces/share/interfaces/cmake/export_interfaces__rosidl_typesupport_fastrtps_cExport-noconfig.cmake
[6.947s] -- Installing: /home/ishin/Documents/cmr/driverless_py/driverless/driverless_ws/install/interfaces/share/interfaces/cmake/export_interfaces__rosidl_generator_cppExport.cmake
[6.947s] -- Installing: /home/ishin/Documents/cmr/driverless_py/driverless/driverless_ws/install/interfaces/share/interfaces/cmake/export_interfaces__rosidl_typesupport_fastrtps_cppExport.cmake
[6.947s] -- Installing: /home/ishin/Documents/cmr/driverless_py/driverless/driverless_ws/install/interfaces/share/interfaces/cmake/export_interfaces__rosidl_typesupport_fastrtps_cppExport-noconfig.cmake
[6.947s] -- Installing: /home/ishin/Documents/cmr/driverless_py/driverless/driverless_ws/install/interfaces/share/interfaces/cmake/interfaces__rosidl_typesupport_introspection_cExport.cmake
[6.947s] -- Installing: /home/ishin/Documents/cmr/driverless_py/driverless/driverless_ws/install/interfaces/share/interfaces/cmake/interfaces__rosidl_typesupport_introspection_cExport-noconfig.cmake
[6.947s] -- Installing: /home/ishin/Documents/cmr/driverless_py/driverless/driverless_ws/install/interfaces/share/interfaces/cmake/interfaces__rosidl_typesupport_cExport.cmake
[6.948s] -- Installing: /home/ishin/Documents/cmr/driverless_py/driverless/driverless_ws/install/interfaces/share/interfaces/cmake/interfaces__rosidl_typesupport_cExport-noconfig.cmake
[6.948s] -- Installing: /home/ishin/Documents/cmr/driverless_py/driverless/driverless_ws/install/interfaces/share/interfaces/cmake/interfaces__rosidl_typesupport_introspection_cppExport.cmake
[6.948s] -- Installing: /home/ishin/Documents/cmr/driverless_py/driverless/driverless_ws/install/interfaces/share/interfaces/cmake/interfaces__rosidl_typesupport_introspection_cppExport-noconfig.cmake
[6.948s] -- Installing: /home/ishin/Documents/cmr/driverless_py/driverless/driverless_ws/install/interfaces/share/interfaces/cmake/interfaces__rosidl_typesupport_cppExport.cmake
[6.948s] -- Installing: /home/ishin/Documents/cmr/driverless_py/driverless/driverless_ws/install/interfaces/share/interfaces/cmake/interfaces__rosidl_typesupport_cppExport-noconfig.cmake
[6.948s] -- Installing: /home/ishin/Documents/cmr/driverless_py/driverless/driverless_ws/install/interfaces/share/interfaces/cmake/export_interfaces__rosidl_generator_pyExport.cmake
[6.948s] -- Installing: /home/ishin/Documents/cmr/driverless_py/driverless/driverless_ws/install/interfaces/share/interfaces/cmake/export_interfaces__rosidl_generator_pyExport-noconfig.cmake
[6.948s] -- Installing: /home/ishin/Documents/cmr/driverless_py/driverless/driverless_ws/install/interfaces/share/interfaces/cmake/rosidl_cmake-extras.cmake
[6.948s] -- Installing: /home/ishin/Documents/cmr/driverless_py/driverless/driverless_ws/install/interfaces/share/interfaces/cmake/ament_cmake_export_dependencies-extras.cmake
[6.948s] -- Installing: /home/ishin/Documents/cmr/driverless_py/driverless/driverless_ws/install/interfaces/share/interfaces/cmake/ament_cmake_export_include_directories-extras.cmake
[6.949s] -- Installing: /home/ishin/Documents/cmr/driverless_py/driverless/driverless_ws/install/interfaces/share/interfaces/cmake/ament_cmake_export_libraries-extras.cmake
[6.949s] -- Installing: /home/ishin/Documents/cmr/driverless_py/driverless/driverless_ws/install/interfaces/share/interfaces/cmake/ament_cmake_export_targets-extras.cmake
[6.949s] -- Installing: /home/ishin/Documents/cmr/driverless_py/driverless/driverless_ws/install/interfaces/share/interfaces/cmake/rosidl_cmake_export_typesupport_targets-extras.cmake
[6.949s] -- Installing: /home/ishin/Documents/cmr/driverless_py/driverless/driverless_ws/install/interfaces/share/interfaces/cmake/rosidl_cmake_export_typesupport_libraries-extras.cmake
[6.949s] -- Installing: /home/ishin/Documents/cmr/driverless_py/driverless/driverless_ws/install/interfaces/share/interfaces/cmake/interfacesConfig.cmake
[6.949s] -- Installing: /home/ishin/Documents/cmr/driverless_py/driverless/driverless_ws/install/interfaces/share/interfaces/cmake/interfacesConfig-version.cmake
[6.949s] -- Installing: /home/ishin/Documents/cmr/driverless_py/driverless/driverless_ws/install/interfaces/share/interfaces/package.xml
[6.956s] Invoked command in '/home/ishin/Documents/cmr/driverless_py/driverless/driverless_ws/build/interfaces' returned '0': _=/usr/bin/env /usr/bin/cmake --install /home/ishin/Documents/cmr/driverless_py/driverless/driverless_ws/build/interfaces
