/driverless/install/cmrdv_bringup/share/ament_index/resource_index/packages/cmrdv_bringup
/driverless/install/cmrdv_bringup/share/cmrdv_bringup/package.xml
/driverless/install/cmrdv_bringup/share/cmrdv_bringup/dim.launch.py
/driverless/install/cmrdv_bringup/share/cmrdv_bringup/data.launch.py
/driverless/install/cmrdv_bringup/share/cmrdv_bringup/driver.launch.py
/driverless/install/cmrdv_bringup/share/cmrdv_bringup/pipeline.launch.py
/driverless/install/cmrdv_bringup/share/cmrdv_bringup/test_dim.launch.py
/driverless/install/cmrdv_bringup/share/cmrdv_bringup/path_planning.launch.py
/driverless/install/cmrdv_bringup/share/cmrdv_bringup/perceptions.launch.py
/driverless/install/cmrdv_bringup/share/cmrdv_bringup/controls.launch.py
/driverless/install/cmrdv_bringup/share/cmrdv_bringup/controls_auto.launch.py
/driverless/install/cmrdv_bringup/share/cmrdv_bringup/full_stack.launch.py
/driverless/install/cmrdv_bringup/share/cmrdv_bringup/test_pipeline.launch.py
/driverless/install/cmrdv_bringup/share/cmrdv_bringup/actuators.launch.py
/driverless/install/cmrdv_bringup/lib/python3.8/site-packages/cmrdv_bringup-0.0.0-py3.8.egg-info/PKG-INFO
/driverless/install/cmrdv_bringup/lib/python3.8/site-packages/cmrdv_bringup-0.0.0-py3.8.egg-info/dependency_links.txt
/driverless/install/cmrdv_bringup/lib/python3.8/site-packages/cmrdv_bringup-0.0.0-py3.8.egg-info/requires.txt
/driverless/install/cmrdv_bringup/lib/python3.8/site-packages/cmrdv_bringup-0.0.0-py3.8.egg-info/zip-safe
/driverless/install/cmrdv_bringup/lib/python3.8/site-packages/cmrdv_bringup-0.0.0-py3.8.egg-info/SOURCES.txt
/driverless/install/cmrdv_bringup/lib/python3.8/site-packages/cmrdv_bringup-0.0.0-py3.8.egg-info/entry_points.txt
/driverless/install/cmrdv_bringup/lib/python3.8/site-packages/cmrdv_bringup-0.0.0-py3.8.egg-info/top_level.txt
