[0.057s] Invoking command in '/home/andrewwhong/workspace/driverless/driverless_ws/src/build/perceptions': CMAKE_PREFIX_PATH=${CMAKE_PREFIX_PATH}:/opt/ros/foxy /usr/bin/cmake --build /home/andrewwhong/workspace/driverless/driverless_ws/src/build/perceptions -- -j12 -l12
[0.093s] Invoked command in '/home/andrewwhong/workspace/driverless/driverless_ws/src/build/perceptions' returned '0': CMAKE_PREFIX_PATH=${CMAKE_PREFIX_PATH}:/opt/ros/foxy /usr/bin/cmake --build /home/andrewwhong/workspace/driverless/driverless_ws/src/build/perceptions -- -j12 -l12
[0.179s] Invoking command in '/home/andrewwhong/workspace/driverless/driverless_ws/src/build/perceptions': CMAKE_PREFIX_PATH=${CMAKE_PREFIX_PATH}:/opt/ros/foxy /usr/bin/cmake --install /home/andrewwhong/workspace/driverless/driverless_ws/src/build/perceptions
[0.184s] -- Install configuration: ""
[0.185s] -- Up-to-date: /home/andrewwhong/workspace/driverless/driverless_ws/src/install/perceptions/share/ament_index/resource_index/package_run_dependencies/perceptions
[0.185s] -- Up-to-date: /home/andrewwhong/workspace/driverless/driverless_ws/src/install/perceptions/share/ament_index/resource_index/parent_prefix_path/perceptions
[0.187s] -- Up-to-date: /home/andrewwhong/workspace/driverless/driverless_ws/src/install/perceptions/share/perceptions/environment/ament_prefix_path.sh
[0.188s] -- Up-to-date: /home/andrewwhong/workspace/driverless/driverless_ws/src/install/perceptions/share/perceptions/environment/ament_prefix_path.dsv
[0.188s] -- Up-to-date: /home/andrewwhong/workspace/driverless/driverless_ws/src/install/perceptions/share/perceptions/environment/path.sh
[0.189s] -- Up-to-date: /home/andrewwhong/workspace/driverless/driverless_ws/src/install/perceptions/share/perceptions/environment/path.dsv
[0.189s] -- Up-to-date: /home/andrewwhong/workspace/driverless/driverless_ws/src/install/perceptions/share/perceptions/local_setup.bash
[0.189s] -- Up-to-date: /home/andrewwhong/workspace/driverless/driverless_ws/src/install/perceptions/share/perceptions/local_setup.sh
[0.189s] -- Up-to-date: /home/andrewwhong/workspace/driverless/driverless_ws/src/install/perceptions/share/perceptions/local_setup.zsh
[0.189s] -- Up-to-date: /home/andrewwhong/workspace/driverless/driverless_ws/src/install/perceptions/share/perceptions/local_setup.dsv
[0.190s] -- Installing: /home/andrewwhong/workspace/driverless/driverless_ws/src/install/perceptions/share/perceptions/package.dsv
[0.190s] -- Up-to-date: /home/andrewwhong/workspace/driverless/driverless_ws/src/install/perceptions/share/ament_index/resource_index/packages/perceptions
[0.190s] -- Up-to-date: /home/andrewwhong/workspace/driverless/driverless_ws/src/install/perceptions/share/perceptions/cmake/perceptionsConfig.cmake
[0.191s] -- Up-to-date: /home/andrewwhong/workspace/driverless/driverless_ws/src/install/perceptions/share/perceptions/cmake/perceptionsConfig-version.cmake
[0.191s] -- Up-to-date: /home/andrewwhong/workspace/driverless/driverless_ws/src/install/perceptions/share/perceptions/package.xml
[0.255s] Invoked command in '/home/andrewwhong/workspace/driverless/driverless_ws/src/build/perceptions' returned '0': CMAKE_PREFIX_PATH=${CMAKE_PREFIX_PATH}:/opt/ros/foxy /usr/bin/cmake --install /home/andrewwhong/workspace/driverless/driverless_ws/src/build/perceptions
