/driverless/install/cmrdv_perceptions/lib/python3.8/site-packages/cmrdv_perceptions/numpy_test_sub.py
/driverless/install/cmrdv_perceptions/lib/python3.8/site-packages/cmrdv_perceptions/map.py
/driverless/install/cmrdv_perceptions/lib/python3.8/site-packages/cmrdv_perceptions/StereoCamNode.py
/driverless/install/cmrdv_perceptions/lib/python3.8/site-packages/cmrdv_perceptions/__init__.py
/driverless/install/cmrdv_perceptions/lib/python3.8/site-packages/cmrdv_perceptions/numpy_test_pub.py
/driverless/install/cmrdv_perceptions/lib/python3.8/site-packages/cmrdv_perceptions/CVVisNode.py
/driverless/install/cmrdv_perceptions/lib/python3.8/site-packages/cmrdv_perceptions/LidarNode.py
/driverless/install/cmrdv_perceptions/lib/python3.8/site-packages/cmrdv_perceptions/__pycache__/numpy_test_sub.cpython-38.pyc
/driverless/install/cmrdv_perceptions/lib/python3.8/site-packages/cmrdv_perceptions/__pycache__/map.cpython-38.pyc
/driverless/install/cmrdv_perceptions/lib/python3.8/site-packages/cmrdv_perceptions/__pycache__/StereoCamNode.cpython-38.pyc
/driverless/install/cmrdv_perceptions/lib/python3.8/site-packages/cmrdv_perceptions/__pycache__/__init__.cpython-38.pyc
/driverless/install/cmrdv_perceptions/lib/python3.8/site-packages/cmrdv_perceptions/__pycache__/numpy_test_pub.cpython-38.pyc
/driverless/install/cmrdv_perceptions/lib/python3.8/site-packages/cmrdv_perceptions/__pycache__/CVVisNode.cpython-38.pyc
/driverless/install/cmrdv_perceptions/lib/python3.8/site-packages/cmrdv_perceptions/__pycache__/LidarNode.cpython-38.pyc
/driverless/install/cmrdv_perceptions/share/ament_index/resource_index/packages/cmrdv_perceptions
/driverless/install/cmrdv_perceptions/share/cmrdv_perceptions/package.xml
/driverless/install/cmrdv_perceptions/lib/python3.8/site-packages/cmrdv_perceptions-0.0.0-py3.8.egg-info/PKG-INFO
/driverless/install/cmrdv_perceptions/lib/python3.8/site-packages/cmrdv_perceptions-0.0.0-py3.8.egg-info/dependency_links.txt
/driverless/install/cmrdv_perceptions/lib/python3.8/site-packages/cmrdv_perceptions-0.0.0-py3.8.egg-info/requires.txt
/driverless/install/cmrdv_perceptions/lib/python3.8/site-packages/cmrdv_perceptions-0.0.0-py3.8.egg-info/zip-safe
/driverless/install/cmrdv_perceptions/lib/python3.8/site-packages/cmrdv_perceptions-0.0.0-py3.8.egg-info/SOURCES.txt
/driverless/install/cmrdv_perceptions/lib/python3.8/site-packages/cmrdv_perceptions-0.0.0-py3.8.egg-info/entry_points.txt
/driverless/install/cmrdv_perceptions/lib/python3.8/site-packages/cmrdv_perceptions-0.0.0-py3.8.egg-info/top_level.txt
/driverless/install/cmrdv_perceptions/lib/cmrdv_perceptions/lidar
/driverless/install/cmrdv_perceptions/lib/cmrdv_perceptions/numpy_test_pub
/driverless/install/cmrdv_perceptions/lib/cmrdv_perceptions/numpy_test_sub
/driverless/install/cmrdv_perceptions/lib/cmrdv_perceptions/stereo_vision
/driverless/install/cmrdv_perceptions/lib/cmrdv_perceptions/visualization
