[0.495s] DEBUG:colcon:Command line arguments: ['/usr/bin/colcon', 'build']
[0.495s] DEBUG:colcon:Parsed command line arguments: Namespace(allow_overriding=[], ament_cmake_args=None, base_paths=['.'], build_base='build', catkin_cmake_args=None, catkin_skip_building_tests=False, cmake_args=None, cmake_clean_cache=False, cmake_clean_first=False, cmake_force_configure=False, cmake_target=None, cmake_target_skip_unavailable=False, continue_on_error=False, event_handlers=None, executor='parallel', ignore_user_meta=False, install_base='install', log_base=None, log_level=None, main=<bound method BuildVerb.main of <colcon_core.verb.build.BuildVerb object at 0x7ff7049e8700>>, merge_install=False, metas=['./colcon.meta'], packages_above=None, packages_above_and_dependencies=None, packages_above_depth=None, packages_end=None, packages_ignore=None, packages_ignore_regex=None, packages_select=None, packages_select_build_failed=False, packages_select_by_dep=None, packages_select_regex=None, packages_select_test_failures=False, packages_skip=None, packages_skip_build_finished=False, packages_skip_by_dep=None, packages_skip_regex=None, packages_skip_test_passed=False, packages_skip_up_to=None, packages_start=None, packages_up_to=None, packages_up_to_regex=None, parallel_workers=12, paths=None, symlink_install=False, test_result_base=None, verb_extension=<colcon_core.verb.build.BuildVerb object at 0x7ff7049e8700>, verb_name='build', verb_parser=<colcon_defaults.argument_parser.defaults.DefaultArgumentsDecorator object at 0x7ff7049e8c40>)
[0.528s] Level 1:colcon.colcon_core.package_discovery:discover_packages(colcon_meta) check parameters
[0.528s] Level 1:colcon.colcon_core.package_discovery:discover_packages(recursive) check parameters
[0.528s] Level 1:colcon.colcon_core.package_discovery:discover_packages(ignore) check parameters
[0.528s] Level 1:colcon.colcon_core.package_discovery:discover_packages(path) check parameters
[0.528s] Level 1:colcon.colcon_core.package_discovery:discover_packages(colcon_meta) discover
[0.528s] Level 1:colcon.colcon_core.package_discovery:discover_packages(recursive) discover
[0.528s] INFO:colcon.colcon_core.package_discovery:Crawling recursively for packages in '/home/andrewwhong/workspace/driverless/driverless_ws/src'
[0.528s] Level 1:colcon.colcon_core.package_identification:_identify(.) by extensions ['ignore', 'ignore_ament_install']
[0.528s] Level 1:colcon.colcon_core.package_identification:_identify(.) by extension 'ignore'
[0.528s] Level 1:colcon.colcon_core.package_identification:_identify(.) by extension 'ignore_ament_install'
[0.528s] Level 1:colcon.colcon_core.package_identification:_identify(.) by extensions ['colcon_pkg']
[0.528s] Level 1:colcon.colcon_core.package_identification:_identify(.) by extension 'colcon_pkg'
[0.528s] Level 1:colcon.colcon_core.package_identification:_identify(.) by extensions ['colcon_meta']
[0.528s] Level 1:colcon.colcon_core.package_identification:_identify(.) by extension 'colcon_meta'
[0.529s] Level 1:colcon.colcon_core.package_identification:_identify(.) by extensions ['ros']
[0.529s] Level 1:colcon.colcon_core.package_identification:_identify(.) by extension 'ros'
[0.578s] Level 1:colcon.colcon_core.package_identification:_identify(.) by extensions ['cmake', 'python']
[0.579s] Level 1:colcon.colcon_core.package_identification:_identify(.) by extension 'cmake'
[0.579s] Level 1:colcon.colcon_core.package_identification:_identify(.) by extension 'python'
[0.579s] Level 1:colcon.colcon_core.package_identification:_identify(.) by extensions ['python_setup_py']
[0.579s] Level 1:colcon.colcon_core.package_identification:_identify(.) by extension 'python_setup_py'
[0.579s] Level 1:colcon.colcon_core.package_identification:_identify(actuators) by extensions ['ignore', 'ignore_ament_install']
[0.579s] Level 1:colcon.colcon_core.package_identification:_identify(actuators) by extension 'ignore'
[0.579s] Level 1:colcon.colcon_core.package_identification:_identify(actuators) by extension 'ignore_ament_install'
[0.579s] Level 1:colcon.colcon_core.package_identification:_identify(actuators) by extensions ['colcon_pkg']
[0.579s] Level 1:colcon.colcon_core.package_identification:_identify(actuators) by extension 'colcon_pkg'
[0.579s] Level 1:colcon.colcon_core.package_identification:_identify(actuators) by extensions ['colcon_meta']
[0.579s] Level 1:colcon.colcon_core.package_identification:_identify(actuators) by extension 'colcon_meta'
[0.579s] Level 1:colcon.colcon_core.package_identification:_identify(actuators) by extensions ['ros']
[0.579s] Level 1:colcon.colcon_core.package_identification:_identify(actuators) by extension 'ros'
[0.581s] DEBUG:colcon.colcon_core.package_identification:Package 'actuators' with type 'ros.ament_cmake' and name 'actuators'
[0.581s] Level 1:colcon.colcon_core.package_identification:_identify(build) by extensions ['ignore', 'ignore_ament_install']
[0.582s] Level 1:colcon.colcon_core.package_identification:_identify(build) by extension 'ignore'
[0.582s] Level 1:colcon.colcon_core.package_identification:_identify(build) ignored
[0.582s] Level 1:colcon.colcon_core.package_identification:_identify(collection) by extensions ['ignore', 'ignore_ament_install']
[0.582s] Level 1:colcon.colcon_core.package_identification:_identify(collection) by extension 'ignore'
[0.582s] Level 1:colcon.colcon_core.package_identification:_identify(collection) by extension 'ignore_ament_install'
[0.582s] Level 1:colcon.colcon_core.package_identification:_identify(collection) by extensions ['colcon_pkg']
[0.582s] Level 1:colcon.colcon_core.package_identification:_identify(collection) by extension 'colcon_pkg'
[0.582s] Level 1:colcon.colcon_core.package_identification:_identify(collection) by extensions ['colcon_meta']
[0.582s] Level 1:colcon.colcon_core.package_identification:_identify(collection) by extension 'colcon_meta'
[0.582s] Level 1:colcon.colcon_core.package_identification:_identify(collection) by extensions ['ros']
[0.582s] Level 1:colcon.colcon_core.package_identification:_identify(collection) by extension 'ros'
[0.583s] DEBUG:colcon.colcon_core.package_identification:Package 'collection' with type 'ros.ament_cmake' and name 'collection'
[0.583s] Level 1:colcon.colcon_core.package_identification:_identify(common) by extensions ['ignore', 'ignore_ament_install']
[0.583s] Level 1:colcon.colcon_core.package_identification:_identify(common) by extension 'ignore'
[0.583s] Level 1:colcon.colcon_core.package_identification:_identify(common) by extension 'ignore_ament_install'
[0.583s] Level 1:colcon.colcon_core.package_identification:_identify(common) by extensions ['colcon_pkg']
[0.583s] Level 1:colcon.colcon_core.package_identification:_identify(common) by extension 'colcon_pkg'
[0.583s] Level 1:colcon.colcon_core.package_identification:_identify(common) by extensions ['colcon_meta']
[0.583s] Level 1:colcon.colcon_core.package_identification:_identify(common) by extension 'colcon_meta'
[0.583s] Level 1:colcon.colcon_core.package_identification:_identify(common) by extensions ['ros']
[0.583s] Level 1:colcon.colcon_core.package_identification:_identify(common) by extension 'ros'
[0.583s] DEBUG:colcon.colcon_core.package_identification:Package 'common' with type 'ros.ament_cmake' and name 'common'
[0.584s] Level 1:colcon.colcon_core.package_identification:_identify(controls) by extensions ['ignore', 'ignore_ament_install']
[0.584s] Level 1:colcon.colcon_core.package_identification:_identify(controls) by extension 'ignore'
[0.584s] Level 1:colcon.colcon_core.package_identification:_identify(controls) by extension 'ignore_ament_install'
[0.584s] Level 1:colcon.colcon_core.package_identification:_identify(controls) by extensions ['colcon_pkg']
[0.584s] Level 1:colcon.colcon_core.package_identification:_identify(controls) by extension 'colcon_pkg'
[0.584s] Level 1:colcon.colcon_core.package_identification:_identify(controls) by extensions ['colcon_meta']
[0.584s] Level 1:colcon.colcon_core.package_identification:_identify(controls) by extension 'colcon_meta'
[0.584s] Level 1:colcon.colcon_core.package_identification:_identify(controls) by extensions ['ros']
[0.584s] Level 1:colcon.colcon_core.package_identification:_identify(controls) by extension 'ros'
[0.584s] DEBUG:colcon.colcon_core.package_identification:Package 'controls' with type 'ros.ament_cmake' and name 'controls'
[0.585s] Level 1:colcon.colcon_core.package_identification:_identify(eufs_msgs) by extensions ['ignore', 'ignore_ament_install']
[0.585s] Level 1:colcon.colcon_core.package_identification:_identify(eufs_msgs) by extension 'ignore'
[0.585s] Level 1:colcon.colcon_core.package_identification:_identify(eufs_msgs) by extension 'ignore_ament_install'
[0.585s] Level 1:colcon.colcon_core.package_identification:_identify(eufs_msgs) by extensions ['colcon_pkg']
[0.585s] Level 1:colcon.colcon_core.package_identification:_identify(eufs_msgs) by extension 'colcon_pkg'
[0.585s] Level 1:colcon.colcon_core.package_identification:_identify(eufs_msgs) by extensions ['colcon_meta']
[0.585s] Level 1:colcon.colcon_core.package_identification:_identify(eufs_msgs) by extension 'colcon_meta'
[0.585s] Level 1:colcon.colcon_core.package_identification:_identify(eufs_msgs) by extensions ['ros']
[0.585s] Level 1:colcon.colcon_core.package_identification:_identify(eufs_msgs) by extension 'ros'
[0.586s] DEBUG:colcon.colcon_core.package_identification:Package 'eufs_msgs' with type 'ros.ament_cmake' and name 'eufs_msgs'
[0.586s] Level 1:colcon.colcon_core.package_identification:_identify(install) by extensions ['ignore', 'ignore_ament_install']
[0.586s] Level 1:colcon.colcon_core.package_identification:_identify(install) by extension 'ignore'
[0.586s] Level 1:colcon.colcon_core.package_identification:_identify(install) ignored
[0.586s] Level 1:colcon.colcon_core.package_identification:_identify(interfaces) by extensions ['ignore', 'ignore_ament_install']
[0.586s] Level 1:colcon.colcon_core.package_identification:_identify(interfaces) by extension 'ignore'
[0.586s] Level 1:colcon.colcon_core.package_identification:_identify(interfaces) by extension 'ignore_ament_install'
[0.587s] Level 1:colcon.colcon_core.package_identification:_identify(interfaces) by extensions ['colcon_pkg']
[0.587s] Level 1:colcon.colcon_core.package_identification:_identify(interfaces) by extension 'colcon_pkg'
[0.587s] Level 1:colcon.colcon_core.package_identification:_identify(interfaces) by extensions ['colcon_meta']
[0.587s] Level 1:colcon.colcon_core.package_identification:_identify(interfaces) by extension 'colcon_meta'
[0.587s] Level 1:colcon.colcon_core.package_identification:_identify(interfaces) by extensions ['ros']
[0.587s] Level 1:colcon.colcon_core.package_identification:_identify(interfaces) by extension 'ros'
[0.587s] DEBUG:colcon.colcon_core.package_identification:Package 'interfaces' with type 'ros.ament_cmake' and name 'interfaces'
[0.587s] Level 1:colcon.colcon_core.package_identification:_identify(log) by extensions ['ignore', 'ignore_ament_install']
[0.587s] Level 1:colcon.colcon_core.package_identification:_identify(log) by extension 'ignore'
[0.587s] Level 1:colcon.colcon_core.package_identification:_identify(log) ignored
[0.588s] Level 1:colcon.colcon_core.package_identification:_identify(perceptions) by extensions ['ignore', 'ignore_ament_install']
[0.588s] Level 1:colcon.colcon_core.package_identification:_identify(perceptions) by extension 'ignore'
[0.588s] Level 1:colcon.colcon_core.package_identification:_identify(perceptions) by extension 'ignore_ament_install'
[0.588s] Level 1:colcon.colcon_core.package_identification:_identify(perceptions) by extensions ['colcon_pkg']
[0.588s] Level 1:colcon.colcon_core.package_identification:_identify(perceptions) by extension 'colcon_pkg'
[0.588s] Level 1:colcon.colcon_core.package_identification:_identify(perceptions) by extensions ['colcon_meta']
[0.588s] Level 1:colcon.colcon_core.package_identification:_identify(perceptions) by extension 'colcon_meta'
[0.588s] Level 1:colcon.colcon_core.package_identification:_identify(perceptions) by extensions ['ros']
[0.588s] Level 1:colcon.colcon_core.package_identification:_identify(perceptions) by extension 'ros'
[0.588s] DEBUG:colcon.colcon_core.package_identification:Package 'perceptions' with type 'ros.ament_cmake' and name 'perceptions'
[0.588s] Level 1:colcon.colcon_core.package_identification:_identify(planning) by extensions ['ignore', 'ignore_ament_install']
[0.589s] Level 1:colcon.colcon_core.package_identification:_identify(planning) by extension 'ignore'
[0.589s] Level 1:colcon.colcon_core.package_identification:_identify(planning) by extension 'ignore_ament_install'
[0.589s] Level 1:colcon.colcon_core.package_identification:_identify(planning) by extensions ['colcon_pkg']
[0.589s] Level 1:colcon.colcon_core.package_identification:_identify(planning) by extension 'colcon_pkg'
[0.589s] Level 1:colcon.colcon_core.package_identification:_identify(planning) by extensions ['colcon_meta']
[0.589s] Level 1:colcon.colcon_core.package_identification:_identify(planning) by extension 'colcon_meta'
[0.589s] Level 1:colcon.colcon_core.package_identification:_identify(planning) by extensions ['ros']
[0.589s] Level 1:colcon.colcon_core.package_identification:_identify(planning) by extension 'ros'
[0.589s] DEBUG:colcon.colcon_core.package_identification:Package 'planning' with type 'ros.ament_cmake' and name 'planning'
[0.590s] Level 1:colcon.colcon_core.package_discovery:discover_packages(recursive) using defaults
[0.590s] Level 1:colcon.colcon_core.package_discovery:discover_packages(ignore) discover
[0.590s] Level 1:colcon.colcon_core.package_discovery:discover_packages(ignore) using defaults
[0.590s] Level 1:colcon.colcon_core.package_discovery:discover_packages(path) discover
[0.590s] Level 1:colcon.colcon_core.package_discovery:discover_packages(path) using defaults
[0.608s] Level 1:colcon.colcon_core.package_discovery:discover_packages(prefix_path) check parameters
[0.608s] Level 1:colcon.colcon_core.package_discovery:discover_packages(prefix_path) discover
[0.609s] WARNING:colcon.colcon_core.prefix_path.colcon:The path '/home/andrewwhong/workspace/driverless/driverless_ws/install' in the environment variable COLCON_PREFIX_PATH doesn't exist
[0.609s] WARNING:colcon.colcon_ros.prefix_path.catkin:The path '/home/andrewwhong/workspace/driverless/driverless_ws/install/perceptions' in the environment variable CMAKE_PREFIX_PATH doesn't exist
[0.610s] WARNING:colcon.colcon_ros.prefix_path.catkin:The path '/home/andrewwhong/workspace/driverless/driverless_ws/install/interfaces' in the environment variable CMAKE_PREFIX_PATH doesn't exist
[0.610s] WARNING:colcon.colcon_ros.prefix_path.catkin:The path '/home/andrewwhong/workspace/driverless/driverless_ws/install/eufs_msgs' in the environment variable CMAKE_PREFIX_PATH doesn't exist
[0.610s] WARNING:colcon.colcon_ros.prefix_path.catkin:The path '/home/andrewwhong/workspace/driverless/driverless_ws/install/controls' in the environment variable CMAKE_PREFIX_PATH doesn't exist
[0.610s] WARNING:colcon.colcon_ros.prefix_path.catkin:The path '/home/andrewwhong/workspace/driverless/driverless_ws/install/common' in the environment variable CMAKE_PREFIX_PATH doesn't exist
[0.610s] WARNING:colcon.colcon_ros.prefix_path.catkin:The path '/home/andrewwhong/workspace/driverless/driverless_ws/install/collection' in the environment variable CMAKE_PREFIX_PATH doesn't exist
[0.610s] WARNING:colcon.colcon_ros.prefix_path.catkin:The path '/home/andrewwhong/workspace/driverless/driverless_ws/install/actuators' in the environment variable CMAKE_PREFIX_PATH doesn't exist
[0.612s] DEBUG:colcon.colcon_installed_package_information.package_discovery:Found 256 installed packages in /opt/ros/foxy
[0.613s] Level 1:colcon.colcon_core.package_discovery:discover_packages(prefix_path) using defaults
[0.677s] Level 5:colcon.colcon_core.verb:set package 'actuators' build argument 'cmake_args' from command line to 'None'
[0.677s] Level 5:colcon.colcon_core.verb:set package 'actuators' build argument 'cmake_target' from command line to 'None'
[0.677s] Level 5:colcon.colcon_core.verb:set package 'actuators' build argument 'cmake_target_skip_unavailable' from command line to 'False'
[0.677s] Level 5:colcon.colcon_core.verb:set package 'actuators' build argument 'cmake_clean_cache' from command line to 'False'
[0.677s] Level 5:colcon.colcon_core.verb:set package 'actuators' build argument 'cmake_clean_first' from command line to 'False'
[0.677s] Level 5:colcon.colcon_core.verb:set package 'actuators' build argument 'cmake_force_configure' from command line to 'False'
[0.678s] Level 5:colcon.colcon_core.verb:set package 'actuators' build argument 'ament_cmake_args' from command line to 'None'
[0.678s] Level 5:colcon.colcon_core.verb:set package 'actuators' build argument 'catkin_cmake_args' from command line to 'None'
[0.678s] Level 5:colcon.colcon_core.verb:set package 'actuators' build argument 'catkin_skip_building_tests' from command line to 'False'
[0.678s] DEBUG:colcon.colcon_core.verb:Building package 'actuators' with the following arguments: {'ament_cmake_args': None, 'build_base': '/home/andrewwhong/workspace/driverless/driverless_ws/src/build/actuators', 'catkin_cmake_args': None, 'catkin_skip_building_tests': False, 'cmake_args': None, 'cmake_clean_cache': False, 'cmake_clean_first': False, 'cmake_force_configure': False, 'cmake_target': None, 'cmake_target_skip_unavailable': False, 'install_base': '/home/andrewwhong/workspace/driverless/driverless_ws/src/install/actuators', 'merge_install': False, 'path': '/home/andrewwhong/workspace/driverless/driverless_ws/src/actuators', 'symlink_install': False, 'test_result_base': None}
[0.679s] Level 5:colcon.colcon_core.verb:set package 'collection' build argument 'cmake_args' from command line to 'None'
[0.679s] Level 5:colcon.colcon_core.verb:set package 'collection' build argument 'cmake_target' from command line to 'None'
[0.679s] Level 5:colcon.colcon_core.verb:set package 'collection' build argument 'cmake_target_skip_unavailable' from command line to 'False'
[0.679s] Level 5:colcon.colcon_core.verb:set package 'collection' build argument 'cmake_clean_cache' from command line to 'False'
[0.679s] Level 5:colcon.colcon_core.verb:set package 'collection' build argument 'cmake_clean_first' from command line to 'False'
[0.679s] Level 5:colcon.colcon_core.verb:set package 'collection' build argument 'cmake_force_configure' from command line to 'False'
[0.679s] Level 5:colcon.colcon_core.verb:set package 'collection' build argument 'ament_cmake_args' from command line to 'None'
[0.679s] Level 5:colcon.colcon_core.verb:set package 'collection' build argument 'catkin_cmake_args' from command line to 'None'
[0.679s] Level 5:colcon.colcon_core.verb:set package 'collection' build argument 'catkin_skip_building_tests' from command line to 'False'
[0.679s] DEBUG:colcon.colcon_core.verb:Building package 'collection' with the following arguments: {'ament_cmake_args': None, 'build_base': '/home/andrewwhong/workspace/driverless/driverless_ws/src/build/collection', 'catkin_cmake_args': None, 'catkin_skip_building_tests': False, 'cmake_args': None, 'cmake_clean_cache': False, 'cmake_clean_first': False, 'cmake_force_configure': False, 'cmake_target': None, 'cmake_target_skip_unavailable': False, 'install_base': '/home/andrewwhong/workspace/driverless/driverless_ws/src/install/collection', 'merge_install': False, 'path': '/home/andrewwhong/workspace/driverless/driverless_ws/src/collection', 'symlink_install': False, 'test_result_base': None}
[0.680s] Level 5:colcon.colcon_core.verb:set package 'common' build argument 'cmake_args' from command line to 'None'
[0.680s] Level 5:colcon.colcon_core.verb:set package 'common' build argument 'cmake_target' from command line to 'None'
[0.680s] Level 5:colcon.colcon_core.verb:set package 'common' build argument 'cmake_target_skip_unavailable' from command line to 'False'
[0.680s] Level 5:colcon.colcon_core.verb:set package 'common' build argument 'cmake_clean_cache' from command line to 'False'
[0.680s] Level 5:colcon.colcon_core.verb:set package 'common' build argument 'cmake_clean_first' from command line to 'False'
[0.680s] Level 5:colcon.colcon_core.verb:set package 'common' build argument 'cmake_force_configure' from command line to 'False'
[0.680s] Level 5:colcon.colcon_core.verb:set package 'common' build argument 'ament_cmake_args' from command line to 'None'
[0.680s] Level 5:colcon.colcon_core.verb:set package 'common' build argument 'catkin_cmake_args' from command line to 'None'
[0.680s] Level 5:colcon.colcon_core.verb:set package 'common' build argument 'catkin_skip_building_tests' from command line to 'False'
[0.680s] DEBUG:colcon.colcon_core.verb:Building package 'common' with the following arguments: {'ament_cmake_args': None, 'build_base': '/home/andrewwhong/workspace/driverless/driverless_ws/src/build/common', 'catkin_cmake_args': None, 'catkin_skip_building_tests': False, 'cmake_args': None, 'cmake_clean_cache': False, 'cmake_clean_first': False, 'cmake_force_configure': False, 'cmake_target': None, 'cmake_target_skip_unavailable': False, 'install_base': '/home/andrewwhong/workspace/driverless/driverless_ws/src/install/common', 'merge_install': False, 'path': '/home/andrewwhong/workspace/driverless/driverless_ws/src/common', 'symlink_install': False, 'test_result_base': None}
[0.681s] Level 5:colcon.colcon_core.verb:set package 'controls' build argument 'cmake_args' from command line to 'None'
[0.681s] Level 5:colcon.colcon_core.verb:set package 'controls' build argument 'cmake_target' from command line to 'None'
[0.681s] Level 5:colcon.colcon_core.verb:set package 'controls' build argument 'cmake_target_skip_unavailable' from command line to 'False'
[0.681s] Level 5:colcon.colcon_core.verb:set package 'controls' build argument 'cmake_clean_cache' from command line to 'False'
[0.681s] Level 5:colcon.colcon_core.verb:set package 'controls' build argument 'cmake_clean_first' from command line to 'False'
[0.681s] Level 5:colcon.colcon_core.verb:set package 'controls' build argument 'cmake_force_configure' from command line to 'False'
[0.682s] Level 5:colcon.colcon_core.verb:set package 'controls' build argument 'ament_cmake_args' from command line to 'None'
[0.682s] Level 5:colcon.colcon_core.verb:set package 'controls' build argument 'catkin_cmake_args' from command line to 'None'
[0.682s] Level 5:colcon.colcon_core.verb:set package 'controls' build argument 'catkin_skip_building_tests' from command line to 'False'
[0.682s] DEBUG:colcon.colcon_core.verb:Building package 'controls' with the following arguments: {'ament_cmake_args': None, 'build_base': '/home/andrewwhong/workspace/driverless/driverless_ws/src/build/controls', 'catkin_cmake_args': None, 'catkin_skip_building_tests': False, 'cmake_args': None, 'cmake_clean_cache': False, 'cmake_clean_first': False, 'cmake_force_configure': False, 'cmake_target': None, 'cmake_target_skip_unavailable': False, 'install_base': '/home/andrewwhong/workspace/driverless/driverless_ws/src/install/controls', 'merge_install': False, 'path': '/home/andrewwhong/workspace/driverless/driverless_ws/src/controls', 'symlink_install': False, 'test_result_base': None}
[0.683s] Level 5:colcon.colcon_core.verb:set package 'eufs_msgs' build argument 'cmake_args' from command line to 'None'
[0.683s] Level 5:colcon.colcon_core.verb:set package 'eufs_msgs' build argument 'cmake_target' from command line to 'None'
[0.683s] Level 5:colcon.colcon_core.verb:set package 'eufs_msgs' build argument 'cmake_target_skip_unavailable' from command line to 'False'
[0.683s] Level 5:colcon.colcon_core.verb:set package 'eufs_msgs' build argument 'cmake_clean_cache' from command line to 'False'
[0.683s] Level 5:colcon.colcon_core.verb:set package 'eufs_msgs' build argument 'cmake_clean_first' from command line to 'False'
[0.683s] Level 5:colcon.colcon_core.verb:set package 'eufs_msgs' build argument 'cmake_force_configure' from command line to 'False'
[0.683s] Level 5:colcon.colcon_core.verb:set package 'eufs_msgs' build argument 'ament_cmake_args' from command line to 'None'
[0.683s] Level 5:colcon.colcon_core.verb:set package 'eufs_msgs' build argument 'catkin_cmake_args' from command line to 'None'
[0.683s] Level 5:colcon.colcon_core.verb:set package 'eufs_msgs' build argument 'catkin_skip_building_tests' from command line to 'False'
[0.683s] DEBUG:colcon.colcon_core.verb:Building package 'eufs_msgs' with the following arguments: {'ament_cmake_args': None, 'build_base': '/home/andrewwhong/workspace/driverless/driverless_ws/src/build/eufs_msgs', 'catkin_cmake_args': None, 'catkin_skip_building_tests': False, 'cmake_args': None, 'cmake_clean_cache': False, 'cmake_clean_first': False, 'cmake_force_configure': False, 'cmake_target': None, 'cmake_target_skip_unavailable': False, 'install_base': '/home/andrewwhong/workspace/driverless/driverless_ws/src/install/eufs_msgs', 'merge_install': False, 'path': '/home/andrewwhong/workspace/driverless/driverless_ws/src/eufs_msgs', 'symlink_install': False, 'test_result_base': None}
[0.684s] Level 5:colcon.colcon_core.verb:set package 'interfaces' build argument 'cmake_args' from command line to 'None'
[0.684s] Level 5:colcon.colcon_core.verb:set package 'interfaces' build argument 'cmake_target' from command line to 'None'
[0.684s] Level 5:colcon.colcon_core.verb:set package 'interfaces' build argument 'cmake_target_skip_unavailable' from command line to 'False'
[0.684s] Level 5:colcon.colcon_core.verb:set package 'interfaces' build argument 'cmake_clean_cache' from command line to 'False'
[0.684s] Level 5:colcon.colcon_core.verb:set package 'interfaces' build argument 'cmake_clean_first' from command line to 'False'
[0.684s] Level 5:colcon.colcon_core.verb:set package 'interfaces' build argument 'cmake_force_configure' from command line to 'False'
[0.684s] Level 5:colcon.colcon_core.verb:set package 'interfaces' build argument 'ament_cmake_args' from command line to 'None'
[0.684s] Level 5:colcon.colcon_core.verb:set package 'interfaces' build argument 'catkin_cmake_args' from command line to 'None'
[0.684s] Level 5:colcon.colcon_core.verb:set package 'interfaces' build argument 'catkin_skip_building_tests' from command line to 'False'
[0.684s] DEBUG:colcon.colcon_core.verb:Building package 'interfaces' with the following arguments: {'ament_cmake_args': None, 'build_base': '/home/andrewwhong/workspace/driverless/driverless_ws/src/build/interfaces', 'catkin_cmake_args': None, 'catkin_skip_building_tests': False, 'cmake_args': None, 'cmake_clean_cache': False, 'cmake_clean_first': False, 'cmake_force_configure': False, 'cmake_target': None, 'cmake_target_skip_unavailable': False, 'install_base': '/home/andrewwhong/workspace/driverless/driverless_ws/src/install/interfaces', 'merge_install': False, 'path': '/home/andrewwhong/workspace/driverless/driverless_ws/src/interfaces', 'symlink_install': False, 'test_result_base': None}
[0.685s] Level 5:colcon.colcon_core.verb:set package 'perceptions' build argument 'cmake_args' from command line to 'None'
[0.685s] Level 5:colcon.colcon_core.verb:set package 'perceptions' build argument 'cmake_target' from command line to 'None'
[0.685s] Level 5:colcon.colcon_core.verb:set package 'perceptions' build argument 'cmake_target_skip_unavailable' from command line to 'False'
[0.685s] Level 5:colcon.colcon_core.verb:set package 'perceptions' build argument 'cmake_clean_cache' from command line to 'False'
[0.685s] Level 5:colcon.colcon_core.verb:set package 'perceptions' build argument 'cmake_clean_first' from command line to 'False'
[0.685s] Level 5:colcon.colcon_core.verb:set package 'perceptions' build argument 'cmake_force_configure' from command line to 'False'
[0.685s] Level 5:colcon.colcon_core.verb:set package 'perceptions' build argument 'ament_cmake_args' from command line to 'None'
[0.685s] Level 5:colcon.colcon_core.verb:set package 'perceptions' build argument 'catkin_cmake_args' from command line to 'None'
[0.685s] Level 5:colcon.colcon_core.verb:set package 'perceptions' build argument 'catkin_skip_building_tests' from command line to 'False'
[0.685s] DEBUG:colcon.colcon_core.verb:Building package 'perceptions' with the following arguments: {'ament_cmake_args': None, 'build_base': '/home/andrewwhong/workspace/driverless/driverless_ws/src/build/perceptions', 'catkin_cmake_args': None, 'catkin_skip_building_tests': False, 'cmake_args': None, 'cmake_clean_cache': False, 'cmake_clean_first': False, 'cmake_force_configure': False, 'cmake_target': None, 'cmake_target_skip_unavailable': False, 'install_base': '/home/andrewwhong/workspace/driverless/driverless_ws/src/install/perceptions', 'merge_install': False, 'path': '/home/andrewwhong/workspace/driverless/driverless_ws/src/perceptions', 'symlink_install': False, 'test_result_base': None}
[0.686s] Level 5:colcon.colcon_core.verb:set package 'planning' build argument 'cmake_args' from command line to 'None'
[0.686s] Level 5:colcon.colcon_core.verb:set package 'planning' build argument 'cmake_target' from command line to 'None'
[0.686s] Level 5:colcon.colcon_core.verb:set package 'planning' build argument 'cmake_target_skip_unavailable' from command line to 'False'
[0.686s] Level 5:colcon.colcon_core.verb:set package 'planning' build argument 'cmake_clean_cache' from command line to 'False'
[0.686s] Level 5:colcon.colcon_core.verb:set package 'planning' build argument 'cmake_clean_first' from command line to 'False'
[0.686s] Level 5:colcon.colcon_core.verb:set package 'planning' build argument 'cmake_force_configure' from command line to 'False'
[0.686s] Level 5:colcon.colcon_core.verb:set package 'planning' build argument 'ament_cmake_args' from command line to 'None'
[0.686s] Level 5:colcon.colcon_core.verb:set package 'planning' build argument 'catkin_cmake_args' from command line to 'None'
[0.686s] Level 5:colcon.colcon_core.verb:set package 'planning' build argument 'catkin_skip_building_tests' from command line to 'False'
[0.686s] DEBUG:colcon.colcon_core.verb:Building package 'planning' with the following arguments: {'ament_cmake_args': None, 'build_base': '/home/andrewwhong/workspace/driverless/driverless_ws/src/build/planning', 'catkin_cmake_args': None, 'catkin_skip_building_tests': False, 'cmake_args': None, 'cmake_clean_cache': False, 'cmake_clean_first': False, 'cmake_force_configure': False, 'cmake_target': None, 'cmake_target_skip_unavailable': False, 'install_base': '/home/andrewwhong/workspace/driverless/driverless_ws/src/install/planning', 'merge_install': False, 'path': '/home/andrewwhong/workspace/driverless/driverless_ws/src/planning', 'symlink_install': False, 'test_result_base': None}
[0.687s] INFO:colcon.colcon_core.executor:Executing jobs using 'parallel' executor
[0.690s] DEBUG:colcon.colcon_parallel_executor.executor.parallel:run_until_complete
[0.691s] INFO:colcon.colcon_ros.task.ament_cmake.build:Building ROS package in '/home/andrewwhong/workspace/driverless/driverless_ws/src/eufs_msgs' with build type 'ament_cmake'
[0.691s] INFO:colcon.colcon_cmake.task.cmake.build:Building CMake package in '/home/andrewwhong/workspace/driverless/driverless_ws/src/eufs_msgs'
[0.696s] INFO:colcon.colcon_core.plugin_system:Skipping extension 'colcon_core.shell.bat': Not used on non-Windows systems
[0.696s] INFO:colcon.colcon_core.shell:Skip shell extension 'powershell' for command environment: Not usable outside of PowerShell
[0.696s] DEBUG:colcon.colcon_core.shell:Skip shell extension 'dsv' for command environment
[0.701s] INFO:colcon.colcon_ros.task.ament_cmake.build:Building ROS package in '/home/andrewwhong/workspace/driverless/driverless_ws/src/actuators' with build type 'ament_cmake'
[0.702s] INFO:colcon.colcon_cmake.task.cmake.build:Building CMake package in '/home/andrewwhong/workspace/driverless/driverless_ws/src/actuators'
[0.704s] INFO:colcon.colcon_core.shell:Skip shell extension 'powershell' for command environment: Not usable outside of PowerShell
[0.704s] DEBUG:colcon.colcon_core.shell:Skip shell extension 'dsv' for command environment
[0.709s] INFO:colcon.colcon_ros.task.ament_cmake.build:Building ROS package in '/home/andrewwhong/workspace/driverless/driverless_ws/src/collection' with build type 'ament_cmake'
[0.709s] INFO:colcon.colcon_cmake.task.cmake.build:Building CMake package in '/home/andrewwhong/workspace/driverless/driverless_ws/src/collection'
[0.711s] INFO:colcon.colcon_core.shell:Skip shell extension 'powershell' for command environment: Not usable outside of PowerShell
[0.711s] DEBUG:colcon.colcon_core.shell:Skip shell extension 'dsv' for command environment
[0.716s] INFO:colcon.colcon_ros.task.ament_cmake.build:Building ROS package in '/home/andrewwhong/workspace/driverless/driverless_ws/src/common' with build type 'ament_cmake'
[0.717s] INFO:colcon.colcon_cmake.task.cmake.build:Building CMake package in '/home/andrewwhong/workspace/driverless/driverless_ws/src/common'
[0.719s] INFO:colcon.colcon_core.shell:Skip shell extension 'powershell' for command environment: Not usable outside of PowerShell
[0.720s] DEBUG:colcon.colcon_core.shell:Skip shell extension 'dsv' for command environment
[0.724s] INFO:colcon.colcon_ros.task.ament_cmake.build:Building ROS package in '/home/andrewwhong/workspace/driverless/driverless_ws/src/controls' with build type 'ament_cmake'
[0.725s] INFO:colcon.colcon_cmake.task.cmake.build:Building CMake package in '/home/andrewwhong/workspace/driverless/driverless_ws/src/controls'
[0.727s] INFO:colcon.colcon_core.shell:Skip shell extension 'powershell' for command environment: Not usable outside of PowerShell
[0.727s] DEBUG:colcon.colcon_core.shell:Skip shell extension 'dsv' for command environment
[0.732s] INFO:colcon.colcon_ros.task.ament_cmake.build:Building ROS package in '/home/andrewwhong/workspace/driverless/driverless_ws/src/interfaces' with build type 'ament_cmake'
[0.733s] INFO:colcon.colcon_cmake.task.cmake.build:Building CMake package in '/home/andrewwhong/workspace/driverless/driverless_ws/src/interfaces'
[0.735s] INFO:colcon.colcon_core.shell:Skip shell extension 'powershell' for command environment: Not usable outside of PowerShell
[0.735s] DEBUG:colcon.colcon_core.shell:Skip shell extension 'dsv' for command environment
[0.739s] INFO:colcon.colcon_ros.task.ament_cmake.build:Building ROS package in '/home/andrewwhong/workspace/driverless/driverless_ws/src/perceptions' with build type 'ament_cmake'
[0.740s] INFO:colcon.colcon_cmake.task.cmake.build:Building CMake package in '/home/andrewwhong/workspace/driverless/driverless_ws/src/perceptions'
[0.742s] INFO:colcon.colcon_core.shell:Skip shell extension 'powershell' for command environment: Not usable outside of PowerShell
[0.742s] DEBUG:colcon.colcon_core.shell:Skip shell extension 'dsv' for command environment
[0.757s] DEBUG:colcon.colcon_core.event_handler.log_command:Invoking command in '/home/andrewwhong/workspace/driverless/driverless_ws/src/build/eufs_msgs': CMAKE_PREFIX_PATH=${CMAKE_PREFIX_PATH}:/opt/ros/foxy /usr/bin/cmake --build /home/andrewwhong/workspace/driverless/driverless_ws/src/build/eufs_msgs -- -j12 -l12
[0.763s] DEBUG:colcon.colcon_core.event_handler.log_command:Invoking command in '/home/andrewwhong/workspace/driverless/driverless_ws/src/build/actuators': CMAKE_PREFIX_PATH=${CMAKE_PREFIX_PATH}:/opt/ros/foxy /usr/bin/cmake --build /home/andrewwhong/workspace/driverless/driverless_ws/src/build/actuators -- -j12 -l12
[0.770s] DEBUG:colcon.colcon_core.event_handler.log_command:Invoking command in '/home/andrewwhong/workspace/driverless/driverless_ws/src/build/collection': CMAKE_PREFIX_PATH=${CMAKE_PREFIX_PATH}:/opt/ros/foxy /usr/bin/cmake --build /home/andrewwhong/workspace/driverless/driverless_ws/src/build/collection -- -j12 -l12
[0.773s] DEBUG:colcon.colcon_core.event_handler.log_command:Invoking command in '/home/andrewwhong/workspace/driverless/driverless_ws/src/build/common': CMAKE_PREFIX_PATH=${CMAKE_PREFIX_PATH}:/opt/ros/foxy /usr/bin/cmake --build /home/andrewwhong/workspace/driverless/driverless_ws/src/build/common -- -j12 -l12
[0.779s] DEBUG:colcon.colcon_core.event_handler.log_command:Invoking command in '/home/andrewwhong/workspace/driverless/driverless_ws/src/build/controls': CMAKE_PREFIX_PATH=${CMAKE_PREFIX_PATH}:/opt/ros/foxy /usr/bin/cmake --build /home/andrewwhong/workspace/driverless/driverless_ws/src/build/controls -- -j12 -l12
[0.786s] DEBUG:colcon.colcon_core.event_handler.log_command:Invoking command in '/home/andrewwhong/workspace/driverless/driverless_ws/src/build/interfaces': CMAKE_PREFIX_PATH=${CMAKE_PREFIX_PATH}:/opt/ros/foxy /usr/bin/cmake --build /home/andrewwhong/workspace/driverless/driverless_ws/src/build/interfaces -- -j12 -l12
[0.793s] DEBUG:colcon.colcon_core.event_handler.log_command:Invoking command in '/home/andrewwhong/workspace/driverless/driverless_ws/src/build/perceptions': CMAKE_PREFIX_PATH=${CMAKE_PREFIX_PATH}:/opt/ros/foxy /usr/bin/cmake --build /home/andrewwhong/workspace/driverless/driverless_ws/src/build/perceptions -- -j12 -l12
[0.811s] DEBUG:colcon.colcon_core.event_handler.log_command:Invoked command in '/home/andrewwhong/workspace/driverless/driverless_ws/src/build/actuators' returned '0': CMAKE_PREFIX_PATH=${CMAKE_PREFIX_PATH}:/opt/ros/foxy /usr/bin/cmake --build /home/andrewwhong/workspace/driverless/driverless_ws/src/build/actuators -- -j12 -l12
[0.816s] DEBUG:colcon.colcon_core.event_handler.log_command:Invoked command in '/home/andrewwhong/workspace/driverless/driverless_ws/src/build/collection' returned '0': CMAKE_PREFIX_PATH=${CMAKE_PREFIX_PATH}:/opt/ros/foxy /usr/bin/cmake --build /home/andrewwhong/workspace/driverless/driverless_ws/src/build/collection -- -j12 -l12
[0.825s] DEBUG:colcon.colcon_core.event_handler.log_command:Invoked command in '/home/andrewwhong/workspace/driverless/driverless_ws/src/build/common' returned '0': CMAKE_PREFIX_PATH=${CMAKE_PREFIX_PATH}:/opt/ros/foxy /usr/bin/cmake --build /home/andrewwhong/workspace/driverless/driverless_ws/src/build/common -- -j12 -l12
[0.829s] DEBUG:colcon.colcon_core.event_handler.log_command:Invoked command in '/home/andrewwhong/workspace/driverless/driverless_ws/src/build/controls' returned '0': CMAKE_PREFIX_PATH=${CMAKE_PREFIX_PATH}:/opt/ros/foxy /usr/bin/cmake --build /home/andrewwhong/workspace/driverless/driverless_ws/src/build/controls -- -j12 -l12
[0.839s] DEBUG:colcon.colcon_core.event_handler.log_command:Invoked command in '/home/andrewwhong/workspace/driverless/driverless_ws/src/build/interfaces' returned '0': CMAKE_PREFIX_PATH=${CMAKE_PREFIX_PATH}:/opt/ros/foxy /usr/bin/cmake --build /home/andrewwhong/workspace/driverless/driverless_ws/src/build/interfaces -- -j12 -l12
[0.860s] DEBUG:colcon.colcon_core.event_handler.log_command:Invoking command in '/home/andrewwhong/workspace/driverless/driverless_ws/src/build/actuators': CMAKE_PREFIX_PATH=${CMAKE_PREFIX_PATH}:/opt/ros/foxy /usr/bin/cmake --install /home/andrewwhong/workspace/driverless/driverless_ws/src/build/actuators
[0.861s] DEBUG:colcon.colcon_core.event_handler.log_command:Invoked command in '/home/andrewwhong/workspace/driverless/driverless_ws/src/build/perceptions' returned '0': CMAKE_PREFIX_PATH=${CMAKE_PREFIX_PATH}:/opt/ros/foxy /usr/bin/cmake --build /home/andrewwhong/workspace/driverless/driverless_ws/src/build/perceptions -- -j12 -l12
[0.872s] DEBUG:colcon.colcon_core.event_handler.log_command:Invoking command in '/home/andrewwhong/workspace/driverless/driverless_ws/src/build/collection': CMAKE_PREFIX_PATH=${CMAKE_PREFIX_PATH}:/opt/ros/foxy /usr/bin/cmake --install /home/andrewwhong/workspace/driverless/driverless_ws/src/build/collection
[0.874s] DEBUG:colcon.colcon_core.event_handler.log_command:Invoking command in '/home/andrewwhong/workspace/driverless/driverless_ws/src/build/common': CMAKE_PREFIX_PATH=${CMAKE_PREFIX_PATH}:/opt/ros/foxy /usr/bin/cmake --install /home/andrewwhong/workspace/driverless/driverless_ws/src/build/common
[0.888s] DEBUG:colcon.colcon_core.event_handler.log_command:Invoking command in '/home/andrewwhong/workspace/driverless/driverless_ws/src/build/controls': CMAKE_PREFIX_PATH=${CMAKE_PREFIX_PATH}:/opt/ros/foxy /usr/bin/cmake --install /home/andrewwhong/workspace/driverless/driverless_ws/src/build/controls
[0.895s] DEBUG:colcon.colcon_core.event_handler.log_command:Invoking command in '/home/andrewwhong/workspace/driverless/driverless_ws/src/build/interfaces': CMAKE_PREFIX_PATH=${CMAKE_PREFIX_PATH}:/opt/ros/foxy /usr/bin/cmake --install /home/andrewwhong/workspace/driverless/driverless_ws/src/build/interfaces
[0.902s] Level 1:colcon.colcon_core.environment:create_environment_scripts_only(actuators)
[0.923s] Level 1:colcon.colcon_core.environment:checking '/home/andrewwhong/workspace/driverless/driverless_ws/src/install/actuators' for CMake module files
[0.925s] Level 1:colcon.colcon_core.environment:checking '/home/andrewwhong/workspace/driverless/driverless_ws/src/install/actuators' for CMake config files
[0.930s] Level 1:colcon.colcon_core.shell:create_environment_hook('actuators', 'cmake_prefix_path')
[0.932s] INFO:colcon.colcon_core.shell:Creating environment hook '/home/andrewwhong/workspace/driverless/driverless_ws/src/install/actuators/share/actuators/hook/cmake_prefix_path.ps1'
[0.934s] INFO:colcon.colcon_core.shell:Creating environment descriptor '/home/andrewwhong/workspace/driverless/driverless_ws/src/install/actuators/share/actuators/hook/cmake_prefix_path.dsv'
[0.936s] INFO:colcon.colcon_core.shell:Creating environment hook '/home/andrewwhong/workspace/driverless/driverless_ws/src/install/actuators/share/actuators/hook/cmake_prefix_path.sh'
[0.937s] DEBUG:colcon.colcon_core.event_handler.log_command:Invoked command in '/home/andrewwhong/workspace/driverless/driverless_ws/src/build/actuators' returned '0': CMAKE_PREFIX_PATH=${CMAKE_PREFIX_PATH}:/opt/ros/foxy /usr/bin/cmake --install /home/andrewwhong/workspace/driverless/driverless_ws/src/build/actuators
[0.938s] Level 1:colcon.colcon_core.environment:checking '/home/andrewwhong/workspace/driverless/driverless_ws/src/install/actuators/bin'
[0.938s] Level 1:colcon.colcon_core.environment:checking '/home/andrewwhong/workspace/driverless/driverless_ws/src/install/actuators/lib/pkgconfig/actuators.pc'
[0.939s] Level 1:colcon.colcon_core.environment:checking '/home/andrewwhong/workspace/driverless/driverless_ws/src/install/actuators/lib/python3.8/site-packages'
[0.939s] Level 1:colcon.colcon_core.environment:checking '/home/andrewwhong/workspace/driverless/driverless_ws/src/install/actuators/bin'
[0.941s] INFO:colcon.colcon_core.shell:Creating package script '/home/andrewwhong/workspace/driverless/driverless_ws/src/install/actuators/share/actuators/package.ps1'
[0.946s] INFO:colcon.colcon_core.shell:Creating package descriptor '/home/andrewwhong/workspace/driverless/driverless_ws/src/install/actuators/share/actuators/package.dsv'
[0.952s] INFO:colcon.colcon_core.shell:Creating package script '/home/andrewwhong/workspace/driverless/driverless_ws/src/install/actuators/share/actuators/package.sh'
[0.955s] INFO:colcon.colcon_core.shell:Creating package script '/home/andrewwhong/workspace/driverless/driverless_ws/src/install/actuators/share/actuators/package.bash'
[0.958s] INFO:colcon.colcon_core.shell:Creating package script '/home/andrewwhong/workspace/driverless/driverless_ws/src/install/actuators/share/actuators/package.zsh'
[0.963s] Level 1:colcon.colcon_core.environment:create_file_with_runtime_dependencies(/home/andrewwhong/workspace/driverless/driverless_ws/src/install/actuators/share/colcon-core/packages/actuators)
[0.969s] Level 1:colcon.colcon_core.environment:create_environment_scripts_only(common)
[0.974s] Level 1:colcon.colcon_core.environment:checking '/home/andrewwhong/workspace/driverless/driverless_ws/src/install/common' for CMake module files
[0.977s] DEBUG:colcon.colcon_core.event_handler.log_command:Invoked command in '/home/andrewwhong/workspace/driverless/driverless_ws/src/build/common' returned '0': CMAKE_PREFIX_PATH=${CMAKE_PREFIX_PATH}:/opt/ros/foxy /usr/bin/cmake --install /home/andrewwhong/workspace/driverless/driverless_ws/src/build/common
[0.978s] Level 1:colcon.colcon_core.environment:checking '/home/andrewwhong/workspace/driverless/driverless_ws/src/install/common' for CMake config files
[0.979s] Level 1:colcon.colcon_core.shell:create_environment_hook('common', 'cmake_prefix_path')
[0.983s] INFO:colcon.colcon_core.shell:Creating environment hook '/home/andrewwhong/workspace/driverless/driverless_ws/src/install/common/share/common/hook/cmake_prefix_path.ps1'
[0.985s] INFO:colcon.colcon_core.shell:Creating environment descriptor '/home/andrewwhong/workspace/driverless/driverless_ws/src/install/common/share/common/hook/cmake_prefix_path.dsv'
[0.986s] INFO:colcon.colcon_core.shell:Creating environment hook '/home/andrewwhong/workspace/driverless/driverless_ws/src/install/common/share/common/hook/cmake_prefix_path.sh'
[0.987s] Level 1:colcon.colcon_core.environment:checking '/home/andrewwhong/workspace/driverless/driverless_ws/src/install/common/bin'
[0.987s] Level 1:colcon.colcon_core.environment:checking '/home/andrewwhong/workspace/driverless/driverless_ws/src/install/common/lib/pkgconfig/common.pc'
[0.988s] Level 1:colcon.colcon_core.environment:checking '/home/andrewwhong/workspace/driverless/driverless_ws/src/install/common/lib/python3.8/site-packages'
[0.988s] Level 1:colcon.colcon_core.environment:checking '/home/andrewwhong/workspace/driverless/driverless_ws/src/install/common/bin'
[0.991s] INFO:colcon.colcon_core.shell:Creating package script '/home/andrewwhong/workspace/driverless/driverless_ws/src/install/common/share/common/package.ps1'
[0.992s] INFO:colcon.colcon_core.shell:Creating package descriptor '/home/andrewwhong/workspace/driverless/driverless_ws/src/install/common/share/common/package.dsv'
[0.993s] INFO:colcon.colcon_core.shell:Creating package script '/home/andrewwhong/workspace/driverless/driverless_ws/src/install/common/share/common/package.sh'
[0.993s] INFO:colcon.colcon_core.shell:Creating package script '/home/andrewwhong/workspace/driverless/driverless_ws/src/install/common/share/common/package.bash'
[0.994s] INFO:colcon.colcon_core.shell:Creating package script '/home/andrewwhong/workspace/driverless/driverless_ws/src/install/common/share/common/package.zsh'
[0.995s] Level 1:colcon.colcon_core.environment:create_file_with_runtime_dependencies(/home/andrewwhong/workspace/driverless/driverless_ws/src/install/common/share/colcon-core/packages/common)
[0.999s] Level 1:colcon.colcon_core.environment:create_environment_scripts_only(collection)
[1.006s] Level 1:colcon.colcon_core.environment:checking '/home/andrewwhong/workspace/driverless/driverless_ws/src/install/collection' for CMake module files
[1.007s] DEBUG:colcon.colcon_core.event_handler.log_command:Invoked command in '/home/andrewwhong/workspace/driverless/driverless_ws/src/build/collection' returned '0': CMAKE_PREFIX_PATH=${CMAKE_PREFIX_PATH}:/opt/ros/foxy /usr/bin/cmake --install /home/andrewwhong/workspace/driverless/driverless_ws/src/build/collection
[1.009s] Level 1:colcon.colcon_core.environment:checking '/home/andrewwhong/workspace/driverless/driverless_ws/src/install/collection' for CMake config files
[1.010s] Level 1:colcon.colcon_core.shell:create_environment_hook('collection', 'cmake_prefix_path')
[1.014s] INFO:colcon.colcon_core.shell:Creating environment hook '/home/andrewwhong/workspace/driverless/driverless_ws/src/install/collection/share/collection/hook/cmake_prefix_path.ps1'
[1.015s] INFO:colcon.colcon_core.shell:Creating environment descriptor '/home/andrewwhong/workspace/driverless/driverless_ws/src/install/collection/share/collection/hook/cmake_prefix_path.dsv'
[1.015s] INFO:colcon.colcon_core.shell:Creating environment hook '/home/andrewwhong/workspace/driverless/driverless_ws/src/install/collection/share/collection/hook/cmake_prefix_path.sh'
[1.016s] Level 1:colcon.colcon_core.environment:checking '/home/andrewwhong/workspace/driverless/driverless_ws/src/install/collection/bin'
[1.016s] Level 1:colcon.colcon_core.environment:checking '/home/andrewwhong/workspace/driverless/driverless_ws/src/install/collection/lib/pkgconfig/collection.pc'
[1.017s] Level 1:colcon.colcon_core.environment:checking '/home/andrewwhong/workspace/driverless/driverless_ws/src/install/collection/lib/python3.8/site-packages'
[1.017s] Level 1:colcon.colcon_core.environment:checking '/home/andrewwhong/workspace/driverless/driverless_ws/src/install/collection/bin'
[1.020s] INFO:colcon.colcon_core.shell:Creating package script '/home/andrewwhong/workspace/driverless/driverless_ws/src/install/collection/share/collection/package.ps1'
[1.021s] INFO:colcon.colcon_core.shell:Creating package descriptor '/home/andrewwhong/workspace/driverless/driverless_ws/src/install/collection/share/collection/package.dsv'
[1.021s] INFO:colcon.colcon_core.shell:Creating package script '/home/andrewwhong/workspace/driverless/driverless_ws/src/install/collection/share/collection/package.sh'
[1.022s] INFO:colcon.colcon_core.shell:Creating package script '/home/andrewwhong/workspace/driverless/driverless_ws/src/install/collection/share/collection/package.bash'
[1.022s] INFO:colcon.colcon_core.shell:Creating package script '/home/andrewwhong/workspace/driverless/driverless_ws/src/install/collection/share/collection/package.zsh'
[1.023s] Level 1:colcon.colcon_core.environment:create_file_with_runtime_dependencies(/home/andrewwhong/workspace/driverless/driverless_ws/src/install/collection/share/colcon-core/packages/collection)
[1.031s] DEBUG:colcon.colcon_core.event_handler.log_command:Invoking command in '/home/andrewwhong/workspace/driverless/driverless_ws/src/build/perceptions': CMAKE_PREFIX_PATH=${CMAKE_PREFIX_PATH}:/opt/ros/foxy /usr/bin/cmake --install /home/andrewwhong/workspace/driverless/driverless_ws/src/build/perceptions
[1.033s] Level 1:colcon.colcon_core.environment:create_environment_scripts_only(controls)
[1.036s] Level 1:colcon.colcon_core.environment:checking '/home/andrewwhong/workspace/driverless/driverless_ws/src/install/controls' for CMake module files
[1.038s] Level 1:colcon.colcon_core.environment:checking '/home/andrewwhong/workspace/driverless/driverless_ws/src/install/controls' for CMake config files
[1.039s] DEBUG:colcon.colcon_core.event_handler.log_command:Invoked command in '/home/andrewwhong/workspace/driverless/driverless_ws/src/build/controls' returned '0': CMAKE_PREFIX_PATH=${CMAKE_PREFIX_PATH}:/opt/ros/foxy /usr/bin/cmake --install /home/andrewwhong/workspace/driverless/driverless_ws/src/build/controls
[1.042s] Level 1:colcon.colcon_core.shell:create_environment_hook('controls', 'cmake_prefix_path')
[1.045s] INFO:colcon.colcon_core.shell:Creating environment hook '/home/andrewwhong/workspace/driverless/driverless_ws/src/install/controls/share/controls/hook/cmake_prefix_path.ps1'
[1.046s] INFO:colcon.colcon_core.shell:Creating environment descriptor '/home/andrewwhong/workspace/driverless/driverless_ws/src/install/controls/share/controls/hook/cmake_prefix_path.dsv'
[1.047s] INFO:colcon.colcon_core.shell:Creating environment hook '/home/andrewwhong/workspace/driverless/driverless_ws/src/install/controls/share/controls/hook/cmake_prefix_path.sh'
[1.049s] Level 1:colcon.colcon_core.environment:checking '/home/andrewwhong/workspace/driverless/driverless_ws/src/install/controls/bin'
[1.049s] Level 1:colcon.colcon_core.environment:checking '/home/andrewwhong/workspace/driverless/driverless_ws/src/install/controls/lib/pkgconfig/controls.pc'
[1.049s] Level 1:colcon.colcon_core.environment:checking '/home/andrewwhong/workspace/driverless/driverless_ws/src/install/controls/lib/python3.8/site-packages'
[1.049s] Level 1:colcon.colcon_core.environment:checking '/home/andrewwhong/workspace/driverless/driverless_ws/src/install/controls/bin'
[1.051s] INFO:colcon.colcon_core.shell:Creating package script '/home/andrewwhong/workspace/driverless/driverless_ws/src/install/controls/share/controls/package.ps1'
[1.051s] INFO:colcon.colcon_core.shell:Creating package descriptor '/home/andrewwhong/workspace/driverless/driverless_ws/src/install/controls/share/controls/package.dsv'
[1.052s] INFO:colcon.colcon_core.shell:Creating package script '/home/andrewwhong/workspace/driverless/driverless_ws/src/install/controls/share/controls/package.sh'
[1.052s] INFO:colcon.colcon_core.shell:Creating package script '/home/andrewwhong/workspace/driverless/driverless_ws/src/install/controls/share/controls/package.bash'
[1.053s] INFO:colcon.colcon_core.shell:Creating package script '/home/andrewwhong/workspace/driverless/driverless_ws/src/install/controls/share/controls/package.zsh'
[1.053s] Level 1:colcon.colcon_core.environment:create_file_with_runtime_dependencies(/home/andrewwhong/workspace/driverless/driverless_ws/src/install/controls/share/colcon-core/packages/controls)
[1.055s] Level 1:colcon.colcon_core.environment:create_environment_scripts_only(interfaces)
[1.058s] Level 1:colcon.colcon_core.environment:checking '/home/andrewwhong/workspace/driverless/driverless_ws/src/install/interfaces' for CMake module files
[1.060s] DEBUG:colcon.colcon_core.event_handler.log_command:Invoked command in '/home/andrewwhong/workspace/driverless/driverless_ws/src/build/interfaces' returned '0': CMAKE_PREFIX_PATH=${CMAKE_PREFIX_PATH}:/opt/ros/foxy /usr/bin/cmake --install /home/andrewwhong/workspace/driverless/driverless_ws/src/build/interfaces
[1.061s] Level 1:colcon.colcon_core.environment:checking '/home/andrewwhong/workspace/driverless/driverless_ws/src/install/interfaces' for CMake config files
[1.061s] Level 1:colcon.colcon_core.shell:create_environment_hook('interfaces', 'cmake_prefix_path')
[1.064s] INFO:colcon.colcon_core.shell:Creating environment hook '/home/andrewwhong/workspace/driverless/driverless_ws/src/install/interfaces/share/interfaces/hook/cmake_prefix_path.ps1'
[1.067s] INFO:colcon.colcon_core.shell:Creating environment descriptor '/home/andrewwhong/workspace/driverless/driverless_ws/src/install/interfaces/share/interfaces/hook/cmake_prefix_path.dsv'
[1.069s] INFO:colcon.colcon_core.shell:Creating environment hook '/home/andrewwhong/workspace/driverless/driverless_ws/src/install/interfaces/share/interfaces/hook/cmake_prefix_path.sh'
[1.070s] Level 1:colcon.colcon_core.environment:checking '/home/andrewwhong/workspace/driverless/driverless_ws/src/install/interfaces/bin'
[1.070s] Level 1:colcon.colcon_core.environment:checking '/home/andrewwhong/workspace/driverless/driverless_ws/src/install/interfaces/lib/pkgconfig/interfaces.pc'
[1.070s] Level 1:colcon.colcon_core.environment:checking '/home/andrewwhong/workspace/driverless/driverless_ws/src/install/interfaces/lib/python3.8/site-packages'
[1.071s] Level 1:colcon.colcon_core.environment:checking '/home/andrewwhong/workspace/driverless/driverless_ws/src/install/interfaces/bin'
[1.074s] INFO:colcon.colcon_core.shell:Creating package script '/home/andrewwhong/workspace/driverless/driverless_ws/src/install/interfaces/share/interfaces/package.ps1'
[1.074s] INFO:colcon.colcon_core.shell:Creating package descriptor '/home/andrewwhong/workspace/driverless/driverless_ws/src/install/interfaces/share/interfaces/package.dsv'
[1.075s] INFO:colcon.colcon_core.shell:Creating package script '/home/andrewwhong/workspace/driverless/driverless_ws/src/install/interfaces/share/interfaces/package.sh'
[1.076s] INFO:colcon.colcon_core.shell:Creating package script '/home/andrewwhong/workspace/driverless/driverless_ws/src/install/interfaces/share/interfaces/package.bash'
[1.077s] INFO:colcon.colcon_core.shell:Creating package script '/home/andrewwhong/workspace/driverless/driverless_ws/src/install/interfaces/share/interfaces/package.zsh'
[1.077s] Level 1:colcon.colcon_core.environment:create_file_with_runtime_dependencies(/home/andrewwhong/workspace/driverless/driverless_ws/src/install/interfaces/share/colcon-core/packages/interfaces)
[1.086s] Level 1:colcon.colcon_core.environment:create_environment_scripts_only(actuators)
[1.091s] Level 1:colcon.colcon_core.environment:checking '/home/andrewwhong/workspace/driverless/driverless_ws/src/install/actuators' for CMake module files
[1.092s] Level 1:colcon.colcon_core.environment:checking '/home/andrewwhong/workspace/driverless/driverless_ws/src/install/actuators' for CMake config files
[1.092s] Level 1:colcon.colcon_core.shell:create_environment_hook('actuators', 'cmake_prefix_path')
[1.095s] INFO:colcon.colcon_core.shell:Creating environment hook '/home/andrewwhong/workspace/driverless/driverless_ws/src/install/actuators/share/actuators/hook/cmake_prefix_path.ps1'
[1.096s] INFO:colcon.colcon_core.shell:Creating environment descriptor '/home/andrewwhong/workspace/driverless/driverless_ws/src/install/actuators/share/actuators/hook/cmake_prefix_path.dsv'
[1.096s] INFO:colcon.colcon_core.shell:Creating environment hook '/home/andrewwhong/workspace/driverless/driverless_ws/src/install/actuators/share/actuators/hook/cmake_prefix_path.sh'
[1.097s] Level 1:colcon.colcon_core.environment:checking '/home/andrewwhong/workspace/driverless/driverless_ws/src/install/actuators/bin'
[1.098s] Level 1:colcon.colcon_core.environment:checking '/home/andrewwhong/workspace/driverless/driverless_ws/src/install/actuators/lib/pkgconfig/actuators.pc'
[1.099s] Level 1:colcon.colcon_core.environment:checking '/home/andrewwhong/workspace/driverless/driverless_ws/src/install/actuators/lib/python3.8/site-packages'
[1.099s] Level 1:colcon.colcon_core.environment:checking '/home/andrewwhong/workspace/driverless/driverless_ws/src/install/actuators/bin'
[1.103s] INFO:colcon.colcon_core.shell:Creating package script '/home/andrewwhong/workspace/driverless/driverless_ws/src/install/actuators/share/actuators/package.ps1'
[1.104s] INFO:colcon.colcon_core.shell:Creating package descriptor '/home/andrewwhong/workspace/driverless/driverless_ws/src/install/actuators/share/actuators/package.dsv'
[1.105s] INFO:colcon.colcon_core.shell:Creating package script '/home/andrewwhong/workspace/driverless/driverless_ws/src/install/actuators/share/actuators/package.sh'
[1.106s] INFO:colcon.colcon_core.shell:Creating package script '/home/andrewwhong/workspace/driverless/driverless_ws/src/install/actuators/share/actuators/package.bash'
[1.107s] INFO:colcon.colcon_core.shell:Creating package script '/home/andrewwhong/workspace/driverless/driverless_ws/src/install/actuators/share/actuators/package.zsh'
[1.107s] Level 1:colcon.colcon_core.environment:create_file_with_runtime_dependencies(/home/andrewwhong/workspace/driverless/driverless_ws/src/install/actuators/share/colcon-core/packages/actuators)
[1.110s] Level 1:colcon.colcon_core.environment:create_environment_scripts_only(common)
[1.113s] Level 1:colcon.colcon_core.environment:checking '/home/andrewwhong/workspace/driverless/driverless_ws/src/install/common' for CMake module files
[1.115s] Level 1:colcon.colcon_core.environment:checking '/home/andrewwhong/workspace/driverless/driverless_ws/src/install/common' for CMake config files
[1.115s] Level 1:colcon.colcon_core.shell:create_environment_hook('common', 'cmake_prefix_path')
[1.117s] INFO:colcon.colcon_core.shell:Creating environment hook '/home/andrewwhong/workspace/driverless/driverless_ws/src/install/common/share/common/hook/cmake_prefix_path.ps1'
[1.118s] INFO:colcon.colcon_core.shell:Creating environment descriptor '/home/andrewwhong/workspace/driverless/driverless_ws/src/install/common/share/common/hook/cmake_prefix_path.dsv'
[1.118s] INFO:colcon.colcon_core.shell:Creating environment hook '/home/andrewwhong/workspace/driverless/driverless_ws/src/install/common/share/common/hook/cmake_prefix_path.sh'
[1.119s] Level 1:colcon.colcon_core.environment:checking '/home/andrewwhong/workspace/driverless/driverless_ws/src/install/common/bin'
[1.119s] Level 1:colcon.colcon_core.environment:checking '/home/andrewwhong/workspace/driverless/driverless_ws/src/install/common/lib/pkgconfig/common.pc'
[1.119s] Level 1:colcon.colcon_core.environment:checking '/home/andrewwhong/workspace/driverless/driverless_ws/src/install/common/lib/python3.8/site-packages'
[1.119s] Level 1:colcon.colcon_core.environment:checking '/home/andrewwhong/workspace/driverless/driverless_ws/src/install/common/bin'
[1.121s] INFO:colcon.colcon_core.shell:Creating package script '/home/andrewwhong/workspace/driverless/driverless_ws/src/install/common/share/common/package.ps1'
[1.122s] INFO:colcon.colcon_core.shell:Creating package descriptor '/home/andrewwhong/workspace/driverless/driverless_ws/src/install/common/share/common/package.dsv'
[1.123s] INFO:colcon.colcon_core.shell:Creating package script '/home/andrewwhong/workspace/driverless/driverless_ws/src/install/common/share/common/package.sh'
[1.123s] INFO:colcon.colcon_core.shell:Creating package script '/home/andrewwhong/workspace/driverless/driverless_ws/src/install/common/share/common/package.bash'
[1.124s] INFO:colcon.colcon_core.shell:Creating package script '/home/andrewwhong/workspace/driverless/driverless_ws/src/install/common/share/common/package.zsh'
[1.124s] Level 1:colcon.colcon_core.environment:create_file_with_runtime_dependencies(/home/andrewwhong/workspace/driverless/driverless_ws/src/install/common/share/colcon-core/packages/common)
[1.126s] Level 1:colcon.colcon_core.environment:create_environment_scripts_only(perceptions)
[1.129s] Level 1:colcon.colcon_core.environment:checking '/home/andrewwhong/workspace/driverless/driverless_ws/src/install/perceptions' for CMake module files
[1.131s] Level 1:colcon.colcon_core.environment:checking '/home/andrewwhong/workspace/driverless/driverless_ws/src/install/perceptions' for CMake config files
[1.132s] DEBUG:colcon.colcon_core.event_handler.log_command:Invoked command in '/home/andrewwhong/workspace/driverless/driverless_ws/src/build/perceptions' returned '0': CMAKE_PREFIX_PATH=${CMAKE_PREFIX_PATH}:/opt/ros/foxy /usr/bin/cmake --install /home/andrewwhong/workspace/driverless/driverless_ws/src/build/perceptions
[1.132s] Level 1:colcon.colcon_core.shell:create_environment_hook('perceptions', 'cmake_prefix_path')
[1.134s] INFO:colcon.colcon_core.shell:Creating environment hook '/home/andrewwhong/workspace/driverless/driverless_ws/src/install/perceptions/share/perceptions/hook/cmake_prefix_path.ps1'
[1.135s] INFO:colcon.colcon_core.shell:Creating environment descriptor '/home/andrewwhong/workspace/driverless/driverless_ws/src/install/perceptions/share/perceptions/hook/cmake_prefix_path.dsv'
[1.135s] INFO:colcon.colcon_core.shell:Creating environment hook '/home/andrewwhong/workspace/driverless/driverless_ws/src/install/perceptions/share/perceptions/hook/cmake_prefix_path.sh'
[1.136s] Level 1:colcon.colcon_core.environment:checking '/home/andrewwhong/workspace/driverless/driverless_ws/src/install/perceptions/bin'
[1.136s] Level 1:colcon.colcon_core.environment:checking '/home/andrewwhong/workspace/driverless/driverless_ws/src/install/perceptions/lib/pkgconfig/perceptions.pc'
[1.136s] Level 1:colcon.colcon_core.environment:checking '/home/andrewwhong/workspace/driverless/driverless_ws/src/install/perceptions/lib/python3.8/site-packages'
[1.136s] Level 1:colcon.colcon_core.environment:checking '/home/andrewwhong/workspace/driverless/driverless_ws/src/install/perceptions/bin'
[1.138s] INFO:colcon.colcon_core.shell:Creating package script '/home/andrewwhong/workspace/driverless/driverless_ws/src/install/perceptions/share/perceptions/package.ps1'
[1.138s] INFO:colcon.colcon_core.shell:Creating package descriptor '/home/andrewwhong/workspace/driverless/driverless_ws/src/install/perceptions/share/perceptions/package.dsv'
[1.139s] INFO:colcon.colcon_core.shell:Creating package script '/home/andrewwhong/workspace/driverless/driverless_ws/src/install/perceptions/share/perceptions/package.sh'
[1.139s] INFO:colcon.colcon_core.shell:Creating package script '/home/andrewwhong/workspace/driverless/driverless_ws/src/install/perceptions/share/perceptions/package.bash'
[1.140s] INFO:colcon.colcon_core.shell:Creating package script '/home/andrewwhong/workspace/driverless/driverless_ws/src/install/perceptions/share/perceptions/package.zsh'
[1.140s] Level 1:colcon.colcon_core.environment:create_file_with_runtime_dependencies(/home/andrewwhong/workspace/driverless/driverless_ws/src/install/perceptions/share/colcon-core/packages/perceptions)
[1.145s] Level 1:colcon.colcon_core.environment:create_environment_scripts_only(collection)
[1.148s] Level 1:colcon.colcon_core.environment:checking '/home/andrewwhong/workspace/driverless/driverless_ws/src/install/collection' for CMake module files
[1.150s] Level 1:colcon.colcon_core.environment:checking '/home/andrewwhong/workspace/driverless/driverless_ws/src/install/collection' for CMake config files
[1.150s] Level 1:colcon.colcon_core.shell:create_environment_hook('collection', 'cmake_prefix_path')
[1.152s] INFO:colcon.colcon_core.shell:Creating environment hook '/home/andrewwhong/workspace/driverless/driverless_ws/src/install/collection/share/collection/hook/cmake_prefix_path.ps1'
[1.152s] INFO:colcon.colcon_core.shell:Creating environment descriptor '/home/andrewwhong/workspace/driverless/driverless_ws/src/install/collection/share/collection/hook/cmake_prefix_path.dsv'
[1.153s] INFO:colcon.colcon_core.shell:Creating environment hook '/home/andrewwhong/workspace/driverless/driverless_ws/src/install/collection/share/collection/hook/cmake_prefix_path.sh'
[1.153s] Level 1:colcon.colcon_core.environment:checking '/home/andrewwhong/workspace/driverless/driverless_ws/src/install/collection/bin'
[1.154s] Level 1:colcon.colcon_core.environment:checking '/home/andrewwhong/workspace/driverless/driverless_ws/src/install/collection/lib/pkgconfig/collection.pc'
[1.154s] Level 1:colcon.colcon_core.environment:checking '/home/andrewwhong/workspace/driverless/driverless_ws/src/install/collection/lib/python3.8/site-packages'
[1.154s] Level 1:colcon.colcon_core.environment:checking '/home/andrewwhong/workspace/driverless/driverless_ws/src/install/collection/bin'
[1.156s] INFO:colcon.colcon_core.shell:Creating package script '/home/andrewwhong/workspace/driverless/driverless_ws/src/install/collection/share/collection/package.ps1'
[1.157s] INFO:colcon.colcon_core.shell:Creating package descriptor '/home/andrewwhong/workspace/driverless/driverless_ws/src/install/collection/share/collection/package.dsv'
[1.157s] INFO:colcon.colcon_core.shell:Creating package script '/home/andrewwhong/workspace/driverless/driverless_ws/src/install/collection/share/collection/package.sh'
[1.158s] INFO:colcon.colcon_core.shell:Creating package script '/home/andrewwhong/workspace/driverless/driverless_ws/src/install/collection/share/collection/package.bash'
[1.158s] INFO:colcon.colcon_core.shell:Creating package script '/home/andrewwhong/workspace/driverless/driverless_ws/src/install/collection/share/collection/package.zsh'
[1.159s] Level 1:colcon.colcon_core.environment:create_file_with_runtime_dependencies(/home/andrewwhong/workspace/driverless/driverless_ws/src/install/collection/share/colcon-core/packages/collection)
[1.161s] Level 1:colcon.colcon_core.environment:create_environment_scripts_only(controls)
[1.164s] Level 1:colcon.colcon_core.environment:checking '/home/andrewwhong/workspace/driverless/driverless_ws/src/install/controls' for CMake module files
[1.166s] Level 1:colcon.colcon_core.environment:checking '/home/andrewwhong/workspace/driverless/driverless_ws/src/install/controls' for CMake config files
[1.167s] Level 1:colcon.colcon_core.shell:create_environment_hook('controls', 'cmake_prefix_path')
[1.169s] INFO:colcon.colcon_core.shell:Creating environment hook '/home/andrewwhong/workspace/driverless/driverless_ws/src/install/controls/share/controls/hook/cmake_prefix_path.ps1'
[1.169s] INFO:colcon.colcon_core.shell:Creating environment descriptor '/home/andrewwhong/workspace/driverless/driverless_ws/src/install/controls/share/controls/hook/cmake_prefix_path.dsv'
[1.170s] INFO:colcon.colcon_core.shell:Creating environment hook '/home/andrewwhong/workspace/driverless/driverless_ws/src/install/controls/share/controls/hook/cmake_prefix_path.sh'
[1.170s] Level 1:colcon.colcon_core.environment:checking '/home/andrewwhong/workspace/driverless/driverless_ws/src/install/controls/bin'
[1.170s] Level 1:colcon.colcon_core.environment:checking '/home/andrewwhong/workspace/driverless/driverless_ws/src/install/controls/lib/pkgconfig/controls.pc'
[1.171s] Level 1:colcon.colcon_core.environment:checking '/home/andrewwhong/workspace/driverless/driverless_ws/src/install/controls/lib/python3.8/site-packages'
[1.171s] Level 1:colcon.colcon_core.environment:checking '/home/andrewwhong/workspace/driverless/driverless_ws/src/install/controls/bin'
[1.173s] INFO:colcon.colcon_core.shell:Creating package script '/home/andrewwhong/workspace/driverless/driverless_ws/src/install/controls/share/controls/package.ps1'
[1.174s] INFO:colcon.colcon_core.shell:Creating package descriptor '/home/andrewwhong/workspace/driverless/driverless_ws/src/install/controls/share/controls/package.dsv'
[1.175s] INFO:colcon.colcon_core.shell:Creating package script '/home/andrewwhong/workspace/driverless/driverless_ws/src/install/controls/share/controls/package.sh'
[1.175s] INFO:colcon.colcon_core.shell:Creating package script '/home/andrewwhong/workspace/driverless/driverless_ws/src/install/controls/share/controls/package.bash'
[1.176s] INFO:colcon.colcon_core.shell:Creating package script '/home/andrewwhong/workspace/driverless/driverless_ws/src/install/controls/share/controls/package.zsh'
[1.176s] Level 1:colcon.colcon_core.environment:create_file_with_runtime_dependencies(/home/andrewwhong/workspace/driverless/driverless_ws/src/install/controls/share/colcon-core/packages/controls)
[1.180s] Level 1:colcon.colcon_core.environment:create_environment_scripts_only(interfaces)
[1.183s] Level 1:colcon.colcon_core.environment:checking '/home/andrewwhong/workspace/driverless/driverless_ws/src/install/interfaces' for CMake module files
[1.185s] Level 1:colcon.colcon_core.environment:checking '/home/andrewwhong/workspace/driverless/driverless_ws/src/install/interfaces' for CMake config files
[1.186s] Level 1:colcon.colcon_core.shell:create_environment_hook('interfaces', 'cmake_prefix_path')
[1.189s] INFO:colcon.colcon_core.shell:Creating environment hook '/home/andrewwhong/workspace/driverless/driverless_ws/src/install/interfaces/share/interfaces/hook/cmake_prefix_path.ps1'
[1.190s] INFO:colcon.colcon_core.shell:Creating environment descriptor '/home/andrewwhong/workspace/driverless/driverless_ws/src/install/interfaces/share/interfaces/hook/cmake_prefix_path.dsv'
[1.190s] INFO:colcon.colcon_core.shell:Creating environment hook '/home/andrewwhong/workspace/driverless/driverless_ws/src/install/interfaces/share/interfaces/hook/cmake_prefix_path.sh'
[1.191s] Level 1:colcon.colcon_core.environment:checking '/home/andrewwhong/workspace/driverless/driverless_ws/src/install/interfaces/bin'
[1.191s] Level 1:colcon.colcon_core.environment:checking '/home/andrewwhong/workspace/driverless/driverless_ws/src/install/interfaces/lib/pkgconfig/interfaces.pc'
[1.191s] Level 1:colcon.colcon_core.environment:checking '/home/andrewwhong/workspace/driverless/driverless_ws/src/install/interfaces/lib/python3.8/site-packages'
[1.191s] Level 1:colcon.colcon_core.environment:checking '/home/andrewwhong/workspace/driverless/driverless_ws/src/install/interfaces/bin'
[1.193s] INFO:colcon.colcon_core.shell:Creating package script '/home/andrewwhong/workspace/driverless/driverless_ws/src/install/interfaces/share/interfaces/package.ps1'
[1.194s] INFO:colcon.colcon_core.shell:Creating package descriptor '/home/andrewwhong/workspace/driverless/driverless_ws/src/install/interfaces/share/interfaces/package.dsv'
[1.194s] INFO:colcon.colcon_core.shell:Creating package script '/home/andrewwhong/workspace/driverless/driverless_ws/src/install/interfaces/share/interfaces/package.sh'
[1.195s] INFO:colcon.colcon_core.shell:Creating package script '/home/andrewwhong/workspace/driverless/driverless_ws/src/install/interfaces/share/interfaces/package.bash'
[1.196s] INFO:colcon.colcon_core.shell:Creating package script '/home/andrewwhong/workspace/driverless/driverless_ws/src/install/interfaces/share/interfaces/package.zsh'
[1.196s] Level 1:colcon.colcon_core.environment:create_file_with_runtime_dependencies(/home/andrewwhong/workspace/driverless/driverless_ws/src/install/interfaces/share/colcon-core/packages/interfaces)
[1.200s] Level 1:colcon.colcon_core.environment:create_environment_scripts_only(perceptions)
[1.203s] Level 1:colcon.colcon_core.environment:checking '/home/andrewwhong/workspace/driverless/driverless_ws/src/install/perceptions' for CMake module files
[1.204s] Level 1:colcon.colcon_core.environment:checking '/home/andrewwhong/workspace/driverless/driverless_ws/src/install/perceptions' for CMake config files
[1.205s] Level 1:colcon.colcon_core.shell:create_environment_hook('perceptions', 'cmake_prefix_path')
[1.207s] INFO:colcon.colcon_core.shell:Creating environment hook '/home/andrewwhong/workspace/driverless/driverless_ws/src/install/perceptions/share/perceptions/hook/cmake_prefix_path.ps1'
[1.208s] INFO:colcon.colcon_core.shell:Creating environment descriptor '/home/andrewwhong/workspace/driverless/driverless_ws/src/install/perceptions/share/perceptions/hook/cmake_prefix_path.dsv'
[1.208s] INFO:colcon.colcon_core.shell:Creating environment hook '/home/andrewwhong/workspace/driverless/driverless_ws/src/install/perceptions/share/perceptions/hook/cmake_prefix_path.sh'
[1.209s] Level 1:colcon.colcon_core.environment:checking '/home/andrewwhong/workspace/driverless/driverless_ws/src/install/perceptions/bin'
[1.209s] Level 1:colcon.colcon_core.environment:checking '/home/andrewwhong/workspace/driverless/driverless_ws/src/install/perceptions/lib/pkgconfig/perceptions.pc'
[1.209s] Level 1:colcon.colcon_core.environment:checking '/home/andrewwhong/workspace/driverless/driverless_ws/src/install/perceptions/lib/python3.8/site-packages'
[1.209s] Level 1:colcon.colcon_core.environment:checking '/home/andrewwhong/workspace/driverless/driverless_ws/src/install/perceptions/bin'
[1.211s] INFO:colcon.colcon_core.shell:Creating package script '/home/andrewwhong/workspace/driverless/driverless_ws/src/install/perceptions/share/perceptions/package.ps1'
[1.212s] INFO:colcon.colcon_core.shell:Creating package descriptor '/home/andrewwhong/workspace/driverless/driverless_ws/src/install/perceptions/share/perceptions/package.dsv'
[1.213s] INFO:colcon.colcon_core.shell:Creating package script '/home/andrewwhong/workspace/driverless/driverless_ws/src/install/perceptions/share/perceptions/package.sh'
[1.213s] INFO:colcon.colcon_core.shell:Creating package script '/home/andrewwhong/workspace/driverless/driverless_ws/src/install/perceptions/share/perceptions/package.bash'
[1.214s] INFO:colcon.colcon_core.shell:Creating package script '/home/andrewwhong/workspace/driverless/driverless_ws/src/install/perceptions/share/perceptions/package.zsh'
[1.215s] Level 1:colcon.colcon_core.environment:create_file_with_runtime_dependencies(/home/andrewwhong/workspace/driverless/driverless_ws/src/install/perceptions/share/colcon-core/packages/perceptions)
[1.221s] DEBUG:colcon.colcon_core.event_handler.log_command:Invoked command in '/home/andrewwhong/workspace/driverless/driverless_ws/src/build/eufs_msgs' returned '0': CMAKE_PREFIX_PATH=${CMAKE_PREFIX_PATH}:/opt/ros/foxy /usr/bin/cmake --build /home/andrewwhong/workspace/driverless/driverless_ws/src/build/eufs_msgs -- -j12 -l12
[1.718s] DEBUG:colcon.colcon_core.event_handler.log_command:Invoking command in '/home/andrewwhong/workspace/driverless/driverless_ws/src/build/eufs_msgs': CMAKE_PREFIX_PATH=${CMAKE_PREFIX_PATH}:/opt/ros/foxy /usr/bin/cmake --install /home/andrewwhong/workspace/driverless/driverless_ws/src/build/eufs_msgs
[1.824s] Level 1:colcon.colcon_core.environment:create_environment_scripts_only(eufs_msgs)
[1.827s] Level 1:colcon.colcon_core.environment:checking '/home/andrewwhong/workspace/driverless/driverless_ws/src/install/eufs_msgs' for CMake module files
[1.829s] Level 1:colcon.colcon_core.environment:checking '/home/andrewwhong/workspace/driverless/driverless_ws/src/install/eufs_msgs' for CMake config files
[1.846s] Level 1:colcon.colcon_core.shell:create_environment_hook('eufs_msgs', 'cmake_prefix_path')
[1.847s] INFO:colcon.colcon_core.shell:Creating environment hook '/home/andrewwhong/workspace/driverless/driverless_ws/src/install/eufs_msgs/share/eufs_msgs/hook/cmake_prefix_path.ps1'
[1.849s] INFO:colcon.colcon_core.shell:Creating environment descriptor '/home/andrewwhong/workspace/driverless/driverless_ws/src/install/eufs_msgs/share/eufs_msgs/hook/cmake_prefix_path.dsv'
[1.850s] INFO:colcon.colcon_core.shell:Creating environment hook '/home/andrewwhong/workspace/driverless/driverless_ws/src/install/eufs_msgs/share/eufs_msgs/hook/cmake_prefix_path.sh'
[1.851s] Level 1:colcon.colcon_core.environment:checking '/home/andrewwhong/workspace/driverless/driverless_ws/src/install/eufs_msgs/lib'
[1.852s] Level 1:colcon.colcon_core.shell:create_environment_hook('eufs_msgs', 'ld_library_path_lib')
[1.853s] INFO:colcon.colcon_core.shell:Creating environment hook '/home/andrewwhong/workspace/driverless/driverless_ws/src/install/eufs_msgs/share/eufs_msgs/hook/ld_library_path_lib.ps1'
[1.855s] INFO:colcon.colcon_core.shell:Creating environment descriptor '/home/andrewwhong/workspace/driverless/driverless_ws/src/install/eufs_msgs/share/eufs_msgs/hook/ld_library_path_lib.dsv'
[1.856s] INFO:colcon.colcon_core.shell:Creating environment hook '/home/andrewwhong/workspace/driverless/driverless_ws/src/install/eufs_msgs/share/eufs_msgs/hook/ld_library_path_lib.sh'
[1.857s] Level 1:colcon.colcon_core.environment:checking '/home/andrewwhong/workspace/driverless/driverless_ws/src/install/eufs_msgs/bin'
[1.857s] Level 1:colcon.colcon_core.environment:checking '/home/andrewwhong/workspace/driverless/driverless_ws/src/install/eufs_msgs/lib/pkgconfig/eufs_msgs.pc'
[1.857s] Level 1:colcon.colcon_core.environment:checking '/home/andrewwhong/workspace/driverless/driverless_ws/src/install/eufs_msgs/lib/python3.8/site-packages'
[1.858s] Level 1:colcon.colcon_core.shell:create_environment_hook('eufs_msgs', 'pythonpath')
[1.859s] INFO:colcon.colcon_core.shell:Creating environment hook '/home/andrewwhong/workspace/driverless/driverless_ws/src/install/eufs_msgs/share/eufs_msgs/hook/pythonpath.ps1'
[1.861s] INFO:colcon.colcon_core.shell:Creating environment descriptor '/home/andrewwhong/workspace/driverless/driverless_ws/src/install/eufs_msgs/share/eufs_msgs/hook/pythonpath.dsv'
[1.862s] INFO:colcon.colcon_core.shell:Creating environment hook '/home/andrewwhong/workspace/driverless/driverless_ws/src/install/eufs_msgs/share/eufs_msgs/hook/pythonpath.sh'
[1.864s] Level 1:colcon.colcon_core.environment:checking '/home/andrewwhong/workspace/driverless/driverless_ws/src/install/eufs_msgs/bin'
[1.865s] INFO:colcon.colcon_core.shell:Creating package script '/home/andrewwhong/workspace/driverless/driverless_ws/src/install/eufs_msgs/share/eufs_msgs/package.ps1'
[1.867s] INFO:colcon.colcon_core.shell:Creating package descriptor '/home/andrewwhong/workspace/driverless/driverless_ws/src/install/eufs_msgs/share/eufs_msgs/package.dsv'
[1.868s] INFO:colcon.colcon_core.shell:Creating package script '/home/andrewwhong/workspace/driverless/driverless_ws/src/install/eufs_msgs/share/eufs_msgs/package.sh'
[1.869s] INFO:colcon.colcon_core.shell:Creating package script '/home/andrewwhong/workspace/driverless/driverless_ws/src/install/eufs_msgs/share/eufs_msgs/package.bash'
[1.870s] INFO:colcon.colcon_core.shell:Creating package script '/home/andrewwhong/workspace/driverless/driverless_ws/src/install/eufs_msgs/share/eufs_msgs/package.zsh'
[1.872s] Level 1:colcon.colcon_core.environment:create_file_with_runtime_dependencies(/home/andrewwhong/workspace/driverless/driverless_ws/src/install/eufs_msgs/share/colcon-core/packages/eufs_msgs)
[1.891s] DEBUG:colcon.colcon_core.event_handler.log_command:Invoked command in '/home/andrewwhong/workspace/driverless/driverless_ws/src/build/eufs_msgs' returned '0': CMAKE_PREFIX_PATH=${CMAKE_PREFIX_PATH}:/opt/ros/foxy /usr/bin/cmake --install /home/andrewwhong/workspace/driverless/driverless_ws/src/build/eufs_msgs
[2.399s] Level 1:colcon.colcon_core.environment:create_environment_scripts_only(eufs_msgs)
[2.401s] Level 1:colcon.colcon_core.environment:checking '/home/andrewwhong/workspace/driverless/driverless_ws/src/install/eufs_msgs' for CMake module files
[2.401s] Level 1:colcon.colcon_core.environment:checking '/home/andrewwhong/workspace/driverless/driverless_ws/src/install/eufs_msgs' for CMake config files
[2.403s] Level 1:colcon.colcon_core.shell:create_environment_hook('eufs_msgs', 'cmake_prefix_path')
[2.404s] INFO:colcon.colcon_core.shell:Creating environment hook '/home/andrewwhong/workspace/driverless/driverless_ws/src/install/eufs_msgs/share/eufs_msgs/hook/cmake_prefix_path.ps1'
[2.404s] INFO:colcon.colcon_core.shell:Creating environment descriptor '/home/andrewwhong/workspace/driverless/driverless_ws/src/install/eufs_msgs/share/eufs_msgs/hook/cmake_prefix_path.dsv'
[2.405s] INFO:colcon.colcon_core.shell:Creating environment hook '/home/andrewwhong/workspace/driverless/driverless_ws/src/install/eufs_msgs/share/eufs_msgs/hook/cmake_prefix_path.sh'
[2.405s] Level 1:colcon.colcon_core.environment:checking '/home/andrewwhong/workspace/driverless/driverless_ws/src/install/eufs_msgs/lib'
[2.405s] Level 1:colcon.colcon_core.shell:create_environment_hook('eufs_msgs', 'ld_library_path_lib')
[2.406s] INFO:colcon.colcon_core.shell:Creating environment hook '/home/andrewwhong/workspace/driverless/driverless_ws/src/install/eufs_msgs/share/eufs_msgs/hook/ld_library_path_lib.ps1'
[2.407s] INFO:colcon.colcon_core.shell:Creating environment descriptor '/home/andrewwhong/workspace/driverless/driverless_ws/src/install/eufs_msgs/share/eufs_msgs/hook/ld_library_path_lib.dsv'
[2.407s] INFO:colcon.colcon_core.shell:Creating environment hook '/home/andrewwhong/workspace/driverless/driverless_ws/src/install/eufs_msgs/share/eufs_msgs/hook/ld_library_path_lib.sh'
[2.407s] Level 1:colcon.colcon_core.environment:checking '/home/andrewwhong/workspace/driverless/driverless_ws/src/install/eufs_msgs/bin'
[2.407s] Level 1:colcon.colcon_core.environment:checking '/home/andrewwhong/workspace/driverless/driverless_ws/src/install/eufs_msgs/lib/pkgconfig/eufs_msgs.pc'
[2.408s] Level 1:colcon.colcon_core.environment:checking '/home/andrewwhong/workspace/driverless/driverless_ws/src/install/eufs_msgs/lib/python3.8/site-packages'
[2.408s] Level 1:colcon.colcon_core.shell:create_environment_hook('eufs_msgs', 'pythonpath')
[2.409s] INFO:colcon.colcon_core.shell:Creating environment hook '/home/andrewwhong/workspace/driverless/driverless_ws/src/install/eufs_msgs/share/eufs_msgs/hook/pythonpath.ps1'
[2.410s] INFO:colcon.colcon_core.shell:Creating environment descriptor '/home/andrewwhong/workspace/driverless/driverless_ws/src/install/eufs_msgs/share/eufs_msgs/hook/pythonpath.dsv'
[2.411s] INFO:colcon.colcon_core.shell:Creating environment hook '/home/andrewwhong/workspace/driverless/driverless_ws/src/install/eufs_msgs/share/eufs_msgs/hook/pythonpath.sh'
[2.411s] Level 1:colcon.colcon_core.environment:checking '/home/andrewwhong/workspace/driverless/driverless_ws/src/install/eufs_msgs/bin'
[2.413s] INFO:colcon.colcon_core.shell:Creating package script '/home/andrewwhong/workspace/driverless/driverless_ws/src/install/eufs_msgs/share/eufs_msgs/package.ps1'
[2.414s] INFO:colcon.colcon_core.shell:Creating package descriptor '/home/andrewwhong/workspace/driverless/driverless_ws/src/install/eufs_msgs/share/eufs_msgs/package.dsv'
[2.414s] INFO:colcon.colcon_core.shell:Creating package script '/home/andrewwhong/workspace/driverless/driverless_ws/src/install/eufs_msgs/share/eufs_msgs/package.sh'
[2.415s] INFO:colcon.colcon_core.shell:Creating package script '/home/andrewwhong/workspace/driverless/driverless_ws/src/install/eufs_msgs/share/eufs_msgs/package.bash'
[2.415s] INFO:colcon.colcon_core.shell:Creating package script '/home/andrewwhong/workspace/driverless/driverless_ws/src/install/eufs_msgs/share/eufs_msgs/package.zsh'
[2.415s] Level 1:colcon.colcon_core.environment:create_file_with_runtime_dependencies(/home/andrewwhong/workspace/driverless/driverless_ws/src/install/eufs_msgs/share/colcon-core/packages/eufs_msgs)
[2.416s] INFO:colcon.colcon_ros.task.ament_cmake.build:Building ROS package in '/home/andrewwhong/workspace/driverless/driverless_ws/src/planning' with build type 'ament_cmake'
[2.416s] INFO:colcon.colcon_cmake.task.cmake.build:Building CMake package in '/home/andrewwhong/workspace/driverless/driverless_ws/src/planning'
[2.418s] INFO:colcon.colcon_core.shell:Skip shell extension 'powershell' for command environment: Not usable outside of PowerShell
[2.418s] DEBUG:colcon.colcon_core.shell:Skip shell extension 'dsv' for command environment
[2.591s] DEBUG:colcon.colcon_core.event_handler.log_command:Invoking command in '/home/andrewwhong/workspace/driverless/driverless_ws/src/build/planning': AMENT_PREFIX_PATH=/home/andrewwhong/workspace/driverless/driverless_ws/src/install/eufs_msgs:${AMENT_PREFIX_PATH} CMAKE_PREFIX_PATH=/home/andrewwhong/workspace/driverless/driverless_ws/src/install/eufs_msgs:/home/andrewwhong/workspace/driverless/driverless_ws/install/perceptions:/home/andrewwhong/workspace/driverless/driverless_ws/install/interfaces:/home/andrewwhong/workspace/driverless/driverless_ws/install/eufs_msgs:/home/andrewwhong/workspace/driverless/driverless_ws/install/controls:/home/andrewwhong/workspace/driverless/driverless_ws/install/common:/home/andrewwhong/workspace/driverless/driverless_ws/install/collection:/home/andrewwhong/workspace/driverless/driverless_ws/install/actuators:/opt/ros/foxy LD_LIBRARY_PATH=/home/andrewwhong/workspace/driverless/driverless_ws/src/install/eufs_msgs/lib:${LD_LIBRARY_PATH} PYTHONPATH=/home/andrewwhong/workspace/driverless/driverless_ws/src/install/eufs_msgs/lib/python3.8/site-packages:${PYTHONPATH} /usr/bin/cmake --build /home/andrewwhong/workspace/driverless/driverless_ws/src/build/planning -- -j12 -l12
[10.055s] DEBUG:colcon.colcon_core.event_handler.log_command:Invoked command in '/home/andrewwhong/workspace/driverless/driverless_ws/src/build/planning' returned '0': AMENT_PREFIX_PATH=/home/andrewwhong/workspace/driverless/driverless_ws/src/install/eufs_msgs:${AMENT_PREFIX_PATH} CMAKE_PREFIX_PATH=/home/andrewwhong/workspace/driverless/driverless_ws/src/install/eufs_msgs:/home/andrewwhong/workspace/driverless/driverless_ws/install/perceptions:/home/andrewwhong/workspace/driverless/driverless_ws/install/interfaces:/home/andrewwhong/workspace/driverless/driverless_ws/install/eufs_msgs:/home/andrewwhong/workspace/driverless/driverless_ws/install/controls:/home/andrewwhong/workspace/driverless/driverless_ws/install/common:/home/andrewwhong/workspace/driverless/driverless_ws/install/collection:/home/andrewwhong/workspace/driverless/driverless_ws/install/actuators:/opt/ros/foxy LD_LIBRARY_PATH=/home/andrewwhong/workspace/driverless/driverless_ws/src/install/eufs_msgs/lib:${LD_LIBRARY_PATH} PYTHONPATH=/home/andrewwhong/workspace/driverless/driverless_ws/src/install/eufs_msgs/lib/python3.8/site-packages:${PYTHONPATH} /usr/bin/cmake --build /home/andrewwhong/workspace/driverless/driverless_ws/src/build/planning -- -j12 -l12
[10.078s] DEBUG:colcon.colcon_core.event_handler.log_command:Invoking command in '/home/andrewwhong/workspace/driverless/driverless_ws/src/build/planning': AMENT_PREFIX_PATH=/home/andrewwhong/workspace/driverless/driverless_ws/src/install/eufs_msgs:${AMENT_PREFIX_PATH} CMAKE_PREFIX_PATH=/home/andrewwhong/workspace/driverless/driverless_ws/src/install/eufs_msgs:/home/andrewwhong/workspace/driverless/driverless_ws/install/perceptions:/home/andrewwhong/workspace/driverless/driverless_ws/install/interfaces:/home/andrewwhong/workspace/driverless/driverless_ws/install/eufs_msgs:/home/andrewwhong/workspace/driverless/driverless_ws/install/controls:/home/andrewwhong/workspace/driverless/driverless_ws/install/common:/home/andrewwhong/workspace/driverless/driverless_ws/install/collection:/home/andrewwhong/workspace/driverless/driverless_ws/install/actuators:/opt/ros/foxy LD_LIBRARY_PATH=/home/andrewwhong/workspace/driverless/driverless_ws/src/install/eufs_msgs/lib:${LD_LIBRARY_PATH} PYTHONPATH=/home/andrewwhong/workspace/driverless/driverless_ws/src/install/eufs_msgs/lib/python3.8/site-packages:${PYTHONPATH} /usr/bin/cmake --install /home/andrewwhong/workspace/driverless/driverless_ws/src/build/planning
[10.091s] Level 1:colcon.colcon_core.environment:create_environment_scripts_only(planning)
[10.094s] Level 1:colcon.colcon_core.environment:checking '/home/andrewwhong/workspace/driverless/driverless_ws/src/install/planning' for CMake module files
[10.095s] Level 1:colcon.colcon_core.environment:checking '/home/andrewwhong/workspace/driverless/driverless_ws/src/install/planning' for CMake config files
[10.095s] DEBUG:colcon.colcon_core.event_handler.log_command:Invoked command in '/home/andrewwhong/workspace/driverless/driverless_ws/src/build/planning' returned '0': AMENT_PREFIX_PATH=/home/andrewwhong/workspace/driverless/driverless_ws/src/install/eufs_msgs:${AMENT_PREFIX_PATH} CMAKE_PREFIX_PATH=/home/andrewwhong/workspace/driverless/driverless_ws/src/install/eufs_msgs:/home/andrewwhong/workspace/driverless/driverless_ws/install/perceptions:/home/andrewwhong/workspace/driverless/driverless_ws/install/interfaces:/home/andrewwhong/workspace/driverless/driverless_ws/install/eufs_msgs:/home/andrewwhong/workspace/driverless/driverless_ws/install/controls:/home/andrewwhong/workspace/driverless/driverless_ws/install/common:/home/andrewwhong/workspace/driverless/driverless_ws/install/collection:/home/andrewwhong/workspace/driverless/driverless_ws/install/actuators:/opt/ros/foxy LD_LIBRARY_PATH=/home/andrewwhong/workspace/driverless/driverless_ws/src/install/eufs_msgs/lib:${LD_LIBRARY_PATH} PYTHONPATH=/home/andrewwhong/workspace/driverless/driverless_ws/src/install/eufs_msgs/lib/python3.8/site-packages:${PYTHONPATH} /usr/bin/cmake --install /home/andrewwhong/workspace/driverless/driverless_ws/src/build/planning
[10.095s] Level 1:colcon.colcon_core.shell:create_environment_hook('planning', 'cmake_prefix_path')
[10.097s] INFO:colcon.colcon_core.shell:Creating environment hook '/home/andrewwhong/workspace/driverless/driverless_ws/src/install/planning/share/planning/hook/cmake_prefix_path.ps1'
[10.098s] INFO:colcon.colcon_core.shell:Creating environment descriptor '/home/andrewwhong/workspace/driverless/driverless_ws/src/install/planning/share/planning/hook/cmake_prefix_path.dsv'
[10.098s] INFO:colcon.colcon_core.shell:Creating environment hook '/home/andrewwhong/workspace/driverless/driverless_ws/src/install/planning/share/planning/hook/cmake_prefix_path.sh'
[10.099s] Level 1:colcon.colcon_core.environment:checking '/home/andrewwhong/workspace/driverless/driverless_ws/src/install/planning/lib'
[10.099s] Level 1:colcon.colcon_core.environment:checking '/home/andrewwhong/workspace/driverless/driverless_ws/src/install/planning/bin'
[10.099s] Level 1:colcon.colcon_core.environment:checking '/home/andrewwhong/workspace/driverless/driverless_ws/src/install/planning/lib/pkgconfig/planning.pc'
[10.099s] Level 1:colcon.colcon_core.environment:checking '/home/andrewwhong/workspace/driverless/driverless_ws/src/install/planning/lib/python3.8/site-packages'
[10.099s] Level 1:colcon.colcon_core.environment:checking '/home/andrewwhong/workspace/driverless/driverless_ws/src/install/planning/bin'
[10.101s] INFO:colcon.colcon_core.shell:Creating package script '/home/andrewwhong/workspace/driverless/driverless_ws/src/install/planning/share/planning/package.ps1'
[10.101s] INFO:colcon.colcon_core.shell:Creating package descriptor '/home/andrewwhong/workspace/driverless/driverless_ws/src/install/planning/share/planning/package.dsv'
[10.102s] INFO:colcon.colcon_core.shell:Creating package script '/home/andrewwhong/workspace/driverless/driverless_ws/src/install/planning/share/planning/package.sh'
[10.102s] INFO:colcon.colcon_core.shell:Creating package script '/home/andrewwhong/workspace/driverless/driverless_ws/src/install/planning/share/planning/package.bash'
[10.103s] INFO:colcon.colcon_core.shell:Creating package script '/home/andrewwhong/workspace/driverless/driverless_ws/src/install/planning/share/planning/package.zsh'
[10.103s] Level 1:colcon.colcon_core.environment:create_file_with_runtime_dependencies(/home/andrewwhong/workspace/driverless/driverless_ws/src/install/planning/share/colcon-core/packages/planning)
[10.127s] Level 1:colcon.colcon_core.environment:create_environment_scripts_only(planning)
[10.129s] Level 1:colcon.colcon_core.environment:checking '/home/andrewwhong/workspace/driverless/driverless_ws/src/install/planning' for CMake module files
[10.130s] Level 1:colcon.colcon_core.environment:checking '/home/andrewwhong/workspace/driverless/driverless_ws/src/install/planning' for CMake config files
[10.130s] Level 1:colcon.colcon_core.shell:create_environment_hook('planning', 'cmake_prefix_path')
[10.132s] INFO:colcon.colcon_core.shell:Creating environment hook '/home/andrewwhong/workspace/driverless/driverless_ws/src/install/planning/share/planning/hook/cmake_prefix_path.ps1'
[10.132s] INFO:colcon.colcon_core.shell:Creating environment descriptor '/home/andrewwhong/workspace/driverless/driverless_ws/src/install/planning/share/planning/hook/cmake_prefix_path.dsv'
[10.133s] INFO:colcon.colcon_core.shell:Creating environment hook '/home/andrewwhong/workspace/driverless/driverless_ws/src/install/planning/share/planning/hook/cmake_prefix_path.sh'
[10.133s] Level 1:colcon.colcon_core.environment:checking '/home/andrewwhong/workspace/driverless/driverless_ws/src/install/planning/lib'
[10.133s] Level 1:colcon.colcon_core.environment:checking '/home/andrewwhong/workspace/driverless/driverless_ws/src/install/planning/bin'
[10.133s] Level 1:colcon.colcon_core.environment:checking '/home/andrewwhong/workspace/driverless/driverless_ws/src/install/planning/lib/pkgconfig/planning.pc'
[10.133s] Level 1:colcon.colcon_core.environment:checking '/home/andrewwhong/workspace/driverless/driverless_ws/src/install/planning/lib/python3.8/site-packages'
[10.134s] Level 1:colcon.colcon_core.environment:checking '/home/andrewwhong/workspace/driverless/driverless_ws/src/install/planning/bin'
[10.135s] INFO:colcon.colcon_core.shell:Creating package script '/home/andrewwhong/workspace/driverless/driverless_ws/src/install/planning/share/planning/package.ps1'
[10.136s] INFO:colcon.colcon_core.shell:Creating package descriptor '/home/andrewwhong/workspace/driverless/driverless_ws/src/install/planning/share/planning/package.dsv'
[10.136s] INFO:colcon.colcon_core.shell:Creating package script '/home/andrewwhong/workspace/driverless/driverless_ws/src/install/planning/share/planning/package.sh'
[10.136s] INFO:colcon.colcon_core.shell:Creating package script '/home/andrewwhong/workspace/driverless/driverless_ws/src/install/planning/share/planning/package.bash'
[10.137s] INFO:colcon.colcon_core.shell:Creating package script '/home/andrewwhong/workspace/driverless/driverless_ws/src/install/planning/share/planning/package.zsh'
[10.137s] Level 1:colcon.colcon_core.environment:create_file_with_runtime_dependencies(/home/andrewwhong/workspace/driverless/driverless_ws/src/install/planning/share/colcon-core/packages/planning)
[10.137s] DEBUG:colcon.colcon_parallel_executor.executor.parallel:closing loop
[10.138s] DEBUG:colcon.colcon_parallel_executor.executor.parallel:loop closed
[10.138s] DEBUG:colcon.colcon_parallel_executor.executor.parallel:run_until_complete finished with '0'
[10.138s] DEBUG:colcon.colcon_core.event_reactor:joining thread
[10.215s] INFO:colcon.colcon_core.plugin_system:Skipping extension 'colcon_notification.desktop_notification.notify_send': Could not find 'notify-send'
[10.215s] INFO:colcon.colcon_core.plugin_system:Skipping extension 'colcon_notification.desktop_notification.terminal_notifier': Not used on non-Darwin systems
[10.215s] INFO:colcon.colcon_core.plugin_system:Skipping extension 'colcon_notification.desktop_notification.win32': Not used on non-Windows systems
[10.215s] INFO:colcon.colcon_notification.desktop_notification:Sending desktop notification using 'notify2'
[33.305s] DEBUG:colcon.colcon_notification.desktop_notification.notify2:Failed to initialize notify2: org.freedesktop.DBus.Error.Spawn.ExecFailed: /usr/bin/dbus-launch terminated abnormally without any error message
