[3.545s] Invoking command in '/driverless/cmrdv_ws/src/cmrdv_planning': AMENT_PREFIX_PATH=/driverless/install/cmrdv_common:/driverless/install/cmrdv_interfaces:/driverless/install/eufs_msgs:${AMENT_PREFIX_PATH} CMAKE_PREFIX_PATH=/driverless/install/cmrdv_interfaces:/driverless/install/eufs_msgs:${CMAKE_PREFIX_PATH} LD_LIBRARY_PATH=/driverless/install/cmrdv_interfaces/lib:/driverless/install/eufs_msgs/lib:${LD_LIBRARY_PATH} PYTHONPATH=/driverless/build/cmrdv_planning/prefix_override:/driverless/install/cmrdv_planning/lib/python3.8/site-packages:/driverless/install/cmrdv_common/lib/python3.8/site-packages:/driverless/install/cmrdv_interfaces/lib/python3.8/site-packages:/driverless/install/eufs_msgs/lib/python3.8/site-packages:${PYTHONPATH} /usr/bin/python3 setup.py egg_info --egg-base ../../../build/cmrdv_planning build --build-base /driverless/build/cmrdv_planning/build install --record /driverless/build/cmrdv_planning/install.log --single-version-externally-managed
[4.630s] running egg_info
[4.632s] writing ../../../build/cmrdv_planning/cmrdv_planning.egg-info/PKG-INFO
[4.636s] writing dependency_links to ../../../build/cmrdv_planning/cmrdv_planning.egg-info/dependency_links.txt
[4.636s] writing entry points to ../../../build/cmrdv_planning/cmrdv_planning.egg-info/entry_points.txt
[4.637s] writing requirements to ../../../build/cmrdv_planning/cmrdv_planning.egg-info/requires.txt
[4.637s] writing top-level names to ../../../build/cmrdv_planning/cmrdv_planning.egg-info/top_level.txt
[4.812s] reading manifest file '../../../build/cmrdv_planning/cmrdv_planning.egg-info/SOURCES.txt'
[4.815s] writing manifest file '../../../build/cmrdv_planning/cmrdv_planning.egg-info/SOURCES.txt'
[4.816s] running build
[4.817s] running build_py
[4.819s] copying cmrdv_planning/path_out.py -> /driverless/build/cmrdv_planning/build/lib/cmrdv_planning
[4.822s] copying cmrdv_planning/SLAM_Validation.py -> /driverless/build/cmrdv_planning/build/lib/cmrdv_planning
[4.823s] copying cmrdv_planning/__init__.py -> /driverless/build/cmrdv_planning/build/lib/cmrdv_planning
[4.824s] copying cmrdv_planning/midpoint.py -> /driverless/build/cmrdv_planning/build/lib/cmrdv_planning
[4.825s] copying cmrdv_planning/optimizer.py -> /driverless/build/cmrdv_planning/build/lib/cmrdv_planning
[4.825s] copying cmrdv_planning/SLAM.py -> /driverless/build/cmrdv_planning/build/lib/cmrdv_planning
[4.827s] running install
[4.833s] running install_lib
[4.837s] copying /driverless/build/cmrdv_planning/build/lib/cmrdv_planning/path_out.py -> /driverless/install/cmrdv_planning/lib/python3.8/site-packages/cmrdv_planning
[4.838s] copying /driverless/build/cmrdv_planning/build/lib/cmrdv_planning/SLAM_Validation.py -> /driverless/install/cmrdv_planning/lib/python3.8/site-packages/cmrdv_planning
[4.838s] copying /driverless/build/cmrdv_planning/build/lib/cmrdv_planning/__init__.py -> /driverless/install/cmrdv_planning/lib/python3.8/site-packages/cmrdv_planning
[4.841s] copying /driverless/build/cmrdv_planning/build/lib/cmrdv_planning/midpoint.py -> /driverless/install/cmrdv_planning/lib/python3.8/site-packages/cmrdv_planning
[4.843s] copying /driverless/build/cmrdv_planning/build/lib/cmrdv_planning/optimizer.py -> /driverless/install/cmrdv_planning/lib/python3.8/site-packages/cmrdv_planning
[4.844s] copying /driverless/build/cmrdv_planning/build/lib/cmrdv_planning/SLAM.py -> /driverless/install/cmrdv_planning/lib/python3.8/site-packages/cmrdv_planning
[4.849s] byte-compiling /driverless/install/cmrdv_planning/lib/python3.8/site-packages/cmrdv_planning/path_out.py to path_out.cpython-38.pyc
[4.859s] byte-compiling /driverless/install/cmrdv_planning/lib/python3.8/site-packages/cmrdv_planning/SLAM_Validation.py to SLAM_Validation.cpython-38.pyc
[4.873s] byte-compiling /driverless/install/cmrdv_planning/lib/python3.8/site-packages/cmrdv_planning/__init__.py to __init__.cpython-38.pyc
[4.874s] byte-compiling /driverless/install/cmrdv_planning/lib/python3.8/site-packages/cmrdv_planning/midpoint.py to midpoint.cpython-38.pyc
[4.878s] byte-compiling /driverless/install/cmrdv_planning/lib/python3.8/site-packages/cmrdv_planning/optimizer.py to optimizer.cpython-38.pyc
[4.884s] byte-compiling /driverless/install/cmrdv_planning/lib/python3.8/site-packages/cmrdv_planning/SLAM.py to SLAM.cpython-38.pyc
[4.889s] running install_data
[4.894s] copying resource/cmrdv_planning -> /driverless/install/cmrdv_planning/share/ament_index/resource_index/packages
[4.894s] copying package.xml -> /driverless/install/cmrdv_planning/share/cmrdv_planning
[4.895s] running install_egg_info
[4.907s] removing '/driverless/install/cmrdv_planning/lib/python3.8/site-packages/cmrdv_planning-0.0.0-py3.8.egg-info' (and everything under it)
[4.909s] Copying ../../../build/cmrdv_planning/cmrdv_planning.egg-info to /driverless/install/cmrdv_planning/lib/python3.8/site-packages/cmrdv_planning-0.0.0-py3.8.egg-info
[4.914s] running install_scripts
[5.016s] Installing SLAM_test script to /driverless/install/cmrdv_planning/lib/cmrdv_planning
[5.022s] writing list of installed files to '/driverless/build/cmrdv_planning/install.log'
[5.130s] Invoked command in '/driverless/cmrdv_ws/src/cmrdv_planning' returned '0': AMENT_PREFIX_PATH=/driverless/install/cmrdv_common:/driverless/install/cmrdv_interfaces:/driverless/install/eufs_msgs:${AMENT_PREFIX_PATH} CMAKE_PREFIX_PATH=/driverless/install/cmrdv_interfaces:/driverless/install/eufs_msgs:${CMAKE_PREFIX_PATH} LD_LIBRARY_PATH=/driverless/install/cmrdv_interfaces/lib:/driverless/install/eufs_msgs/lib:${LD_LIBRARY_PATH} PYTHONPATH=/driverless/build/cmrdv_planning/prefix_override:/driverless/install/cmrdv_planning/lib/python3.8/site-packages:/driverless/install/cmrdv_common/lib/python3.8/site-packages:/driverless/install/cmrdv_interfaces/lib/python3.8/site-packages:/driverless/install/eufs_msgs/lib/python3.8/site-packages:${PYTHONPATH} /usr/bin/python3 setup.py egg_info --egg-base ../../../build/cmrdv_planning build --build-base /driverless/build/cmrdv_planning/build install --record /driverless/build/cmrdv_planning/install.log --single-version-externally-managed
