[3.545s] DEBUG:colcon:Command line arguments: ['/usr/local/bin/colcon', 'build', '--packages-select', 'cmrdv_planning']
[3.545s] DEBUG:colcon:Parsed command line arguments: Namespace(ament_cmake_args=None, base_paths=['.'], build_base='build', catkin_cmake_args=None, catkin_skip_building_tests=False, cmake_args=None, cmake_clean_cache=False, cmake_clean_first=False, cmake_force_configure=False, cmake_target=None, cmake_target_skip_unavailable=False, continue_on_error=False, event_handlers=None, executor='parallel', ignore_user_meta=False, install_base='install', log_base=None, log_level=None, main=<bound method BuildVerb.main of <colcon_core.verb.build.BuildVerb object at 0x7f748de483a0>>, merge_install=False, metas=['./colcon.meta'], packages_above=None, packages_above_and_dependencies=None, packages_above_depth=None, packages_end=None, packages_ignore=None, packages_ignore_regex=None, packages_select=['cmrdv_planning'], packages_select_build_failed=False, packages_select_by_dep=None, packages_select_regex=None, packages_select_test_failures=False, packages_skip=None, packages_skip_build_finished=False, packages_skip_by_dep=None, packages_skip_regex=None, packages_skip_test_passed=False, packages_skip_up_to=None, packages_start=None, packages_up_to=None, packages_up_to_regex=None, parallel_workers=8, paths=None, symlink_install=False, test_result_base=None, verb_extension=<colcon_core.verb.build.BuildVerb object at 0x7f748de483a0>, verb_name='build', verb_parser=<colcon_defaults.argument_parser.defaults.DefaultArgumentsDecorator object at 0x7f748de488e0>)
[3.838s] Level 1:colcon.colcon_core.package_discovery:discover_packages(colcon_meta) check parameters
[3.839s] Level 1:colcon.colcon_core.package_discovery:discover_packages(recursive) check parameters
[3.839s] Level 1:colcon.colcon_core.package_discovery:discover_packages(ignore) check parameters
[3.839s] Level 1:colcon.colcon_core.package_discovery:discover_packages(path) check parameters
[3.839s] Level 1:colcon.colcon_core.package_discovery:discover_packages(colcon_meta) discover
[3.839s] Level 1:colcon.colcon_core.package_discovery:discover_packages(recursive) discover
[3.839s] INFO:colcon.colcon_core.package_discovery:Crawling recursively for packages in '/driverless'
[3.840s] Level 1:colcon.colcon_core.package_identification:_identify(.) by extensions ['ignore', 'ignore_ament_install']
[3.840s] Level 1:colcon.colcon_core.package_identification:_identify(.) by extension 'ignore'
[3.840s] Level 1:colcon.colcon_core.package_identification:_identify(.) by extension 'ignore_ament_install'
[3.840s] Level 1:colcon.colcon_core.package_identification:_identify(.) by extensions ['colcon_pkg']
[3.840s] Level 1:colcon.colcon_core.package_identification:_identify(.) by extension 'colcon_pkg'
[3.842s] Level 1:colcon.colcon_core.package_identification:_identify(.) by extensions ['colcon_meta']
[3.842s] Level 1:colcon.colcon_core.package_identification:_identify(.) by extension 'colcon_meta'
[3.843s] Level 1:colcon.colcon_core.package_identification:_identify(.) by extensions ['ros']
[3.843s] Level 1:colcon.colcon_core.package_identification:_identify(.) by extension 'ros'
[3.960s] Level 1:colcon.colcon_core.package_identification:_identify(.) by extensions ['cmake', 'python']
[3.960s] Level 1:colcon.colcon_core.package_identification:_identify(.) by extension 'cmake'
[3.961s] Level 1:colcon.colcon_core.package_identification:_identify(.) by extension 'python'
[3.961s] Level 1:colcon.colcon_core.package_identification:_identify(.) by extensions ['python_setup_py']
[3.961s] Level 1:colcon.colcon_core.package_identification:_identify(.) by extension 'python_setup_py'
[3.962s] Level 1:colcon.colcon_core.package_identification:_identify(__pycache__) by extensions ['ignore', 'ignore_ament_install']
[3.963s] Level 1:colcon.colcon_core.package_identification:_identify(__pycache__) by extension 'ignore'
[3.963s] Level 1:colcon.colcon_core.package_identification:_identify(__pycache__) by extension 'ignore_ament_install'
[3.963s] Level 1:colcon.colcon_core.package_identification:_identify(__pycache__) by extensions ['colcon_pkg']
[3.963s] Level 1:colcon.colcon_core.package_identification:_identify(__pycache__) by extension 'colcon_pkg'
[3.963s] Level 1:colcon.colcon_core.package_identification:_identify(__pycache__) by extensions ['colcon_meta']
[3.964s] Level 1:colcon.colcon_core.package_identification:_identify(__pycache__) by extension 'colcon_meta'
[3.964s] Level 1:colcon.colcon_core.package_identification:_identify(__pycache__) by extensions ['ros']
[3.964s] Level 1:colcon.colcon_core.package_identification:_identify(__pycache__) by extension 'ros'
[3.964s] Level 1:colcon.colcon_core.package_identification:_identify(__pycache__) by extensions ['cmake', 'python']
[3.965s] Level 1:colcon.colcon_core.package_identification:_identify(__pycache__) by extension 'cmake'
[3.965s] Level 1:colcon.colcon_core.package_identification:_identify(__pycache__) by extension 'python'
[3.965s] Level 1:colcon.colcon_core.package_identification:_identify(__pycache__) by extensions ['python_setup_py']
[3.965s] Level 1:colcon.colcon_core.package_identification:_identify(__pycache__) by extension 'python_setup_py'
[3.965s] Level 1:colcon.colcon_core.package_identification:_identify(build) by extensions ['ignore', 'ignore_ament_install']
[3.966s] Level 1:colcon.colcon_core.package_identification:_identify(build) by extension 'ignore'
[3.966s] Level 1:colcon.colcon_core.package_identification:_identify(build) ignored
[3.967s] Level 1:colcon.colcon_core.package_identification:_identify(cmrdv_ws) by extensions ['ignore', 'ignore_ament_install']
[3.968s] Level 1:colcon.colcon_core.package_identification:_identify(cmrdv_ws) by extension 'ignore'
[3.968s] Level 1:colcon.colcon_core.package_identification:_identify(cmrdv_ws) by extension 'ignore_ament_install'
[3.968s] Level 1:colcon.colcon_core.package_identification:_identify(cmrdv_ws) by extensions ['colcon_pkg']
[3.968s] Level 1:colcon.colcon_core.package_identification:_identify(cmrdv_ws) by extension 'colcon_pkg'
[3.968s] Level 1:colcon.colcon_core.package_identification:_identify(cmrdv_ws) by extensions ['colcon_meta']
[3.968s] Level 1:colcon.colcon_core.package_identification:_identify(cmrdv_ws) by extension 'colcon_meta'
[3.969s] Level 1:colcon.colcon_core.package_identification:_identify(cmrdv_ws) by extensions ['ros']
[3.969s] Level 1:colcon.colcon_core.package_identification:_identify(cmrdv_ws) by extension 'ros'
[3.969s] Level 1:colcon.colcon_core.package_identification:_identify(cmrdv_ws) by extensions ['cmake', 'python']
[3.969s] Level 1:colcon.colcon_core.package_identification:_identify(cmrdv_ws) by extension 'cmake'
[3.969s] Level 1:colcon.colcon_core.package_identification:_identify(cmrdv_ws) by extension 'python'
[3.970s] Level 1:colcon.colcon_core.package_identification:_identify(cmrdv_ws) by extensions ['python_setup_py']
[3.970s] Level 1:colcon.colcon_core.package_identification:_identify(cmrdv_ws) by extension 'python_setup_py'
[3.970s] Level 1:colcon.colcon_core.package_identification:_identify(cmrdv_ws/__pycache__) by extensions ['ignore', 'ignore_ament_install']
[3.971s] Level 1:colcon.colcon_core.package_identification:_identify(cmrdv_ws/__pycache__) by extension 'ignore'
[3.971s] Level 1:colcon.colcon_core.package_identification:_identify(cmrdv_ws/__pycache__) by extension 'ignore_ament_install'
[3.971s] Level 1:colcon.colcon_core.package_identification:_identify(cmrdv_ws/__pycache__) by extensions ['colcon_pkg']
[3.971s] Level 1:colcon.colcon_core.package_identification:_identify(cmrdv_ws/__pycache__) by extension 'colcon_pkg'
[3.971s] Level 1:colcon.colcon_core.package_identification:_identify(cmrdv_ws/__pycache__) by extensions ['colcon_meta']
[3.972s] Level 1:colcon.colcon_core.package_identification:_identify(cmrdv_ws/__pycache__) by extension 'colcon_meta'
[3.972s] Level 1:colcon.colcon_core.package_identification:_identify(cmrdv_ws/__pycache__) by extensions ['ros']
[3.972s] Level 1:colcon.colcon_core.package_identification:_identify(cmrdv_ws/__pycache__) by extension 'ros'
[3.972s] Level 1:colcon.colcon_core.package_identification:_identify(cmrdv_ws/__pycache__) by extensions ['cmake', 'python']
[3.972s] Level 1:colcon.colcon_core.package_identification:_identify(cmrdv_ws/__pycache__) by extension 'cmake'
[3.973s] Level 1:colcon.colcon_core.package_identification:_identify(cmrdv_ws/__pycache__) by extension 'python'
[3.973s] Level 1:colcon.colcon_core.package_identification:_identify(cmrdv_ws/__pycache__) by extensions ['python_setup_py']
[3.973s] Level 1:colcon.colcon_core.package_identification:_identify(cmrdv_ws/__pycache__) by extension 'python_setup_py'
[3.975s] Level 1:colcon.colcon_core.package_identification:_identify(cmrdv_ws/build) by extensions ['ignore', 'ignore_ament_install']
[3.975s] Level 1:colcon.colcon_core.package_identification:_identify(cmrdv_ws/build) by extension 'ignore'
[3.975s] Level 1:colcon.colcon_core.package_identification:_identify(cmrdv_ws/build) ignored
[3.976s] Level 1:colcon.colcon_core.package_identification:_identify(cmrdv_ws/firstLineTurn) by extensions ['ignore', 'ignore_ament_install']
[3.976s] Level 1:colcon.colcon_core.package_identification:_identify(cmrdv_ws/firstLineTurn) by extension 'ignore'
[3.977s] Level 1:colcon.colcon_core.package_identification:_identify(cmrdv_ws/firstLineTurn) by extension 'ignore_ament_install'
[3.977s] Level 1:colcon.colcon_core.package_identification:_identify(cmrdv_ws/firstLineTurn) by extensions ['colcon_pkg']
[3.977s] Level 1:colcon.colcon_core.package_identification:_identify(cmrdv_ws/firstLineTurn) by extension 'colcon_pkg'
[3.977s] Level 1:colcon.colcon_core.package_identification:_identify(cmrdv_ws/firstLineTurn) by extensions ['colcon_meta']
[3.977s] Level 1:colcon.colcon_core.package_identification:_identify(cmrdv_ws/firstLineTurn) by extension 'colcon_meta'
[3.978s] Level 1:colcon.colcon_core.package_identification:_identify(cmrdv_ws/firstLineTurn) by extensions ['ros']
[3.978s] Level 1:colcon.colcon_core.package_identification:_identify(cmrdv_ws/firstLineTurn) by extension 'ros'
[3.978s] Level 1:colcon.colcon_core.package_identification:_identify(cmrdv_ws/firstLineTurn) by extensions ['cmake', 'python']
[3.979s] Level 1:colcon.colcon_core.package_identification:_identify(cmrdv_ws/firstLineTurn) by extension 'cmake'
[3.979s] Level 1:colcon.colcon_core.package_identification:_identify(cmrdv_ws/firstLineTurn) by extension 'python'
[3.979s] Level 1:colcon.colcon_core.package_identification:_identify(cmrdv_ws/firstLineTurn) by extensions ['python_setup_py']
[3.979s] Level 1:colcon.colcon_core.package_identification:_identify(cmrdv_ws/firstLineTurn) by extension 'python_setup_py'
[3.980s] Level 1:colcon.colcon_core.package_identification:_identify(cmrdv_ws/install) by extensions ['ignore', 'ignore_ament_install']
[3.982s] Level 1:colcon.colcon_core.package_identification:_identify(cmrdv_ws/install) by extension 'ignore'
[3.983s] Level 1:colcon.colcon_core.package_identification:_identify(cmrdv_ws/install) ignored
[3.986s] Level 1:colcon.colcon_core.package_identification:_identify(cmrdv_ws/log) by extensions ['ignore', 'ignore_ament_install']
[3.986s] Level 1:colcon.colcon_core.package_identification:_identify(cmrdv_ws/log) by extension 'ignore'
[3.986s] Level 1:colcon.colcon_core.package_identification:_identify(cmrdv_ws/log) ignored
[3.987s] Level 1:colcon.colcon_core.package_identification:_identify(cmrdv_ws/rosbag2_2023_05_01-19_05_16) by extensions ['ignore', 'ignore_ament_install']
[3.987s] Level 1:colcon.colcon_core.package_identification:_identify(cmrdv_ws/rosbag2_2023_05_01-19_05_16) by extension 'ignore'
[3.988s] Level 1:colcon.colcon_core.package_identification:_identify(cmrdv_ws/rosbag2_2023_05_01-19_05_16) by extension 'ignore_ament_install'
[3.990s] Level 1:colcon.colcon_core.package_identification:_identify(cmrdv_ws/rosbag2_2023_05_01-19_05_16) by extensions ['colcon_pkg']
[3.990s] Level 1:colcon.colcon_core.package_identification:_identify(cmrdv_ws/rosbag2_2023_05_01-19_05_16) by extension 'colcon_pkg'
[3.990s] Level 1:colcon.colcon_core.package_identification:_identify(cmrdv_ws/rosbag2_2023_05_01-19_05_16) by extensions ['colcon_meta']
[3.990s] Level 1:colcon.colcon_core.package_identification:_identify(cmrdv_ws/rosbag2_2023_05_01-19_05_16) by extension 'colcon_meta'
[3.991s] Level 1:colcon.colcon_core.package_identification:_identify(cmrdv_ws/rosbag2_2023_05_01-19_05_16) by extensions ['ros']
[3.991s] Level 1:colcon.colcon_core.package_identification:_identify(cmrdv_ws/rosbag2_2023_05_01-19_05_16) by extension 'ros'
[3.991s] Level 1:colcon.colcon_core.package_identification:_identify(cmrdv_ws/rosbag2_2023_05_01-19_05_16) by extensions ['cmake', 'python']
[3.991s] Level 1:colcon.colcon_core.package_identification:_identify(cmrdv_ws/rosbag2_2023_05_01-19_05_16) by extension 'cmake'
[3.992s] Level 1:colcon.colcon_core.package_identification:_identify(cmrdv_ws/rosbag2_2023_05_01-19_05_16) by extension 'python'
[3.992s] Level 1:colcon.colcon_core.package_identification:_identify(cmrdv_ws/rosbag2_2023_05_01-19_05_16) by extensions ['python_setup_py']
[3.992s] Level 1:colcon.colcon_core.package_identification:_identify(cmrdv_ws/rosbag2_2023_05_01-19_05_16) by extension 'python_setup_py'
[3.993s] Level 1:colcon.colcon_core.package_identification:_identify(cmrdv_ws/rosbag2_2023_05_04-15_20_23) by extensions ['ignore', 'ignore_ament_install']
[3.993s] Level 1:colcon.colcon_core.package_identification:_identify(cmrdv_ws/rosbag2_2023_05_04-15_20_23) by extension 'ignore'
[3.993s] Level 1:colcon.colcon_core.package_identification:_identify(cmrdv_ws/rosbag2_2023_05_04-15_20_23) by extension 'ignore_ament_install'
[3.994s] Level 1:colcon.colcon_core.package_identification:_identify(cmrdv_ws/rosbag2_2023_05_04-15_20_23) by extensions ['colcon_pkg']
[3.994s] Level 1:colcon.colcon_core.package_identification:_identify(cmrdv_ws/rosbag2_2023_05_04-15_20_23) by extension 'colcon_pkg'
[3.995s] Level 1:colcon.colcon_core.package_identification:_identify(cmrdv_ws/rosbag2_2023_05_04-15_20_23) by extensions ['colcon_meta']
[3.995s] Level 1:colcon.colcon_core.package_identification:_identify(cmrdv_ws/rosbag2_2023_05_04-15_20_23) by extension 'colcon_meta'
[3.996s] Level 1:colcon.colcon_core.package_identification:_identify(cmrdv_ws/rosbag2_2023_05_04-15_20_23) by extensions ['ros']
[3.996s] Level 1:colcon.colcon_core.package_identification:_identify(cmrdv_ws/rosbag2_2023_05_04-15_20_23) by extension 'ros'
[3.996s] Level 1:colcon.colcon_core.package_identification:_identify(cmrdv_ws/rosbag2_2023_05_04-15_20_23) by extensions ['cmake', 'python']
[3.996s] Level 1:colcon.colcon_core.package_identification:_identify(cmrdv_ws/rosbag2_2023_05_04-15_20_23) by extension 'cmake'
[3.996s] Level 1:colcon.colcon_core.package_identification:_identify(cmrdv_ws/rosbag2_2023_05_04-15_20_23) by extension 'python'
[3.997s] Level 1:colcon.colcon_core.package_identification:_identify(cmrdv_ws/rosbag2_2023_05_04-15_20_23) by extensions ['python_setup_py']
[3.997s] Level 1:colcon.colcon_core.package_identification:_identify(cmrdv_ws/rosbag2_2023_05_04-15_20_23) by extension 'python_setup_py'
[3.998s] Level 1:colcon.colcon_core.package_identification:_identify(cmrdv_ws/rosbag2_2023_05_04-15_20_40) by extensions ['ignore', 'ignore_ament_install']
[3.998s] Level 1:colcon.colcon_core.package_identification:_identify(cmrdv_ws/rosbag2_2023_05_04-15_20_40) by extension 'ignore'
[3.998s] Level 1:colcon.colcon_core.package_identification:_identify(cmrdv_ws/rosbag2_2023_05_04-15_20_40) by extension 'ignore_ament_install'
[3.999s] Level 1:colcon.colcon_core.package_identification:_identify(cmrdv_ws/rosbag2_2023_05_04-15_20_40) by extensions ['colcon_pkg']
[3.999s] Level 1:colcon.colcon_core.package_identification:_identify(cmrdv_ws/rosbag2_2023_05_04-15_20_40) by extension 'colcon_pkg'
[3.999s] Level 1:colcon.colcon_core.package_identification:_identify(cmrdv_ws/rosbag2_2023_05_04-15_20_40) by extensions ['colcon_meta']
[3.999s] Level 1:colcon.colcon_core.package_identification:_identify(cmrdv_ws/rosbag2_2023_05_04-15_20_40) by extension 'colcon_meta'
[4.000s] Level 1:colcon.colcon_core.package_identification:_identify(cmrdv_ws/rosbag2_2023_05_04-15_20_40) by extensions ['ros']
[4.000s] Level 1:colcon.colcon_core.package_identification:_identify(cmrdv_ws/rosbag2_2023_05_04-15_20_40) by extension 'ros'
[4.002s] Level 1:colcon.colcon_core.package_identification:_identify(cmrdv_ws/rosbag2_2023_05_04-15_20_40) by extensions ['cmake', 'python']
[4.002s] Level 1:colcon.colcon_core.package_identification:_identify(cmrdv_ws/rosbag2_2023_05_04-15_20_40) by extension 'cmake'
[4.003s] Level 1:colcon.colcon_core.package_identification:_identify(cmrdv_ws/rosbag2_2023_05_04-15_20_40) by extension 'python'
[4.003s] Level 1:colcon.colcon_core.package_identification:_identify(cmrdv_ws/rosbag2_2023_05_04-15_20_40) by extensions ['python_setup_py']
[4.003s] Level 1:colcon.colcon_core.package_identification:_identify(cmrdv_ws/rosbag2_2023_05_04-15_20_40) by extension 'python_setup_py'
[4.004s] Level 1:colcon.colcon_core.package_identification:_identify(cmrdv_ws/rosbag2_2023_05_04-15_24_02) by extensions ['ignore', 'ignore_ament_install']
[4.004s] Level 1:colcon.colcon_core.package_identification:_identify(cmrdv_ws/rosbag2_2023_05_04-15_24_02) by extension 'ignore'
[4.004s] Level 1:colcon.colcon_core.package_identification:_identify(cmrdv_ws/rosbag2_2023_05_04-15_24_02) by extension 'ignore_ament_install'
[4.005s] Level 1:colcon.colcon_core.package_identification:_identify(cmrdv_ws/rosbag2_2023_05_04-15_24_02) by extensions ['colcon_pkg']
[4.005s] Level 1:colcon.colcon_core.package_identification:_identify(cmrdv_ws/rosbag2_2023_05_04-15_24_02) by extension 'colcon_pkg'
[4.005s] Level 1:colcon.colcon_core.package_identification:_identify(cmrdv_ws/rosbag2_2023_05_04-15_24_02) by extensions ['colcon_meta']
[4.005s] Level 1:colcon.colcon_core.package_identification:_identify(cmrdv_ws/rosbag2_2023_05_04-15_24_02) by extension 'colcon_meta'
[4.005s] Level 1:colcon.colcon_core.package_identification:_identify(cmrdv_ws/rosbag2_2023_05_04-15_24_02) by extensions ['ros']
[4.005s] Level 1:colcon.colcon_core.package_identification:_identify(cmrdv_ws/rosbag2_2023_05_04-15_24_02) by extension 'ros'
[4.006s] Level 1:colcon.colcon_core.package_identification:_identify(cmrdv_ws/rosbag2_2023_05_04-15_24_02) by extensions ['cmake', 'python']
[4.006s] Level 1:colcon.colcon_core.package_identification:_identify(cmrdv_ws/rosbag2_2023_05_04-15_24_02) by extension 'cmake'
[4.006s] Level 1:colcon.colcon_core.package_identification:_identify(cmrdv_ws/rosbag2_2023_05_04-15_24_02) by extension 'python'
[4.006s] Level 1:colcon.colcon_core.package_identification:_identify(cmrdv_ws/rosbag2_2023_05_04-15_24_02) by extensions ['python_setup_py']
[4.007s] Level 1:colcon.colcon_core.package_identification:_identify(cmrdv_ws/rosbag2_2023_05_04-15_24_02) by extension 'python_setup_py'
[4.007s] Level 1:colcon.colcon_core.package_identification:_identify(cmrdv_ws/src) by extensions ['ignore', 'ignore_ament_install']
[4.008s] Level 1:colcon.colcon_core.package_identification:_identify(cmrdv_ws/src) by extension 'ignore'
[4.008s] Level 1:colcon.colcon_core.package_identification:_identify(cmrdv_ws/src) by extension 'ignore_ament_install'
[4.008s] Level 1:colcon.colcon_core.package_identification:_identify(cmrdv_ws/src) by extensions ['colcon_pkg']
[4.008s] Level 1:colcon.colcon_core.package_identification:_identify(cmrdv_ws/src) by extension 'colcon_pkg'
[4.008s] Level 1:colcon.colcon_core.package_identification:_identify(cmrdv_ws/src) by extensions ['colcon_meta']
[4.009s] Level 1:colcon.colcon_core.package_identification:_identify(cmrdv_ws/src) by extension 'colcon_meta'
[4.009s] Level 1:colcon.colcon_core.package_identification:_identify(cmrdv_ws/src) by extensions ['ros']
[4.009s] Level 1:colcon.colcon_core.package_identification:_identify(cmrdv_ws/src) by extension 'ros'
[4.009s] Level 1:colcon.colcon_core.package_identification:_identify(cmrdv_ws/src) by extensions ['cmake', 'python']
[4.009s] Level 1:colcon.colcon_core.package_identification:_identify(cmrdv_ws/src) by extension 'cmake'
[4.010s] Level 1:colcon.colcon_core.package_identification:_identify(cmrdv_ws/src) by extension 'python'
[4.010s] Level 1:colcon.colcon_core.package_identification:_identify(cmrdv_ws/src) by extensions ['python_setup_py']
[4.010s] Level 1:colcon.colcon_core.package_identification:_identify(cmrdv_ws/src) by extension 'python_setup_py'
[4.012s] Level 1:colcon.colcon_core.package_identification:_identify(cmrdv_ws/src/__pycache__) by extensions ['ignore', 'ignore_ament_install']
[4.013s] Level 1:colcon.colcon_core.package_identification:_identify(cmrdv_ws/src/__pycache__) by extension 'ignore'
[4.013s] Level 1:colcon.colcon_core.package_identification:_identify(cmrdv_ws/src/__pycache__) by extension 'ignore_ament_install'
[4.013s] Level 1:colcon.colcon_core.package_identification:_identify(cmrdv_ws/src/__pycache__) by extensions ['colcon_pkg']
[4.013s] Level 1:colcon.colcon_core.package_identification:_identify(cmrdv_ws/src/__pycache__) by extension 'colcon_pkg'
[4.013s] Level 1:colcon.colcon_core.package_identification:_identify(cmrdv_ws/src/__pycache__) by extensions ['colcon_meta']
[4.014s] Level 1:colcon.colcon_core.package_identification:_identify(cmrdv_ws/src/__pycache__) by extension 'colcon_meta'
[4.014s] Level 1:colcon.colcon_core.package_identification:_identify(cmrdv_ws/src/__pycache__) by extensions ['ros']
[4.014s] Level 1:colcon.colcon_core.package_identification:_identify(cmrdv_ws/src/__pycache__) by extension 'ros'
[4.014s] Level 1:colcon.colcon_core.package_identification:_identify(cmrdv_ws/src/__pycache__) by extensions ['cmake', 'python']
[4.014s] Level 1:colcon.colcon_core.package_identification:_identify(cmrdv_ws/src/__pycache__) by extension 'cmake'
[4.015s] Level 1:colcon.colcon_core.package_identification:_identify(cmrdv_ws/src/__pycache__) by extension 'python'
[4.015s] Level 1:colcon.colcon_core.package_identification:_identify(cmrdv_ws/src/__pycache__) by extensions ['python_setup_py']
[4.015s] Level 1:colcon.colcon_core.package_identification:_identify(cmrdv_ws/src/__pycache__) by extension 'python_setup_py'
[4.016s] Level 1:colcon.colcon_core.package_identification:_identify(cmrdv_ws/src/cmrdv_actuators) by extensions ['ignore', 'ignore_ament_install']
[4.016s] Level 1:colcon.colcon_core.package_identification:_identify(cmrdv_ws/src/cmrdv_actuators) by extension 'ignore'
[4.017s] Level 1:colcon.colcon_core.package_identification:_identify(cmrdv_ws/src/cmrdv_actuators) by extension 'ignore_ament_install'
[4.017s] Level 1:colcon.colcon_core.package_identification:_identify(cmrdv_ws/src/cmrdv_actuators) by extensions ['colcon_pkg']
[4.017s] Level 1:colcon.colcon_core.package_identification:_identify(cmrdv_ws/src/cmrdv_actuators) by extension 'colcon_pkg'
[4.017s] Level 1:colcon.colcon_core.package_identification:_identify(cmrdv_ws/src/cmrdv_actuators) by extensions ['colcon_meta']
[4.017s] Level 1:colcon.colcon_core.package_identification:_identify(cmrdv_ws/src/cmrdv_actuators) by extension 'colcon_meta'
[4.017s] Level 1:colcon.colcon_core.package_identification:_identify(cmrdv_ws/src/cmrdv_actuators) by extensions ['ros']
[4.018s] Level 1:colcon.colcon_core.package_identification:_identify(cmrdv_ws/src/cmrdv_actuators) by extension 'ros'
[4.031s] DEBUG:colcon.colcon_core.package_identification:Package 'cmrdv_ws/src/cmrdv_actuators' with type 'ros.ament_python' and name 'cmrdv_actuators'
[4.031s] Level 1:colcon.colcon_core.package_identification:_identify(cmrdv_ws/src/cmrdv_bringup) by extensions ['ignore', 'ignore_ament_install']
[4.032s] Level 1:colcon.colcon_core.package_identification:_identify(cmrdv_ws/src/cmrdv_bringup) by extension 'ignore'
[4.032s] Level 1:colcon.colcon_core.package_identification:_identify(cmrdv_ws/src/cmrdv_bringup) by extension 'ignore_ament_install'
[4.032s] Level 1:colcon.colcon_core.package_identification:_identify(cmrdv_ws/src/cmrdv_bringup) by extensions ['colcon_pkg']
[4.032s] Level 1:colcon.colcon_core.package_identification:_identify(cmrdv_ws/src/cmrdv_bringup) by extension 'colcon_pkg'
[4.033s] Level 1:colcon.colcon_core.package_identification:_identify(cmrdv_ws/src/cmrdv_bringup) by extensions ['colcon_meta']
[4.033s] Level 1:colcon.colcon_core.package_identification:_identify(cmrdv_ws/src/cmrdv_bringup) by extension 'colcon_meta'
[4.033s] Level 1:colcon.colcon_core.package_identification:_identify(cmrdv_ws/src/cmrdv_bringup) by extensions ['ros']
[4.033s] Level 1:colcon.colcon_core.package_identification:_identify(cmrdv_ws/src/cmrdv_bringup) by extension 'ros'
[4.037s] DEBUG:colcon.colcon_core.package_identification:Package 'cmrdv_ws/src/cmrdv_bringup' with type 'ros.ament_python' and name 'cmrdv_bringup'
[4.039s] Level 1:colcon.colcon_core.package_identification:_identify(cmrdv_ws/src/cmrdv_collection) by extensions ['ignore', 'ignore_ament_install']
[4.040s] Level 1:colcon.colcon_core.package_identification:_identify(cmrdv_ws/src/cmrdv_collection) by extension 'ignore'
[4.040s] Level 1:colcon.colcon_core.package_identification:_identify(cmrdv_ws/src/cmrdv_collection) by extension 'ignore_ament_install'
[4.040s] Level 1:colcon.colcon_core.package_identification:_identify(cmrdv_ws/src/cmrdv_collection) by extensions ['colcon_pkg']
[4.040s] Level 1:colcon.colcon_core.package_identification:_identify(cmrdv_ws/src/cmrdv_collection) by extension 'colcon_pkg'
[4.041s] Level 1:colcon.colcon_core.package_identification:_identify(cmrdv_ws/src/cmrdv_collection) by extensions ['colcon_meta']
[4.041s] Level 1:colcon.colcon_core.package_identification:_identify(cmrdv_ws/src/cmrdv_collection) by extension 'colcon_meta'
[4.041s] Level 1:colcon.colcon_core.package_identification:_identify(cmrdv_ws/src/cmrdv_collection) by extensions ['ros']
[4.041s] Level 1:colcon.colcon_core.package_identification:_identify(cmrdv_ws/src/cmrdv_collection) by extension 'ros'
[4.045s] DEBUG:colcon.colcon_core.package_identification:Package 'cmrdv_ws/src/cmrdv_collection' with type 'ros.ament_python' and name 'cmrdv_collection'
[4.048s] Level 1:colcon.colcon_core.package_identification:_identify(cmrdv_ws/src/cmrdv_common) by extensions ['ignore', 'ignore_ament_install']
[4.048s] Level 1:colcon.colcon_core.package_identification:_identify(cmrdv_ws/src/cmrdv_common) by extension 'ignore'
[4.049s] Level 1:colcon.colcon_core.package_identification:_identify(cmrdv_ws/src/cmrdv_common) by extension 'ignore_ament_install'
[4.049s] Level 1:colcon.colcon_core.package_identification:_identify(cmrdv_ws/src/cmrdv_common) by extensions ['colcon_pkg']
[4.049s] Level 1:colcon.colcon_core.package_identification:_identify(cmrdv_ws/src/cmrdv_common) by extension 'colcon_pkg'
[4.049s] Level 1:colcon.colcon_core.package_identification:_identify(cmrdv_ws/src/cmrdv_common) by extensions ['colcon_meta']
[4.049s] Level 1:colcon.colcon_core.package_identification:_identify(cmrdv_ws/src/cmrdv_common) by extension 'colcon_meta'
[4.050s] Level 1:colcon.colcon_core.package_identification:_identify(cmrdv_ws/src/cmrdv_common) by extensions ['ros']
[4.050s] Level 1:colcon.colcon_core.package_identification:_identify(cmrdv_ws/src/cmrdv_common) by extension 'ros'
[4.057s] DEBUG:colcon.colcon_core.package_identification:Package 'cmrdv_ws/src/cmrdv_common' with type 'ros.ament_python' and name 'cmrdv_common'
[4.057s] Level 1:colcon.colcon_core.package_identification:_identify(cmrdv_ws/src/cmrdv_controls) by extensions ['ignore', 'ignore_ament_install']
[4.058s] Level 1:colcon.colcon_core.package_identification:_identify(cmrdv_ws/src/cmrdv_controls) by extension 'ignore'
[4.058s] Level 1:colcon.colcon_core.package_identification:_identify(cmrdv_ws/src/cmrdv_controls) by extension 'ignore_ament_install'
[4.058s] Level 1:colcon.colcon_core.package_identification:_identify(cmrdv_ws/src/cmrdv_controls) by extensions ['colcon_pkg']
[4.058s] Level 1:colcon.colcon_core.package_identification:_identify(cmrdv_ws/src/cmrdv_controls) by extension 'colcon_pkg'
[4.058s] Level 1:colcon.colcon_core.package_identification:_identify(cmrdv_ws/src/cmrdv_controls) by extensions ['colcon_meta']
[4.059s] Level 1:colcon.colcon_core.package_identification:_identify(cmrdv_ws/src/cmrdv_controls) by extension 'colcon_meta'
[4.059s] Level 1:colcon.colcon_core.package_identification:_identify(cmrdv_ws/src/cmrdv_controls) by extensions ['ros']
[4.059s] Level 1:colcon.colcon_core.package_identification:_identify(cmrdv_ws/src/cmrdv_controls) by extension 'ros'
[4.061s] DEBUG:colcon.colcon_core.package_identification:Package 'cmrdv_ws/src/cmrdv_controls' with type 'ros.ament_python' and name 'cmrdv_controls'
[4.063s] Level 1:colcon.colcon_core.package_identification:_identify(cmrdv_ws/src/cmrdv_interfaces) by extensions ['ignore', 'ignore_ament_install']
[4.063s] Level 1:colcon.colcon_core.package_identification:_identify(cmrdv_ws/src/cmrdv_interfaces) by extension 'ignore'
[4.063s] Level 1:colcon.colcon_core.package_identification:_identify(cmrdv_ws/src/cmrdv_interfaces) by extension 'ignore_ament_install'
[4.064s] Level 1:colcon.colcon_core.package_identification:_identify(cmrdv_ws/src/cmrdv_interfaces) by extensions ['colcon_pkg']
[4.064s] Level 1:colcon.colcon_core.package_identification:_identify(cmrdv_ws/src/cmrdv_interfaces) by extension 'colcon_pkg'
[4.064s] Level 1:colcon.colcon_core.package_identification:_identify(cmrdv_ws/src/cmrdv_interfaces) by extensions ['colcon_meta']
[4.064s] Level 1:colcon.colcon_core.package_identification:_identify(cmrdv_ws/src/cmrdv_interfaces) by extension 'colcon_meta'
[4.064s] Level 1:colcon.colcon_core.package_identification:_identify(cmrdv_ws/src/cmrdv_interfaces) by extensions ['ros']
[4.064s] Level 1:colcon.colcon_core.package_identification:_identify(cmrdv_ws/src/cmrdv_interfaces) by extension 'ros'
[4.067s] DEBUG:colcon.colcon_core.package_identification:Package 'cmrdv_ws/src/cmrdv_interfaces' with type 'ros.ament_cmake' and name 'cmrdv_interfaces'
[4.069s] Level 1:colcon.colcon_core.package_identification:_identify(cmrdv_ws/src/cmrdv_perceptions) by extensions ['ignore', 'ignore_ament_install']
[4.069s] Level 1:colcon.colcon_core.package_identification:_identify(cmrdv_ws/src/cmrdv_perceptions) by extension 'ignore'
[4.069s] Level 1:colcon.colcon_core.package_identification:_identify(cmrdv_ws/src/cmrdv_perceptions) by extension 'ignore_ament_install'
[4.070s] Level 1:colcon.colcon_core.package_identification:_identify(cmrdv_ws/src/cmrdv_perceptions) by extensions ['colcon_pkg']
[4.070s] Level 1:colcon.colcon_core.package_identification:_identify(cmrdv_ws/src/cmrdv_perceptions) by extension 'colcon_pkg'
[4.070s] Level 1:colcon.colcon_core.package_identification:_identify(cmrdv_ws/src/cmrdv_perceptions) by extensions ['colcon_meta']
[4.070s] Level 1:colcon.colcon_core.package_identification:_identify(cmrdv_ws/src/cmrdv_perceptions) by extension 'colcon_meta'
[4.070s] Level 1:colcon.colcon_core.package_identification:_identify(cmrdv_ws/src/cmrdv_perceptions) by extensions ['ros']
[4.070s] Level 1:colcon.colcon_core.package_identification:_identify(cmrdv_ws/src/cmrdv_perceptions) by extension 'ros'
[4.074s] DEBUG:colcon.colcon_core.package_identification:Package 'cmrdv_ws/src/cmrdv_perceptions' with type 'ros.ament_python' and name 'cmrdv_perceptions'
[4.075s] Level 1:colcon.colcon_core.package_identification:_identify(cmrdv_ws/src/cmrdv_planning) by extensions ['ignore', 'ignore_ament_install']
[4.075s] Level 1:colcon.colcon_core.package_identification:_identify(cmrdv_ws/src/cmrdv_planning) by extension 'ignore'
[4.076s] Level 1:colcon.colcon_core.package_identification:_identify(cmrdv_ws/src/cmrdv_planning) by extension 'ignore_ament_install'
[4.076s] Level 1:colcon.colcon_core.package_identification:_identify(cmrdv_ws/src/cmrdv_planning) by extensions ['colcon_pkg']
[4.076s] Level 1:colcon.colcon_core.package_identification:_identify(cmrdv_ws/src/cmrdv_planning) by extension 'colcon_pkg'
[4.076s] Level 1:colcon.colcon_core.package_identification:_identify(cmrdv_ws/src/cmrdv_planning) by extensions ['colcon_meta']
[4.076s] Level 1:colcon.colcon_core.package_identification:_identify(cmrdv_ws/src/cmrdv_planning) by extension 'colcon_meta'
[4.076s] Level 1:colcon.colcon_core.package_identification:_identify(cmrdv_ws/src/cmrdv_planning) by extensions ['ros']
[4.077s] Level 1:colcon.colcon_core.package_identification:_identify(cmrdv_ws/src/cmrdv_planning) by extension 'ros'
[4.080s] DEBUG:colcon.colcon_core.package_identification:Package 'cmrdv_ws/src/cmrdv_planning' with type 'ros.ament_python' and name 'cmrdv_planning'
[4.083s] Level 1:colcon.colcon_core.package_identification:_identify(cmrdv_ws/src/eufs_msgs) by extensions ['ignore', 'ignore_ament_install']
[4.083s] Level 1:colcon.colcon_core.package_identification:_identify(cmrdv_ws/src/eufs_msgs) by extension 'ignore'
[4.083s] Level 1:colcon.colcon_core.package_identification:_identify(cmrdv_ws/src/eufs_msgs) by extension 'ignore_ament_install'
[4.084s] Level 1:colcon.colcon_core.package_identification:_identify(cmrdv_ws/src/eufs_msgs) by extensions ['colcon_pkg']
[4.084s] Level 1:colcon.colcon_core.package_identification:_identify(cmrdv_ws/src/eufs_msgs) by extension 'colcon_pkg'
[4.084s] Level 1:colcon.colcon_core.package_identification:_identify(cmrdv_ws/src/eufs_msgs) by extensions ['colcon_meta']
[4.084s] Level 1:colcon.colcon_core.package_identification:_identify(cmrdv_ws/src/eufs_msgs) by extension 'colcon_meta'
[4.084s] Level 1:colcon.colcon_core.package_identification:_identify(cmrdv_ws/src/eufs_msgs) by extensions ['ros']
[4.084s] Level 1:colcon.colcon_core.package_identification:_identify(cmrdv_ws/src/eufs_msgs) by extension 'ros'
[4.093s] DEBUG:colcon.colcon_core.package_identification:Package 'cmrdv_ws/src/eufs_msgs' with type 'ros.ament_cmake' and name 'eufs_msgs'
[4.094s] Level 1:colcon.colcon_core.package_identification:_identify(docker) by extensions ['ignore', 'ignore_ament_install']
[4.095s] Level 1:colcon.colcon_core.package_identification:_identify(docker) by extension 'ignore'
[4.095s] Level 1:colcon.colcon_core.package_identification:_identify(docker) by extension 'ignore_ament_install'
[4.095s] Level 1:colcon.colcon_core.package_identification:_identify(docker) by extensions ['colcon_pkg']
[4.095s] Level 1:colcon.colcon_core.package_identification:_identify(docker) by extension 'colcon_pkg'
[4.095s] Level 1:colcon.colcon_core.package_identification:_identify(docker) by extensions ['colcon_meta']
[4.098s] Level 1:colcon.colcon_core.package_identification:_identify(docker) by extension 'colcon_meta'
[4.098s] Level 1:colcon.colcon_core.package_identification:_identify(docker) by extensions ['ros']
[4.098s] Level 1:colcon.colcon_core.package_identification:_identify(docker) by extension 'ros'
[4.098s] Level 1:colcon.colcon_core.package_identification:_identify(docker) by extensions ['cmake', 'python']
[4.099s] Level 1:colcon.colcon_core.package_identification:_identify(docker) by extension 'cmake'
[4.099s] Level 1:colcon.colcon_core.package_identification:_identify(docker) by extension 'python'
[4.099s] Level 1:colcon.colcon_core.package_identification:_identify(docker) by extensions ['python_setup_py']
[4.099s] Level 1:colcon.colcon_core.package_identification:_identify(docker) by extension 'python_setup_py'
[4.101s] Level 1:colcon.colcon_core.package_identification:_identify(docker/simulator) by extensions ['ignore', 'ignore_ament_install']
[4.101s] Level 1:colcon.colcon_core.package_identification:_identify(docker/simulator) by extension 'ignore'
[4.101s] Level 1:colcon.colcon_core.package_identification:_identify(docker/simulator) by extension 'ignore_ament_install'
[4.104s] Level 1:colcon.colcon_core.package_identification:_identify(docker/simulator) by extensions ['colcon_pkg']
[4.104s] Level 1:colcon.colcon_core.package_identification:_identify(docker/simulator) by extension 'colcon_pkg'
[4.104s] Level 1:colcon.colcon_core.package_identification:_identify(docker/simulator) by extensions ['colcon_meta']
[4.104s] Level 1:colcon.colcon_core.package_identification:_identify(docker/simulator) by extension 'colcon_meta'
[4.104s] Level 1:colcon.colcon_core.package_identification:_identify(docker/simulator) by extensions ['ros']
[4.105s] Level 1:colcon.colcon_core.package_identification:_identify(docker/simulator) by extension 'ros'
[4.105s] Level 1:colcon.colcon_core.package_identification:_identify(docker/simulator) by extensions ['cmake', 'python']
[4.106s] Level 1:colcon.colcon_core.package_identification:_identify(docker/simulator) by extension 'cmake'
[4.108s] Level 1:colcon.colcon_core.package_identification:_identify(docker/simulator) by extension 'python'
[4.108s] Level 1:colcon.colcon_core.package_identification:_identify(docker/simulator) by extensions ['python_setup_py']
[4.109s] Level 1:colcon.colcon_core.package_identification:_identify(docker/simulator) by extension 'python_setup_py'
[4.111s] Level 1:colcon.colcon_core.package_identification:_identify(docker/simulator/build) by extensions ['ignore', 'ignore_ament_install']
[4.111s] Level 1:colcon.colcon_core.package_identification:_identify(docker/simulator/build) by extension 'ignore'
[4.111s] Level 1:colcon.colcon_core.package_identification:_identify(docker/simulator/build) ignored
[4.113s] Level 1:colcon.colcon_core.package_identification:_identify(docker/simulator/install) by extensions ['ignore', 'ignore_ament_install']
[4.114s] Level 1:colcon.colcon_core.package_identification:_identify(docker/simulator/install) by extension 'ignore'
[4.114s] Level 1:colcon.colcon_core.package_identification:_identify(docker/simulator/install) ignored
[4.122s] Level 1:colcon.colcon_core.package_identification:_identify(docker/simulator/log) by extensions ['ignore', 'ignore_ament_install']
[4.123s] Level 1:colcon.colcon_core.package_identification:_identify(docker/simulator/log) by extension 'ignore'
[4.123s] Level 1:colcon.colcon_core.package_identification:_identify(docker/simulator/log) ignored
[4.124s] Level 1:colcon.colcon_core.package_identification:_identify(install) by extensions ['ignore', 'ignore_ament_install']
[4.124s] Level 1:colcon.colcon_core.package_identification:_identify(install) by extension 'ignore'
[4.124s] Level 1:colcon.colcon_core.package_identification:_identify(install) ignored
[4.125s] Level 1:colcon.colcon_core.package_identification:_identify(log) by extensions ['ignore', 'ignore_ament_install']
[4.125s] Level 1:colcon.colcon_core.package_identification:_identify(log) by extension 'ignore'
[4.125s] Level 1:colcon.colcon_core.package_identification:_identify(log) ignored
[4.125s] Level 1:colcon.colcon_core.package_discovery:discover_packages(recursive) using defaults
[4.126s] Level 1:colcon.colcon_core.package_discovery:discover_packages(ignore) discover
[4.126s] Level 1:colcon.colcon_core.package_discovery:discover_packages(ignore) using defaults
[4.126s] Level 1:colcon.colcon_core.package_discovery:discover_packages(path) discover
[4.126s] Level 1:colcon.colcon_core.package_discovery:discover_packages(path) using defaults
[4.309s] INFO:colcon.colcon_core.package_selection:Skipping not selected package 'eufs_msgs' in 'cmrdv_ws/src/eufs_msgs'
[4.309s] INFO:colcon.colcon_core.package_selection:Skipping not selected package 'cmrdv_interfaces' in 'cmrdv_ws/src/cmrdv_interfaces'
[4.309s] INFO:colcon.colcon_core.package_selection:Skipping not selected package 'cmrdv_collection' in 'cmrdv_ws/src/cmrdv_collection'
[4.309s] INFO:colcon.colcon_core.package_selection:Skipping not selected package 'cmrdv_common' in 'cmrdv_ws/src/cmrdv_common'
[4.309s] INFO:colcon.colcon_core.package_selection:Skipping not selected package 'cmrdv_perceptions' in 'cmrdv_ws/src/cmrdv_perceptions'
[4.309s] INFO:colcon.colcon_core.package_selection:Skipping not selected package 'cmrdv_actuators' in 'cmrdv_ws/src/cmrdv_actuators'
[4.309s] INFO:colcon.colcon_core.package_selection:Skipping not selected package 'cmrdv_controls' in 'cmrdv_ws/src/cmrdv_controls'
[4.309s] INFO:colcon.colcon_core.package_selection:Skipping not selected package 'cmrdv_bringup' in 'cmrdv_ws/src/cmrdv_bringup'
[4.347s] Level 5:colcon.colcon_core.verb:set package 'cmrdv_planning' build argument 'cmake_args' from command line to 'None'
[4.347s] Level 5:colcon.colcon_core.verb:set package 'cmrdv_planning' build argument 'cmake_target' from command line to 'None'
[4.347s] Level 5:colcon.colcon_core.verb:set package 'cmrdv_planning' build argument 'cmake_target_skip_unavailable' from command line to 'False'
[4.347s] Level 5:colcon.colcon_core.verb:set package 'cmrdv_planning' build argument 'cmake_clean_cache' from command line to 'False'
[4.347s] Level 5:colcon.colcon_core.verb:set package 'cmrdv_planning' build argument 'cmake_clean_first' from command line to 'False'
[4.347s] Level 5:colcon.colcon_core.verb:set package 'cmrdv_planning' build argument 'cmake_force_configure' from command line to 'False'
[4.347s] Level 5:colcon.colcon_core.verb:set package 'cmrdv_planning' build argument 'ament_cmake_args' from command line to 'None'
[4.347s] Level 5:colcon.colcon_core.verb:set package 'cmrdv_planning' build argument 'catkin_cmake_args' from command line to 'None'
[4.348s] Level 5:colcon.colcon_core.verb:set package 'cmrdv_planning' build argument 'catkin_skip_building_tests' from command line to 'False'
[4.348s] DEBUG:colcon.colcon_core.verb:Building package 'cmrdv_planning' with the following arguments: {'ament_cmake_args': None, 'build_base': '/driverless/build/cmrdv_planning', 'catkin_cmake_args': None, 'catkin_skip_building_tests': False, 'cmake_args': None, 'cmake_clean_cache': False, 'cmake_clean_first': False, 'cmake_force_configure': False, 'cmake_target': None, 'cmake_target_skip_unavailable': False, 'install_base': '/driverless/install/cmrdv_planning', 'merge_install': False, 'path': '/driverless/cmrdv_ws/src/cmrdv_planning', 'symlink_install': False, 'test_result_base': None}
[4.356s] INFO:colcon.colcon_core.executor:Executing jobs using 'parallel' executor
[4.415s] DEBUG:colcon.colcon_parallel_executor.executor.parallel:run_until_complete
[4.416s] INFO:colcon.colcon_ros.task.ament_python.build:Building ROS package in '/driverless/cmrdv_ws/src/cmrdv_planning' with build type 'ament_python'
[4.416s] Level 1:colcon.colcon_core.shell:create_environment_hook('cmrdv_planning', 'ament_prefix_path')
[4.499s] INFO:colcon.colcon_core.plugin_system:Skipping extension 'colcon_core.shell.bat': Not used on non-Windows systems
[4.500s] INFO:colcon.colcon_core.shell:Creating environment hook '/driverless/install/cmrdv_planning/share/cmrdv_planning/hook/ament_prefix_path.ps1'
[4.529s] INFO:colcon.colcon_core.shell:Creating environment descriptor '/driverless/install/cmrdv_planning/share/cmrdv_planning/hook/ament_prefix_path.dsv'
[4.532s] INFO:colcon.colcon_core.shell:Creating environment hook '/driverless/install/cmrdv_planning/share/cmrdv_planning/hook/ament_prefix_path.sh'
[4.578s] INFO:colcon.colcon_core.shell:Skip shell extension 'powershell' for command environment: Not usable outside of PowerShell
[4.579s] DEBUG:colcon.colcon_core.shell:Skip shell extension 'dsv' for command environment
[5.988s] INFO:colcon.colcon_core.task.python.build:Building Python package in '/driverless/cmrdv_ws/src/cmrdv_planning'
[6.016s] INFO:colcon.colcon_core.shell:Skip shell extension 'powershell' for command environment: Not usable outside of PowerShell
[6.017s] DEBUG:colcon.colcon_core.shell:Skip shell extension 'dsv' for command environment
[7.964s] DEBUG:colcon.colcon_core.event_handler.log_command:Invoking command in '/driverless/cmrdv_ws/src/cmrdv_planning': AMENT_PREFIX_PATH=/driverless/install/cmrdv_common:/driverless/install/cmrdv_interfaces:/driverless/install/eufs_msgs:${AMENT_PREFIX_PATH} CMAKE_PREFIX_PATH=/driverless/install/cmrdv_interfaces:/driverless/install/eufs_msgs:${CMAKE_PREFIX_PATH} LD_LIBRARY_PATH=/driverless/install/cmrdv_interfaces/lib:/driverless/install/eufs_msgs/lib:${LD_LIBRARY_PATH} PYTHONPATH=/driverless/build/cmrdv_planning/prefix_override:/driverless/install/cmrdv_planning/lib/python3.8/site-packages:/driverless/install/cmrdv_common/lib/python3.8/site-packages:/driverless/install/cmrdv_interfaces/lib/python3.8/site-packages:/driverless/install/eufs_msgs/lib/python3.8/site-packages:${PYTHONPATH} /usr/bin/python3 setup.py egg_info --egg-base ../../../build/cmrdv_planning build --build-base /driverless/build/cmrdv_planning/build install --record /driverless/build/cmrdv_planning/install.log --single-version-externally-managed
[9.548s] DEBUG:colcon.colcon_core.event_handler.log_command:Invoked command in '/driverless/cmrdv_ws/src/cmrdv_planning' returned '0': AMENT_PREFIX_PATH=/driverless/install/cmrdv_common:/driverless/install/cmrdv_interfaces:/driverless/install/eufs_msgs:${AMENT_PREFIX_PATH} CMAKE_PREFIX_PATH=/driverless/install/cmrdv_interfaces:/driverless/install/eufs_msgs:${CMAKE_PREFIX_PATH} LD_LIBRARY_PATH=/driverless/install/cmrdv_interfaces/lib:/driverless/install/eufs_msgs/lib:${LD_LIBRARY_PATH} PYTHONPATH=/driverless/build/cmrdv_planning/prefix_override:/driverless/install/cmrdv_planning/lib/python3.8/site-packages:/driverless/install/cmrdv_common/lib/python3.8/site-packages:/driverless/install/cmrdv_interfaces/lib/python3.8/site-packages:/driverless/install/eufs_msgs/lib/python3.8/site-packages:${PYTHONPATH} /usr/bin/python3 setup.py egg_info --egg-base ../../../build/cmrdv_planning build --build-base /driverless/build/cmrdv_planning/build install --record /driverless/build/cmrdv_planning/install.log --single-version-externally-managed
[9.609s] Level 1:colcon.colcon_core.environment:checking '/driverless/install/cmrdv_planning' for CMake module files
[9.612s] Level 1:colcon.colcon_core.environment:checking '/driverless/install/cmrdv_planning' for CMake config files
[9.616s] Level 1:colcon.colcon_core.environment:checking '/driverless/install/cmrdv_planning/lib'
[9.616s] Level 1:colcon.colcon_core.environment:checking '/driverless/install/cmrdv_planning/bin'
[9.617s] Level 1:colcon.colcon_core.environment:checking '/driverless/install/cmrdv_planning/lib/pkgconfig/cmrdv_planning.pc'
[9.617s] Level 1:colcon.colcon_core.environment:checking '/driverless/install/cmrdv_planning/lib/python3.8/site-packages'
[9.618s] Level 1:colcon.colcon_core.shell:create_environment_hook('cmrdv_planning', 'pythonpath')
[9.642s] INFO:colcon.colcon_core.shell:Creating environment hook '/driverless/install/cmrdv_planning/share/cmrdv_planning/hook/pythonpath.ps1'
[9.644s] INFO:colcon.colcon_core.shell:Creating environment descriptor '/driverless/install/cmrdv_planning/share/cmrdv_planning/hook/pythonpath.dsv'
[9.645s] INFO:colcon.colcon_core.shell:Creating environment hook '/driverless/install/cmrdv_planning/share/cmrdv_planning/hook/pythonpath.sh'
[9.647s] Level 1:colcon.colcon_core.environment:checking '/driverless/install/cmrdv_planning/bin'
[9.647s] Level 1:colcon.colcon_core.environment:create_environment_scripts_only(cmrdv_planning)
[9.672s] INFO:colcon.colcon_core.shell:Creating package script '/driverless/install/cmrdv_planning/share/cmrdv_planning/package.ps1'
[9.675s] INFO:colcon.colcon_core.shell:Creating package descriptor '/driverless/install/cmrdv_planning/share/cmrdv_planning/package.dsv'
[9.677s] INFO:colcon.colcon_core.shell:Creating package script '/driverless/install/cmrdv_planning/share/cmrdv_planning/package.sh'
[9.680s] INFO:colcon.colcon_core.shell:Creating package script '/driverless/install/cmrdv_planning/share/cmrdv_planning/package.bash'
[9.683s] INFO:colcon.colcon_core.shell:Creating package script '/driverless/install/cmrdv_planning/share/cmrdv_planning/package.zsh'
[9.686s] Level 1:colcon.colcon_core.environment:create_file_with_runtime_dependencies(/driverless/install/cmrdv_planning/share/colcon-core/packages/cmrdv_planning)
[9.687s] DEBUG:colcon.colcon_parallel_executor.executor.parallel:closing loop
[9.688s] DEBUG:colcon.colcon_parallel_executor.executor.parallel:loop closed
[9.688s] DEBUG:colcon.colcon_parallel_executor.executor.parallel:run_until_complete finished with '0'
[9.688s] DEBUG:colcon.colcon_core.event_reactor:joining thread
[9.747s] INFO:colcon.colcon_core.plugin_system:Skipping extension 'colcon_notification.desktop_notification.notify_send': Could not find 'notify-send'
[9.749s] INFO:colcon.colcon_core.plugin_system:Skipping extension 'colcon_notification.desktop_notification.terminal_notifier': Not used on non-Darwin systems
[9.749s] INFO:colcon.colcon_core.plugin_system:Skipping extension 'colcon_notification.desktop_notification.win32': Not used on non-Windows systems
[9.749s] INFO:colcon.colcon_notification.desktop_notification:Sending desktop notification using 'notify2'
[9.810s] DEBUG:colcon.colcon_notification.desktop_notification.notify2:Failed to initialize notify2: org.freedesktop.DBus.Error.ServiceUnknown: The name org.freedesktop.Notifications was not provided by any .service files
[9.811s] DEBUG:colcon.colcon_core.event_reactor:joined thread
[9.855s] INFO:colcon.colcon_core.shell:Creating prefix script '/driverless/install/local_setup.ps1'
[9.864s] INFO:colcon.colcon_core.shell:Creating prefix util module '/driverless/install/_local_setup_util_ps1.py'
[9.879s] INFO:colcon.colcon_core.shell:Creating prefix chain script '/driverless/install/setup.ps1'
[9.925s] INFO:colcon.colcon_core.shell:Creating prefix script '/driverless/install/local_setup.sh'
[9.930s] INFO:colcon.colcon_core.shell:Creating prefix util module '/driverless/install/_local_setup_util_sh.py'
[9.933s] INFO:colcon.colcon_core.shell:Creating prefix chain script '/driverless/install/setup.sh'
[9.971s] INFO:colcon.colcon_core.shell:Creating prefix script '/driverless/install/local_setup.bash'
[9.974s] INFO:colcon.colcon_core.shell:Creating prefix chain script '/driverless/install/setup.bash'
[10.015s] INFO:colcon.colcon_core.shell:Creating prefix script '/driverless/install/local_setup.zsh'
[10.021s] INFO:colcon.colcon_core.shell:Creating prefix chain script '/driverless/install/setup.zsh'
