[0.023s] Invoking command in '/home/griffin/driverless/driverless_ws/build/perceptions': CMAKE_PREFIX_PATH=/opt/ros/foxy /usr/bin/cmake --build /home/griffin/driverless/driverless_ws/build/perceptions -- -j12 -l12
[0.030s] ninja: no work to do.
[0.100s] Invoked command in '/home/griffin/driverless/driverless_ws/build/perceptions' returned '0': CMAKE_PREFIX_PATH=/opt/ros/foxy /usr/bin/cmake --build /home/griffin/driverless/driverless_ws/build/perceptions -- -j12 -l12
[0.107s] Invoking command in '/home/griffin/driverless/driverless_ws/build/perceptions': CMAKE_PREFIX_PATH=/opt/ros/foxy /usr/bin/cmake --install /home/griffin/driverless/driverless_ws/build/perceptions
[0.168s] -- Install configuration: ""
[0.168s] -- Up-to-date: /home/griffin/driverless/driverless_ws/install/perceptions/share/ament_index/resource_index/package_run_dependencies/perceptions
[0.168s] -- Up-to-date: /home/griffin/driverless/driverless_ws/install/perceptions/share/ament_index/resource_index/parent_prefix_path/perceptions
[0.168s] -- Up-to-date: /home/griffin/driverless/driverless_ws/install/perceptions/share/perceptions/environment/ament_prefix_path.sh
[0.168s] -- Up-to-date: /home/griffin/driverless/driverless_ws/install/perceptions/share/perceptions/environment/ament_prefix_path.dsv
[0.168s] -- Up-to-date: /home/griffin/driverless/driverless_ws/install/perceptions/share/perceptions/environment/path.sh
[0.168s] -- Up-to-date: /home/griffin/driverless/driverless_ws/install/perceptions/share/perceptions/environment/path.dsv
[0.168s] -- Up-to-date: /home/griffin/driverless/driverless_ws/install/perceptions/share/perceptions/local_setup.bash
[0.168s] -- Up-to-date: /home/griffin/driverless/driverless_ws/install/perceptions/share/perceptions/local_setup.sh
[0.169s] -- Up-to-date: /home/griffin/driverless/driverless_ws/install/perceptions/share/perceptions/local_setup.zsh
[0.169s] -- Up-to-date: /home/griffin/driverless/driverless_ws/install/perceptions/share/perceptions/local_setup.dsv
[0.169s] -- Installing: /home/griffin/driverless/driverless_ws/install/perceptions/share/perceptions/package.dsv
[0.169s] -- Up-to-date: /home/griffin/driverless/driverless_ws/install/perceptions/share/ament_index/resource_index/packages/perceptions
[0.169s] -- Up-to-date: /home/griffin/driverless/driverless_ws/install/perceptions/share/perceptions/cmake/perceptionsConfig.cmake
[0.169s] -- Up-to-date: /home/griffin/driverless/driverless_ws/install/perceptions/share/perceptions/cmake/perceptionsConfig-version.cmake
[0.169s] -- Up-to-date: /home/griffin/driverless/driverless_ws/install/perceptions/share/perceptions/package.xml
[0.347s] Invoked command in '/home/griffin/driverless/driverless_ws/build/perceptions' returned '0': CMAKE_PREFIX_PATH=/opt/ros/foxy /usr/bin/cmake --install /home/griffin/driverless/driverless_ws/build/perceptions
