/driverless/install/cmrdv_actuators/lib/python3.8/site-packages/cmrdv_actuators/brakes_node.py
/driverless/install/cmrdv_actuators/lib/python3.8/site-packages/cmrdv_actuators/__init__.py
/driverless/install/cmrdv_actuators/lib/python3.8/site-packages/cmrdv_actuators/fsm_node.py
/driverless/install/cmrdv_actuators/lib/python3.8/site-packages/cmrdv_actuators/steering_node.py
/driverless/install/cmrdv_actuators/lib/python3.8/site-packages/cmrdv_actuators/testFSM.py
/driverless/install/cmrdv_actuators/lib/python3.8/site-packages/cmrdv_actuators/driver_board.py
/driverless/install/cmrdv_actuators/lib/python3.8/site-packages/cmrdv_actuators/__pycache__/brakes_node.cpython-38.pyc
/driverless/install/cmrdv_actuators/lib/python3.8/site-packages/cmrdv_actuators/__pycache__/__init__.cpython-38.pyc
/driverless/install/cmrdv_actuators/lib/python3.8/site-packages/cmrdv_actuators/__pycache__/fsm_node.cpython-38.pyc
/driverless/install/cmrdv_actuators/lib/python3.8/site-packages/cmrdv_actuators/__pycache__/steering_node.cpython-38.pyc
/driverless/install/cmrdv_actuators/lib/python3.8/site-packages/cmrdv_actuators/__pycache__/testFSM.cpython-38.pyc
/driverless/install/cmrdv_actuators/lib/python3.8/site-packages/cmrdv_actuators/__pycache__/driver_board.cpython-38.pyc
/driverless/install/cmrdv_actuators/share/ament_index/resource_index/packages/cmrdv_actuators
/driverless/install/cmrdv_actuators/share/cmrdv_actuators/package.xml
/driverless/install/cmrdv_actuators/lib/python3.8/site-packages/cmrdv_actuators-0.0.0-py3.8.egg-info/PKG-INFO
/driverless/install/cmrdv_actuators/lib/python3.8/site-packages/cmrdv_actuators-0.0.0-py3.8.egg-info/dependency_links.txt
/driverless/install/cmrdv_actuators/lib/python3.8/site-packages/cmrdv_actuators-0.0.0-py3.8.egg-info/requires.txt
/driverless/install/cmrdv_actuators/lib/python3.8/site-packages/cmrdv_actuators-0.0.0-py3.8.egg-info/zip-safe
/driverless/install/cmrdv_actuators/lib/python3.8/site-packages/cmrdv_actuators-0.0.0-py3.8.egg-info/SOURCES.txt
/driverless/install/cmrdv_actuators/lib/python3.8/site-packages/cmrdv_actuators-0.0.0-py3.8.egg-info/entry_points.txt
/driverless/install/cmrdv_actuators/lib/python3.8/site-packages/cmrdv_actuators-0.0.0-py3.8.egg-info/top_level.txt
/driverless/install/cmrdv_actuators/lib/cmrdv_actuators/brake
/driverless/install/cmrdv_actuators/lib/cmrdv_actuators/fsm
/driverless/install/cmrdv_actuators/lib/cmrdv_actuators/steering
