[0.361s] DEBUG:colcon:Command line arguments: ['/home/griffin/.local/bin/colcon', 'list', '--paths-only', '--base-paths', '/home/griffin/driverless/driverless_ws/src/', '--topological-order', '--packages-select', 'rmw_cyclonedds_cpp', 'performance_test']
[0.361s] DEBUG:colcon:Parsed command line arguments: Namespace(base_paths=['/home/griffin/driverless/driverless_ws/src/'], build_base='build', ignore_user_meta=False, log_base=None, log_level=None, main=<bound method ListVerb.main of <colcon_package_information.verb.list.ListVerb object at 0x7f89e8040580>>, metas=['./colcon.meta'], names_only=False, packages_above=None, packages_above_and_dependencies=None, packages_above_depth=None, packages_end=None, packages_ignore=None, packages_ignore_regex=None, packages_select=['rmw_cyclonedds_cpp', 'performance_test'], packages_select_build_failed=False, packages_select_by_dep=None, packages_select_regex=None, packages_select_test_failures=False, packages_skip=None, packages_skip_build_finished=False, packages_skip_by_dep=None, packages_skip_regex=None, packages_skip_test_passed=False, packages_skip_up_to=None, packages_start=None, packages_up_to=None, packages_up_to_regex=None, paths=None, paths_only=True, topological_graph=False, topological_graph_density=False, topological_graph_dot=False, topological_graph_dot_cluster=False, topological_graph_dot_include_skipped=False, topological_graph_legend=False, topological_order=True, verb_extension=<colcon_package_information.verb.list.ListVerb object at 0x7f89e8040580>, verb_name='list', verb_parser=<colcon_defaults.argument_parser.defaults.DefaultArgumentsDecorator object at 0x7f89e803d9d0>)
[0.388s] Level 1:colcon.colcon_core.package_discovery:discover_packages(colcon_meta) check parameters
[0.388s] Level 1:colcon.colcon_core.package_discovery:discover_packages(recursive) check parameters
[0.388s] Level 1:colcon.colcon_core.package_discovery:discover_packages(ignore) check parameters
[0.388s] Level 1:colcon.colcon_core.package_discovery:discover_packages(path) check parameters
[0.388s] Level 1:colcon.colcon_core.package_discovery:discover_packages(recursive) discover
[0.388s] INFO:colcon.colcon_core.package_discovery:Crawling recursively for packages in '/home/griffin/driverless/driverless_ws/src'
[0.388s] Level 1:colcon.colcon_core.package_identification:_identify(/home/griffin/driverless/driverless_ws/src) by extensions ['ignore', 'ignore_ament_install']
[0.388s] Level 1:colcon.colcon_core.package_identification:_identify(/home/griffin/driverless/driverless_ws/src) by extension 'ignore'
[0.388s] Level 1:colcon.colcon_core.package_identification:_identify(/home/griffin/driverless/driverless_ws/src) by extension 'ignore_ament_install'
[0.389s] Level 1:colcon.colcon_core.package_identification:_identify(/home/griffin/driverless/driverless_ws/src) by extensions ['colcon_pkg']
[0.389s] Level 1:colcon.colcon_core.package_identification:_identify(/home/griffin/driverless/driverless_ws/src) by extension 'colcon_pkg'
[0.389s] Level 1:colcon.colcon_core.package_identification:_identify(/home/griffin/driverless/driverless_ws/src) by extensions ['colcon_meta']
[0.389s] Level 1:colcon.colcon_core.package_identification:_identify(/home/griffin/driverless/driverless_ws/src) by extension 'colcon_meta'
[0.389s] Level 1:colcon.colcon_core.package_identification:_identify(/home/griffin/driverless/driverless_ws/src) by extensions ['ros']
[0.389s] Level 1:colcon.colcon_core.package_identification:_identify(/home/griffin/driverless/driverless_ws/src) by extension 'ros'
[0.406s] Level 1:colcon.colcon_core.package_identification:_identify(/home/griffin/driverless/driverless_ws/src) by extensions ['cmake', 'python']
[0.406s] Level 1:colcon.colcon_core.package_identification:_identify(/home/griffin/driverless/driverless_ws/src) by extension 'cmake'
[0.406s] Level 1:colcon.colcon_core.package_identification:_identify(/home/griffin/driverless/driverless_ws/src) by extension 'python'
[0.406s] Level 1:colcon.colcon_core.package_identification:_identify(/home/griffin/driverless/driverless_ws/src) by extensions ['python_setup_py']
[0.406s] Level 1:colcon.colcon_core.package_identification:_identify(/home/griffin/driverless/driverless_ws/src) by extension 'python_setup_py'
[0.406s] Level 1:colcon.colcon_core.package_identification:_identify(/home/griffin/driverless/driverless_ws/src/actuators) by extensions ['ignore', 'ignore_ament_install']
[0.406s] Level 1:colcon.colcon_core.package_identification:_identify(/home/griffin/driverless/driverless_ws/src/actuators) by extension 'ignore'
[0.406s] Level 1:colcon.colcon_core.package_identification:_identify(/home/griffin/driverless/driverless_ws/src/actuators) by extension 'ignore_ament_install'
[0.406s] Level 1:colcon.colcon_core.package_identification:_identify(/home/griffin/driverless/driverless_ws/src/actuators) by extensions ['colcon_pkg']
[0.406s] Level 1:colcon.colcon_core.package_identification:_identify(/home/griffin/driverless/driverless_ws/src/actuators) by extension 'colcon_pkg'
[0.406s] Level 1:colcon.colcon_core.package_identification:_identify(/home/griffin/driverless/driverless_ws/src/actuators) by extensions ['colcon_meta']
[0.406s] Level 1:colcon.colcon_core.package_identification:_identify(/home/griffin/driverless/driverless_ws/src/actuators) by extension 'colcon_meta'
[0.406s] Level 1:colcon.colcon_core.package_identification:_identify(/home/griffin/driverless/driverless_ws/src/actuators) by extensions ['ros']
[0.407s] Level 1:colcon.colcon_core.package_identification:_identify(/home/griffin/driverless/driverless_ws/src/actuators) by extension 'ros'
[0.408s] DEBUG:colcon.colcon_core.package_identification:Package '/home/griffin/driverless/driverless_ws/src/actuators' with type 'ros.ament_cmake' and name 'actuators'
[0.408s] Level 1:colcon.colcon_core.package_identification:_identify(/home/griffin/driverless/driverless_ws/src/build) by extensions ['ignore', 'ignore_ament_install']
[0.408s] Level 1:colcon.colcon_core.package_identification:_identify(/home/griffin/driverless/driverless_ws/src/build) by extension 'ignore'
[0.408s] Level 1:colcon.colcon_core.package_identification:_identify(/home/griffin/driverless/driverless_ws/src/build) ignored
[0.409s] Level 1:colcon.colcon_core.package_identification:_identify(/home/griffin/driverless/driverless_ws/src/collection) by extensions ['ignore', 'ignore_ament_install']
[0.409s] Level 1:colcon.colcon_core.package_identification:_identify(/home/griffin/driverless/driverless_ws/src/collection) by extension 'ignore'
[0.409s] Level 1:colcon.colcon_core.package_identification:_identify(/home/griffin/driverless/driverless_ws/src/collection) by extension 'ignore_ament_install'
[0.409s] Level 1:colcon.colcon_core.package_identification:_identify(/home/griffin/driverless/driverless_ws/src/collection) by extensions ['colcon_pkg']
[0.409s] Level 1:colcon.colcon_core.package_identification:_identify(/home/griffin/driverless/driverless_ws/src/collection) by extension 'colcon_pkg'
[0.409s] Level 1:colcon.colcon_core.package_identification:_identify(/home/griffin/driverless/driverless_ws/src/collection) by extensions ['colcon_meta']
[0.409s] Level 1:colcon.colcon_core.package_identification:_identify(/home/griffin/driverless/driverless_ws/src/collection) by extension 'colcon_meta'
[0.409s] Level 1:colcon.colcon_core.package_identification:_identify(/home/griffin/driverless/driverless_ws/src/collection) by extensions ['ros']
[0.409s] Level 1:colcon.colcon_core.package_identification:_identify(/home/griffin/driverless/driverless_ws/src/collection) by extension 'ros'
[0.409s] DEBUG:colcon.colcon_core.package_identification:Package '/home/griffin/driverless/driverless_ws/src/collection' with type 'ros.ament_cmake' and name 'collection'
[0.409s] Level 1:colcon.colcon_core.package_identification:_identify(/home/griffin/driverless/driverless_ws/src/common) by extensions ['ignore', 'ignore_ament_install']
[0.409s] Level 1:colcon.colcon_core.package_identification:_identify(/home/griffin/driverless/driverless_ws/src/common) by extension 'ignore'
[0.409s] Level 1:colcon.colcon_core.package_identification:_identify(/home/griffin/driverless/driverless_ws/src/common) by extension 'ignore_ament_install'
[0.409s] Level 1:colcon.colcon_core.package_identification:_identify(/home/griffin/driverless/driverless_ws/src/common) by extensions ['colcon_pkg']
[0.409s] Level 1:colcon.colcon_core.package_identification:_identify(/home/griffin/driverless/driverless_ws/src/common) by extension 'colcon_pkg'
[0.409s] Level 1:colcon.colcon_core.package_identification:_identify(/home/griffin/driverless/driverless_ws/src/common) by extensions ['colcon_meta']
[0.409s] Level 1:colcon.colcon_core.package_identification:_identify(/home/griffin/driverless/driverless_ws/src/common) by extension 'colcon_meta'
[0.410s] Level 1:colcon.colcon_core.package_identification:_identify(/home/griffin/driverless/driverless_ws/src/common) by extensions ['ros']
[0.410s] Level 1:colcon.colcon_core.package_identification:_identify(/home/griffin/driverless/driverless_ws/src/common) by extension 'ros'
[0.410s] DEBUG:colcon.colcon_core.package_identification:Package '/home/griffin/driverless/driverless_ws/src/common' with type 'ros.ament_cmake' and name 'common'
[0.410s] Level 1:colcon.colcon_core.package_identification:_identify(/home/griffin/driverless/driverless_ws/src/controls) by extensions ['ignore', 'ignore_ament_install']
[0.410s] Level 1:colcon.colcon_core.package_identification:_identify(/home/griffin/driverless/driverless_ws/src/controls) by extension 'ignore'
[0.410s] Level 1:colcon.colcon_core.package_identification:_identify(/home/griffin/driverless/driverless_ws/src/controls) by extension 'ignore_ament_install'
[0.410s] Level 1:colcon.colcon_core.package_identification:_identify(/home/griffin/driverless/driverless_ws/src/controls) by extensions ['colcon_pkg']
[0.410s] Level 1:colcon.colcon_core.package_identification:_identify(/home/griffin/driverless/driverless_ws/src/controls) by extension 'colcon_pkg'
[0.410s] Level 1:colcon.colcon_core.package_identification:_identify(/home/griffin/driverless/driverless_ws/src/controls) by extensions ['colcon_meta']
[0.410s] Level 1:colcon.colcon_core.package_identification:_identify(/home/griffin/driverless/driverless_ws/src/controls) by extension 'colcon_meta'
[0.410s] Level 1:colcon.colcon_core.package_identification:_identify(/home/griffin/driverless/driverless_ws/src/controls) by extensions ['ros']
[0.410s] Level 1:colcon.colcon_core.package_identification:_identify(/home/griffin/driverless/driverless_ws/src/controls) by extension 'ros'
[0.411s] DEBUG:colcon.colcon_core.package_identification:Package '/home/griffin/driverless/driverless_ws/src/controls' with type 'ros.ament_cmake' and name 'controls'
[0.411s] Level 1:colcon.colcon_core.package_identification:_identify(/home/griffin/driverless/driverless_ws/src/eufs_msgs) by extensions ['ignore', 'ignore_ament_install']
[0.411s] Level 1:colcon.colcon_core.package_identification:_identify(/home/griffin/driverless/driverless_ws/src/eufs_msgs) by extension 'ignore'
[0.411s] Level 1:colcon.colcon_core.package_identification:_identify(/home/griffin/driverless/driverless_ws/src/eufs_msgs) by extension 'ignore_ament_install'
[0.411s] Level 1:colcon.colcon_core.package_identification:_identify(/home/griffin/driverless/driverless_ws/src/eufs_msgs) by extensions ['colcon_pkg']
[0.411s] Level 1:colcon.colcon_core.package_identification:_identify(/home/griffin/driverless/driverless_ws/src/eufs_msgs) by extension 'colcon_pkg'
[0.411s] Level 1:colcon.colcon_core.package_identification:_identify(/home/griffin/driverless/driverless_ws/src/eufs_msgs) by extensions ['colcon_meta']
[0.411s] Level 1:colcon.colcon_core.package_identification:_identify(/home/griffin/driverless/driverless_ws/src/eufs_msgs) by extension 'colcon_meta'
[0.411s] Level 1:colcon.colcon_core.package_identification:_identify(/home/griffin/driverless/driverless_ws/src/eufs_msgs) by extensions ['ros']
[0.411s] Level 1:colcon.colcon_core.package_identification:_identify(/home/griffin/driverless/driverless_ws/src/eufs_msgs) by extension 'ros'
[0.411s] Level 1:colcon.colcon_core.package_identification:_identify(/home/griffin/driverless/driverless_ws/src/eufs_msgs) by extensions ['cmake', 'python']
[0.411s] Level 1:colcon.colcon_core.package_identification:_identify(/home/griffin/driverless/driverless_ws/src/eufs_msgs) by extension 'cmake'
[0.411s] Level 1:colcon.colcon_core.package_identification:_identify(/home/griffin/driverless/driverless_ws/src/eufs_msgs) by extension 'python'
[0.411s] Level 1:colcon.colcon_core.package_identification:_identify(/home/griffin/driverless/driverless_ws/src/eufs_msgs) by extensions ['python_setup_py']
[0.411s] Level 1:colcon.colcon_core.package_identification:_identify(/home/griffin/driverless/driverless_ws/src/eufs_msgs) by extension 'python_setup_py'
[0.412s] Level 1:colcon.colcon_core.package_identification:_identify(/home/griffin/driverless/driverless_ws/src/install) by extensions ['ignore', 'ignore_ament_install']
[0.412s] Level 1:colcon.colcon_core.package_identification:_identify(/home/griffin/driverless/driverless_ws/src/install) by extension 'ignore'
[0.412s] Level 1:colcon.colcon_core.package_identification:_identify(/home/griffin/driverless/driverless_ws/src/install) ignored
[0.412s] Level 1:colcon.colcon_core.package_identification:_identify(/home/griffin/driverless/driverless_ws/src/interfaces) by extensions ['ignore', 'ignore_ament_install']
[0.412s] Level 1:colcon.colcon_core.package_identification:_identify(/home/griffin/driverless/driverless_ws/src/interfaces) by extension 'ignore'
[0.412s] Level 1:colcon.colcon_core.package_identification:_identify(/home/griffin/driverless/driverless_ws/src/interfaces) by extension 'ignore_ament_install'
[0.412s] Level 1:colcon.colcon_core.package_identification:_identify(/home/griffin/driverless/driverless_ws/src/interfaces) by extensions ['colcon_pkg']
[0.412s] Level 1:colcon.colcon_core.package_identification:_identify(/home/griffin/driverless/driverless_ws/src/interfaces) by extension 'colcon_pkg'
[0.412s] Level 1:colcon.colcon_core.package_identification:_identify(/home/griffin/driverless/driverless_ws/src/interfaces) by extensions ['colcon_meta']
[0.412s] Level 1:colcon.colcon_core.package_identification:_identify(/home/griffin/driverless/driverless_ws/src/interfaces) by extension 'colcon_meta'
[0.412s] Level 1:colcon.colcon_core.package_identification:_identify(/home/griffin/driverless/driverless_ws/src/interfaces) by extensions ['ros']
[0.412s] Level 1:colcon.colcon_core.package_identification:_identify(/home/griffin/driverless/driverless_ws/src/interfaces) by extension 'ros'
[0.412s] DEBUG:colcon.colcon_core.package_identification:Package '/home/griffin/driverless/driverless_ws/src/interfaces' with type 'ros.ament_cmake' and name 'interfaces'
[0.413s] Level 1:colcon.colcon_core.package_identification:_identify(/home/griffin/driverless/driverless_ws/src/log) by extensions ['ignore', 'ignore_ament_install']
[0.413s] Level 1:colcon.colcon_core.package_identification:_identify(/home/griffin/driverless/driverless_ws/src/log) by extension 'ignore'
[0.413s] Level 1:colcon.colcon_core.package_identification:_identify(/home/griffin/driverless/driverless_ws/src/log) ignored
[0.413s] Level 1:colcon.colcon_core.package_identification:_identify(/home/griffin/driverless/driverless_ws/src/perceptions) by extensions ['ignore', 'ignore_ament_install']
[0.413s] Level 1:colcon.colcon_core.package_identification:_identify(/home/griffin/driverless/driverless_ws/src/perceptions) by extension 'ignore'
[0.413s] Level 1:colcon.colcon_core.package_identification:_identify(/home/griffin/driverless/driverless_ws/src/perceptions) by extension 'ignore_ament_install'
[0.413s] Level 1:colcon.colcon_core.package_identification:_identify(/home/griffin/driverless/driverless_ws/src/perceptions) by extensions ['colcon_pkg']
[0.413s] Level 1:colcon.colcon_core.package_identification:_identify(/home/griffin/driverless/driverless_ws/src/perceptions) by extension 'colcon_pkg'
[0.413s] Level 1:colcon.colcon_core.package_identification:_identify(/home/griffin/driverless/driverless_ws/src/perceptions) by extensions ['colcon_meta']
[0.413s] Level 1:colcon.colcon_core.package_identification:_identify(/home/griffin/driverless/driverless_ws/src/perceptions) by extension 'colcon_meta'
[0.413s] Level 1:colcon.colcon_core.package_identification:_identify(/home/griffin/driverless/driverless_ws/src/perceptions) by extensions ['ros']
[0.413s] Level 1:colcon.colcon_core.package_identification:_identify(/home/griffin/driverless/driverless_ws/src/perceptions) by extension 'ros'
[0.414s] DEBUG:colcon.colcon_core.package_identification:Package '/home/griffin/driverless/driverless_ws/src/perceptions' with type 'ros.ament_cmake' and name 'perceptions'
[0.414s] Level 1:colcon.colcon_core.package_identification:_identify(/home/griffin/driverless/driverless_ws/src/planning) by extensions ['ignore', 'ignore_ament_install']
[0.414s] Level 1:colcon.colcon_core.package_identification:_identify(/home/griffin/driverless/driverless_ws/src/planning) by extension 'ignore'
[0.414s] Level 1:colcon.colcon_core.package_identification:_identify(/home/griffin/driverless/driverless_ws/src/planning) by extension 'ignore_ament_install'
[0.414s] Level 1:colcon.colcon_core.package_identification:_identify(/home/griffin/driverless/driverless_ws/src/planning) by extensions ['colcon_pkg']
[0.414s] Level 1:colcon.colcon_core.package_identification:_identify(/home/griffin/driverless/driverless_ws/src/planning) by extension 'colcon_pkg'
[0.414s] Level 1:colcon.colcon_core.package_identification:_identify(/home/griffin/driverless/driverless_ws/src/planning) by extensions ['colcon_meta']
[0.414s] Level 1:colcon.colcon_core.package_identification:_identify(/home/griffin/driverless/driverless_ws/src/planning) by extension 'colcon_meta'
[0.414s] Level 1:colcon.colcon_core.package_identification:_identify(/home/griffin/driverless/driverless_ws/src/planning) by extensions ['ros']
[0.414s] Level 1:colcon.colcon_core.package_identification:_identify(/home/griffin/driverless/driverless_ws/src/planning) by extension 'ros'
[0.415s] DEBUG:colcon.colcon_core.package_identification:Package '/home/griffin/driverless/driverless_ws/src/planning' with type 'ros.ament_cmake' and name 'planning'
[0.415s] Level 1:colcon.colcon_core.package_discovery:discover_packages(recursive) using defaults
[0.418s] WARNING:colcon.colcon_core.package_selection:ignoring unknown package 'rmw_cyclonedds_cpp' in --packages-select
[0.418s] WARNING:colcon.colcon_core.package_selection:ignoring unknown package 'performance_test' in --packages-select
[0.438s] INFO:colcon.colcon_core.package_selection:Skipping not selected package 'actuators' in '/home/griffin/driverless/driverless_ws/src/actuators'
[0.438s] INFO:colcon.colcon_core.package_selection:Skipping not selected package 'collection' in '/home/griffin/driverless/driverless_ws/src/collection'
[0.439s] INFO:colcon.colcon_core.package_selection:Skipping not selected package 'common' in '/home/griffin/driverless/driverless_ws/src/common'
[0.439s] INFO:colcon.colcon_core.package_selection:Skipping not selected package 'controls' in '/home/griffin/driverless/driverless_ws/src/controls'
[0.439s] INFO:colcon.colcon_core.package_selection:Skipping not selected package 'interfaces' in '/home/griffin/driverless/driverless_ws/src/interfaces'
[0.439s] INFO:colcon.colcon_core.package_selection:Skipping not selected package 'perceptions' in '/home/griffin/driverless/driverless_ws/src/perceptions'
[0.439s] INFO:colcon.colcon_core.package_selection:Skipping not selected package 'planning' in '/home/griffin/driverless/driverless_ws/src/planning'
