1740091590.4972773 [INFO] [launch]: All log files can be found below /home/chip/Documents/driverless/logs/2025-02-20-17-46-30-496340-chip-16107
1740091590.4974122 [INFO] [launch]: Default logging verbosity is set to INFO
1740091590.5966551 [INFO] [rosbridge_websocket-1]: process started with pid [16109]
1740091590.5968280 [INFO] [rosapi_node-2]: process started with pid [16111]
1740091815.2728879 [rosapi_node-2] Error processing '// generated from rosidl_adapter/resource/msg.idl.em' of 'hesai_ros_driver/LossPacket': '//'
1740091815.2732761 [rosapi_node-2] Error processing '// generated from rosidl_adapter/resource/msg.idl.em' of 'hesai_ros_driver/LossPacket': '//'
1740091815.2735162 [rosapi_node-2] Error processing '// generated from rosidl_adapter/resource/msg.idl.em' of 'hesai_ros_driver/LossPacket': '//'
1740091815.2737231 [rosapi_node-2] Error processing '// generated from rosidl_adapter/resource/msg.idl.em' of 'hesai_ros_driver/LossPacket': '//'
1740091815.2739143 [rosapi_node-2] Error processing '// generated from rosidl_adapter/resource/msg.idl.em' of 'hesai_ros_driver/LossPacket': '//'
1740091815.2741020 [rosapi_node-2] Error processing '// generated from rosidl_adapter/resource/msg.idl.em' of 'hesai_ros_driver/LossPacket': '//'
1740091815.2742844 [rosapi_node-2] Error processing '// generated from rosidl_adapter/resource/msg.idl.em' of 'hesai_ros_driver/LossPacket': '//'
1740091815.2744634 [rosapi_node-2] Error processing '// generated from rosidl_adapter/resource/msg.idl.em' of 'hesai_ros_driver/LossPacket': '//'
1740091815.2746425 [rosapi_node-2] Error processing '// generated from rosidl_adapter/resource/msg.idl.em' of 'hesai_ros_driver/LossPacket': '//'
1740091815.2748256 [rosapi_node-2] Error processing '// generated from rosidl_adapter/resource/msg.idl.em' of 'hesai_ros_driver/LossPacket': '//'
1740091815.2750051 [rosapi_node-2] Error processing '// generated from rosidl_adapter/resource/msg.idl.em' of 'hesai_ros_driver/LossPacket': '//'
1740091815.2751820 [rosapi_node-2] Error processing '// generated from rosidl_adapter/resource/msg.idl.em' of 'hesai_ros_driver/LossPacket': '//'
1740091815.2753839 [rosapi_node-2] Error processing '// generated from rosidl_adapter/resource/msg.idl.em' of 'hesai_ros_driver/LossPacket': '//'
1740091815.2755687 [rosapi_node-2] Error processing '// generated from rosidl_adapter/resource/msg.idl.em' of 'hesai_ros_driver/LossPacket': '//'
1740091815.2757473 [rosapi_node-2] Error processing '// generated from rosidl_adapter/resource/msg.idl.em' of 'hesai_ros_driver/LossPacket': '//'
1740091815.2759295 [rosapi_node-2] Error processing '// generated from rosidl_adapter/resource/msg.idl.em' of 'hesai_ros_driver/LossPacket': '//'
1740091815.2761085 [rosapi_node-2] Error processing '// generated from rosidl_adapter/resource/msg.idl.em' of 'hesai_ros_driver/LossPacket': '//'
1740091815.2762866 [rosapi_node-2] Error processing '// generated from rosidl_adapter/resource/msg.idl.em' of 'hesai_ros_driver/LossPacket': '//'
1740091815.2764633 [rosapi_node-2] Error processing '// generated from rosidl_adapter/resource/msg.idl.em' of 'hesai_ros_driver/LossPacket': '//'
1740091815.2766399 [rosapi_node-2] Error processing '// generated from rosidl_adapter/resource/msg.idl.em' of 'hesai_ros_driver/LossPacket': '//'
1740091815.2768190 [rosapi_node-2] Error processing '// generated from rosidl_adapter/resource/msg.idl.em' of 'hesai_ros_driver/LossPacket': '//'
1740091815.2770121 [rosapi_node-2] Error processing '// generated from rosidl_adapter/resource/msg.idl.em' of 'hesai_ros_driver/LossPacket': '//'
1740091815.2771957 [rosapi_node-2] Error processing '// generated from rosidl_adapter/resource/msg.idl.em' of 'hesai_ros_driver/LossPacket': '//'
1740091815.2773757 [rosapi_node-2] Error processing '// generated from rosidl_adapter/resource/msg.idl.em' of 'hesai_ros_driver/LossPacket': '//'
1740091815.2775548 [rosapi_node-2] Error processing '// generated from rosidl_adapter/resource/msg.idl.em' of 'hesai_ros_driver/LossPacket': '//'
1740091815.2777362 [rosapi_node-2] Error processing '// generated from rosidl_adapter/resource/msg.idl.em' of 'hesai_ros_driver/LossPacket': '//'
1740091815.2779534 [rosapi_node-2] Error processing '// generated from rosidl_adapter/resource/msg.idl.em' of 'hesai_ros_driver/LossPacket': '//'
1740091815.2781417 [rosapi_node-2] Error processing '// generated from rosidl_adapter/resource/msg.idl.em' of 'hesai_ros_driver/LossPacket': '//'
1740091815.2783241 [rosapi_node-2] Error processing '// generated from rosidl_adapter/resource/msg.idl.em' of 'hesai_ros_driver/LossPacket': '//'
1740091815.2785060 [rosapi_node-2] Error processing '// generated from rosidl_adapter/resource/msg.idl.em' of 'hesai_ros_driver/LossPacket': '//'
1740091815.2787356 [rosapi_node-2] Error processing '// generated from rosidl_adapter/resource/msg.idl.em' of 'hesai_ros_driver/LossPacket': '//'
1740091815.2789207 [rosapi_node-2] Error processing '// generated from rosidl_adapter/resource/msg.idl.em' of 'hesai_ros_driver/LossPacket': '//'
1740091815.2790999 [rosapi_node-2] Error processing '// generated from rosidl_adapter/resource/msg.idl.em' of 'hesai_ros_driver/LossPacket': '//'
1740091815.2792797 [rosapi_node-2] Error processing '// generated from rosidl_adapter/resource/msg.idl.em' of 'hesai_ros_driver/LossPacket': '//'
1740091815.2794933 [rosapi_node-2] Error processing '// generated from rosidl_adapter/resource/msg.idl.em' of 'hesai_ros_driver/LossPacket': '//'
1740091815.2796814 [rosapi_node-2] Error processing '// generated from rosidl_adapter/resource/msg.idl.em' of 'hesai_ros_driver/LossPacket': '//'
1740091815.2798676 [rosapi_node-2] Error processing '// generated from rosidl_adapter/resource/msg.idl.em' of 'hesai_ros_driver/LossPacket': '//'
1740091815.2800515 [rosapi_node-2] Error processing '// generated from rosidl_adapter/resource/msg.idl.em' of 'hesai_ros_driver/LossPacket': '//'
1740091815.2802346 [rosapi_node-2] Error processing '// generated from rosidl_adapter/resource/msg.idl.em' of 'hesai_ros_driver/LossPacket': '//'
1740091815.2804151 [rosapi_node-2] Error processing '// generated from rosidl_adapter/resource/msg.idl.em' of 'hesai_ros_driver/LossPacket': '//'
1740091815.2808633 [rosapi_node-2] Error processing '// generated from rosidl_adapter/resource/msg.idl.em' of 'hesai_ros_driver/LossPacket': '//'
1740091815.2810557 [rosapi_node-2] Error processing '// generated from rosidl_adapter/resource/msg.idl.em' of 'hesai_ros_driver/LossPacket': '//'
1740091815.2812426 [rosapi_node-2] Error processing '// generated from rosidl_adapter/resource/msg.idl.em' of 'hesai_ros_driver/LossPacket': '//'
1740091815.2814298 [rosapi_node-2] Error processing '// generated from rosidl_adapter/resource/msg.idl.em' of 'hesai_ros_driver/LossPacket': '//'
1740091815.2816110 [rosapi_node-2] Error processing '// generated from rosidl_adapter/resource/msg.idl.em' of 'hesai_ros_driver/LossPacket': '//'
1740091815.2817900 [rosapi_node-2] Error processing '// generated from rosidl_adapter/resource/msg.idl.em' of 'hesai_ros_driver/LossPacket': '//'
1740091815.2819722 [rosapi_node-2] Error processing '// generated from rosidl_adapter/resource/msg.idl.em' of 'hesai_ros_driver/LossPacket': '//'
1740091815.2821491 [rosapi_node-2] Error processing '// generated from rosidl_adapter/resource/msg.idl.em' of 'hesai_ros_driver/LossPacket': '//'
1740091815.2823312 [rosapi_node-2] Error processing '// generated from rosidl_adapter/resource/msg.idl.em' of 'hesai_ros_driver/LossPacket': '//'
1740091815.2828777 [rosapi_node-2] Error processing '// generated from rosidl_adapter/resource/msg.idl.em' of 'hesai_ros_driver/LossPacket': '//'
1740091815.2830877 [rosapi_node-2] Error processing '// generated from rosidl_adapter/resource/msg.idl.em' of 'hesai_ros_driver/LossPacket': '//'
1740091815.2832725 [rosapi_node-2] Error processing '// generated from rosidl_adapter/resource/msg.idl.em' of 'hesai_ros_driver/LossPacket': '//'
1740091815.2834880 [rosapi_node-2] Error processing '// generated from rosidl_adapter/resource/msg.idl.em' of 'hesai_ros_driver/LossPacket': '//'
1740091815.2836750 [rosapi_node-2] Error processing '// generated from rosidl_adapter/resource/msg.idl.em' of 'hesai_ros_driver/LossPacket': '//'
1740091815.2838762 [rosapi_node-2] Error processing '// generated from rosidl_adapter/resource/msg.idl.em' of 'hesai_ros_driver/LossPacket': '//'
1740091815.2840607 [rosapi_node-2] Error processing '// generated from rosidl_adapter/resource/msg.idl.em' of 'hesai_ros_driver/LossPacket': '//'
1740091815.2842391 [rosapi_node-2] Error processing '// generated from rosidl_adapter/resource/msg.idl.em' of 'hesai_ros_driver/LossPacket': '//'
1740091815.2844155 [rosapi_node-2] Error processing '// generated from rosidl_adapter/resource/msg.idl.em' of 'hesai_ros_driver/LossPacket': '//'
1740091815.2845967 [rosapi_node-2] Error processing '// generated from rosidl_adapter/resource/msg.idl.em' of 'hesai_ros_driver/LossPacket': '//'
1740091815.2847764 [rosapi_node-2] Error processing '// generated from rosidl_adapter/resource/msg.idl.em' of 'hesai_ros_driver/LossPacket': '//'
1740091815.2849624 [rosapi_node-2] Error processing '// generated from rosidl_adapter/resource/msg.idl.em' of 'hesai_ros_driver/LossPacket': '//'
1740091815.2851436 [rosapi_node-2] Error processing '// generated from rosidl_adapter/resource/msg.idl.em' of 'hesai_ros_driver/LossPacket': '//'
1740091815.2853203 [rosapi_node-2] Error processing '// generated from rosidl_adapter/resource/msg.idl.em' of 'hesai_ros_driver/LossPacket': '//'
1740091815.2854996 [rosapi_node-2] Error processing '// generated from rosidl_adapter/resource/msg.idl.em' of 'hesai_ros_driver/LossPacket': '//'
1740091815.2856824 [rosapi_node-2] Error processing '// generated from rosidl_adapter/resource/msg.idl.em' of 'hesai_ros_driver/LossPacket': '//'
1740091815.2858608 [rosapi_node-2] Error processing '// generated from rosidl_adapter/resource/msg.idl.em' of 'hesai_ros_driver/LossPacket': '//'
1740091815.2860403 [rosapi_node-2] Error processing '// generated from rosidl_adapter/resource/msg.idl.em' of 'hesai_ros_driver/LossPacket': '//'
1740091815.2862210 [rosapi_node-2] Error processing '// generated from rosidl_adapter/resource/msg.idl.em' of 'hesai_ros_driver/LossPacket': '//'
1740091815.2863989 [rosapi_node-2] Error processing '// generated from rosidl_adapter/resource/msg.idl.em' of 'hesai_ros_driver/LossPacket': '//'
1740091815.2865772 [rosapi_node-2] Error processing '// generated from rosidl_adapter/resource/msg.idl.em' of 'hesai_ros_driver/LossPacket': '//'
1740091815.2867568 [rosapi_node-2] Error processing '// generated from rosidl_adapter/resource/msg.idl.em' of 'hesai_ros_driver/LossPacket': '//'
1740091815.2869368 [rosapi_node-2] Error processing '// generated from rosidl_adapter/resource/msg.idl.em' of 'hesai_ros_driver/LossPacket': '//'
1740091815.2871175 [rosapi_node-2] Error processing '// generated from rosidl_adapter/resource/msg.idl.em' of 'hesai_ros_driver/LossPacket': '//'
1740092036.2337790 [rosapi_node-2] Error processing '// generated from rosidl_adapter/resource/msg.idl.em' of 'hesai_ros_driver/LossPacket': '//'
1740092036.2341092 [rosapi_node-2] Error processing '// generated from rosidl_adapter/resource/msg.idl.em' of 'hesai_ros_driver/LossPacket': '//'
1740092036.2343042 [rosapi_node-2] Error processing '// generated from rosidl_adapter/resource/msg.idl.em' of 'hesai_ros_driver/LossPacket': '//'
1740092036.2344747 [rosapi_node-2] Error processing '// generated from rosidl_adapter/resource/msg.idl.em' of 'hesai_ros_driver/LossPacket': '//'
1740092036.2346375 [rosapi_node-2] Error processing '// generated from rosidl_adapter/resource/msg.idl.em' of 'hesai_ros_driver/LossPacket': '//'
1740092036.2347896 [rosapi_node-2] Error processing '// generated from rosidl_adapter/resource/msg.idl.em' of 'hesai_ros_driver/LossPacket': '//'
1740092036.2349412 [rosapi_node-2] Error processing '// generated from rosidl_adapter/resource/msg.idl.em' of 'hesai_ros_driver/LossPacket': '//'
1740092036.2350867 [rosapi_node-2] Error processing '// generated from rosidl_adapter/resource/msg.idl.em' of 'hesai_ros_driver/LossPacket': '//'
1740092036.2352316 [rosapi_node-2] Error processing '// generated from rosidl_adapter/resource/msg.idl.em' of 'hesai_ros_driver/LossPacket': '//'
1740092036.2354221 [rosapi_node-2] Error processing '// generated from rosidl_adapter/resource/msg.idl.em' of 'hesai_ros_driver/LossPacket': '//'
1740092036.2355747 [rosapi_node-2] Error processing '// generated from rosidl_adapter/resource/msg.idl.em' of 'hesai_ros_driver/LossPacket': '//'
1740092036.2357252 [rosapi_node-2] Error processing '// generated from rosidl_adapter/resource/msg.idl.em' of 'hesai_ros_driver/LossPacket': '//'
1740092036.2358704 [rosapi_node-2] Error processing '// generated from rosidl_adapter/resource/msg.idl.em' of 'hesai_ros_driver/LossPacket': '//'
1740092036.2360132 [rosapi_node-2] Error processing '// generated from rosidl_adapter/resource/msg.idl.em' of 'hesai_ros_driver/LossPacket': '//'
1740092036.2361577 [rosapi_node-2] Error processing '// generated from rosidl_adapter/resource/msg.idl.em' of 'hesai_ros_driver/LossPacket': '//'
1740092036.2363031 [rosapi_node-2] Error processing '// generated from rosidl_adapter/resource/msg.idl.em' of 'hesai_ros_driver/LossPacket': '//'
1740092036.2364459 [rosapi_node-2] Error processing '// generated from rosidl_adapter/resource/msg.idl.em' of 'hesai_ros_driver/LossPacket': '//'
1740092036.2365885 [rosapi_node-2] Error processing '// generated from rosidl_adapter/resource/msg.idl.em' of 'hesai_ros_driver/LossPacket': '//'
1740092036.2367315 [rosapi_node-2] Error processing '// generated from rosidl_adapter/resource/msg.idl.em' of 'hesai_ros_driver/LossPacket': '//'
1740092036.2368727 [rosapi_node-2] Error processing '// generated from rosidl_adapter/resource/msg.idl.em' of 'hesai_ros_driver/LossPacket': '//'
1740092036.2370124 [rosapi_node-2] Error processing '// generated from rosidl_adapter/resource/msg.idl.em' of 'hesai_ros_driver/LossPacket': '//'
1740092036.2371566 [rosapi_node-2] Error processing '// generated from rosidl_adapter/resource/msg.idl.em' of 'hesai_ros_driver/LossPacket': '//'
1740092036.2372987 [rosapi_node-2] Error processing '// generated from rosidl_adapter/resource/msg.idl.em' of 'hesai_ros_driver/LossPacket': '//'
1740092036.2374389 [rosapi_node-2] Error processing '// generated from rosidl_adapter/resource/msg.idl.em' of 'hesai_ros_driver/LossPacket': '//'
1740092036.2375827 [rosapi_node-2] Error processing '// generated from rosidl_adapter/resource/msg.idl.em' of 'hesai_ros_driver/LossPacket': '//'
1740092036.2377334 [rosapi_node-2] Error processing '// generated from rosidl_adapter/resource/msg.idl.em' of 'hesai_ros_driver/LossPacket': '//'
1740092036.2378817 [rosapi_node-2] Error processing '// generated from rosidl_adapter/resource/msg.idl.em' of 'hesai_ros_driver/LossPacket': '//'
1740092036.2380254 [rosapi_node-2] Error processing '// generated from rosidl_adapter/resource/msg.idl.em' of 'hesai_ros_driver/LossPacket': '//'
1740092036.2381718 [rosapi_node-2] Error processing '// generated from rosidl_adapter/resource/msg.idl.em' of 'hesai_ros_driver/LossPacket': '//'
1740092036.2383199 [rosapi_node-2] Error processing '// generated from rosidl_adapter/resource/msg.idl.em' of 'hesai_ros_driver/LossPacket': '//'
1740092036.2384694 [rosapi_node-2] Error processing '// generated from rosidl_adapter/resource/msg.idl.em' of 'hesai_ros_driver/LossPacket': '//'
1740092036.2386174 [rosapi_node-2] Error processing '// generated from rosidl_adapter/resource/msg.idl.em' of 'hesai_ros_driver/LossPacket': '//'
1740092036.2387652 [rosapi_node-2] Error processing '// generated from rosidl_adapter/resource/msg.idl.em' of 'hesai_ros_driver/LossPacket': '//'
1740092036.2389081 [rosapi_node-2] Error processing '// generated from rosidl_adapter/resource/msg.idl.em' of 'hesai_ros_driver/LossPacket': '//'
1740092036.2390511 [rosapi_node-2] Error processing '// generated from rosidl_adapter/resource/msg.idl.em' of 'hesai_ros_driver/LossPacket': '//'
1740092036.2391925 [rosapi_node-2] Error processing '// generated from rosidl_adapter/resource/msg.idl.em' of 'hesai_ros_driver/LossPacket': '//'
1740092036.2393470 [rosapi_node-2] Error processing '// generated from rosidl_adapter/resource/msg.idl.em' of 'hesai_ros_driver/LossPacket': '//'
1740092036.2395105 [rosapi_node-2] Error processing '// generated from rosidl_adapter/resource/msg.idl.em' of 'hesai_ros_driver/LossPacket': '//'
1740092036.2396567 [rosapi_node-2] Error processing '// generated from rosidl_adapter/resource/msg.idl.em' of 'hesai_ros_driver/LossPacket': '//'
1740092036.2398028 [rosapi_node-2] Error processing '// generated from rosidl_adapter/resource/msg.idl.em' of 'hesai_ros_driver/LossPacket': '//'
1740092036.2399478 [rosapi_node-2] Error processing '// generated from rosidl_adapter/resource/msg.idl.em' of 'hesai_ros_driver/LossPacket': '//'
1740092036.2400906 [rosapi_node-2] Error processing '// generated from rosidl_adapter/resource/msg.idl.em' of 'hesai_ros_driver/LossPacket': '//'
1740092036.2402408 [rosapi_node-2] Error processing '// generated from rosidl_adapter/resource/msg.idl.em' of 'hesai_ros_driver/LossPacket': '//'
1740092036.2403877 [rosapi_node-2] Error processing '// generated from rosidl_adapter/resource/msg.idl.em' of 'hesai_ros_driver/LossPacket': '//'
1740092036.2405343 [rosapi_node-2] Error processing '// generated from rosidl_adapter/resource/msg.idl.em' of 'hesai_ros_driver/LossPacket': '//'
1740092036.2406800 [rosapi_node-2] Error processing '// generated from rosidl_adapter/resource/msg.idl.em' of 'hesai_ros_driver/LossPacket': '//'
1740092036.2408228 [rosapi_node-2] Error processing '// generated from rosidl_adapter/resource/msg.idl.em' of 'hesai_ros_driver/LossPacket': '//'
1740092036.2409663 [rosapi_node-2] Error processing '// generated from rosidl_adapter/resource/msg.idl.em' of 'hesai_ros_driver/LossPacket': '//'
1740092036.2411125 [rosapi_node-2] Error processing '// generated from rosidl_adapter/resource/msg.idl.em' of 'hesai_ros_driver/LossPacket': '//'
1740092036.2412601 [rosapi_node-2] Error processing '// generated from rosidl_adapter/resource/msg.idl.em' of 'hesai_ros_driver/LossPacket': '//'
1740092036.2414050 [rosapi_node-2] Error processing '// generated from rosidl_adapter/resource/msg.idl.em' of 'hesai_ros_driver/LossPacket': '//'
1740092036.2415638 [rosapi_node-2] Error processing '// generated from rosidl_adapter/resource/msg.idl.em' of 'hesai_ros_driver/LossPacket': '//'
1740092036.2417138 [rosapi_node-2] Error processing '// generated from rosidl_adapter/resource/msg.idl.em' of 'hesai_ros_driver/LossPacket': '//'
1740092036.2418621 [rosapi_node-2] Error processing '// generated from rosidl_adapter/resource/msg.idl.em' of 'hesai_ros_driver/LossPacket': '//'
1740092036.2420089 [rosapi_node-2] Error processing '// generated from rosidl_adapter/resource/msg.idl.em' of 'hesai_ros_driver/LossPacket': '//'
1740092036.2421582 [rosapi_node-2] Error processing '// generated from rosidl_adapter/resource/msg.idl.em' of 'hesai_ros_driver/LossPacket': '//'
1740092036.2423024 [rosapi_node-2] Error processing '// generated from rosidl_adapter/resource/msg.idl.em' of 'hesai_ros_driver/LossPacket': '//'
1740092036.2424495 [rosapi_node-2] Error processing '// generated from rosidl_adapter/resource/msg.idl.em' of 'hesai_ros_driver/LossPacket': '//'
1740092036.2425954 [rosapi_node-2] Error processing '// generated from rosidl_adapter/resource/msg.idl.em' of 'hesai_ros_driver/LossPacket': '//'
1740092036.2427366 [rosapi_node-2] Error processing '// generated from rosidl_adapter/resource/msg.idl.em' of 'hesai_ros_driver/LossPacket': '//'
1740092036.2428818 [rosapi_node-2] Error processing '// generated from rosidl_adapter/resource/msg.idl.em' of 'hesai_ros_driver/LossPacket': '//'
1740092036.2430258 [rosapi_node-2] Error processing '// generated from rosidl_adapter/resource/msg.idl.em' of 'hesai_ros_driver/LossPacket': '//'
1740092036.2431710 [rosapi_node-2] Error processing '// generated from rosidl_adapter/resource/msg.idl.em' of 'hesai_ros_driver/LossPacket': '//'
1740092036.2433293 [rosapi_node-2] Error processing '// generated from rosidl_adapter/resource/msg.idl.em' of 'hesai_ros_driver/LossPacket': '//'
1740092036.2437458 [rosapi_node-2] Error processing '// generated from rosidl_adapter/resource/msg.idl.em' of 'hesai_ros_driver/LossPacket': '//'
1740092036.2439237 [rosapi_node-2] Error processing '// generated from rosidl_adapter/resource/msg.idl.em' of 'hesai_ros_driver/LossPacket': '//'
1740092036.2440734 [rosapi_node-2] Error processing '// generated from rosidl_adapter/resource/msg.idl.em' of 'hesai_ros_driver/LossPacket': '//'
1740092036.2444320 [rosapi_node-2] Error processing '// generated from rosidl_adapter/resource/msg.idl.em' of 'hesai_ros_driver/LossPacket': '//'
1740092036.2445903 [rosapi_node-2] Error processing '// generated from rosidl_adapter/resource/msg.idl.em' of 'hesai_ros_driver/LossPacket': '//'
1740092036.2447391 [rosapi_node-2] Error processing '// generated from rosidl_adapter/resource/msg.idl.em' of 'hesai_ros_driver/LossPacket': '//'
1740092036.2448876 [rosapi_node-2] Error processing '// generated from rosidl_adapter/resource/msg.idl.em' of 'hesai_ros_driver/LossPacket': '//'
1740092036.2450342 [rosapi_node-2] Error processing '// generated from rosidl_adapter/resource/msg.idl.em' of 'hesai_ros_driver/LossPacket': '//'
1740092036.2451801 [rosapi_node-2] Error processing '// generated from rosidl_adapter/resource/msg.idl.em' of 'hesai_ros_driver/LossPacket': '//'
1740092081.8083799 [WARNING] [launch]: user interrupted with ctrl-c (SIGINT)
1740092081.8108642 [rosapi_node-2] Error processing '// generated from rosidl_adapter/resource/msg.idl.em' of 'hesai_ros_driver/LossPacket': '//'
1740092081.8110497 [rosapi_node-2] Error processing '// generated from rosidl_adapter/resource/msg.idl.em' of 'hesai_ros_driver/LossPacket': '//'
1740092081.8111770 [rosapi_node-2] Error processing '// generated from rosidl_adapter/resource/msg.idl.em' of 'hesai_ros_driver/LossPacket': '//'
1740092081.8112853 [rosapi_node-2] Error processing '// generated from rosidl_adapter/resource/msg.idl.em' of 'hesai_ros_driver/LossPacket': '//'
1740092081.8114111 [rosapi_node-2] Error processing '// generated from rosidl_adapter/resource/msg.idl.em' of 'hesai_ros_driver/LossPacket': '//'
1740092081.8115129 [rosapi_node-2] Error processing '// generated from rosidl_adapter/resource/msg.idl.em' of 'hesai_ros_driver/LossPacket': '//'
1740092081.8116145 [rosapi_node-2] Error processing '// generated from rosidl_adapter/resource/msg.idl.em' of 'hesai_ros_driver/LossPacket': '//'
1740092081.8117151 [rosapi_node-2] Error processing '// generated from rosidl_adapter/resource/msg.idl.em' of 'hesai_ros_driver/LossPacket': '//'
1740092081.8118145 [rosapi_node-2] Error processing '// generated from rosidl_adapter/resource/msg.idl.em' of 'hesai_ros_driver/LossPacket': '//'
1740092081.8119140 [rosapi_node-2] Error processing '// generated from rosidl_adapter/resource/msg.idl.em' of 'hesai_ros_driver/LossPacket': '//'
1740092081.8120143 [rosapi_node-2] Error processing '// generated from rosidl_adapter/resource/msg.idl.em' of 'hesai_ros_driver/LossPacket': '//'
1740092081.8121121 [rosapi_node-2] Error processing '// generated from rosidl_adapter/resource/msg.idl.em' of 'hesai_ros_driver/LossPacket': '//'
1740092081.8122098 [rosapi_node-2] Error processing '// generated from rosidl_adapter/resource/msg.idl.em' of 'hesai_ros_driver/LossPacket': '//'
1740092081.8123064 [rosapi_node-2] Error processing '// generated from rosidl_adapter/resource/msg.idl.em' of 'hesai_ros_driver/LossPacket': '//'
1740092081.8124063 [rosapi_node-2] Error processing '// generated from rosidl_adapter/resource/msg.idl.em' of 'hesai_ros_driver/LossPacket': '//'
1740092081.8125069 [rosapi_node-2] Error processing '// generated from rosidl_adapter/resource/msg.idl.em' of 'hesai_ros_driver/LossPacket': '//'
1740092081.8128927 [rosapi_node-2] Exiting due to SIGINT
1740092081.8643079 [INFO] [rosapi_node-2]: process has finished cleanly [pid 16111]
1740092081.8703713 [INFO] [rosbridge_websocket-1]: process has finished cleanly [pid 16109]
