[0.047s] Invoking command in '/home/andrewwhong/workspace/driverless/driverless_ws/src/build/controls': CMAKE_PREFIX_PATH=${CMAKE_PREFIX_PATH}:/opt/ros/foxy /usr/bin/cmake --build /home/andrewwhong/workspace/driverless/driverless_ws/src/build/controls -- -j12 -l12
[0.089s] Invoked command in '/home/andrewwhong/workspace/driverless/driverless_ws/src/build/controls' returned '0': CMAKE_PREFIX_PATH=${CMAKE_PREFIX_PATH}:/opt/ros/foxy /usr/bin/cmake --build /home/andrewwhong/workspace/driverless/driverless_ws/src/build/controls -- -j12 -l12
[0.139s] Invoking command in '/home/andrewwhong/workspace/driverless/driverless_ws/src/build/controls': CMAKE_PREFIX_PATH=${CMAKE_PREFIX_PATH}:/opt/ros/foxy /usr/bin/cmake --install /home/andrewwhong/workspace/driverless/driverless_ws/src/build/controls
[0.176s] -- Install configuration: ""
[0.176s] -- Up-to-date: /home/andrewwhong/workspace/driverless/driverless_ws/src/install/controls/share/ament_index/resource_index/package_run_dependencies/controls
[0.176s] -- Up-to-date: /home/andrewwhong/workspace/driverless/driverless_ws/src/install/controls/share/ament_index/resource_index/parent_prefix_path/controls
[0.176s] -- Up-to-date: /home/andrewwhong/workspace/driverless/driverless_ws/src/install/controls/share/controls/environment/ament_prefix_path.sh
[0.176s] -- Up-to-date: /home/andrewwhong/workspace/driverless/driverless_ws/src/install/controls/share/controls/environment/ament_prefix_path.dsv
[0.177s] -- Up-to-date: /home/andrewwhong/workspace/driverless/driverless_ws/src/install/controls/share/controls/environment/path.sh
[0.177s] -- Up-to-date: /home/andrewwhong/workspace/driverless/driverless_ws/src/install/controls/share/controls/environment/path.dsv
[0.177s] -- Up-to-date: /home/andrewwhong/workspace/driverless/driverless_ws/src/install/controls/share/controls/local_setup.bash
[0.177s] -- Up-to-date: /home/andrewwhong/workspace/driverless/driverless_ws/src/install/controls/share/controls/local_setup.sh
[0.177s] -- Up-to-date: /home/andrewwhong/workspace/driverless/driverless_ws/src/install/controls/share/controls/local_setup.zsh
[0.178s] -- Up-to-date: /home/andrewwhong/workspace/driverless/driverless_ws/src/install/controls/share/controls/local_setup.dsv
[0.178s] -- Installing: /home/andrewwhong/workspace/driverless/driverless_ws/src/install/controls/share/controls/package.dsv
[0.180s] -- Up-to-date: /home/andrewwhong/workspace/driverless/driverless_ws/src/install/controls/share/ament_index/resource_index/packages/controls
[0.181s] -- Up-to-date: /home/andrewwhong/workspace/driverless/driverless_ws/src/install/controls/share/controls/cmake/controlsConfig.cmake
[0.182s] -- Up-to-date: /home/andrewwhong/workspace/driverless/driverless_ws/src/install/controls/share/controls/cmake/controlsConfig-version.cmake
[0.182s] -- Up-to-date: /home/andrewwhong/workspace/driverless/driverless_ws/src/install/controls/share/controls/package.xml
[0.247s] Invoked command in '/home/andrewwhong/workspace/driverless/driverless_ws/src/build/controls' returned '0': CMAKE_PREFIX_PATH=${CMAKE_PREFIX_PATH}:/opt/ros/foxy /usr/bin/cmake --install /home/andrewwhong/workspace/driverless/driverless_ws/src/build/controls
