[0.047s] Invoking command in '/home/andrewwhong/workspace/driverless/driverless_ws/src/build/interfaces': CMAKE_PREFIX_PATH=${CMAKE_PREFIX_PATH}:/opt/ros/foxy /usr/bin/cmake --build /home/andrewwhong/workspace/driverless/driverless_ws/src/build/interfaces -- -j12 -l12
[0.115s] Invoked command in '/home/andrewwhong/workspace/driverless/driverless_ws/src/build/interfaces' returned '0': CMAKE_PREFIX_PATH=${CMAKE_PREFIX_PATH}:/opt/ros/foxy /usr/bin/cmake --build /home/andrewwhong/workspace/driverless/driverless_ws/src/build/interfaces -- -j12 -l12
[0.196s] Invoking command in '/home/andrewwhong/workspace/driverless/driverless_ws/src/build/interfaces': CMAKE_PREFIX_PATH=${CMAKE_PREFIX_PATH}:/opt/ros/foxy /usr/bin/cmake --install /home/andrewwhong/workspace/driverless/driverless_ws/src/build/interfaces
[0.217s] -- Install configuration: ""
[0.217s] -- Up-to-date: /home/andrewwhong/workspace/driverless/driverless_ws/src/install/interfaces/share/ament_index/resource_index/package_run_dependencies/interfaces
[0.218s] -- Up-to-date: /home/andrewwhong/workspace/driverless/driverless_ws/src/install/interfaces/share/ament_index/resource_index/parent_prefix_path/interfaces
[0.219s] -- Up-to-date: /home/andrewwhong/workspace/driverless/driverless_ws/src/install/interfaces/share/interfaces/environment/ament_prefix_path.sh
[0.219s] -- Up-to-date: /home/andrewwhong/workspace/driverless/driverless_ws/src/install/interfaces/share/interfaces/environment/ament_prefix_path.dsv
[0.220s] -- Up-to-date: /home/andrewwhong/workspace/driverless/driverless_ws/src/install/interfaces/share/interfaces/environment/path.sh
[0.220s] -- Up-to-date: /home/andrewwhong/workspace/driverless/driverless_ws/src/install/interfaces/share/interfaces/environment/path.dsv
[0.220s] -- Up-to-date: /home/andrewwhong/workspace/driverless/driverless_ws/src/install/interfaces/share/interfaces/local_setup.bash
[0.220s] -- Up-to-date: /home/andrewwhong/workspace/driverless/driverless_ws/src/install/interfaces/share/interfaces/local_setup.sh
[0.222s] -- Up-to-date: /home/andrewwhong/workspace/driverless/driverless_ws/src/install/interfaces/share/interfaces/local_setup.zsh
[0.223s] -- Up-to-date: /home/andrewwhong/workspace/driverless/driverless_ws/src/install/interfaces/share/interfaces/local_setup.dsv
[0.223s] -- Installing: /home/andrewwhong/workspace/driverless/driverless_ws/src/install/interfaces/share/interfaces/package.dsv
[0.224s] -- Up-to-date: /home/andrewwhong/workspace/driverless/driverless_ws/src/install/interfaces/share/ament_index/resource_index/packages/interfaces
[0.224s] -- Up-to-date: /home/andrewwhong/workspace/driverless/driverless_ws/src/install/interfaces/share/interfaces/cmake/interfacesConfig.cmake
[0.225s] -- Up-to-date: /home/andrewwhong/workspace/driverless/driverless_ws/src/install/interfaces/share/interfaces/cmake/interfacesConfig-version.cmake
[0.225s] -- Up-to-date: /home/andrewwhong/workspace/driverless/driverless_ws/src/install/interfaces/share/interfaces/package.xml
[0.255s] Invoked command in '/home/andrewwhong/workspace/driverless/driverless_ws/src/build/interfaces' returned '0': CMAKE_PREFIX_PATH=${CMAKE_PREFIX_PATH}:/opt/ros/foxy /usr/bin/cmake --install /home/andrewwhong/workspace/driverless/driverless_ws/src/build/interfaces
