[INFO] [1740184535.640151314] [point_to_pixel]: Connected to ZED camera. /dev/video0
[INFO] [1740184537.741746921] [point_to_pixel]: Point to Pixel Node INITIALIZED
[INFO] [1740184539.196604534] [point_to_pixel]: Received message with 1 cones
[INFO] [1740184539.196722649] [point_to_pixel]: 3x4 projection_matrix:
0.356734 -0.252727 -0.0855737 0.571975 
0.222691 0.00579586 -0.362287 0.541769 
0.000475588 3.17523e-05 -0.000124827 0.000776226 

[INFO] [1740184559.877579070] [point_to_pixel]: x: 789.849800, y: 465.267199, color: 1, conf: 0.359600
[INFO] [1740184559.877655213] [point_to_pixel]: Transform callback triggered.
[INFO] [1740184587.316726612] [point_to_pixel]: Received message with 1 cones
[INFO] [1740184587.316788166] [point_to_pixel]: 3x4 projection_matrix:
0.356734 -0.252727 -0.0855737 0.571975 
0.222691 0.00579586 -0.362287 0.541769 
0.000475588 3.17523e-05 -0.000124827 0.000776226 

[INFO] [1740184639.948989473] [point_to_pixel]: x: 1303.336847, y: 453.535434, color: -1, conf: 0.000000
[INFO] [1740184639.949074248] [point_to_pixel]: Transform callback triggered.
[INFO] [1740184718.919317136] [point_to_pixel]: Received message with 1 cones
[INFO] [1740184718.919386405] [point_to_pixel]: 3x4 projection_matrix:
0.356734 -0.252727 -0.0855737 0.571975 
0.222691 0.00579586 -0.362287 0.541769 
0.000475588 3.17523e-05 -0.000124827 0.000776226 

[INFO] [1740184743.263700357] [point_to_pixel]: x: 779.173763, y: 420.876075, color: 1, conf: 0.061600
[INFO] [1740184743.263793183] [point_to_pixel]: Transform callback triggered.
[INFO] [1740184755.298000536] [point_to_pixel]: Received message with 1 cones
[INFO] [1740184755.298091505] [point_to_pixel]: 3x4 projection_matrix:
0.356734 -0.252727 -0.0855737 0.571975 
0.222691 0.00579586 -0.362287 0.541769 
0.000475588 3.17523e-05 -0.000124827 0.000776226 

[INFO] [1740184775.576427627] [point_to_pixel]: x: 865.174032, y: 517.215957, color: 1, conf: 0.705200
[INFO] [1740184775.576509101] [point_to_pixel]: Transform callback triggered.
[INFO] [1740184817.381506447] [point_to_pixel]: Received message with 1 cones
[INFO] [1740184817.381608853] [point_to_pixel]: 3x4 projection_matrix:
0.356734 -0.252727 -0.0855737 0.571975 
0.222691 0.00579586 -0.362287 0.541769 
0.000475588 3.17523e-05 -0.000124827 0.000776226 

[INFO] [1740184868.386942400] [point_to_pixel]: x: 928.274067, y: 442.569328, color: 2, conf: 0.065600
[INFO] [1740184868.387055277] [point_to_pixel]: Transform callback triggered.
[INFO] [1740184873.434662647] [rclcpp]: signal_handler(signal_value=2)
