[DEBUG] [1737935306.509390197] [rclcpp]: signal handler installed
[DEBUG] [1737935306.509469733] [rcl]: Initializing node 'point_to_pixel' in namespace ''
[DEBUG] [1737935306.509485357] [rcl]: Using domain ID of '0'
[DEBUG] [1737935306.515128313] [rcl]: Initializing publisher for topic name '/rosout'
[DEBUG] [1737935306.515154154] [rcl]: Expanded topic name '/rosout'
[DEBUG] [1737935306.515767620] [rcl]: Publisher initialized
[DEBUG] [1737935306.515784507] [rcl]: Node initialized
[DEBUG] [1737935306.509429368] [rclcpp]: deferred_signal_handler(): waiting for SIGINT or uninstall
[DEBUG] [1737935306.515847889] [rcl]: Initializing service for service name 'point_to_pixel/get_parameters'
[DEBUG] [1737935306.515857830] [rcl]: Expanded service name '/point_to_pixel/get_parameters'
[DEBUG] [1737935306.516054328] [rmw_fastrtps_cpp]: ************ Service Details *********
[DEBUG] [1737935306.516063987] [rmw_fastrtps_cpp]: Sub Topic rq/point_to_pixel/get_parametersRequest
[DEBUG] [1737935306.516068270] [rmw_fastrtps_cpp]: Pub Topic rr/point_to_pixel/get_parametersReply
[DEBUG] [1737935306.516072055] [rmw_fastrtps_cpp]: ***********
[DEBUG] [1737935306.516292905] [rcl]: Service initialized
[DEBUG] [1737935306.516317566] [rcl]: Initializing service for service name 'point_to_pixel/get_parameter_types'
[DEBUG] [1737935306.516324740] [rcl]: Expanded service name '/point_to_pixel/get_parameter_types'
[DEBUG] [1737935306.516372182] [rmw_fastrtps_cpp]: ************ Service Details *********
[DEBUG] [1737935306.516379156] [rmw_fastrtps_cpp]: Sub Topic rq/point_to_pixel/get_parameter_typesRequest
[DEBUG] [1737935306.516383084] [rmw_fastrtps_cpp]: Pub Topic rr/point_to_pixel/get_parameter_typesReply
[DEBUG] [1737935306.516386618] [rmw_fastrtps_cpp]: ***********
[DEBUG] [1737935306.516549972] [rcl]: Service initialized
[DEBUG] [1737935306.516567589] [rcl]: Initializing service for service name 'point_to_pixel/set_parameters'
[DEBUG] [1737935306.516581421] [rcl]: Expanded service name '/point_to_pixel/set_parameters'
[DEBUG] [1737935306.516627591] [rmw_fastrtps_cpp]: ************ Service Details *********
[DEBUG] [1737935306.516633818] [rmw_fastrtps_cpp]: Sub Topic rq/point_to_pixel/set_parametersRequest
[DEBUG] [1737935306.516637398] [rmw_fastrtps_cpp]: Pub Topic rr/point_to_pixel/set_parametersReply
[DEBUG] [1737935306.516641336] [rmw_fastrtps_cpp]: ***********
[DEBUG] [1737935306.516831594] [rcl]: Service initialized
[DEBUG] [1737935306.516848085] [rcl]: Initializing service for service name 'point_to_pixel/set_parameters_atomically'
[DEBUG] [1737935306.516854629] [rcl]: Expanded service name '/point_to_pixel/set_parameters_atomically'
[DEBUG] [1737935306.516902885] [rmw_fastrtps_cpp]: ************ Service Details *********
[DEBUG] [1737935306.516909392] [rmw_fastrtps_cpp]: Sub Topic rq/point_to_pixel/set_parameters_atomicallyRequest
[DEBUG] [1737935306.516913355] [rmw_fastrtps_cpp]: Pub Topic rr/point_to_pixel/set_parameters_atomicallyReply
[DEBUG] [1737935306.516918193] [rmw_fastrtps_cpp]: ***********
[DEBUG] [1737935306.517083995] [rcl]: Service initialized
[DEBUG] [1737935306.517101526] [rcl]: Initializing service for service name 'point_to_pixel/describe_parameters'
[DEBUG] [1737935306.517107880] [rcl]: Expanded service name '/point_to_pixel/describe_parameters'
[DEBUG] [1737935306.517154277] [rmw_fastrtps_cpp]: ************ Service Details *********
[DEBUG] [1737935306.517160796] [rmw_fastrtps_cpp]: Sub Topic rq/point_to_pixel/describe_parametersRequest
[DEBUG] [1737935306.517164489] [rmw_fastrtps_cpp]: Pub Topic rr/point_to_pixel/describe_parametersReply
[DEBUG] [1737935306.517168229] [rmw_fastrtps_cpp]: ***********
[DEBUG] [1737935306.517324430] [rcl]: Service initialized
[DEBUG] [1737935306.517343513] [rcl]: Initializing service for service name 'point_to_pixel/list_parameters'
[DEBUG] [1737935306.517367112] [rcl]: Expanded service name '/point_to_pixel/list_parameters'
[DEBUG] [1737935306.517444215] [rmw_fastrtps_cpp]: ************ Service Details *********
[DEBUG] [1737935306.517450364] [rmw_fastrtps_cpp]: Sub Topic rq/point_to_pixel/list_parametersRequest
[DEBUG] [1737935306.517475267] [rmw_fastrtps_cpp]: Pub Topic rr/point_to_pixel/list_parametersReply
[DEBUG] [1737935306.517497420] [rmw_fastrtps_cpp]: ***********
[DEBUG] [1737935306.517660489] [rcl]: Service initialized
[DEBUG] [1737935306.517682483] [rcl]: Initializing publisher for topic name '/parameter_events'
[DEBUG] [1737935306.517689634] [rcl]: Expanded topic name '/parameter_events'
[DEBUG] [1737935306.517836359] [rcl]: Publisher initialized
[DEBUG] [1737935306.517895293] [rcl]: Finalizing event
[DEBUG] [1737935306.517900909] [rcl]: Event finalized
[DEBUG] [1737935306.518008620] [rcl]: Initializing subscription for topic name '/parameter_events'
[DEBUG] [1737935306.518018046] [rcl]: Expanded topic name '/parameter_events'
[DEBUG] [1737935306.518164342] [rcl]: Subscription initialized
[DEBUG] [1737935306.518198083] [rcl]: Finalizing event
[DEBUG] [1737935306.518203887] [rcl]: Event finalized
[INFO] [1737935306.521881383] [point_to_pixel]: INFO: Cannot open camera video capture
[ERROR] [1737935306.521923880] [point_to_pixel]: Cannot open camera video capture
[INFO] [1737935306.521934515] [point_to_pixel]: Connected to ZED camera. /dev/video0
[INFO] [1737935306.553579799] [point_to_pixel]: Connected to ZED camera. /dev/video2
[DEBUG] [1737935306.553647502] [rcl]: Initializing publisher for topic name 'colored_cones'
[DEBUG] [1737935306.553660726] [rcl]: Expanded topic name '/colored_cones'
[DEBUG] [1737935306.554280218] [rcl]: Publisher initialized
[DEBUG] [1737935306.554355511] [rcl]: Finalizing event
[DEBUG] [1737935306.554364074] [rcl]: Event finalized
[DEBUG] [1737935306.554412487] [rcl]: Initializing subscription for topic name 'cone_array'
[DEBUG] [1737935306.554425118] [rcl]: Expanded topic name '/cone_array'
[DEBUG] [1737935306.554598761] [rcl]: Subscription initialized
[DEBUG] [1737935306.554644224] [rcl]: Finalizing event
[DEBUG] [1737935306.554652238] [rcl]: Event finalized
[DEBUG] [1737935306.554774717] [rcl]: Initializing timer with period: 500000000ns
[INFO] [1737935306.554798894] [point_to_pixel]: Point to Pixel Node INITIALIZED
[DEBUG] [1737935306.554825557] [rcl]: Initializing wait set with '0' subscriptions, '2' guard conditions, '0' timers, '0' clients, '0' services
[DEBUG] [1737935306.554872735] [rcl]: Waiting with timeout: 0s + 499917281ns
[DEBUG] [1737935306.554880461] [rcl]: Timeout calculated based on next scheduled timer: true
[DEBUG] [1737935306.554891893] [rcl]: Subscription in wait set is ready
[DEBUG] [1737935306.554897332] [rcl]: Guard condition in wait set is ready
[DEBUG] [1737935306.554901934] [rcl]: Guard condition in wait set is ready
[DEBUG] [1737935306.554924336] [rcl]: Subscription taking message
[DEBUG] [1737935306.554980178] [rcl]: Subscription take succeeded: true
[DEBUG] [1737935306.555008136] [rcl]: Waiting with timeout: 0s + 499781687ns
[DEBUG] [1737935306.555014462] [rcl]: Timeout calculated based on next scheduled timer: true
[DEBUG] [1737935306.555021194] [rcl]: Subscription in wait set is ready
[DEBUG] [1737935306.555026183] [rcl]: Guard condition in wait set is ready
[DEBUG] [1737935306.555033503] [rcl]: Subscription taking message
[DEBUG] [1737935306.555042529] [rcl]: Subscription take succeeded: true
[DEBUG] [1737935306.555052536] [rcl]: Waiting with timeout: 0s + 499737207ns
[DEBUG] [1737935306.555058263] [rcl]: Timeout calculated based on next scheduled timer: true
[DEBUG] [1737935306.555064510] [rcl]: Guard condition in wait set is ready
[DEBUG] [1737935306.555072011] [rcl]: Waiting with timeout: 0s + 499717646ns
[DEBUG] [1737935306.555077393] [rcl]: Timeout calculated based on next scheduled timer: true
[DEBUG] [1737935307.054942495] [rcl]: Timer in wait set is ready
[DEBUG] [1737935307.055047459] [rcl]: Calling timer
[INFO] [1737935307.055077367] [point_to_pixel]: Timer callback triggered.
[DEBUG] [1737935307.055287380] [rcl]: Waiting with timeout: 0s + 499517169ns
[DEBUG] [1737935307.055320820] [rcl]: Timeout calculated based on next scheduled timer: true
[DEBUG] [1737935307.055341438] [rcl]: Guard condition in wait set is ready
[DEBUG] [1737935307.055364272] [rcl]: Waiting with timeout: 0s + 499439082ns
[DEBUG] [1737935307.055444551] [rcl]: Timeout calculated based on next scheduled timer: true
[DEBUG] [1737935307.554971199] [rcl]: Timer in wait set is ready
[DEBUG] [1737935307.555000896] [rcl]: Calling timer
[INFO] [1737935307.555008318] [point_to_pixel]: Timer callback triggered.
[DEBUG] [1737935307.555062062] [rcl]: Waiting with timeout: 0s + 499754315ns
[DEBUG] [1737935307.555068612] [rcl]: Timeout calculated based on next scheduled timer: true
[DEBUG] [1737935307.555073814] [rcl]: Guard condition in wait set is ready
[DEBUG] [1737935307.555079066] [rcl]: Waiting with timeout: 0s + 499737017ns
[DEBUG] [1737935307.555082132] [rcl]: Timeout calculated based on next scheduled timer: true
[DEBUG] [1737935308.054920841] [rcl]: Timer in wait set is ready
[DEBUG] [1737935308.054955478] [rcl]: Calling timer
[INFO] [1737935308.054964055] [point_to_pixel]: Timer callback triggered.
[DEBUG] [1737935308.055092727] [rcl]: Waiting with timeout: 0s + 499736965ns
[DEBUG] [1737935308.055100500] [rcl]: Timeout calculated based on next scheduled timer: true
[DEBUG] [1737935308.055105711] [rcl]: Guard condition in wait set is ready
[DEBUG] [1737935308.055111832] [rcl]: Waiting with timeout: 0s + 499717503ns
[DEBUG] [1737935308.055132670] [rcl]: Timeout calculated based on next scheduled timer: true
[DEBUG] [1737935308.554918644] [rcl]: Timer in wait set is ready
[DEBUG] [1737935308.554954961] [rcl]: Calling timer
[INFO] [1737935308.554964364] [point_to_pixel]: Timer callback triggered.
[DEBUG] [1737935308.555024980] [rcl]: Waiting with timeout: 0s + 499817880ns
[DEBUG] [1737935308.555031272] [rcl]: Timeout calculated based on next scheduled timer: true
[DEBUG] [1737935308.555038074] [rcl]: Guard condition in wait set is ready
[DEBUG] [1737935308.555044081] [rcl]: Waiting with timeout: 0s + 499798484ns
[DEBUG] [1737935308.555048044] [rcl]: Timeout calculated based on next scheduled timer: true
[DEBUG] [1737935309.054906504] [rcl]: Timer in wait set is ready
[DEBUG] [1737935309.054941711] [rcl]: Calling timer
[INFO] [1737935309.054950961] [point_to_pixel]: Timer callback triggered.
[DEBUG] [1737935309.055066844] [rcl]: Waiting with timeout: 0s + 499789237ns
[DEBUG] [1737935309.055072720] [rcl]: Timeout calculated based on next scheduled timer: true
[DEBUG] [1737935309.055097660] [rcl]: Guard condition in wait set is ready
[DEBUG] [1737935309.055106876] [rcl]: Waiting with timeout: 0s + 499748944ns
[DEBUG] [1737935309.055110995] [rcl]: Timeout calculated based on next scheduled timer: true
[DEBUG] [1737935309.554927646] [rcl]: Timer in wait set is ready
[DEBUG] [1737935309.554957908] [rcl]: Calling timer
[INFO] [1737935309.554965242] [point_to_pixel]: Timer callback triggered.
[DEBUG] [1737935309.555055240] [rcl]: Waiting with timeout: 0s + 499814329ns
[DEBUG] [1737935309.555061823] [rcl]: Timeout calculated based on next scheduled timer: true
[DEBUG] [1737935309.555084364] [rcl]: Guard condition in wait set is ready
[DEBUG] [1737935309.555089640] [rcl]: Waiting with timeout: 0s + 499779411ns
[DEBUG] [1737935309.555093883] [rcl]: Timeout calculated based on next scheduled timer: true
[DEBUG] [1737935310.054944186] [rcl]: Timer in wait set is ready
[DEBUG] [1737935310.054981548] [rcl]: Calling timer
[INFO] [1737935310.054990002] [point_to_pixel]: Timer callback triggered.
[DEBUG] [1737935310.055088241] [rcl]: Waiting with timeout: 0s + 499794403ns
[DEBUG] [1737935310.055095582] [rcl]: Timeout calculated based on next scheduled timer: true
[DEBUG] [1737935310.055101017] [rcl]: Guard condition in wait set is ready
[DEBUG] [1737935310.055106761] [rcl]: Waiting with timeout: 0s + 499775530ns
[DEBUG] [1737935310.055110601] [rcl]: Timeout calculated based on next scheduled timer: true
[DEBUG] [1737935310.554987123] [rcl]: Timer in wait set is ready
[DEBUG] [1737935310.555018317] [rcl]: Calling timer
[INFO] [1737935310.555026061] [point_to_pixel]: Timer callback triggered.
[DEBUG] [1737935310.555091631] [rcl]: Waiting with timeout: 0s + 499804135ns
[DEBUG] [1737935310.555098121] [rcl]: Timeout calculated based on next scheduled timer: true
[DEBUG] [1737935310.555185226] [rcl]: Guard condition in wait set is ready
[DEBUG] [1737935310.555210150] [rcl]: Waiting with timeout: 0s + 499685408ns
[DEBUG] [1737935310.555213942] [rcl]: Timeout calculated based on next scheduled timer: true
[DEBUG] [1737935311.054966629] [rcl]: Timer in wait set is ready
[DEBUG] [1737935311.054997132] [rcl]: Calling timer
[INFO] [1737935311.055004655] [point_to_pixel]: Timer callback triggered.
[DEBUG] [1737935311.055065401] [rcl]: Waiting with timeout: 0s + 499843918ns
[DEBUG] [1737935311.055090831] [rcl]: Timeout calculated based on next scheduled timer: true
[DEBUG] [1737935311.055095778] [rcl]: Guard condition in wait set is ready
[DEBUG] [1737935311.055101041] [rcl]: Waiting with timeout: 0s + 499807737ns
[DEBUG] [1737935311.055104377] [rcl]: Timeout calculated based on next scheduled timer: true
[DEBUG] [1737935311.555013034] [rcl]: Timer in wait set is ready
[DEBUG] [1737935311.555058359] [rcl]: Calling timer
[INFO] [1737935311.555066500] [point_to_pixel]: Timer callback triggered.
[DEBUG] [1737935311.555183593] [rcl]: Waiting with timeout: 0s + 499738672ns
[DEBUG] [1737935311.555188966] [rcl]: Timeout calculated based on next scheduled timer: true
[DEBUG] [1737935311.555209569] [rcl]: Guard condition in wait set is ready
[DEBUG] [1737935311.555214786] [rcl]: Waiting with timeout: 0s + 499707215ns
[DEBUG] [1737935311.555233861] [rcl]: Timeout calculated based on next scheduled timer: true
[DEBUG] [1737935312.055049558] [rcl]: Timer in wait set is ready
[DEBUG] [1737935312.055083888] [rcl]: Calling timer
[INFO] [1737935312.055092211] [point_to_pixel]: Timer callback triggered.
[DEBUG] [1737935312.055155731] [rcl]: Waiting with timeout: 0s + 499779773ns
[DEBUG] [1737935312.055176508] [rcl]: Timeout calculated based on next scheduled timer: true
[DEBUG] [1737935312.055182408] [rcl]: Guard condition in wait set is ready
[DEBUG] [1737935312.055205706] [rcl]: Waiting with timeout: 0s + 499729543ns
[DEBUG] [1737935312.055209613] [rcl]: Timeout calculated based on next scheduled timer: true
[DEBUG] [1737935312.555045856] [rcl]: Timer in wait set is ready
[DEBUG] [1737935312.555080024] [rcl]: Calling timer
[INFO] [1737935312.555087985] [point_to_pixel]: Timer callback triggered.
[DEBUG] [1737935312.555176124] [rcl]: Waiting with timeout: 0s + 499772858ns
[DEBUG] [1737935312.555182853] [rcl]: Timeout calculated based on next scheduled timer: true
[DEBUG] [1737935312.555189369] [rcl]: Guard condition in wait set is ready
[DEBUG] [1737935312.555195310] [rcl]: Waiting with timeout: 0s + 499753178ns
[DEBUG] [1737935312.555199546] [rcl]: Timeout calculated based on next scheduled timer: true
[DEBUG] [1737935313.055051707] [rcl]: Timer in wait set is ready
[DEBUG] [1737935313.055085094] [rcl]: Calling timer
[INFO] [1737935313.055093477] [point_to_pixel]: Timer callback triggered.
[DEBUG] [1737935313.055171326] [rcl]: Waiting with timeout: 0s + 499790677ns
[DEBUG] [1737935313.055193825] [rcl]: Timeout calculated based on next scheduled timer: true
[DEBUG] [1737935313.055200674] [rcl]: Guard condition in wait set is ready
[DEBUG] [1737935313.055222550] [rcl]: Waiting with timeout: 0s + 499739200ns
[DEBUG] [1737935313.055226298] [rcl]: Timeout calculated based on next scheduled timer: true
[INFO] [1737935313.135734348] [rclcpp]: signal_handler(signal_value=2)
[DEBUG] [1737935313.135788208] [rclcpp]: signal_handler(): SIGINT received, notifying deferred signal handler
[DEBUG] [1737935313.135833658] [rclcpp]: deferred_signal_handler(): woken up due to SIGINT or uninstall
[DEBUG] [1737935313.135866638] [rclcpp]: deferred_signal_handler(): SIGINT received, shutting down
[DEBUG] [1737935313.135967057] [rclcpp]: deferred_signal_handler(): shutting down rclcpp::Context @ 0x56352966a1f0, because it had shutdown_on_sigint == true
[DEBUG] [1737935313.135976218] [rcl]: Shutting down ROS client library, for context at address: 0x56352966a400
