[INFO] [1739827605.191034201] [point_to_pixel]: Connected to ZED camera. /dev/video0
[INFO] [1739827607.192642967] [point_to_pixel]: 720, 2560
[INFO] [1739827607.274432534] [point_to_pixel]: Point to Pixel Node INITIALIZED
[INFO] [1739827614.660569086] [point_to_pixel]: Received message with 1 cones
[INFO] [1739827614.660786525] [point_to_pixel]: 3x4 projection_matrix:
0 0 0 0 
0 0 0 0 
0 0 0 0 

[INFO] [1739827614.660864013] [point_to_pixel]: -868633219, -327182352 

[INFO] [1739827614.660908892] [point_to_pixel]: 720, 2560
[INFO] [1739827614.663075435] [point_to_pixel]: Transformed Cone: -1, 0.000000
[INFO] [1739827614.663202194] [point_to_pixel]: Transform callback triggered.
[INFO] [1739827635.433710154] [point_to_pixel]: Received message with 1 cones
[INFO] [1739827635.433889248] [point_to_pixel]: 3x4 projection_matrix:
0 0 0 0 
0 0 0 0 
0 0 0 0 

[INFO] [1739827635.433958453] [point_to_pixel]: -868633219, -327182352 

[INFO] [1739827635.434001141] [point_to_pixel]: 720, 2560
[INFO] [1739827635.435951988] [point_to_pixel]: Transformed Cone: -1, 0.000000
[INFO] [1739827635.436037515] [point_to_pixel]: Transform callback triggered.
[INFO] [1739827755.066677278] [rclcpp]: signal_handler(signal_value=2)
