[INFO] [1737935369.192268440] [point_to_pixel]: INFO: Cannot open camera video capture
[ERROR] [1737935369.192492966] [point_to_pixel]: Cannot open camera video capture
[INFO] [1737935369.192539309] [point_to_pixel]: Connected to ZED camera. /dev/video0
[INFO] [1737935369.229637415] [point_to_pixel]: Connected to ZED camera. /dev/video2
[INFO] [1737935369.232583345] [point_to_pixel]: Point to Pixel Node INITIALIZED
[INFO] [1737935369.732673503] [point_to_pixel]: Timer callback triggered.
[INFO] [1737935370.232683734] [point_to_pixel]: Timer callback triggered.
[INFO] [1737935370.732694850] [point_to_pixel]: Timer callback triggered.
[INFO] [1737935371.232698230] [point_to_pixel]: Timer callback triggered.
[INFO] [1737935371.732713845] [point_to_pixel]: Timer callback triggered.
[INFO] [1737935372.232734288] [point_to_pixel]: Timer callback triggered.
[INFO] [1737935372.732721043] [point_to_pixel]: Timer callback triggered.
[INFO] [1737935373.232730598] [point_to_pixel]: Timer callback triggered.
[INFO] [1737935373.732743343] [point_to_pixel]: Timer callback triggered.
[INFO] [1737935374.232786064] [point_to_pixel]: Timer callback triggered.
[INFO] [1737935374.732769439] [point_to_pixel]: Timer callback triggered.
[INFO] [1737935375.232780623] [point_to_pixel]: Timer callback triggered.
[INFO] [1737935375.732795125] [point_to_pixel]: Timer callback triggered.
[INFO] [1737935376.232810733] [point_to_pixel]: Timer callback triggered.
[INFO] [1737935376.732852723] [point_to_pixel]: Timer callback triggered.
[INFO] [1737935377.232836086] [point_to_pixel]: Timer callback triggered.
[INFO] [1737935377.585337650] [rclcpp]: signal_handler(signal_value=2)
