[INFO] [1740092000.529660514] [point_to_pixel]: Connected to ZED camera. /dev/video0
[INFO] [1740092002.611737430] [point_to_pixel]: Point to Pixel Node INITIALIZED
[INFO] [1740092006.822757991] [point_to_pixel]: Received message with 1 cones
[INFO] [1740092006.822919839] [point_to_pixel]: 3x4 projection_matrix:
47.5602 -22.7669 147.475 239.948 
11.8954 10.2463 6.61386 121.573 
0.0407478 0.0356229 0.165725 0.243424 

[INFO] [1740092009.000365291] [point_to_pixel]: x: 965.660339, y: 396.633636, color: 0, conf: 0.177600
[INFO] [1740092009.000461275] [point_to_pixel]: Transform callback triggered.
[INFO] [1740092017.209995413] [point_to_pixel]: Received message with 1 cones
[INFO] [1740092017.210092717] [point_to_pixel]: 3x4 projection_matrix:
47.5602 -22.7669 147.475 239.948 
11.8954 10.2463 6.61386 121.573 
0.0407478 0.0356229 0.165725 0.243424 

[INFO] [1740092020.072344346] [point_to_pixel]: x: 944.647855, y: 323.173660, color: 2, conf: 0.757600
[INFO] [1740092020.072532596] [point_to_pixel]: Transform callback triggered.
[INFO] [1740092025.115252909] [point_to_pixel]: Received message with 1 cones
[INFO] [1740092025.115430851] [point_to_pixel]: 3x4 projection_matrix:
47.5602 -22.7669 147.475 239.948 
11.8954 10.2463 6.61386 121.573 
0.0407478 0.0356229 0.165725 0.243424 

[INFO] [1740092068.781479362] [point_to_pixel]: x: 966.290484, y: 424.900749, color: 0, conf: 0.185200
[INFO] [1740092068.781626556] [point_to_pixel]: Transform callback triggered.
[INFO] [1740092071.560244207] [rclcpp]: signal_handler(signal_value=2)
