[INFO] [1738789530.338436447] [point_to_pixel]: Connected to ZED camera. /dev/video0
[INFO] [1738789530.340268804] [point_to_pixel]: Point to Pixel Node INITIALIZED
[INFO] [1738789618.549622677] [point_to_pixel]: Received message with 0 cones
[INFO] [1738789618.549663418] [point_to_pixel]: Transform callback triggered.
[INFO] [1738789619.549550393] [point_to_pixel]: Received message with 0 cones
[INFO] [1738789619.549599246] [point_to_pixel]: Transform callback triggered.
[INFO] [1738789620.549548589] [point_to_pixel]: Received message with 0 cones
[INFO] [1738789620.549586114] [point_to_pixel]: Transform callback triggered.
[INFO] [1738789626.455570013] [point_to_pixel]: Received message with 0 cones
[INFO] [1738789626.455637095] [point_to_pixel]: Transform callback triggered.
[INFO] [1738789776.039087162] [point_to_pixel]: Received message with 1 cones
[INFO] [1738789776.039149601] [point_to_pixel]: -1908308643, -1164744976 

[INFO] [1738789776.039164804] [point_to_pixel]: 1242, 4416
[INFO] [1738789776.044095415] [point_to_pixel]: Transformed Cone: -1, 0.000000
[INFO] [1738789776.045157366] [point_to_pixel]: Transform callback triggered.
[INFO] [1738789828.271876683] [point_to_pixel]: Received message with 1 cones
[INFO] [1738789828.271959007] [point_to_pixel]: -1908308643, -1164744976 

[INFO] [1738789828.271984228] [point_to_pixel]: 1242, 4416
[INFO] [1738789828.274753440] [point_to_pixel]: Transformed Cone: -1, 0.000000
[INFO] [1738789828.274823714] [point_to_pixel]: Transform callback triggered.
[INFO] [1738789866.541114757] [point_to_pixel]: Received message with 1 cones
[INFO] [1738789866.541178512] [point_to_pixel]: -1908308643, -1164744976 

[INFO] [1738789866.541197449] [point_to_pixel]: 1242, 4416
[INFO] [1738789866.544228967] [point_to_pixel]: Transformed Cone: -1, 0.000000
[INFO] [1738789866.544264721] [point_to_pixel]: Transform callback triggered.
[INFO] [1738789900.710333621] [rclcpp]: signal_handler(signal_value=2)
