[INFO] [1738012677.334738254] [point_to_pixel]: Connected to ZED camera. /dev/video0
[INFO] [1738012677.348666925] [point_to_pixel]: Connected to ZED camera. /dev/video2
[INFO] [1738012677.349929439] [point_to_pixel]: Point to Pixel Node INITIALIZED
[INFO] [1738012692.051962521] [point_to_pixel]: Received message with 1 cones
[INFO] [1738012692.059588966] [point_to_pixel]: Point to Pixel Node INITIALIZED -1, 0.000000
[INFO] [1738012692.061877994] [point_to_pixel]: Transform callback triggered.
[INFO] [1738012693.051626723] [point_to_pixel]: Received message with 1 cones
[INFO] [1738012693.057208769] [point_to_pixel]: Point to Pixel Node INITIALIZED -1, 0.000000
[INFO] [1738012693.057275354] [point_to_pixel]: Transform callback triggered.
[INFO] [1738012694.051580324] [point_to_pixel]: Received message with 1 cones
[INFO] [1738012694.058611048] [point_to_pixel]: Point to Pixel Node INITIALIZED -1, 0.000000
[INFO] [1738012694.058719405] [point_to_pixel]: Transform callback triggered.
[INFO] [1738012695.051600445] [point_to_pixel]: Received message with 1 cones
[INFO] [1738012695.058019380] [point_to_pixel]: Point to Pixel Node INITIALIZED -1, 0.000000
[INFO] [1738012695.058057233] [point_to_pixel]: Transform callback triggered.
[INFO] [1738012696.051471844] [point_to_pixel]: Received message with 1 cones
[INFO] [1738012696.057786931] [point_to_pixel]: Point to Pixel Node INITIALIZED -1, 0.000000
[INFO] [1738012696.057958119] [point_to_pixel]: Transform callback triggered.
[INFO] [1738012697.051435650] [point_to_pixel]: Received message with 1 cones
[INFO] [1738012697.057985192] [point_to_pixel]: Point to Pixel Node INITIALIZED -1, 0.000000
[INFO] [1738012697.058047865] [point_to_pixel]: Transform callback triggered.
[INFO] [1738012699.439766400] [rclcpp]: signal_handler(signal_value=2)
