[0.416s] Invoking command in '/home/dale/driverless/driverless_ws/src/perceptions': AMENT_PREFIX_PATH=/home/dale/driverless/driverless_ws/src/install/ros2_numpy_dv:${AMENT_PREFIX_PATH} CMAKE_PREFIX_PATH=/home/dale/driverless/driverless_ws/src/install/ros2_numpy_dv:${CMAKE_PREFIX_PATH} CONDA_PROMPT_MODIFIER=(base) PYTHONPATH=/home/dale/driverless/driverless_ws/src/build/perceptions/prefix_override:/home/dale/driverless/driverless_ws/src/install/perceptions/lib/python3.8/site-packages:/home/dale/driverless/driverless_ws/src/install/ros2_numpy_dv/lib/python3.8/site-packages:${PYTHONPATH} /usr/bin/python3 setup.py egg_info --egg-base ../build/perceptions build --build-base /home/dale/driverless/driverless_ws/src/build/perceptions/build install --record /home/dale/driverless/driverless_ws/src/build/perceptions/install.log --install-scripts $base/lib/perceptions --single-version-externally-managed
[0.475s] /home/dale/.local/lib/python3.8/site-packages/setuptools/dist.py:498: SetuptoolsDeprecationWarning: Invalid dash-separated options
[0.475s] !!
[0.475s] 
[0.476s]         ********************************************************************************
[0.476s]         Usage of dash-separated 'script-dir' will not be supported in future
[0.476s]         versions. Please use the underscore name 'script_dir' instead.
[0.476s] 
[0.476s]         This deprecation is overdue, please update your project and remove deprecated
[0.476s]         calls to avoid build errors in the future.
[0.476s] 
[0.476s]         See https://setuptools.pypa.io/en/latest/userguide/declarative_config.html for details.
[0.476s]         ********************************************************************************
[0.476s] 
[0.476s] !!
[0.476s]   opt = self.warn_dash_deprecation(opt, section)
[0.519s] running egg_info
[0.519s] creating ../build/perceptions/perceptions.egg-info
[0.526s] writing ../build/perceptions/perceptions.egg-info/PKG-INFO
[0.526s] writing dependency_links to ../build/perceptions/perceptions.egg-info/dependency_links.txt
[0.526s] writing entry points to ../build/perceptions/perceptions.egg-info/entry_points.txt
[0.526s] writing requirements to ../build/perceptions/perceptions.egg-info/requires.txt
[0.526s] writing top-level names to ../build/perceptions/perceptions.egg-info/top_level.txt
[0.570s] writing manifest file '../build/perceptions/perceptions.egg-info/SOURCES.txt'
[0.585s] reading manifest file '../build/perceptions/perceptions.egg-info/SOURCES.txt'
[0.585s] writing manifest file '../build/perceptions/perceptions.egg-info/SOURCES.txt'
[0.585s] running build
[0.585s] running build_py
[0.585s] creating /home/dale/driverless/driverless_ws/src/build/perceptions/build
[0.585s] creating /home/dale/driverless/driverless_ws/src/build/perceptions/build/lib
[0.585s] creating /home/dale/driverless/driverless_ws/src/build/perceptions/build/lib/perceptions
[0.585s] copying perceptions/PredictNode.py -> /home/dale/driverless/driverless_ws/src/build/perceptions/build/lib/perceptions
[0.585s] copying perceptions/StereoNode.py -> /home/dale/driverless/driverless_ws/src/build/perceptions/build/lib/perceptions
[0.585s] copying perceptions/conversions.py -> /home/dale/driverless/driverless_ws/src/build/perceptions/build/lib/perceptions
[0.585s] copying perceptions/LidarNode.py -> /home/dale/driverless/driverless_ws/src/build/perceptions/build/lib/perceptions
[0.585s] copying perceptions/__init__.py -> /home/dale/driverless/driverless_ws/src/build/perceptions/build/lib/perceptions
[0.585s] copying perceptions/DataNode.py -> /home/dale/driverless/driverless_ws/src/build/perceptions/build/lib/perceptions
[0.586s] creating /home/dale/driverless/driverless_ws/src/build/perceptions/build/lib/perceptions/ros
[0.586s] creating /home/dale/driverless/driverless_ws/src/build/perceptions/build/lib/perceptions/ros/predictors
[0.586s] copying perceptions/ros/predictors/StereoNode.py -> /home/dale/driverless/driverless_ws/src/build/perceptions/build/lib/perceptions/ros/predictors
[0.586s] copying perceptions/ros/predictors/LidarNode.py -> /home/dale/driverless/driverless_ws/src/build/perceptions/build/lib/perceptions/ros/predictors
[0.586s] creating /home/dale/driverless/driverless_ws/src/build/perceptions/build/lib/perceptions/ros/utils
[0.586s] copying perceptions/ros/utils/PredictNode.py -> /home/dale/driverless/driverless_ws/src/build/perceptions/build/lib/perceptions/ros/utils
[0.586s] copying perceptions/ros/utils/FileNode.py -> /home/dale/driverless/driverless_ws/src/build/perceptions/build/lib/perceptions/ros/utils
[0.586s] copying perceptions/ros/utils/conversions.py -> /home/dale/driverless/driverless_ws/src/build/perceptions/build/lib/perceptions/ros/utils
[0.586s] copying perceptions/ros/utils/DataNode.py -> /home/dale/driverless/driverless_ws/src/build/perceptions/build/lib/perceptions/ros/utils
[0.586s] running install
[0.586s] /home/dale/.local/lib/python3.8/site-packages/setuptools/_distutils/cmd.py:66: SetuptoolsDeprecationWarning: setup.py install is deprecated.
[0.586s] !!
[0.586s] 
[0.587s]         ********************************************************************************
[0.587s]         Please avoid running ``setup.py`` directly.
[0.587s]         Instead, use pypa/build, pypa/installer or other
[0.587s]         standards-based tools.
[0.587s] 
[0.587s]         See https://blog.ganssle.io/articles/2021/10/setup-py-deprecated.html for details.
[0.587s]         ********************************************************************************
[0.587s] 
[0.587s] !!
[0.587s]   self.initialize_options()
[0.589s] running install_lib
[0.596s] creating /home/dale/driverless/driverless_ws/src/install/perceptions/lib/python3.8/site-packages/perceptions
[0.596s] copying /home/dale/driverless/driverless_ws/src/build/perceptions/build/lib/perceptions/PredictNode.py -> /home/dale/driverless/driverless_ws/src/install/perceptions/lib/python3.8/site-packages/perceptions
[0.596s] copying /home/dale/driverless/driverless_ws/src/build/perceptions/build/lib/perceptions/StereoNode.py -> /home/dale/driverless/driverless_ws/src/install/perceptions/lib/python3.8/site-packages/perceptions
[0.596s] copying /home/dale/driverless/driverless_ws/src/build/perceptions/build/lib/perceptions/conversions.py -> /home/dale/driverless/driverless_ws/src/install/perceptions/lib/python3.8/site-packages/perceptions
[0.596s] copying /home/dale/driverless/driverless_ws/src/build/perceptions/build/lib/perceptions/LidarNode.py -> /home/dale/driverless/driverless_ws/src/install/perceptions/lib/python3.8/site-packages/perceptions
[0.596s] copying /home/dale/driverless/driverless_ws/src/build/perceptions/build/lib/perceptions/__init__.py -> /home/dale/driverless/driverless_ws/src/install/perceptions/lib/python3.8/site-packages/perceptions
[0.596s] creating /home/dale/driverless/driverless_ws/src/install/perceptions/lib/python3.8/site-packages/perceptions/ros
[0.596s] creating /home/dale/driverless/driverless_ws/src/install/perceptions/lib/python3.8/site-packages/perceptions/ros/predictors
[0.596s] copying /home/dale/driverless/driverless_ws/src/build/perceptions/build/lib/perceptions/ros/predictors/StereoNode.py -> /home/dale/driverless/driverless_ws/src/install/perceptions/lib/python3.8/site-packages/perceptions/ros/predictors
[0.596s] copying /home/dale/driverless/driverless_ws/src/build/perceptions/build/lib/perceptions/ros/predictors/LidarNode.py -> /home/dale/driverless/driverless_ws/src/install/perceptions/lib/python3.8/site-packages/perceptions/ros/predictors
[0.596s] creating /home/dale/driverless/driverless_ws/src/install/perceptions/lib/python3.8/site-packages/perceptions/ros/utils
[0.596s] copying /home/dale/driverless/driverless_ws/src/build/perceptions/build/lib/perceptions/ros/utils/PredictNode.py -> /home/dale/driverless/driverless_ws/src/install/perceptions/lib/python3.8/site-packages/perceptions/ros/utils
[0.596s] copying /home/dale/driverless/driverless_ws/src/build/perceptions/build/lib/perceptions/ros/utils/FileNode.py -> /home/dale/driverless/driverless_ws/src/install/perceptions/lib/python3.8/site-packages/perceptions/ros/utils
[0.596s] copying /home/dale/driverless/driverless_ws/src/build/perceptions/build/lib/perceptions/ros/utils/conversions.py -> /home/dale/driverless/driverless_ws/src/install/perceptions/lib/python3.8/site-packages/perceptions/ros/utils
[0.596s] copying /home/dale/driverless/driverless_ws/src/build/perceptions/build/lib/perceptions/ros/utils/DataNode.py -> /home/dale/driverless/driverless_ws/src/install/perceptions/lib/python3.8/site-packages/perceptions/ros/utils
[0.596s] copying /home/dale/driverless/driverless_ws/src/build/perceptions/build/lib/perceptions/DataNode.py -> /home/dale/driverless/driverless_ws/src/install/perceptions/lib/python3.8/site-packages/perceptions
[0.597s] byte-compiling /home/dale/driverless/driverless_ws/src/install/perceptions/lib/python3.8/site-packages/perceptions/PredictNode.py to PredictNode.cpython-38.pyc
[0.597s] byte-compiling /home/dale/driverless/driverless_ws/src/install/perceptions/lib/python3.8/site-packages/perceptions/StereoNode.py to StereoNode.cpython-38.pyc
[0.597s] byte-compiling /home/dale/driverless/driverless_ws/src/install/perceptions/lib/python3.8/site-packages/perceptions/conversions.py to conversions.cpython-38.pyc
[0.597s] byte-compiling /home/dale/driverless/driverless_ws/src/install/perceptions/lib/python3.8/site-packages/perceptions/LidarNode.py to LidarNode.cpython-38.pyc
[0.597s] byte-compiling /home/dale/driverless/driverless_ws/src/install/perceptions/lib/python3.8/site-packages/perceptions/__init__.py to __init__.cpython-38.pyc
[0.598s] byte-compiling /home/dale/driverless/driverless_ws/src/install/perceptions/lib/python3.8/site-packages/perceptions/ros/predictors/StereoNode.py to StereoNode.cpython-38.pyc
[0.598s] byte-compiling /home/dale/driverless/driverless_ws/src/install/perceptions/lib/python3.8/site-packages/perceptions/ros/predictors/LidarNode.py to LidarNode.cpython-38.pyc
[0.598s] byte-compiling /home/dale/driverless/driverless_ws/src/install/perceptions/lib/python3.8/site-packages/perceptions/ros/utils/PredictNode.py to PredictNode.cpython-38.pyc
[0.598s] byte-compiling /home/dale/driverless/driverless_ws/src/install/perceptions/lib/python3.8/site-packages/perceptions/ros/utils/FileNode.py to FileNode.cpython-38.pyc
[0.598s] byte-compiling /home/dale/driverless/driverless_ws/src/install/perceptions/lib/python3.8/site-packages/perceptions/ros/utils/conversions.py to conversions.cpython-38.pyc
[0.598s] byte-compiling /home/dale/driverless/driverless_ws/src/install/perceptions/lib/python3.8/site-packages/perceptions/ros/utils/DataNode.py to DataNode.cpython-38.pyc
[0.599s] byte-compiling /home/dale/driverless/driverless_ws/src/install/perceptions/lib/python3.8/site-packages/perceptions/DataNode.py to DataNode.cpython-38.pyc
[0.599s] running install_data
[0.606s] creating /home/dale/driverless/driverless_ws/src/install/perceptions/share/ament_index
[0.606s] creating /home/dale/driverless/driverless_ws/src/install/perceptions/share/ament_index/resource_index
[0.606s] creating /home/dale/driverless/driverless_ws/src/install/perceptions/share/ament_index/resource_index/packages
[0.606s] copying resource/perceptions -> /home/dale/driverless/driverless_ws/src/install/perceptions/share/ament_index/resource_index/packages
[0.606s] copying package.xml -> /home/dale/driverless/driverless_ws/src/install/perceptions/share/perceptions
[0.606s] running install_egg_info
[0.613s] Copying ../build/perceptions/perceptions.egg-info to /home/dale/driverless/driverless_ws/src/install/perceptions/lib/python3.8/site-packages/perceptions-0.0.0-py3.8.egg-info
[0.614s] running install_scripts
[0.635s] Installing data_node script to /home/dale/driverless/driverless_ws/src/install/perceptions/lib/perceptions
[0.635s] Installing file_node script to /home/dale/driverless/driverless_ws/src/install/perceptions/lib/perceptions
[0.635s] Installing lidar_node script to /home/dale/driverless/driverless_ws/src/install/perceptions/lib/perceptions
[0.635s] Installing stereo_node script to /home/dale/driverless/driverless_ws/src/install/perceptions/lib/perceptions
[0.635s] writing list of installed files to '/home/dale/driverless/driverless_ws/src/build/perceptions/install.log'
[0.646s] Invoked command in '/home/dale/driverless/driverless_ws/src/perceptions' returned '0': AMENT_PREFIX_PATH=/home/dale/driverless/driverless_ws/src/install/ros2_numpy_dv:${AMENT_PREFIX_PATH} CMAKE_PREFIX_PATH=/home/dale/driverless/driverless_ws/src/install/ros2_numpy_dv:${CMAKE_PREFIX_PATH} CONDA_PROMPT_MODIFIER=(base) PYTHONPATH=/home/dale/driverless/driverless_ws/src/build/perceptions/prefix_override:/home/dale/driverless/driverless_ws/src/install/perceptions/lib/python3.8/site-packages:/home/dale/driverless/driverless_ws/src/install/ros2_numpy_dv/lib/python3.8/site-packages:${PYTHONPATH} /usr/bin/python3 setup.py egg_info --egg-base ../build/perceptions build --build-base /home/dale/driverless/driverless_ws/src/build/perceptions/build install --record /home/dale/driverless/driverless_ws/src/build/perceptions/install.log --install-scripts $base/lib/perceptions --single-version-externally-managed
