[0.059s] Invoking command in '/home/andrewwhong/workspace/driverless/driverless_ws/src/build/actuators': CMAKE_PREFIX_PATH=${CMAKE_PREFIX_PATH}:/opt/ros/foxy /usr/bin/cmake /home/andrewwhong/workspace/driverless/driverless_ws/src/actuators -DCMAKE_INSTALL_PREFIX=/home/andrewwhong/workspace/driverless/driverless_ws/src/install/actuators
[0.272s] -- The C compiler identification is GNU 9.4.0
[0.640s] -- The CXX compiler identification is GNU 9.4.0
[0.805s] -- Check for working C compiler: /usr/bin/cc
[1.036s] -- Check for working C compiler: /usr/bin/cc -- works
[1.037s] -- Detecting C compiler ABI info
[1.284s] -- Detecting C compiler ABI info - done
[1.302s] -- Detecting C compile features
[1.302s] -- Detecting C compile features - done
[1.306s] -- Check for working CXX compiler: /usr/bin/c++
[1.536s] -- Check for working CXX compiler: /usr/bin/c++ -- works
[1.537s] -- Detecting CXX compiler ABI info
[1.782s] -- Detecting CXX compiler ABI info - done
[1.805s] -- Detecting CXX compile features
[1.806s] -- Detecting CXX compile features - done
[1.808s] -- Found ament_cmake: 0.9.12 (/opt/ros/foxy/share/ament_cmake/cmake)
[1.843s] -- Found PythonInterp: /usr/bin/python3 (found suitable version "3.8.10", minimum required is "3") 
[1.843s] -- Using PYTHON_EXECUTABLE: /usr/bin/python3
[2.235s] -- Found ament_lint_auto: 0.9.8 (/opt/ros/foxy/share/ament_lint_auto/cmake)
[2.472s] -- Added test 'copyright' to check source files copyright and LICENSE
[2.474s] -- Added test 'lint_cmake' to check CMake code style
[2.476s] -- Added test 'xmllint' to check XML markup files
[2.481s] -- Configuring done
[2.485s] -- Generating done
[2.487s] -- Build files have been written to: /home/andrewwhong/workspace/driverless/driverless_ws/src/build/actuators
[2.493s] Invoked command in '/home/andrewwhong/workspace/driverless/driverless_ws/src/build/actuators' returned '0': CMAKE_PREFIX_PATH=${CMAKE_PREFIX_PATH}:/opt/ros/foxy /usr/bin/cmake /home/andrewwhong/workspace/driverless/driverless_ws/src/actuators -DCMAKE_INSTALL_PREFIX=/home/andrewwhong/workspace/driverless/driverless_ws/src/install/actuators
[2.500s] Invoking command in '/home/andrewwhong/workspace/driverless/driverless_ws/src/build/actuators': CMAKE_PREFIX_PATH=${CMAKE_PREFIX_PATH}:/opt/ros/foxy /usr/bin/cmake --build /home/andrewwhong/workspace/driverless/driverless_ws/src/build/actuators -- -j12 -l12
[2.554s] Invoked command in '/home/andrewwhong/workspace/driverless/driverless_ws/src/build/actuators' returned '0': CMAKE_PREFIX_PATH=${CMAKE_PREFIX_PATH}:/opt/ros/foxy /usr/bin/cmake --build /home/andrewwhong/workspace/driverless/driverless_ws/src/build/actuators -- -j12 -l12
[2.601s] Invoking command in '/home/andrewwhong/workspace/driverless/driverless_ws/src/build/actuators': CMAKE_PREFIX_PATH=${CMAKE_PREFIX_PATH}:/opt/ros/foxy /usr/bin/cmake --install /home/andrewwhong/workspace/driverless/driverless_ws/src/build/actuators
[2.615s] -- Install configuration: ""
[2.620s] -- Installing: /home/andrewwhong/workspace/driverless/driverless_ws/src/install/actuators/share/ament_index/resource_index/package_run_dependencies/actuators
[2.621s] -- Installing: /home/andrewwhong/workspace/driverless/driverless_ws/src/install/actuators/share/ament_index/resource_index/parent_prefix_path/actuators
[2.621s] -- Installing: /home/andrewwhong/workspace/driverless/driverless_ws/src/install/actuators/share/actuators/environment/ament_prefix_path.sh
[2.622s] -- Installing: /home/andrewwhong/workspace/driverless/driverless_ws/src/install/actuators/share/actuators/environment/ament_prefix_path.dsv
[2.622s] -- Installing: /home/andrewwhong/workspace/driverless/driverless_ws/src/install/actuators/share/actuators/environment/path.sh
[2.622s] -- Installing: /home/andrewwhong/workspace/driverless/driverless_ws/src/install/actuators/share/actuators/environment/path.dsv
[2.623s] -- Installing: /home/andrewwhong/workspace/driverless/driverless_ws/src/install/actuators/share/actuators/local_setup.bash
[2.626s] -- Installing: /home/andrewwhong/workspace/driverless/driverless_ws/src/install/actuators/share/actuators/local_setup.sh
[2.626s] -- Installing: /home/andrewwhong/workspace/driverless/driverless_ws/src/install/actuators/share/actuators/local_setup.zsh
[2.627s] -- Installing: /home/andrewwhong/workspace/driverless/driverless_ws/src/install/actuators/share/actuators/local_setup.dsv
[2.629s] -- Installing: /home/andrewwhong/workspace/driverless/driverless_ws/src/install/actuators/share/actuators/package.dsv
[2.631s] -- Installing: /home/andrewwhong/workspace/driverless/driverless_ws/src/install/actuators/share/ament_index/resource_index/packages/actuators
[2.631s] -- Installing: /home/andrewwhong/workspace/driverless/driverless_ws/src/install/actuators/share/actuators/cmake/actuatorsConfig.cmake
[2.632s] -- Installing: /home/andrewwhong/workspace/driverless/driverless_ws/src/install/actuators/share/actuators/cmake/actuatorsConfig-version.cmake
[2.632s] -- Installing: /home/andrewwhong/workspace/driverless/driverless_ws/src/install/actuators/share/actuators/package.xml
[2.635s] Invoked command in '/home/andrewwhong/workspace/driverless/driverless_ws/src/build/actuators' returned '0': CMAKE_PREFIX_PATH=${CMAKE_PREFIX_PATH}:/opt/ros/foxy /usr/bin/cmake --install /home/andrewwhong/workspace/driverless/driverless_ws/src/build/actuators
