[0.399s] DEBUG:colcon:Command line arguments: ['/usr/bin/colcon', 'build']
[0.399s] DEBUG:colcon:Parsed command line arguments: Namespace(allow_overriding=[], ament_cmake_args=None, base_paths=['.'], build_base='build', catkin_cmake_args=None, catkin_skip_building_tests=False, cmake_args=None, cmake_clean_cache=False, cmake_clean_first=False, cmake_force_configure=False, cmake_target=None, cmake_target_skip_unavailable=False, continue_on_error=False, event_handlers=None, executor='parallel', ignore_user_meta=False, install_base='install', log_base=None, log_level=None, main=<bound method BuildVerb.main of <colcon_core.verb.build.BuildVerb object at 0x7f1f57c285e0>>, merge_install=False, metas=['./colcon.meta'], packages_above=None, packages_above_and_dependencies=None, packages_above_depth=None, packages_end=None, packages_ignore=None, packages_ignore_regex=None, packages_select=None, packages_select_build_failed=False, packages_select_by_dep=None, packages_select_regex=None, packages_select_test_failures=False, packages_skip=None, packages_skip_build_finished=False, packages_skip_by_dep=None, packages_skip_regex=None, packages_skip_test_passed=False, packages_skip_up_to=None, packages_start=None, packages_up_to=None, packages_up_to_regex=None, parallel_workers=12, paths=None, symlink_install=False, test_result_base=None, verb_extension=<colcon_core.verb.build.BuildVerb object at 0x7f1f57c285e0>, verb_name='build', verb_parser=<colcon_defaults.argument_parser.defaults.DefaultArgumentsDecorator object at 0x7f1f57c28b20>)
[0.429s] Level 1:colcon.colcon_core.package_discovery:discover_packages(colcon_meta) check parameters
[0.430s] Level 1:colcon.colcon_core.package_discovery:discover_packages(recursive) check parameters
[0.430s] Level 1:colcon.colcon_core.package_discovery:discover_packages(ignore) check parameters
[0.430s] Level 1:colcon.colcon_core.package_discovery:discover_packages(path) check parameters
[0.430s] Level 1:colcon.colcon_core.package_discovery:discover_packages(colcon_meta) discover
[0.430s] Level 1:colcon.colcon_core.package_discovery:discover_packages(recursive) discover
[0.430s] INFO:colcon.colcon_core.package_discovery:Crawling recursively for packages in '/home/andrewwhong/workspace/driverless/driverless_ws/src'
[0.430s] Level 1:colcon.colcon_core.package_identification:_identify(.) by extensions ['ignore', 'ignore_ament_install']
[0.430s] Level 1:colcon.colcon_core.package_identification:_identify(.) by extension 'ignore'
[0.430s] Level 1:colcon.colcon_core.package_identification:_identify(.) by extension 'ignore_ament_install'
[0.430s] Level 1:colcon.colcon_core.package_identification:_identify(.) by extensions ['colcon_pkg']
[0.430s] Level 1:colcon.colcon_core.package_identification:_identify(.) by extension 'colcon_pkg'
[0.430s] Level 1:colcon.colcon_core.package_identification:_identify(.) by extensions ['colcon_meta']
[0.430s] Level 1:colcon.colcon_core.package_identification:_identify(.) by extension 'colcon_meta'
[0.430s] Level 1:colcon.colcon_core.package_identification:_identify(.) by extensions ['ros']
[0.430s] Level 1:colcon.colcon_core.package_identification:_identify(.) by extension 'ros'
[0.482s] Level 1:colcon.colcon_core.package_identification:_identify(.) by extensions ['cmake', 'python']
[0.482s] Level 1:colcon.colcon_core.package_identification:_identify(.) by extension 'cmake'
[0.482s] Level 1:colcon.colcon_core.package_identification:_identify(.) by extension 'python'
[0.482s] Level 1:colcon.colcon_core.package_identification:_identify(.) by extensions ['python_setup_py']
[0.482s] Level 1:colcon.colcon_core.package_identification:_identify(.) by extension 'python_setup_py'
[0.482s] Level 1:colcon.colcon_core.package_identification:_identify(actuators) by extensions ['ignore', 'ignore_ament_install']
[0.482s] Level 1:colcon.colcon_core.package_identification:_identify(actuators) by extension 'ignore'
[0.482s] Level 1:colcon.colcon_core.package_identification:_identify(actuators) by extension 'ignore_ament_install'
[0.482s] Level 1:colcon.colcon_core.package_identification:_identify(actuators) by extensions ['colcon_pkg']
[0.483s] Level 1:colcon.colcon_core.package_identification:_identify(actuators) by extension 'colcon_pkg'
[0.483s] Level 1:colcon.colcon_core.package_identification:_identify(actuators) by extensions ['colcon_meta']
[0.483s] Level 1:colcon.colcon_core.package_identification:_identify(actuators) by extension 'colcon_meta'
[0.483s] Level 1:colcon.colcon_core.package_identification:_identify(actuators) by extensions ['ros']
[0.483s] Level 1:colcon.colcon_core.package_identification:_identify(actuators) by extension 'ros'
[0.485s] DEBUG:colcon.colcon_core.package_identification:Package 'actuators' with type 'ros.ament_cmake' and name 'actuators'
[0.485s] Level 1:colcon.colcon_core.package_identification:_identify(build) by extensions ['ignore', 'ignore_ament_install']
[0.485s] Level 1:colcon.colcon_core.package_identification:_identify(build) by extension 'ignore'
[0.485s] Level 1:colcon.colcon_core.package_identification:_identify(build) ignored
[0.485s] Level 1:colcon.colcon_core.package_identification:_identify(collection) by extensions ['ignore', 'ignore_ament_install']
[0.485s] Level 1:colcon.colcon_core.package_identification:_identify(collection) by extension 'ignore'
[0.485s] Level 1:colcon.colcon_core.package_identification:_identify(collection) by extension 'ignore_ament_install'
[0.486s] Level 1:colcon.colcon_core.package_identification:_identify(collection) by extensions ['colcon_pkg']
[0.486s] Level 1:colcon.colcon_core.package_identification:_identify(collection) by extension 'colcon_pkg'
[0.486s] Level 1:colcon.colcon_core.package_identification:_identify(collection) by extensions ['colcon_meta']
[0.486s] Level 1:colcon.colcon_core.package_identification:_identify(collection) by extension 'colcon_meta'
[0.486s] Level 1:colcon.colcon_core.package_identification:_identify(collection) by extensions ['ros']
[0.486s] Level 1:colcon.colcon_core.package_identification:_identify(collection) by extension 'ros'
[0.486s] DEBUG:colcon.colcon_core.package_identification:Package 'collection' with type 'ros.ament_cmake' and name 'collection'
[0.486s] Level 1:colcon.colcon_core.package_identification:_identify(common) by extensions ['ignore', 'ignore_ament_install']
[0.486s] Level 1:colcon.colcon_core.package_identification:_identify(common) by extension 'ignore'
[0.486s] Level 1:colcon.colcon_core.package_identification:_identify(common) by extension 'ignore_ament_install'
[0.486s] Level 1:colcon.colcon_core.package_identification:_identify(common) by extensions ['colcon_pkg']
[0.487s] Level 1:colcon.colcon_core.package_identification:_identify(common) by extension 'colcon_pkg'
[0.487s] Level 1:colcon.colcon_core.package_identification:_identify(common) by extensions ['colcon_meta']
[0.487s] Level 1:colcon.colcon_core.package_identification:_identify(common) by extension 'colcon_meta'
[0.487s] Level 1:colcon.colcon_core.package_identification:_identify(common) by extensions ['ros']
[0.487s] Level 1:colcon.colcon_core.package_identification:_identify(common) by extension 'ros'
[0.487s] DEBUG:colcon.colcon_core.package_identification:Package 'common' with type 'ros.ament_cmake' and name 'common'
[0.487s] Level 1:colcon.colcon_core.package_identification:_identify(controls) by extensions ['ignore', 'ignore_ament_install']
[0.487s] Level 1:colcon.colcon_core.package_identification:_identify(controls) by extension 'ignore'
[0.487s] Level 1:colcon.colcon_core.package_identification:_identify(controls) by extension 'ignore_ament_install'
[0.487s] Level 1:colcon.colcon_core.package_identification:_identify(controls) by extensions ['colcon_pkg']
[0.487s] Level 1:colcon.colcon_core.package_identification:_identify(controls) by extension 'colcon_pkg'
[0.487s] Level 1:colcon.colcon_core.package_identification:_identify(controls) by extensions ['colcon_meta']
[0.488s] Level 1:colcon.colcon_core.package_identification:_identify(controls) by extension 'colcon_meta'
[0.488s] Level 1:colcon.colcon_core.package_identification:_identify(controls) by extensions ['ros']
[0.488s] Level 1:colcon.colcon_core.package_identification:_identify(controls) by extension 'ros'
[0.488s] DEBUG:colcon.colcon_core.package_identification:Package 'controls' with type 'ros.ament_cmake' and name 'controls'
[0.488s] Level 1:colcon.colcon_core.package_identification:_identify(eufs_msgs) by extensions ['ignore', 'ignore_ament_install']
[0.488s] Level 1:colcon.colcon_core.package_identification:_identify(eufs_msgs) by extension 'ignore'
[0.488s] Level 1:colcon.colcon_core.package_identification:_identify(eufs_msgs) by extension 'ignore_ament_install'
[0.488s] Level 1:colcon.colcon_core.package_identification:_identify(eufs_msgs) by extensions ['colcon_pkg']
[0.488s] Level 1:colcon.colcon_core.package_identification:_identify(eufs_msgs) by extension 'colcon_pkg'
[0.488s] Level 1:colcon.colcon_core.package_identification:_identify(eufs_msgs) by extensions ['colcon_meta']
[0.488s] Level 1:colcon.colcon_core.package_identification:_identify(eufs_msgs) by extension 'colcon_meta'
[0.489s] Level 1:colcon.colcon_core.package_identification:_identify(eufs_msgs) by extensions ['ros']
[0.489s] Level 1:colcon.colcon_core.package_identification:_identify(eufs_msgs) by extension 'ros'
[0.489s] DEBUG:colcon.colcon_core.package_identification:Package 'eufs_msgs' with type 'ros.ament_cmake' and name 'eufs_msgs'
[0.490s] Level 1:colcon.colcon_core.package_identification:_identify(install) by extensions ['ignore', 'ignore_ament_install']
[0.490s] Level 1:colcon.colcon_core.package_identification:_identify(install) by extension 'ignore'
[0.490s] Level 1:colcon.colcon_core.package_identification:_identify(install) ignored
[0.490s] Level 1:colcon.colcon_core.package_identification:_identify(interfaces) by extensions ['ignore', 'ignore_ament_install']
[0.490s] Level 1:colcon.colcon_core.package_identification:_identify(interfaces) by extension 'ignore'
[0.490s] Level 1:colcon.colcon_core.package_identification:_identify(interfaces) by extension 'ignore_ament_install'
[0.490s] Level 1:colcon.colcon_core.package_identification:_identify(interfaces) by extensions ['colcon_pkg']
[0.490s] Level 1:colcon.colcon_core.package_identification:_identify(interfaces) by extension 'colcon_pkg'
[0.490s] Level 1:colcon.colcon_core.package_identification:_identify(interfaces) by extensions ['colcon_meta']
[0.490s] Level 1:colcon.colcon_core.package_identification:_identify(interfaces) by extension 'colcon_meta'
[0.490s] Level 1:colcon.colcon_core.package_identification:_identify(interfaces) by extensions ['ros']
[0.490s] Level 1:colcon.colcon_core.package_identification:_identify(interfaces) by extension 'ros'
[0.491s] DEBUG:colcon.colcon_core.package_identification:Package 'interfaces' with type 'ros.ament_cmake' and name 'interfaces'
[0.491s] Level 1:colcon.colcon_core.package_identification:_identify(log) by extensions ['ignore', 'ignore_ament_install']
[0.491s] Level 1:colcon.colcon_core.package_identification:_identify(log) by extension 'ignore'
[0.491s] Level 1:colcon.colcon_core.package_identification:_identify(log) ignored
[0.491s] Level 1:colcon.colcon_core.package_identification:_identify(perceptions) by extensions ['ignore', 'ignore_ament_install']
[0.491s] Level 1:colcon.colcon_core.package_identification:_identify(perceptions) by extension 'ignore'
[0.491s] Level 1:colcon.colcon_core.package_identification:_identify(perceptions) by extension 'ignore_ament_install'
[0.491s] Level 1:colcon.colcon_core.package_identification:_identify(perceptions) by extensions ['colcon_pkg']
[0.491s] Level 1:colcon.colcon_core.package_identification:_identify(perceptions) by extension 'colcon_pkg'
[0.491s] Level 1:colcon.colcon_core.package_identification:_identify(perceptions) by extensions ['colcon_meta']
[0.491s] Level 1:colcon.colcon_core.package_identification:_identify(perceptions) by extension 'colcon_meta'
[0.491s] Level 1:colcon.colcon_core.package_identification:_identify(perceptions) by extensions ['ros']
[0.491s] Level 1:colcon.colcon_core.package_identification:_identify(perceptions) by extension 'ros'
[0.492s] DEBUG:colcon.colcon_core.package_identification:Package 'perceptions' with type 'ros.ament_cmake' and name 'perceptions'
[0.492s] Level 1:colcon.colcon_core.package_identification:_identify(planning) by extensions ['ignore', 'ignore_ament_install']
[0.492s] Level 1:colcon.colcon_core.package_identification:_identify(planning) by extension 'ignore'
[0.492s] Level 1:colcon.colcon_core.package_identification:_identify(planning) by extension 'ignore_ament_install'
[0.492s] Level 1:colcon.colcon_core.package_identification:_identify(planning) by extensions ['colcon_pkg']
[0.492s] Level 1:colcon.colcon_core.package_identification:_identify(planning) by extension 'colcon_pkg'
[0.492s] Level 1:colcon.colcon_core.package_identification:_identify(planning) by extensions ['colcon_meta']
[0.492s] Level 1:colcon.colcon_core.package_identification:_identify(planning) by extension 'colcon_meta'
[0.492s] Level 1:colcon.colcon_core.package_identification:_identify(planning) by extensions ['ros']
[0.492s] Level 1:colcon.colcon_core.package_identification:_identify(planning) by extension 'ros'
[0.493s] DEBUG:colcon.colcon_core.package_identification:Package 'planning' with type 'ros.ament_cmake' and name 'planning'
[0.493s] Level 1:colcon.colcon_core.package_discovery:discover_packages(recursive) using defaults
[0.493s] Level 1:colcon.colcon_core.package_discovery:discover_packages(ignore) discover
[0.493s] Level 1:colcon.colcon_core.package_discovery:discover_packages(ignore) using defaults
[0.493s] Level 1:colcon.colcon_core.package_discovery:discover_packages(path) discover
[0.493s] Level 1:colcon.colcon_core.package_discovery:discover_packages(path) using defaults
[0.511s] Level 1:colcon.colcon_core.package_discovery:discover_packages(prefix_path) check parameters
[0.511s] Level 1:colcon.colcon_core.package_discovery:discover_packages(prefix_path) discover
[0.512s] WARNING:colcon.colcon_core.prefix_path.colcon:The path '/home/andrewwhong/workspace/driverless/driverless_ws/install' in the environment variable COLCON_PREFIX_PATH doesn't exist
[0.513s] WARNING:colcon.colcon_ros.prefix_path.catkin:The path '/home/andrewwhong/workspace/driverless/driverless_ws/install/perceptions' in the environment variable CMAKE_PREFIX_PATH doesn't exist
[0.513s] WARNING:colcon.colcon_ros.prefix_path.catkin:The path '/home/andrewwhong/workspace/driverless/driverless_ws/install/interfaces' in the environment variable CMAKE_PREFIX_PATH doesn't exist
[0.513s] WARNING:colcon.colcon_ros.prefix_path.catkin:The path '/home/andrewwhong/workspace/driverless/driverless_ws/install/eufs_msgs' in the environment variable CMAKE_PREFIX_PATH doesn't exist
[0.513s] WARNING:colcon.colcon_ros.prefix_path.catkin:The path '/home/andrewwhong/workspace/driverless/driverless_ws/install/controls' in the environment variable CMAKE_PREFIX_PATH doesn't exist
[0.513s] WARNING:colcon.colcon_ros.prefix_path.catkin:The path '/home/andrewwhong/workspace/driverless/driverless_ws/install/common' in the environment variable CMAKE_PREFIX_PATH doesn't exist
[0.513s] WARNING:colcon.colcon_ros.prefix_path.catkin:The path '/home/andrewwhong/workspace/driverless/driverless_ws/install/collection' in the environment variable CMAKE_PREFIX_PATH doesn't exist
[0.513s] WARNING:colcon.colcon_ros.prefix_path.catkin:The path '/home/andrewwhong/workspace/driverless/driverless_ws/install/actuators' in the environment variable CMAKE_PREFIX_PATH doesn't exist
[0.515s] DEBUG:colcon.colcon_installed_package_information.package_discovery:Found 256 installed packages in /opt/ros/foxy
[0.517s] Level 1:colcon.colcon_core.package_discovery:discover_packages(prefix_path) using defaults
[0.583s] Level 5:colcon.colcon_core.verb:set package 'actuators' build argument 'cmake_args' from command line to 'None'
[0.583s] Level 5:colcon.colcon_core.verb:set package 'actuators' build argument 'cmake_target' from command line to 'None'
[0.583s] Level 5:colcon.colcon_core.verb:set package 'actuators' build argument 'cmake_target_skip_unavailable' from command line to 'False'
[0.583s] Level 5:colcon.colcon_core.verb:set package 'actuators' build argument 'cmake_clean_cache' from command line to 'False'
[0.583s] Level 5:colcon.colcon_core.verb:set package 'actuators' build argument 'cmake_clean_first' from command line to 'False'
[0.583s] Level 5:colcon.colcon_core.verb:set package 'actuators' build argument 'cmake_force_configure' from command line to 'False'
[0.583s] Level 5:colcon.colcon_core.verb:set package 'actuators' build argument 'ament_cmake_args' from command line to 'None'
[0.583s] Level 5:colcon.colcon_core.verb:set package 'actuators' build argument 'catkin_cmake_args' from command line to 'None'
[0.583s] Level 5:colcon.colcon_core.verb:set package 'actuators' build argument 'catkin_skip_building_tests' from command line to 'False'
[0.583s] DEBUG:colcon.colcon_core.verb:Building package 'actuators' with the following arguments: {'ament_cmake_args': None, 'build_base': '/home/andrewwhong/workspace/driverless/driverless_ws/src/build/actuators', 'catkin_cmake_args': None, 'catkin_skip_building_tests': False, 'cmake_args': None, 'cmake_clean_cache': False, 'cmake_clean_first': False, 'cmake_force_configure': False, 'cmake_target': None, 'cmake_target_skip_unavailable': False, 'install_base': '/home/andrewwhong/workspace/driverless/driverless_ws/src/install/actuators', 'merge_install': False, 'path': '/home/andrewwhong/workspace/driverless/driverless_ws/src/actuators', 'symlink_install': False, 'test_result_base': None}
[0.584s] Level 5:colcon.colcon_core.verb:set package 'collection' build argument 'cmake_args' from command line to 'None'
[0.584s] Level 5:colcon.colcon_core.verb:set package 'collection' build argument 'cmake_target' from command line to 'None'
[0.584s] Level 5:colcon.colcon_core.verb:set package 'collection' build argument 'cmake_target_skip_unavailable' from command line to 'False'
[0.584s] Level 5:colcon.colcon_core.verb:set package 'collection' build argument 'cmake_clean_cache' from command line to 'False'
[0.584s] Level 5:colcon.colcon_core.verb:set package 'collection' build argument 'cmake_clean_first' from command line to 'False'
[0.584s] Level 5:colcon.colcon_core.verb:set package 'collection' build argument 'cmake_force_configure' from command line to 'False'
[0.584s] Level 5:colcon.colcon_core.verb:set package 'collection' build argument 'ament_cmake_args' from command line to 'None'
[0.584s] Level 5:colcon.colcon_core.verb:set package 'collection' build argument 'catkin_cmake_args' from command line to 'None'
[0.584s] Level 5:colcon.colcon_core.verb:set package 'collection' build argument 'catkin_skip_building_tests' from command line to 'False'
[0.584s] DEBUG:colcon.colcon_core.verb:Building package 'collection' with the following arguments: {'ament_cmake_args': None, 'build_base': '/home/andrewwhong/workspace/driverless/driverless_ws/src/build/collection', 'catkin_cmake_args': None, 'catkin_skip_building_tests': False, 'cmake_args': None, 'cmake_clean_cache': False, 'cmake_clean_first': False, 'cmake_force_configure': False, 'cmake_target': None, 'cmake_target_skip_unavailable': False, 'install_base': '/home/andrewwhong/workspace/driverless/driverless_ws/src/install/collection', 'merge_install': False, 'path': '/home/andrewwhong/workspace/driverless/driverless_ws/src/collection', 'symlink_install': False, 'test_result_base': None}
[0.585s] Level 5:colcon.colcon_core.verb:set package 'common' build argument 'cmake_args' from command line to 'None'
[0.585s] Level 5:colcon.colcon_core.verb:set package 'common' build argument 'cmake_target' from command line to 'None'
[0.586s] Level 5:colcon.colcon_core.verb:set package 'common' build argument 'cmake_target_skip_unavailable' from command line to 'False'
[0.586s] Level 5:colcon.colcon_core.verb:set package 'common' build argument 'cmake_clean_cache' from command line to 'False'
[0.586s] Level 5:colcon.colcon_core.verb:set package 'common' build argument 'cmake_clean_first' from command line to 'False'
[0.586s] Level 5:colcon.colcon_core.verb:set package 'common' build argument 'cmake_force_configure' from command line to 'False'
[0.586s] Level 5:colcon.colcon_core.verb:set package 'common' build argument 'ament_cmake_args' from command line to 'None'
[0.586s] Level 5:colcon.colcon_core.verb:set package 'common' build argument 'catkin_cmake_args' from command line to 'None'
[0.586s] Level 5:colcon.colcon_core.verb:set package 'common' build argument 'catkin_skip_building_tests' from command line to 'False'
[0.586s] DEBUG:colcon.colcon_core.verb:Building package 'common' with the following arguments: {'ament_cmake_args': None, 'build_base': '/home/andrewwhong/workspace/driverless/driverless_ws/src/build/common', 'catkin_cmake_args': None, 'catkin_skip_building_tests': False, 'cmake_args': None, 'cmake_clean_cache': False, 'cmake_clean_first': False, 'cmake_force_configure': False, 'cmake_target': None, 'cmake_target_skip_unavailable': False, 'install_base': '/home/andrewwhong/workspace/driverless/driverless_ws/src/install/common', 'merge_install': False, 'path': '/home/andrewwhong/workspace/driverless/driverless_ws/src/common', 'symlink_install': False, 'test_result_base': None}
[0.587s] Level 5:colcon.colcon_core.verb:set package 'controls' build argument 'cmake_args' from command line to 'None'
[0.587s] Level 5:colcon.colcon_core.verb:set package 'controls' build argument 'cmake_target' from command line to 'None'
[0.587s] Level 5:colcon.colcon_core.verb:set package 'controls' build argument 'cmake_target_skip_unavailable' from command line to 'False'
[0.587s] Level 5:colcon.colcon_core.verb:set package 'controls' build argument 'cmake_clean_cache' from command line to 'False'
[0.587s] Level 5:colcon.colcon_core.verb:set package 'controls' build argument 'cmake_clean_first' from command line to 'False'
[0.587s] Level 5:colcon.colcon_core.verb:set package 'controls' build argument 'cmake_force_configure' from command line to 'False'
[0.587s] Level 5:colcon.colcon_core.verb:set package 'controls' build argument 'ament_cmake_args' from command line to 'None'
[0.587s] Level 5:colcon.colcon_core.verb:set package 'controls' build argument 'catkin_cmake_args' from command line to 'None'
[0.587s] Level 5:colcon.colcon_core.verb:set package 'controls' build argument 'catkin_skip_building_tests' from command line to 'False'
[0.587s] DEBUG:colcon.colcon_core.verb:Building package 'controls' with the following arguments: {'ament_cmake_args': None, 'build_base': '/home/andrewwhong/workspace/driverless/driverless_ws/src/build/controls', 'catkin_cmake_args': None, 'catkin_skip_building_tests': False, 'cmake_args': None, 'cmake_clean_cache': False, 'cmake_clean_first': False, 'cmake_force_configure': False, 'cmake_target': None, 'cmake_target_skip_unavailable': False, 'install_base': '/home/andrewwhong/workspace/driverless/driverless_ws/src/install/controls', 'merge_install': False, 'path': '/home/andrewwhong/workspace/driverless/driverless_ws/src/controls', 'symlink_install': False, 'test_result_base': None}
[0.589s] Level 5:colcon.colcon_core.verb:set package 'eufs_msgs' build argument 'cmake_args' from command line to 'None'
[0.589s] Level 5:colcon.colcon_core.verb:set package 'eufs_msgs' build argument 'cmake_target' from command line to 'None'
[0.589s] Level 5:colcon.colcon_core.verb:set package 'eufs_msgs' build argument 'cmake_target_skip_unavailable' from command line to 'False'
[0.589s] Level 5:colcon.colcon_core.verb:set package 'eufs_msgs' build argument 'cmake_clean_cache' from command line to 'False'
[0.589s] Level 5:colcon.colcon_core.verb:set package 'eufs_msgs' build argument 'cmake_clean_first' from command line to 'False'
[0.589s] Level 5:colcon.colcon_core.verb:set package 'eufs_msgs' build argument 'cmake_force_configure' from command line to 'False'
[0.589s] Level 5:colcon.colcon_core.verb:set package 'eufs_msgs' build argument 'ament_cmake_args' from command line to 'None'
[0.589s] Level 5:colcon.colcon_core.verb:set package 'eufs_msgs' build argument 'catkin_cmake_args' from command line to 'None'
[0.589s] Level 5:colcon.colcon_core.verb:set package 'eufs_msgs' build argument 'catkin_skip_building_tests' from command line to 'False'
[0.589s] DEBUG:colcon.colcon_core.verb:Building package 'eufs_msgs' with the following arguments: {'ament_cmake_args': None, 'build_base': '/home/andrewwhong/workspace/driverless/driverless_ws/src/build/eufs_msgs', 'catkin_cmake_args': None, 'catkin_skip_building_tests': False, 'cmake_args': None, 'cmake_clean_cache': False, 'cmake_clean_first': False, 'cmake_force_configure': False, 'cmake_target': None, 'cmake_target_skip_unavailable': False, 'install_base': '/home/andrewwhong/workspace/driverless/driverless_ws/src/install/eufs_msgs', 'merge_install': False, 'path': '/home/andrewwhong/workspace/driverless/driverless_ws/src/eufs_msgs', 'symlink_install': False, 'test_result_base': None}
[0.590s] Level 5:colcon.colcon_core.verb:set package 'interfaces' build argument 'cmake_args' from command line to 'None'
[0.591s] Level 5:colcon.colcon_core.verb:set package 'interfaces' build argument 'cmake_target' from command line to 'None'
[0.591s] Level 5:colcon.colcon_core.verb:set package 'interfaces' build argument 'cmake_target_skip_unavailable' from command line to 'False'
[0.591s] Level 5:colcon.colcon_core.verb:set package 'interfaces' build argument 'cmake_clean_cache' from command line to 'False'
[0.591s] Level 5:colcon.colcon_core.verb:set package 'interfaces' build argument 'cmake_clean_first' from command line to 'False'
[0.591s] Level 5:colcon.colcon_core.verb:set package 'interfaces' build argument 'cmake_force_configure' from command line to 'False'
[0.591s] Level 5:colcon.colcon_core.verb:set package 'interfaces' build argument 'ament_cmake_args' from command line to 'None'
[0.591s] Level 5:colcon.colcon_core.verb:set package 'interfaces' build argument 'catkin_cmake_args' from command line to 'None'
[0.591s] Level 5:colcon.colcon_core.verb:set package 'interfaces' build argument 'catkin_skip_building_tests' from command line to 'False'
[0.591s] DEBUG:colcon.colcon_core.verb:Building package 'interfaces' with the following arguments: {'ament_cmake_args': None, 'build_base': '/home/andrewwhong/workspace/driverless/driverless_ws/src/build/interfaces', 'catkin_cmake_args': None, 'catkin_skip_building_tests': False, 'cmake_args': None, 'cmake_clean_cache': False, 'cmake_clean_first': False, 'cmake_force_configure': False, 'cmake_target': None, 'cmake_target_skip_unavailable': False, 'install_base': '/home/andrewwhong/workspace/driverless/driverless_ws/src/install/interfaces', 'merge_install': False, 'path': '/home/andrewwhong/workspace/driverless/driverless_ws/src/interfaces', 'symlink_install': False, 'test_result_base': None}
[0.592s] Level 5:colcon.colcon_core.verb:set package 'perceptions' build argument 'cmake_args' from command line to 'None'
[0.592s] Level 5:colcon.colcon_core.verb:set package 'perceptions' build argument 'cmake_target' from command line to 'None'
[0.592s] Level 5:colcon.colcon_core.verb:set package 'perceptions' build argument 'cmake_target_skip_unavailable' from command line to 'False'
[0.592s] Level 5:colcon.colcon_core.verb:set package 'perceptions' build argument 'cmake_clean_cache' from command line to 'False'
[0.592s] Level 5:colcon.colcon_core.verb:set package 'perceptions' build argument 'cmake_clean_first' from command line to 'False'
[0.592s] Level 5:colcon.colcon_core.verb:set package 'perceptions' build argument 'cmake_force_configure' from command line to 'False'
[0.592s] Level 5:colcon.colcon_core.verb:set package 'perceptions' build argument 'ament_cmake_args' from command line to 'None'
[0.592s] Level 5:colcon.colcon_core.verb:set package 'perceptions' build argument 'catkin_cmake_args' from command line to 'None'
[0.592s] Level 5:colcon.colcon_core.verb:set package 'perceptions' build argument 'catkin_skip_building_tests' from command line to 'False'
[0.592s] DEBUG:colcon.colcon_core.verb:Building package 'perceptions' with the following arguments: {'ament_cmake_args': None, 'build_base': '/home/andrewwhong/workspace/driverless/driverless_ws/src/build/perceptions', 'catkin_cmake_args': None, 'catkin_skip_building_tests': False, 'cmake_args': None, 'cmake_clean_cache': False, 'cmake_clean_first': False, 'cmake_force_configure': False, 'cmake_target': None, 'cmake_target_skip_unavailable': False, 'install_base': '/home/andrewwhong/workspace/driverless/driverless_ws/src/install/perceptions', 'merge_install': False, 'path': '/home/andrewwhong/workspace/driverless/driverless_ws/src/perceptions', 'symlink_install': False, 'test_result_base': None}
[0.593s] Level 5:colcon.colcon_core.verb:set package 'planning' build argument 'cmake_args' from command line to 'None'
[0.593s] Level 5:colcon.colcon_core.verb:set package 'planning' build argument 'cmake_target' from command line to 'None'
[0.593s] Level 5:colcon.colcon_core.verb:set package 'planning' build argument 'cmake_target_skip_unavailable' from command line to 'False'
[0.593s] Level 5:colcon.colcon_core.verb:set package 'planning' build argument 'cmake_clean_cache' from command line to 'False'
[0.593s] Level 5:colcon.colcon_core.verb:set package 'planning' build argument 'cmake_clean_first' from command line to 'False'
[0.593s] Level 5:colcon.colcon_core.verb:set package 'planning' build argument 'cmake_force_configure' from command line to 'False'
[0.593s] Level 5:colcon.colcon_core.verb:set package 'planning' build argument 'ament_cmake_args' from command line to 'None'
[0.593s] Level 5:colcon.colcon_core.verb:set package 'planning' build argument 'catkin_cmake_args' from command line to 'None'
[0.593s] Level 5:colcon.colcon_core.verb:set package 'planning' build argument 'catkin_skip_building_tests' from command line to 'False'
[0.593s] DEBUG:colcon.colcon_core.verb:Building package 'planning' with the following arguments: {'ament_cmake_args': None, 'build_base': '/home/andrewwhong/workspace/driverless/driverless_ws/src/build/planning', 'catkin_cmake_args': None, 'catkin_skip_building_tests': False, 'cmake_args': None, 'cmake_clean_cache': False, 'cmake_clean_first': False, 'cmake_force_configure': False, 'cmake_target': None, 'cmake_target_skip_unavailable': False, 'install_base': '/home/andrewwhong/workspace/driverless/driverless_ws/src/install/planning', 'merge_install': False, 'path': '/home/andrewwhong/workspace/driverless/driverless_ws/src/planning', 'symlink_install': False, 'test_result_base': None}
[0.594s] INFO:colcon.colcon_core.executor:Executing jobs using 'parallel' executor
[0.598s] DEBUG:colcon.colcon_parallel_executor.executor.parallel:run_until_complete
[0.598s] INFO:colcon.colcon_ros.task.ament_cmake.build:Building ROS package in '/home/andrewwhong/workspace/driverless/driverless_ws/src/eufs_msgs' with build type 'ament_cmake'
[0.599s] INFO:colcon.colcon_cmake.task.cmake.build:Building CMake package in '/home/andrewwhong/workspace/driverless/driverless_ws/src/eufs_msgs'
[0.603s] INFO:colcon.colcon_core.plugin_system:Skipping extension 'colcon_core.shell.bat': Not used on non-Windows systems
[0.604s] INFO:colcon.colcon_core.shell:Skip shell extension 'powershell' for command environment: Not usable outside of PowerShell
[0.604s] DEBUG:colcon.colcon_core.shell:Skip shell extension 'dsv' for command environment
[0.608s] INFO:colcon.colcon_ros.task.ament_cmake.build:Building ROS package in '/home/andrewwhong/workspace/driverless/driverless_ws/src/actuators' with build type 'ament_cmake'
[0.608s] INFO:colcon.colcon_cmake.task.cmake.build:Building CMake package in '/home/andrewwhong/workspace/driverless/driverless_ws/src/actuators'
[0.610s] INFO:colcon.colcon_core.shell:Skip shell extension 'powershell' for command environment: Not usable outside of PowerShell
[0.610s] DEBUG:colcon.colcon_core.shell:Skip shell extension 'dsv' for command environment
[0.614s] INFO:colcon.colcon_ros.task.ament_cmake.build:Building ROS package in '/home/andrewwhong/workspace/driverless/driverless_ws/src/collection' with build type 'ament_cmake'
[0.615s] INFO:colcon.colcon_cmake.task.cmake.build:Building CMake package in '/home/andrewwhong/workspace/driverless/driverless_ws/src/collection'
[0.617s] INFO:colcon.colcon_core.shell:Skip shell extension 'powershell' for command environment: Not usable outside of PowerShell
[0.617s] DEBUG:colcon.colcon_core.shell:Skip shell extension 'dsv' for command environment
[0.622s] INFO:colcon.colcon_ros.task.ament_cmake.build:Building ROS package in '/home/andrewwhong/workspace/driverless/driverless_ws/src/common' with build type 'ament_cmake'
[0.622s] INFO:colcon.colcon_cmake.task.cmake.build:Building CMake package in '/home/andrewwhong/workspace/driverless/driverless_ws/src/common'
[0.624s] INFO:colcon.colcon_core.shell:Skip shell extension 'powershell' for command environment: Not usable outside of PowerShell
[0.624s] DEBUG:colcon.colcon_core.shell:Skip shell extension 'dsv' for command environment
[0.628s] INFO:colcon.colcon_ros.task.ament_cmake.build:Building ROS package in '/home/andrewwhong/workspace/driverless/driverless_ws/src/controls' with build type 'ament_cmake'
[0.628s] INFO:colcon.colcon_cmake.task.cmake.build:Building CMake package in '/home/andrewwhong/workspace/driverless/driverless_ws/src/controls'
[0.630s] INFO:colcon.colcon_core.shell:Skip shell extension 'powershell' for command environment: Not usable outside of PowerShell
[0.630s] DEBUG:colcon.colcon_core.shell:Skip shell extension 'dsv' for command environment
[0.634s] INFO:colcon.colcon_ros.task.ament_cmake.build:Building ROS package in '/home/andrewwhong/workspace/driverless/driverless_ws/src/interfaces' with build type 'ament_cmake'
[0.635s] INFO:colcon.colcon_cmake.task.cmake.build:Building CMake package in '/home/andrewwhong/workspace/driverless/driverless_ws/src/interfaces'
[0.637s] INFO:colcon.colcon_core.shell:Skip shell extension 'powershell' for command environment: Not usable outside of PowerShell
[0.637s] DEBUG:colcon.colcon_core.shell:Skip shell extension 'dsv' for command environment
[0.641s] INFO:colcon.colcon_ros.task.ament_cmake.build:Building ROS package in '/home/andrewwhong/workspace/driverless/driverless_ws/src/perceptions' with build type 'ament_cmake'
[0.641s] INFO:colcon.colcon_cmake.task.cmake.build:Building CMake package in '/home/andrewwhong/workspace/driverless/driverless_ws/src/perceptions'
[0.643s] INFO:colcon.colcon_core.shell:Skip shell extension 'powershell' for command environment: Not usable outside of PowerShell
[0.643s] DEBUG:colcon.colcon_core.shell:Skip shell extension 'dsv' for command environment
[0.654s] DEBUG:colcon.colcon_core.event_handler.log_command:Invoking command in '/home/andrewwhong/workspace/driverless/driverless_ws/src/build/eufs_msgs': CMAKE_PREFIX_PATH=${CMAKE_PREFIX_PATH}:/opt/ros/foxy /usr/bin/cmake --build /home/andrewwhong/workspace/driverless/driverless_ws/src/build/eufs_msgs -- -j12 -l12
[0.661s] DEBUG:colcon.colcon_core.event_handler.log_command:Invoking command in '/home/andrewwhong/workspace/driverless/driverless_ws/src/build/actuators': CMAKE_PREFIX_PATH=${CMAKE_PREFIX_PATH}:/opt/ros/foxy /usr/bin/cmake --build /home/andrewwhong/workspace/driverless/driverless_ws/src/build/actuators -- -j12 -l12
[0.664s] DEBUG:colcon.colcon_core.event_handler.log_command:Invoking command in '/home/andrewwhong/workspace/driverless/driverless_ws/src/build/collection': CMAKE_PREFIX_PATH=${CMAKE_PREFIX_PATH}:/opt/ros/foxy /usr/bin/cmake --build /home/andrewwhong/workspace/driverless/driverless_ws/src/build/collection -- -j12 -l12
[0.670s] DEBUG:colcon.colcon_core.event_handler.log_command:Invoking command in '/home/andrewwhong/workspace/driverless/driverless_ws/src/build/common': CMAKE_PREFIX_PATH=${CMAKE_PREFIX_PATH}:/opt/ros/foxy /usr/bin/cmake --build /home/andrewwhong/workspace/driverless/driverless_ws/src/build/common -- -j12 -l12
[0.676s] DEBUG:colcon.colcon_core.event_handler.log_command:Invoking command in '/home/andrewwhong/workspace/driverless/driverless_ws/src/build/controls': CMAKE_PREFIX_PATH=${CMAKE_PREFIX_PATH}:/opt/ros/foxy /usr/bin/cmake --build /home/andrewwhong/workspace/driverless/driverless_ws/src/build/controls -- -j12 -l12
[0.681s] DEBUG:colcon.colcon_core.event_handler.log_command:Invoking command in '/home/andrewwhong/workspace/driverless/driverless_ws/src/build/interfaces': CMAKE_PREFIX_PATH=${CMAKE_PREFIX_PATH}:/opt/ros/foxy /usr/bin/cmake --build /home/andrewwhong/workspace/driverless/driverless_ws/src/build/interfaces -- -j12 -l12
[0.690s] DEBUG:colcon.colcon_core.event_handler.log_command:Invoking command in '/home/andrewwhong/workspace/driverless/driverless_ws/src/build/perceptions': CMAKE_PREFIX_PATH=${CMAKE_PREFIX_PATH}:/opt/ros/foxy /usr/bin/cmake --build /home/andrewwhong/workspace/driverless/driverless_ws/src/build/perceptions -- -j12 -l12
[0.695s] DEBUG:colcon.colcon_core.event_handler.log_command:Invoked command in '/home/andrewwhong/workspace/driverless/driverless_ws/src/build/actuators' returned '0': CMAKE_PREFIX_PATH=${CMAKE_PREFIX_PATH}:/opt/ros/foxy /usr/bin/cmake --build /home/andrewwhong/workspace/driverless/driverless_ws/src/build/actuators -- -j12 -l12
[0.706s] DEBUG:colcon.colcon_core.event_handler.log_command:Invoked command in '/home/andrewwhong/workspace/driverless/driverless_ws/src/build/collection' returned '0': CMAKE_PREFIX_PATH=${CMAKE_PREFIX_PATH}:/opt/ros/foxy /usr/bin/cmake --build /home/andrewwhong/workspace/driverless/driverless_ws/src/build/collection -- -j12 -l12
[0.713s] DEBUG:colcon.colcon_core.event_handler.log_command:Invoked command in '/home/andrewwhong/workspace/driverless/driverless_ws/src/build/common' returned '0': CMAKE_PREFIX_PATH=${CMAKE_PREFIX_PATH}:/opt/ros/foxy /usr/bin/cmake --build /home/andrewwhong/workspace/driverless/driverless_ws/src/build/common -- -j12 -l12
[0.721s] DEBUG:colcon.colcon_core.event_handler.log_command:Invoked command in '/home/andrewwhong/workspace/driverless/driverless_ws/src/build/controls' returned '0': CMAKE_PREFIX_PATH=${CMAKE_PREFIX_PATH}:/opt/ros/foxy /usr/bin/cmake --build /home/andrewwhong/workspace/driverless/driverless_ws/src/build/controls -- -j12 -l12
[0.739s] DEBUG:colcon.colcon_core.event_handler.log_command:Invoking command in '/home/andrewwhong/workspace/driverless/driverless_ws/src/build/actuators': CMAKE_PREFIX_PATH=${CMAKE_PREFIX_PATH}:/opt/ros/foxy /usr/bin/cmake --install /home/andrewwhong/workspace/driverless/driverless_ws/src/build/actuators
[0.744s] DEBUG:colcon.colcon_core.event_handler.log_command:Invoked command in '/home/andrewwhong/workspace/driverless/driverless_ws/src/build/interfaces' returned '0': CMAKE_PREFIX_PATH=${CMAKE_PREFIX_PATH}:/opt/ros/foxy /usr/bin/cmake --build /home/andrewwhong/workspace/driverless/driverless_ws/src/build/interfaces -- -j12 -l12
[0.746s] DEBUG:colcon.colcon_core.event_handler.log_command:Invoked command in '/home/andrewwhong/workspace/driverless/driverless_ws/src/build/perceptions' returned '0': CMAKE_PREFIX_PATH=${CMAKE_PREFIX_PATH}:/opt/ros/foxy /usr/bin/cmake --build /home/andrewwhong/workspace/driverless/driverless_ws/src/build/perceptions -- -j12 -l12
[0.763s] DEBUG:colcon.colcon_core.event_handler.log_command:Invoking command in '/home/andrewwhong/workspace/driverless/driverless_ws/src/build/collection': CMAKE_PREFIX_PATH=${CMAKE_PREFIX_PATH}:/opt/ros/foxy /usr/bin/cmake --install /home/andrewwhong/workspace/driverless/driverless_ws/src/build/collection
[0.764s] DEBUG:colcon.colcon_core.event_handler.log_command:Invoking command in '/home/andrewwhong/workspace/driverless/driverless_ws/src/build/common': CMAKE_PREFIX_PATH=${CMAKE_PREFIX_PATH}:/opt/ros/foxy /usr/bin/cmake --install /home/andrewwhong/workspace/driverless/driverless_ws/src/build/common
[0.770s] DEBUG:colcon.colcon_core.event_handler.log_command:Invoking command in '/home/andrewwhong/workspace/driverless/driverless_ws/src/build/controls': CMAKE_PREFIX_PATH=${CMAKE_PREFIX_PATH}:/opt/ros/foxy /usr/bin/cmake --install /home/andrewwhong/workspace/driverless/driverless_ws/src/build/controls
[0.796s] Level 1:colcon.colcon_core.environment:create_environment_scripts_only(actuators)
[0.802s] DEBUG:colcon.colcon_core.event_handler.log_command:Invoking command in '/home/andrewwhong/workspace/driverless/driverless_ws/src/build/perceptions': CMAKE_PREFIX_PATH=${CMAKE_PREFIX_PATH}:/opt/ros/foxy /usr/bin/cmake --install /home/andrewwhong/workspace/driverless/driverless_ws/src/build/perceptions
[0.811s] DEBUG:colcon.colcon_core.event_handler.log_command:Invoking command in '/home/andrewwhong/workspace/driverless/driverless_ws/src/build/interfaces': CMAKE_PREFIX_PATH=${CMAKE_PREFIX_PATH}:/opt/ros/foxy /usr/bin/cmake --install /home/andrewwhong/workspace/driverless/driverless_ws/src/build/interfaces
[0.813s] DEBUG:colcon.colcon_core.event_handler.log_command:Invoked command in '/home/andrewwhong/workspace/driverless/driverless_ws/src/build/actuators' returned '0': CMAKE_PREFIX_PATH=${CMAKE_PREFIX_PATH}:/opt/ros/foxy /usr/bin/cmake --install /home/andrewwhong/workspace/driverless/driverless_ws/src/build/actuators
[0.819s] Level 1:colcon.colcon_core.environment:checking '/home/andrewwhong/workspace/driverless/driverless_ws/src/install/actuators' for CMake module files
[0.820s] Level 1:colcon.colcon_core.environment:checking '/home/andrewwhong/workspace/driverless/driverless_ws/src/install/actuators' for CMake config files
[0.820s] Level 1:colcon.colcon_core.shell:create_environment_hook('actuators', 'cmake_prefix_path')
[0.822s] INFO:colcon.colcon_core.shell:Creating environment hook '/home/andrewwhong/workspace/driverless/driverless_ws/src/install/actuators/share/actuators/hook/cmake_prefix_path.ps1'
[0.823s] INFO:colcon.colcon_core.shell:Creating environment descriptor '/home/andrewwhong/workspace/driverless/driverless_ws/src/install/actuators/share/actuators/hook/cmake_prefix_path.dsv'
[0.823s] INFO:colcon.colcon_core.shell:Creating environment hook '/home/andrewwhong/workspace/driverless/driverless_ws/src/install/actuators/share/actuators/hook/cmake_prefix_path.sh'
[0.824s] Level 1:colcon.colcon_core.environment:checking '/home/andrewwhong/workspace/driverless/driverless_ws/src/install/actuators/bin'
[0.825s] Level 1:colcon.colcon_core.environment:checking '/home/andrewwhong/workspace/driverless/driverless_ws/src/install/actuators/lib/pkgconfig/actuators.pc'
[0.825s] Level 1:colcon.colcon_core.environment:checking '/home/andrewwhong/workspace/driverless/driverless_ws/src/install/actuators/lib/python3.8/site-packages'
[0.825s] Level 1:colcon.colcon_core.environment:checking '/home/andrewwhong/workspace/driverless/driverless_ws/src/install/actuators/bin'
[0.827s] INFO:colcon.colcon_core.shell:Creating package script '/home/andrewwhong/workspace/driverless/driverless_ws/src/install/actuators/share/actuators/package.ps1'
[0.827s] INFO:colcon.colcon_core.shell:Creating package descriptor '/home/andrewwhong/workspace/driverless/driverless_ws/src/install/actuators/share/actuators/package.dsv'
[0.828s] INFO:colcon.colcon_core.shell:Creating package script '/home/andrewwhong/workspace/driverless/driverless_ws/src/install/actuators/share/actuators/package.sh'
[0.829s] INFO:colcon.colcon_core.shell:Creating package script '/home/andrewwhong/workspace/driverless/driverless_ws/src/install/actuators/share/actuators/package.bash'
[0.829s] INFO:colcon.colcon_core.shell:Creating package script '/home/andrewwhong/workspace/driverless/driverless_ws/src/install/actuators/share/actuators/package.zsh'
[0.830s] Level 1:colcon.colcon_core.environment:create_file_with_runtime_dependencies(/home/andrewwhong/workspace/driverless/driverless_ws/src/install/actuators/share/colcon-core/packages/actuators)
[0.833s] Level 1:colcon.colcon_core.environment:create_environment_scripts_only(collection)
[0.836s] Level 1:colcon.colcon_core.environment:checking '/home/andrewwhong/workspace/driverless/driverless_ws/src/install/collection' for CMake module files
[0.837s] DEBUG:colcon.colcon_core.event_handler.log_command:Invoked command in '/home/andrewwhong/workspace/driverless/driverless_ws/src/build/collection' returned '0': CMAKE_PREFIX_PATH=${CMAKE_PREFIX_PATH}:/opt/ros/foxy /usr/bin/cmake --install /home/andrewwhong/workspace/driverless/driverless_ws/src/build/collection
[0.838s] Level 1:colcon.colcon_core.environment:checking '/home/andrewwhong/workspace/driverless/driverless_ws/src/install/collection' for CMake config files
[0.838s] Level 1:colcon.colcon_core.shell:create_environment_hook('collection', 'cmake_prefix_path')
[0.839s] INFO:colcon.colcon_core.shell:Creating environment hook '/home/andrewwhong/workspace/driverless/driverless_ws/src/install/collection/share/collection/hook/cmake_prefix_path.ps1'
[0.840s] INFO:colcon.colcon_core.shell:Creating environment descriptor '/home/andrewwhong/workspace/driverless/driverless_ws/src/install/collection/share/collection/hook/cmake_prefix_path.dsv'
[0.840s] INFO:colcon.colcon_core.shell:Creating environment hook '/home/andrewwhong/workspace/driverless/driverless_ws/src/install/collection/share/collection/hook/cmake_prefix_path.sh'
[0.841s] Level 1:colcon.colcon_core.environment:checking '/home/andrewwhong/workspace/driverless/driverless_ws/src/install/collection/bin'
[0.841s] Level 1:colcon.colcon_core.environment:checking '/home/andrewwhong/workspace/driverless/driverless_ws/src/install/collection/lib/pkgconfig/collection.pc'
[0.841s] Level 1:colcon.colcon_core.environment:checking '/home/andrewwhong/workspace/driverless/driverless_ws/src/install/collection/lib/python3.8/site-packages'
[0.841s] Level 1:colcon.colcon_core.environment:checking '/home/andrewwhong/workspace/driverless/driverless_ws/src/install/collection/bin'
[0.843s] INFO:colcon.colcon_core.shell:Creating package script '/home/andrewwhong/workspace/driverless/driverless_ws/src/install/collection/share/collection/package.ps1'
[0.843s] INFO:colcon.colcon_core.shell:Creating package descriptor '/home/andrewwhong/workspace/driverless/driverless_ws/src/install/collection/share/collection/package.dsv'
[0.844s] INFO:colcon.colcon_core.shell:Creating package script '/home/andrewwhong/workspace/driverless/driverless_ws/src/install/collection/share/collection/package.sh'
[0.844s] INFO:colcon.colcon_core.shell:Creating package script '/home/andrewwhong/workspace/driverless/driverless_ws/src/install/collection/share/collection/package.bash'
[0.845s] INFO:colcon.colcon_core.shell:Creating package script '/home/andrewwhong/workspace/driverless/driverless_ws/src/install/collection/share/collection/package.zsh'
[0.845s] Level 1:colcon.colcon_core.environment:create_file_with_runtime_dependencies(/home/andrewwhong/workspace/driverless/driverless_ws/src/install/collection/share/colcon-core/packages/collection)
[0.851s] Level 1:colcon.colcon_core.environment:create_environment_scripts_only(common)
[0.854s] Level 1:colcon.colcon_core.environment:checking '/home/andrewwhong/workspace/driverless/driverless_ws/src/install/common' for CMake module files
[0.855s] Level 1:colcon.colcon_core.environment:checking '/home/andrewwhong/workspace/driverless/driverless_ws/src/install/common' for CMake config files
[0.857s] Level 1:colcon.colcon_core.shell:create_environment_hook('common', 'cmake_prefix_path')
[0.858s] INFO:colcon.colcon_core.shell:Creating environment hook '/home/andrewwhong/workspace/driverless/driverless_ws/src/install/common/share/common/hook/cmake_prefix_path.ps1'
[0.860s] INFO:colcon.colcon_core.shell:Creating environment descriptor '/home/andrewwhong/workspace/driverless/driverless_ws/src/install/common/share/common/hook/cmake_prefix_path.dsv'
[0.861s] INFO:colcon.colcon_core.shell:Creating environment hook '/home/andrewwhong/workspace/driverless/driverless_ws/src/install/common/share/common/hook/cmake_prefix_path.sh'
[0.862s] DEBUG:colcon.colcon_core.event_handler.log_command:Invoked command in '/home/andrewwhong/workspace/driverless/driverless_ws/src/build/common' returned '0': CMAKE_PREFIX_PATH=${CMAKE_PREFIX_PATH}:/opt/ros/foxy /usr/bin/cmake --install /home/andrewwhong/workspace/driverless/driverless_ws/src/build/common
[0.863s] Level 1:colcon.colcon_core.environment:checking '/home/andrewwhong/workspace/driverless/driverless_ws/src/install/common/bin'
[0.863s] Level 1:colcon.colcon_core.environment:checking '/home/andrewwhong/workspace/driverless/driverless_ws/src/install/common/lib/pkgconfig/common.pc'
[0.863s] Level 1:colcon.colcon_core.environment:checking '/home/andrewwhong/workspace/driverless/driverless_ws/src/install/common/lib/python3.8/site-packages'
[0.863s] Level 1:colcon.colcon_core.environment:checking '/home/andrewwhong/workspace/driverless/driverless_ws/src/install/common/bin'
[0.865s] INFO:colcon.colcon_core.shell:Creating package script '/home/andrewwhong/workspace/driverless/driverless_ws/src/install/common/share/common/package.ps1'
[0.865s] INFO:colcon.colcon_core.shell:Creating package descriptor '/home/andrewwhong/workspace/driverless/driverless_ws/src/install/common/share/common/package.dsv'
[0.866s] INFO:colcon.colcon_core.shell:Creating package script '/home/andrewwhong/workspace/driverless/driverless_ws/src/install/common/share/common/package.sh'
[0.866s] INFO:colcon.colcon_core.shell:Creating package script '/home/andrewwhong/workspace/driverless/driverless_ws/src/install/common/share/common/package.bash'
[0.866s] INFO:colcon.colcon_core.shell:Creating package script '/home/andrewwhong/workspace/driverless/driverless_ws/src/install/common/share/common/package.zsh'
[0.866s] Level 1:colcon.colcon_core.environment:create_file_with_runtime_dependencies(/home/andrewwhong/workspace/driverless/driverless_ws/src/install/common/share/colcon-core/packages/common)
[0.869s] Level 1:colcon.colcon_core.environment:create_environment_scripts_only(controls)
[0.872s] Level 1:colcon.colcon_core.environment:checking '/home/andrewwhong/workspace/driverless/driverless_ws/src/install/controls' for CMake module files
[0.874s] DEBUG:colcon.colcon_core.event_handler.log_command:Invoked command in '/home/andrewwhong/workspace/driverless/driverless_ws/src/build/controls' returned '0': CMAKE_PREFIX_PATH=${CMAKE_PREFIX_PATH}:/opt/ros/foxy /usr/bin/cmake --install /home/andrewwhong/workspace/driverless/driverless_ws/src/build/controls
[0.874s] Level 1:colcon.colcon_core.environment:checking '/home/andrewwhong/workspace/driverless/driverless_ws/src/install/controls' for CMake config files
[0.874s] Level 1:colcon.colcon_core.shell:create_environment_hook('controls', 'cmake_prefix_path')
[0.876s] INFO:colcon.colcon_core.shell:Creating environment hook '/home/andrewwhong/workspace/driverless/driverless_ws/src/install/controls/share/controls/hook/cmake_prefix_path.ps1'
[0.876s] INFO:colcon.colcon_core.shell:Creating environment descriptor '/home/andrewwhong/workspace/driverless/driverless_ws/src/install/controls/share/controls/hook/cmake_prefix_path.dsv'
[0.877s] INFO:colcon.colcon_core.shell:Creating environment hook '/home/andrewwhong/workspace/driverless/driverless_ws/src/install/controls/share/controls/hook/cmake_prefix_path.sh'
[0.877s] Level 1:colcon.colcon_core.environment:checking '/home/andrewwhong/workspace/driverless/driverless_ws/src/install/controls/bin'
[0.877s] Level 1:colcon.colcon_core.environment:checking '/home/andrewwhong/workspace/driverless/driverless_ws/src/install/controls/lib/pkgconfig/controls.pc'
[0.877s] Level 1:colcon.colcon_core.environment:checking '/home/andrewwhong/workspace/driverless/driverless_ws/src/install/controls/lib/python3.8/site-packages'
[0.878s] Level 1:colcon.colcon_core.environment:checking '/home/andrewwhong/workspace/driverless/driverless_ws/src/install/controls/bin'
[0.879s] INFO:colcon.colcon_core.shell:Creating package script '/home/andrewwhong/workspace/driverless/driverless_ws/src/install/controls/share/controls/package.ps1'
[0.880s] INFO:colcon.colcon_core.shell:Creating package descriptor '/home/andrewwhong/workspace/driverless/driverless_ws/src/install/controls/share/controls/package.dsv'
[0.880s] INFO:colcon.colcon_core.shell:Creating package script '/home/andrewwhong/workspace/driverless/driverless_ws/src/install/controls/share/controls/package.sh'
[0.880s] INFO:colcon.colcon_core.shell:Creating package script '/home/andrewwhong/workspace/driverless/driverless_ws/src/install/controls/share/controls/package.bash'
[0.881s] INFO:colcon.colcon_core.shell:Creating package script '/home/andrewwhong/workspace/driverless/driverless_ws/src/install/controls/share/controls/package.zsh'
[0.881s] Level 1:colcon.colcon_core.environment:create_file_with_runtime_dependencies(/home/andrewwhong/workspace/driverless/driverless_ws/src/install/controls/share/colcon-core/packages/controls)
[0.884s] Level 1:colcon.colcon_core.environment:create_environment_scripts_only(perceptions)
[0.886s] Level 1:colcon.colcon_core.environment:checking '/home/andrewwhong/workspace/driverless/driverless_ws/src/install/perceptions' for CMake module files
[0.887s] DEBUG:colcon.colcon_core.event_handler.log_command:Invoked command in '/home/andrewwhong/workspace/driverless/driverless_ws/src/build/perceptions' returned '0': CMAKE_PREFIX_PATH=${CMAKE_PREFIX_PATH}:/opt/ros/foxy /usr/bin/cmake --install /home/andrewwhong/workspace/driverless/driverless_ws/src/build/perceptions
[0.888s] Level 1:colcon.colcon_core.environment:checking '/home/andrewwhong/workspace/driverless/driverless_ws/src/install/perceptions' for CMake config files
[0.888s] Level 1:colcon.colcon_core.shell:create_environment_hook('perceptions', 'cmake_prefix_path')
[0.890s] INFO:colcon.colcon_core.shell:Creating environment hook '/home/andrewwhong/workspace/driverless/driverless_ws/src/install/perceptions/share/perceptions/hook/cmake_prefix_path.ps1'
[0.891s] INFO:colcon.colcon_core.shell:Creating environment descriptor '/home/andrewwhong/workspace/driverless/driverless_ws/src/install/perceptions/share/perceptions/hook/cmake_prefix_path.dsv'
[0.891s] INFO:colcon.colcon_core.shell:Creating environment hook '/home/andrewwhong/workspace/driverless/driverless_ws/src/install/perceptions/share/perceptions/hook/cmake_prefix_path.sh'
[0.892s] Level 1:colcon.colcon_core.environment:checking '/home/andrewwhong/workspace/driverless/driverless_ws/src/install/perceptions/bin'
[0.892s] Level 1:colcon.colcon_core.environment:checking '/home/andrewwhong/workspace/driverless/driverless_ws/src/install/perceptions/lib/pkgconfig/perceptions.pc'
[0.892s] Level 1:colcon.colcon_core.environment:checking '/home/andrewwhong/workspace/driverless/driverless_ws/src/install/perceptions/lib/python3.8/site-packages'
[0.892s] Level 1:colcon.colcon_core.environment:checking '/home/andrewwhong/workspace/driverless/driverless_ws/src/install/perceptions/bin'
[0.894s] INFO:colcon.colcon_core.shell:Creating package script '/home/andrewwhong/workspace/driverless/driverless_ws/src/install/perceptions/share/perceptions/package.ps1'
[0.894s] INFO:colcon.colcon_core.shell:Creating package descriptor '/home/andrewwhong/workspace/driverless/driverless_ws/src/install/perceptions/share/perceptions/package.dsv'
[0.894s] INFO:colcon.colcon_core.shell:Creating package script '/home/andrewwhong/workspace/driverless/driverless_ws/src/install/perceptions/share/perceptions/package.sh'
[0.895s] INFO:colcon.colcon_core.shell:Creating package script '/home/andrewwhong/workspace/driverless/driverless_ws/src/install/perceptions/share/perceptions/package.bash'
[0.895s] INFO:colcon.colcon_core.shell:Creating package script '/home/andrewwhong/workspace/driverless/driverless_ws/src/install/perceptions/share/perceptions/package.zsh'
[0.895s] Level 1:colcon.colcon_core.environment:create_file_with_runtime_dependencies(/home/andrewwhong/workspace/driverless/driverless_ws/src/install/perceptions/share/colcon-core/packages/perceptions)
[0.900s] Level 1:colcon.colcon_core.environment:create_environment_scripts_only(interfaces)
[0.903s] Level 1:colcon.colcon_core.environment:checking '/home/andrewwhong/workspace/driverless/driverless_ws/src/install/interfaces' for CMake module files
[0.904s] DEBUG:colcon.colcon_core.event_handler.log_command:Invoked command in '/home/andrewwhong/workspace/driverless/driverless_ws/src/build/interfaces' returned '0': CMAKE_PREFIX_PATH=${CMAKE_PREFIX_PATH}:/opt/ros/foxy /usr/bin/cmake --install /home/andrewwhong/workspace/driverless/driverless_ws/src/build/interfaces
[0.904s] Level 1:colcon.colcon_core.environment:checking '/home/andrewwhong/workspace/driverless/driverless_ws/src/install/interfaces' for CMake config files
[0.905s] Level 1:colcon.colcon_core.shell:create_environment_hook('interfaces', 'cmake_prefix_path')
[0.906s] INFO:colcon.colcon_core.shell:Creating environment hook '/home/andrewwhong/workspace/driverless/driverless_ws/src/install/interfaces/share/interfaces/hook/cmake_prefix_path.ps1'
[0.907s] INFO:colcon.colcon_core.shell:Creating environment descriptor '/home/andrewwhong/workspace/driverless/driverless_ws/src/install/interfaces/share/interfaces/hook/cmake_prefix_path.dsv'
[0.907s] INFO:colcon.colcon_core.shell:Creating environment hook '/home/andrewwhong/workspace/driverless/driverless_ws/src/install/interfaces/share/interfaces/hook/cmake_prefix_path.sh'
[0.908s] Level 1:colcon.colcon_core.environment:checking '/home/andrewwhong/workspace/driverless/driverless_ws/src/install/interfaces/bin'
[0.908s] Level 1:colcon.colcon_core.environment:checking '/home/andrewwhong/workspace/driverless/driverless_ws/src/install/interfaces/lib/pkgconfig/interfaces.pc'
[0.908s] Level 1:colcon.colcon_core.environment:checking '/home/andrewwhong/workspace/driverless/driverless_ws/src/install/interfaces/lib/python3.8/site-packages'
[0.909s] Level 1:colcon.colcon_core.environment:checking '/home/andrewwhong/workspace/driverless/driverless_ws/src/install/interfaces/bin'
[0.910s] INFO:colcon.colcon_core.shell:Creating package script '/home/andrewwhong/workspace/driverless/driverless_ws/src/install/interfaces/share/interfaces/package.ps1'
[0.910s] INFO:colcon.colcon_core.shell:Creating package descriptor '/home/andrewwhong/workspace/driverless/driverless_ws/src/install/interfaces/share/interfaces/package.dsv'
[0.911s] INFO:colcon.colcon_core.shell:Creating package script '/home/andrewwhong/workspace/driverless/driverless_ws/src/install/interfaces/share/interfaces/package.sh'
[0.911s] INFO:colcon.colcon_core.shell:Creating package script '/home/andrewwhong/workspace/driverless/driverless_ws/src/install/interfaces/share/interfaces/package.bash'
[0.912s] INFO:colcon.colcon_core.shell:Creating package script '/home/andrewwhong/workspace/driverless/driverless_ws/src/install/interfaces/share/interfaces/package.zsh'
[0.912s] Level 1:colcon.colcon_core.environment:create_file_with_runtime_dependencies(/home/andrewwhong/workspace/driverless/driverless_ws/src/install/interfaces/share/colcon-core/packages/interfaces)
[0.917s] Level 1:colcon.colcon_core.environment:create_environment_scripts_only(actuators)
[0.920s] Level 1:colcon.colcon_core.environment:checking '/home/andrewwhong/workspace/driverless/driverless_ws/src/install/actuators' for CMake module files
[0.920s] Level 1:colcon.colcon_core.environment:checking '/home/andrewwhong/workspace/driverless/driverless_ws/src/install/actuators' for CMake config files
[0.920s] Level 1:colcon.colcon_core.shell:create_environment_hook('actuators', 'cmake_prefix_path')
[0.922s] INFO:colcon.colcon_core.shell:Creating environment hook '/home/andrewwhong/workspace/driverless/driverless_ws/src/install/actuators/share/actuators/hook/cmake_prefix_path.ps1'
[0.923s] INFO:colcon.colcon_core.shell:Creating environment descriptor '/home/andrewwhong/workspace/driverless/driverless_ws/src/install/actuators/share/actuators/hook/cmake_prefix_path.dsv'
[0.923s] INFO:colcon.colcon_core.shell:Creating environment hook '/home/andrewwhong/workspace/driverless/driverless_ws/src/install/actuators/share/actuators/hook/cmake_prefix_path.sh'
[0.924s] Level 1:colcon.colcon_core.environment:checking '/home/andrewwhong/workspace/driverless/driverless_ws/src/install/actuators/bin'
[0.924s] Level 1:colcon.colcon_core.environment:checking '/home/andrewwhong/workspace/driverless/driverless_ws/src/install/actuators/lib/pkgconfig/actuators.pc'
[0.924s] Level 1:colcon.colcon_core.environment:checking '/home/andrewwhong/workspace/driverless/driverless_ws/src/install/actuators/lib/python3.8/site-packages'
[0.924s] Level 1:colcon.colcon_core.environment:checking '/home/andrewwhong/workspace/driverless/driverless_ws/src/install/actuators/bin'
[0.926s] INFO:colcon.colcon_core.shell:Creating package script '/home/andrewwhong/workspace/driverless/driverless_ws/src/install/actuators/share/actuators/package.ps1'
[0.927s] INFO:colcon.colcon_core.shell:Creating package descriptor '/home/andrewwhong/workspace/driverless/driverless_ws/src/install/actuators/share/actuators/package.dsv'
[0.927s] INFO:colcon.colcon_core.shell:Creating package script '/home/andrewwhong/workspace/driverless/driverless_ws/src/install/actuators/share/actuators/package.sh'
[0.928s] INFO:colcon.colcon_core.shell:Creating package script '/home/andrewwhong/workspace/driverless/driverless_ws/src/install/actuators/share/actuators/package.bash'
[0.928s] INFO:colcon.colcon_core.shell:Creating package script '/home/andrewwhong/workspace/driverless/driverless_ws/src/install/actuators/share/actuators/package.zsh'
[0.929s] Level 1:colcon.colcon_core.environment:create_file_with_runtime_dependencies(/home/andrewwhong/workspace/driverless/driverless_ws/src/install/actuators/share/colcon-core/packages/actuators)
[0.931s] Level 1:colcon.colcon_core.environment:create_environment_scripts_only(collection)
[0.934s] Level 1:colcon.colcon_core.environment:checking '/home/andrewwhong/workspace/driverless/driverless_ws/src/install/collection' for CMake module files
[0.935s] Level 1:colcon.colcon_core.environment:checking '/home/andrewwhong/workspace/driverless/driverless_ws/src/install/collection' for CMake config files
[0.936s] Level 1:colcon.colcon_core.shell:create_environment_hook('collection', 'cmake_prefix_path')
[0.938s] INFO:colcon.colcon_core.shell:Creating environment hook '/home/andrewwhong/workspace/driverless/driverless_ws/src/install/collection/share/collection/hook/cmake_prefix_path.ps1'
[0.938s] INFO:colcon.colcon_core.shell:Creating environment descriptor '/home/andrewwhong/workspace/driverless/driverless_ws/src/install/collection/share/collection/hook/cmake_prefix_path.dsv'
[0.939s] INFO:colcon.colcon_core.shell:Creating environment hook '/home/andrewwhong/workspace/driverless/driverless_ws/src/install/collection/share/collection/hook/cmake_prefix_path.sh'
[0.939s] Level 1:colcon.colcon_core.environment:checking '/home/andrewwhong/workspace/driverless/driverless_ws/src/install/collection/bin'
[0.939s] Level 1:colcon.colcon_core.environment:checking '/home/andrewwhong/workspace/driverless/driverless_ws/src/install/collection/lib/pkgconfig/collection.pc'
[0.939s] Level 1:colcon.colcon_core.environment:checking '/home/andrewwhong/workspace/driverless/driverless_ws/src/install/collection/lib/python3.8/site-packages'
[0.940s] Level 1:colcon.colcon_core.environment:checking '/home/andrewwhong/workspace/driverless/driverless_ws/src/install/collection/bin'
[0.941s] INFO:colcon.colcon_core.shell:Creating package script '/home/andrewwhong/workspace/driverless/driverless_ws/src/install/collection/share/collection/package.ps1'
[0.942s] INFO:colcon.colcon_core.shell:Creating package descriptor '/home/andrewwhong/workspace/driverless/driverless_ws/src/install/collection/share/collection/package.dsv'
[0.943s] INFO:colcon.colcon_core.shell:Creating package script '/home/andrewwhong/workspace/driverless/driverless_ws/src/install/collection/share/collection/package.sh'
[0.943s] INFO:colcon.colcon_core.shell:Creating package script '/home/andrewwhong/workspace/driverless/driverless_ws/src/install/collection/share/collection/package.bash'
[0.943s] INFO:colcon.colcon_core.shell:Creating package script '/home/andrewwhong/workspace/driverless/driverless_ws/src/install/collection/share/collection/package.zsh'
[0.944s] Level 1:colcon.colcon_core.environment:create_file_with_runtime_dependencies(/home/andrewwhong/workspace/driverless/driverless_ws/src/install/collection/share/colcon-core/packages/collection)
[0.947s] Level 1:colcon.colcon_core.environment:create_environment_scripts_only(common)
[0.949s] Level 1:colcon.colcon_core.environment:checking '/home/andrewwhong/workspace/driverless/driverless_ws/src/install/common' for CMake module files
[0.951s] Level 1:colcon.colcon_core.environment:checking '/home/andrewwhong/workspace/driverless/driverless_ws/src/install/common' for CMake config files
[0.951s] Level 1:colcon.colcon_core.shell:create_environment_hook('common', 'cmake_prefix_path')
[0.953s] INFO:colcon.colcon_core.shell:Creating environment hook '/home/andrewwhong/workspace/driverless/driverless_ws/src/install/common/share/common/hook/cmake_prefix_path.ps1'
[0.953s] INFO:colcon.colcon_core.shell:Creating environment descriptor '/home/andrewwhong/workspace/driverless/driverless_ws/src/install/common/share/common/hook/cmake_prefix_path.dsv'
[0.954s] INFO:colcon.colcon_core.shell:Creating environment hook '/home/andrewwhong/workspace/driverless/driverless_ws/src/install/common/share/common/hook/cmake_prefix_path.sh'
[0.954s] Level 1:colcon.colcon_core.environment:checking '/home/andrewwhong/workspace/driverless/driverless_ws/src/install/common/bin'
[0.955s] Level 1:colcon.colcon_core.environment:checking '/home/andrewwhong/workspace/driverless/driverless_ws/src/install/common/lib/pkgconfig/common.pc'
[0.955s] Level 1:colcon.colcon_core.environment:checking '/home/andrewwhong/workspace/driverless/driverless_ws/src/install/common/lib/python3.8/site-packages'
[0.955s] Level 1:colcon.colcon_core.environment:checking '/home/andrewwhong/workspace/driverless/driverless_ws/src/install/common/bin'
[0.957s] INFO:colcon.colcon_core.shell:Creating package script '/home/andrewwhong/workspace/driverless/driverless_ws/src/install/common/share/common/package.ps1'
[0.958s] INFO:colcon.colcon_core.shell:Creating package descriptor '/home/andrewwhong/workspace/driverless/driverless_ws/src/install/common/share/common/package.dsv'
[0.958s] INFO:colcon.colcon_core.shell:Creating package script '/home/andrewwhong/workspace/driverless/driverless_ws/src/install/common/share/common/package.sh'
[0.959s] INFO:colcon.colcon_core.shell:Creating package script '/home/andrewwhong/workspace/driverless/driverless_ws/src/install/common/share/common/package.bash'
[0.959s] INFO:colcon.colcon_core.shell:Creating package script '/home/andrewwhong/workspace/driverless/driverless_ws/src/install/common/share/common/package.zsh'
[0.960s] Level 1:colcon.colcon_core.environment:create_file_with_runtime_dependencies(/home/andrewwhong/workspace/driverless/driverless_ws/src/install/common/share/colcon-core/packages/common)
[0.962s] Level 1:colcon.colcon_core.environment:create_environment_scripts_only(controls)
[0.965s] Level 1:colcon.colcon_core.environment:checking '/home/andrewwhong/workspace/driverless/driverless_ws/src/install/controls' for CMake module files
[0.967s] Level 1:colcon.colcon_core.environment:checking '/home/andrewwhong/workspace/driverless/driverless_ws/src/install/controls' for CMake config files
[0.968s] Level 1:colcon.colcon_core.shell:create_environment_hook('controls', 'cmake_prefix_path')
[0.970s] INFO:colcon.colcon_core.shell:Creating environment hook '/home/andrewwhong/workspace/driverless/driverless_ws/src/install/controls/share/controls/hook/cmake_prefix_path.ps1'
[0.973s] INFO:colcon.colcon_core.shell:Creating environment descriptor '/home/andrewwhong/workspace/driverless/driverless_ws/src/install/controls/share/controls/hook/cmake_prefix_path.dsv'
[0.973s] INFO:colcon.colcon_core.shell:Creating environment hook '/home/andrewwhong/workspace/driverless/driverless_ws/src/install/controls/share/controls/hook/cmake_prefix_path.sh'
[0.974s] Level 1:colcon.colcon_core.environment:checking '/home/andrewwhong/workspace/driverless/driverless_ws/src/install/controls/bin'
[0.975s] Level 1:colcon.colcon_core.environment:checking '/home/andrewwhong/workspace/driverless/driverless_ws/src/install/controls/lib/pkgconfig/controls.pc'
[0.975s] Level 1:colcon.colcon_core.environment:checking '/home/andrewwhong/workspace/driverless/driverless_ws/src/install/controls/lib/python3.8/site-packages'
[0.975s] Level 1:colcon.colcon_core.environment:checking '/home/andrewwhong/workspace/driverless/driverless_ws/src/install/controls/bin'
[0.977s] INFO:colcon.colcon_core.shell:Creating package script '/home/andrewwhong/workspace/driverless/driverless_ws/src/install/controls/share/controls/package.ps1'
[0.978s] INFO:colcon.colcon_core.shell:Creating package descriptor '/home/andrewwhong/workspace/driverless/driverless_ws/src/install/controls/share/controls/package.dsv'
[0.978s] INFO:colcon.colcon_core.shell:Creating package script '/home/andrewwhong/workspace/driverless/driverless_ws/src/install/controls/share/controls/package.sh'
[0.979s] INFO:colcon.colcon_core.shell:Creating package script '/home/andrewwhong/workspace/driverless/driverless_ws/src/install/controls/share/controls/package.bash'
[0.979s] INFO:colcon.colcon_core.shell:Creating package script '/home/andrewwhong/workspace/driverless/driverless_ws/src/install/controls/share/controls/package.zsh'
[0.980s] Level 1:colcon.colcon_core.environment:create_file_with_runtime_dependencies(/home/andrewwhong/workspace/driverless/driverless_ws/src/install/controls/share/colcon-core/packages/controls)
[0.982s] Level 1:colcon.colcon_core.environment:create_environment_scripts_only(perceptions)
[0.984s] Level 1:colcon.colcon_core.environment:checking '/home/andrewwhong/workspace/driverless/driverless_ws/src/install/perceptions' for CMake module files
[0.986s] Level 1:colcon.colcon_core.environment:checking '/home/andrewwhong/workspace/driverless/driverless_ws/src/install/perceptions' for CMake config files
[0.986s] Level 1:colcon.colcon_core.shell:create_environment_hook('perceptions', 'cmake_prefix_path')
[0.988s] INFO:colcon.colcon_core.shell:Creating environment hook '/home/andrewwhong/workspace/driverless/driverless_ws/src/install/perceptions/share/perceptions/hook/cmake_prefix_path.ps1'
[0.988s] INFO:colcon.colcon_core.shell:Creating environment descriptor '/home/andrewwhong/workspace/driverless/driverless_ws/src/install/perceptions/share/perceptions/hook/cmake_prefix_path.dsv'
[0.989s] INFO:colcon.colcon_core.shell:Creating environment hook '/home/andrewwhong/workspace/driverless/driverless_ws/src/install/perceptions/share/perceptions/hook/cmake_prefix_path.sh'
[0.989s] Level 1:colcon.colcon_core.environment:checking '/home/andrewwhong/workspace/driverless/driverless_ws/src/install/perceptions/bin'
[0.989s] Level 1:colcon.colcon_core.environment:checking '/home/andrewwhong/workspace/driverless/driverless_ws/src/install/perceptions/lib/pkgconfig/perceptions.pc'
[0.989s] Level 1:colcon.colcon_core.environment:checking '/home/andrewwhong/workspace/driverless/driverless_ws/src/install/perceptions/lib/python3.8/site-packages'
[0.989s] Level 1:colcon.colcon_core.environment:checking '/home/andrewwhong/workspace/driverless/driverless_ws/src/install/perceptions/bin'
[0.991s] INFO:colcon.colcon_core.shell:Creating package script '/home/andrewwhong/workspace/driverless/driverless_ws/src/install/perceptions/share/perceptions/package.ps1'
[0.991s] INFO:colcon.colcon_core.shell:Creating package descriptor '/home/andrewwhong/workspace/driverless/driverless_ws/src/install/perceptions/share/perceptions/package.dsv'
[0.992s] INFO:colcon.colcon_core.shell:Creating package script '/home/andrewwhong/workspace/driverless/driverless_ws/src/install/perceptions/share/perceptions/package.sh'
[0.992s] INFO:colcon.colcon_core.shell:Creating package script '/home/andrewwhong/workspace/driverless/driverless_ws/src/install/perceptions/share/perceptions/package.bash'
[0.993s] INFO:colcon.colcon_core.shell:Creating package script '/home/andrewwhong/workspace/driverless/driverless_ws/src/install/perceptions/share/perceptions/package.zsh'
[0.993s] Level 1:colcon.colcon_core.environment:create_file_with_runtime_dependencies(/home/andrewwhong/workspace/driverless/driverless_ws/src/install/perceptions/share/colcon-core/packages/perceptions)
[0.995s] Level 1:colcon.colcon_core.environment:create_environment_scripts_only(interfaces)
[0.998s] Level 1:colcon.colcon_core.environment:checking '/home/andrewwhong/workspace/driverless/driverless_ws/src/install/interfaces' for CMake module files
[0.999s] Level 1:colcon.colcon_core.environment:checking '/home/andrewwhong/workspace/driverless/driverless_ws/src/install/interfaces' for CMake config files
[1.000s] Level 1:colcon.colcon_core.shell:create_environment_hook('interfaces', 'cmake_prefix_path')
[1.001s] INFO:colcon.colcon_core.shell:Creating environment hook '/home/andrewwhong/workspace/driverless/driverless_ws/src/install/interfaces/share/interfaces/hook/cmake_prefix_path.ps1'
[1.001s] INFO:colcon.colcon_core.shell:Creating environment descriptor '/home/andrewwhong/workspace/driverless/driverless_ws/src/install/interfaces/share/interfaces/hook/cmake_prefix_path.dsv'
[1.002s] INFO:colcon.colcon_core.shell:Creating environment hook '/home/andrewwhong/workspace/driverless/driverless_ws/src/install/interfaces/share/interfaces/hook/cmake_prefix_path.sh'
[1.002s] Level 1:colcon.colcon_core.environment:checking '/home/andrewwhong/workspace/driverless/driverless_ws/src/install/interfaces/bin'
[1.003s] Level 1:colcon.colcon_core.environment:checking '/home/andrewwhong/workspace/driverless/driverless_ws/src/install/interfaces/lib/pkgconfig/interfaces.pc'
[1.003s] Level 1:colcon.colcon_core.environment:checking '/home/andrewwhong/workspace/driverless/driverless_ws/src/install/interfaces/lib/python3.8/site-packages'
[1.003s] Level 1:colcon.colcon_core.environment:checking '/home/andrewwhong/workspace/driverless/driverless_ws/src/install/interfaces/bin'
[1.005s] INFO:colcon.colcon_core.shell:Creating package script '/home/andrewwhong/workspace/driverless/driverless_ws/src/install/interfaces/share/interfaces/package.ps1'
[1.006s] INFO:colcon.colcon_core.shell:Creating package descriptor '/home/andrewwhong/workspace/driverless/driverless_ws/src/install/interfaces/share/interfaces/package.dsv'
[1.006s] INFO:colcon.colcon_core.shell:Creating package script '/home/andrewwhong/workspace/driverless/driverless_ws/src/install/interfaces/share/interfaces/package.sh'
[1.007s] INFO:colcon.colcon_core.shell:Creating package script '/home/andrewwhong/workspace/driverless/driverless_ws/src/install/interfaces/share/interfaces/package.bash'
[1.007s] INFO:colcon.colcon_core.shell:Creating package script '/home/andrewwhong/workspace/driverless/driverless_ws/src/install/interfaces/share/interfaces/package.zsh'
[1.007s] Level 1:colcon.colcon_core.environment:create_file_with_runtime_dependencies(/home/andrewwhong/workspace/driverless/driverless_ws/src/install/interfaces/share/colcon-core/packages/interfaces)
[1.013s] DEBUG:colcon.colcon_core.event_handler.log_command:Invoked command in '/home/andrewwhong/workspace/driverless/driverless_ws/src/build/eufs_msgs' returned '0': CMAKE_PREFIX_PATH=${CMAKE_PREFIX_PATH}:/opt/ros/foxy /usr/bin/cmake --build /home/andrewwhong/workspace/driverless/driverless_ws/src/build/eufs_msgs -- -j12 -l12
[1.511s] DEBUG:colcon.colcon_core.event_handler.log_command:Invoking command in '/home/andrewwhong/workspace/driverless/driverless_ws/src/build/eufs_msgs': CMAKE_PREFIX_PATH=${CMAKE_PREFIX_PATH}:/opt/ros/foxy /usr/bin/cmake --install /home/andrewwhong/workspace/driverless/driverless_ws/src/build/eufs_msgs
[1.614s] Level 1:colcon.colcon_core.environment:create_environment_scripts_only(eufs_msgs)
[1.617s] Level 1:colcon.colcon_core.environment:checking '/home/andrewwhong/workspace/driverless/driverless_ws/src/install/eufs_msgs' for CMake module files
[1.621s] Level 1:colcon.colcon_core.environment:checking '/home/andrewwhong/workspace/driverless/driverless_ws/src/install/eufs_msgs' for CMake config files
[1.643s] Level 1:colcon.colcon_core.shell:create_environment_hook('eufs_msgs', 'cmake_prefix_path')
[1.645s] INFO:colcon.colcon_core.shell:Creating environment hook '/home/andrewwhong/workspace/driverless/driverless_ws/src/install/eufs_msgs/share/eufs_msgs/hook/cmake_prefix_path.ps1'
[1.648s] INFO:colcon.colcon_core.shell:Creating environment descriptor '/home/andrewwhong/workspace/driverless/driverless_ws/src/install/eufs_msgs/share/eufs_msgs/hook/cmake_prefix_path.dsv'
[1.649s] INFO:colcon.colcon_core.shell:Creating environment hook '/home/andrewwhong/workspace/driverless/driverless_ws/src/install/eufs_msgs/share/eufs_msgs/hook/cmake_prefix_path.sh'
[1.654s] Level 1:colcon.colcon_core.environment:checking '/home/andrewwhong/workspace/driverless/driverless_ws/src/install/eufs_msgs/lib'
[1.655s] Level 1:colcon.colcon_core.shell:create_environment_hook('eufs_msgs', 'ld_library_path_lib')
[1.656s] INFO:colcon.colcon_core.shell:Creating environment hook '/home/andrewwhong/workspace/driverless/driverless_ws/src/install/eufs_msgs/share/eufs_msgs/hook/ld_library_path_lib.ps1'
[1.658s] INFO:colcon.colcon_core.shell:Creating environment descriptor '/home/andrewwhong/workspace/driverless/driverless_ws/src/install/eufs_msgs/share/eufs_msgs/hook/ld_library_path_lib.dsv'
[1.660s] INFO:colcon.colcon_core.shell:Creating environment hook '/home/andrewwhong/workspace/driverless/driverless_ws/src/install/eufs_msgs/share/eufs_msgs/hook/ld_library_path_lib.sh'
[1.662s] Level 1:colcon.colcon_core.environment:checking '/home/andrewwhong/workspace/driverless/driverless_ws/src/install/eufs_msgs/bin'
[1.662s] Level 1:colcon.colcon_core.environment:checking '/home/andrewwhong/workspace/driverless/driverless_ws/src/install/eufs_msgs/lib/pkgconfig/eufs_msgs.pc'
[1.662s] Level 1:colcon.colcon_core.environment:checking '/home/andrewwhong/workspace/driverless/driverless_ws/src/install/eufs_msgs/lib/python3.8/site-packages'
[1.663s] Level 1:colcon.colcon_core.shell:create_environment_hook('eufs_msgs', 'pythonpath')
[1.664s] INFO:colcon.colcon_core.shell:Creating environment hook '/home/andrewwhong/workspace/driverless/driverless_ws/src/install/eufs_msgs/share/eufs_msgs/hook/pythonpath.ps1'
[1.665s] INFO:colcon.colcon_core.shell:Creating environment descriptor '/home/andrewwhong/workspace/driverless/driverless_ws/src/install/eufs_msgs/share/eufs_msgs/hook/pythonpath.dsv'
[1.666s] INFO:colcon.colcon_core.shell:Creating environment hook '/home/andrewwhong/workspace/driverless/driverless_ws/src/install/eufs_msgs/share/eufs_msgs/hook/pythonpath.sh'
[1.668s] Level 1:colcon.colcon_core.environment:checking '/home/andrewwhong/workspace/driverless/driverless_ws/src/install/eufs_msgs/bin'
[1.669s] INFO:colcon.colcon_core.shell:Creating package script '/home/andrewwhong/workspace/driverless/driverless_ws/src/install/eufs_msgs/share/eufs_msgs/package.ps1'
[1.672s] INFO:colcon.colcon_core.shell:Creating package descriptor '/home/andrewwhong/workspace/driverless/driverless_ws/src/install/eufs_msgs/share/eufs_msgs/package.dsv'
[1.675s] INFO:colcon.colcon_core.shell:Creating package script '/home/andrewwhong/workspace/driverless/driverless_ws/src/install/eufs_msgs/share/eufs_msgs/package.sh'
[1.676s] INFO:colcon.colcon_core.shell:Creating package script '/home/andrewwhong/workspace/driverless/driverless_ws/src/install/eufs_msgs/share/eufs_msgs/package.bash'
[1.677s] INFO:colcon.colcon_core.shell:Creating package script '/home/andrewwhong/workspace/driverless/driverless_ws/src/install/eufs_msgs/share/eufs_msgs/package.zsh'
[1.678s] Level 1:colcon.colcon_core.environment:create_file_with_runtime_dependencies(/home/andrewwhong/workspace/driverless/driverless_ws/src/install/eufs_msgs/share/colcon-core/packages/eufs_msgs)
[1.696s] DEBUG:colcon.colcon_core.event_handler.log_command:Invoked command in '/home/andrewwhong/workspace/driverless/driverless_ws/src/build/eufs_msgs' returned '0': CMAKE_PREFIX_PATH=${CMAKE_PREFIX_PATH}:/opt/ros/foxy /usr/bin/cmake --install /home/andrewwhong/workspace/driverless/driverless_ws/src/build/eufs_msgs
[2.242s] Level 1:colcon.colcon_core.environment:create_environment_scripts_only(eufs_msgs)
[2.244s] Level 1:colcon.colcon_core.environment:checking '/home/andrewwhong/workspace/driverless/driverless_ws/src/install/eufs_msgs' for CMake module files
[2.244s] Level 1:colcon.colcon_core.environment:checking '/home/andrewwhong/workspace/driverless/driverless_ws/src/install/eufs_msgs' for CMake config files
[2.245s] Level 1:colcon.colcon_core.shell:create_environment_hook('eufs_msgs', 'cmake_prefix_path')
[2.247s] INFO:colcon.colcon_core.shell:Creating environment hook '/home/andrewwhong/workspace/driverless/driverless_ws/src/install/eufs_msgs/share/eufs_msgs/hook/cmake_prefix_path.ps1'
[2.248s] INFO:colcon.colcon_core.shell:Creating environment descriptor '/home/andrewwhong/workspace/driverless/driverless_ws/src/install/eufs_msgs/share/eufs_msgs/hook/cmake_prefix_path.dsv'
[2.248s] INFO:colcon.colcon_core.shell:Creating environment hook '/home/andrewwhong/workspace/driverless/driverless_ws/src/install/eufs_msgs/share/eufs_msgs/hook/cmake_prefix_path.sh'
[2.248s] Level 1:colcon.colcon_core.environment:checking '/home/andrewwhong/workspace/driverless/driverless_ws/src/install/eufs_msgs/lib'
[2.249s] Level 1:colcon.colcon_core.shell:create_environment_hook('eufs_msgs', 'ld_library_path_lib')
[2.250s] INFO:colcon.colcon_core.shell:Creating environment hook '/home/andrewwhong/workspace/driverless/driverless_ws/src/install/eufs_msgs/share/eufs_msgs/hook/ld_library_path_lib.ps1'
[2.250s] INFO:colcon.colcon_core.shell:Creating environment descriptor '/home/andrewwhong/workspace/driverless/driverless_ws/src/install/eufs_msgs/share/eufs_msgs/hook/ld_library_path_lib.dsv'
[2.250s] INFO:colcon.colcon_core.shell:Creating environment hook '/home/andrewwhong/workspace/driverless/driverless_ws/src/install/eufs_msgs/share/eufs_msgs/hook/ld_library_path_lib.sh'
[2.251s] Level 1:colcon.colcon_core.environment:checking '/home/andrewwhong/workspace/driverless/driverless_ws/src/install/eufs_msgs/bin'
[2.251s] Level 1:colcon.colcon_core.environment:checking '/home/andrewwhong/workspace/driverless/driverless_ws/src/install/eufs_msgs/lib/pkgconfig/eufs_msgs.pc'
[2.251s] Level 1:colcon.colcon_core.environment:checking '/home/andrewwhong/workspace/driverless/driverless_ws/src/install/eufs_msgs/lib/python3.8/site-packages'
[2.251s] Level 1:colcon.colcon_core.shell:create_environment_hook('eufs_msgs', 'pythonpath')
[2.252s] INFO:colcon.colcon_core.shell:Creating environment hook '/home/andrewwhong/workspace/driverless/driverless_ws/src/install/eufs_msgs/share/eufs_msgs/hook/pythonpath.ps1'
[2.253s] INFO:colcon.colcon_core.shell:Creating environment descriptor '/home/andrewwhong/workspace/driverless/driverless_ws/src/install/eufs_msgs/share/eufs_msgs/hook/pythonpath.dsv'
[2.253s] INFO:colcon.colcon_core.shell:Creating environment hook '/home/andrewwhong/workspace/driverless/driverless_ws/src/install/eufs_msgs/share/eufs_msgs/hook/pythonpath.sh'
[2.253s] Level 1:colcon.colcon_core.environment:checking '/home/andrewwhong/workspace/driverless/driverless_ws/src/install/eufs_msgs/bin'
[2.255s] INFO:colcon.colcon_core.shell:Creating package script '/home/andrewwhong/workspace/driverless/driverless_ws/src/install/eufs_msgs/share/eufs_msgs/package.ps1'
[2.255s] INFO:colcon.colcon_core.shell:Creating package descriptor '/home/andrewwhong/workspace/driverless/driverless_ws/src/install/eufs_msgs/share/eufs_msgs/package.dsv'
[2.255s] INFO:colcon.colcon_core.shell:Creating package script '/home/andrewwhong/workspace/driverless/driverless_ws/src/install/eufs_msgs/share/eufs_msgs/package.sh'
[2.256s] INFO:colcon.colcon_core.shell:Creating package script '/home/andrewwhong/workspace/driverless/driverless_ws/src/install/eufs_msgs/share/eufs_msgs/package.bash'
[2.256s] INFO:colcon.colcon_core.shell:Creating package script '/home/andrewwhong/workspace/driverless/driverless_ws/src/install/eufs_msgs/share/eufs_msgs/package.zsh'
[2.257s] Level 1:colcon.colcon_core.environment:create_file_with_runtime_dependencies(/home/andrewwhong/workspace/driverless/driverless_ws/src/install/eufs_msgs/share/colcon-core/packages/eufs_msgs)
[2.257s] INFO:colcon.colcon_ros.task.ament_cmake.build:Building ROS package in '/home/andrewwhong/workspace/driverless/driverless_ws/src/planning' with build type 'ament_cmake'
[2.258s] INFO:colcon.colcon_cmake.task.cmake.build:Building CMake package in '/home/andrewwhong/workspace/driverless/driverless_ws/src/planning'
[2.259s] INFO:colcon.colcon_core.shell:Skip shell extension 'powershell' for command environment: Not usable outside of PowerShell
[2.259s] DEBUG:colcon.colcon_core.shell:Skip shell extension 'dsv' for command environment
[2.450s] DEBUG:colcon.colcon_core.event_handler.log_command:Invoking command in '/home/andrewwhong/workspace/driverless/driverless_ws/src/build/planning': AMENT_PREFIX_PATH=/home/andrewwhong/workspace/driverless/driverless_ws/src/install/eufs_msgs:${AMENT_PREFIX_PATH} CMAKE_PREFIX_PATH=/home/andrewwhong/workspace/driverless/driverless_ws/src/install/eufs_msgs:/home/andrewwhong/workspace/driverless/driverless_ws/install/perceptions:/home/andrewwhong/workspace/driverless/driverless_ws/install/interfaces:/home/andrewwhong/workspace/driverless/driverless_ws/install/eufs_msgs:/home/andrewwhong/workspace/driverless/driverless_ws/install/controls:/home/andrewwhong/workspace/driverless/driverless_ws/install/common:/home/andrewwhong/workspace/driverless/driverless_ws/install/collection:/home/andrewwhong/workspace/driverless/driverless_ws/install/actuators:/opt/ros/foxy LD_LIBRARY_PATH=/home/andrewwhong/workspace/driverless/driverless_ws/src/install/eufs_msgs/lib:${LD_LIBRARY_PATH} PYTHONPATH=/home/andrewwhong/workspace/driverless/driverless_ws/src/install/eufs_msgs/lib/python3.8/site-packages:${PYTHONPATH} /usr/bin/cmake --build /home/andrewwhong/workspace/driverless/driverless_ws/src/build/planning -- -j12 -l12
[9.800s] DEBUG:colcon.colcon_core.event_handler.log_command:Invoked command in '/home/andrewwhong/workspace/driverless/driverless_ws/src/build/planning' returned '0': AMENT_PREFIX_PATH=/home/andrewwhong/workspace/driverless/driverless_ws/src/install/eufs_msgs:${AMENT_PREFIX_PATH} CMAKE_PREFIX_PATH=/home/andrewwhong/workspace/driverless/driverless_ws/src/install/eufs_msgs:/home/andrewwhong/workspace/driverless/driverless_ws/install/perceptions:/home/andrewwhong/workspace/driverless/driverless_ws/install/interfaces:/home/andrewwhong/workspace/driverless/driverless_ws/install/eufs_msgs:/home/andrewwhong/workspace/driverless/driverless_ws/install/controls:/home/andrewwhong/workspace/driverless/driverless_ws/install/common:/home/andrewwhong/workspace/driverless/driverless_ws/install/collection:/home/andrewwhong/workspace/driverless/driverless_ws/install/actuators:/opt/ros/foxy LD_LIBRARY_PATH=/home/andrewwhong/workspace/driverless/driverless_ws/src/install/eufs_msgs/lib:${LD_LIBRARY_PATH} PYTHONPATH=/home/andrewwhong/workspace/driverless/driverless_ws/src/install/eufs_msgs/lib/python3.8/site-packages:${PYTHONPATH} /usr/bin/cmake --build /home/andrewwhong/workspace/driverless/driverless_ws/src/build/planning -- -j12 -l12
[9.818s] DEBUG:colcon.colcon_core.event_handler.log_command:Invoking command in '/home/andrewwhong/workspace/driverless/driverless_ws/src/build/planning': AMENT_PREFIX_PATH=/home/andrewwhong/workspace/driverless/driverless_ws/src/install/eufs_msgs:${AMENT_PREFIX_PATH} CMAKE_PREFIX_PATH=/home/andrewwhong/workspace/driverless/driverless_ws/src/install/eufs_msgs:/home/andrewwhong/workspace/driverless/driverless_ws/install/perceptions:/home/andrewwhong/workspace/driverless/driverless_ws/install/interfaces:/home/andrewwhong/workspace/driverless/driverless_ws/install/eufs_msgs:/home/andrewwhong/workspace/driverless/driverless_ws/install/controls:/home/andrewwhong/workspace/driverless/driverless_ws/install/common:/home/andrewwhong/workspace/driverless/driverless_ws/install/collection:/home/andrewwhong/workspace/driverless/driverless_ws/install/actuators:/opt/ros/foxy LD_LIBRARY_PATH=/home/andrewwhong/workspace/driverless/driverless_ws/src/install/eufs_msgs/lib:${LD_LIBRARY_PATH} PYTHONPATH=/home/andrewwhong/workspace/driverless/driverless_ws/src/install/eufs_msgs/lib/python3.8/site-packages:${PYTHONPATH} /usr/bin/cmake --install /home/andrewwhong/workspace/driverless/driverless_ws/src/build/planning
[9.829s] Level 1:colcon.colcon_core.environment:create_environment_scripts_only(planning)
[9.829s] DEBUG:colcon.colcon_core.event_handler.log_command:Invoked command in '/home/andrewwhong/workspace/driverless/driverless_ws/src/build/planning' returned '0': AMENT_PREFIX_PATH=/home/andrewwhong/workspace/driverless/driverless_ws/src/install/eufs_msgs:${AMENT_PREFIX_PATH} CMAKE_PREFIX_PATH=/home/andrewwhong/workspace/driverless/driverless_ws/src/install/eufs_msgs:/home/andrewwhong/workspace/driverless/driverless_ws/install/perceptions:/home/andrewwhong/workspace/driverless/driverless_ws/install/interfaces:/home/andrewwhong/workspace/driverless/driverless_ws/install/eufs_msgs:/home/andrewwhong/workspace/driverless/driverless_ws/install/controls:/home/andrewwhong/workspace/driverless/driverless_ws/install/common:/home/andrewwhong/workspace/driverless/driverless_ws/install/collection:/home/andrewwhong/workspace/driverless/driverless_ws/install/actuators:/opt/ros/foxy LD_LIBRARY_PATH=/home/andrewwhong/workspace/driverless/driverless_ws/src/install/eufs_msgs/lib:${LD_LIBRARY_PATH} PYTHONPATH=/home/andrewwhong/workspace/driverless/driverless_ws/src/install/eufs_msgs/lib/python3.8/site-packages:${PYTHONPATH} /usr/bin/cmake --install /home/andrewwhong/workspace/driverless/driverless_ws/src/build/planning
[9.831s] Level 1:colcon.colcon_core.environment:checking '/home/andrewwhong/workspace/driverless/driverless_ws/src/install/planning' for CMake module files
[9.832s] Level 1:colcon.colcon_core.environment:checking '/home/andrewwhong/workspace/driverless/driverless_ws/src/install/planning' for CMake config files
[9.832s] Level 1:colcon.colcon_core.shell:create_environment_hook('planning', 'cmake_prefix_path')
[9.834s] INFO:colcon.colcon_core.shell:Creating environment hook '/home/andrewwhong/workspace/driverless/driverless_ws/src/install/planning/share/planning/hook/cmake_prefix_path.ps1'
[9.834s] INFO:colcon.colcon_core.shell:Creating environment descriptor '/home/andrewwhong/workspace/driverless/driverless_ws/src/install/planning/share/planning/hook/cmake_prefix_path.dsv'
[9.835s] INFO:colcon.colcon_core.shell:Creating environment hook '/home/andrewwhong/workspace/driverless/driverless_ws/src/install/planning/share/planning/hook/cmake_prefix_path.sh'
[9.835s] Level 1:colcon.colcon_core.environment:checking '/home/andrewwhong/workspace/driverless/driverless_ws/src/install/planning/lib'
[9.835s] Level 1:colcon.colcon_core.environment:checking '/home/andrewwhong/workspace/driverless/driverless_ws/src/install/planning/bin'
[9.835s] Level 1:colcon.colcon_core.environment:checking '/home/andrewwhong/workspace/driverless/driverless_ws/src/install/planning/lib/pkgconfig/planning.pc'
[9.836s] Level 1:colcon.colcon_core.environment:checking '/home/andrewwhong/workspace/driverless/driverless_ws/src/install/planning/lib/python3.8/site-packages'
[9.836s] Level 1:colcon.colcon_core.environment:checking '/home/andrewwhong/workspace/driverless/driverless_ws/src/install/planning/bin'
[9.837s] INFO:colcon.colcon_core.shell:Creating package script '/home/andrewwhong/workspace/driverless/driverless_ws/src/install/planning/share/planning/package.ps1'
[9.838s] INFO:colcon.colcon_core.shell:Creating package descriptor '/home/andrewwhong/workspace/driverless/driverless_ws/src/install/planning/share/planning/package.dsv'
[9.838s] INFO:colcon.colcon_core.shell:Creating package script '/home/andrewwhong/workspace/driverless/driverless_ws/src/install/planning/share/planning/package.sh'
[9.838s] INFO:colcon.colcon_core.shell:Creating package script '/home/andrewwhong/workspace/driverless/driverless_ws/src/install/planning/share/planning/package.bash'
[9.839s] INFO:colcon.colcon_core.shell:Creating package script '/home/andrewwhong/workspace/driverless/driverless_ws/src/install/planning/share/planning/package.zsh'
[9.839s] Level 1:colcon.colcon_core.environment:create_file_with_runtime_dependencies(/home/andrewwhong/workspace/driverless/driverless_ws/src/install/planning/share/colcon-core/packages/planning)
[9.858s] Level 1:colcon.colcon_core.environment:create_environment_scripts_only(planning)
[9.860s] Level 1:colcon.colcon_core.environment:checking '/home/andrewwhong/workspace/driverless/driverless_ws/src/install/planning' for CMake module files
[9.861s] Level 1:colcon.colcon_core.environment:checking '/home/andrewwhong/workspace/driverless/driverless_ws/src/install/planning' for CMake config files
[9.861s] Level 1:colcon.colcon_core.shell:create_environment_hook('planning', 'cmake_prefix_path')
[9.862s] INFO:colcon.colcon_core.shell:Creating environment hook '/home/andrewwhong/workspace/driverless/driverless_ws/src/install/planning/share/planning/hook/cmake_prefix_path.ps1'
[9.863s] INFO:colcon.colcon_core.shell:Creating environment descriptor '/home/andrewwhong/workspace/driverless/driverless_ws/src/install/planning/share/planning/hook/cmake_prefix_path.dsv'
[9.863s] INFO:colcon.colcon_core.shell:Creating environment hook '/home/andrewwhong/workspace/driverless/driverless_ws/src/install/planning/share/planning/hook/cmake_prefix_path.sh'
[9.864s] Level 1:colcon.colcon_core.environment:checking '/home/andrewwhong/workspace/driverless/driverless_ws/src/install/planning/lib'
[9.864s] Level 1:colcon.colcon_core.environment:checking '/home/andrewwhong/workspace/driverless/driverless_ws/src/install/planning/bin'
[9.864s] Level 1:colcon.colcon_core.environment:checking '/home/andrewwhong/workspace/driverless/driverless_ws/src/install/planning/lib/pkgconfig/planning.pc'
[9.864s] Level 1:colcon.colcon_core.environment:checking '/home/andrewwhong/workspace/driverless/driverless_ws/src/install/planning/lib/python3.8/site-packages'
[9.864s] Level 1:colcon.colcon_core.environment:checking '/home/andrewwhong/workspace/driverless/driverless_ws/src/install/planning/bin'
[9.865s] INFO:colcon.colcon_core.shell:Creating package script '/home/andrewwhong/workspace/driverless/driverless_ws/src/install/planning/share/planning/package.ps1'
[9.866s] INFO:colcon.colcon_core.shell:Creating package descriptor '/home/andrewwhong/workspace/driverless/driverless_ws/src/install/planning/share/planning/package.dsv'
[9.866s] INFO:colcon.colcon_core.shell:Creating package script '/home/andrewwhong/workspace/driverless/driverless_ws/src/install/planning/share/planning/package.sh'
[9.866s] INFO:colcon.colcon_core.shell:Creating package script '/home/andrewwhong/workspace/driverless/driverless_ws/src/install/planning/share/planning/package.bash'
[9.867s] INFO:colcon.colcon_core.shell:Creating package script '/home/andrewwhong/workspace/driverless/driverless_ws/src/install/planning/share/planning/package.zsh'
[9.867s] Level 1:colcon.colcon_core.environment:create_file_with_runtime_dependencies(/home/andrewwhong/workspace/driverless/driverless_ws/src/install/planning/share/colcon-core/packages/planning)
[9.867s] DEBUG:colcon.colcon_parallel_executor.executor.parallel:closing loop
[9.868s] DEBUG:colcon.colcon_parallel_executor.executor.parallel:loop closed
[9.869s] DEBUG:colcon.colcon_parallel_executor.executor.parallel:run_until_complete finished with '0'
[9.869s] DEBUG:colcon.colcon_core.event_reactor:joining thread
[9.932s] INFO:colcon.colcon_core.plugin_system:Skipping extension 'colcon_notification.desktop_notification.notify_send': Could not find 'notify-send'
[9.932s] INFO:colcon.colcon_core.plugin_system:Skipping extension 'colcon_notification.desktop_notification.terminal_notifier': Not used on non-Darwin systems
[9.933s] INFO:colcon.colcon_core.plugin_system:Skipping extension 'colcon_notification.desktop_notification.win32': Not used on non-Windows systems
[9.933s] INFO:colcon.colcon_notification.desktop_notification:Sending desktop notification using 'notify2'
[103.769s] DEBUG:colcon.colcon_notification.desktop_notification.notify2:Failed to initialize notify2: org.freedesktop.DBus.Error.Spawn.ExecFailed: /usr/bin/dbus-launch terminated abnormally without any error message
