[0.075s] Invoking command in '/home/ishin/Documents/cmr/driverless_py/driverless/driverless_ws/build/perceptions': _=/usr/bin/env /usr/bin/cmake --build /home/ishin/Documents/cmr/driverless_py/driverless/driverless_ws/build/perceptions -- -j8 -l8
[0.115s] Invoked command in '/home/ishin/Documents/cmr/driverless_py/driverless/driverless_ws/build/perceptions' returned '0': _=/usr/bin/env /usr/bin/cmake --build /home/ishin/Documents/cmr/driverless_py/driverless/driverless_ws/build/perceptions -- -j8 -l8
[0.226s] Invoking command in '/home/ishin/Documents/cmr/driverless_py/driverless/driverless_ws/build/perceptions': _=/usr/bin/env /usr/bin/cmake --install /home/ishin/Documents/cmr/driverless_py/driverless/driverless_ws/build/perceptions
[0.238s] -- Install configuration: ""
[0.238s] -- Up-to-date: /home/ishin/Documents/cmr/driverless_py/driverless/driverless_ws/install/perceptions/share/ament_index/resource_index/package_run_dependencies/perceptions
[0.238s] -- Up-to-date: /home/ishin/Documents/cmr/driverless_py/driverless/driverless_ws/install/perceptions/share/ament_index/resource_index/parent_prefix_path/perceptions
[0.239s] -- Up-to-date: /home/ishin/Documents/cmr/driverless_py/driverless/driverless_ws/install/perceptions/share/perceptions/environment/ament_prefix_path.sh
[0.239s] -- Up-to-date: /home/ishin/Documents/cmr/driverless_py/driverless/driverless_ws/install/perceptions/share/perceptions/environment/ament_prefix_path.dsv
[0.239s] -- Up-to-date: /home/ishin/Documents/cmr/driverless_py/driverless/driverless_ws/install/perceptions/share/perceptions/environment/path.sh
[0.239s] -- Up-to-date: /home/ishin/Documents/cmr/driverless_py/driverless/driverless_ws/install/perceptions/share/perceptions/environment/path.dsv
[0.239s] -- Up-to-date: /home/ishin/Documents/cmr/driverless_py/driverless/driverless_ws/install/perceptions/share/perceptions/local_setup.bash
[0.239s] -- Up-to-date: /home/ishin/Documents/cmr/driverless_py/driverless/driverless_ws/install/perceptions/share/perceptions/local_setup.sh
[0.239s] -- Up-to-date: /home/ishin/Documents/cmr/driverless_py/driverless/driverless_ws/install/perceptions/share/perceptions/local_setup.zsh
[0.239s] -- Up-to-date: /home/ishin/Documents/cmr/driverless_py/driverless/driverless_ws/install/perceptions/share/perceptions/local_setup.dsv
[0.239s] -- Up-to-date: /home/ishin/Documents/cmr/driverless_py/driverless/driverless_ws/install/perceptions/share/perceptions/package.dsv
[0.240s] -- Up-to-date: /home/ishin/Documents/cmr/driverless_py/driverless/driverless_ws/install/perceptions/share/ament_index/resource_index/packages/perceptions
[0.240s] -- Up-to-date: /home/ishin/Documents/cmr/driverless_py/driverless/driverless_ws/install/perceptions/share/perceptions/cmake/perceptionsConfig.cmake
[0.240s] -- Up-to-date: /home/ishin/Documents/cmr/driverless_py/driverless/driverless_ws/install/perceptions/share/perceptions/cmake/perceptionsConfig-version.cmake
[0.240s] -- Up-to-date: /home/ishin/Documents/cmr/driverless_py/driverless/driverless_ws/install/perceptions/share/perceptions/package.xml
[0.334s] Invoked command in '/home/ishin/Documents/cmr/driverless_py/driverless/driverless_ws/build/perceptions' returned '0': _=/usr/bin/env /usr/bin/cmake --install /home/ishin/Documents/cmr/driverless_py/driverless/driverless_ws/build/perceptions
