/driverless/install/cmrdv_collection/lib/python3.8/site-packages/cmrdv_collection/collection_node.py
/driverless/install/cmrdv_collection/lib/python3.8/site-packages/cmrdv_collection/test_sub.py
/driverless/install/cmrdv_collection/lib/python3.8/site-packages/cmrdv_collection/sim_collection_node.py
/driverless/install/cmrdv_collection/lib/python3.8/site-packages/cmrdv_collection/__init__.py
/driverless/install/cmrdv_collection/lib/python3.8/site-packages/cmrdv_collection/file_collection_node.py
/driverless/install/cmrdv_collection/lib/python3.8/site-packages/cmrdv_collection/__pycache__/collection_node.cpython-38.pyc
/driverless/install/cmrdv_collection/lib/python3.8/site-packages/cmrdv_collection/__pycache__/test_sub.cpython-38.pyc
/driverless/install/cmrdv_collection/lib/python3.8/site-packages/cmrdv_collection/__pycache__/sim_collection_node.cpython-38.pyc
/driverless/install/cmrdv_collection/lib/python3.8/site-packages/cmrdv_collection/__pycache__/__init__.cpython-38.pyc
/driverless/install/cmrdv_collection/lib/python3.8/site-packages/cmrdv_collection/__pycache__/file_collection_node.cpython-38.pyc
/driverless/install/cmrdv_collection/share/ament_index/resource_index/packages/cmrdv_collection
/driverless/install/cmrdv_collection/share/cmrdv_collection/package.xml
/driverless/install/cmrdv_collection/lib/python3.8/site-packages/cmrdv_collection-0.0.0-py3.8.egg-info/PKG-INFO
/driverless/install/cmrdv_collection/lib/python3.8/site-packages/cmrdv_collection-0.0.0-py3.8.egg-info/dependency_links.txt
/driverless/install/cmrdv_collection/lib/python3.8/site-packages/cmrdv_collection-0.0.0-py3.8.egg-info/requires.txt
/driverless/install/cmrdv_collection/lib/python3.8/site-packages/cmrdv_collection-0.0.0-py3.8.egg-info/zip-safe
/driverless/install/cmrdv_collection/lib/python3.8/site-packages/cmrdv_collection-0.0.0-py3.8.egg-info/SOURCES.txt
/driverless/install/cmrdv_collection/lib/python3.8/site-packages/cmrdv_collection-0.0.0-py3.8.egg-info/entry_points.txt
/driverless/install/cmrdv_collection/lib/python3.8/site-packages/cmrdv_collection-0.0.0-py3.8.egg-info/top_level.txt
/driverless/install/cmrdv_collection/lib/cmrdv_collection/data_collection
/driverless/install/cmrdv_collection/lib/cmrdv_collection/sim_pub
/driverless/install/cmrdv_collection/lib/cmrdv_collection/test_pts
