[0.056s] Invoking command in '/home/andrewwhong/workspace/driverless/driverless_ws/src/build/interfaces': CMAKE_PREFIX_PATH=${CMAKE_PREFIX_PATH}:/opt/ros/foxy /usr/bin/cmake --build /home/andrewwhong/workspace/driverless/driverless_ws/src/build/interfaces -- -j12 -l12
[0.133s] Invoked command in '/home/andrewwhong/workspace/driverless/driverless_ws/src/build/interfaces' returned '0': CMAKE_PREFIX_PATH=${CMAKE_PREFIX_PATH}:/opt/ros/foxy /usr/bin/cmake --build /home/andrewwhong/workspace/driverless/driverless_ws/src/build/interfaces -- -j12 -l12
[0.231s] Invoking command in '/home/andrewwhong/workspace/driverless/driverless_ws/src/build/interfaces': CMAKE_PREFIX_PATH=${CMAKE_PREFIX_PATH}:/opt/ros/foxy /usr/bin/cmake --install /home/andrewwhong/workspace/driverless/driverless_ws/src/build/interfaces
[0.260s] -- Install configuration: ""
[0.262s] -- Up-to-date: /home/andrewwhong/workspace/driverless/driverless_ws/src/install/interfaces/share/ament_index/resource_index/package_run_dependencies/interfaces
[0.262s] -- Up-to-date: /home/andrewwhong/workspace/driverless/driverless_ws/src/install/interfaces/share/ament_index/resource_index/parent_prefix_path/interfaces
[0.263s] -- Up-to-date: /home/andrewwhong/workspace/driverless/driverless_ws/src/install/interfaces/share/interfaces/environment/ament_prefix_path.sh
[0.263s] -- Up-to-date: /home/andrewwhong/workspace/driverless/driverless_ws/src/install/interfaces/share/interfaces/environment/ament_prefix_path.dsv
[0.263s] -- Up-to-date: /home/andrewwhong/workspace/driverless/driverless_ws/src/install/interfaces/share/interfaces/environment/path.sh
[0.264s] -- Up-to-date: /home/andrewwhong/workspace/driverless/driverless_ws/src/install/interfaces/share/interfaces/environment/path.dsv
[0.264s] -- Up-to-date: /home/andrewwhong/workspace/driverless/driverless_ws/src/install/interfaces/share/interfaces/local_setup.bash
[0.266s] -- Up-to-date: /home/andrewwhong/workspace/driverless/driverless_ws/src/install/interfaces/share/interfaces/local_setup.sh
[0.267s] -- Up-to-date: /home/andrewwhong/workspace/driverless/driverless_ws/src/install/interfaces/share/interfaces/local_setup.zsh
[0.268s] -- Up-to-date: /home/andrewwhong/workspace/driverless/driverless_ws/src/install/interfaces/share/interfaces/local_setup.dsv
[0.268s] -- Installing: /home/andrewwhong/workspace/driverless/driverless_ws/src/install/interfaces/share/interfaces/package.dsv
[0.268s] -- Up-to-date: /home/andrewwhong/workspace/driverless/driverless_ws/src/install/interfaces/share/ament_index/resource_index/packages/interfaces
[0.269s] -- Up-to-date: /home/andrewwhong/workspace/driverless/driverless_ws/src/install/interfaces/share/interfaces/cmake/interfacesConfig.cmake
[0.269s] -- Up-to-date: /home/andrewwhong/workspace/driverless/driverless_ws/src/install/interfaces/share/interfaces/cmake/interfacesConfig-version.cmake
[0.269s] -- Up-to-date: /home/andrewwhong/workspace/driverless/driverless_ws/src/install/interfaces/share/interfaces/package.xml
[0.305s] Invoked command in '/home/andrewwhong/workspace/driverless/driverless_ws/src/build/interfaces' returned '0': CMAKE_PREFIX_PATH=${CMAKE_PREFIX_PATH}:/opt/ros/foxy /usr/bin/cmake --install /home/andrewwhong/workspace/driverless/driverless_ws/src/build/interfaces
