[0.050s] Invoking command in '/driverless/driverless_ws/build/interfaces': CMAKE_PREFIX_PATH=/opt/ros/foxy /usr/bin/cmake --build /driverless/driverless_ws/build/interfaces -- -j8 -l8
[0.105s] Invoked command in '/driverless/driverless_ws/build/interfaces' returned '0': CMAKE_PREFIX_PATH=/opt/ros/foxy /usr/bin/cmake --build /driverless/driverless_ws/build/interfaces -- -j8 -l8
[0.158s] Invoking command in '/driverless/driverless_ws/build/interfaces': CMAKE_PREFIX_PATH=/opt/ros/foxy /usr/bin/cmake --install /driverless/driverless_ws/build/interfaces
[0.181s] -- Install configuration: ""
[0.186s] -- Execute custom install script
[0.186s] -- Up-to-date symlink: /driverless/driverless_ws/install/interfaces/share/ament_index/resource_index/package_run_dependencies/interfaces
[0.186s] -- Up-to-date symlink: /driverless/driverless_ws/install/interfaces/share/ament_index/resource_index/parent_prefix_path/interfaces
[0.194s] -- Up-to-date symlink: /driverless/driverless_ws/install/interfaces/share/interfaces/environment/ament_prefix_path.sh
[0.194s] -- Up-to-date symlink: /driverless/driverless_ws/install/interfaces/share/interfaces/environment/ament_prefix_path.dsv
[0.194s] -- Up-to-date symlink: /driverless/driverless_ws/install/interfaces/share/interfaces/environment/path.sh
[0.194s] -- Up-to-date symlink: /driverless/driverless_ws/install/interfaces/share/interfaces/environment/path.dsv
[0.194s] -- Up-to-date symlink: /driverless/driverless_ws/install/interfaces/share/interfaces/local_setup.bash
[0.198s] -- Up-to-date symlink: /driverless/driverless_ws/install/interfaces/share/interfaces/local_setup.sh
[0.198s] -- Up-to-date symlink: /driverless/driverless_ws/install/interfaces/share/interfaces/local_setup.zsh
[0.198s] -- Up-to-date symlink: /driverless/driverless_ws/install/interfaces/share/interfaces/local_setup.dsv
[0.198s] -- Symlinking: /driverless/driverless_ws/install/interfaces/share/interfaces/package.dsv
[0.201s] -- Up-to-date symlink: /driverless/driverless_ws/install/interfaces/share/ament_index/resource_index/packages/interfaces
[0.201s] -- Up-to-date symlink: /driverless/driverless_ws/install/interfaces/share/interfaces/cmake/interfacesConfig.cmake
[0.202s] -- Up-to-date symlink: /driverless/driverless_ws/install/interfaces/share/interfaces/cmake/interfacesConfig-version.cmake
[0.203s] -- Up-to-date symlink: /driverless/driverless_ws/install/interfaces/share/interfaces/package.xml
[0.330s] Invoked command in '/driverless/driverless_ws/build/interfaces' returned '0': CMAKE_PREFIX_PATH=/opt/ros/foxy /usr/bin/cmake --install /driverless/driverless_ws/build/interfaces
