[0.024s] Invoking command in '/home/ishin/Documents/cmr/driverless_py/driverless/driverless_ws/build/controls': _=/usr/bin/env /usr/bin/cmake /home/ishin/Documents/cmr/driverless_py/driverless/driverless_ws/src/controls -DCMAKE_INSTALL_PREFIX=/home/ishin/Documents/cmr/driverless_py/driverless/driverless_ws/install/controls
[0.194s] -- The C compiler identification is GNU 13.1.1
[0.468s] -- The CXX compiler identification is GNU 13.1.1
[0.490s] -- Detecting C compiler ABI info
[0.615s] -- Detecting C compiler ABI info - done
[0.622s] -- Check for working C compiler: /usr/bin/cc - skipped
[0.622s] -- Detecting C compile features
[0.622s] -- Detecting C compile features - done
[0.627s] -- Detecting CXX compiler ABI info
[0.885s] -- Detecting CXX compiler ABI info - done
[0.897s] -- Check for working CXX compiler: /usr/bin/c++ - skipped
[0.897s] -- Detecting CXX compile features
[0.898s] -- Detecting CXX compile features - done
[0.923s] -- Configuring incomplete, errors occurred!
[0.923s] [31mCMake Error at CMakeLists.txt:19 (find_package):
[0.923s]   By not providing "Findament_cmake.cmake" in CMAKE_MODULE_PATH this project
[0.923s]   has asked CMake to find a package configuration file provided by
[0.923s]   "ament_cmake", but CMake did not find one.
[0.923s] 
[0.923s]   Could not find a package configuration file provided by "ament_cmake" with
[0.923s]   any of the following names:
[0.923s] 
[0.923s]     ament_cmakeConfig.cmake
[0.923s]     ament_cmake-config.cmake
[0.923s] 
[0.923s]   Add the installation prefix of "ament_cmake" to CMAKE_PREFIX_PATH or set
[0.924s]   "ament_cmake_DIR" to a directory containing one of the above files.  If
[0.924s]   "ament_cmake" provides a separate development package or SDK, be sure it
[0.924s]   has been installed.
[0.924s] 
[0.924s] [0m
