[0.083s] Invoking command in '/home/griffin/driverless/driverless_ws/build/interfaces': CMAKE_PREFIX_PATH=/opt/ros/foxy /usr/bin/cmake /home/griffin/driverless/driverless_ws/src/interfaces -DCMAKE_EXPORT_COMPILE_COMMANDS=ON -G Ninja -DCMAKE_INSTALL_PREFIX=/home/griffin/driverless/driverless_ws/install/interfaces
[0.131s] -- The C compiler identification is GNU 9.4.0
[0.173s] -- The CXX compiler identification is GNU 9.4.0
[0.178s] -- Check for working C compiler: /usr/bin/cc
[0.210s] -- Check for working C compiler: /usr/bin/cc -- works
[0.211s] -- Detecting C compiler ABI info
[0.243s] -- Detecting C compiler ABI info - done
[0.255s] -- Detecting C compile features
[0.255s] -- Detecting C compile features - done
[0.257s] -- Check for working CXX compiler: /usr/bin/c++
[0.297s] -- Check for working CXX compiler: /usr/bin/c++ -- works
[0.298s] -- Detecting CXX compiler ABI info
[0.350s] -- Detecting CXX compiler ABI info - done
[0.367s] -- Detecting CXX compile features
[0.367s] -- Detecting CXX compile features - done
[0.369s] -- Found ament_cmake: 0.9.12 (/opt/ros/foxy/share/ament_cmake/cmake)
[0.388s] -- Found PythonInterp: /usr/bin/python3 (found suitable version "3.8.10", minimum required is "3") 
[0.388s] -- Using PYTHON_EXECUTABLE: /usr/bin/python3
[0.545s] -- Found ament_lint_auto: 0.9.8 (/opt/ros/foxy/share/ament_lint_auto/cmake)
[0.616s] -- Found geometry_msgs: 2.0.5 (/opt/ros/foxy/share/geometry_msgs/cmake)
[0.638s] -- Using all available rosidl_typesupport_c: rosidl_typesupport_fastrtps_c;rosidl_typesupport_introspection_c
[0.643s] -- Found rosidl_adapter: 1.3.1 (/opt/ros/foxy/share/rosidl_adapter/cmake)
[0.697s] -- Found OpenSSL: /usr/lib/x86_64-linux-gnu/libcrypto.so (found version "1.1.1f")  
[0.722s] -- Found FastRTPS: /opt/ros/foxy/include  
[0.777s] -- Using all available rosidl_typesupport_cpp: rosidl_typesupport_fastrtps_cpp;rosidl_typesupport_introspection_cpp
[0.843s] -- Found rosidl_default_generators: 1.0.1 (/opt/ros/foxy/share/rosidl_default_generators/cmake)
[0.870s] -- Found PythonInterp: /usr/bin/python3 (found version "3.8.10") 
[0.978s] -- Found ament_cmake_ros: 0.9.2 (/opt/ros/foxy/share/ament_cmake_ros/cmake)
[1.157s] -- Using all available rosidl_typesupport_c: rosidl_typesupport_fastrtps_c;rosidl_typesupport_introspection_c
[1.243s] -- Using all available rosidl_typesupport_cpp: rosidl_typesupport_fastrtps_cpp;rosidl_typesupport_introspection_cpp
[1.260s] -- Found PythonInterp: /usr/bin/python3 (found suitable version "3.8.10", minimum required is "3.5") 
[1.261s] -- Found python_cmake_module: 0.8.1 (/opt/ros/foxy/share/python_cmake_module/cmake)
[1.279s] -- Found PythonLibs: /usr/lib/x86_64-linux-gnu/libpython3.8.so (found suitable version "3.8.10", minimum required is "3.5") 
[1.279s] -- Using PYTHON_EXECUTABLE: /usr/bin/python3
[1.279s] -- Using PYTHON_INCLUDE_DIRS: /usr/include/python3.8
[1.279s] -- Using PYTHON_LIBRARIES: /usr/lib/x86_64-linux-gnu/libpython3.8.so
[1.293s] -- Found PythonExtra: .so  
[1.351s] -- Added test 'copyright' to check source files copyright and LICENSE
[1.353s] -- Added test 'lint_cmake' to check CMake code style
[1.354s] -- Added test 'xmllint' to check XML markup files
[1.358s] -- Configuring done
[1.386s] -- Generating done
[1.388s] -- Build files have been written to: /home/griffin/driverless/driverless_ws/build/interfaces
