[0.037s] Invoking command in '/home/ishin/Documents/cmr/driverless_py/driverless/driverless_ws/build/collection': _=/usr/bin/env /usr/bin/cmake /home/ishin/Documents/cmr/driverless_py/driverless/driverless_ws/src/collection -DCMAKE_INSTALL_PREFIX=/home/ishin/Documents/cmr/driverless_py/driverless/driverless_ws/install/collection
[0.212s] -- The C compiler identification is GNU 13.1.1
[0.494s] -- The CXX compiler identification is GNU 13.1.1
[0.508s] -- Detecting C compiler ABI info
[0.622s] -- Detecting C compiler ABI info - done
[0.639s] -- Check for working C compiler: /usr/bin/cc - skipped
[0.639s] -- Detecting C compile features
[0.639s] -- Detecting C compile features - done
[0.643s] -- Detecting CXX compiler ABI info
[0.895s] -- Detecting CXX compiler ABI info - done
[0.911s] -- Check for working CXX compiler: /usr/bin/c++ - skipped
[0.911s] -- Detecting CXX compile features
[0.911s] -- Detecting CXX compile features - done
[0.941s] -- Configuring incomplete, errors occurred!
[0.942s] [31mCMake Error at CMakeLists.txt:19 (find_package):
[0.942s]   By not providing "Findament_cmake.cmake" in CMAKE_MODULE_PATH this project
[0.942s]   has asked CMake to find a package configuration file provided by
[0.943s]   "ament_cmake", but CMake did not find one.
[0.944s] 
[0.944s]   Could not find a package configuration file provided by "ament_cmake" with
[0.944s]   any of the following names:
[0.945s] 
[0.945s]     ament_cmakeConfig.cmake
[0.945s]     ament_cmake-config.cmake
[0.945s] 
[0.945s]   Add the installation prefix of "ament_cmake" to CMAKE_PREFIX_PATH or set
[0.946s]   "ament_cmake_DIR" to a directory containing one of the above files.  If
[0.946s]   "ament_cmake" provides a separate development package or SDK, be sure it
[0.946s]   has been installed.
[0.946s] 
[0.946s] [0m
