[0.340s] DEBUG:colcon:Command line arguments: ['/usr/local/bin/colcon', 'build', '--symlink-install']
[0.340s] DEBUG:colcon:Parsed command line arguments: Namespace(ament_cmake_args=None, base_paths=['.'], build_base='build', catkin_cmake_args=None, catkin_skip_building_tests=False, cmake_args=None, cmake_clean_cache=False, cmake_clean_first=False, cmake_force_configure=False, cmake_target=None, cmake_target_skip_unavailable=False, continue_on_error=False, event_handlers=None, executor='parallel', ignore_user_meta=False, install_base='install', log_base=None, log_level=None, main=<bound method BuildVerb.main of <colcon_core.verb.build.BuildVerb object at 0x7f1469c45790>>, merge_install=False, metas=['./colcon.meta'], packages_above=None, packages_above_and_dependencies=None, packages_above_depth=None, packages_end=None, packages_ignore=None, packages_ignore_regex=None, packages_select=None, packages_select_build_failed=False, packages_select_by_dep=None, packages_select_regex=None, packages_select_test_failures=False, packages_skip=None, packages_skip_build_finished=False, packages_skip_by_dep=None, packages_skip_regex=None, packages_skip_test_passed=False, packages_skip_up_to=None, packages_start=None, packages_up_to=None, packages_up_to_regex=None, parallel_workers=8, paths=None, symlink_install=True, test_result_base=None, verb_extension=<colcon_core.verb.build.BuildVerb object at 0x7f1469c45790>, verb_name='build', verb_parser=<colcon_defaults.argument_parser.defaults.DefaultArgumentsDecorator object at 0x7f1469c45d00>)
[0.362s] Level 1:colcon.colcon_core.package_discovery:discover_packages(colcon_meta) check parameters
[0.362s] Level 1:colcon.colcon_core.package_discovery:discover_packages(recursive) check parameters
[0.362s] Level 1:colcon.colcon_core.package_discovery:discover_packages(ignore) check parameters
[0.362s] Level 1:colcon.colcon_core.package_discovery:discover_packages(path) check parameters
[0.362s] Level 1:colcon.colcon_core.package_discovery:discover_packages(colcon_meta) discover
[0.362s] Level 1:colcon.colcon_core.package_discovery:discover_packages(recursive) discover
[0.362s] INFO:colcon.colcon_core.package_discovery:Crawling recursively for packages in '/driverless/driverless_ws'
[0.362s] Level 1:colcon.colcon_core.package_identification:_identify(.) by extensions ['ignore', 'ignore_ament_install']
[0.363s] Level 1:colcon.colcon_core.package_identification:_identify(.) by extension 'ignore'
[0.363s] Level 1:colcon.colcon_core.package_identification:_identify(.) by extension 'ignore_ament_install'
[0.363s] Level 1:colcon.colcon_core.package_identification:_identify(.) by extensions ['colcon_pkg']
[0.363s] Level 1:colcon.colcon_core.package_identification:_identify(.) by extension 'colcon_pkg'
[0.363s] Level 1:colcon.colcon_core.package_identification:_identify(.) by extensions ['colcon_meta']
[0.363s] Level 1:colcon.colcon_core.package_identification:_identify(.) by extension 'colcon_meta'
[0.363s] Level 1:colcon.colcon_core.package_identification:_identify(.) by extensions ['ros']
[0.363s] Level 1:colcon.colcon_core.package_identification:_identify(.) by extension 'ros'
[0.380s] Level 1:colcon.colcon_core.package_identification:_identify(.) by extensions ['cmake', 'python']
[0.380s] Level 1:colcon.colcon_core.package_identification:_identify(.) by extension 'cmake'
[0.380s] Level 1:colcon.colcon_core.package_identification:_identify(.) by extension 'python'
[0.380s] Level 1:colcon.colcon_core.package_identification:_identify(.) by extensions ['python_setup_py']
[0.380s] Level 1:colcon.colcon_core.package_identification:_identify(.) by extension 'python_setup_py'
[0.380s] Level 1:colcon.colcon_core.package_identification:_identify(build) by extensions ['ignore', 'ignore_ament_install']
[0.380s] Level 1:colcon.colcon_core.package_identification:_identify(build) by extension 'ignore'
[0.380s] Level 1:colcon.colcon_core.package_identification:_identify(build) ignored
[0.380s] Level 1:colcon.colcon_core.package_identification:_identify(install) by extensions ['ignore', 'ignore_ament_install']
[0.380s] Level 1:colcon.colcon_core.package_identification:_identify(install) by extension 'ignore'
[0.381s] Level 1:colcon.colcon_core.package_identification:_identify(install) ignored
[0.381s] Level 1:colcon.colcon_core.package_identification:_identify(log) by extensions ['ignore', 'ignore_ament_install']
[0.381s] Level 1:colcon.colcon_core.package_identification:_identify(log) by extension 'ignore'
[0.381s] Level 1:colcon.colcon_core.package_identification:_identify(log) ignored
[0.381s] Level 1:colcon.colcon_core.package_identification:_identify(src) by extensions ['ignore', 'ignore_ament_install']
[0.381s] Level 1:colcon.colcon_core.package_identification:_identify(src) by extension 'ignore'
[0.381s] Level 1:colcon.colcon_core.package_identification:_identify(src) by extension 'ignore_ament_install'
[0.381s] Level 1:colcon.colcon_core.package_identification:_identify(src) by extensions ['colcon_pkg']
[0.381s] Level 1:colcon.colcon_core.package_identification:_identify(src) by extension 'colcon_pkg'
[0.381s] Level 1:colcon.colcon_core.package_identification:_identify(src) by extensions ['colcon_meta']
[0.381s] Level 1:colcon.colcon_core.package_identification:_identify(src) by extension 'colcon_meta'
[0.381s] Level 1:colcon.colcon_core.package_identification:_identify(src) by extensions ['ros']
[0.381s] Level 1:colcon.colcon_core.package_identification:_identify(src) by extension 'ros'
[0.381s] Level 1:colcon.colcon_core.package_identification:_identify(src) by extensions ['cmake', 'python']
[0.381s] Level 1:colcon.colcon_core.package_identification:_identify(src) by extension 'cmake'
[0.381s] Level 1:colcon.colcon_core.package_identification:_identify(src) by extension 'python'
[0.381s] Level 1:colcon.colcon_core.package_identification:_identify(src) by extensions ['python_setup_py']
[0.381s] Level 1:colcon.colcon_core.package_identification:_identify(src) by extension 'python_setup_py'
[0.381s] Level 1:colcon.colcon_core.package_identification:_identify(src/actuators) by extensions ['ignore', 'ignore_ament_install']
[0.381s] Level 1:colcon.colcon_core.package_identification:_identify(src/actuators) by extension 'ignore'
[0.381s] Level 1:colcon.colcon_core.package_identification:_identify(src/actuators) by extension 'ignore_ament_install'
[0.381s] Level 1:colcon.colcon_core.package_identification:_identify(src/actuators) by extensions ['colcon_pkg']
[0.381s] Level 1:colcon.colcon_core.package_identification:_identify(src/actuators) by extension 'colcon_pkg'
[0.381s] Level 1:colcon.colcon_core.package_identification:_identify(src/actuators) by extensions ['colcon_meta']
[0.382s] Level 1:colcon.colcon_core.package_identification:_identify(src/actuators) by extension 'colcon_meta'
[0.382s] Level 1:colcon.colcon_core.package_identification:_identify(src/actuators) by extensions ['ros']
[0.382s] Level 1:colcon.colcon_core.package_identification:_identify(src/actuators) by extension 'ros'
[0.383s] DEBUG:colcon.colcon_core.package_identification:Package 'src/actuators' with type 'ros.ament_cmake' and name 'actuators'
[0.383s] Level 1:colcon.colcon_core.package_identification:_identify(src/collection) by extensions ['ignore', 'ignore_ament_install']
[0.383s] Level 1:colcon.colcon_core.package_identification:_identify(src/collection) by extension 'ignore'
[0.383s] Level 1:colcon.colcon_core.package_identification:_identify(src/collection) by extension 'ignore_ament_install'
[0.384s] Level 1:colcon.colcon_core.package_identification:_identify(src/collection) by extensions ['colcon_pkg']
[0.384s] Level 1:colcon.colcon_core.package_identification:_identify(src/collection) by extension 'colcon_pkg'
[0.384s] Level 1:colcon.colcon_core.package_identification:_identify(src/collection) by extensions ['colcon_meta']
[0.384s] Level 1:colcon.colcon_core.package_identification:_identify(src/collection) by extension 'colcon_meta'
[0.384s] Level 1:colcon.colcon_core.package_identification:_identify(src/collection) by extensions ['ros']
[0.384s] Level 1:colcon.colcon_core.package_identification:_identify(src/collection) by extension 'ros'
[0.384s] DEBUG:colcon.colcon_core.package_identification:Package 'src/collection' with type 'ros.ament_cmake' and name 'collection'
[0.384s] Level 1:colcon.colcon_core.package_identification:_identify(src/common) by extensions ['ignore', 'ignore_ament_install']
[0.384s] Level 1:colcon.colcon_core.package_identification:_identify(src/common) by extension 'ignore'
[0.384s] Level 1:colcon.colcon_core.package_identification:_identify(src/common) by extension 'ignore_ament_install'
[0.384s] Level 1:colcon.colcon_core.package_identification:_identify(src/common) by extensions ['colcon_pkg']
[0.384s] Level 1:colcon.colcon_core.package_identification:_identify(src/common) by extension 'colcon_pkg'
[0.384s] Level 1:colcon.colcon_core.package_identification:_identify(src/common) by extensions ['colcon_meta']
[0.384s] Level 1:colcon.colcon_core.package_identification:_identify(src/common) by extension 'colcon_meta'
[0.384s] Level 1:colcon.colcon_core.package_identification:_identify(src/common) by extensions ['ros']
[0.384s] Level 1:colcon.colcon_core.package_identification:_identify(src/common) by extension 'ros'
[0.385s] DEBUG:colcon.colcon_core.package_identification:Package 'src/common' with type 'ros.ament_cmake' and name 'common'
[0.385s] Level 1:colcon.colcon_core.package_identification:_identify(src/controls) by extensions ['ignore', 'ignore_ament_install']
[0.385s] Level 1:colcon.colcon_core.package_identification:_identify(src/controls) by extension 'ignore'
[0.385s] Level 1:colcon.colcon_core.package_identification:_identify(src/controls) by extension 'ignore_ament_install'
[0.385s] Level 1:colcon.colcon_core.package_identification:_identify(src/controls) by extensions ['colcon_pkg']
[0.385s] Level 1:colcon.colcon_core.package_identification:_identify(src/controls) by extension 'colcon_pkg'
[0.385s] Level 1:colcon.colcon_core.package_identification:_identify(src/controls) by extensions ['colcon_meta']
[0.385s] Level 1:colcon.colcon_core.package_identification:_identify(src/controls) by extension 'colcon_meta'
[0.385s] Level 1:colcon.colcon_core.package_identification:_identify(src/controls) by extensions ['ros']
[0.385s] Level 1:colcon.colcon_core.package_identification:_identify(src/controls) by extension 'ros'
[0.386s] DEBUG:colcon.colcon_core.package_identification:Package 'src/controls' with type 'ros.ament_cmake' and name 'controls'
[0.386s] Level 1:colcon.colcon_core.package_identification:_identify(src/eufs_msgs) by extensions ['ignore', 'ignore_ament_install']
[0.386s] Level 1:colcon.colcon_core.package_identification:_identify(src/eufs_msgs) by extension 'ignore'
[0.386s] Level 1:colcon.colcon_core.package_identification:_identify(src/eufs_msgs) by extension 'ignore_ament_install'
[0.386s] Level 1:colcon.colcon_core.package_identification:_identify(src/eufs_msgs) by extensions ['colcon_pkg']
[0.386s] Level 1:colcon.colcon_core.package_identification:_identify(src/eufs_msgs) by extension 'colcon_pkg'
[0.386s] Level 1:colcon.colcon_core.package_identification:_identify(src/eufs_msgs) by extensions ['colcon_meta']
[0.386s] Level 1:colcon.colcon_core.package_identification:_identify(src/eufs_msgs) by extension 'colcon_meta'
[0.386s] Level 1:colcon.colcon_core.package_identification:_identify(src/eufs_msgs) by extensions ['ros']
[0.386s] Level 1:colcon.colcon_core.package_identification:_identify(src/eufs_msgs) by extension 'ros'
[0.386s] DEBUG:colcon.colcon_core.package_identification:Package 'src/eufs_msgs' with type 'ros.ament_cmake' and name 'eufs_msgs'
[0.387s] Level 1:colcon.colcon_core.package_identification:_identify(src/interfaces) by extensions ['ignore', 'ignore_ament_install']
[0.387s] Level 1:colcon.colcon_core.package_identification:_identify(src/interfaces) by extension 'ignore'
[0.387s] Level 1:colcon.colcon_core.package_identification:_identify(src/interfaces) by extension 'ignore_ament_install'
[0.387s] Level 1:colcon.colcon_core.package_identification:_identify(src/interfaces) by extensions ['colcon_pkg']
[0.387s] Level 1:colcon.colcon_core.package_identification:_identify(src/interfaces) by extension 'colcon_pkg'
[0.387s] Level 1:colcon.colcon_core.package_identification:_identify(src/interfaces) by extensions ['colcon_meta']
[0.387s] Level 1:colcon.colcon_core.package_identification:_identify(src/interfaces) by extension 'colcon_meta'
[0.387s] Level 1:colcon.colcon_core.package_identification:_identify(src/interfaces) by extensions ['ros']
[0.387s] Level 1:colcon.colcon_core.package_identification:_identify(src/interfaces) by extension 'ros'
[0.387s] DEBUG:colcon.colcon_core.package_identification:Package 'src/interfaces' with type 'ros.ament_cmake' and name 'interfaces'
[0.387s] Level 1:colcon.colcon_core.package_identification:_identify(src/perceptions) by extensions ['ignore', 'ignore_ament_install']
[0.387s] Level 1:colcon.colcon_core.package_identification:_identify(src/perceptions) by extension 'ignore'
[0.387s] Level 1:colcon.colcon_core.package_identification:_identify(src/perceptions) by extension 'ignore_ament_install'
[0.387s] Level 1:colcon.colcon_core.package_identification:_identify(src/perceptions) by extensions ['colcon_pkg']
[0.387s] Level 1:colcon.colcon_core.package_identification:_identify(src/perceptions) by extension 'colcon_pkg'
[0.387s] Level 1:colcon.colcon_core.package_identification:_identify(src/perceptions) by extensions ['colcon_meta']
[0.387s] Level 1:colcon.colcon_core.package_identification:_identify(src/perceptions) by extension 'colcon_meta'
[0.387s] Level 1:colcon.colcon_core.package_identification:_identify(src/perceptions) by extensions ['ros']
[0.387s] Level 1:colcon.colcon_core.package_identification:_identify(src/perceptions) by extension 'ros'
[0.388s] DEBUG:colcon.colcon_core.package_identification:Package 'src/perceptions' with type 'ros.ament_cmake' and name 'perceptions'
[0.388s] Level 1:colcon.colcon_core.package_identification:_identify(src/planning) by extensions ['ignore', 'ignore_ament_install']
[0.388s] Level 1:colcon.colcon_core.package_identification:_identify(src/planning) by extension 'ignore'
[0.388s] Level 1:colcon.colcon_core.package_identification:_identify(src/planning) by extension 'ignore_ament_install'
[0.388s] Level 1:colcon.colcon_core.package_identification:_identify(src/planning) by extensions ['colcon_pkg']
[0.388s] Level 1:colcon.colcon_core.package_identification:_identify(src/planning) by extension 'colcon_pkg'
[0.388s] Level 1:colcon.colcon_core.package_identification:_identify(src/planning) by extensions ['colcon_meta']
[0.388s] Level 1:colcon.colcon_core.package_identification:_identify(src/planning) by extension 'colcon_meta'
[0.388s] Level 1:colcon.colcon_core.package_identification:_identify(src/planning) by extensions ['ros']
[0.388s] Level 1:colcon.colcon_core.package_identification:_identify(src/planning) by extension 'ros'
[0.389s] DEBUG:colcon.colcon_core.package_identification:Package 'src/planning' with type 'ros.ament_cmake' and name 'planning'
[0.389s] Level 1:colcon.colcon_core.package_discovery:discover_packages(recursive) using defaults
[0.389s] Level 1:colcon.colcon_core.package_discovery:discover_packages(ignore) discover
[0.389s] Level 1:colcon.colcon_core.package_discovery:discover_packages(ignore) using defaults
[0.389s] Level 1:colcon.colcon_core.package_discovery:discover_packages(path) discover
[0.389s] Level 1:colcon.colcon_core.package_discovery:discover_packages(path) using defaults
[0.417s] Level 5:colcon.colcon_core.verb:set package 'actuators' build argument 'cmake_args' from command line to 'None'
[0.417s] Level 5:colcon.colcon_core.verb:set package 'actuators' build argument 'cmake_target' from command line to 'None'
[0.417s] Level 5:colcon.colcon_core.verb:set package 'actuators' build argument 'cmake_target_skip_unavailable' from command line to 'False'
[0.417s] Level 5:colcon.colcon_core.verb:set package 'actuators' build argument 'cmake_clean_cache' from command line to 'False'
[0.417s] Level 5:colcon.colcon_core.verb:set package 'actuators' build argument 'cmake_clean_first' from command line to 'False'
[0.417s] Level 5:colcon.colcon_core.verb:set package 'actuators' build argument 'cmake_force_configure' from command line to 'False'
[0.417s] Level 5:colcon.colcon_core.verb:set package 'actuators' build argument 'ament_cmake_args' from command line to 'None'
[0.417s] Level 5:colcon.colcon_core.verb:set package 'actuators' build argument 'catkin_cmake_args' from command line to 'None'
[0.417s] Level 5:colcon.colcon_core.verb:set package 'actuators' build argument 'catkin_skip_building_tests' from command line to 'False'
[0.417s] DEBUG:colcon.colcon_core.verb:Building package 'actuators' with the following arguments: {'ament_cmake_args': None, 'build_base': '/driverless/driverless_ws/build/actuators', 'catkin_cmake_args': None, 'catkin_skip_building_tests': False, 'cmake_args': None, 'cmake_clean_cache': False, 'cmake_clean_first': False, 'cmake_force_configure': False, 'cmake_target': None, 'cmake_target_skip_unavailable': False, 'install_base': '/driverless/driverless_ws/install/actuators', 'merge_install': False, 'path': '/driverless/driverless_ws/src/actuators', 'symlink_install': True, 'test_result_base': None}
[0.423s] Level 5:colcon.colcon_core.verb:set package 'collection' build argument 'cmake_args' from command line to 'None'
[0.423s] Level 5:colcon.colcon_core.verb:set package 'collection' build argument 'cmake_target' from command line to 'None'
[0.423s] Level 5:colcon.colcon_core.verb:set package 'collection' build argument 'cmake_target_skip_unavailable' from command line to 'False'
[0.423s] Level 5:colcon.colcon_core.verb:set package 'collection' build argument 'cmake_clean_cache' from command line to 'False'
[0.423s] Level 5:colcon.colcon_core.verb:set package 'collection' build argument 'cmake_clean_first' from command line to 'False'
[0.423s] Level 5:colcon.colcon_core.verb:set package 'collection' build argument 'cmake_force_configure' from command line to 'False'
[0.423s] Level 5:colcon.colcon_core.verb:set package 'collection' build argument 'ament_cmake_args' from command line to 'None'
[0.424s] Level 5:colcon.colcon_core.verb:set package 'collection' build argument 'catkin_cmake_args' from command line to 'None'
[0.424s] Level 5:colcon.colcon_core.verb:set package 'collection' build argument 'catkin_skip_building_tests' from command line to 'False'
[0.424s] DEBUG:colcon.colcon_core.verb:Building package 'collection' with the following arguments: {'ament_cmake_args': None, 'build_base': '/driverless/driverless_ws/build/collection', 'catkin_cmake_args': None, 'catkin_skip_building_tests': False, 'cmake_args': None, 'cmake_clean_cache': False, 'cmake_clean_first': False, 'cmake_force_configure': False, 'cmake_target': None, 'cmake_target_skip_unavailable': False, 'install_base': '/driverless/driverless_ws/install/collection', 'merge_install': False, 'path': '/driverless/driverless_ws/src/collection', 'symlink_install': True, 'test_result_base': None}
[0.428s] Level 5:colcon.colcon_core.verb:set package 'common' build argument 'cmake_args' from command line to 'None'
[0.428s] Level 5:colcon.colcon_core.verb:set package 'common' build argument 'cmake_target' from command line to 'None'
[0.428s] Level 5:colcon.colcon_core.verb:set package 'common' build argument 'cmake_target_skip_unavailable' from command line to 'False'
[0.428s] Level 5:colcon.colcon_core.verb:set package 'common' build argument 'cmake_clean_cache' from command line to 'False'
[0.428s] Level 5:colcon.colcon_core.verb:set package 'common' build argument 'cmake_clean_first' from command line to 'False'
[0.428s] Level 5:colcon.colcon_core.verb:set package 'common' build argument 'cmake_force_configure' from command line to 'False'
[0.428s] Level 5:colcon.colcon_core.verb:set package 'common' build argument 'ament_cmake_args' from command line to 'None'
[0.428s] Level 5:colcon.colcon_core.verb:set package 'common' build argument 'catkin_cmake_args' from command line to 'None'
[0.428s] Level 5:colcon.colcon_core.verb:set package 'common' build argument 'catkin_skip_building_tests' from command line to 'False'
[0.428s] DEBUG:colcon.colcon_core.verb:Building package 'common' with the following arguments: {'ament_cmake_args': None, 'build_base': '/driverless/driverless_ws/build/common', 'catkin_cmake_args': None, 'catkin_skip_building_tests': False, 'cmake_args': None, 'cmake_clean_cache': False, 'cmake_clean_first': False, 'cmake_force_configure': False, 'cmake_target': None, 'cmake_target_skip_unavailable': False, 'install_base': '/driverless/driverless_ws/install/common', 'merge_install': False, 'path': '/driverless/driverless_ws/src/common', 'symlink_install': True, 'test_result_base': None}
[0.433s] Level 5:colcon.colcon_core.verb:set package 'controls' build argument 'cmake_args' from command line to 'None'
[0.434s] Level 5:colcon.colcon_core.verb:set package 'controls' build argument 'cmake_target' from command line to 'None'
[0.434s] Level 5:colcon.colcon_core.verb:set package 'controls' build argument 'cmake_target_skip_unavailable' from command line to 'False'
[0.434s] Level 5:colcon.colcon_core.verb:set package 'controls' build argument 'cmake_clean_cache' from command line to 'False'
[0.434s] Level 5:colcon.colcon_core.verb:set package 'controls' build argument 'cmake_clean_first' from command line to 'False'
[0.434s] Level 5:colcon.colcon_core.verb:set package 'controls' build argument 'cmake_force_configure' from command line to 'False'
[0.434s] Level 5:colcon.colcon_core.verb:set package 'controls' build argument 'ament_cmake_args' from command line to 'None'
[0.434s] Level 5:colcon.colcon_core.verb:set package 'controls' build argument 'catkin_cmake_args' from command line to 'None'
[0.434s] Level 5:colcon.colcon_core.verb:set package 'controls' build argument 'catkin_skip_building_tests' from command line to 'False'
[0.434s] DEBUG:colcon.colcon_core.verb:Building package 'controls' with the following arguments: {'ament_cmake_args': None, 'build_base': '/driverless/driverless_ws/build/controls', 'catkin_cmake_args': None, 'catkin_skip_building_tests': False, 'cmake_args': None, 'cmake_clean_cache': False, 'cmake_clean_first': False, 'cmake_force_configure': False, 'cmake_target': None, 'cmake_target_skip_unavailable': False, 'install_base': '/driverless/driverless_ws/install/controls', 'merge_install': False, 'path': '/driverless/driverless_ws/src/controls', 'symlink_install': True, 'test_result_base': None}
[0.438s] Level 5:colcon.colcon_core.verb:set package 'eufs_msgs' build argument 'cmake_args' from command line to 'None'
[0.438s] Level 5:colcon.colcon_core.verb:set package 'eufs_msgs' build argument 'cmake_target' from command line to 'None'
[0.438s] Level 5:colcon.colcon_core.verb:set package 'eufs_msgs' build argument 'cmake_target_skip_unavailable' from command line to 'False'
[0.438s] Level 5:colcon.colcon_core.verb:set package 'eufs_msgs' build argument 'cmake_clean_cache' from command line to 'False'
[0.438s] Level 5:colcon.colcon_core.verb:set package 'eufs_msgs' build argument 'cmake_clean_first' from command line to 'False'
[0.438s] Level 5:colcon.colcon_core.verb:set package 'eufs_msgs' build argument 'cmake_force_configure' from command line to 'False'
[0.438s] Level 5:colcon.colcon_core.verb:set package 'eufs_msgs' build argument 'ament_cmake_args' from command line to 'None'
[0.438s] Level 5:colcon.colcon_core.verb:set package 'eufs_msgs' build argument 'catkin_cmake_args' from command line to 'None'
[0.439s] Level 5:colcon.colcon_core.verb:set package 'eufs_msgs' build argument 'catkin_skip_building_tests' from command line to 'False'
[0.439s] DEBUG:colcon.colcon_core.verb:Building package 'eufs_msgs' with the following arguments: {'ament_cmake_args': None, 'build_base': '/driverless/driverless_ws/build/eufs_msgs', 'catkin_cmake_args': None, 'catkin_skip_building_tests': False, 'cmake_args': None, 'cmake_clean_cache': False, 'cmake_clean_first': False, 'cmake_force_configure': False, 'cmake_target': None, 'cmake_target_skip_unavailable': False, 'install_base': '/driverless/driverless_ws/install/eufs_msgs', 'merge_install': False, 'path': '/driverless/driverless_ws/src/eufs_msgs', 'symlink_install': True, 'test_result_base': None}
[0.443s] Level 5:colcon.colcon_core.verb:set package 'interfaces' build argument 'cmake_args' from command line to 'None'
[0.444s] Level 5:colcon.colcon_core.verb:set package 'interfaces' build argument 'cmake_target' from command line to 'None'
[0.444s] Level 5:colcon.colcon_core.verb:set package 'interfaces' build argument 'cmake_target_skip_unavailable' from command line to 'False'
[0.444s] Level 5:colcon.colcon_core.verb:set package 'interfaces' build argument 'cmake_clean_cache' from command line to 'False'
[0.444s] Level 5:colcon.colcon_core.verb:set package 'interfaces' build argument 'cmake_clean_first' from command line to 'False'
[0.444s] Level 5:colcon.colcon_core.verb:set package 'interfaces' build argument 'cmake_force_configure' from command line to 'False'
[0.444s] Level 5:colcon.colcon_core.verb:set package 'interfaces' build argument 'ament_cmake_args' from command line to 'None'
[0.444s] Level 5:colcon.colcon_core.verb:set package 'interfaces' build argument 'catkin_cmake_args' from command line to 'None'
[0.444s] Level 5:colcon.colcon_core.verb:set package 'interfaces' build argument 'catkin_skip_building_tests' from command line to 'False'
[0.444s] DEBUG:colcon.colcon_core.verb:Building package 'interfaces' with the following arguments: {'ament_cmake_args': None, 'build_base': '/driverless/driverless_ws/build/interfaces', 'catkin_cmake_args': None, 'catkin_skip_building_tests': False, 'cmake_args': None, 'cmake_clean_cache': False, 'cmake_clean_first': False, 'cmake_force_configure': False, 'cmake_target': None, 'cmake_target_skip_unavailable': False, 'install_base': '/driverless/driverless_ws/install/interfaces', 'merge_install': False, 'path': '/driverless/driverless_ws/src/interfaces', 'symlink_install': True, 'test_result_base': None}
[0.448s] Level 5:colcon.colcon_core.verb:set package 'perceptions' build argument 'cmake_args' from command line to 'None'
[0.448s] Level 5:colcon.colcon_core.verb:set package 'perceptions' build argument 'cmake_target' from command line to 'None'
[0.448s] Level 5:colcon.colcon_core.verb:set package 'perceptions' build argument 'cmake_target_skip_unavailable' from command line to 'False'
[0.448s] Level 5:colcon.colcon_core.verb:set package 'perceptions' build argument 'cmake_clean_cache' from command line to 'False'
[0.448s] Level 5:colcon.colcon_core.verb:set package 'perceptions' build argument 'cmake_clean_first' from command line to 'False'
[0.448s] Level 5:colcon.colcon_core.verb:set package 'perceptions' build argument 'cmake_force_configure' from command line to 'False'
[0.448s] Level 5:colcon.colcon_core.verb:set package 'perceptions' build argument 'ament_cmake_args' from command line to 'None'
[0.448s] Level 5:colcon.colcon_core.verb:set package 'perceptions' build argument 'catkin_cmake_args' from command line to 'None'
[0.449s] Level 5:colcon.colcon_core.verb:set package 'perceptions' build argument 'catkin_skip_building_tests' from command line to 'False'
[0.449s] DEBUG:colcon.colcon_core.verb:Building package 'perceptions' with the following arguments: {'ament_cmake_args': None, 'build_base': '/driverless/driverless_ws/build/perceptions', 'catkin_cmake_args': None, 'catkin_skip_building_tests': False, 'cmake_args': None, 'cmake_clean_cache': False, 'cmake_clean_first': False, 'cmake_force_configure': False, 'cmake_target': None, 'cmake_target_skip_unavailable': False, 'install_base': '/driverless/driverless_ws/install/perceptions', 'merge_install': False, 'path': '/driverless/driverless_ws/src/perceptions', 'symlink_install': True, 'test_result_base': None}
[0.454s] Level 5:colcon.colcon_core.verb:set package 'planning' build argument 'cmake_args' from command line to 'None'
[0.454s] Level 5:colcon.colcon_core.verb:set package 'planning' build argument 'cmake_target' from command line to 'None'
[0.454s] Level 5:colcon.colcon_core.verb:set package 'planning' build argument 'cmake_target_skip_unavailable' from command line to 'False'
[0.454s] Level 5:colcon.colcon_core.verb:set package 'planning' build argument 'cmake_clean_cache' from command line to 'False'
[0.454s] Level 5:colcon.colcon_core.verb:set package 'planning' build argument 'cmake_clean_first' from command line to 'False'
[0.454s] Level 5:colcon.colcon_core.verb:set package 'planning' build argument 'cmake_force_configure' from command line to 'False'
[0.454s] Level 5:colcon.colcon_core.verb:set package 'planning' build argument 'ament_cmake_args' from command line to 'None'
[0.454s] Level 5:colcon.colcon_core.verb:set package 'planning' build argument 'catkin_cmake_args' from command line to 'None'
[0.454s] Level 5:colcon.colcon_core.verb:set package 'planning' build argument 'catkin_skip_building_tests' from command line to 'False'
[0.454s] DEBUG:colcon.colcon_core.verb:Building package 'planning' with the following arguments: {'ament_cmake_args': None, 'build_base': '/driverless/driverless_ws/build/planning', 'catkin_cmake_args': None, 'catkin_skip_building_tests': False, 'cmake_args': None, 'cmake_clean_cache': False, 'cmake_clean_first': False, 'cmake_force_configure': False, 'cmake_target': None, 'cmake_target_skip_unavailable': False, 'install_base': '/driverless/driverless_ws/install/planning', 'merge_install': False, 'path': '/driverless/driverless_ws/src/planning', 'symlink_install': True, 'test_result_base': None}
[0.456s] INFO:colcon.colcon_core.executor:Executing jobs using 'parallel' executor
[0.465s] DEBUG:colcon.colcon_parallel_executor.executor.parallel:run_until_complete
[0.466s] INFO:colcon.colcon_ros.task.ament_cmake.build:Building ROS package in '/driverless/driverless_ws/src/eufs_msgs' with build type 'ament_cmake'
[0.466s] INFO:colcon.colcon_cmake.task.cmake.build:Building CMake package in '/driverless/driverless_ws/src/eufs_msgs'
[0.475s] INFO:colcon.colcon_core.plugin_system:Skipping extension 'colcon_core.shell.bat': Not used on non-Windows systems
[0.476s] INFO:colcon.colcon_core.shell:Skip shell extension 'powershell' for command environment: Not usable outside of PowerShell
[0.476s] DEBUG:colcon.colcon_core.shell:Skip shell extension 'dsv' for command environment
[0.487s] INFO:colcon.colcon_ros.task.ament_cmake.build:Building ROS package in '/driverless/driverless_ws/src/actuators' with build type 'ament_cmake'
[0.487s] INFO:colcon.colcon_cmake.task.cmake.build:Building CMake package in '/driverless/driverless_ws/src/actuators'
[0.493s] INFO:colcon.colcon_core.shell:Skip shell extension 'powershell' for command environment: Not usable outside of PowerShell
[0.493s] DEBUG:colcon.colcon_core.shell:Skip shell extension 'dsv' for command environment
[0.504s] INFO:colcon.colcon_ros.task.ament_cmake.build:Building ROS package in '/driverless/driverless_ws/src/collection' with build type 'ament_cmake'
[0.505s] INFO:colcon.colcon_cmake.task.cmake.build:Building CMake package in '/driverless/driverless_ws/src/collection'
[0.509s] INFO:colcon.colcon_core.shell:Skip shell extension 'powershell' for command environment: Not usable outside of PowerShell
[0.509s] DEBUG:colcon.colcon_core.shell:Skip shell extension 'dsv' for command environment
[0.519s] INFO:colcon.colcon_ros.task.ament_cmake.build:Building ROS package in '/driverless/driverless_ws/src/common' with build type 'ament_cmake'
[0.520s] INFO:colcon.colcon_cmake.task.cmake.build:Building CMake package in '/driverless/driverless_ws/src/common'
[0.524s] INFO:colcon.colcon_core.shell:Skip shell extension 'powershell' for command environment: Not usable outside of PowerShell
[0.525s] DEBUG:colcon.colcon_core.shell:Skip shell extension 'dsv' for command environment
[0.536s] INFO:colcon.colcon_ros.task.ament_cmake.build:Building ROS package in '/driverless/driverless_ws/src/controls' with build type 'ament_cmake'
[0.537s] INFO:colcon.colcon_cmake.task.cmake.build:Building CMake package in '/driverless/driverless_ws/src/controls'
[0.541s] INFO:colcon.colcon_core.shell:Skip shell extension 'powershell' for command environment: Not usable outside of PowerShell
[0.541s] DEBUG:colcon.colcon_core.shell:Skip shell extension 'dsv' for command environment
[0.552s] INFO:colcon.colcon_ros.task.ament_cmake.build:Building ROS package in '/driverless/driverless_ws/src/interfaces' with build type 'ament_cmake'
[0.552s] INFO:colcon.colcon_cmake.task.cmake.build:Building CMake package in '/driverless/driverless_ws/src/interfaces'
[0.557s] INFO:colcon.colcon_core.shell:Skip shell extension 'powershell' for command environment: Not usable outside of PowerShell
[0.557s] DEBUG:colcon.colcon_core.shell:Skip shell extension 'dsv' for command environment
[0.569s] INFO:colcon.colcon_ros.task.ament_cmake.build:Building ROS package in '/driverless/driverless_ws/src/perceptions' with build type 'ament_cmake'
[0.569s] INFO:colcon.colcon_cmake.task.cmake.build:Building CMake package in '/driverless/driverless_ws/src/perceptions'
[0.573s] INFO:colcon.colcon_core.shell:Skip shell extension 'powershell' for command environment: Not usable outside of PowerShell
[0.573s] DEBUG:colcon.colcon_core.shell:Skip shell extension 'dsv' for command environment
[0.590s] DEBUG:colcon.colcon_core.event_handler.log_command:Invoking command in '/driverless/driverless_ws/build/eufs_msgs': CMAKE_PREFIX_PATH=/opt/ros/foxy /usr/bin/cmake --build /driverless/driverless_ws/build/eufs_msgs -- -j8 -l8
[0.595s] DEBUG:colcon.colcon_core.event_handler.log_command:Invoking command in '/driverless/driverless_ws/build/actuators': CMAKE_PREFIX_PATH=/opt/ros/foxy /usr/bin/cmake --build /driverless/driverless_ws/build/actuators -- -j8 -l8
[0.599s] DEBUG:colcon.colcon_core.event_handler.log_command:Invoking command in '/driverless/driverless_ws/build/collection': CMAKE_PREFIX_PATH=/opt/ros/foxy /usr/bin/cmake --build /driverless/driverless_ws/build/collection -- -j8 -l8
[0.603s] DEBUG:colcon.colcon_core.event_handler.log_command:Invoking command in '/driverless/driverless_ws/build/common': CMAKE_PREFIX_PATH=/opt/ros/foxy /usr/bin/cmake --build /driverless/driverless_ws/build/common -- -j8 -l8
[0.613s] DEBUG:colcon.colcon_core.event_handler.log_command:Invoking command in '/driverless/driverless_ws/build/controls': CMAKE_PREFIX_PATH=/opt/ros/foxy /usr/bin/cmake --build /driverless/driverless_ws/build/controls -- -j8 -l8
[0.617s] DEBUG:colcon.colcon_core.event_handler.log_command:Invoking command in '/driverless/driverless_ws/build/interfaces': CMAKE_PREFIX_PATH=/opt/ros/foxy /usr/bin/cmake --build /driverless/driverless_ws/build/interfaces -- -j8 -l8
[0.621s] DEBUG:colcon.colcon_core.event_handler.log_command:Invoking command in '/driverless/driverless_ws/build/perceptions': CMAKE_PREFIX_PATH=/opt/ros/foxy /usr/bin/cmake --build /driverless/driverless_ws/build/perceptions -- -j8 -l8
[0.646s] DEBUG:colcon.colcon_core.event_handler.log_command:Invoked command in '/driverless/driverless_ws/build/actuators' returned '0': CMAKE_PREFIX_PATH=/opt/ros/foxy /usr/bin/cmake --build /driverless/driverless_ws/build/actuators -- -j8 -l8
[0.654s] DEBUG:colcon.colcon_core.event_handler.log_command:Invoked command in '/driverless/driverless_ws/build/collection' returned '0': CMAKE_PREFIX_PATH=/opt/ros/foxy /usr/bin/cmake --build /driverless/driverless_ws/build/collection -- -j8 -l8
[0.660s] DEBUG:colcon.colcon_core.event_handler.log_command:Invoked command in '/driverless/driverless_ws/build/common' returned '0': CMAKE_PREFIX_PATH=/opt/ros/foxy /usr/bin/cmake --build /driverless/driverless_ws/build/common -- -j8 -l8
[0.663s] DEBUG:colcon.colcon_core.event_handler.log_command:Invoked command in '/driverless/driverless_ws/build/controls' returned '0': CMAKE_PREFIX_PATH=/opt/ros/foxy /usr/bin/cmake --build /driverless/driverless_ws/build/controls -- -j8 -l8
[0.669s] DEBUG:colcon.colcon_core.event_handler.log_command:Invoked command in '/driverless/driverless_ws/build/interfaces' returned '0': CMAKE_PREFIX_PATH=/opt/ros/foxy /usr/bin/cmake --build /driverless/driverless_ws/build/interfaces -- -j8 -l8
[0.679s] DEBUG:colcon.colcon_core.event_handler.log_command:Invoked command in '/driverless/driverless_ws/build/perceptions' returned '0': CMAKE_PREFIX_PATH=/opt/ros/foxy /usr/bin/cmake --build /driverless/driverless_ws/build/perceptions -- -j8 -l8
[0.701s] DEBUG:colcon.colcon_core.event_handler.log_command:Invoking command in '/driverless/driverless_ws/build/actuators': CMAKE_PREFIX_PATH=/opt/ros/foxy /usr/bin/cmake --install /driverless/driverless_ws/build/actuators
[0.707s] DEBUG:colcon.colcon_core.event_handler.log_command:Invoking command in '/driverless/driverless_ws/build/collection': CMAKE_PREFIX_PATH=/opt/ros/foxy /usr/bin/cmake --install /driverless/driverless_ws/build/collection
[0.716s] DEBUG:colcon.colcon_core.event_handler.log_command:Invoking command in '/driverless/driverless_ws/build/controls': CMAKE_PREFIX_PATH=/opt/ros/foxy /usr/bin/cmake --install /driverless/driverless_ws/build/controls
[0.722s] DEBUG:colcon.colcon_core.event_handler.log_command:Invoking command in '/driverless/driverless_ws/build/common': CMAKE_PREFIX_PATH=/opt/ros/foxy /usr/bin/cmake --install /driverless/driverless_ws/build/common
[0.735s] DEBUG:colcon.colcon_core.event_handler.log_command:Invoking command in '/driverless/driverless_ws/build/interfaces': CMAKE_PREFIX_PATH=/opt/ros/foxy /usr/bin/cmake --install /driverless/driverless_ws/build/interfaces
[0.759s] DEBUG:colcon.colcon_core.event_handler.log_command:Invoking command in '/driverless/driverless_ws/build/perceptions': CMAKE_PREFIX_PATH=/opt/ros/foxy /usr/bin/cmake --install /driverless/driverless_ws/build/perceptions
[0.767s] Level 1:colcon.colcon_core.environment:create_environment_scripts_only(actuators)
[0.771s] DEBUG:colcon.colcon_core.event_handler.log_command:Invoked command in '/driverless/driverless_ws/build/actuators' returned '0': CMAKE_PREFIX_PATH=/opt/ros/foxy /usr/bin/cmake --install /driverless/driverless_ws/build/actuators
[0.784s] Level 1:colcon.colcon_core.environment:checking '/driverless/driverless_ws/install/actuators' for CMake module files
[0.785s] Level 1:colcon.colcon_core.environment:checking '/driverless/driverless_ws/install/actuators' for CMake config files
[0.786s] Level 1:colcon.colcon_core.shell:create_environment_hook('actuators', 'cmake_prefix_path')
[0.793s] INFO:colcon.colcon_core.shell:Creating environment hook '/driverless/driverless_ws/install/actuators/share/actuators/hook/cmake_prefix_path.ps1'
[0.794s] INFO:colcon.colcon_core.shell:Creating environment descriptor '/driverless/driverless_ws/install/actuators/share/actuators/hook/cmake_prefix_path.dsv'
[0.795s] INFO:colcon.colcon_core.shell:Creating environment hook '/driverless/driverless_ws/install/actuators/share/actuators/hook/cmake_prefix_path.sh'
[0.796s] Level 1:colcon.colcon_core.environment:checking '/driverless/driverless_ws/install/actuators/bin'
[0.796s] Level 1:colcon.colcon_core.environment:checking '/driverless/driverless_ws/install/actuators/lib/pkgconfig/actuators.pc'
[0.797s] Level 1:colcon.colcon_core.environment:checking '/driverless/driverless_ws/install/actuators/lib/python3.8/site-packages'
[0.797s] Level 1:colcon.colcon_core.environment:checking '/driverless/driverless_ws/install/actuators/bin'
[0.803s] INFO:colcon.colcon_core.shell:Creating package script '/driverless/driverless_ws/install/actuators/share/actuators/package.ps1'
[0.806s] INFO:colcon.colcon_core.shell:Creating package descriptor '/driverless/driverless_ws/install/actuators/share/actuators/package.dsv'
[0.807s] INFO:colcon.colcon_core.shell:Creating package script '/driverless/driverless_ws/install/actuators/share/actuators/package.sh'
[0.808s] INFO:colcon.colcon_core.shell:Creating package script '/driverless/driverless_ws/install/actuators/share/actuators/package.bash'
[0.809s] INFO:colcon.colcon_core.shell:Creating package script '/driverless/driverless_ws/install/actuators/share/actuators/package.zsh'
[0.810s] Level 1:colcon.colcon_core.environment:create_file_with_runtime_dependencies(/driverless/driverless_ws/install/actuators/share/colcon-core/packages/actuators)
[0.814s] Level 1:colcon.colcon_core.environment:create_environment_scripts_only(collection)
[0.822s] Level 1:colcon.colcon_core.environment:checking '/driverless/driverless_ws/install/collection' for CMake module files
[0.823s] DEBUG:colcon.colcon_core.event_handler.log_command:Invoked command in '/driverless/driverless_ws/build/collection' returned '0': CMAKE_PREFIX_PATH=/opt/ros/foxy /usr/bin/cmake --install /driverless/driverless_ws/build/collection
[0.823s] Level 1:colcon.colcon_core.environment:checking '/driverless/driverless_ws/install/collection' for CMake config files
[0.823s] Level 1:colcon.colcon_core.shell:create_environment_hook('collection', 'cmake_prefix_path')
[0.829s] INFO:colcon.colcon_core.shell:Creating environment hook '/driverless/driverless_ws/install/collection/share/collection/hook/cmake_prefix_path.ps1'
[0.830s] INFO:colcon.colcon_core.shell:Creating environment descriptor '/driverless/driverless_ws/install/collection/share/collection/hook/cmake_prefix_path.dsv'
[0.830s] INFO:colcon.colcon_core.shell:Creating environment hook '/driverless/driverless_ws/install/collection/share/collection/hook/cmake_prefix_path.sh'
[0.831s] Level 1:colcon.colcon_core.environment:checking '/driverless/driverless_ws/install/collection/bin'
[0.831s] Level 1:colcon.colcon_core.environment:checking '/driverless/driverless_ws/install/collection/lib/pkgconfig/collection.pc'
[0.831s] Level 1:colcon.colcon_core.environment:checking '/driverless/driverless_ws/install/collection/lib/python3.8/site-packages'
[0.831s] Level 1:colcon.colcon_core.environment:checking '/driverless/driverless_ws/install/collection/bin'
[0.836s] INFO:colcon.colcon_core.shell:Creating package script '/driverless/driverless_ws/install/collection/share/collection/package.ps1'
[0.836s] INFO:colcon.colcon_core.shell:Creating package descriptor '/driverless/driverless_ws/install/collection/share/collection/package.dsv'
[0.837s] INFO:colcon.colcon_core.shell:Creating package script '/driverless/driverless_ws/install/collection/share/collection/package.sh'
[0.838s] INFO:colcon.colcon_core.shell:Creating package script '/driverless/driverless_ws/install/collection/share/collection/package.bash'
[0.838s] INFO:colcon.colcon_core.shell:Creating package script '/driverless/driverless_ws/install/collection/share/collection/package.zsh'
[0.838s] Level 1:colcon.colcon_core.environment:create_file_with_runtime_dependencies(/driverless/driverless_ws/install/collection/share/colcon-core/packages/collection)
[0.842s] Level 1:colcon.colcon_core.environment:create_environment_scripts_only(controls)
[0.850s] Level 1:colcon.colcon_core.environment:checking '/driverless/driverless_ws/install/controls' for CMake module files
[0.851s] DEBUG:colcon.colcon_core.event_handler.log_command:Invoked command in '/driverless/driverless_ws/build/controls' returned '0': CMAKE_PREFIX_PATH=/opt/ros/foxy /usr/bin/cmake --install /driverless/driverless_ws/build/controls
[0.852s] Level 1:colcon.colcon_core.environment:checking '/driverless/driverless_ws/install/controls' for CMake config files
[0.852s] Level 1:colcon.colcon_core.shell:create_environment_hook('controls', 'cmake_prefix_path')
[0.859s] INFO:colcon.colcon_core.shell:Creating environment hook '/driverless/driverless_ws/install/controls/share/controls/hook/cmake_prefix_path.ps1'
[0.860s] INFO:colcon.colcon_core.shell:Creating environment descriptor '/driverless/driverless_ws/install/controls/share/controls/hook/cmake_prefix_path.dsv'
[0.861s] INFO:colcon.colcon_core.shell:Creating environment hook '/driverless/driverless_ws/install/controls/share/controls/hook/cmake_prefix_path.sh'
[0.861s] Level 1:colcon.colcon_core.environment:checking '/driverless/driverless_ws/install/controls/bin'
[0.861s] Level 1:colcon.colcon_core.environment:checking '/driverless/driverless_ws/install/controls/lib/pkgconfig/controls.pc'
[0.861s] Level 1:colcon.colcon_core.environment:checking '/driverless/driverless_ws/install/controls/lib/python3.8/site-packages'
[0.862s] Level 1:colcon.colcon_core.environment:checking '/driverless/driverless_ws/install/controls/bin'
[0.866s] INFO:colcon.colcon_core.shell:Creating package script '/driverless/driverless_ws/install/controls/share/controls/package.ps1'
[0.867s] INFO:colcon.colcon_core.shell:Creating package descriptor '/driverless/driverless_ws/install/controls/share/controls/package.dsv'
[0.867s] INFO:colcon.colcon_core.shell:Creating package script '/driverless/driverless_ws/install/controls/share/controls/package.sh'
[0.868s] INFO:colcon.colcon_core.shell:Creating package script '/driverless/driverless_ws/install/controls/share/controls/package.bash'
[0.868s] INFO:colcon.colcon_core.shell:Creating package script '/driverless/driverless_ws/install/controls/share/controls/package.zsh'
[0.868s] Level 1:colcon.colcon_core.environment:create_file_with_runtime_dependencies(/driverless/driverless_ws/install/controls/share/colcon-core/packages/controls)
[0.872s] Level 1:colcon.colcon_core.environment:create_environment_scripts_only(common)
[0.884s] Level 1:colcon.colcon_core.environment:checking '/driverless/driverless_ws/install/common' for CMake module files
[0.884s] DEBUG:colcon.colcon_core.event_handler.log_command:Invoked command in '/driverless/driverless_ws/build/common' returned '0': CMAKE_PREFIX_PATH=/opt/ros/foxy /usr/bin/cmake --install /driverless/driverless_ws/build/common
[0.885s] Level 1:colcon.colcon_core.environment:checking '/driverless/driverless_ws/install/common' for CMake config files
[0.885s] Level 1:colcon.colcon_core.shell:create_environment_hook('common', 'cmake_prefix_path')
[0.891s] INFO:colcon.colcon_core.shell:Creating environment hook '/driverless/driverless_ws/install/common/share/common/hook/cmake_prefix_path.ps1'
[0.892s] INFO:colcon.colcon_core.shell:Creating environment descriptor '/driverless/driverless_ws/install/common/share/common/hook/cmake_prefix_path.dsv'
[0.893s] INFO:colcon.colcon_core.shell:Creating environment hook '/driverless/driverless_ws/install/common/share/common/hook/cmake_prefix_path.sh'
[0.893s] Level 1:colcon.colcon_core.environment:checking '/driverless/driverless_ws/install/common/bin'
[0.894s] Level 1:colcon.colcon_core.environment:checking '/driverless/driverless_ws/install/common/lib/pkgconfig/common.pc'
[0.894s] Level 1:colcon.colcon_core.environment:checking '/driverless/driverless_ws/install/common/lib/python3.8/site-packages'
[0.894s] Level 1:colcon.colcon_core.environment:checking '/driverless/driverless_ws/install/common/bin'
[0.904s] INFO:colcon.colcon_core.shell:Creating package script '/driverless/driverless_ws/install/common/share/common/package.ps1'
[0.906s] INFO:colcon.colcon_core.shell:Creating package descriptor '/driverless/driverless_ws/install/common/share/common/package.dsv'
[0.907s] INFO:colcon.colcon_core.shell:Creating package script '/driverless/driverless_ws/install/common/share/common/package.sh'
[0.907s] INFO:colcon.colcon_core.shell:Creating package script '/driverless/driverless_ws/install/common/share/common/package.bash'
[0.908s] INFO:colcon.colcon_core.shell:Creating package script '/driverless/driverless_ws/install/common/share/common/package.zsh'
[0.908s] Level 1:colcon.colcon_core.environment:create_file_with_runtime_dependencies(/driverless/driverless_ws/install/common/share/colcon-core/packages/common)
[0.914s] Level 1:colcon.colcon_core.environment:create_environment_scripts_only(interfaces)
[0.926s] Level 1:colcon.colcon_core.environment:checking '/driverless/driverless_ws/install/interfaces' for CMake module files
[0.927s] Level 1:colcon.colcon_core.environment:checking '/driverless/driverless_ws/install/interfaces' for CMake config files
[0.928s] Level 1:colcon.colcon_core.shell:create_environment_hook('interfaces', 'cmake_prefix_path')
[0.936s] INFO:colcon.colcon_core.shell:Creating environment hook '/driverless/driverless_ws/install/interfaces/share/interfaces/hook/cmake_prefix_path.ps1'
[0.936s] DEBUG:colcon.colcon_core.event_handler.log_command:Invoked command in '/driverless/driverless_ws/build/interfaces' returned '0': CMAKE_PREFIX_PATH=/opt/ros/foxy /usr/bin/cmake --install /driverless/driverless_ws/build/interfaces
[0.938s] INFO:colcon.colcon_core.shell:Creating environment descriptor '/driverless/driverless_ws/install/interfaces/share/interfaces/hook/cmake_prefix_path.dsv'
[0.938s] INFO:colcon.colcon_core.shell:Creating environment hook '/driverless/driverless_ws/install/interfaces/share/interfaces/hook/cmake_prefix_path.sh'
[0.939s] Level 1:colcon.colcon_core.environment:checking '/driverless/driverless_ws/install/interfaces/bin'
[0.939s] Level 1:colcon.colcon_core.environment:checking '/driverless/driverless_ws/install/interfaces/lib/pkgconfig/interfaces.pc'
[0.940s] Level 1:colcon.colcon_core.environment:checking '/driverless/driverless_ws/install/interfaces/lib/python3.8/site-packages'
[0.940s] Level 1:colcon.colcon_core.environment:checking '/driverless/driverless_ws/install/interfaces/bin'
[0.950s] INFO:colcon.colcon_core.shell:Creating package script '/driverless/driverless_ws/install/interfaces/share/interfaces/package.ps1'
[0.951s] INFO:colcon.colcon_core.shell:Creating package descriptor '/driverless/driverless_ws/install/interfaces/share/interfaces/package.dsv'
[0.952s] INFO:colcon.colcon_core.shell:Creating package script '/driverless/driverless_ws/install/interfaces/share/interfaces/package.sh'
[0.952s] INFO:colcon.colcon_core.shell:Creating package script '/driverless/driverless_ws/install/interfaces/share/interfaces/package.bash'
[0.953s] INFO:colcon.colcon_core.shell:Creating package script '/driverless/driverless_ws/install/interfaces/share/interfaces/package.zsh'
[0.954s] Level 1:colcon.colcon_core.environment:create_file_with_runtime_dependencies(/driverless/driverless_ws/install/interfaces/share/colcon-core/packages/interfaces)
[0.958s] Level 1:colcon.colcon_core.environment:create_environment_scripts_only(perceptions)
[0.967s] DEBUG:colcon.colcon_core.event_handler.log_command:Invoked command in '/driverless/driverless_ws/build/perceptions' returned '0': CMAKE_PREFIX_PATH=/opt/ros/foxy /usr/bin/cmake --install /driverless/driverless_ws/build/perceptions
[0.973s] Level 1:colcon.colcon_core.environment:checking '/driverless/driverless_ws/install/perceptions' for CMake module files
[0.974s] Level 1:colcon.colcon_core.environment:checking '/driverless/driverless_ws/install/perceptions' for CMake config files
[0.974s] Level 1:colcon.colcon_core.shell:create_environment_hook('perceptions', 'cmake_prefix_path')
[0.991s] INFO:colcon.colcon_core.shell:Creating environment hook '/driverless/driverless_ws/install/perceptions/share/perceptions/hook/cmake_prefix_path.ps1'
[0.992s] INFO:colcon.colcon_core.shell:Creating environment descriptor '/driverless/driverless_ws/install/perceptions/share/perceptions/hook/cmake_prefix_path.dsv'
[0.993s] INFO:colcon.colcon_core.shell:Creating environment hook '/driverless/driverless_ws/install/perceptions/share/perceptions/hook/cmake_prefix_path.sh'
[0.993s] Level 1:colcon.colcon_core.environment:checking '/driverless/driverless_ws/install/perceptions/bin'
[0.993s] Level 1:colcon.colcon_core.environment:checking '/driverless/driverless_ws/install/perceptions/lib/pkgconfig/perceptions.pc'
[0.994s] Level 1:colcon.colcon_core.environment:checking '/driverless/driverless_ws/install/perceptions/lib/python3.8/site-packages'
[0.994s] Level 1:colcon.colcon_core.environment:checking '/driverless/driverless_ws/install/perceptions/bin'
[1.008s] INFO:colcon.colcon_core.shell:Creating package script '/driverless/driverless_ws/install/perceptions/share/perceptions/package.ps1'
[1.009s] INFO:colcon.colcon_core.shell:Creating package descriptor '/driverless/driverless_ws/install/perceptions/share/perceptions/package.dsv'
[1.009s] INFO:colcon.colcon_core.shell:Creating package script '/driverless/driverless_ws/install/perceptions/share/perceptions/package.sh'
[1.010s] INFO:colcon.colcon_core.shell:Creating package script '/driverless/driverless_ws/install/perceptions/share/perceptions/package.bash'
[1.010s] INFO:colcon.colcon_core.shell:Creating package script '/driverless/driverless_ws/install/perceptions/share/perceptions/package.zsh'
[1.011s] Level 1:colcon.colcon_core.environment:create_file_with_runtime_dependencies(/driverless/driverless_ws/install/perceptions/share/colcon-core/packages/perceptions)
[1.039s] Level 1:colcon.colcon_core.environment:create_environment_scripts_only(actuators)
[1.058s] Level 1:colcon.colcon_core.environment:checking '/driverless/driverless_ws/install/actuators' for CMake module files
[1.060s] Level 1:colcon.colcon_core.environment:checking '/driverless/driverless_ws/install/actuators' for CMake config files
[1.060s] Level 1:colcon.colcon_core.shell:create_environment_hook('actuators', 'cmake_prefix_path')
[1.067s] INFO:colcon.colcon_core.shell:Creating environment hook '/driverless/driverless_ws/install/actuators/share/actuators/hook/cmake_prefix_path.ps1'
[1.069s] INFO:colcon.colcon_core.shell:Creating environment descriptor '/driverless/driverless_ws/install/actuators/share/actuators/hook/cmake_prefix_path.dsv'
[1.069s] INFO:colcon.colcon_core.shell:Creating environment hook '/driverless/driverless_ws/install/actuators/share/actuators/hook/cmake_prefix_path.sh'
[1.070s] Level 1:colcon.colcon_core.environment:checking '/driverless/driverless_ws/install/actuators/bin'
[1.070s] Level 1:colcon.colcon_core.environment:checking '/driverless/driverless_ws/install/actuators/lib/pkgconfig/actuators.pc'
[1.071s] Level 1:colcon.colcon_core.environment:checking '/driverless/driverless_ws/install/actuators/lib/python3.8/site-packages'
[1.071s] Level 1:colcon.colcon_core.environment:checking '/driverless/driverless_ws/install/actuators/bin'
[1.076s] INFO:colcon.colcon_core.shell:Creating package script '/driverless/driverless_ws/install/actuators/share/actuators/package.ps1'
[1.077s] INFO:colcon.colcon_core.shell:Creating package descriptor '/driverless/driverless_ws/install/actuators/share/actuators/package.dsv'
[1.077s] INFO:colcon.colcon_core.shell:Creating package script '/driverless/driverless_ws/install/actuators/share/actuators/package.sh'
[1.078s] INFO:colcon.colcon_core.shell:Creating package script '/driverless/driverless_ws/install/actuators/share/actuators/package.bash'
[1.078s] INFO:colcon.colcon_core.shell:Creating package script '/driverless/driverless_ws/install/actuators/share/actuators/package.zsh'
[1.078s] Level 1:colcon.colcon_core.environment:create_file_with_runtime_dependencies(/driverless/driverless_ws/install/actuators/share/colcon-core/packages/actuators)
[1.084s] Level 1:colcon.colcon_core.environment:create_environment_scripts_only(collection)
[1.090s] Level 1:colcon.colcon_core.environment:checking '/driverless/driverless_ws/install/collection' for CMake module files
[1.091s] Level 1:colcon.colcon_core.environment:checking '/driverless/driverless_ws/install/collection' for CMake config files
[1.091s] Level 1:colcon.colcon_core.shell:create_environment_hook('collection', 'cmake_prefix_path')
[1.096s] INFO:colcon.colcon_core.shell:Creating environment hook '/driverless/driverless_ws/install/collection/share/collection/hook/cmake_prefix_path.ps1'
[1.096s] INFO:colcon.colcon_core.shell:Creating environment descriptor '/driverless/driverless_ws/install/collection/share/collection/hook/cmake_prefix_path.dsv'
[1.096s] INFO:colcon.colcon_core.shell:Creating environment hook '/driverless/driverless_ws/install/collection/share/collection/hook/cmake_prefix_path.sh'
[1.097s] Level 1:colcon.colcon_core.environment:checking '/driverless/driverless_ws/install/collection/bin'
[1.097s] Level 1:colcon.colcon_core.environment:checking '/driverless/driverless_ws/install/collection/lib/pkgconfig/collection.pc'
[1.097s] Level 1:colcon.colcon_core.environment:checking '/driverless/driverless_ws/install/collection/lib/python3.8/site-packages'
[1.098s] Level 1:colcon.colcon_core.environment:checking '/driverless/driverless_ws/install/collection/bin'
[1.102s] INFO:colcon.colcon_core.shell:Creating package script '/driverless/driverless_ws/install/collection/share/collection/package.ps1'
[1.102s] INFO:colcon.colcon_core.shell:Creating package descriptor '/driverless/driverless_ws/install/collection/share/collection/package.dsv'
[1.103s] INFO:colcon.colcon_core.shell:Creating package script '/driverless/driverless_ws/install/collection/share/collection/package.sh'
[1.103s] INFO:colcon.colcon_core.shell:Creating package script '/driverless/driverless_ws/install/collection/share/collection/package.bash'
[1.104s] INFO:colcon.colcon_core.shell:Creating package script '/driverless/driverless_ws/install/collection/share/collection/package.zsh'
[1.104s] Level 1:colcon.colcon_core.environment:create_file_with_runtime_dependencies(/driverless/driverless_ws/install/collection/share/colcon-core/packages/collection)
[1.111s] Level 1:colcon.colcon_core.environment:create_environment_scripts_only(controls)
[1.116s] Level 1:colcon.colcon_core.environment:checking '/driverless/driverless_ws/install/controls' for CMake module files
[1.117s] Level 1:colcon.colcon_core.environment:checking '/driverless/driverless_ws/install/controls' for CMake config files
[1.117s] Level 1:colcon.colcon_core.shell:create_environment_hook('controls', 'cmake_prefix_path')
[1.122s] INFO:colcon.colcon_core.shell:Creating environment hook '/driverless/driverless_ws/install/controls/share/controls/hook/cmake_prefix_path.ps1'
[1.123s] INFO:colcon.colcon_core.shell:Creating environment descriptor '/driverless/driverless_ws/install/controls/share/controls/hook/cmake_prefix_path.dsv'
[1.123s] INFO:colcon.colcon_core.shell:Creating environment hook '/driverless/driverless_ws/install/controls/share/controls/hook/cmake_prefix_path.sh'
[1.123s] Level 1:colcon.colcon_core.environment:checking '/driverless/driverless_ws/install/controls/bin'
[1.123s] Level 1:colcon.colcon_core.environment:checking '/driverless/driverless_ws/install/controls/lib/pkgconfig/controls.pc'
[1.124s] Level 1:colcon.colcon_core.environment:checking '/driverless/driverless_ws/install/controls/lib/python3.8/site-packages'
[1.124s] Level 1:colcon.colcon_core.environment:checking '/driverless/driverless_ws/install/controls/bin'
[1.128s] INFO:colcon.colcon_core.shell:Creating package script '/driverless/driverless_ws/install/controls/share/controls/package.ps1'
[1.129s] INFO:colcon.colcon_core.shell:Creating package descriptor '/driverless/driverless_ws/install/controls/share/controls/package.dsv'
[1.129s] INFO:colcon.colcon_core.shell:Creating package script '/driverless/driverless_ws/install/controls/share/controls/package.sh'
[1.130s] INFO:colcon.colcon_core.shell:Creating package script '/driverless/driverless_ws/install/controls/share/controls/package.bash'
[1.130s] INFO:colcon.colcon_core.shell:Creating package script '/driverless/driverless_ws/install/controls/share/controls/package.zsh'
[1.131s] Level 1:colcon.colcon_core.environment:create_file_with_runtime_dependencies(/driverless/driverless_ws/install/controls/share/colcon-core/packages/controls)
[1.135s] Level 1:colcon.colcon_core.environment:create_environment_scripts_only(common)
[1.142s] Level 1:colcon.colcon_core.environment:checking '/driverless/driverless_ws/install/common' for CMake module files
[1.143s] Level 1:colcon.colcon_core.environment:checking '/driverless/driverless_ws/install/common' for CMake config files
[1.143s] Level 1:colcon.colcon_core.shell:create_environment_hook('common', 'cmake_prefix_path')
[1.148s] INFO:colcon.colcon_core.shell:Creating environment hook '/driverless/driverless_ws/install/common/share/common/hook/cmake_prefix_path.ps1'
[1.148s] INFO:colcon.colcon_core.shell:Creating environment descriptor '/driverless/driverless_ws/install/common/share/common/hook/cmake_prefix_path.dsv'
[1.149s] INFO:colcon.colcon_core.shell:Creating environment hook '/driverless/driverless_ws/install/common/share/common/hook/cmake_prefix_path.sh'
[1.149s] Level 1:colcon.colcon_core.environment:checking '/driverless/driverless_ws/install/common/bin'
[1.149s] Level 1:colcon.colcon_core.environment:checking '/driverless/driverless_ws/install/common/lib/pkgconfig/common.pc'
[1.149s] Level 1:colcon.colcon_core.environment:checking '/driverless/driverless_ws/install/common/lib/python3.8/site-packages'
[1.150s] Level 1:colcon.colcon_core.environment:checking '/driverless/driverless_ws/install/common/bin'
[1.155s] INFO:colcon.colcon_core.shell:Creating package script '/driverless/driverless_ws/install/common/share/common/package.ps1'
[1.156s] INFO:colcon.colcon_core.shell:Creating package descriptor '/driverless/driverless_ws/install/common/share/common/package.dsv'
[1.156s] INFO:colcon.colcon_core.shell:Creating package script '/driverless/driverless_ws/install/common/share/common/package.sh'
[1.156s] INFO:colcon.colcon_core.shell:Creating package script '/driverless/driverless_ws/install/common/share/common/package.bash'
[1.157s] INFO:colcon.colcon_core.shell:Creating package script '/driverless/driverless_ws/install/common/share/common/package.zsh'
[1.157s] Level 1:colcon.colcon_core.environment:create_file_with_runtime_dependencies(/driverless/driverless_ws/install/common/share/colcon-core/packages/common)
[1.163s] Level 1:colcon.colcon_core.environment:create_environment_scripts_only(interfaces)
[1.169s] Level 1:colcon.colcon_core.environment:checking '/driverless/driverless_ws/install/interfaces' for CMake module files
[1.169s] Level 1:colcon.colcon_core.environment:checking '/driverless/driverless_ws/install/interfaces' for CMake config files
[1.170s] Level 1:colcon.colcon_core.shell:create_environment_hook('interfaces', 'cmake_prefix_path')
[1.175s] INFO:colcon.colcon_core.shell:Creating environment hook '/driverless/driverless_ws/install/interfaces/share/interfaces/hook/cmake_prefix_path.ps1'
[1.175s] INFO:colcon.colcon_core.shell:Creating environment descriptor '/driverless/driverless_ws/install/interfaces/share/interfaces/hook/cmake_prefix_path.dsv'
[1.175s] INFO:colcon.colcon_core.shell:Creating environment hook '/driverless/driverless_ws/install/interfaces/share/interfaces/hook/cmake_prefix_path.sh'
[1.176s] Level 1:colcon.colcon_core.environment:checking '/driverless/driverless_ws/install/interfaces/bin'
[1.176s] Level 1:colcon.colcon_core.environment:checking '/driverless/driverless_ws/install/interfaces/lib/pkgconfig/interfaces.pc'
[1.176s] Level 1:colcon.colcon_core.environment:checking '/driverless/driverless_ws/install/interfaces/lib/python3.8/site-packages'
[1.176s] Level 1:colcon.colcon_core.environment:checking '/driverless/driverless_ws/install/interfaces/bin'
[1.180s] INFO:colcon.colcon_core.shell:Creating package script '/driverless/driverless_ws/install/interfaces/share/interfaces/package.ps1'
[1.181s] INFO:colcon.colcon_core.shell:Creating package descriptor '/driverless/driverless_ws/install/interfaces/share/interfaces/package.dsv'
[1.181s] INFO:colcon.colcon_core.shell:Creating package script '/driverless/driverless_ws/install/interfaces/share/interfaces/package.sh'
[1.181s] INFO:colcon.colcon_core.shell:Creating package script '/driverless/driverless_ws/install/interfaces/share/interfaces/package.bash'
[1.181s] INFO:colcon.colcon_core.shell:Creating package script '/driverless/driverless_ws/install/interfaces/share/interfaces/package.zsh'
[1.182s] Level 1:colcon.colcon_core.environment:create_file_with_runtime_dependencies(/driverless/driverless_ws/install/interfaces/share/colcon-core/packages/interfaces)
[1.185s] DEBUG:colcon.colcon_core.event_handler.log_command:Invoked command in '/driverless/driverless_ws/build/eufs_msgs' returned '0': CMAKE_PREFIX_PATH=/opt/ros/foxy /usr/bin/cmake --build /driverless/driverless_ws/build/eufs_msgs -- -j8 -l8
[1.190s] Level 1:colcon.colcon_core.environment:create_environment_scripts_only(perceptions)
[1.197s] Level 1:colcon.colcon_core.environment:checking '/driverless/driverless_ws/install/perceptions' for CMake module files
[1.198s] Level 1:colcon.colcon_core.environment:checking '/driverless/driverless_ws/install/perceptions' for CMake config files
[1.198s] Level 1:colcon.colcon_core.shell:create_environment_hook('perceptions', 'cmake_prefix_path')
[1.203s] INFO:colcon.colcon_core.shell:Creating environment hook '/driverless/driverless_ws/install/perceptions/share/perceptions/hook/cmake_prefix_path.ps1'
[1.203s] INFO:colcon.colcon_core.shell:Creating environment descriptor '/driverless/driverless_ws/install/perceptions/share/perceptions/hook/cmake_prefix_path.dsv'
[1.204s] INFO:colcon.colcon_core.shell:Creating environment hook '/driverless/driverless_ws/install/perceptions/share/perceptions/hook/cmake_prefix_path.sh'
[1.204s] Level 1:colcon.colcon_core.environment:checking '/driverless/driverless_ws/install/perceptions/bin'
[1.204s] Level 1:colcon.colcon_core.environment:checking '/driverless/driverless_ws/install/perceptions/lib/pkgconfig/perceptions.pc'
[1.205s] Level 1:colcon.colcon_core.environment:checking '/driverless/driverless_ws/install/perceptions/lib/python3.8/site-packages'
[1.205s] Level 1:colcon.colcon_core.environment:checking '/driverless/driverless_ws/install/perceptions/bin'
[1.209s] INFO:colcon.colcon_core.shell:Creating package script '/driverless/driverless_ws/install/perceptions/share/perceptions/package.ps1'
[1.210s] INFO:colcon.colcon_core.shell:Creating package descriptor '/driverless/driverless_ws/install/perceptions/share/perceptions/package.dsv'
[1.210s] INFO:colcon.colcon_core.shell:Creating package script '/driverless/driverless_ws/install/perceptions/share/perceptions/package.sh'
[1.210s] INFO:colcon.colcon_core.shell:Creating package script '/driverless/driverless_ws/install/perceptions/share/perceptions/package.bash'
[1.211s] INFO:colcon.colcon_core.shell:Creating package script '/driverless/driverless_ws/install/perceptions/share/perceptions/package.zsh'
[1.211s] Level 1:colcon.colcon_core.environment:create_file_with_runtime_dependencies(/driverless/driverless_ws/install/perceptions/share/colcon-core/packages/perceptions)
[1.933s] DEBUG:colcon.colcon_core.event_handler.log_command:Invoking command in '/driverless/driverless_ws/build/eufs_msgs': CMAKE_PREFIX_PATH=/opt/ros/foxy /usr/bin/cmake --install /driverless/driverless_ws/build/eufs_msgs
[2.101s] Level 1:colcon.colcon_core.environment:create_environment_scripts_only(eufs_msgs)
[2.109s] Level 1:colcon.colcon_core.environment:checking '/driverless/driverless_ws/install/eufs_msgs' for CMake module files
[2.109s] DEBUG:colcon.colcon_core.event_handler.log_command:Invoked command in '/driverless/driverless_ws/build/eufs_msgs' returned '0': CMAKE_PREFIX_PATH=/opt/ros/foxy /usr/bin/cmake --install /driverless/driverless_ws/build/eufs_msgs
[2.110s] Level 1:colcon.colcon_core.environment:checking '/driverless/driverless_ws/install/eufs_msgs' for CMake config files
[2.113s] Level 1:colcon.colcon_core.shell:create_environment_hook('eufs_msgs', 'cmake_prefix_path')
[2.118s] INFO:colcon.colcon_core.shell:Creating environment hook '/driverless/driverless_ws/install/eufs_msgs/share/eufs_msgs/hook/cmake_prefix_path.ps1'
[2.118s] INFO:colcon.colcon_core.shell:Creating environment descriptor '/driverless/driverless_ws/install/eufs_msgs/share/eufs_msgs/hook/cmake_prefix_path.dsv'
[2.118s] INFO:colcon.colcon_core.shell:Creating environment hook '/driverless/driverless_ws/install/eufs_msgs/share/eufs_msgs/hook/cmake_prefix_path.sh'
[2.119s] Level 1:colcon.colcon_core.environment:checking '/driverless/driverless_ws/install/eufs_msgs/lib'
[2.119s] Level 1:colcon.colcon_core.shell:create_environment_hook('eufs_msgs', 'ld_library_path_lib')
[2.124s] INFO:colcon.colcon_core.shell:Creating environment hook '/driverless/driverless_ws/install/eufs_msgs/share/eufs_msgs/hook/ld_library_path_lib.ps1'
[2.124s] INFO:colcon.colcon_core.shell:Creating environment descriptor '/driverless/driverless_ws/install/eufs_msgs/share/eufs_msgs/hook/ld_library_path_lib.dsv'
[2.124s] INFO:colcon.colcon_core.shell:Creating environment hook '/driverless/driverless_ws/install/eufs_msgs/share/eufs_msgs/hook/ld_library_path_lib.sh'
[2.125s] Level 1:colcon.colcon_core.environment:checking '/driverless/driverless_ws/install/eufs_msgs/bin'
[2.125s] Level 1:colcon.colcon_core.environment:checking '/driverless/driverless_ws/install/eufs_msgs/lib/pkgconfig/eufs_msgs.pc'
[2.125s] Level 1:colcon.colcon_core.environment:checking '/driverless/driverless_ws/install/eufs_msgs/lib/python3.8/site-packages'
[2.125s] Level 1:colcon.colcon_core.shell:create_environment_hook('eufs_msgs', 'pythonpath')
[2.129s] INFO:colcon.colcon_core.shell:Creating environment hook '/driverless/driverless_ws/install/eufs_msgs/share/eufs_msgs/hook/pythonpath.ps1'
[2.129s] INFO:colcon.colcon_core.shell:Creating environment descriptor '/driverless/driverless_ws/install/eufs_msgs/share/eufs_msgs/hook/pythonpath.dsv'
[2.130s] INFO:colcon.colcon_core.shell:Creating environment hook '/driverless/driverless_ws/install/eufs_msgs/share/eufs_msgs/hook/pythonpath.sh'
[2.131s] Level 1:colcon.colcon_core.environment:checking '/driverless/driverless_ws/install/eufs_msgs/bin'
[2.135s] INFO:colcon.colcon_core.shell:Creating package script '/driverless/driverless_ws/install/eufs_msgs/share/eufs_msgs/package.ps1'
[2.135s] INFO:colcon.colcon_core.shell:Creating package descriptor '/driverless/driverless_ws/install/eufs_msgs/share/eufs_msgs/package.dsv'
[2.135s] INFO:colcon.colcon_core.shell:Creating package script '/driverless/driverless_ws/install/eufs_msgs/share/eufs_msgs/package.sh'
[2.136s] INFO:colcon.colcon_core.shell:Creating package script '/driverless/driverless_ws/install/eufs_msgs/share/eufs_msgs/package.bash'
[2.136s] INFO:colcon.colcon_core.shell:Creating package script '/driverless/driverless_ws/install/eufs_msgs/share/eufs_msgs/package.zsh'
[2.136s] Level 1:colcon.colcon_core.environment:create_file_with_runtime_dependencies(/driverless/driverless_ws/install/eufs_msgs/share/colcon-core/packages/eufs_msgs)
[2.910s] Level 1:colcon.colcon_core.environment:create_environment_scripts_only(eufs_msgs)
[2.915s] Level 1:colcon.colcon_core.environment:checking '/driverless/driverless_ws/install/eufs_msgs' for CMake module files
[2.916s] Level 1:colcon.colcon_core.environment:checking '/driverless/driverless_ws/install/eufs_msgs' for CMake config files
[2.918s] Level 1:colcon.colcon_core.shell:create_environment_hook('eufs_msgs', 'cmake_prefix_path')
[2.922s] INFO:colcon.colcon_core.shell:Creating environment hook '/driverless/driverless_ws/install/eufs_msgs/share/eufs_msgs/hook/cmake_prefix_path.ps1'
[2.923s] INFO:colcon.colcon_core.shell:Creating environment descriptor '/driverless/driverless_ws/install/eufs_msgs/share/eufs_msgs/hook/cmake_prefix_path.dsv'
[2.923s] INFO:colcon.colcon_core.shell:Creating environment hook '/driverless/driverless_ws/install/eufs_msgs/share/eufs_msgs/hook/cmake_prefix_path.sh'
[2.924s] Level 1:colcon.colcon_core.environment:checking '/driverless/driverless_ws/install/eufs_msgs/lib'
[2.924s] Level 1:colcon.colcon_core.shell:create_environment_hook('eufs_msgs', 'ld_library_path_lib')
[2.927s] INFO:colcon.colcon_core.shell:Creating environment hook '/driverless/driverless_ws/install/eufs_msgs/share/eufs_msgs/hook/ld_library_path_lib.ps1'
[2.928s] INFO:colcon.colcon_core.shell:Creating environment descriptor '/driverless/driverless_ws/install/eufs_msgs/share/eufs_msgs/hook/ld_library_path_lib.dsv'
[2.928s] INFO:colcon.colcon_core.shell:Creating environment hook '/driverless/driverless_ws/install/eufs_msgs/share/eufs_msgs/hook/ld_library_path_lib.sh'
[2.928s] Level 1:colcon.colcon_core.environment:checking '/driverless/driverless_ws/install/eufs_msgs/bin'
[2.928s] Level 1:colcon.colcon_core.environment:checking '/driverless/driverless_ws/install/eufs_msgs/lib/pkgconfig/eufs_msgs.pc'
[2.928s] Level 1:colcon.colcon_core.environment:checking '/driverless/driverless_ws/install/eufs_msgs/lib/python3.8/site-packages'
[2.928s] Level 1:colcon.colcon_core.shell:create_environment_hook('eufs_msgs', 'pythonpath')
[2.932s] INFO:colcon.colcon_core.shell:Creating environment hook '/driverless/driverless_ws/install/eufs_msgs/share/eufs_msgs/hook/pythonpath.ps1'
[2.932s] INFO:colcon.colcon_core.shell:Creating environment descriptor '/driverless/driverless_ws/install/eufs_msgs/share/eufs_msgs/hook/pythonpath.dsv'
[2.932s] INFO:colcon.colcon_core.shell:Creating environment hook '/driverless/driverless_ws/install/eufs_msgs/share/eufs_msgs/hook/pythonpath.sh'
[2.933s] Level 1:colcon.colcon_core.environment:checking '/driverless/driverless_ws/install/eufs_msgs/bin'
[2.937s] INFO:colcon.colcon_core.shell:Creating package script '/driverless/driverless_ws/install/eufs_msgs/share/eufs_msgs/package.ps1'
[2.937s] INFO:colcon.colcon_core.shell:Creating package descriptor '/driverless/driverless_ws/install/eufs_msgs/share/eufs_msgs/package.dsv'
[2.938s] INFO:colcon.colcon_core.shell:Creating package script '/driverless/driverless_ws/install/eufs_msgs/share/eufs_msgs/package.sh'
[2.939s] INFO:colcon.colcon_core.shell:Creating package script '/driverless/driverless_ws/install/eufs_msgs/share/eufs_msgs/package.bash'
[2.939s] INFO:colcon.colcon_core.shell:Creating package script '/driverless/driverless_ws/install/eufs_msgs/share/eufs_msgs/package.zsh'
[2.939s] Level 1:colcon.colcon_core.environment:create_file_with_runtime_dependencies(/driverless/driverless_ws/install/eufs_msgs/share/colcon-core/packages/eufs_msgs)
[2.940s] INFO:colcon.colcon_ros.task.ament_cmake.build:Building ROS package in '/driverless/driverless_ws/src/planning' with build type 'ament_cmake'
[2.940s] INFO:colcon.colcon_cmake.task.cmake.build:Building CMake package in '/driverless/driverless_ws/src/planning'
[2.943s] INFO:colcon.colcon_core.shell:Skip shell extension 'powershell' for command environment: Not usable outside of PowerShell
[2.943s] DEBUG:colcon.colcon_core.shell:Skip shell extension 'dsv' for command environment
[2.960s] DEBUG:colcon.colcon_core.event_handler.log_command:Invoking command in '/driverless/driverless_ws/build/planning': AMENT_PREFIX_PATH=/driverless/driverless_ws/install/eufs_msgs:${AMENT_PREFIX_PATH} CMAKE_PREFIX_PATH=/driverless/driverless_ws/install/eufs_msgs:/opt/ros/foxy LD_LIBRARY_PATH=/driverless/driverless_ws/install/eufs_msgs/lib:${LD_LIBRARY_PATH} PYTHONPATH=/driverless/driverless_ws/install/eufs_msgs/lib/python3.8/site-packages:${PYTHONPATH} /usr/bin/cmake --build /driverless/driverless_ws/build/planning -- -j8 -l8
[5.895s] DEBUG:colcon.colcon_core.event_handler.log_command:Invoked command in '/driverless/driverless_ws/build/planning' returned '2': AMENT_PREFIX_PATH=/driverless/driverless_ws/install/eufs_msgs:${AMENT_PREFIX_PATH} CMAKE_PREFIX_PATH=/driverless/driverless_ws/install/eufs_msgs:/opt/ros/foxy LD_LIBRARY_PATH=/driverless/driverless_ws/install/eufs_msgs/lib:${LD_LIBRARY_PATH} PYTHONPATH=/driverless/driverless_ws/install/eufs_msgs/lib/python3.8/site-packages:${PYTHONPATH} /usr/bin/cmake --build /driverless/driverless_ws/build/planning -- -j8 -l8
[5.921s] Level 1:colcon.colcon_core.environment:create_environment_scripts_only(planning)
[5.926s] Level 1:colcon.colcon_core.environment:checking '/driverless/driverless_ws/install/planning' for CMake module files
[5.927s] Level 1:colcon.colcon_core.environment:checking '/driverless/driverless_ws/install/planning' for CMake config files
[5.927s] Level 1:colcon.colcon_core.environment:checking '/driverless/driverless_ws/install/planning/bin'
[5.927s] Level 1:colcon.colcon_core.environment:checking '/driverless/driverless_ws/install/planning/lib/pkgconfig/planning.pc'
[5.927s] Level 1:colcon.colcon_core.environment:checking '/driverless/driverless_ws/install/planning/lib/python3.8/site-packages'
[5.927s] Level 1:colcon.colcon_core.environment:checking '/driverless/driverless_ws/install/planning/bin'
[5.931s] INFO:colcon.colcon_core.shell:Creating package script '/driverless/driverless_ws/install/planning/share/planning/package.ps1'
[5.931s] INFO:colcon.colcon_core.shell:Creating package descriptor '/driverless/driverless_ws/install/planning/share/planning/package.dsv'
[5.932s] INFO:colcon.colcon_core.shell:Creating package script '/driverless/driverless_ws/install/planning/share/planning/package.sh'
[5.932s] INFO:colcon.colcon_core.shell:Creating package script '/driverless/driverless_ws/install/planning/share/planning/package.bash'
[5.932s] INFO:colcon.colcon_core.shell:Creating package script '/driverless/driverless_ws/install/planning/share/planning/package.zsh'
[5.933s] Level 1:colcon.colcon_core.environment:create_file_with_runtime_dependencies(/driverless/driverless_ws/install/planning/share/colcon-core/packages/planning)
[5.943s] DEBUG:colcon.colcon_parallel_executor.executor.parallel:closing loop
[5.943s] DEBUG:colcon.colcon_parallel_executor.executor.parallel:loop closed
[5.944s] DEBUG:colcon.colcon_parallel_executor.executor.parallel:run_until_complete finished with '2'
[5.944s] DEBUG:colcon.colcon_core.event_reactor:joining thread
[5.952s] INFO:colcon.colcon_core.plugin_system:Skipping extension 'colcon_notification.desktop_notification.notify_send': Could not find 'notify-send'
[5.952s] INFO:colcon.colcon_core.plugin_system:Skipping extension 'colcon_notification.desktop_notification.terminal_notifier': Not used on non-Darwin systems
[5.952s] INFO:colcon.colcon_core.plugin_system:Skipping extension 'colcon_notification.desktop_notification.win32': Not used on non-Windows systems
[5.952s] INFO:colcon.colcon_notification.desktop_notification:Sending desktop notification using 'notify2'
[5.959s] DEBUG:colcon.colcon_notification.desktop_notification.notify2:Failed to initialize notify2: org.freedesktop.DBus.Error.ServiceUnknown: The name org.freedesktop.Notifications was not provided by any .service files
[5.959s] DEBUG:colcon.colcon_core.event_reactor:joined thread
[5.966s] INFO:colcon.colcon_core.shell:Creating prefix script '/driverless/driverless_ws/install/local_setup.ps1'
[5.967s] INFO:colcon.colcon_core.shell:Creating prefix util module '/driverless/driverless_ws/install/_local_setup_util_ps1.py'
[5.968s] INFO:colcon.colcon_core.shell:Creating prefix chain script '/driverless/driverless_ws/install/setup.ps1'
[5.973s] INFO:colcon.colcon_core.shell:Creating prefix script '/driverless/driverless_ws/install/local_setup.sh'
[5.974s] INFO:colcon.colcon_core.shell:Creating prefix util module '/driverless/driverless_ws/install/_local_setup_util_sh.py'
[5.974s] INFO:colcon.colcon_core.shell:Creating prefix chain script '/driverless/driverless_ws/install/setup.sh'
[5.978s] INFO:colcon.colcon_core.shell:Creating prefix script '/driverless/driverless_ws/install/local_setup.bash'
[5.978s] INFO:colcon.colcon_core.shell:Creating prefix chain script '/driverless/driverless_ws/install/setup.bash'
[5.982s] INFO:colcon.colcon_core.shell:Creating prefix script '/driverless/driverless_ws/install/local_setup.zsh'
[5.983s] INFO:colcon.colcon_core.shell:Creating prefix chain script '/driverless/driverless_ws/install/setup.zsh'
