[0.091s] Invoking command in '/driverless/driverless_ws/build/collection': CMAKE_PREFIX_PATH=/opt/ros/foxy /usr/bin/cmake --build /driverless/driverless_ws/build/collection -- -j8 -l8
[0.136s] Invoked command in '/driverless/driverless_ws/build/collection' returned '0': CMAKE_PREFIX_PATH=/opt/ros/foxy /usr/bin/cmake --build /driverless/driverless_ws/build/collection -- -j8 -l8
[0.189s] Invoking command in '/driverless/driverless_ws/build/collection': CMAKE_PREFIX_PATH=/opt/ros/foxy /usr/bin/cmake --install /driverless/driverless_ws/build/collection
[0.197s] -- Install configuration: ""
[0.198s] -- Execute custom install script
[0.198s] -- Up-to-date symlink: /driverless/driverless_ws/install/collection/share/ament_index/resource_index/package_run_dependencies/collection
[0.199s] -- Up-to-date symlink: /driverless/driverless_ws/install/collection/share/ament_index/resource_index/parent_prefix_path/collection
[0.199s] -- Up-to-date symlink: /driverless/driverless_ws/install/collection/share/collection/environment/ament_prefix_path.sh
[0.200s] -- Up-to-date symlink: /driverless/driverless_ws/install/collection/share/collection/environment/ament_prefix_path.dsv
[0.200s] -- Up-to-date symlink: /driverless/driverless_ws/install/collection/share/collection/environment/path.sh
[0.200s] -- Up-to-date symlink: /driverless/driverless_ws/install/collection/share/collection/environment/path.dsv
[0.201s] -- Up-to-date symlink: /driverless/driverless_ws/install/collection/share/collection/local_setup.bash
[0.201s] -- Up-to-date symlink: /driverless/driverless_ws/install/collection/share/collection/local_setup.sh
[0.201s] -- Up-to-date symlink: /driverless/driverless_ws/install/collection/share/collection/local_setup.zsh
[0.202s] -- Up-to-date symlink: /driverless/driverless_ws/install/collection/share/collection/local_setup.dsv
[0.202s] -- Symlinking: /driverless/driverless_ws/install/collection/share/collection/package.dsv
[0.213s] -- Up-to-date symlink: /driverless/driverless_ws/install/collection/share/ament_index/resource_index/packages/collection
[0.213s] -- Up-to-date symlink: /driverless/driverless_ws/install/collection/share/collection/cmake/collectionConfig.cmake
[0.214s] -- Up-to-date symlink: /driverless/driverless_ws/install/collection/share/collection/cmake/collectionConfig-version.cmake
[0.214s] -- Up-to-date symlink: /driverless/driverless_ws/install/collection/share/collection/package.xml
[0.251s] Invoked command in '/driverless/driverless_ws/build/collection' returned '0': CMAKE_PREFIX_PATH=/opt/ros/foxy /usr/bin/cmake --install /driverless/driverless_ws/build/collection
