[0.086s] Invoking command in '/driverless/driverless_ws/build/common': CMAKE_PREFIX_PATH=/opt/ros/foxy /usr/bin/cmake --build /driverless/driverless_ws/build/common -- -j8 -l8
[0.143s] Invoked command in '/driverless/driverless_ws/build/common' returned '0': CMAKE_PREFIX_PATH=/opt/ros/foxy /usr/bin/cmake --build /driverless/driverless_ws/build/common -- -j8 -l8
[0.188s] Invoking command in '/driverless/driverless_ws/build/common': CMAKE_PREFIX_PATH=/opt/ros/foxy /usr/bin/cmake --install /driverless/driverless_ws/build/common
[0.227s] -- Install configuration: ""
[0.228s] -- Execute custom install script
[0.229s] -- Up-to-date symlink: /driverless/driverless_ws/install/common/share/ament_index/resource_index/package_run_dependencies/common
[0.230s] -- Up-to-date symlink: /driverless/driverless_ws/install/common/share/ament_index/resource_index/parent_prefix_path/common
[0.231s] -- Up-to-date symlink: /driverless/driverless_ws/install/common/share/common/environment/ament_prefix_path.sh
[0.238s] -- Up-to-date symlink: /driverless/driverless_ws/install/common/share/common/environment/ament_prefix_path.dsv
[0.238s] -- Up-to-date symlink: /driverless/driverless_ws/install/common/share/common/environment/path.sh
[0.238s] -- Up-to-date symlink: /driverless/driverless_ws/install/common/share/common/environment/path.dsv
[0.239s] -- Up-to-date symlink: /driverless/driverless_ws/install/common/share/common/local_setup.bash
[0.239s] -- Up-to-date symlink: /driverless/driverless_ws/install/common/share/common/local_setup.sh
[0.239s] -- Up-to-date symlink: /driverless/driverless_ws/install/common/share/common/local_setup.zsh
[0.239s] -- Up-to-date symlink: /driverless/driverless_ws/install/common/share/common/local_setup.dsv
[0.239s] -- Symlinking: /driverless/driverless_ws/install/common/share/common/package.dsv
[0.244s] -- Up-to-date symlink: /driverless/driverless_ws/install/common/share/ament_index/resource_index/packages/common
[0.244s] -- Up-to-date symlink: /driverless/driverless_ws/install/common/share/common/cmake/commonConfig.cmake
[0.244s] -- Up-to-date symlink: /driverless/driverless_ws/install/common/share/common/cmake/commonConfig-version.cmake
[0.244s] -- Up-to-date symlink: /driverless/driverless_ws/install/common/share/common/package.xml
[0.298s] Invoked command in '/driverless/driverless_ws/build/common' returned '0': CMAKE_PREFIX_PATH=/opt/ros/foxy /usr/bin/cmake --install /driverless/driverless_ws/build/common
