/home/dale/driverless/driverless_ws/src/install/perceptions/lib/python3.8/site-packages/perceptions/PredictNode.py
/home/dale/driverless/driverless_ws/src/install/perceptions/lib/python3.8/site-packages/perceptions/StereoNode.py
/home/dale/driverless/driverless_ws/src/install/perceptions/lib/python3.8/site-packages/perceptions/conversions.py
/home/dale/driverless/driverless_ws/src/install/perceptions/lib/python3.8/site-packages/perceptions/LidarNode.py
/home/dale/driverless/driverless_ws/src/install/perceptions/lib/python3.8/site-packages/perceptions/__init__.py
/home/dale/driverless/driverless_ws/src/install/perceptions/lib/python3.8/site-packages/perceptions/DataNode.py
/home/dale/driverless/driverless_ws/src/install/perceptions/lib/python3.8/site-packages/perceptions/ros/predictors/StereoNode.py
/home/dale/driverless/driverless_ws/src/install/perceptions/lib/python3.8/site-packages/perceptions/ros/predictors/LidarNode.py
/home/dale/driverless/driverless_ws/src/install/perceptions/lib/python3.8/site-packages/perceptions/ros/utils/PredictNode.py
/home/dale/driverless/driverless_ws/src/install/perceptions/lib/python3.8/site-packages/perceptions/ros/utils/FileNode.py
/home/dale/driverless/driverless_ws/src/install/perceptions/lib/python3.8/site-packages/perceptions/ros/utils/conversions.py
/home/dale/driverless/driverless_ws/src/install/perceptions/lib/python3.8/site-packages/perceptions/ros/utils/DataNode.py
/home/dale/driverless/driverless_ws/src/install/perceptions/lib/python3.8/site-packages/perceptions/__pycache__/PredictNode.cpython-38.pyc
/home/dale/driverless/driverless_ws/src/install/perceptions/lib/python3.8/site-packages/perceptions/__pycache__/StereoNode.cpython-38.pyc
/home/dale/driverless/driverless_ws/src/install/perceptions/lib/python3.8/site-packages/perceptions/__pycache__/conversions.cpython-38.pyc
/home/dale/driverless/driverless_ws/src/install/perceptions/lib/python3.8/site-packages/perceptions/__pycache__/LidarNode.cpython-38.pyc
/home/dale/driverless/driverless_ws/src/install/perceptions/lib/python3.8/site-packages/perceptions/__pycache__/__init__.cpython-38.pyc
/home/dale/driverless/driverless_ws/src/install/perceptions/lib/python3.8/site-packages/perceptions/__pycache__/DataNode.cpython-38.pyc
/home/dale/driverless/driverless_ws/src/install/perceptions/lib/python3.8/site-packages/perceptions/ros/predictors/__pycache__/StereoNode.cpython-38.pyc
/home/dale/driverless/driverless_ws/src/install/perceptions/lib/python3.8/site-packages/perceptions/ros/predictors/__pycache__/LidarNode.cpython-38.pyc
/home/dale/driverless/driverless_ws/src/install/perceptions/lib/python3.8/site-packages/perceptions/ros/utils/__pycache__/PredictNode.cpython-38.pyc
/home/dale/driverless/driverless_ws/src/install/perceptions/lib/python3.8/site-packages/perceptions/ros/utils/__pycache__/FileNode.cpython-38.pyc
/home/dale/driverless/driverless_ws/src/install/perceptions/lib/python3.8/site-packages/perceptions/ros/utils/__pycache__/conversions.cpython-38.pyc
/home/dale/driverless/driverless_ws/src/install/perceptions/lib/python3.8/site-packages/perceptions/ros/utils/__pycache__/DataNode.cpython-38.pyc
/home/dale/driverless/driverless_ws/src/install/perceptions/share/ament_index/resource_index/packages/perceptions
/home/dale/driverless/driverless_ws/src/install/perceptions/share/perceptions/package.xml
/home/dale/driverless/driverless_ws/src/install/perceptions/lib/python3.8/site-packages/perceptions-0.0.0-py3.8.egg-info/dependency_links.txt
/home/dale/driverless/driverless_ws/src/install/perceptions/lib/python3.8/site-packages/perceptions-0.0.0-py3.8.egg-info/top_level.txt
/home/dale/driverless/driverless_ws/src/install/perceptions/lib/python3.8/site-packages/perceptions-0.0.0-py3.8.egg-info/entry_points.txt
/home/dale/driverless/driverless_ws/src/install/perceptions/lib/python3.8/site-packages/perceptions-0.0.0-py3.8.egg-info/PKG-INFO
/home/dale/driverless/driverless_ws/src/install/perceptions/lib/python3.8/site-packages/perceptions-0.0.0-py3.8.egg-info/requires.txt
/home/dale/driverless/driverless_ws/src/install/perceptions/lib/python3.8/site-packages/perceptions-0.0.0-py3.8.egg-info/SOURCES.txt
/home/dale/driverless/driverless_ws/src/install/perceptions/lib/python3.8/site-packages/perceptions-0.0.0-py3.8.egg-info/zip-safe
/home/dale/driverless/driverless_ws/src/install/perceptions/lib/perceptions/data_node
/home/dale/driverless/driverless_ws/src/install/perceptions/lib/perceptions/file_node
/home/dale/driverless/driverless_ws/src/install/perceptions/lib/perceptions/lidar_node
/home/dale/driverless/driverless_ws/src/install/perceptions/lib/perceptions/stereo_node
