[0.366s] DEBUG:colcon:Command line arguments: ['/home/griffin/.local/bin/colcon', 'build', '--cmake-args', '-DCMAKE_EXPORT_COMPILE_COMMANDS=ON', '-G', 'Ninja']
[0.366s] DEBUG:colcon:Parsed command line arguments: Namespace(ament_cmake_args=None, base_paths=['.'], build_base='build', catkin_cmake_args=None, catkin_skip_building_tests=False, cmake_args=['-DCMAKE_EXPORT_COMPILE_COMMANDS=ON', '-G', 'Ninja'], cmake_clean_cache=False, cmake_clean_first=False, cmake_force_configure=False, cmake_target=None, cmake_target_skip_unavailable=False, continue_on_error=False, event_handlers=None, executor='parallel', ignore_user_meta=False, install_base='install', log_base=None, log_level=None, main=<bound method BuildVerb.main of <colcon_core.verb.build.BuildVerb object at 0x7f53c416cfd0>>, merge_install=False, metas=['./colcon.meta'], packages_above=None, packages_above_and_dependencies=None, packages_above_depth=None, packages_end=None, packages_ignore=None, packages_ignore_regex=None, packages_select=None, packages_select_build_failed=False, packages_select_by_dep=None, packages_select_regex=None, packages_select_test_failures=False, packages_skip=None, packages_skip_build_finished=False, packages_skip_by_dep=None, packages_skip_regex=None, packages_skip_test_passed=False, packages_skip_up_to=None, packages_start=None, packages_up_to=None, packages_up_to_regex=None, parallel_workers=12, paths=None, symlink_install=False, test_result_base=None, verb_extension=<colcon_core.verb.build.BuildVerb object at 0x7f53c416cfd0>, verb_name='build', verb_parser=<colcon_defaults.argument_parser.defaults.DefaultArgumentsDecorator object at 0x7f53c4178490>)
[0.389s] Level 1:colcon.colcon_core.package_discovery:discover_packages(colcon_meta) check parameters
[0.389s] Level 1:colcon.colcon_core.package_discovery:discover_packages(recursive) check parameters
[0.389s] Level 1:colcon.colcon_core.package_discovery:discover_packages(ignore) check parameters
[0.389s] Level 1:colcon.colcon_core.package_discovery:discover_packages(path) check parameters
[0.389s] Level 1:colcon.colcon_core.package_discovery:discover_packages(colcon_meta) discover
[0.389s] Level 1:colcon.colcon_core.package_discovery:discover_packages(recursive) discover
[0.389s] INFO:colcon.colcon_core.package_discovery:Crawling recursively for packages in '/home/griffin/driverless/driverless_ws'
[0.389s] Level 1:colcon.colcon_core.package_identification:_identify(.) by extensions ['ignore', 'ignore_ament_install']
[0.389s] Level 1:colcon.colcon_core.package_identification:_identify(.) by extension 'ignore'
[0.389s] Level 1:colcon.colcon_core.package_identification:_identify(.) by extension 'ignore_ament_install'
[0.389s] Level 1:colcon.colcon_core.package_identification:_identify(.) by extensions ['colcon_pkg']
[0.389s] Level 1:colcon.colcon_core.package_identification:_identify(.) by extension 'colcon_pkg'
[0.389s] Level 1:colcon.colcon_core.package_identification:_identify(.) by extensions ['colcon_meta']
[0.389s] Level 1:colcon.colcon_core.package_identification:_identify(.) by extension 'colcon_meta'
[0.389s] Level 1:colcon.colcon_core.package_identification:_identify(.) by extensions ['ros']
[0.390s] Level 1:colcon.colcon_core.package_identification:_identify(.) by extension 'ros'
[0.405s] Level 1:colcon.colcon_core.package_identification:_identify(.) by extensions ['cmake', 'python']
[0.406s] Level 1:colcon.colcon_core.package_identification:_identify(.) by extension 'cmake'
[0.406s] Level 1:colcon.colcon_core.package_identification:_identify(.) by extension 'python'
[0.406s] Level 1:colcon.colcon_core.package_identification:_identify(.) by extensions ['python_setup_py']
[0.406s] Level 1:colcon.colcon_core.package_identification:_identify(.) by extension 'python_setup_py'
[0.406s] Level 1:colcon.colcon_core.package_identification:_identify(build) by extensions ['ignore', 'ignore_ament_install']
[0.406s] Level 1:colcon.colcon_core.package_identification:_identify(build) by extension 'ignore'
[0.406s] Level 1:colcon.colcon_core.package_identification:_identify(build) ignored
[0.406s] Level 1:colcon.colcon_core.package_identification:_identify(install) by extensions ['ignore', 'ignore_ament_install']
[0.406s] Level 1:colcon.colcon_core.package_identification:_identify(install) by extension 'ignore'
[0.406s] Level 1:colcon.colcon_core.package_identification:_identify(install) ignored
[0.406s] Level 1:colcon.colcon_core.package_identification:_identify(log) by extensions ['ignore', 'ignore_ament_install']
[0.406s] Level 1:colcon.colcon_core.package_identification:_identify(log) by extension 'ignore'
[0.406s] Level 1:colcon.colcon_core.package_identification:_identify(log) ignored
[0.406s] Level 1:colcon.colcon_core.package_identification:_identify(src) by extensions ['ignore', 'ignore_ament_install']
[0.406s] Level 1:colcon.colcon_core.package_identification:_identify(src) by extension 'ignore'
[0.406s] Level 1:colcon.colcon_core.package_identification:_identify(src) by extension 'ignore_ament_install'
[0.406s] Level 1:colcon.colcon_core.package_identification:_identify(src) by extensions ['colcon_pkg']
[0.406s] Level 1:colcon.colcon_core.package_identification:_identify(src) by extension 'colcon_pkg'
[0.406s] Level 1:colcon.colcon_core.package_identification:_identify(src) by extensions ['colcon_meta']
[0.406s] Level 1:colcon.colcon_core.package_identification:_identify(src) by extension 'colcon_meta'
[0.406s] Level 1:colcon.colcon_core.package_identification:_identify(src) by extensions ['ros']
[0.407s] Level 1:colcon.colcon_core.package_identification:_identify(src) by extension 'ros'
[0.407s] Level 1:colcon.colcon_core.package_identification:_identify(src) by extensions ['cmake', 'python']
[0.407s] Level 1:colcon.colcon_core.package_identification:_identify(src) by extension 'cmake'
[0.407s] Level 1:colcon.colcon_core.package_identification:_identify(src) by extension 'python'
[0.407s] Level 1:colcon.colcon_core.package_identification:_identify(src) by extensions ['python_setup_py']
[0.407s] Level 1:colcon.colcon_core.package_identification:_identify(src) by extension 'python_setup_py'
[0.407s] Level 1:colcon.colcon_core.package_identification:_identify(src/actuators) by extensions ['ignore', 'ignore_ament_install']
[0.407s] Level 1:colcon.colcon_core.package_identification:_identify(src/actuators) by extension 'ignore'
[0.407s] Level 1:colcon.colcon_core.package_identification:_identify(src/actuators) by extension 'ignore_ament_install'
[0.407s] Level 1:colcon.colcon_core.package_identification:_identify(src/actuators) by extensions ['colcon_pkg']
[0.407s] Level 1:colcon.colcon_core.package_identification:_identify(src/actuators) by extension 'colcon_pkg'
[0.407s] Level 1:colcon.colcon_core.package_identification:_identify(src/actuators) by extensions ['colcon_meta']
[0.407s] Level 1:colcon.colcon_core.package_identification:_identify(src/actuators) by extension 'colcon_meta'
[0.407s] Level 1:colcon.colcon_core.package_identification:_identify(src/actuators) by extensions ['ros']
[0.407s] Level 1:colcon.colcon_core.package_identification:_identify(src/actuators) by extension 'ros'
[0.409s] DEBUG:colcon.colcon_core.package_identification:Package 'src/actuators' with type 'ros.ament_cmake' and name 'actuators'
[0.409s] Level 1:colcon.colcon_core.package_identification:_identify(src/build) by extensions ['ignore', 'ignore_ament_install']
[0.409s] Level 1:colcon.colcon_core.package_identification:_identify(src/build) by extension 'ignore'
[0.409s] Level 1:colcon.colcon_core.package_identification:_identify(src/build) ignored
[0.409s] Level 1:colcon.colcon_core.package_identification:_identify(src/collection) by extensions ['ignore', 'ignore_ament_install']
[0.409s] Level 1:colcon.colcon_core.package_identification:_identify(src/collection) by extension 'ignore'
[0.409s] Level 1:colcon.colcon_core.package_identification:_identify(src/collection) by extension 'ignore_ament_install'
[0.409s] Level 1:colcon.colcon_core.package_identification:_identify(src/collection) by extensions ['colcon_pkg']
[0.409s] Level 1:colcon.colcon_core.package_identification:_identify(src/collection) by extension 'colcon_pkg'
[0.409s] Level 1:colcon.colcon_core.package_identification:_identify(src/collection) by extensions ['colcon_meta']
[0.409s] Level 1:colcon.colcon_core.package_identification:_identify(src/collection) by extension 'colcon_meta'
[0.409s] Level 1:colcon.colcon_core.package_identification:_identify(src/collection) by extensions ['ros']
[0.409s] Level 1:colcon.colcon_core.package_identification:_identify(src/collection) by extension 'ros'
[0.409s] DEBUG:colcon.colcon_core.package_identification:Package 'src/collection' with type 'ros.ament_cmake' and name 'collection'
[0.409s] Level 1:colcon.colcon_core.package_identification:_identify(src/common) by extensions ['ignore', 'ignore_ament_install']
[0.410s] Level 1:colcon.colcon_core.package_identification:_identify(src/common) by extension 'ignore'
[0.410s] Level 1:colcon.colcon_core.package_identification:_identify(src/common) by extension 'ignore_ament_install'
[0.410s] Level 1:colcon.colcon_core.package_identification:_identify(src/common) by extensions ['colcon_pkg']
[0.410s] Level 1:colcon.colcon_core.package_identification:_identify(src/common) by extension 'colcon_pkg'
[0.410s] Level 1:colcon.colcon_core.package_identification:_identify(src/common) by extensions ['colcon_meta']
[0.410s] Level 1:colcon.colcon_core.package_identification:_identify(src/common) by extension 'colcon_meta'
[0.410s] Level 1:colcon.colcon_core.package_identification:_identify(src/common) by extensions ['ros']
[0.410s] Level 1:colcon.colcon_core.package_identification:_identify(src/common) by extension 'ros'
[0.410s] DEBUG:colcon.colcon_core.package_identification:Package 'src/common' with type 'ros.ament_cmake' and name 'common'
[0.410s] Level 1:colcon.colcon_core.package_identification:_identify(src/controls) by extensions ['ignore', 'ignore_ament_install']
[0.410s] Level 1:colcon.colcon_core.package_identification:_identify(src/controls) by extension 'ignore'
[0.410s] Level 1:colcon.colcon_core.package_identification:_identify(src/controls) by extension 'ignore_ament_install'
[0.410s] Level 1:colcon.colcon_core.package_identification:_identify(src/controls) by extensions ['colcon_pkg']
[0.410s] Level 1:colcon.colcon_core.package_identification:_identify(src/controls) by extension 'colcon_pkg'
[0.410s] Level 1:colcon.colcon_core.package_identification:_identify(src/controls) by extensions ['colcon_meta']
[0.410s] Level 1:colcon.colcon_core.package_identification:_identify(src/controls) by extension 'colcon_meta'
[0.411s] Level 1:colcon.colcon_core.package_identification:_identify(src/controls) by extensions ['ros']
[0.411s] Level 1:colcon.colcon_core.package_identification:_identify(src/controls) by extension 'ros'
[0.411s] DEBUG:colcon.colcon_core.package_identification:Package 'src/controls' with type 'ros.ament_cmake' and name 'controls'
[0.411s] Level 1:colcon.colcon_core.package_identification:_identify(src/eufs_msgs) by extensions ['ignore', 'ignore_ament_install']
[0.411s] Level 1:colcon.colcon_core.package_identification:_identify(src/eufs_msgs) by extension 'ignore'
[0.411s] Level 1:colcon.colcon_core.package_identification:_identify(src/eufs_msgs) by extension 'ignore_ament_install'
[0.411s] Level 1:colcon.colcon_core.package_identification:_identify(src/eufs_msgs) by extensions ['colcon_pkg']
[0.411s] Level 1:colcon.colcon_core.package_identification:_identify(src/eufs_msgs) by extension 'colcon_pkg'
[0.411s] Level 1:colcon.colcon_core.package_identification:_identify(src/eufs_msgs) by extensions ['colcon_meta']
[0.411s] Level 1:colcon.colcon_core.package_identification:_identify(src/eufs_msgs) by extension 'colcon_meta'
[0.411s] Level 1:colcon.colcon_core.package_identification:_identify(src/eufs_msgs) by extensions ['ros']
[0.411s] Level 1:colcon.colcon_core.package_identification:_identify(src/eufs_msgs) by extension 'ros'
[0.411s] Level 1:colcon.colcon_core.package_identification:_identify(src/eufs_msgs) by extensions ['cmake', 'python']
[0.411s] Level 1:colcon.colcon_core.package_identification:_identify(src/eufs_msgs) by extension 'cmake'
[0.412s] Level 1:colcon.colcon_core.package_identification:_identify(src/eufs_msgs) by extension 'python'
[0.412s] Level 1:colcon.colcon_core.package_identification:_identify(src/eufs_msgs) by extensions ['python_setup_py']
[0.412s] Level 1:colcon.colcon_core.package_identification:_identify(src/eufs_msgs) by extension 'python_setup_py'
[0.412s] Level 1:colcon.colcon_core.package_identification:_identify(src/install) by extensions ['ignore', 'ignore_ament_install']
[0.412s] Level 1:colcon.colcon_core.package_identification:_identify(src/install) by extension 'ignore'
[0.412s] Level 1:colcon.colcon_core.package_identification:_identify(src/install) ignored
[0.412s] Level 1:colcon.colcon_core.package_identification:_identify(src/interfaces) by extensions ['ignore', 'ignore_ament_install']
[0.412s] Level 1:colcon.colcon_core.package_identification:_identify(src/interfaces) by extension 'ignore'
[0.412s] Level 1:colcon.colcon_core.package_identification:_identify(src/interfaces) by extension 'ignore_ament_install'
[0.412s] Level 1:colcon.colcon_core.package_identification:_identify(src/interfaces) by extensions ['colcon_pkg']
[0.412s] Level 1:colcon.colcon_core.package_identification:_identify(src/interfaces) by extension 'colcon_pkg'
[0.412s] Level 1:colcon.colcon_core.package_identification:_identify(src/interfaces) by extensions ['colcon_meta']
[0.412s] Level 1:colcon.colcon_core.package_identification:_identify(src/interfaces) by extension 'colcon_meta'
[0.412s] Level 1:colcon.colcon_core.package_identification:_identify(src/interfaces) by extensions ['ros']
[0.412s] Level 1:colcon.colcon_core.package_identification:_identify(src/interfaces) by extension 'ros'
[0.412s] DEBUG:colcon.colcon_core.package_identification:Package 'src/interfaces' with type 'ros.ament_cmake' and name 'interfaces'
[0.413s] Level 1:colcon.colcon_core.package_identification:_identify(src/log) by extensions ['ignore', 'ignore_ament_install']
[0.413s] Level 1:colcon.colcon_core.package_identification:_identify(src/log) by extension 'ignore'
[0.413s] Level 1:colcon.colcon_core.package_identification:_identify(src/log) ignored
[0.413s] Level 1:colcon.colcon_core.package_identification:_identify(src/perceptions) by extensions ['ignore', 'ignore_ament_install']
[0.413s] Level 1:colcon.colcon_core.package_identification:_identify(src/perceptions) by extension 'ignore'
[0.413s] Level 1:colcon.colcon_core.package_identification:_identify(src/perceptions) by extension 'ignore_ament_install'
[0.413s] Level 1:colcon.colcon_core.package_identification:_identify(src/perceptions) by extensions ['colcon_pkg']
[0.413s] Level 1:colcon.colcon_core.package_identification:_identify(src/perceptions) by extension 'colcon_pkg'
[0.413s] Level 1:colcon.colcon_core.package_identification:_identify(src/perceptions) by extensions ['colcon_meta']
[0.413s] Level 1:colcon.colcon_core.package_identification:_identify(src/perceptions) by extension 'colcon_meta'
[0.413s] Level 1:colcon.colcon_core.package_identification:_identify(src/perceptions) by extensions ['ros']
[0.413s] Level 1:colcon.colcon_core.package_identification:_identify(src/perceptions) by extension 'ros'
[0.413s] DEBUG:colcon.colcon_core.package_identification:Package 'src/perceptions' with type 'ros.ament_cmake' and name 'perceptions'
[0.413s] Level 1:colcon.colcon_core.package_identification:_identify(src/planning) by extensions ['ignore', 'ignore_ament_install']
[0.414s] Level 1:colcon.colcon_core.package_identification:_identify(src/planning) by extension 'ignore'
[0.414s] Level 1:colcon.colcon_core.package_identification:_identify(src/planning) by extension 'ignore_ament_install'
[0.414s] Level 1:colcon.colcon_core.package_identification:_identify(src/planning) by extensions ['colcon_pkg']
[0.414s] Level 1:colcon.colcon_core.package_identification:_identify(src/planning) by extension 'colcon_pkg'
[0.414s] Level 1:colcon.colcon_core.package_identification:_identify(src/planning) by extensions ['colcon_meta']
[0.414s] Level 1:colcon.colcon_core.package_identification:_identify(src/planning) by extension 'colcon_meta'
[0.414s] Level 1:colcon.colcon_core.package_identification:_identify(src/planning) by extensions ['ros']
[0.414s] Level 1:colcon.colcon_core.package_identification:_identify(src/planning) by extension 'ros'
[0.414s] DEBUG:colcon.colcon_core.package_identification:Package 'src/planning' with type 'ros.ament_cmake' and name 'planning'
[0.414s] Level 1:colcon.colcon_core.package_discovery:discover_packages(recursive) using defaults
[0.414s] Level 1:colcon.colcon_core.package_discovery:discover_packages(ignore) discover
[0.414s] Level 1:colcon.colcon_core.package_discovery:discover_packages(ignore) using defaults
[0.414s] Level 1:colcon.colcon_core.package_discovery:discover_packages(path) discover
[0.414s] Level 1:colcon.colcon_core.package_discovery:discover_packages(path) using defaults
[0.443s] Level 5:colcon.colcon_core.verb:set package 'actuators' build argument 'cmake_args' from command line to '['-DCMAKE_EXPORT_COMPILE_COMMANDS=ON', '-G', 'Ninja']'
[0.443s] Level 5:colcon.colcon_core.verb:set package 'actuators' build argument 'cmake_target' from command line to 'None'
[0.443s] Level 5:colcon.colcon_core.verb:set package 'actuators' build argument 'cmake_target_skip_unavailable' from command line to 'False'
[0.443s] Level 5:colcon.colcon_core.verb:set package 'actuators' build argument 'cmake_clean_cache' from command line to 'False'
[0.443s] Level 5:colcon.colcon_core.verb:set package 'actuators' build argument 'cmake_clean_first' from command line to 'False'
[0.443s] Level 5:colcon.colcon_core.verb:set package 'actuators' build argument 'cmake_force_configure' from command line to 'False'
[0.443s] Level 5:colcon.colcon_core.verb:set package 'actuators' build argument 'ament_cmake_args' from command line to 'None'
[0.443s] Level 5:colcon.colcon_core.verb:set package 'actuators' build argument 'catkin_cmake_args' from command line to 'None'
[0.443s] Level 5:colcon.colcon_core.verb:set package 'actuators' build argument 'catkin_skip_building_tests' from command line to 'False'
[0.443s] DEBUG:colcon.colcon_core.verb:Building package 'actuators' with the following arguments: {'ament_cmake_args': None, 'build_base': '/home/griffin/driverless/driverless_ws/build/actuators', 'catkin_cmake_args': None, 'catkin_skip_building_tests': False, 'cmake_args': ['-DCMAKE_EXPORT_COMPILE_COMMANDS=ON', '-G', 'Ninja'], 'cmake_clean_cache': False, 'cmake_clean_first': False, 'cmake_force_configure': False, 'cmake_target': None, 'cmake_target_skip_unavailable': False, 'install_base': '/home/griffin/driverless/driverless_ws/install/actuators', 'merge_install': False, 'path': '/home/griffin/driverless/driverless_ws/src/actuators', 'symlink_install': False, 'test_result_base': None}
[0.448s] Level 5:colcon.colcon_core.verb:set package 'collection' build argument 'cmake_args' from command line to '['-DCMAKE_EXPORT_COMPILE_COMMANDS=ON', '-G', 'Ninja']'
[0.448s] Level 5:colcon.colcon_core.verb:set package 'collection' build argument 'cmake_target' from command line to 'None'
[0.448s] Level 5:colcon.colcon_core.verb:set package 'collection' build argument 'cmake_target_skip_unavailable' from command line to 'False'
[0.448s] Level 5:colcon.colcon_core.verb:set package 'collection' build argument 'cmake_clean_cache' from command line to 'False'
[0.448s] Level 5:colcon.colcon_core.verb:set package 'collection' build argument 'cmake_clean_first' from command line to 'False'
[0.448s] Level 5:colcon.colcon_core.verb:set package 'collection' build argument 'cmake_force_configure' from command line to 'False'
[0.448s] Level 5:colcon.colcon_core.verb:set package 'collection' build argument 'ament_cmake_args' from command line to 'None'
[0.448s] Level 5:colcon.colcon_core.verb:set package 'collection' build argument 'catkin_cmake_args' from command line to 'None'
[0.448s] Level 5:colcon.colcon_core.verb:set package 'collection' build argument 'catkin_skip_building_tests' from command line to 'False'
[0.449s] DEBUG:colcon.colcon_core.verb:Building package 'collection' with the following arguments: {'ament_cmake_args': None, 'build_base': '/home/griffin/driverless/driverless_ws/build/collection', 'catkin_cmake_args': None, 'catkin_skip_building_tests': False, 'cmake_args': ['-DCMAKE_EXPORT_COMPILE_COMMANDS=ON', '-G', 'Ninja'], 'cmake_clean_cache': False, 'cmake_clean_first': False, 'cmake_force_configure': False, 'cmake_target': None, 'cmake_target_skip_unavailable': False, 'install_base': '/home/griffin/driverless/driverless_ws/install/collection', 'merge_install': False, 'path': '/home/griffin/driverless/driverless_ws/src/collection', 'symlink_install': False, 'test_result_base': None}
[0.454s] Level 5:colcon.colcon_core.verb:set package 'common' build argument 'cmake_args' from command line to '['-DCMAKE_EXPORT_COMPILE_COMMANDS=ON', '-G', 'Ninja']'
[0.454s] Level 5:colcon.colcon_core.verb:set package 'common' build argument 'cmake_target' from command line to 'None'
[0.454s] Level 5:colcon.colcon_core.verb:set package 'common' build argument 'cmake_target_skip_unavailable' from command line to 'False'
[0.454s] Level 5:colcon.colcon_core.verb:set package 'common' build argument 'cmake_clean_cache' from command line to 'False'
[0.454s] Level 5:colcon.colcon_core.verb:set package 'common' build argument 'cmake_clean_first' from command line to 'False'
[0.454s] Level 5:colcon.colcon_core.verb:set package 'common' build argument 'cmake_force_configure' from command line to 'False'
[0.454s] Level 5:colcon.colcon_core.verb:set package 'common' build argument 'ament_cmake_args' from command line to 'None'
[0.454s] Level 5:colcon.colcon_core.verb:set package 'common' build argument 'catkin_cmake_args' from command line to 'None'
[0.454s] Level 5:colcon.colcon_core.verb:set package 'common' build argument 'catkin_skip_building_tests' from command line to 'False'
[0.454s] DEBUG:colcon.colcon_core.verb:Building package 'common' with the following arguments: {'ament_cmake_args': None, 'build_base': '/home/griffin/driverless/driverless_ws/build/common', 'catkin_cmake_args': None, 'catkin_skip_building_tests': False, 'cmake_args': ['-DCMAKE_EXPORT_COMPILE_COMMANDS=ON', '-G', 'Ninja'], 'cmake_clean_cache': False, 'cmake_clean_first': False, 'cmake_force_configure': False, 'cmake_target': None, 'cmake_target_skip_unavailable': False, 'install_base': '/home/griffin/driverless/driverless_ws/install/common', 'merge_install': False, 'path': '/home/griffin/driverless/driverless_ws/src/common', 'symlink_install': False, 'test_result_base': None}
[0.460s] Level 5:colcon.colcon_core.verb:set package 'controls' build argument 'cmake_args' from command line to '['-DCMAKE_EXPORT_COMPILE_COMMANDS=ON', '-G', 'Ninja']'
[0.460s] Level 5:colcon.colcon_core.verb:set package 'controls' build argument 'cmake_target' from command line to 'None'
[0.460s] Level 5:colcon.colcon_core.verb:set package 'controls' build argument 'cmake_target_skip_unavailable' from command line to 'False'
[0.460s] Level 5:colcon.colcon_core.verb:set package 'controls' build argument 'cmake_clean_cache' from command line to 'False'
[0.460s] Level 5:colcon.colcon_core.verb:set package 'controls' build argument 'cmake_clean_first' from command line to 'False'
[0.460s] Level 5:colcon.colcon_core.verb:set package 'controls' build argument 'cmake_force_configure' from command line to 'False'
[0.460s] Level 5:colcon.colcon_core.verb:set package 'controls' build argument 'ament_cmake_args' from command line to 'None'
[0.460s] Level 5:colcon.colcon_core.verb:set package 'controls' build argument 'catkin_cmake_args' from command line to 'None'
[0.460s] Level 5:colcon.colcon_core.verb:set package 'controls' build argument 'catkin_skip_building_tests' from command line to 'False'
[0.460s] DEBUG:colcon.colcon_core.verb:Building package 'controls' with the following arguments: {'ament_cmake_args': None, 'build_base': '/home/griffin/driverless/driverless_ws/build/controls', 'catkin_cmake_args': None, 'catkin_skip_building_tests': False, 'cmake_args': ['-DCMAKE_EXPORT_COMPILE_COMMANDS=ON', '-G', 'Ninja'], 'cmake_clean_cache': False, 'cmake_clean_first': False, 'cmake_force_configure': False, 'cmake_target': None, 'cmake_target_skip_unavailable': False, 'install_base': '/home/griffin/driverless/driverless_ws/install/controls', 'merge_install': False, 'path': '/home/griffin/driverless/driverless_ws/src/controls', 'symlink_install': False, 'test_result_base': None}
[0.466s] Level 5:colcon.colcon_core.verb:set package 'interfaces' build argument 'cmake_args' from command line to '['-DCMAKE_EXPORT_COMPILE_COMMANDS=ON', '-G', 'Ninja']'
[0.466s] Level 5:colcon.colcon_core.verb:set package 'interfaces' build argument 'cmake_target' from command line to 'None'
[0.466s] Level 5:colcon.colcon_core.verb:set package 'interfaces' build argument 'cmake_target_skip_unavailable' from command line to 'False'
[0.466s] Level 5:colcon.colcon_core.verb:set package 'interfaces' build argument 'cmake_clean_cache' from command line to 'False'
[0.466s] Level 5:colcon.colcon_core.verb:set package 'interfaces' build argument 'cmake_clean_first' from command line to 'False'
[0.466s] Level 5:colcon.colcon_core.verb:set package 'interfaces' build argument 'cmake_force_configure' from command line to 'False'
[0.466s] Level 5:colcon.colcon_core.verb:set package 'interfaces' build argument 'ament_cmake_args' from command line to 'None'
[0.466s] Level 5:colcon.colcon_core.verb:set package 'interfaces' build argument 'catkin_cmake_args' from command line to 'None'
[0.466s] Level 5:colcon.colcon_core.verb:set package 'interfaces' build argument 'catkin_skip_building_tests' from command line to 'False'
[0.466s] DEBUG:colcon.colcon_core.verb:Building package 'interfaces' with the following arguments: {'ament_cmake_args': None, 'build_base': '/home/griffin/driverless/driverless_ws/build/interfaces', 'catkin_cmake_args': None, 'catkin_skip_building_tests': False, 'cmake_args': ['-DCMAKE_EXPORT_COMPILE_COMMANDS=ON', '-G', 'Ninja'], 'cmake_clean_cache': False, 'cmake_clean_first': False, 'cmake_force_configure': False, 'cmake_target': None, 'cmake_target_skip_unavailable': False, 'install_base': '/home/griffin/driverless/driverless_ws/install/interfaces', 'merge_install': False, 'path': '/home/griffin/driverless/driverless_ws/src/interfaces', 'symlink_install': False, 'test_result_base': None}
[0.472s] Level 5:colcon.colcon_core.verb:set package 'perceptions' build argument 'cmake_args' from command line to '['-DCMAKE_EXPORT_COMPILE_COMMANDS=ON', '-G', 'Ninja']'
[0.472s] Level 5:colcon.colcon_core.verb:set package 'perceptions' build argument 'cmake_target' from command line to 'None'
[0.472s] Level 5:colcon.colcon_core.verb:set package 'perceptions' build argument 'cmake_target_skip_unavailable' from command line to 'False'
[0.472s] Level 5:colcon.colcon_core.verb:set package 'perceptions' build argument 'cmake_clean_cache' from command line to 'False'
[0.472s] Level 5:colcon.colcon_core.verb:set package 'perceptions' build argument 'cmake_clean_first' from command line to 'False'
[0.472s] Level 5:colcon.colcon_core.verb:set package 'perceptions' build argument 'cmake_force_configure' from command line to 'False'
[0.472s] Level 5:colcon.colcon_core.verb:set package 'perceptions' build argument 'ament_cmake_args' from command line to 'None'
[0.472s] Level 5:colcon.colcon_core.verb:set package 'perceptions' build argument 'catkin_cmake_args' from command line to 'None'
[0.472s] Level 5:colcon.colcon_core.verb:set package 'perceptions' build argument 'catkin_skip_building_tests' from command line to 'False'
[0.472s] DEBUG:colcon.colcon_core.verb:Building package 'perceptions' with the following arguments: {'ament_cmake_args': None, 'build_base': '/home/griffin/driverless/driverless_ws/build/perceptions', 'catkin_cmake_args': None, 'catkin_skip_building_tests': False, 'cmake_args': ['-DCMAKE_EXPORT_COMPILE_COMMANDS=ON', '-G', 'Ninja'], 'cmake_clean_cache': False, 'cmake_clean_first': False, 'cmake_force_configure': False, 'cmake_target': None, 'cmake_target_skip_unavailable': False, 'install_base': '/home/griffin/driverless/driverless_ws/install/perceptions', 'merge_install': False, 'path': '/home/griffin/driverless/driverless_ws/src/perceptions', 'symlink_install': False, 'test_result_base': None}
[0.478s] Level 5:colcon.colcon_core.verb:set package 'planning' build argument 'cmake_args' from command line to '['-DCMAKE_EXPORT_COMPILE_COMMANDS=ON', '-G', 'Ninja']'
[0.478s] Level 5:colcon.colcon_core.verb:set package 'planning' build argument 'cmake_target' from command line to 'None'
[0.478s] Level 5:colcon.colcon_core.verb:set package 'planning' build argument 'cmake_target_skip_unavailable' from command line to 'False'
[0.478s] Level 5:colcon.colcon_core.verb:set package 'planning' build argument 'cmake_clean_cache' from command line to 'False'
[0.478s] Level 5:colcon.colcon_core.verb:set package 'planning' build argument 'cmake_clean_first' from command line to 'False'
[0.478s] Level 5:colcon.colcon_core.verb:set package 'planning' build argument 'cmake_force_configure' from command line to 'False'
[0.478s] Level 5:colcon.colcon_core.verb:set package 'planning' build argument 'ament_cmake_args' from command line to 'None'
[0.478s] Level 5:colcon.colcon_core.verb:set package 'planning' build argument 'catkin_cmake_args' from command line to 'None'
[0.478s] Level 5:colcon.colcon_core.verb:set package 'planning' build argument 'catkin_skip_building_tests' from command line to 'False'
[0.478s] DEBUG:colcon.colcon_core.verb:Building package 'planning' with the following arguments: {'ament_cmake_args': None, 'build_base': '/home/griffin/driverless/driverless_ws/build/planning', 'catkin_cmake_args': None, 'catkin_skip_building_tests': False, 'cmake_args': ['-DCMAKE_EXPORT_COMPILE_COMMANDS=ON', '-G', 'Ninja'], 'cmake_clean_cache': False, 'cmake_clean_first': False, 'cmake_force_configure': False, 'cmake_target': None, 'cmake_target_skip_unavailable': False, 'install_base': '/home/griffin/driverless/driverless_ws/install/planning', 'merge_install': False, 'path': '/home/griffin/driverless/driverless_ws/src/planning', 'symlink_install': False, 'test_result_base': None}
[0.479s] INFO:colcon.colcon_core.executor:Executing jobs using 'parallel' executor
[0.489s] DEBUG:colcon.colcon_parallel_executor.executor.parallel:run_until_complete
[0.489s] INFO:colcon.colcon_ros.task.ament_cmake.build:Building ROS package in '/home/griffin/driverless/driverless_ws/src/interfaces' with build type 'ament_cmake'
[0.489s] INFO:colcon.colcon_cmake.task.cmake.build:Building CMake package in '/home/griffin/driverless/driverless_ws/src/interfaces'
[0.496s] INFO:colcon.colcon_core.plugin_system:Skipping extension 'colcon_core.shell.bat': Not used on non-Windows systems
[0.496s] INFO:colcon.colcon_core.shell:Skip shell extension 'powershell' for command environment: Not usable outside of PowerShell
[0.496s] DEBUG:colcon.colcon_core.shell:Skip shell extension 'dsv' for command environment
[0.505s] INFO:colcon.colcon_ros.task.ament_cmake.build:Building ROS package in '/home/griffin/driverless/driverless_ws/src/actuators' with build type 'ament_cmake'
[0.505s] INFO:colcon.colcon_cmake.task.cmake.build:Building CMake package in '/home/griffin/driverless/driverless_ws/src/actuators'
[0.510s] INFO:colcon.colcon_core.shell:Skip shell extension 'powershell' for command environment: Not usable outside of PowerShell
[0.510s] DEBUG:colcon.colcon_core.shell:Skip shell extension 'dsv' for command environment
[0.518s] INFO:colcon.colcon_ros.task.ament_cmake.build:Building ROS package in '/home/griffin/driverless/driverless_ws/src/collection' with build type 'ament_cmake'
[0.518s] INFO:colcon.colcon_cmake.task.cmake.build:Building CMake package in '/home/griffin/driverless/driverless_ws/src/collection'
[0.523s] INFO:colcon.colcon_core.shell:Skip shell extension 'powershell' for command environment: Not usable outside of PowerShell
[0.523s] DEBUG:colcon.colcon_core.shell:Skip shell extension 'dsv' for command environment
[0.531s] INFO:colcon.colcon_ros.task.ament_cmake.build:Building ROS package in '/home/griffin/driverless/driverless_ws/src/common' with build type 'ament_cmake'
[0.532s] INFO:colcon.colcon_cmake.task.cmake.build:Building CMake package in '/home/griffin/driverless/driverless_ws/src/common'
[0.536s] INFO:colcon.colcon_core.shell:Skip shell extension 'powershell' for command environment: Not usable outside of PowerShell
[0.536s] DEBUG:colcon.colcon_core.shell:Skip shell extension 'dsv' for command environment
[0.544s] INFO:colcon.colcon_ros.task.ament_cmake.build:Building ROS package in '/home/griffin/driverless/driverless_ws/src/controls' with build type 'ament_cmake'
[0.544s] INFO:colcon.colcon_cmake.task.cmake.build:Building CMake package in '/home/griffin/driverless/driverless_ws/src/controls'
[0.549s] INFO:colcon.colcon_core.shell:Skip shell extension 'powershell' for command environment: Not usable outside of PowerShell
[0.549s] DEBUG:colcon.colcon_core.shell:Skip shell extension 'dsv' for command environment
[0.558s] INFO:colcon.colcon_ros.task.ament_cmake.build:Building ROS package in '/home/griffin/driverless/driverless_ws/src/perceptions' with build type 'ament_cmake'
[0.558s] INFO:colcon.colcon_cmake.task.cmake.build:Building CMake package in '/home/griffin/driverless/driverless_ws/src/perceptions'
[0.562s] INFO:colcon.colcon_core.shell:Skip shell extension 'powershell' for command environment: Not usable outside of PowerShell
[0.562s] DEBUG:colcon.colcon_core.shell:Skip shell extension 'dsv' for command environment
[0.575s] DEBUG:colcon.colcon_core.event_handler.log_command:Invoking command in '/home/griffin/driverless/driverless_ws/build/interfaces': CMAKE_PREFIX_PATH=/opt/ros/foxy /usr/bin/cmake --build /home/griffin/driverless/driverless_ws/build/interfaces -- -j12 -l12
[0.578s] DEBUG:colcon.colcon_core.event_handler.log_command:Invoking command in '/home/griffin/driverless/driverless_ws/build/actuators': CMAKE_PREFIX_PATH=/opt/ros/foxy /usr/bin/cmake --build /home/griffin/driverless/driverless_ws/build/actuators -- -j12 -l12
[0.581s] DEBUG:colcon.colcon_core.event_handler.log_command:Invoking command in '/home/griffin/driverless/driverless_ws/build/collection': CMAKE_PREFIX_PATH=/opt/ros/foxy /usr/bin/cmake --build /home/griffin/driverless/driverless_ws/build/collection -- -j12 -l12
[0.584s] DEBUG:colcon.colcon_core.event_handler.log_command:Invoking command in '/home/griffin/driverless/driverless_ws/build/common': CMAKE_PREFIX_PATH=/opt/ros/foxy /usr/bin/cmake --build /home/griffin/driverless/driverless_ws/build/common -- -j12 -l12
[0.589s] DEBUG:colcon.colcon_core.event_handler.log_command:Invoking command in '/home/griffin/driverless/driverless_ws/build/controls': CMAKE_PREFIX_PATH=/opt/ros/foxy /usr/bin/cmake /home/griffin/driverless/driverless_ws/src/controls -DCMAKE_EXPORT_COMPILE_COMMANDS=ON -G Ninja -DCMAKE_INSTALL_PREFIX=/home/griffin/driverless/driverless_ws/install/controls
[0.594s] DEBUG:colcon.colcon_core.event_handler.log_command:Invoking command in '/home/griffin/driverless/driverless_ws/build/perceptions': CMAKE_PREFIX_PATH=/opt/ros/foxy /usr/bin/cmake --build /home/griffin/driverless/driverless_ws/build/perceptions -- -j12 -l12
[0.600s] DEBUG:colcon.colcon_core.event_handler.log_command:Invoked command in '/home/griffin/driverless/driverless_ws/build/actuators' returned '0': CMAKE_PREFIX_PATH=/opt/ros/foxy /usr/bin/cmake --build /home/griffin/driverless/driverless_ws/build/actuators -- -j12 -l12
[0.622s] DEBUG:colcon.colcon_core.event_handler.log_command:Invoking command in '/home/griffin/driverless/driverless_ws/build/actuators': CMAKE_PREFIX_PATH=/opt/ros/foxy /usr/bin/cmake --install /home/griffin/driverless/driverless_ws/build/actuators
[0.622s] DEBUG:colcon.colcon_core.event_handler.log_command:Invoked command in '/home/griffin/driverless/driverless_ws/build/collection' returned '0': CMAKE_PREFIX_PATH=/opt/ros/foxy /usr/bin/cmake --build /home/griffin/driverless/driverless_ws/build/collection -- -j12 -l12
[0.636s] DEBUG:colcon.colcon_core.event_handler.log_command:Invoking command in '/home/griffin/driverless/driverless_ws/build/collection': CMAKE_PREFIX_PATH=/opt/ros/foxy /usr/bin/cmake --install /home/griffin/driverless/driverless_ws/build/collection
[0.641s] DEBUG:colcon.colcon_core.event_handler.log_command:Invoked command in '/home/griffin/driverless/driverless_ws/build/common' returned '0': CMAKE_PREFIX_PATH=/opt/ros/foxy /usr/bin/cmake --build /home/griffin/driverless/driverless_ws/build/common -- -j12 -l12
[0.651s] DEBUG:colcon.colcon_core.event_handler.log_command:Invoking command in '/home/griffin/driverless/driverless_ws/build/common': CMAKE_PREFIX_PATH=/opt/ros/foxy /usr/bin/cmake --install /home/griffin/driverless/driverless_ws/build/common
[0.652s] Level 1:colcon.colcon_core.environment:create_environment_scripts_only(actuators)
[0.653s] DEBUG:colcon.colcon_core.event_handler.log_command:Invoked command in '/home/griffin/driverless/driverless_ws/build/actuators' returned '0': CMAKE_PREFIX_PATH=/opt/ros/foxy /usr/bin/cmake --install /home/griffin/driverless/driverless_ws/build/actuators
[0.666s] Level 1:colcon.colcon_core.environment:checking '/home/griffin/driverless/driverless_ws/install/actuators' for CMake module files
[0.667s] Level 1:colcon.colcon_core.environment:checking '/home/griffin/driverless/driverless_ws/install/actuators' for CMake config files
[0.667s] Level 1:colcon.colcon_core.shell:create_environment_hook('actuators', 'cmake_prefix_path')
[0.674s] INFO:colcon.colcon_core.shell:Creating environment hook '/home/griffin/driverless/driverless_ws/install/actuators/share/actuators/hook/cmake_prefix_path.ps1'
[0.675s] INFO:colcon.colcon_core.shell:Creating environment descriptor '/home/griffin/driverless/driverless_ws/install/actuators/share/actuators/hook/cmake_prefix_path.dsv'
[0.675s] INFO:colcon.colcon_core.shell:Creating environment hook '/home/griffin/driverless/driverless_ws/install/actuators/share/actuators/hook/cmake_prefix_path.sh'
[0.676s] Level 1:colcon.colcon_core.environment:checking '/home/griffin/driverless/driverless_ws/install/actuators/bin'
[0.677s] Level 1:colcon.colcon_core.environment:checking '/home/griffin/driverless/driverless_ws/install/actuators/lib/pkgconfig/actuators.pc'
[0.678s] Level 1:colcon.colcon_core.environment:checking '/home/griffin/driverless/driverless_ws/install/actuators/lib/python3.8/site-packages'
[0.678s] Level 1:colcon.colcon_core.environment:checking '/home/griffin/driverless/driverless_ws/install/actuators/bin'
[0.686s] INFO:colcon.colcon_core.shell:Creating package script '/home/griffin/driverless/driverless_ws/install/actuators/share/actuators/package.ps1'
[0.687s] INFO:colcon.colcon_core.shell:Creating package descriptor '/home/griffin/driverless/driverless_ws/install/actuators/share/actuators/package.dsv'
[0.687s] INFO:colcon.colcon_core.shell:Creating package script '/home/griffin/driverless/driverless_ws/install/actuators/share/actuators/package.sh'
[0.688s] INFO:colcon.colcon_core.shell:Creating package script '/home/griffin/driverless/driverless_ws/install/actuators/share/actuators/package.bash'
[0.689s] INFO:colcon.colcon_core.shell:Creating package script '/home/griffin/driverless/driverless_ws/install/actuators/share/actuators/package.zsh'
[0.690s] Level 1:colcon.colcon_core.environment:create_file_with_runtime_dependencies(/home/griffin/driverless/driverless_ws/install/actuators/share/colcon-core/packages/actuators)
[0.710s] Level 1:colcon.colcon_core.environment:create_environment_scripts_only(actuators)
[0.718s] Level 1:colcon.colcon_core.environment:checking '/home/griffin/driverless/driverless_ws/install/actuators' for CMake module files
[0.719s] Level 1:colcon.colcon_core.environment:checking '/home/griffin/driverless/driverless_ws/install/actuators' for CMake config files
[0.719s] Level 1:colcon.colcon_core.shell:create_environment_hook('actuators', 'cmake_prefix_path')
[0.723s] INFO:colcon.colcon_core.shell:Creating environment hook '/home/griffin/driverless/driverless_ws/install/actuators/share/actuators/hook/cmake_prefix_path.ps1'
[0.724s] INFO:colcon.colcon_core.shell:Creating environment descriptor '/home/griffin/driverless/driverless_ws/install/actuators/share/actuators/hook/cmake_prefix_path.dsv'
[0.724s] INFO:colcon.colcon_core.shell:Creating environment hook '/home/griffin/driverless/driverless_ws/install/actuators/share/actuators/hook/cmake_prefix_path.sh'
[0.724s] Level 1:colcon.colcon_core.environment:checking '/home/griffin/driverless/driverless_ws/install/actuators/bin'
[0.724s] Level 1:colcon.colcon_core.environment:checking '/home/griffin/driverless/driverless_ws/install/actuators/lib/pkgconfig/actuators.pc'
[0.724s] Level 1:colcon.colcon_core.environment:checking '/home/griffin/driverless/driverless_ws/install/actuators/lib/python3.8/site-packages'
[0.725s] Level 1:colcon.colcon_core.environment:checking '/home/griffin/driverless/driverless_ws/install/actuators/bin'
[0.729s] INFO:colcon.colcon_core.shell:Creating package script '/home/griffin/driverless/driverless_ws/install/actuators/share/actuators/package.ps1'
[0.729s] INFO:colcon.colcon_core.shell:Creating package descriptor '/home/griffin/driverless/driverless_ws/install/actuators/share/actuators/package.dsv'
[0.730s] INFO:colcon.colcon_core.shell:Creating package script '/home/griffin/driverless/driverless_ws/install/actuators/share/actuators/package.sh'
[0.730s] INFO:colcon.colcon_core.shell:Creating package script '/home/griffin/driverless/driverless_ws/install/actuators/share/actuators/package.bash'
[0.730s] INFO:colcon.colcon_core.shell:Creating package script '/home/griffin/driverless/driverless_ws/install/actuators/share/actuators/package.zsh'
[0.730s] Level 1:colcon.colcon_core.environment:create_file_with_runtime_dependencies(/home/griffin/driverless/driverless_ws/install/actuators/share/colcon-core/packages/actuators)
[0.733s] DEBUG:colcon.colcon_core.event_handler.log_command:Invoked command in '/home/griffin/driverless/driverless_ws/build/perceptions' returned '0': CMAKE_PREFIX_PATH=/opt/ros/foxy /usr/bin/cmake --build /home/griffin/driverless/driverless_ws/build/perceptions -- -j12 -l12
[0.744s] DEBUG:colcon.colcon_core.event_handler.log_command:Invoking command in '/home/griffin/driverless/driverless_ws/build/perceptions': CMAKE_PREFIX_PATH=/opt/ros/foxy /usr/bin/cmake --install /home/griffin/driverless/driverless_ws/build/perceptions
[0.745s] Level 1:colcon.colcon_core.environment:create_environment_scripts_only(collection)
[0.754s] Level 1:colcon.colcon_core.environment:checking '/home/griffin/driverless/driverless_ws/install/collection' for CMake module files
[0.755s] DEBUG:colcon.colcon_core.event_handler.log_command:Invoked command in '/home/griffin/driverless/driverless_ws/build/collection' returned '0': CMAKE_PREFIX_PATH=/opt/ros/foxy /usr/bin/cmake --install /home/griffin/driverless/driverless_ws/build/collection
[0.757s] Level 1:colcon.colcon_core.environment:checking '/home/griffin/driverless/driverless_ws/install/collection' for CMake config files
[0.757s] Level 1:colcon.colcon_core.shell:create_environment_hook('collection', 'cmake_prefix_path')
[0.761s] INFO:colcon.colcon_core.shell:Creating environment hook '/home/griffin/driverless/driverless_ws/install/collection/share/collection/hook/cmake_prefix_path.ps1'
[0.761s] INFO:colcon.colcon_core.shell:Creating environment descriptor '/home/griffin/driverless/driverless_ws/install/collection/share/collection/hook/cmake_prefix_path.dsv'
[0.762s] INFO:colcon.colcon_core.shell:Creating environment hook '/home/griffin/driverless/driverless_ws/install/collection/share/collection/hook/cmake_prefix_path.sh'
[0.762s] Level 1:colcon.colcon_core.environment:checking '/home/griffin/driverless/driverless_ws/install/collection/bin'
[0.762s] Level 1:colcon.colcon_core.environment:checking '/home/griffin/driverless/driverless_ws/install/collection/lib/pkgconfig/collection.pc'
[0.762s] Level 1:colcon.colcon_core.environment:checking '/home/griffin/driverless/driverless_ws/install/collection/lib/python3.8/site-packages'
[0.762s] Level 1:colcon.colcon_core.environment:checking '/home/griffin/driverless/driverless_ws/install/collection/bin'
[0.767s] INFO:colcon.colcon_core.shell:Creating package script '/home/griffin/driverless/driverless_ws/install/collection/share/collection/package.ps1'
[0.767s] INFO:colcon.colcon_core.shell:Creating package descriptor '/home/griffin/driverless/driverless_ws/install/collection/share/collection/package.dsv'
[0.767s] INFO:colcon.colcon_core.shell:Creating package script '/home/griffin/driverless/driverless_ws/install/collection/share/collection/package.sh'
[0.767s] INFO:colcon.colcon_core.shell:Creating package script '/home/griffin/driverless/driverless_ws/install/collection/share/collection/package.bash'
[0.768s] INFO:colcon.colcon_core.shell:Creating package script '/home/griffin/driverless/driverless_ws/install/collection/share/collection/package.zsh'
[0.768s] Level 1:colcon.colcon_core.environment:create_file_with_runtime_dependencies(/home/griffin/driverless/driverless_ws/install/collection/share/colcon-core/packages/collection)
[0.784s] Level 1:colcon.colcon_core.environment:create_environment_scripts_only(collection)
[0.789s] Level 1:colcon.colcon_core.environment:checking '/home/griffin/driverless/driverless_ws/install/collection' for CMake module files
[0.789s] Level 1:colcon.colcon_core.environment:checking '/home/griffin/driverless/driverless_ws/install/collection' for CMake config files
[0.790s] Level 1:colcon.colcon_core.shell:create_environment_hook('collection', 'cmake_prefix_path')
[0.794s] INFO:colcon.colcon_core.shell:Creating environment hook '/home/griffin/driverless/driverless_ws/install/collection/share/collection/hook/cmake_prefix_path.ps1'
[0.794s] INFO:colcon.colcon_core.shell:Creating environment descriptor '/home/griffin/driverless/driverless_ws/install/collection/share/collection/hook/cmake_prefix_path.dsv'
[0.794s] INFO:colcon.colcon_core.shell:Creating environment hook '/home/griffin/driverless/driverless_ws/install/collection/share/collection/hook/cmake_prefix_path.sh'
[0.795s] Level 1:colcon.colcon_core.environment:checking '/home/griffin/driverless/driverless_ws/install/collection/bin'
[0.795s] Level 1:colcon.colcon_core.environment:checking '/home/griffin/driverless/driverless_ws/install/collection/lib/pkgconfig/collection.pc'
[0.795s] Level 1:colcon.colcon_core.environment:checking '/home/griffin/driverless/driverless_ws/install/collection/lib/python3.8/site-packages'
[0.795s] Level 1:colcon.colcon_core.environment:checking '/home/griffin/driverless/driverless_ws/install/collection/bin'
[0.799s] INFO:colcon.colcon_core.shell:Creating package script '/home/griffin/driverless/driverless_ws/install/collection/share/collection/package.ps1'
[0.800s] INFO:colcon.colcon_core.shell:Creating package descriptor '/home/griffin/driverless/driverless_ws/install/collection/share/collection/package.dsv'
[0.800s] INFO:colcon.colcon_core.shell:Creating package script '/home/griffin/driverless/driverless_ws/install/collection/share/collection/package.sh'
[0.800s] INFO:colcon.colcon_core.shell:Creating package script '/home/griffin/driverless/driverless_ws/install/collection/share/collection/package.bash'
[0.801s] INFO:colcon.colcon_core.shell:Creating package script '/home/griffin/driverless/driverless_ws/install/collection/share/collection/package.zsh'
[0.801s] Level 1:colcon.colcon_core.environment:create_file_with_runtime_dependencies(/home/griffin/driverless/driverless_ws/install/collection/share/colcon-core/packages/collection)
[0.802s] Level 1:colcon.colcon_core.environment:create_environment_scripts_only(common)
[0.807s] Level 1:colcon.colcon_core.environment:checking '/home/griffin/driverless/driverless_ws/install/common' for CMake module files
[0.808s] DEBUG:colcon.colcon_core.event_handler.log_command:Invoked command in '/home/griffin/driverless/driverless_ws/build/common' returned '0': CMAKE_PREFIX_PATH=/opt/ros/foxy /usr/bin/cmake --install /home/griffin/driverless/driverless_ws/build/common
[0.808s] Level 1:colcon.colcon_core.environment:checking '/home/griffin/driverless/driverless_ws/install/common' for CMake config files
[0.808s] Level 1:colcon.colcon_core.shell:create_environment_hook('common', 'cmake_prefix_path')
[0.812s] INFO:colcon.colcon_core.shell:Creating environment hook '/home/griffin/driverless/driverless_ws/install/common/share/common/hook/cmake_prefix_path.ps1'
[0.813s] INFO:colcon.colcon_core.shell:Creating environment descriptor '/home/griffin/driverless/driverless_ws/install/common/share/common/hook/cmake_prefix_path.dsv'
[0.813s] INFO:colcon.colcon_core.shell:Creating environment hook '/home/griffin/driverless/driverless_ws/install/common/share/common/hook/cmake_prefix_path.sh'
[0.813s] Level 1:colcon.colcon_core.environment:checking '/home/griffin/driverless/driverless_ws/install/common/bin'
[0.813s] Level 1:colcon.colcon_core.environment:checking '/home/griffin/driverless/driverless_ws/install/common/lib/pkgconfig/common.pc'
[0.813s] Level 1:colcon.colcon_core.environment:checking '/home/griffin/driverless/driverless_ws/install/common/lib/python3.8/site-packages'
[0.814s] Level 1:colcon.colcon_core.environment:checking '/home/griffin/driverless/driverless_ws/install/common/bin'
[0.818s] INFO:colcon.colcon_core.shell:Creating package script '/home/griffin/driverless/driverless_ws/install/common/share/common/package.ps1'
[0.818s] INFO:colcon.colcon_core.shell:Creating package descriptor '/home/griffin/driverless/driverless_ws/install/common/share/common/package.dsv'
[0.819s] INFO:colcon.colcon_core.shell:Creating package script '/home/griffin/driverless/driverless_ws/install/common/share/common/package.sh'
[0.819s] INFO:colcon.colcon_core.shell:Creating package script '/home/griffin/driverless/driverless_ws/install/common/share/common/package.bash'
[0.819s] INFO:colcon.colcon_core.shell:Creating package script '/home/griffin/driverless/driverless_ws/install/common/share/common/package.zsh'
[0.819s] Level 1:colcon.colcon_core.environment:create_file_with_runtime_dependencies(/home/griffin/driverless/driverless_ws/install/common/share/colcon-core/packages/common)
[0.835s] Level 1:colcon.colcon_core.environment:create_environment_scripts_only(common)
[0.840s] Level 1:colcon.colcon_core.environment:checking '/home/griffin/driverless/driverless_ws/install/common' for CMake module files
[0.841s] Level 1:colcon.colcon_core.environment:checking '/home/griffin/driverless/driverless_ws/install/common' for CMake config files
[0.841s] Level 1:colcon.colcon_core.shell:create_environment_hook('common', 'cmake_prefix_path')
[0.845s] INFO:colcon.colcon_core.shell:Creating environment hook '/home/griffin/driverless/driverless_ws/install/common/share/common/hook/cmake_prefix_path.ps1'
[0.845s] INFO:colcon.colcon_core.shell:Creating environment descriptor '/home/griffin/driverless/driverless_ws/install/common/share/common/hook/cmake_prefix_path.dsv'
[0.846s] INFO:colcon.colcon_core.shell:Creating environment hook '/home/griffin/driverless/driverless_ws/install/common/share/common/hook/cmake_prefix_path.sh'
[0.846s] Level 1:colcon.colcon_core.environment:checking '/home/griffin/driverless/driverless_ws/install/common/bin'
[0.846s] Level 1:colcon.colcon_core.environment:checking '/home/griffin/driverless/driverless_ws/install/common/lib/pkgconfig/common.pc'
[0.846s] Level 1:colcon.colcon_core.environment:checking '/home/griffin/driverless/driverless_ws/install/common/lib/python3.8/site-packages'
[0.846s] Level 1:colcon.colcon_core.environment:checking '/home/griffin/driverless/driverless_ws/install/common/bin'
[0.850s] INFO:colcon.colcon_core.shell:Creating package script '/home/griffin/driverless/driverless_ws/install/common/share/common/package.ps1'
[0.851s] INFO:colcon.colcon_core.shell:Creating package descriptor '/home/griffin/driverless/driverless_ws/install/common/share/common/package.dsv'
[0.851s] INFO:colcon.colcon_core.shell:Creating package script '/home/griffin/driverless/driverless_ws/install/common/share/common/package.sh'
[0.851s] INFO:colcon.colcon_core.shell:Creating package script '/home/griffin/driverless/driverless_ws/install/common/share/common/package.bash'
[0.852s] INFO:colcon.colcon_core.shell:Creating package script '/home/griffin/driverless/driverless_ws/install/common/share/common/package.zsh'
[0.852s] Level 1:colcon.colcon_core.environment:create_file_with_runtime_dependencies(/home/griffin/driverless/driverless_ws/install/common/share/colcon-core/packages/common)
[0.853s] Level 1:colcon.colcon_core.environment:create_environment_scripts_only(perceptions)
[0.858s] Level 1:colcon.colcon_core.environment:checking '/home/griffin/driverless/driverless_ws/install/perceptions' for CMake module files
[0.858s] Level 1:colcon.colcon_core.environment:checking '/home/griffin/driverless/driverless_ws/install/perceptions' for CMake config files
[0.859s] DEBUG:colcon.colcon_core.event_handler.log_command:Invoked command in '/home/griffin/driverless/driverless_ws/build/perceptions' returned '0': CMAKE_PREFIX_PATH=/opt/ros/foxy /usr/bin/cmake --install /home/griffin/driverless/driverless_ws/build/perceptions
[0.859s] Level 1:colcon.colcon_core.shell:create_environment_hook('perceptions', 'cmake_prefix_path')
[0.863s] INFO:colcon.colcon_core.shell:Creating environment hook '/home/griffin/driverless/driverless_ws/install/perceptions/share/perceptions/hook/cmake_prefix_path.ps1'
[0.863s] INFO:colcon.colcon_core.shell:Creating environment descriptor '/home/griffin/driverless/driverless_ws/install/perceptions/share/perceptions/hook/cmake_prefix_path.dsv'
[0.863s] INFO:colcon.colcon_core.shell:Creating environment hook '/home/griffin/driverless/driverless_ws/install/perceptions/share/perceptions/hook/cmake_prefix_path.sh'
[0.864s] Level 1:colcon.colcon_core.environment:checking '/home/griffin/driverless/driverless_ws/install/perceptions/bin'
[0.864s] Level 1:colcon.colcon_core.environment:checking '/home/griffin/driverless/driverless_ws/install/perceptions/lib/pkgconfig/perceptions.pc'
[0.864s] Level 1:colcon.colcon_core.environment:checking '/home/griffin/driverless/driverless_ws/install/perceptions/lib/python3.8/site-packages'
[0.864s] Level 1:colcon.colcon_core.environment:checking '/home/griffin/driverless/driverless_ws/install/perceptions/bin'
[0.868s] INFO:colcon.colcon_core.shell:Creating package script '/home/griffin/driverless/driverless_ws/install/perceptions/share/perceptions/package.ps1'
[0.869s] INFO:colcon.colcon_core.shell:Creating package descriptor '/home/griffin/driverless/driverless_ws/install/perceptions/share/perceptions/package.dsv'
[0.869s] INFO:colcon.colcon_core.shell:Creating package script '/home/griffin/driverless/driverless_ws/install/perceptions/share/perceptions/package.sh'
[0.869s] INFO:colcon.colcon_core.shell:Creating package script '/home/griffin/driverless/driverless_ws/install/perceptions/share/perceptions/package.bash'
[0.870s] INFO:colcon.colcon_core.shell:Creating package script '/home/griffin/driverless/driverless_ws/install/perceptions/share/perceptions/package.zsh'
[0.870s] Level 1:colcon.colcon_core.environment:create_file_with_runtime_dependencies(/home/griffin/driverless/driverless_ws/install/perceptions/share/colcon-core/packages/perceptions)
[0.886s] Level 1:colcon.colcon_core.environment:create_environment_scripts_only(perceptions)
[0.892s] Level 1:colcon.colcon_core.environment:checking '/home/griffin/driverless/driverless_ws/install/perceptions' for CMake module files
[0.892s] Level 1:colcon.colcon_core.environment:checking '/home/griffin/driverless/driverless_ws/install/perceptions' for CMake config files
[0.892s] Level 1:colcon.colcon_core.shell:create_environment_hook('perceptions', 'cmake_prefix_path')
[0.897s] INFO:colcon.colcon_core.shell:Creating environment hook '/home/griffin/driverless/driverless_ws/install/perceptions/share/perceptions/hook/cmake_prefix_path.ps1'
[0.897s] INFO:colcon.colcon_core.shell:Creating environment descriptor '/home/griffin/driverless/driverless_ws/install/perceptions/share/perceptions/hook/cmake_prefix_path.dsv'
[0.897s] INFO:colcon.colcon_core.shell:Creating environment hook '/home/griffin/driverless/driverless_ws/install/perceptions/share/perceptions/hook/cmake_prefix_path.sh'
[0.898s] Level 1:colcon.colcon_core.environment:checking '/home/griffin/driverless/driverless_ws/install/perceptions/bin'
[0.898s] Level 1:colcon.colcon_core.environment:checking '/home/griffin/driverless/driverless_ws/install/perceptions/lib/pkgconfig/perceptions.pc'
[0.898s] Level 1:colcon.colcon_core.environment:checking '/home/griffin/driverless/driverless_ws/install/perceptions/lib/python3.8/site-packages'
[0.898s] Level 1:colcon.colcon_core.environment:checking '/home/griffin/driverless/driverless_ws/install/perceptions/bin'
[0.902s] INFO:colcon.colcon_core.shell:Creating package script '/home/griffin/driverless/driverless_ws/install/perceptions/share/perceptions/package.ps1'
[0.902s] INFO:colcon.colcon_core.shell:Creating package descriptor '/home/griffin/driverless/driverless_ws/install/perceptions/share/perceptions/package.dsv'
[0.903s] INFO:colcon.colcon_core.shell:Creating package script '/home/griffin/driverless/driverless_ws/install/perceptions/share/perceptions/package.sh'
[0.903s] INFO:colcon.colcon_core.shell:Creating package script '/home/griffin/driverless/driverless_ws/install/perceptions/share/perceptions/package.bash'
[0.903s] INFO:colcon.colcon_core.shell:Creating package script '/home/griffin/driverless/driverless_ws/install/perceptions/share/perceptions/package.zsh'
[0.904s] Level 1:colcon.colcon_core.environment:create_file_with_runtime_dependencies(/home/griffin/driverless/driverless_ws/install/perceptions/share/colcon-core/packages/perceptions)
[1.056s] DEBUG:colcon.colcon_core.event_handler.log_command:Invoked command in '/home/griffin/driverless/driverless_ws/build/controls' returned '1': CMAKE_PREFIX_PATH=/opt/ros/foxy /usr/bin/cmake /home/griffin/driverless/driverless_ws/src/controls -DCMAKE_EXPORT_COMPILE_COMMANDS=ON -G Ninja -DCMAKE_INSTALL_PREFIX=/home/griffin/driverless/driverless_ws/install/controls
[1.065s] Level 1:colcon.colcon_core.environment:create_environment_scripts_only(controls)
[1.075s] Level 1:colcon.colcon_core.environment:checking '/home/griffin/driverless/driverless_ws/install/controls' for CMake module files
[1.076s] Level 1:colcon.colcon_core.environment:checking '/home/griffin/driverless/driverless_ws/install/controls' for CMake config files
[1.076s] Level 1:colcon.colcon_core.environment:checking '/home/griffin/driverless/driverless_ws/install/controls/bin'
[1.076s] Level 1:colcon.colcon_core.environment:checking '/home/griffin/driverless/driverless_ws/install/controls/lib/pkgconfig/controls.pc'
[1.077s] Level 1:colcon.colcon_core.environment:checking '/home/griffin/driverless/driverless_ws/install/controls/lib/python3.8/site-packages'
[1.077s] Level 1:colcon.colcon_core.environment:checking '/home/griffin/driverless/driverless_ws/install/controls/bin'
[1.085s] INFO:colcon.colcon_core.shell:Creating package script '/home/griffin/driverless/driverless_ws/install/controls/share/controls/package.ps1'
[1.086s] INFO:colcon.colcon_core.shell:Creating package descriptor '/home/griffin/driverless/driverless_ws/install/controls/share/controls/package.dsv'
[1.086s] INFO:colcon.colcon_core.shell:Creating package script '/home/griffin/driverless/driverless_ws/install/controls/share/controls/package.sh'
[1.086s] INFO:colcon.colcon_core.shell:Creating package script '/home/griffin/driverless/driverless_ws/install/controls/share/controls/package.bash'
[1.087s] INFO:colcon.colcon_core.shell:Creating package script '/home/griffin/driverless/driverless_ws/install/controls/share/controls/package.zsh'
[1.087s] Level 1:colcon.colcon_core.environment:create_file_with_runtime_dependencies(/home/griffin/driverless/driverless_ws/install/controls/share/colcon-core/packages/controls)
[3.205s] DEBUG:colcon.colcon_parallel_executor.executor.parallel:closing loop
[3.205s] DEBUG:colcon.colcon_parallel_executor.executor.parallel:loop closed
[3.205s] DEBUG:colcon.colcon_parallel_executor.executor.parallel:run_until_complete finished with '1'
[3.205s] DEBUG:colcon.colcon_core.event_reactor:joining thread
[3.213s] INFO:colcon.colcon_core.plugin_system:Skipping extension 'colcon_notification.desktop_notification.terminal_notifier': Not used on non-Darwin systems
[3.213s] INFO:colcon.colcon_core.plugin_system:Skipping extension 'colcon_notification.desktop_notification.win32': Not used on non-Windows systems
[3.213s] INFO:colcon.colcon_notification.desktop_notification:Sending desktop notification using 'notify2'
[3.224s] DEBUG:colcon.colcon_core.event_reactor:joined thread
[3.229s] INFO:colcon.colcon_core.shell:Creating prefix script '/home/griffin/driverless/driverless_ws/install/local_setup.ps1'
[3.230s] INFO:colcon.colcon_core.shell:Creating prefix util module '/home/griffin/driverless/driverless_ws/install/_local_setup_util_ps1.py'
[3.230s] INFO:colcon.colcon_core.shell:Creating prefix chain script '/home/griffin/driverless/driverless_ws/install/setup.ps1'
[3.234s] INFO:colcon.colcon_core.shell:Creating prefix script '/home/griffin/driverless/driverless_ws/install/local_setup.sh'
[3.234s] INFO:colcon.colcon_core.shell:Creating prefix util module '/home/griffin/driverless/driverless_ws/install/_local_setup_util_sh.py'
[3.235s] INFO:colcon.colcon_core.shell:Creating prefix chain script '/home/griffin/driverless/driverless_ws/install/setup.sh'
[3.238s] INFO:colcon.colcon_core.shell:Creating prefix script '/home/griffin/driverless/driverless_ws/install/local_setup.bash'
[3.239s] INFO:colcon.colcon_core.shell:Creating prefix chain script '/home/griffin/driverless/driverless_ws/install/setup.bash'
[3.242s] INFO:colcon.colcon_core.shell:Creating prefix script '/home/griffin/driverless/driverless_ws/install/local_setup.zsh'
[3.243s] INFO:colcon.colcon_core.shell:Creating prefix chain script '/home/griffin/driverless/driverless_ws/install/setup.zsh'
