[0.413s] DEBUG:colcon:Command line arguments: ['/usr/local/bin/colcon', 'build', '--symlink-install']
[0.413s] DEBUG:colcon:Parsed command line arguments: Namespace(ament_cmake_args=None, base_paths=['.'], build_base='build', catkin_cmake_args=None, catkin_skip_building_tests=False, cmake_args=None, cmake_clean_cache=False, cmake_clean_first=False, cmake_force_configure=False, cmake_target=None, cmake_target_skip_unavailable=False, continue_on_error=False, event_handlers=None, executor='parallel', ignore_user_meta=False, install_base='install', log_base=None, log_level=None, main=<bound method BuildVerb.main of <colcon_core.verb.build.BuildVerb object at 0x7fd5ed868220>>, merge_install=False, metas=['./colcon.meta'], packages_above=None, packages_above_and_dependencies=None, packages_above_depth=None, packages_end=None, packages_ignore=None, packages_ignore_regex=None, packages_select=None, packages_select_build_failed=False, packages_select_by_dep=None, packages_select_regex=None, packages_select_test_failures=False, packages_skip=None, packages_skip_build_finished=False, packages_skip_by_dep=None, packages_skip_regex=None, packages_skip_test_passed=False, packages_skip_up_to=None, packages_start=None, packages_up_to=None, packages_up_to_regex=None, parallel_workers=8, paths=None, symlink_install=True, test_result_base=None, verb_extension=<colcon_core.verb.build.BuildVerb object at 0x7fd5ed868220>, verb_name='build', verb_parser=<colcon_defaults.argument_parser.defaults.DefaultArgumentsDecorator object at 0x7fd5ed868760>)
[0.441s] Level 1:colcon.colcon_core.package_discovery:discover_packages(colcon_meta) check parameters
[0.441s] Level 1:colcon.colcon_core.package_discovery:discover_packages(recursive) check parameters
[0.441s] Level 1:colcon.colcon_core.package_discovery:discover_packages(ignore) check parameters
[0.441s] Level 1:colcon.colcon_core.package_discovery:discover_packages(path) check parameters
[0.441s] Level 1:colcon.colcon_core.package_discovery:discover_packages(colcon_meta) discover
[0.441s] Level 1:colcon.colcon_core.package_discovery:discover_packages(recursive) discover
[0.441s] INFO:colcon.colcon_core.package_discovery:Crawling recursively for packages in '/driverless/driverless_ws'
[0.441s] Level 1:colcon.colcon_core.package_identification:_identify(.) by extensions ['ignore', 'ignore_ament_install']
[0.441s] Level 1:colcon.colcon_core.package_identification:_identify(.) by extension 'ignore'
[0.441s] Level 1:colcon.colcon_core.package_identification:_identify(.) by extension 'ignore_ament_install'
[0.441s] Level 1:colcon.colcon_core.package_identification:_identify(.) by extensions ['colcon_pkg']
[0.441s] Level 1:colcon.colcon_core.package_identification:_identify(.) by extension 'colcon_pkg'
[0.441s] Level 1:colcon.colcon_core.package_identification:_identify(.) by extensions ['colcon_meta']
[0.441s] Level 1:colcon.colcon_core.package_identification:_identify(.) by extension 'colcon_meta'
[0.441s] Level 1:colcon.colcon_core.package_identification:_identify(.) by extensions ['ros']
[0.441s] Level 1:colcon.colcon_core.package_identification:_identify(.) by extension 'ros'
[0.461s] Level 1:colcon.colcon_core.package_identification:_identify(.) by extensions ['cmake', 'python']
[0.461s] Level 1:colcon.colcon_core.package_identification:_identify(.) by extension 'cmake'
[0.461s] Level 1:colcon.colcon_core.package_identification:_identify(.) by extension 'python'
[0.461s] Level 1:colcon.colcon_core.package_identification:_identify(.) by extensions ['python_setup_py']
[0.461s] Level 1:colcon.colcon_core.package_identification:_identify(.) by extension 'python_setup_py'
[0.461s] Level 1:colcon.colcon_core.package_identification:_identify(build) by extensions ['ignore', 'ignore_ament_install']
[0.462s] Level 1:colcon.colcon_core.package_identification:_identify(build) by extension 'ignore'
[0.462s] Level 1:colcon.colcon_core.package_identification:_identify(build) ignored
[0.462s] Level 1:colcon.colcon_core.package_identification:_identify(install) by extensions ['ignore', 'ignore_ament_install']
[0.462s] Level 1:colcon.colcon_core.package_identification:_identify(install) by extension 'ignore'
[0.462s] Level 1:colcon.colcon_core.package_identification:_identify(install) ignored
[0.462s] Level 1:colcon.colcon_core.package_identification:_identify(log) by extensions ['ignore', 'ignore_ament_install']
[0.462s] Level 1:colcon.colcon_core.package_identification:_identify(log) by extension 'ignore'
[0.462s] Level 1:colcon.colcon_core.package_identification:_identify(log) ignored
[0.462s] Level 1:colcon.colcon_core.package_identification:_identify(src) by extensions ['ignore', 'ignore_ament_install']
[0.462s] Level 1:colcon.colcon_core.package_identification:_identify(src) by extension 'ignore'
[0.463s] Level 1:colcon.colcon_core.package_identification:_identify(src) by extension 'ignore_ament_install'
[0.463s] Level 1:colcon.colcon_core.package_identification:_identify(src) by extensions ['colcon_pkg']
[0.463s] Level 1:colcon.colcon_core.package_identification:_identify(src) by extension 'colcon_pkg'
[0.463s] Level 1:colcon.colcon_core.package_identification:_identify(src) by extensions ['colcon_meta']
[0.463s] Level 1:colcon.colcon_core.package_identification:_identify(src) by extension 'colcon_meta'
[0.463s] Level 1:colcon.colcon_core.package_identification:_identify(src) by extensions ['ros']
[0.463s] Level 1:colcon.colcon_core.package_identification:_identify(src) by extension 'ros'
[0.463s] Level 1:colcon.colcon_core.package_identification:_identify(src) by extensions ['cmake', 'python']
[0.463s] Level 1:colcon.colcon_core.package_identification:_identify(src) by extension 'cmake'
[0.463s] Level 1:colcon.colcon_core.package_identification:_identify(src) by extension 'python'
[0.463s] Level 1:colcon.colcon_core.package_identification:_identify(src) by extensions ['python_setup_py']
[0.463s] Level 1:colcon.colcon_core.package_identification:_identify(src) by extension 'python_setup_py'
[0.463s] Level 1:colcon.colcon_core.package_identification:_identify(src/actuators) by extensions ['ignore', 'ignore_ament_install']
[0.463s] Level 1:colcon.colcon_core.package_identification:_identify(src/actuators) by extension 'ignore'
[0.463s] Level 1:colcon.colcon_core.package_identification:_identify(src/actuators) by extension 'ignore_ament_install'
[0.463s] Level 1:colcon.colcon_core.package_identification:_identify(src/actuators) by extensions ['colcon_pkg']
[0.463s] Level 1:colcon.colcon_core.package_identification:_identify(src/actuators) by extension 'colcon_pkg'
[0.463s] Level 1:colcon.colcon_core.package_identification:_identify(src/actuators) by extensions ['colcon_meta']
[0.464s] Level 1:colcon.colcon_core.package_identification:_identify(src/actuators) by extension 'colcon_meta'
[0.464s] Level 1:colcon.colcon_core.package_identification:_identify(src/actuators) by extensions ['ros']
[0.464s] Level 1:colcon.colcon_core.package_identification:_identify(src/actuators) by extension 'ros'
[0.466s] DEBUG:colcon.colcon_core.package_identification:Package 'src/actuators' with type 'ros.ament_cmake' and name 'actuators'
[0.466s] Level 1:colcon.colcon_core.package_identification:_identify(src/collection) by extensions ['ignore', 'ignore_ament_install']
[0.466s] Level 1:colcon.colcon_core.package_identification:_identify(src/collection) by extension 'ignore'
[0.466s] Level 1:colcon.colcon_core.package_identification:_identify(src/collection) by extension 'ignore_ament_install'
[0.466s] Level 1:colcon.colcon_core.package_identification:_identify(src/collection) by extensions ['colcon_pkg']
[0.466s] Level 1:colcon.colcon_core.package_identification:_identify(src/collection) by extension 'colcon_pkg'
[0.466s] Level 1:colcon.colcon_core.package_identification:_identify(src/collection) by extensions ['colcon_meta']
[0.466s] Level 1:colcon.colcon_core.package_identification:_identify(src/collection) by extension 'colcon_meta'
[0.466s] Level 1:colcon.colcon_core.package_identification:_identify(src/collection) by extensions ['ros']
[0.466s] Level 1:colcon.colcon_core.package_identification:_identify(src/collection) by extension 'ros'
[0.467s] DEBUG:colcon.colcon_core.package_identification:Package 'src/collection' with type 'ros.ament_cmake' and name 'collection'
[0.467s] Level 1:colcon.colcon_core.package_identification:_identify(src/common) by extensions ['ignore', 'ignore_ament_install']
[0.467s] Level 1:colcon.colcon_core.package_identification:_identify(src/common) by extension 'ignore'
[0.467s] Level 1:colcon.colcon_core.package_identification:_identify(src/common) by extension 'ignore_ament_install'
[0.467s] Level 1:colcon.colcon_core.package_identification:_identify(src/common) by extensions ['colcon_pkg']
[0.467s] Level 1:colcon.colcon_core.package_identification:_identify(src/common) by extension 'colcon_pkg'
[0.467s] Level 1:colcon.colcon_core.package_identification:_identify(src/common) by extensions ['colcon_meta']
[0.467s] Level 1:colcon.colcon_core.package_identification:_identify(src/common) by extension 'colcon_meta'
[0.467s] Level 1:colcon.colcon_core.package_identification:_identify(src/common) by extensions ['ros']
[0.467s] Level 1:colcon.colcon_core.package_identification:_identify(src/common) by extension 'ros'
[0.468s] DEBUG:colcon.colcon_core.package_identification:Package 'src/common' with type 'ros.ament_cmake' and name 'common'
[0.468s] Level 1:colcon.colcon_core.package_identification:_identify(src/controls) by extensions ['ignore', 'ignore_ament_install']
[0.468s] Level 1:colcon.colcon_core.package_identification:_identify(src/controls) by extension 'ignore'
[0.468s] Level 1:colcon.colcon_core.package_identification:_identify(src/controls) by extension 'ignore_ament_install'
[0.468s] Level 1:colcon.colcon_core.package_identification:_identify(src/controls) by extensions ['colcon_pkg']
[0.468s] Level 1:colcon.colcon_core.package_identification:_identify(src/controls) by extension 'colcon_pkg'
[0.468s] Level 1:colcon.colcon_core.package_identification:_identify(src/controls) by extensions ['colcon_meta']
[0.468s] Level 1:colcon.colcon_core.package_identification:_identify(src/controls) by extension 'colcon_meta'
[0.468s] Level 1:colcon.colcon_core.package_identification:_identify(src/controls) by extensions ['ros']
[0.468s] Level 1:colcon.colcon_core.package_identification:_identify(src/controls) by extension 'ros'
[0.469s] DEBUG:colcon.colcon_core.package_identification:Package 'src/controls' with type 'ros.ament_cmake' and name 'controls'
[0.469s] Level 1:colcon.colcon_core.package_identification:_identify(src/eufs_msgs) by extensions ['ignore', 'ignore_ament_install']
[0.469s] Level 1:colcon.colcon_core.package_identification:_identify(src/eufs_msgs) by extension 'ignore'
[0.469s] Level 1:colcon.colcon_core.package_identification:_identify(src/eufs_msgs) by extension 'ignore_ament_install'
[0.469s] Level 1:colcon.colcon_core.package_identification:_identify(src/eufs_msgs) by extensions ['colcon_pkg']
[0.469s] Level 1:colcon.colcon_core.package_identification:_identify(src/eufs_msgs) by extension 'colcon_pkg'
[0.469s] Level 1:colcon.colcon_core.package_identification:_identify(src/eufs_msgs) by extensions ['colcon_meta']
[0.469s] Level 1:colcon.colcon_core.package_identification:_identify(src/eufs_msgs) by extension 'colcon_meta'
[0.469s] Level 1:colcon.colcon_core.package_identification:_identify(src/eufs_msgs) by extensions ['ros']
[0.469s] Level 1:colcon.colcon_core.package_identification:_identify(src/eufs_msgs) by extension 'ros'
[0.470s] DEBUG:colcon.colcon_core.package_identification:Package 'src/eufs_msgs' with type 'ros.ament_cmake' and name 'eufs_msgs'
[0.470s] Level 1:colcon.colcon_core.package_identification:_identify(src/interfaces) by extensions ['ignore', 'ignore_ament_install']
[0.470s] Level 1:colcon.colcon_core.package_identification:_identify(src/interfaces) by extension 'ignore'
[0.470s] Level 1:colcon.colcon_core.package_identification:_identify(src/interfaces) by extension 'ignore_ament_install'
[0.470s] Level 1:colcon.colcon_core.package_identification:_identify(src/interfaces) by extensions ['colcon_pkg']
[0.470s] Level 1:colcon.colcon_core.package_identification:_identify(src/interfaces) by extension 'colcon_pkg'
[0.470s] Level 1:colcon.colcon_core.package_identification:_identify(src/interfaces) by extensions ['colcon_meta']
[0.470s] Level 1:colcon.colcon_core.package_identification:_identify(src/interfaces) by extension 'colcon_meta'
[0.470s] Level 1:colcon.colcon_core.package_identification:_identify(src/interfaces) by extensions ['ros']
[0.470s] Level 1:colcon.colcon_core.package_identification:_identify(src/interfaces) by extension 'ros'
[0.471s] DEBUG:colcon.colcon_core.package_identification:Package 'src/interfaces' with type 'ros.ament_cmake' and name 'interfaces'
[0.471s] Level 1:colcon.colcon_core.package_identification:_identify(src/perceptions) by extensions ['ignore', 'ignore_ament_install']
[0.471s] Level 1:colcon.colcon_core.package_identification:_identify(src/perceptions) by extension 'ignore'
[0.471s] Level 1:colcon.colcon_core.package_identification:_identify(src/perceptions) by extension 'ignore_ament_install'
[0.471s] Level 1:colcon.colcon_core.package_identification:_identify(src/perceptions) by extensions ['colcon_pkg']
[0.471s] Level 1:colcon.colcon_core.package_identification:_identify(src/perceptions) by extension 'colcon_pkg'
[0.471s] Level 1:colcon.colcon_core.package_identification:_identify(src/perceptions) by extensions ['colcon_meta']
[0.471s] Level 1:colcon.colcon_core.package_identification:_identify(src/perceptions) by extension 'colcon_meta'
[0.472s] Level 1:colcon.colcon_core.package_identification:_identify(src/perceptions) by extensions ['ros']
[0.472s] Level 1:colcon.colcon_core.package_identification:_identify(src/perceptions) by extension 'ros'
[0.472s] DEBUG:colcon.colcon_core.package_identification:Package 'src/perceptions' with type 'ros.ament_cmake' and name 'perceptions'
[0.472s] Level 1:colcon.colcon_core.package_identification:_identify(src/planning) by extensions ['ignore', 'ignore_ament_install']
[0.472s] Level 1:colcon.colcon_core.package_identification:_identify(src/planning) by extension 'ignore'
[0.472s] Level 1:colcon.colcon_core.package_identification:_identify(src/planning) by extension 'ignore_ament_install'
[0.472s] Level 1:colcon.colcon_core.package_identification:_identify(src/planning) by extensions ['colcon_pkg']
[0.473s] Level 1:colcon.colcon_core.package_identification:_identify(src/planning) by extension 'colcon_pkg'
[0.473s] Level 1:colcon.colcon_core.package_identification:_identify(src/planning) by extensions ['colcon_meta']
[0.473s] Level 1:colcon.colcon_core.package_identification:_identify(src/planning) by extension 'colcon_meta'
[0.473s] Level 1:colcon.colcon_core.package_identification:_identify(src/planning) by extensions ['ros']
[0.473s] Level 1:colcon.colcon_core.package_identification:_identify(src/planning) by extension 'ros'
[0.474s] DEBUG:colcon.colcon_core.package_identification:Package 'src/planning' with type 'ros.ament_cmake' and name 'planning'
[0.474s] Level 1:colcon.colcon_core.package_discovery:discover_packages(recursive) using defaults
[0.474s] Level 1:colcon.colcon_core.package_discovery:discover_packages(ignore) discover
[0.474s] Level 1:colcon.colcon_core.package_discovery:discover_packages(ignore) using defaults
[0.474s] Level 1:colcon.colcon_core.package_discovery:discover_packages(path) discover
[0.474s] Level 1:colcon.colcon_core.package_discovery:discover_packages(path) using defaults
[0.508s] Level 5:colcon.colcon_core.verb:set package 'actuators' build argument 'cmake_args' from command line to 'None'
[0.508s] Level 5:colcon.colcon_core.verb:set package 'actuators' build argument 'cmake_target' from command line to 'None'
[0.508s] Level 5:colcon.colcon_core.verb:set package 'actuators' build argument 'cmake_target_skip_unavailable' from command line to 'False'
[0.508s] Level 5:colcon.colcon_core.verb:set package 'actuators' build argument 'cmake_clean_cache' from command line to 'False'
[0.508s] Level 5:colcon.colcon_core.verb:set package 'actuators' build argument 'cmake_clean_first' from command line to 'False'
[0.508s] Level 5:colcon.colcon_core.verb:set package 'actuators' build argument 'cmake_force_configure' from command line to 'False'
[0.508s] Level 5:colcon.colcon_core.verb:set package 'actuators' build argument 'ament_cmake_args' from command line to 'None'
[0.508s] Level 5:colcon.colcon_core.verb:set package 'actuators' build argument 'catkin_cmake_args' from command line to 'None'
[0.508s] Level 5:colcon.colcon_core.verb:set package 'actuators' build argument 'catkin_skip_building_tests' from command line to 'False'
[0.508s] DEBUG:colcon.colcon_core.verb:Building package 'actuators' with the following arguments: {'ament_cmake_args': None, 'build_base': '/driverless/driverless_ws/build/actuators', 'catkin_cmake_args': None, 'catkin_skip_building_tests': False, 'cmake_args': None, 'cmake_clean_cache': False, 'cmake_clean_first': False, 'cmake_force_configure': False, 'cmake_target': None, 'cmake_target_skip_unavailable': False, 'install_base': '/driverless/driverless_ws/install/actuators', 'merge_install': False, 'path': '/driverless/driverless_ws/src/actuators', 'symlink_install': True, 'test_result_base': None}
[0.514s] Level 5:colcon.colcon_core.verb:set package 'collection' build argument 'cmake_args' from command line to 'None'
[0.514s] Level 5:colcon.colcon_core.verb:set package 'collection' build argument 'cmake_target' from command line to 'None'
[0.514s] Level 5:colcon.colcon_core.verb:set package 'collection' build argument 'cmake_target_skip_unavailable' from command line to 'False'
[0.514s] Level 5:colcon.colcon_core.verb:set package 'collection' build argument 'cmake_clean_cache' from command line to 'False'
[0.514s] Level 5:colcon.colcon_core.verb:set package 'collection' build argument 'cmake_clean_first' from command line to 'False'
[0.514s] Level 5:colcon.colcon_core.verb:set package 'collection' build argument 'cmake_force_configure' from command line to 'False'
[0.514s] Level 5:colcon.colcon_core.verb:set package 'collection' build argument 'ament_cmake_args' from command line to 'None'
[0.514s] Level 5:colcon.colcon_core.verb:set package 'collection' build argument 'catkin_cmake_args' from command line to 'None'
[0.514s] Level 5:colcon.colcon_core.verb:set package 'collection' build argument 'catkin_skip_building_tests' from command line to 'False'
[0.514s] DEBUG:colcon.colcon_core.verb:Building package 'collection' with the following arguments: {'ament_cmake_args': None, 'build_base': '/driverless/driverless_ws/build/collection', 'catkin_cmake_args': None, 'catkin_skip_building_tests': False, 'cmake_args': None, 'cmake_clean_cache': False, 'cmake_clean_first': False, 'cmake_force_configure': False, 'cmake_target': None, 'cmake_target_skip_unavailable': False, 'install_base': '/driverless/driverless_ws/install/collection', 'merge_install': False, 'path': '/driverless/driverless_ws/src/collection', 'symlink_install': True, 'test_result_base': None}
[0.520s] Level 5:colcon.colcon_core.verb:set package 'common' build argument 'cmake_args' from command line to 'None'
[0.520s] Level 5:colcon.colcon_core.verb:set package 'common' build argument 'cmake_target' from command line to 'None'
[0.520s] Level 5:colcon.colcon_core.verb:set package 'common' build argument 'cmake_target_skip_unavailable' from command line to 'False'
[0.520s] Level 5:colcon.colcon_core.verb:set package 'common' build argument 'cmake_clean_cache' from command line to 'False'
[0.520s] Level 5:colcon.colcon_core.verb:set package 'common' build argument 'cmake_clean_first' from command line to 'False'
[0.520s] Level 5:colcon.colcon_core.verb:set package 'common' build argument 'cmake_force_configure' from command line to 'False'
[0.520s] Level 5:colcon.colcon_core.verb:set package 'common' build argument 'ament_cmake_args' from command line to 'None'
[0.520s] Level 5:colcon.colcon_core.verb:set package 'common' build argument 'catkin_cmake_args' from command line to 'None'
[0.520s] Level 5:colcon.colcon_core.verb:set package 'common' build argument 'catkin_skip_building_tests' from command line to 'False'
[0.520s] DEBUG:colcon.colcon_core.verb:Building package 'common' with the following arguments: {'ament_cmake_args': None, 'build_base': '/driverless/driverless_ws/build/common', 'catkin_cmake_args': None, 'catkin_skip_building_tests': False, 'cmake_args': None, 'cmake_clean_cache': False, 'cmake_clean_first': False, 'cmake_force_configure': False, 'cmake_target': None, 'cmake_target_skip_unavailable': False, 'install_base': '/driverless/driverless_ws/install/common', 'merge_install': False, 'path': '/driverless/driverless_ws/src/common', 'symlink_install': True, 'test_result_base': None}
[0.526s] Level 5:colcon.colcon_core.verb:set package 'controls' build argument 'cmake_args' from command line to 'None'
[0.526s] Level 5:colcon.colcon_core.verb:set package 'controls' build argument 'cmake_target' from command line to 'None'
[0.526s] Level 5:colcon.colcon_core.verb:set package 'controls' build argument 'cmake_target_skip_unavailable' from command line to 'False'
[0.526s] Level 5:colcon.colcon_core.verb:set package 'controls' build argument 'cmake_clean_cache' from command line to 'False'
[0.526s] Level 5:colcon.colcon_core.verb:set package 'controls' build argument 'cmake_clean_first' from command line to 'False'
[0.526s] Level 5:colcon.colcon_core.verb:set package 'controls' build argument 'cmake_force_configure' from command line to 'False'
[0.526s] Level 5:colcon.colcon_core.verb:set package 'controls' build argument 'ament_cmake_args' from command line to 'None'
[0.526s] Level 5:colcon.colcon_core.verb:set package 'controls' build argument 'catkin_cmake_args' from command line to 'None'
[0.526s] Level 5:colcon.colcon_core.verb:set package 'controls' build argument 'catkin_skip_building_tests' from command line to 'False'
[0.526s] DEBUG:colcon.colcon_core.verb:Building package 'controls' with the following arguments: {'ament_cmake_args': None, 'build_base': '/driverless/driverless_ws/build/controls', 'catkin_cmake_args': None, 'catkin_skip_building_tests': False, 'cmake_args': None, 'cmake_clean_cache': False, 'cmake_clean_first': False, 'cmake_force_configure': False, 'cmake_target': None, 'cmake_target_skip_unavailable': False, 'install_base': '/driverless/driverless_ws/install/controls', 'merge_install': False, 'path': '/driverless/driverless_ws/src/controls', 'symlink_install': True, 'test_result_base': None}
[0.532s] Level 5:colcon.colcon_core.verb:set package 'eufs_msgs' build argument 'cmake_args' from command line to 'None'
[0.532s] Level 5:colcon.colcon_core.verb:set package 'eufs_msgs' build argument 'cmake_target' from command line to 'None'
[0.532s] Level 5:colcon.colcon_core.verb:set package 'eufs_msgs' build argument 'cmake_target_skip_unavailable' from command line to 'False'
[0.532s] Level 5:colcon.colcon_core.verb:set package 'eufs_msgs' build argument 'cmake_clean_cache' from command line to 'False'
[0.532s] Level 5:colcon.colcon_core.verb:set package 'eufs_msgs' build argument 'cmake_clean_first' from command line to 'False'
[0.532s] Level 5:colcon.colcon_core.verb:set package 'eufs_msgs' build argument 'cmake_force_configure' from command line to 'False'
[0.532s] Level 5:colcon.colcon_core.verb:set package 'eufs_msgs' build argument 'ament_cmake_args' from command line to 'None'
[0.532s] Level 5:colcon.colcon_core.verb:set package 'eufs_msgs' build argument 'catkin_cmake_args' from command line to 'None'
[0.532s] Level 5:colcon.colcon_core.verb:set package 'eufs_msgs' build argument 'catkin_skip_building_tests' from command line to 'False'
[0.532s] DEBUG:colcon.colcon_core.verb:Building package 'eufs_msgs' with the following arguments: {'ament_cmake_args': None, 'build_base': '/driverless/driverless_ws/build/eufs_msgs', 'catkin_cmake_args': None, 'catkin_skip_building_tests': False, 'cmake_args': None, 'cmake_clean_cache': False, 'cmake_clean_first': False, 'cmake_force_configure': False, 'cmake_target': None, 'cmake_target_skip_unavailable': False, 'install_base': '/driverless/driverless_ws/install/eufs_msgs', 'merge_install': False, 'path': '/driverless/driverless_ws/src/eufs_msgs', 'symlink_install': True, 'test_result_base': None}
[0.538s] Level 5:colcon.colcon_core.verb:set package 'interfaces' build argument 'cmake_args' from command line to 'None'
[0.538s] Level 5:colcon.colcon_core.verb:set package 'interfaces' build argument 'cmake_target' from command line to 'None'
[0.538s] Level 5:colcon.colcon_core.verb:set package 'interfaces' build argument 'cmake_target_skip_unavailable' from command line to 'False'
[0.538s] Level 5:colcon.colcon_core.verb:set package 'interfaces' build argument 'cmake_clean_cache' from command line to 'False'
[0.538s] Level 5:colcon.colcon_core.verb:set package 'interfaces' build argument 'cmake_clean_first' from command line to 'False'
[0.538s] Level 5:colcon.colcon_core.verb:set package 'interfaces' build argument 'cmake_force_configure' from command line to 'False'
[0.538s] Level 5:colcon.colcon_core.verb:set package 'interfaces' build argument 'ament_cmake_args' from command line to 'None'
[0.538s] Level 5:colcon.colcon_core.verb:set package 'interfaces' build argument 'catkin_cmake_args' from command line to 'None'
[0.538s] Level 5:colcon.colcon_core.verb:set package 'interfaces' build argument 'catkin_skip_building_tests' from command line to 'False'
[0.538s] DEBUG:colcon.colcon_core.verb:Building package 'interfaces' with the following arguments: {'ament_cmake_args': None, 'build_base': '/driverless/driverless_ws/build/interfaces', 'catkin_cmake_args': None, 'catkin_skip_building_tests': False, 'cmake_args': None, 'cmake_clean_cache': False, 'cmake_clean_first': False, 'cmake_force_configure': False, 'cmake_target': None, 'cmake_target_skip_unavailable': False, 'install_base': '/driverless/driverless_ws/install/interfaces', 'merge_install': False, 'path': '/driverless/driverless_ws/src/interfaces', 'symlink_install': True, 'test_result_base': None}
[0.544s] Level 5:colcon.colcon_core.verb:set package 'perceptions' build argument 'cmake_args' from command line to 'None'
[0.544s] Level 5:colcon.colcon_core.verb:set package 'perceptions' build argument 'cmake_target' from command line to 'None'
[0.544s] Level 5:colcon.colcon_core.verb:set package 'perceptions' build argument 'cmake_target_skip_unavailable' from command line to 'False'
[0.544s] Level 5:colcon.colcon_core.verb:set package 'perceptions' build argument 'cmake_clean_cache' from command line to 'False'
[0.544s] Level 5:colcon.colcon_core.verb:set package 'perceptions' build argument 'cmake_clean_first' from command line to 'False'
[0.544s] Level 5:colcon.colcon_core.verb:set package 'perceptions' build argument 'cmake_force_configure' from command line to 'False'
[0.545s] Level 5:colcon.colcon_core.verb:set package 'perceptions' build argument 'ament_cmake_args' from command line to 'None'
[0.545s] Level 5:colcon.colcon_core.verb:set package 'perceptions' build argument 'catkin_cmake_args' from command line to 'None'
[0.545s] Level 5:colcon.colcon_core.verb:set package 'perceptions' build argument 'catkin_skip_building_tests' from command line to 'False'
[0.545s] DEBUG:colcon.colcon_core.verb:Building package 'perceptions' with the following arguments: {'ament_cmake_args': None, 'build_base': '/driverless/driverless_ws/build/perceptions', 'catkin_cmake_args': None, 'catkin_skip_building_tests': False, 'cmake_args': None, 'cmake_clean_cache': False, 'cmake_clean_first': False, 'cmake_force_configure': False, 'cmake_target': None, 'cmake_target_skip_unavailable': False, 'install_base': '/driverless/driverless_ws/install/perceptions', 'merge_install': False, 'path': '/driverless/driverless_ws/src/perceptions', 'symlink_install': True, 'test_result_base': None}
[0.550s] Level 5:colcon.colcon_core.verb:set package 'planning' build argument 'cmake_args' from command line to 'None'
[0.550s] Level 5:colcon.colcon_core.verb:set package 'planning' build argument 'cmake_target' from command line to 'None'
[0.550s] Level 5:colcon.colcon_core.verb:set package 'planning' build argument 'cmake_target_skip_unavailable' from command line to 'False'
[0.550s] Level 5:colcon.colcon_core.verb:set package 'planning' build argument 'cmake_clean_cache' from command line to 'False'
[0.550s] Level 5:colcon.colcon_core.verb:set package 'planning' build argument 'cmake_clean_first' from command line to 'False'
[0.550s] Level 5:colcon.colcon_core.verb:set package 'planning' build argument 'cmake_force_configure' from command line to 'False'
[0.550s] Level 5:colcon.colcon_core.verb:set package 'planning' build argument 'ament_cmake_args' from command line to 'None'
[0.550s] Level 5:colcon.colcon_core.verb:set package 'planning' build argument 'catkin_cmake_args' from command line to 'None'
[0.550s] Level 5:colcon.colcon_core.verb:set package 'planning' build argument 'catkin_skip_building_tests' from command line to 'False'
[0.551s] DEBUG:colcon.colcon_core.verb:Building package 'planning' with the following arguments: {'ament_cmake_args': None, 'build_base': '/driverless/driverless_ws/build/planning', 'catkin_cmake_args': None, 'catkin_skip_building_tests': False, 'cmake_args': None, 'cmake_clean_cache': False, 'cmake_clean_first': False, 'cmake_force_configure': False, 'cmake_target': None, 'cmake_target_skip_unavailable': False, 'install_base': '/driverless/driverless_ws/install/planning', 'merge_install': False, 'path': '/driverless/driverless_ws/src/planning', 'symlink_install': True, 'test_result_base': None}
[0.552s] INFO:colcon.colcon_core.executor:Executing jobs using 'parallel' executor
[0.562s] DEBUG:colcon.colcon_parallel_executor.executor.parallel:run_until_complete
[0.563s] INFO:colcon.colcon_ros.task.ament_cmake.build:Building ROS package in '/driverless/driverless_ws/src/eufs_msgs' with build type 'ament_cmake'
[0.564s] INFO:colcon.colcon_cmake.task.cmake.build:Building CMake package in '/driverless/driverless_ws/src/eufs_msgs'
[0.572s] INFO:colcon.colcon_core.plugin_system:Skipping extension 'colcon_core.shell.bat': Not used on non-Windows systems
[0.573s] INFO:colcon.colcon_core.shell:Skip shell extension 'powershell' for command environment: Not usable outside of PowerShell
[0.573s] DEBUG:colcon.colcon_core.shell:Skip shell extension 'dsv' for command environment
[0.584s] INFO:colcon.colcon_ros.task.ament_cmake.build:Building ROS package in '/driverless/driverless_ws/src/actuators' with build type 'ament_cmake'
[0.585s] INFO:colcon.colcon_cmake.task.cmake.build:Building CMake package in '/driverless/driverless_ws/src/actuators'
[0.589s] INFO:colcon.colcon_core.shell:Skip shell extension 'powershell' for command environment: Not usable outside of PowerShell
[0.589s] DEBUG:colcon.colcon_core.shell:Skip shell extension 'dsv' for command environment
[0.602s] INFO:colcon.colcon_ros.task.ament_cmake.build:Building ROS package in '/driverless/driverless_ws/src/collection' with build type 'ament_cmake'
[0.602s] INFO:colcon.colcon_cmake.task.cmake.build:Building CMake package in '/driverless/driverless_ws/src/collection'
[0.607s] INFO:colcon.colcon_core.shell:Skip shell extension 'powershell' for command environment: Not usable outside of PowerShell
[0.607s] DEBUG:colcon.colcon_core.shell:Skip shell extension 'dsv' for command environment
[0.617s] INFO:colcon.colcon_ros.task.ament_cmake.build:Building ROS package in '/driverless/driverless_ws/src/common' with build type 'ament_cmake'
[0.618s] INFO:colcon.colcon_cmake.task.cmake.build:Building CMake package in '/driverless/driverless_ws/src/common'
[0.623s] INFO:colcon.colcon_core.shell:Skip shell extension 'powershell' for command environment: Not usable outside of PowerShell
[0.623s] DEBUG:colcon.colcon_core.shell:Skip shell extension 'dsv' for command environment
[0.634s] INFO:colcon.colcon_ros.task.ament_cmake.build:Building ROS package in '/driverless/driverless_ws/src/controls' with build type 'ament_cmake'
[0.634s] INFO:colcon.colcon_cmake.task.cmake.build:Building CMake package in '/driverless/driverless_ws/src/controls'
[0.639s] INFO:colcon.colcon_core.shell:Skip shell extension 'powershell' for command environment: Not usable outside of PowerShell
[0.639s] DEBUG:colcon.colcon_core.shell:Skip shell extension 'dsv' for command environment
[0.649s] INFO:colcon.colcon_ros.task.ament_cmake.build:Building ROS package in '/driverless/driverless_ws/src/interfaces' with build type 'ament_cmake'
[0.650s] INFO:colcon.colcon_cmake.task.cmake.build:Building CMake package in '/driverless/driverless_ws/src/interfaces'
[0.655s] INFO:colcon.colcon_core.shell:Skip shell extension 'powershell' for command environment: Not usable outside of PowerShell
[0.656s] DEBUG:colcon.colcon_core.shell:Skip shell extension 'dsv' for command environment
[0.666s] INFO:colcon.colcon_ros.task.ament_cmake.build:Building ROS package in '/driverless/driverless_ws/src/perceptions' with build type 'ament_cmake'
[0.667s] INFO:colcon.colcon_cmake.task.cmake.build:Building CMake package in '/driverless/driverless_ws/src/perceptions'
[0.671s] INFO:colcon.colcon_core.shell:Skip shell extension 'powershell' for command environment: Not usable outside of PowerShell
[0.671s] DEBUG:colcon.colcon_core.shell:Skip shell extension 'dsv' for command environment
[0.689s] DEBUG:colcon.colcon_core.event_handler.log_command:Invoking command in '/driverless/driverless_ws/build/eufs_msgs': CMAKE_PREFIX_PATH=/opt/ros/foxy /usr/bin/cmake --build /driverless/driverless_ws/build/eufs_msgs -- -j8 -l8
[0.692s] DEBUG:colcon.colcon_core.event_handler.log_command:Invoking command in '/driverless/driverless_ws/build/actuators': CMAKE_PREFIX_PATH=/opt/ros/foxy /usr/bin/cmake --build /driverless/driverless_ws/build/actuators -- -j8 -l8
[0.696s] DEBUG:colcon.colcon_core.event_handler.log_command:Invoking command in '/driverless/driverless_ws/build/collection': CMAKE_PREFIX_PATH=/opt/ros/foxy /usr/bin/cmake --build /driverless/driverless_ws/build/collection -- -j8 -l8
[0.701s] DEBUG:colcon.colcon_core.event_handler.log_command:Invoking command in '/driverless/driverless_ws/build/common': CMAKE_PREFIX_PATH=/opt/ros/foxy /usr/bin/cmake --build /driverless/driverless_ws/build/common -- -j8 -l8
[0.706s] DEBUG:colcon.colcon_core.event_handler.log_command:Invoking command in '/driverless/driverless_ws/build/controls': CMAKE_PREFIX_PATH=/opt/ros/foxy /usr/bin/cmake --build /driverless/driverless_ws/build/controls -- -j8 -l8
[0.710s] DEBUG:colcon.colcon_core.event_handler.log_command:Invoking command in '/driverless/driverless_ws/build/interfaces': CMAKE_PREFIX_PATH=/opt/ros/foxy /usr/bin/cmake --build /driverless/driverless_ws/build/interfaces -- -j8 -l8
[0.720s] DEBUG:colcon.colcon_core.event_handler.log_command:Invoking command in '/driverless/driverless_ws/build/perceptions': CMAKE_PREFIX_PATH=/opt/ros/foxy /usr/bin/cmake --build /driverless/driverless_ws/build/perceptions -- -j8 -l8
[0.742s] DEBUG:colcon.colcon_core.event_handler.log_command:Invoked command in '/driverless/driverless_ws/build/actuators' returned '0': CMAKE_PREFIX_PATH=/opt/ros/foxy /usr/bin/cmake --build /driverless/driverless_ws/build/actuators -- -j8 -l8
[0.749s] DEBUG:colcon.colcon_core.event_handler.log_command:Invoked command in '/driverless/driverless_ws/build/common' returned '0': CMAKE_PREFIX_PATH=/opt/ros/foxy /usr/bin/cmake --build /driverless/driverless_ws/build/common -- -j8 -l8
[0.752s] DEBUG:colcon.colcon_core.event_handler.log_command:Invoked command in '/driverless/driverless_ws/build/collection' returned '0': CMAKE_PREFIX_PATH=/opt/ros/foxy /usr/bin/cmake --build /driverless/driverless_ws/build/collection -- -j8 -l8
[0.762s] DEBUG:colcon.colcon_core.event_handler.log_command:Invoked command in '/driverless/driverless_ws/build/interfaces' returned '0': CMAKE_PREFIX_PATH=/opt/ros/foxy /usr/bin/cmake --build /driverless/driverless_ws/build/interfaces -- -j8 -l8
[0.769s] DEBUG:colcon.colcon_core.event_handler.log_command:Invoked command in '/driverless/driverless_ws/build/controls' returned '0': CMAKE_PREFIX_PATH=/opt/ros/foxy /usr/bin/cmake --build /driverless/driverless_ws/build/controls -- -j8 -l8
[0.775s] DEBUG:colcon.colcon_core.event_handler.log_command:Invoked command in '/driverless/driverless_ws/build/perceptions' returned '0': CMAKE_PREFIX_PATH=/opt/ros/foxy /usr/bin/cmake --build /driverless/driverless_ws/build/perceptions -- -j8 -l8
[0.799s] DEBUG:colcon.colcon_core.event_handler.log_command:Invoking command in '/driverless/driverless_ws/build/actuators': CMAKE_PREFIX_PATH=/opt/ros/foxy /usr/bin/cmake --install /driverless/driverless_ws/build/actuators
[0.804s] DEBUG:colcon.colcon_core.event_handler.log_command:Invoking command in '/driverless/driverless_ws/build/common': CMAKE_PREFIX_PATH=/opt/ros/foxy /usr/bin/cmake --install /driverless/driverless_ws/build/common
[0.811s] DEBUG:colcon.colcon_core.event_handler.log_command:Invoking command in '/driverless/driverless_ws/build/collection': CMAKE_PREFIX_PATH=/opt/ros/foxy /usr/bin/cmake --install /driverless/driverless_ws/build/collection
[0.817s] DEBUG:colcon.colcon_core.event_handler.log_command:Invoking command in '/driverless/driverless_ws/build/interfaces': CMAKE_PREFIX_PATH=/opt/ros/foxy /usr/bin/cmake --install /driverless/driverless_ws/build/interfaces
[0.830s] DEBUG:colcon.colcon_core.event_handler.log_command:Invoking command in '/driverless/driverless_ws/build/controls': CMAKE_PREFIX_PATH=/opt/ros/foxy /usr/bin/cmake --install /driverless/driverless_ws/build/controls
[0.839s] DEBUG:colcon.colcon_core.event_handler.log_command:Invoking command in '/driverless/driverless_ws/build/perceptions': CMAKE_PREFIX_PATH=/opt/ros/foxy /usr/bin/cmake --install /driverless/driverless_ws/build/perceptions
[0.857s] Level 1:colcon.colcon_core.environment:create_environment_scripts_only(collection)
[0.862s] DEBUG:colcon.colcon_core.event_handler.log_command:Invoked command in '/driverless/driverless_ws/build/collection' returned '0': CMAKE_PREFIX_PATH=/opt/ros/foxy /usr/bin/cmake --install /driverless/driverless_ws/build/collection
[0.874s] Level 1:colcon.colcon_core.environment:checking '/driverless/driverless_ws/install/collection' for CMake module files
[0.875s] Level 1:colcon.colcon_core.environment:checking '/driverless/driverless_ws/install/collection' for CMake config files
[0.876s] Level 1:colcon.colcon_core.shell:create_environment_hook('collection', 'cmake_prefix_path')
[0.885s] INFO:colcon.colcon_core.shell:Creating environment hook '/driverless/driverless_ws/install/collection/share/collection/hook/cmake_prefix_path.ps1'
[0.886s] INFO:colcon.colcon_core.shell:Creating environment descriptor '/driverless/driverless_ws/install/collection/share/collection/hook/cmake_prefix_path.dsv'
[0.886s] INFO:colcon.colcon_core.shell:Creating environment hook '/driverless/driverless_ws/install/collection/share/collection/hook/cmake_prefix_path.sh'
[0.888s] Level 1:colcon.colcon_core.environment:checking '/driverless/driverless_ws/install/collection/bin'
[0.888s] Level 1:colcon.colcon_core.environment:checking '/driverless/driverless_ws/install/collection/lib/pkgconfig/collection.pc'
[0.889s] Level 1:colcon.colcon_core.environment:checking '/driverless/driverless_ws/install/collection/lib/python3.8/site-packages'
[0.889s] Level 1:colcon.colcon_core.environment:checking '/driverless/driverless_ws/install/collection/bin'
[0.895s] INFO:colcon.colcon_core.shell:Creating package script '/driverless/driverless_ws/install/collection/share/collection/package.ps1'
[0.896s] INFO:colcon.colcon_core.shell:Creating package descriptor '/driverless/driverless_ws/install/collection/share/collection/package.dsv'
[0.897s] INFO:colcon.colcon_core.shell:Creating package script '/driverless/driverless_ws/install/collection/share/collection/package.sh'
[0.898s] INFO:colcon.colcon_core.shell:Creating package script '/driverless/driverless_ws/install/collection/share/collection/package.bash'
[0.898s] INFO:colcon.colcon_core.shell:Creating package script '/driverless/driverless_ws/install/collection/share/collection/package.zsh'
[0.899s] Level 1:colcon.colcon_core.environment:create_file_with_runtime_dependencies(/driverless/driverless_ws/install/collection/share/colcon-core/packages/collection)
[0.903s] Level 1:colcon.colcon_core.environment:create_environment_scripts_only(common)
[0.909s] DEBUG:colcon.colcon_core.event_handler.log_command:Invoked command in '/driverless/driverless_ws/build/common' returned '0': CMAKE_PREFIX_PATH=/opt/ros/foxy /usr/bin/cmake --install /driverless/driverless_ws/build/common
[0.910s] Level 1:colcon.colcon_core.environment:checking '/driverless/driverless_ws/install/common' for CMake module files
[0.911s] Level 1:colcon.colcon_core.environment:checking '/driverless/driverless_ws/install/common' for CMake config files
[0.911s] Level 1:colcon.colcon_core.shell:create_environment_hook('common', 'cmake_prefix_path')
[0.917s] INFO:colcon.colcon_core.shell:Creating environment hook '/driverless/driverless_ws/install/common/share/common/hook/cmake_prefix_path.ps1'
[0.917s] INFO:colcon.colcon_core.shell:Creating environment descriptor '/driverless/driverless_ws/install/common/share/common/hook/cmake_prefix_path.dsv'
[0.918s] INFO:colcon.colcon_core.shell:Creating environment hook '/driverless/driverless_ws/install/common/share/common/hook/cmake_prefix_path.sh'
[0.918s] Level 1:colcon.colcon_core.environment:checking '/driverless/driverless_ws/install/common/bin'
[0.918s] Level 1:colcon.colcon_core.environment:checking '/driverless/driverless_ws/install/common/lib/pkgconfig/common.pc'
[0.918s] Level 1:colcon.colcon_core.environment:checking '/driverless/driverless_ws/install/common/lib/python3.8/site-packages'
[0.919s] Level 1:colcon.colcon_core.environment:checking '/driverless/driverless_ws/install/common/bin'
[0.924s] INFO:colcon.colcon_core.shell:Creating package script '/driverless/driverless_ws/install/common/share/common/package.ps1'
[0.925s] INFO:colcon.colcon_core.shell:Creating package descriptor '/driverless/driverless_ws/install/common/share/common/package.dsv'
[0.925s] INFO:colcon.colcon_core.shell:Creating package script '/driverless/driverless_ws/install/common/share/common/package.sh'
[0.925s] INFO:colcon.colcon_core.shell:Creating package script '/driverless/driverless_ws/install/common/share/common/package.bash'
[0.926s] INFO:colcon.colcon_core.shell:Creating package script '/driverless/driverless_ws/install/common/share/common/package.zsh'
[0.926s] Level 1:colcon.colcon_core.environment:create_file_with_runtime_dependencies(/driverless/driverless_ws/install/common/share/colcon-core/packages/common)
[0.929s] Level 1:colcon.colcon_core.environment:create_environment_scripts_only(actuators)
[0.936s] Level 1:colcon.colcon_core.environment:checking '/driverless/driverless_ws/install/actuators' for CMake module files
[0.936s] DEBUG:colcon.colcon_core.event_handler.log_command:Invoked command in '/driverless/driverless_ws/build/actuators' returned '0': CMAKE_PREFIX_PATH=/opt/ros/foxy /usr/bin/cmake --install /driverless/driverless_ws/build/actuators
[0.936s] Level 1:colcon.colcon_core.environment:checking '/driverless/driverless_ws/install/actuators' for CMake config files
[0.937s] Level 1:colcon.colcon_core.shell:create_environment_hook('actuators', 'cmake_prefix_path')
[0.942s] INFO:colcon.colcon_core.shell:Creating environment hook '/driverless/driverless_ws/install/actuators/share/actuators/hook/cmake_prefix_path.ps1'
[0.942s] INFO:colcon.colcon_core.shell:Creating environment descriptor '/driverless/driverless_ws/install/actuators/share/actuators/hook/cmake_prefix_path.dsv'
[0.943s] INFO:colcon.colcon_core.shell:Creating environment hook '/driverless/driverless_ws/install/actuators/share/actuators/hook/cmake_prefix_path.sh'
[0.944s] Level 1:colcon.colcon_core.environment:checking '/driverless/driverless_ws/install/actuators/bin'
[0.944s] Level 1:colcon.colcon_core.environment:checking '/driverless/driverless_ws/install/actuators/lib/pkgconfig/actuators.pc'
[0.944s] Level 1:colcon.colcon_core.environment:checking '/driverless/driverless_ws/install/actuators/lib/python3.8/site-packages'
[0.944s] Level 1:colcon.colcon_core.environment:checking '/driverless/driverless_ws/install/actuators/bin'
[0.950s] INFO:colcon.colcon_core.shell:Creating package script '/driverless/driverless_ws/install/actuators/share/actuators/package.ps1'
[0.950s] INFO:colcon.colcon_core.shell:Creating package descriptor '/driverless/driverless_ws/install/actuators/share/actuators/package.dsv'
[0.951s] INFO:colcon.colcon_core.shell:Creating package script '/driverless/driverless_ws/install/actuators/share/actuators/package.sh'
[0.951s] INFO:colcon.colcon_core.shell:Creating package script '/driverless/driverless_ws/install/actuators/share/actuators/package.bash'
[0.951s] INFO:colcon.colcon_core.shell:Creating package script '/driverless/driverless_ws/install/actuators/share/actuators/package.zsh'
[0.952s] Level 1:colcon.colcon_core.environment:create_file_with_runtime_dependencies(/driverless/driverless_ws/install/actuators/share/colcon-core/packages/actuators)
[0.955s] Level 1:colcon.colcon_core.environment:create_environment_scripts_only(interfaces)
[0.962s] Level 1:colcon.colcon_core.environment:checking '/driverless/driverless_ws/install/interfaces' for CMake module files
[0.962s] DEBUG:colcon.colcon_core.event_handler.log_command:Invoked command in '/driverless/driverless_ws/build/interfaces' returned '0': CMAKE_PREFIX_PATH=/opt/ros/foxy /usr/bin/cmake --install /driverless/driverless_ws/build/interfaces
[0.962s] Level 1:colcon.colcon_core.environment:checking '/driverless/driverless_ws/install/interfaces' for CMake config files
[0.963s] Level 1:colcon.colcon_core.shell:create_environment_hook('interfaces', 'cmake_prefix_path')
[0.968s] INFO:colcon.colcon_core.shell:Creating environment hook '/driverless/driverless_ws/install/interfaces/share/interfaces/hook/cmake_prefix_path.ps1'
[0.969s] INFO:colcon.colcon_core.shell:Creating environment descriptor '/driverless/driverless_ws/install/interfaces/share/interfaces/hook/cmake_prefix_path.dsv'
[0.970s] INFO:colcon.colcon_core.shell:Creating environment hook '/driverless/driverless_ws/install/interfaces/share/interfaces/hook/cmake_prefix_path.sh'
[0.970s] Level 1:colcon.colcon_core.environment:checking '/driverless/driverless_ws/install/interfaces/bin'
[0.970s] Level 1:colcon.colcon_core.environment:checking '/driverless/driverless_ws/install/interfaces/lib/pkgconfig/interfaces.pc'
[0.970s] Level 1:colcon.colcon_core.environment:checking '/driverless/driverless_ws/install/interfaces/lib/python3.8/site-packages'
[0.971s] Level 1:colcon.colcon_core.environment:checking '/driverless/driverless_ws/install/interfaces/bin'
[0.976s] INFO:colcon.colcon_core.shell:Creating package script '/driverless/driverless_ws/install/interfaces/share/interfaces/package.ps1'
[0.976s] INFO:colcon.colcon_core.shell:Creating package descriptor '/driverless/driverless_ws/install/interfaces/share/interfaces/package.dsv'
[0.976s] INFO:colcon.colcon_core.shell:Creating package script '/driverless/driverless_ws/install/interfaces/share/interfaces/package.sh'
[0.977s] INFO:colcon.colcon_core.shell:Creating package script '/driverless/driverless_ws/install/interfaces/share/interfaces/package.bash'
[0.977s] INFO:colcon.colcon_core.shell:Creating package script '/driverless/driverless_ws/install/interfaces/share/interfaces/package.zsh'
[0.977s] Level 1:colcon.colcon_core.environment:create_file_with_runtime_dependencies(/driverless/driverless_ws/install/interfaces/share/colcon-core/packages/interfaces)
[0.982s] Level 1:colcon.colcon_core.environment:create_environment_scripts_only(perceptions)
[0.989s] Level 1:colcon.colcon_core.environment:checking '/driverless/driverless_ws/install/perceptions' for CMake module files
[0.990s] DEBUG:colcon.colcon_core.event_handler.log_command:Invoked command in '/driverless/driverless_ws/build/perceptions' returned '0': CMAKE_PREFIX_PATH=/opt/ros/foxy /usr/bin/cmake --install /driverless/driverless_ws/build/perceptions
[0.990s] Level 1:colcon.colcon_core.environment:checking '/driverless/driverless_ws/install/perceptions' for CMake config files
[0.990s] Level 1:colcon.colcon_core.shell:create_environment_hook('perceptions', 'cmake_prefix_path')
[0.999s] INFO:colcon.colcon_core.shell:Creating environment hook '/driverless/driverless_ws/install/perceptions/share/perceptions/hook/cmake_prefix_path.ps1'
[1.000s] INFO:colcon.colcon_core.shell:Creating environment descriptor '/driverless/driverless_ws/install/perceptions/share/perceptions/hook/cmake_prefix_path.dsv'
[1.000s] INFO:colcon.colcon_core.shell:Creating environment hook '/driverless/driverless_ws/install/perceptions/share/perceptions/hook/cmake_prefix_path.sh'
[1.001s] Level 1:colcon.colcon_core.environment:checking '/driverless/driverless_ws/install/perceptions/bin'
[1.001s] Level 1:colcon.colcon_core.environment:checking '/driverless/driverless_ws/install/perceptions/lib/pkgconfig/perceptions.pc'
[1.002s] Level 1:colcon.colcon_core.environment:checking '/driverless/driverless_ws/install/perceptions/lib/python3.8/site-packages'
[1.002s] Level 1:colcon.colcon_core.environment:checking '/driverless/driverless_ws/install/perceptions/bin'
[1.011s] INFO:colcon.colcon_core.shell:Creating package script '/driverless/driverless_ws/install/perceptions/share/perceptions/package.ps1'
[1.012s] INFO:colcon.colcon_core.shell:Creating package descriptor '/driverless/driverless_ws/install/perceptions/share/perceptions/package.dsv'
[1.013s] INFO:colcon.colcon_core.shell:Creating package script '/driverless/driverless_ws/install/perceptions/share/perceptions/package.sh'
[1.013s] INFO:colcon.colcon_core.shell:Creating package script '/driverless/driverless_ws/install/perceptions/share/perceptions/package.bash'
[1.014s] INFO:colcon.colcon_core.shell:Creating package script '/driverless/driverless_ws/install/perceptions/share/perceptions/package.zsh'
[1.014s] Level 1:colcon.colcon_core.environment:create_file_with_runtime_dependencies(/driverless/driverless_ws/install/perceptions/share/colcon-core/packages/perceptions)
[1.018s] Level 1:colcon.colcon_core.environment:create_environment_scripts_only(controls)
[1.029s] Level 1:colcon.colcon_core.environment:checking '/driverless/driverless_ws/install/controls' for CMake module files
[1.030s] DEBUG:colcon.colcon_core.event_handler.log_command:Invoked command in '/driverless/driverless_ws/build/controls' returned '0': CMAKE_PREFIX_PATH=/opt/ros/foxy /usr/bin/cmake --install /driverless/driverless_ws/build/controls
[1.032s] Level 1:colcon.colcon_core.environment:checking '/driverless/driverless_ws/install/controls' for CMake config files
[1.032s] Level 1:colcon.colcon_core.shell:create_environment_hook('controls', 'cmake_prefix_path')
[1.046s] INFO:colcon.colcon_core.shell:Creating environment hook '/driverless/driverless_ws/install/controls/share/controls/hook/cmake_prefix_path.ps1'
[1.047s] INFO:colcon.colcon_core.shell:Creating environment descriptor '/driverless/driverless_ws/install/controls/share/controls/hook/cmake_prefix_path.dsv'
[1.048s] INFO:colcon.colcon_core.shell:Creating environment hook '/driverless/driverless_ws/install/controls/share/controls/hook/cmake_prefix_path.sh'
[1.048s] Level 1:colcon.colcon_core.environment:checking '/driverless/driverless_ws/install/controls/bin'
[1.049s] Level 1:colcon.colcon_core.environment:checking '/driverless/driverless_ws/install/controls/lib/pkgconfig/controls.pc'
[1.049s] Level 1:colcon.colcon_core.environment:checking '/driverless/driverless_ws/install/controls/lib/python3.8/site-packages'
[1.049s] Level 1:colcon.colcon_core.environment:checking '/driverless/driverless_ws/install/controls/bin'
[1.059s] INFO:colcon.colcon_core.shell:Creating package script '/driverless/driverless_ws/install/controls/share/controls/package.ps1'
[1.059s] INFO:colcon.colcon_core.shell:Creating package descriptor '/driverless/driverless_ws/install/controls/share/controls/package.dsv'
[1.060s] INFO:colcon.colcon_core.shell:Creating package script '/driverless/driverless_ws/install/controls/share/controls/package.sh'
[1.061s] INFO:colcon.colcon_core.shell:Creating package script '/driverless/driverless_ws/install/controls/share/controls/package.bash'
[1.061s] INFO:colcon.colcon_core.shell:Creating package script '/driverless/driverless_ws/install/controls/share/controls/package.zsh'
[1.061s] Level 1:colcon.colcon_core.environment:create_file_with_runtime_dependencies(/driverless/driverless_ws/install/controls/share/colcon-core/packages/controls)
[1.090s] Level 1:colcon.colcon_core.environment:create_environment_scripts_only(collection)
[1.100s] Level 1:colcon.colcon_core.environment:checking '/driverless/driverless_ws/install/collection' for CMake module files
[1.101s] Level 1:colcon.colcon_core.environment:checking '/driverless/driverless_ws/install/collection' for CMake config files
[1.101s] Level 1:colcon.colcon_core.shell:create_environment_hook('collection', 'cmake_prefix_path')
[1.110s] INFO:colcon.colcon_core.shell:Creating environment hook '/driverless/driverless_ws/install/collection/share/collection/hook/cmake_prefix_path.ps1'
[1.111s] INFO:colcon.colcon_core.shell:Creating environment descriptor '/driverless/driverless_ws/install/collection/share/collection/hook/cmake_prefix_path.dsv'
[1.111s] INFO:colcon.colcon_core.shell:Creating environment hook '/driverless/driverless_ws/install/collection/share/collection/hook/cmake_prefix_path.sh'
[1.112s] Level 1:colcon.colcon_core.environment:checking '/driverless/driverless_ws/install/collection/bin'
[1.112s] Level 1:colcon.colcon_core.environment:checking '/driverless/driverless_ws/install/collection/lib/pkgconfig/collection.pc'
[1.113s] Level 1:colcon.colcon_core.environment:checking '/driverless/driverless_ws/install/collection/lib/python3.8/site-packages'
[1.113s] Level 1:colcon.colcon_core.environment:checking '/driverless/driverless_ws/install/collection/bin'
[1.123s] INFO:colcon.colcon_core.shell:Creating package script '/driverless/driverless_ws/install/collection/share/collection/package.ps1'
[1.123s] INFO:colcon.colcon_core.shell:Creating package descriptor '/driverless/driverless_ws/install/collection/share/collection/package.dsv'
[1.124s] INFO:colcon.colcon_core.shell:Creating package script '/driverless/driverless_ws/install/collection/share/collection/package.sh'
[1.125s] INFO:colcon.colcon_core.shell:Creating package script '/driverless/driverless_ws/install/collection/share/collection/package.bash'
[1.126s] INFO:colcon.colcon_core.shell:Creating package script '/driverless/driverless_ws/install/collection/share/collection/package.zsh'
[1.126s] Level 1:colcon.colcon_core.environment:create_file_with_runtime_dependencies(/driverless/driverless_ws/install/collection/share/colcon-core/packages/collection)
[1.134s] Level 1:colcon.colcon_core.environment:create_environment_scripts_only(common)
[1.141s] Level 1:colcon.colcon_core.environment:checking '/driverless/driverless_ws/install/common' for CMake module files
[1.143s] Level 1:colcon.colcon_core.environment:checking '/driverless/driverless_ws/install/common' for CMake config files
[1.143s] Level 1:colcon.colcon_core.shell:create_environment_hook('common', 'cmake_prefix_path')
[1.148s] INFO:colcon.colcon_core.shell:Creating environment hook '/driverless/driverless_ws/install/common/share/common/hook/cmake_prefix_path.ps1'
[1.148s] INFO:colcon.colcon_core.shell:Creating environment descriptor '/driverless/driverless_ws/install/common/share/common/hook/cmake_prefix_path.dsv'
[1.149s] INFO:colcon.colcon_core.shell:Creating environment hook '/driverless/driverless_ws/install/common/share/common/hook/cmake_prefix_path.sh'
[1.149s] Level 1:colcon.colcon_core.environment:checking '/driverless/driverless_ws/install/common/bin'
[1.149s] Level 1:colcon.colcon_core.environment:checking '/driverless/driverless_ws/install/common/lib/pkgconfig/common.pc'
[1.150s] Level 1:colcon.colcon_core.environment:checking '/driverless/driverless_ws/install/common/lib/python3.8/site-packages'
[1.150s] Level 1:colcon.colcon_core.environment:checking '/driverless/driverless_ws/install/common/bin'
[1.155s] INFO:colcon.colcon_core.shell:Creating package script '/driverless/driverless_ws/install/common/share/common/package.ps1'
[1.155s] INFO:colcon.colcon_core.shell:Creating package descriptor '/driverless/driverless_ws/install/common/share/common/package.dsv'
[1.156s] INFO:colcon.colcon_core.shell:Creating package script '/driverless/driverless_ws/install/common/share/common/package.sh'
[1.157s] INFO:colcon.colcon_core.shell:Creating package script '/driverless/driverless_ws/install/common/share/common/package.bash'
[1.157s] INFO:colcon.colcon_core.shell:Creating package script '/driverless/driverless_ws/install/common/share/common/package.zsh'
[1.157s] Level 1:colcon.colcon_core.environment:create_file_with_runtime_dependencies(/driverless/driverless_ws/install/common/share/colcon-core/packages/common)
[1.161s] Level 1:colcon.colcon_core.environment:create_environment_scripts_only(actuators)
[1.166s] Level 1:colcon.colcon_core.environment:checking '/driverless/driverless_ws/install/actuators' for CMake module files
[1.167s] Level 1:colcon.colcon_core.environment:checking '/driverless/driverless_ws/install/actuators' for CMake config files
[1.167s] Level 1:colcon.colcon_core.shell:create_environment_hook('actuators', 'cmake_prefix_path')
[1.172s] INFO:colcon.colcon_core.shell:Creating environment hook '/driverless/driverless_ws/install/actuators/share/actuators/hook/cmake_prefix_path.ps1'
[1.173s] INFO:colcon.colcon_core.shell:Creating environment descriptor '/driverless/driverless_ws/install/actuators/share/actuators/hook/cmake_prefix_path.dsv'
[1.173s] INFO:colcon.colcon_core.shell:Creating environment hook '/driverless/driverless_ws/install/actuators/share/actuators/hook/cmake_prefix_path.sh'
[1.174s] Level 1:colcon.colcon_core.environment:checking '/driverless/driverless_ws/install/actuators/bin'
[1.174s] Level 1:colcon.colcon_core.environment:checking '/driverless/driverless_ws/install/actuators/lib/pkgconfig/actuators.pc'
[1.174s] Level 1:colcon.colcon_core.environment:checking '/driverless/driverless_ws/install/actuators/lib/python3.8/site-packages'
[1.174s] Level 1:colcon.colcon_core.environment:checking '/driverless/driverless_ws/install/actuators/bin'
[1.179s] INFO:colcon.colcon_core.shell:Creating package script '/driverless/driverless_ws/install/actuators/share/actuators/package.ps1'
[1.179s] INFO:colcon.colcon_core.shell:Creating package descriptor '/driverless/driverless_ws/install/actuators/share/actuators/package.dsv'
[1.179s] INFO:colcon.colcon_core.shell:Creating package script '/driverless/driverless_ws/install/actuators/share/actuators/package.sh'
[1.180s] INFO:colcon.colcon_core.shell:Creating package script '/driverless/driverless_ws/install/actuators/share/actuators/package.bash'
[1.180s] INFO:colcon.colcon_core.shell:Creating package script '/driverless/driverless_ws/install/actuators/share/actuators/package.zsh'
[1.180s] Level 1:colcon.colcon_core.environment:create_file_with_runtime_dependencies(/driverless/driverless_ws/install/actuators/share/colcon-core/packages/actuators)
[1.187s] Level 1:colcon.colcon_core.environment:create_environment_scripts_only(interfaces)
[1.191s] Level 1:colcon.colcon_core.environment:checking '/driverless/driverless_ws/install/interfaces' for CMake module files
[1.192s] Level 1:colcon.colcon_core.environment:checking '/driverless/driverless_ws/install/interfaces' for CMake config files
[1.192s] Level 1:colcon.colcon_core.shell:create_environment_hook('interfaces', 'cmake_prefix_path')
[1.195s] INFO:colcon.colcon_core.shell:Creating environment hook '/driverless/driverless_ws/install/interfaces/share/interfaces/hook/cmake_prefix_path.ps1'
[1.196s] INFO:colcon.colcon_core.shell:Creating environment descriptor '/driverless/driverless_ws/install/interfaces/share/interfaces/hook/cmake_prefix_path.dsv'
[1.196s] INFO:colcon.colcon_core.shell:Creating environment hook '/driverless/driverless_ws/install/interfaces/share/interfaces/hook/cmake_prefix_path.sh'
[1.196s] Level 1:colcon.colcon_core.environment:checking '/driverless/driverless_ws/install/interfaces/bin'
[1.197s] Level 1:colcon.colcon_core.environment:checking '/driverless/driverless_ws/install/interfaces/lib/pkgconfig/interfaces.pc'
[1.197s] Level 1:colcon.colcon_core.environment:checking '/driverless/driverless_ws/install/interfaces/lib/python3.8/site-packages'
[1.197s] Level 1:colcon.colcon_core.environment:checking '/driverless/driverless_ws/install/interfaces/bin'
[1.203s] INFO:colcon.colcon_core.shell:Creating package script '/driverless/driverless_ws/install/interfaces/share/interfaces/package.ps1'
[1.203s] INFO:colcon.colcon_core.shell:Creating package descriptor '/driverless/driverless_ws/install/interfaces/share/interfaces/package.dsv'
[1.204s] INFO:colcon.colcon_core.shell:Creating package script '/driverless/driverless_ws/install/interfaces/share/interfaces/package.sh'
[1.204s] INFO:colcon.colcon_core.shell:Creating package script '/driverless/driverless_ws/install/interfaces/share/interfaces/package.bash'
[1.204s] INFO:colcon.colcon_core.shell:Creating package script '/driverless/driverless_ws/install/interfaces/share/interfaces/package.zsh'
[1.205s] Level 1:colcon.colcon_core.environment:create_file_with_runtime_dependencies(/driverless/driverless_ws/install/interfaces/share/colcon-core/packages/interfaces)
[1.211s] Level 1:colcon.colcon_core.environment:create_environment_scripts_only(perceptions)
[1.218s] Level 1:colcon.colcon_core.environment:checking '/driverless/driverless_ws/install/perceptions' for CMake module files
[1.219s] Level 1:colcon.colcon_core.environment:checking '/driverless/driverless_ws/install/perceptions' for CMake config files
[1.219s] Level 1:colcon.colcon_core.shell:create_environment_hook('perceptions', 'cmake_prefix_path')
[1.223s] INFO:colcon.colcon_core.shell:Creating environment hook '/driverless/driverless_ws/install/perceptions/share/perceptions/hook/cmake_prefix_path.ps1'
[1.223s] INFO:colcon.colcon_core.shell:Creating environment descriptor '/driverless/driverless_ws/install/perceptions/share/perceptions/hook/cmake_prefix_path.dsv'
[1.224s] INFO:colcon.colcon_core.shell:Creating environment hook '/driverless/driverless_ws/install/perceptions/share/perceptions/hook/cmake_prefix_path.sh'
[1.224s] Level 1:colcon.colcon_core.environment:checking '/driverless/driverless_ws/install/perceptions/bin'
[1.224s] Level 1:colcon.colcon_core.environment:checking '/driverless/driverless_ws/install/perceptions/lib/pkgconfig/perceptions.pc'
[1.224s] Level 1:colcon.colcon_core.environment:checking '/driverless/driverless_ws/install/perceptions/lib/python3.8/site-packages'
[1.225s] Level 1:colcon.colcon_core.environment:checking '/driverless/driverless_ws/install/perceptions/bin'
[1.228s] INFO:colcon.colcon_core.shell:Creating package script '/driverless/driverless_ws/install/perceptions/share/perceptions/package.ps1'
[1.229s] INFO:colcon.colcon_core.shell:Creating package descriptor '/driverless/driverless_ws/install/perceptions/share/perceptions/package.dsv'
[1.229s] INFO:colcon.colcon_core.shell:Creating package script '/driverless/driverless_ws/install/perceptions/share/perceptions/package.sh'
[1.229s] INFO:colcon.colcon_core.shell:Creating package script '/driverless/driverless_ws/install/perceptions/share/perceptions/package.bash'
[1.230s] INFO:colcon.colcon_core.shell:Creating package script '/driverless/driverless_ws/install/perceptions/share/perceptions/package.zsh'
[1.230s] Level 1:colcon.colcon_core.environment:create_file_with_runtime_dependencies(/driverless/driverless_ws/install/perceptions/share/colcon-core/packages/perceptions)
[1.237s] Level 1:colcon.colcon_core.environment:create_environment_scripts_only(controls)
[1.242s] Level 1:colcon.colcon_core.environment:checking '/driverless/driverless_ws/install/controls' for CMake module files
[1.243s] Level 1:colcon.colcon_core.environment:checking '/driverless/driverless_ws/install/controls' for CMake config files
[1.244s] Level 1:colcon.colcon_core.shell:create_environment_hook('controls', 'cmake_prefix_path')
[1.248s] INFO:colcon.colcon_core.shell:Creating environment hook '/driverless/driverless_ws/install/controls/share/controls/hook/cmake_prefix_path.ps1'
[1.249s] INFO:colcon.colcon_core.shell:Creating environment descriptor '/driverless/driverless_ws/install/controls/share/controls/hook/cmake_prefix_path.dsv'
[1.249s] INFO:colcon.colcon_core.shell:Creating environment hook '/driverless/driverless_ws/install/controls/share/controls/hook/cmake_prefix_path.sh'
[1.250s] Level 1:colcon.colcon_core.environment:checking '/driverless/driverless_ws/install/controls/bin'
[1.250s] Level 1:colcon.colcon_core.environment:checking '/driverless/driverless_ws/install/controls/lib/pkgconfig/controls.pc'
[1.250s] Level 1:colcon.colcon_core.environment:checking '/driverless/driverless_ws/install/controls/lib/python3.8/site-packages'
[1.250s] Level 1:colcon.colcon_core.environment:checking '/driverless/driverless_ws/install/controls/bin'
[1.255s] INFO:colcon.colcon_core.shell:Creating package script '/driverless/driverless_ws/install/controls/share/controls/package.ps1'
[1.256s] INFO:colcon.colcon_core.shell:Creating package descriptor '/driverless/driverless_ws/install/controls/share/controls/package.dsv'
[1.256s] INFO:colcon.colcon_core.shell:Creating package script '/driverless/driverless_ws/install/controls/share/controls/package.sh'
[1.257s] INFO:colcon.colcon_core.shell:Creating package script '/driverless/driverless_ws/install/controls/share/controls/package.bash'
[1.257s] INFO:colcon.colcon_core.shell:Creating package script '/driverless/driverless_ws/install/controls/share/controls/package.zsh'
[1.257s] Level 1:colcon.colcon_core.environment:create_file_with_runtime_dependencies(/driverless/driverless_ws/install/controls/share/colcon-core/packages/controls)
[1.260s] DEBUG:colcon.colcon_core.event_handler.log_command:Invoked command in '/driverless/driverless_ws/build/eufs_msgs' returned '0': CMAKE_PREFIX_PATH=/opt/ros/foxy /usr/bin/cmake --build /driverless/driverless_ws/build/eufs_msgs -- -j8 -l8
[1.973s] DEBUG:colcon.colcon_core.event_handler.log_command:Invoking command in '/driverless/driverless_ws/build/eufs_msgs': CMAKE_PREFIX_PATH=/opt/ros/foxy /usr/bin/cmake --install /driverless/driverless_ws/build/eufs_msgs
[2.145s] Level 1:colcon.colcon_core.environment:create_environment_scripts_only(eufs_msgs)
[2.153s] Level 1:colcon.colcon_core.environment:checking '/driverless/driverless_ws/install/eufs_msgs' for CMake module files
[2.154s] DEBUG:colcon.colcon_core.event_handler.log_command:Invoked command in '/driverless/driverless_ws/build/eufs_msgs' returned '0': CMAKE_PREFIX_PATH=/opt/ros/foxy /usr/bin/cmake --install /driverless/driverless_ws/build/eufs_msgs
[2.155s] Level 1:colcon.colcon_core.environment:checking '/driverless/driverless_ws/install/eufs_msgs' for CMake config files
[2.160s] Level 1:colcon.colcon_core.shell:create_environment_hook('eufs_msgs', 'cmake_prefix_path')
[2.165s] INFO:colcon.colcon_core.shell:Creating environment hook '/driverless/driverless_ws/install/eufs_msgs/share/eufs_msgs/hook/cmake_prefix_path.ps1'
[2.166s] INFO:colcon.colcon_core.shell:Creating environment descriptor '/driverless/driverless_ws/install/eufs_msgs/share/eufs_msgs/hook/cmake_prefix_path.dsv'
[2.166s] INFO:colcon.colcon_core.shell:Creating environment hook '/driverless/driverless_ws/install/eufs_msgs/share/eufs_msgs/hook/cmake_prefix_path.sh'
[2.167s] Level 1:colcon.colcon_core.environment:checking '/driverless/driverless_ws/install/eufs_msgs/lib'
[2.167s] Level 1:colcon.colcon_core.shell:create_environment_hook('eufs_msgs', 'ld_library_path_lib')
[2.173s] INFO:colcon.colcon_core.shell:Creating environment hook '/driverless/driverless_ws/install/eufs_msgs/share/eufs_msgs/hook/ld_library_path_lib.ps1'
[2.173s] INFO:colcon.colcon_core.shell:Creating environment descriptor '/driverless/driverless_ws/install/eufs_msgs/share/eufs_msgs/hook/ld_library_path_lib.dsv'
[2.174s] INFO:colcon.colcon_core.shell:Creating environment hook '/driverless/driverless_ws/install/eufs_msgs/share/eufs_msgs/hook/ld_library_path_lib.sh'
[2.174s] Level 1:colcon.colcon_core.environment:checking '/driverless/driverless_ws/install/eufs_msgs/bin'
[2.174s] Level 1:colcon.colcon_core.environment:checking '/driverless/driverless_ws/install/eufs_msgs/lib/pkgconfig/eufs_msgs.pc'
[2.174s] Level 1:colcon.colcon_core.environment:checking '/driverless/driverless_ws/install/eufs_msgs/lib/python3.8/site-packages'
[2.174s] Level 1:colcon.colcon_core.shell:create_environment_hook('eufs_msgs', 'pythonpath')
[2.180s] INFO:colcon.colcon_core.shell:Creating environment hook '/driverless/driverless_ws/install/eufs_msgs/share/eufs_msgs/hook/pythonpath.ps1'
[2.181s] INFO:colcon.colcon_core.shell:Creating environment descriptor '/driverless/driverless_ws/install/eufs_msgs/share/eufs_msgs/hook/pythonpath.dsv'
[2.182s] INFO:colcon.colcon_core.shell:Creating environment hook '/driverless/driverless_ws/install/eufs_msgs/share/eufs_msgs/hook/pythonpath.sh'
[2.183s] Level 1:colcon.colcon_core.environment:checking '/driverless/driverless_ws/install/eufs_msgs/bin'
[2.187s] INFO:colcon.colcon_core.shell:Creating package script '/driverless/driverless_ws/install/eufs_msgs/share/eufs_msgs/package.ps1'
[2.188s] INFO:colcon.colcon_core.shell:Creating package descriptor '/driverless/driverless_ws/install/eufs_msgs/share/eufs_msgs/package.dsv'
[2.188s] INFO:colcon.colcon_core.shell:Creating package script '/driverless/driverless_ws/install/eufs_msgs/share/eufs_msgs/package.sh'
[2.188s] INFO:colcon.colcon_core.shell:Creating package script '/driverless/driverless_ws/install/eufs_msgs/share/eufs_msgs/package.bash'
[2.189s] INFO:colcon.colcon_core.shell:Creating package script '/driverless/driverless_ws/install/eufs_msgs/share/eufs_msgs/package.zsh'
[2.189s] Level 1:colcon.colcon_core.environment:create_file_with_runtime_dependencies(/driverless/driverless_ws/install/eufs_msgs/share/colcon-core/packages/eufs_msgs)
[3.044s] Level 1:colcon.colcon_core.environment:create_environment_scripts_only(eufs_msgs)
[3.050s] Level 1:colcon.colcon_core.environment:checking '/driverless/driverless_ws/install/eufs_msgs' for CMake module files
[3.050s] Level 1:colcon.colcon_core.environment:checking '/driverless/driverless_ws/install/eufs_msgs' for CMake config files
[3.054s] Level 1:colcon.colcon_core.shell:create_environment_hook('eufs_msgs', 'cmake_prefix_path')
[3.058s] INFO:colcon.colcon_core.shell:Creating environment hook '/driverless/driverless_ws/install/eufs_msgs/share/eufs_msgs/hook/cmake_prefix_path.ps1'
[3.058s] INFO:colcon.colcon_core.shell:Creating environment descriptor '/driverless/driverless_ws/install/eufs_msgs/share/eufs_msgs/hook/cmake_prefix_path.dsv'
[3.058s] INFO:colcon.colcon_core.shell:Creating environment hook '/driverless/driverless_ws/install/eufs_msgs/share/eufs_msgs/hook/cmake_prefix_path.sh'
[3.059s] Level 1:colcon.colcon_core.environment:checking '/driverless/driverless_ws/install/eufs_msgs/lib'
[3.059s] Level 1:colcon.colcon_core.shell:create_environment_hook('eufs_msgs', 'ld_library_path_lib')
[3.063s] INFO:colcon.colcon_core.shell:Creating environment hook '/driverless/driverless_ws/install/eufs_msgs/share/eufs_msgs/hook/ld_library_path_lib.ps1'
[3.063s] INFO:colcon.colcon_core.shell:Creating environment descriptor '/driverless/driverless_ws/install/eufs_msgs/share/eufs_msgs/hook/ld_library_path_lib.dsv'
[3.063s] INFO:colcon.colcon_core.shell:Creating environment hook '/driverless/driverless_ws/install/eufs_msgs/share/eufs_msgs/hook/ld_library_path_lib.sh'
[3.063s] Level 1:colcon.colcon_core.environment:checking '/driverless/driverless_ws/install/eufs_msgs/bin'
[3.063s] Level 1:colcon.colcon_core.environment:checking '/driverless/driverless_ws/install/eufs_msgs/lib/pkgconfig/eufs_msgs.pc'
[3.064s] Level 1:colcon.colcon_core.environment:checking '/driverless/driverless_ws/install/eufs_msgs/lib/python3.8/site-packages'
[3.064s] Level 1:colcon.colcon_core.shell:create_environment_hook('eufs_msgs', 'pythonpath')
[3.067s] INFO:colcon.colcon_core.shell:Creating environment hook '/driverless/driverless_ws/install/eufs_msgs/share/eufs_msgs/hook/pythonpath.ps1'
[3.067s] INFO:colcon.colcon_core.shell:Creating environment descriptor '/driverless/driverless_ws/install/eufs_msgs/share/eufs_msgs/hook/pythonpath.dsv'
[3.067s] INFO:colcon.colcon_core.shell:Creating environment hook '/driverless/driverless_ws/install/eufs_msgs/share/eufs_msgs/hook/pythonpath.sh'
[3.068s] Level 1:colcon.colcon_core.environment:checking '/driverless/driverless_ws/install/eufs_msgs/bin'
[3.071s] INFO:colcon.colcon_core.shell:Creating package script '/driverless/driverless_ws/install/eufs_msgs/share/eufs_msgs/package.ps1'
[3.072s] INFO:colcon.colcon_core.shell:Creating package descriptor '/driverless/driverless_ws/install/eufs_msgs/share/eufs_msgs/package.dsv'
[3.072s] INFO:colcon.colcon_core.shell:Creating package script '/driverless/driverless_ws/install/eufs_msgs/share/eufs_msgs/package.sh'
[3.072s] INFO:colcon.colcon_core.shell:Creating package script '/driverless/driverless_ws/install/eufs_msgs/share/eufs_msgs/package.bash'
[3.073s] INFO:colcon.colcon_core.shell:Creating package script '/driverless/driverless_ws/install/eufs_msgs/share/eufs_msgs/package.zsh'
[3.073s] Level 1:colcon.colcon_core.environment:create_file_with_runtime_dependencies(/driverless/driverless_ws/install/eufs_msgs/share/colcon-core/packages/eufs_msgs)
[3.074s] INFO:colcon.colcon_ros.task.ament_cmake.build:Building ROS package in '/driverless/driverless_ws/src/planning' with build type 'ament_cmake'
[3.074s] INFO:colcon.colcon_cmake.task.cmake.build:Building CMake package in '/driverless/driverless_ws/src/planning'
[3.078s] INFO:colcon.colcon_core.shell:Skip shell extension 'powershell' for command environment: Not usable outside of PowerShell
[3.078s] DEBUG:colcon.colcon_core.shell:Skip shell extension 'dsv' for command environment
[3.095s] DEBUG:colcon.colcon_core.event_handler.log_command:Invoking command in '/driverless/driverless_ws/build/planning': AMENT_PREFIX_PATH=/driverless/driverless_ws/install/eufs_msgs:${AMENT_PREFIX_PATH} CMAKE_PREFIX_PATH=/driverless/driverless_ws/install/eufs_msgs:/opt/ros/foxy LD_LIBRARY_PATH=/driverless/driverless_ws/install/eufs_msgs/lib:${LD_LIBRARY_PATH} PYTHONPATH=/driverless/driverless_ws/install/eufs_msgs/lib/python3.8/site-packages:${PYTHONPATH} /usr/bin/cmake --build /driverless/driverless_ws/build/planning -- -j8 -l8
[5.503s] DEBUG:colcon.colcon_core.event_handler.log_command:Invoked command in '/driverless/driverless_ws/build/planning' returned '2': AMENT_PREFIX_PATH=/driverless/driverless_ws/install/eufs_msgs:${AMENT_PREFIX_PATH} CMAKE_PREFIX_PATH=/driverless/driverless_ws/install/eufs_msgs:/opt/ros/foxy LD_LIBRARY_PATH=/driverless/driverless_ws/install/eufs_msgs/lib:${LD_LIBRARY_PATH} PYTHONPATH=/driverless/driverless_ws/install/eufs_msgs/lib/python3.8/site-packages:${PYTHONPATH} /usr/bin/cmake --build /driverless/driverless_ws/build/planning -- -j8 -l8
[5.530s] Level 1:colcon.colcon_core.environment:create_environment_scripts_only(planning)
[5.534s] Level 1:colcon.colcon_core.environment:checking '/driverless/driverless_ws/install/planning' for CMake module files
[5.535s] Level 1:colcon.colcon_core.environment:checking '/driverless/driverless_ws/install/planning' for CMake config files
[5.535s] Level 1:colcon.colcon_core.environment:checking '/driverless/driverless_ws/install/planning/bin'
[5.535s] Level 1:colcon.colcon_core.environment:checking '/driverless/driverless_ws/install/planning/lib/pkgconfig/planning.pc'
[5.535s] Level 1:colcon.colcon_core.environment:checking '/driverless/driverless_ws/install/planning/lib/python3.8/site-packages'
[5.535s] Level 1:colcon.colcon_core.environment:checking '/driverless/driverless_ws/install/planning/bin'
[5.539s] INFO:colcon.colcon_core.shell:Creating package script '/driverless/driverless_ws/install/planning/share/planning/package.ps1'
[5.540s] INFO:colcon.colcon_core.shell:Creating package descriptor '/driverless/driverless_ws/install/planning/share/planning/package.dsv'
[5.540s] INFO:colcon.colcon_core.shell:Creating package script '/driverless/driverless_ws/install/planning/share/planning/package.sh'
[5.541s] INFO:colcon.colcon_core.shell:Creating package script '/driverless/driverless_ws/install/planning/share/planning/package.bash'
[5.541s] INFO:colcon.colcon_core.shell:Creating package script '/driverless/driverless_ws/install/planning/share/planning/package.zsh'
[5.541s] Level 1:colcon.colcon_core.environment:create_file_with_runtime_dependencies(/driverless/driverless_ws/install/planning/share/colcon-core/packages/planning)
[5.552s] DEBUG:colcon.colcon_parallel_executor.executor.parallel:closing loop
[5.552s] DEBUG:colcon.colcon_parallel_executor.executor.parallel:loop closed
[5.552s] DEBUG:colcon.colcon_parallel_executor.executor.parallel:run_until_complete finished with '2'
[5.552s] DEBUG:colcon.colcon_core.event_reactor:joining thread
[5.563s] INFO:colcon.colcon_core.plugin_system:Skipping extension 'colcon_notification.desktop_notification.notify_send': Could not find 'notify-send'
[5.563s] INFO:colcon.colcon_core.plugin_system:Skipping extension 'colcon_notification.desktop_notification.terminal_notifier': Not used on non-Darwin systems
[5.563s] INFO:colcon.colcon_core.plugin_system:Skipping extension 'colcon_notification.desktop_notification.win32': Not used on non-Windows systems
[5.563s] INFO:colcon.colcon_notification.desktop_notification:Sending desktop notification using 'notify2'
[5.568s] DEBUG:colcon.colcon_notification.desktop_notification.notify2:Failed to initialize notify2: org.freedesktop.DBus.Error.ServiceUnknown: The name org.freedesktop.Notifications was not provided by any .service files
[5.569s] DEBUG:colcon.colcon_core.event_reactor:joined thread
[5.573s] INFO:colcon.colcon_core.shell:Creating prefix script '/driverless/driverless_ws/install/local_setup.ps1'
[5.575s] INFO:colcon.colcon_core.shell:Creating prefix util module '/driverless/driverless_ws/install/_local_setup_util_ps1.py'
[5.576s] INFO:colcon.colcon_core.shell:Creating prefix chain script '/driverless/driverless_ws/install/setup.ps1'
[5.580s] INFO:colcon.colcon_core.shell:Creating prefix script '/driverless/driverless_ws/install/local_setup.sh'
[5.581s] INFO:colcon.colcon_core.shell:Creating prefix util module '/driverless/driverless_ws/install/_local_setup_util_sh.py'
[5.581s] INFO:colcon.colcon_core.shell:Creating prefix chain script '/driverless/driverless_ws/install/setup.sh'
[5.585s] INFO:colcon.colcon_core.shell:Creating prefix script '/driverless/driverless_ws/install/local_setup.bash'
[5.585s] INFO:colcon.colcon_core.shell:Creating prefix chain script '/driverless/driverless_ws/install/setup.bash'
[5.588s] INFO:colcon.colcon_core.shell:Creating prefix script '/driverless/driverless_ws/install/local_setup.zsh'
[5.589s] INFO:colcon.colcon_core.shell:Creating prefix chain script '/driverless/driverless_ws/install/setup.zsh'
