/driverless/install/cmrdv_controls/lib/python3.8/site-packages/cmrdv_controls/__init__.py
/driverless/install/cmrdv_controls/lib/python3.8/site-packages/cmrdv_controls/state_spoofer.py
/driverless/install/cmrdv_controls/lib/python3.8/site-packages/cmrdv_controls/controller_tasks.py
/driverless/install/cmrdv_controls/lib/python3.8/site-packages/cmrdv_controls/controller_node.py
/driverless/install/cmrdv_controls/lib/python3.8/site-packages/cmrdv_controls/controller_autotest.py
/driverless/install/cmrdv_controls/lib/python3.8/site-packages/cmrdv_controls/__pycache__/__init__.cpython-38.pyc
/driverless/install/cmrdv_controls/lib/python3.8/site-packages/cmrdv_controls/__pycache__/state_spoofer.cpython-38.pyc
/driverless/install/cmrdv_controls/lib/python3.8/site-packages/cmrdv_controls/__pycache__/controller_tasks.cpython-38.pyc
/driverless/install/cmrdv_controls/lib/python3.8/site-packages/cmrdv_controls/__pycache__/controller_node.cpython-38.pyc
/driverless/install/cmrdv_controls/lib/python3.8/site-packages/cmrdv_controls/__pycache__/controller_autotest.cpython-38.pyc
/driverless/install/cmrdv_controls/share/ament_index/resource_index/packages/cmrdv_controls
/driverless/install/cmrdv_controls/share/cmrdv_controls/package.xml
/driverless/install/cmrdv_controls/lib/python3.8/site-packages/cmrdv_controls-0.0.0-py3.8.egg-info/PKG-INFO
/driverless/install/cmrdv_controls/lib/python3.8/site-packages/cmrdv_controls-0.0.0-py3.8.egg-info/dependency_links.txt
/driverless/install/cmrdv_controls/lib/python3.8/site-packages/cmrdv_controls-0.0.0-py3.8.egg-info/requires.txt
/driverless/install/cmrdv_controls/lib/python3.8/site-packages/cmrdv_controls-0.0.0-py3.8.egg-info/zip-safe
/driverless/install/cmrdv_controls/lib/python3.8/site-packages/cmrdv_controls-0.0.0-py3.8.egg-info/SOURCES.txt
/driverless/install/cmrdv_controls/lib/python3.8/site-packages/cmrdv_controls-0.0.0-py3.8.egg-info/entry_points.txt
/driverless/install/cmrdv_controls/lib/python3.8/site-packages/cmrdv_controls-0.0.0-py3.8.egg-info/top_level.txt
/driverless/install/cmrdv_controls/lib/cmrdv_controls/autotest_controller
/driverless/install/cmrdv_controls/lib/cmrdv_controls/controller
/driverless/install/cmrdv_controls/lib/cmrdv_controls/state_spoofer
