[0.008s] Invoking command in '/driverless/driverless_ws/build/perceptions': AMENT_PREFIX_PATH=/driverless/driverless_ws/install/eufs_msgs:${AMENT_PREFIX_PATH} CMAKE_PREFIX_PATH=/driverless/driverless_ws/install/eufs_msgs:/opt/ros/foxy LD_LIBRARY_PATH=/driverless/driverless_ws/install/eufs_msgs/lib:${LD_LIBRARY_PATH} PYTHONPATH=/driverless/driverless_ws/install/eufs_msgs/lib/python3.8/site-packages:${PYTHONPATH} /usr/bin/cmake /driverless/driverless_ws/src/perceptions -DAMENT_CMAKE_SYMLINK_INSTALL=1 -DCMAKE_INSTALL_PREFIX=/driverless/driverless_ws/install/perceptions
[0.049s] -- The C compiler identification is GNU 9.4.0
[0.090s] -- The CXX compiler identification is GNU 9.4.0
[0.093s] -- Check for working C compiler: /usr/bin/cc
[0.149s] -- Check for working C compiler: /usr/bin/cc -- works
[0.150s] -- Detecting C compiler ABI info
[0.204s] -- Detecting C compiler ABI info - done
[0.214s] -- Detecting C compile features
[0.214s] -- Detecting C compile features - done
[0.217s] -- Check for working CXX compiler: /usr/bin/c++
[0.285s] -- Check for working CXX compiler: /usr/bin/c++ -- works
[0.286s] -- Detecting CXX compiler ABI info
[0.349s] -- Detecting CXX compiler ABI info - done
[0.359s] -- Detecting CXX compile features
[0.359s] -- Detecting CXX compile features - done
[0.361s] -- Found ament_cmake: 0.9.12 (/opt/ros/foxy/share/ament_cmake/cmake)
[0.380s] -- Found PythonInterp: /usr/bin/python3 (found suitable version "3.8.10", minimum required is "3") 
[0.380s] -- Using PYTHON_EXECUTABLE: /usr/bin/python3
[0.503s] -- Override CMake install command with custom implementation using symlinks instead of copying resources
[0.528s] -- Found rclcpp: 2.4.3 (/opt/ros/foxy/share/rclcpp/cmake)
[0.568s] -- Using all available rosidl_typesupport_c: rosidl_typesupport_fastrtps_c;rosidl_typesupport_introspection_c
[0.574s] -- Found rosidl_adapter: 1.3.1 (/opt/ros/foxy/share/rosidl_adapter/cmake)
[0.647s] -- Found OpenSSL: /usr/lib/x86_64-linux-gnu/libcrypto.so (found version "1.1.1f")  
[0.678s] -- Found FastRTPS: /opt/ros/foxy/include  
[0.759s] -- Using all available rosidl_typesupport_cpp: rosidl_typesupport_fastrtps_cpp;rosidl_typesupport_introspection_cpp
[0.809s] -- Found rmw_implementation_cmake: 1.0.4 (/opt/ros/foxy/share/rmw_implementation_cmake/cmake)
[0.810s] -- Using RMW implementation 'rmw_fastrtps_cpp' as default
[0.811s] -- Looking for pthread.h
[0.869s] -- Looking for pthread.h - found
[0.869s] -- Performing Test CMAKE_HAVE_LIBC_PTHREAD
[0.927s] -- Performing Test CMAKE_HAVE_LIBC_PTHREAD - Failed
[0.927s] -- Looking for pthread_create in pthreads
[0.976s] -- Looking for pthread_create in pthreads - not found
[0.976s] -- Looking for pthread_create in pthread
[1.050s] -- Looking for pthread_create in pthread - found
[1.051s] -- Found Threads: TRUE  
[1.181s] -- Found sensor_msgs: 2.0.5 (/opt/ros/foxy/share/sensor_msgs/cmake)
[1.292s] -- Found eufs_msgs: 2.0.0 (/driverless/driverless_ws/install/eufs_msgs/share/eufs_msgs/cmake)
[1.498s] -- Checking for module 'eigen3'
[1.511s] --   Found eigen3, version 3.3.7
[1.537s] -- Found Eigen: /usr/include/eigen3 (Required is at least version "3.1") 
[1.538s] -- Eigen found (include: /usr/include/eigen3, version: 3.3.7)
[1.571s] -- Found Boost: /usr/include (found suitable version "1.71.0", minimum required is "1.55.0") found components: system filesystem date_time iostreams regex 
[1.589s] -- Checking for module 'flann'
[1.603s] --   Found flann, version 1.9.1
[1.639s] -- Found FLANN: /usr/lib/x86_64-linux-gnu/libflann_cpp.so  
[1.712s] -- The imported target "vtkParseOGLExt" references the file
[1.712s]    "/usr/bin/vtkParseOGLExt-7.1"
[1.712s] but this file does not exist.  Possible reasons include:
[1.712s] * The file was deleted, renamed, or moved to another location.
[1.712s] * An install or uninstall procedure did not complete successfully.
[1.712s] * The installation package was faulty and contained
[1.712s]    "/usr/lib/cmake/vtk-7.1/VTKTargets.cmake"
[1.712s] but not all the files it references.
[1.712s] 
[1.713s] -- The imported target "vtkRenderingPythonTkWidgets" references the file
[1.713s]    "/usr/lib/x86_64-linux-gnu/libvtkRenderingPythonTkWidgets.so"
[1.713s] but this file does not exist.  Possible reasons include:
[1.713s] * The file was deleted, renamed, or moved to another location.
[1.713s] * An install or uninstall procedure did not complete successfully.
[1.713s] * The installation package was faulty and contained
[1.713s]    "/usr/lib/cmake/vtk-7.1/VTKTargets.cmake"
[1.713s] but not all the files it references.
[1.713s] 
[1.713s] -- The imported target "vtk" references the file
[1.714s]    "/usr/bin/vtk"
[1.714s] but this file does not exist.  Possible reasons include:
[1.714s] * The file was deleted, renamed, or moved to another location.
[1.714s] * An install or uninstall procedure did not complete successfully.
[1.714s] * The installation package was faulty and contained
[1.714s]    "/usr/lib/cmake/vtk-7.1/VTKTargets.cmake"
[1.714s] but not all the files it references.
[1.714s] 
[1.714s] -- The imported target "pvtk" references the file
[1.714s]    "/usr/bin/pvtk"
[1.714s] but this file does not exist.  Possible reasons include:
[1.714s] * The file was deleted, renamed, or moved to another location.
[1.714s] * An install or uninstall procedure did not complete successfully.
[1.715s] * The installation package was faulty and contained
[1.715s]    "/usr/lib/cmake/vtk-7.1/VTKTargets.cmake"
[1.715s] but not all the files it references.
[1.715s] 
[1.740s] -- Checking for module 'libusb-1.0'
[1.753s] --   Found libusb-1.0, version 1.0.23
[1.785s] -- Found USB_10: /usr/lib/x86_64-linux-gnu/libusb-1.0.so  
[1.827s] -- Found OpenNI: /usr/lib/libOpenNI.so  
[1.827s] -- OpenNI found (include: /usr/include/ni, lib: /usr/lib/libOpenNI.so)
[1.883s] -- Found OpenNI2: /usr/lib/libOpenNI2.so  
[1.883s] -- OpenNI2 found (include: /usr/include/openni2, lib: /usr/lib/libOpenNI2.so)
[1.883s] ** WARNING ** io features related to pcap will be disabled
[1.884s] ** WARNING ** io features related to png will be disabled
[1.903s] -- Found libusb-1.0: /usr/include  
[1.903s] ** WARNING ** io features related to libusb-1.0 will be disabled
[1.910s] -- OpenNI found (include: /usr/include/ni, lib: /usr/lib/libOpenNI.so)
[1.917s] -- OpenNI2 found (include: /usr/include/openni2, lib: /usr/lib/libOpenNI2.so)
[1.950s] -- Found Qhull: optimized;/usr/lib/x86_64-linux-gnu/libqhull.so;debug;/usr/lib/x86_64-linux-gnu/libqhull.so  
[1.950s] -- QHULL found (include: /usr/include, lib: optimized;/usr/lib/x86_64-linux-gnu/libqhull.so;debug;/usr/lib/x86_64-linux-gnu/libqhull.so)
[1.958s] -- OpenNI found (include: /usr/include/ni, lib: /usr/lib/libOpenNI.so)
[1.976s] -- looking for PCL_COMMON
[1.977s] -- Found PCL_COMMON: /usr/lib/x86_64-linux-gnu/libpcl_common.so  
[1.978s] -- looking for PCL_KDTREE
[1.979s] -- Found PCL_KDTREE: /usr/lib/x86_64-linux-gnu/libpcl_kdtree.so  
[1.979s] -- looking for PCL_OCTREE
[1.981s] -- Found PCL_OCTREE: /usr/lib/x86_64-linux-gnu/libpcl_octree.so  
[1.981s] -- looking for PCL_SEARCH
[1.982s] -- Found PCL_SEARCH: /usr/lib/x86_64-linux-gnu/libpcl_search.so  
[1.983s] -- looking for PCL_SAMPLE_CONSENSUS
[1.984s] -- Found PCL_SAMPLE_CONSENSUS: /usr/lib/x86_64-linux-gnu/libpcl_sample_consensus.so  
[1.984s] -- looking for PCL_FILTERS
[1.985s] -- Found PCL_FILTERS: /usr/lib/x86_64-linux-gnu/libpcl_filters.so  
[1.986s] -- looking for PCL_2D
[1.986s] -- Found PCL_2D: /usr/include/pcl-1.10  
[1.986s] -- looking for PCL_GEOMETRY
[1.987s] -- Found PCL_GEOMETRY: /usr/include/pcl-1.10  
[1.987s] -- looking for PCL_IO
[1.988s] -- Found PCL_IO: /usr/lib/x86_64-linux-gnu/libpcl_io.so  
[1.989s] -- looking for PCL_FEATURES
[1.990s] -- Found PCL_FEATURES: /usr/lib/x86_64-linux-gnu/libpcl_features.so  
[1.990s] -- looking for PCL_ML
[1.992s] -- Found PCL_ML: /usr/lib/x86_64-linux-gnu/libpcl_ml.so  
[1.992s] -- looking for PCL_SEGMENTATION
[1.993s] -- Found PCL_SEGMENTATION: /usr/lib/x86_64-linux-gnu/libpcl_segmentation.so  
[1.994s] -- looking for PCL_VISUALIZATION
[1.995s] -- Found PCL_VISUALIZATION: /usr/lib/x86_64-linux-gnu/libpcl_visualization.so  
[1.996s] -- looking for PCL_SURFACE
[1.997s] -- Found PCL_SURFACE: /usr/lib/x86_64-linux-gnu/libpcl_surface.so  
[1.997s] -- looking for PCL_REGISTRATION
[1.999s] -- Found PCL_REGISTRATION: /usr/lib/x86_64-linux-gnu/libpcl_registration.so  
[1.999s] -- looking for PCL_KEYPOINTS
[2.000s] -- Found PCL_KEYPOINTS: /usr/lib/x86_64-linux-gnu/libpcl_keypoints.so  
[2.001s] -- looking for PCL_TRACKING
[2.002s] -- Found PCL_TRACKING: /usr/lib/x86_64-linux-gnu/libpcl_tracking.so  
[2.003s] -- looking for PCL_RECOGNITION
[2.004s] -- Found PCL_RECOGNITION: /usr/lib/x86_64-linux-gnu/libpcl_recognition.so  
[2.004s] -- looking for PCL_STEREO
[2.006s] -- Found PCL_STEREO: /usr/lib/x86_64-linux-gnu/libpcl_stereo.so  
[2.006s] -- looking for PCL_APPS
[2.007s] -- Found PCL_APPS: /usr/lib/x86_64-linux-gnu/libpcl_apps.so  
[2.008s] -- looking for PCL_IN_HAND_SCANNER
[2.009s] -- Found PCL_IN_HAND_SCANNER: /usr/include/pcl-1.10  
[2.009s] -- looking for PCL_POINT_CLOUD_EDITOR
[2.011s] -- Found PCL_POINT_CLOUD_EDITOR: /usr/include/pcl-1.10  
[2.012s] -- looking for PCL_OUTOFCORE
[2.013s] -- Found PCL_OUTOFCORE: /usr/lib/x86_64-linux-gnu/libpcl_outofcore.so  
[2.013s] -- looking for PCL_PEOPLE
[2.014s] -- Found PCL_PEOPLE: /usr/lib/x86_64-linux-gnu/libpcl_people.so  
[2.016s] -- Found PCL: pcl_common;pcl_kdtree;pcl_octree;pcl_search;pcl_sample_consensus;pcl_filters;pcl_io;pcl_features;pcl_ml;pcl_segmentation;pcl_visualization;pcl_surface;pcl_registration;pcl_keypoints;pcl_tracking;pcl_recognition;pcl_stereo;pcl_apps;pcl_outofcore;pcl_people;/usr/lib/x86_64-linux-gnu/libboost_system.so;/usr/lib/x86_64-linux-gnu/libboost_filesystem.so;/usr/lib/x86_64-linux-gnu/libboost_date_time.so;/usr/lib/x86_64-linux-gnu/libboost_iostreams.so;/usr/lib/x86_64-linux-gnu/libboost_regex.so;optimized;/usr/lib/x86_64-linux-gnu/libqhull.so;debug;/usr/lib/x86_64-linux-gnu/libqhull.so;/usr/lib/libOpenNI.so;/usr/lib/libOpenNI2.so;vtkChartsCore;vtkCommonColor;vtkCommonCore;vtksys;vtkCommonDataModel;vtkCommonMath;vtkCommonMisc;vtkCommonSystem;vtkCommonTransforms;vtkCommonExecutionModel;vtkFiltersGeneral;vtkCommonComputationalGeometry;vtkFiltersCore;vtkInfovisCore;vtkFiltersExtraction;vtkFiltersStatistics;vtkImagingFourier;vtkImagingCore;vtkalglib;vtkRenderingContext2D;vtkRenderingCore;vtkFiltersGeometry;vtkFiltersSources;vtkRenderingFreeType;/usr/lib/x86_64-linux-gnu/libfreetype.so;/usr/lib/x86_64-linux-gnu/libz.so;vtkFiltersModeling;vtkImagingSources;vtkInteractionStyle;vtkInteractionWidgets;vtkFiltersHybrid;vtkImagingColor;vtkImagingGeneral;vtkImagingHybrid;vtkIOImage;vtkDICOMParser;vtkmetaio;/usr/lib/x86_64-linux-gnu/libjpeg.so;/usr/lib/x86_64-linux-gnu/libpng.so;/usr/lib/x86_64-linux-gnu/libtiff.so;vtkRenderingAnnotation;vtkRenderingVolume;vtkIOXML;vtkIOCore;vtkIOXMLParser;/usr/lib/x86_64-linux-gnu/libexpat.so;vtkIOGeometry;vtkIOLegacy;vtkIOPLY;vtkRenderingLOD;vtkViewsContext2D;vtkViewsCore;vtkRenderingContextOpenGL2;vtkRenderingOpenGL2;FLANN::FLANN (Required is at least version "1.1") 
[2.022s] -- Found ament_lint_auto: 0.9.8 (/opt/ros/foxy/share/ament_lint_auto/cmake)
[2.108s] -- Added test 'copyright' to check source files copyright and LICENSE
[2.109s] -- Added test 'cppcheck' to perform static code analysis on C / C++ code
[2.110s] -- Configured cppcheck include dirs: 
[2.110s] -- Configured cppcheck exclude dirs and/or files: 
[2.111s] -- Added test 'cpplint' to check C / C++ code against the Google style
[2.111s] -- Configured cpplint exclude dirs and/or files: 
[2.112s] -- Added test 'lint_cmake' to check CMake code style
[2.112s] -- Added test 'uncrustify' to check C / C++ code style
[2.113s] -- Configured uncrustify additional arguments: 
[2.113s] -- Added test 'xmllint' to check XML markup files
[2.118s] -- Configuring done
[2.183s] -- Generating done
[2.186s] -- Build files have been written to: /driverless/driverless_ws/build/perceptions
[2.200s] Invoked command in '/driverless/driverless_ws/build/perceptions' returned '0': AMENT_PREFIX_PATH=/driverless/driverless_ws/install/eufs_msgs:${AMENT_PREFIX_PATH} CMAKE_PREFIX_PATH=/driverless/driverless_ws/install/eufs_msgs:/opt/ros/foxy LD_LIBRARY_PATH=/driverless/driverless_ws/install/eufs_msgs/lib:${LD_LIBRARY_PATH} PYTHONPATH=/driverless/driverless_ws/install/eufs_msgs/lib/python3.8/site-packages:${PYTHONPATH} /usr/bin/cmake /driverless/driverless_ws/src/perceptions -DAMENT_CMAKE_SYMLINK_INSTALL=1 -DCMAKE_INSTALL_PREFIX=/driverless/driverless_ws/install/perceptions
[2.202s] Invoking command in '/driverless/driverless_ws/build/perceptions': AMENT_PREFIX_PATH=/driverless/driverless_ws/install/eufs_msgs:${AMENT_PREFIX_PATH} CMAKE_PREFIX_PATH=/driverless/driverless_ws/install/eufs_msgs:/opt/ros/foxy LD_LIBRARY_PATH=/driverless/driverless_ws/install/eufs_msgs/lib:${LD_LIBRARY_PATH} PYTHONPATH=/driverless/driverless_ws/install/eufs_msgs/lib/python3.8/site-packages:${PYTHONPATH} /usr/bin/cmake --build /driverless/driverless_ws/build/perceptions -- -j8 -l8
[2.239s] [35m[1mScanning dependencies of target lidar_sub[0m
[2.347s] [ 50%] [32mBuilding CXX object CMakeFiles/lidar_sub.dir/src/lidar_node.cpp.o[0m
[2.450s] [01m[K/driverless/driverless_ws/src/perceptions/src/lidar_node.cpp:6:10:[m[K [01;31m[Kfatal error: [m[Keufs_msgs/msg/ConeArray.hpp: No such file or directory
[2.450s]     6 | #include [01;31m[K"eufs_msgs/msg/ConeArray.hpp"[m[K
[2.450s]       |          [01;31m[K^~~~~~~~~~~~~~~~~~~~~~~~~~~~~[m[K
[2.450s] compilation terminated.
[2.451s] make[2]: *** [CMakeFiles/lidar_sub.dir/build.make:63: CMakeFiles/lidar_sub.dir/src/lidar_node.cpp.o] Error 1
[2.451s] make[1]: *** [CMakeFiles/Makefile2:78: CMakeFiles/lidar_sub.dir/all] Error 2
[2.451s] make: *** [Makefile:141: all] Error 2
[2.454s] Invoked command in '/driverless/driverless_ws/build/perceptions' returned '2': AMENT_PREFIX_PATH=/driverless/driverless_ws/install/eufs_msgs:${AMENT_PREFIX_PATH} CMAKE_PREFIX_PATH=/driverless/driverless_ws/install/eufs_msgs:/opt/ros/foxy LD_LIBRARY_PATH=/driverless/driverless_ws/install/eufs_msgs/lib:${LD_LIBRARY_PATH} PYTHONPATH=/driverless/driverless_ws/install/eufs_msgs/lib/python3.8/site-packages:${PYTHONPATH} /usr/bin/cmake --build /driverless/driverless_ws/build/perceptions -- -j8 -l8
