[0.055s] Invoking command in '/home/andrewwhong/workspace/driverless/driverless_ws/src/build/perceptions': CMAKE_PREFIX_PATH=${CMAKE_PREFIX_PATH}:/opt/ros/foxy /usr/bin/cmake --build /home/andrewwhong/workspace/driverless/driverless_ws/src/build/perceptions -- -j12 -l12
[0.109s] Invoked command in '/home/andrewwhong/workspace/driverless/driverless_ws/src/build/perceptions' returned '0': CMAKE_PREFIX_PATH=${CMAKE_PREFIX_PATH}:/opt/ros/foxy /usr/bin/cmake --build /home/andrewwhong/workspace/driverless/driverless_ws/src/build/perceptions -- -j12 -l12
[0.210s] Invoking command in '/home/andrewwhong/workspace/driverless/driverless_ws/src/build/perceptions': CMAKE_PREFIX_PATH=${CMAKE_PREFIX_PATH}:/opt/ros/foxy /usr/bin/cmake --install /home/andrewwhong/workspace/driverless/driverless_ws/src/build/perceptions
[0.232s] -- Install configuration: ""
[0.232s] -- Up-to-date: /home/andrewwhong/workspace/driverless/driverless_ws/src/install/perceptions/share/ament_index/resource_index/package_run_dependencies/perceptions
[0.233s] -- Up-to-date: /home/andrewwhong/workspace/driverless/driverless_ws/src/install/perceptions/share/ament_index/resource_index/parent_prefix_path/perceptions
[0.233s] -- Up-to-date: /home/andrewwhong/workspace/driverless/driverless_ws/src/install/perceptions/share/perceptions/environment/ament_prefix_path.sh
[0.233s] -- Up-to-date: /home/andrewwhong/workspace/driverless/driverless_ws/src/install/perceptions/share/perceptions/environment/ament_prefix_path.dsv
[0.233s] -- Up-to-date: /home/andrewwhong/workspace/driverless/driverless_ws/src/install/perceptions/share/perceptions/environment/path.sh
[0.236s] -- Up-to-date: /home/andrewwhong/workspace/driverless/driverless_ws/src/install/perceptions/share/perceptions/environment/path.dsv
[0.236s] -- Up-to-date: /home/andrewwhong/workspace/driverless/driverless_ws/src/install/perceptions/share/perceptions/local_setup.bash
[0.237s] -- Up-to-date: /home/andrewwhong/workspace/driverless/driverless_ws/src/install/perceptions/share/perceptions/local_setup.sh
[0.237s] -- Up-to-date: /home/andrewwhong/workspace/driverless/driverless_ws/src/install/perceptions/share/perceptions/local_setup.zsh
[0.238s] -- Up-to-date: /home/andrewwhong/workspace/driverless/driverless_ws/src/install/perceptions/share/perceptions/local_setup.dsv
[0.238s] -- Up-to-date: /home/andrewwhong/workspace/driverless/driverless_ws/src/install/perceptions/share/perceptions/package.dsv
[0.239s] -- Up-to-date: /home/andrewwhong/workspace/driverless/driverless_ws/src/install/perceptions/share/ament_index/resource_index/packages/perceptions
[0.239s] -- Up-to-date: /home/andrewwhong/workspace/driverless/driverless_ws/src/install/perceptions/share/perceptions/cmake/perceptionsConfig.cmake
[0.239s] -- Up-to-date: /home/andrewwhong/workspace/driverless/driverless_ws/src/install/perceptions/share/perceptions/cmake/perceptionsConfig-version.cmake
[0.240s] -- Up-to-date: /home/andrewwhong/workspace/driverless/driverless_ws/src/install/perceptions/share/perceptions/package.xml
[0.268s] Invoked command in '/home/andrewwhong/workspace/driverless/driverless_ws/src/build/perceptions' returned '0': CMAKE_PREFIX_PATH=${CMAKE_PREFIX_PATH}:/opt/ros/foxy /usr/bin/cmake --install /home/andrewwhong/workspace/driverless/driverless_ws/src/build/perceptions
