[0.054s] Invoking command in '/home/andrewwhong/workspace/driverless/driverless_ws/src/build/controls': CMAKE_PREFIX_PATH=${CMAKE_PREFIX_PATH}:/opt/ros/foxy /usr/bin/cmake --build /home/andrewwhong/workspace/driverless/driverless_ws/src/build/controls -- -j12 -l12
[0.103s] Invoked command in '/home/andrewwhong/workspace/driverless/driverless_ws/src/build/controls' returned '0': CMAKE_PREFIX_PATH=${CMAKE_PREFIX_PATH}:/opt/ros/foxy /usr/bin/cmake --build /home/andrewwhong/workspace/driverless/driverless_ws/src/build/controls -- -j12 -l12
[0.155s] Invoking command in '/home/andrewwhong/workspace/driverless/driverless_ws/src/build/controls': CMAKE_PREFIX_PATH=${CMAKE_PREFIX_PATH}:/opt/ros/foxy /usr/bin/cmake --install /home/andrewwhong/workspace/driverless/driverless_ws/src/build/controls
[0.187s] -- Install configuration: ""
[0.187s] -- Up-to-date: /home/andrewwhong/workspace/driverless/driverless_ws/src/install/controls/share/ament_index/resource_index/package_run_dependencies/controls
[0.187s] -- Up-to-date: /home/andrewwhong/workspace/driverless/driverless_ws/src/install/controls/share/ament_index/resource_index/parent_prefix_path/controls
[0.187s] -- Up-to-date: /home/andrewwhong/workspace/driverless/driverless_ws/src/install/controls/share/controls/environment/ament_prefix_path.sh
[0.188s] -- Up-to-date: /home/andrewwhong/workspace/driverless/driverless_ws/src/install/controls/share/controls/environment/ament_prefix_path.dsv
[0.188s] -- Up-to-date: /home/andrewwhong/workspace/driverless/driverless_ws/src/install/controls/share/controls/environment/path.sh
[0.188s] -- Up-to-date: /home/andrewwhong/workspace/driverless/driverless_ws/src/install/controls/share/controls/environment/path.dsv
[0.189s] -- Up-to-date: /home/andrewwhong/workspace/driverless/driverless_ws/src/install/controls/share/controls/local_setup.bash
[0.189s] -- Up-to-date: /home/andrewwhong/workspace/driverless/driverless_ws/src/install/controls/share/controls/local_setup.sh
[0.190s] -- Up-to-date: /home/andrewwhong/workspace/driverless/driverless_ws/src/install/controls/share/controls/local_setup.zsh
[0.190s] -- Up-to-date: /home/andrewwhong/workspace/driverless/driverless_ws/src/install/controls/share/controls/local_setup.dsv
[0.191s] -- Installing: /home/andrewwhong/workspace/driverless/driverless_ws/src/install/controls/share/controls/package.dsv
[0.191s] -- Up-to-date: /home/andrewwhong/workspace/driverless/driverless_ws/src/install/controls/share/ament_index/resource_index/packages/controls
[0.192s] -- Up-to-date: /home/andrewwhong/workspace/driverless/driverless_ws/src/install/controls/share/controls/cmake/controlsConfig.cmake
[0.192s] -- Up-to-date: /home/andrewwhong/workspace/driverless/driverless_ws/src/install/controls/share/controls/cmake/controlsConfig-version.cmake
[0.193s] -- Up-to-date: /home/andrewwhong/workspace/driverless/driverless_ws/src/install/controls/share/controls/package.xml
[0.244s] Invoked command in '/home/andrewwhong/workspace/driverless/driverless_ws/src/build/controls' returned '0': CMAKE_PREFIX_PATH=${CMAKE_PREFIX_PATH}:/opt/ros/foxy /usr/bin/cmake --install /home/andrewwhong/workspace/driverless/driverless_ws/src/build/controls
