[0.051s] Invoking command in '/home/ishin/Documents/cmr/driverless_py/driverless/driverless_ws/build/collection': _=/usr/bin/env /usr/bin/cmake --build /home/ishin/Documents/cmr/driverless_py/driverless/driverless_ws/build/collection -- -j8 -l8
[0.105s] Invoked command in '/home/ishin/Documents/cmr/driverless_py/driverless/driverless_ws/build/collection' returned '0': _=/usr/bin/env /usr/bin/cmake --build /home/ishin/Documents/cmr/driverless_py/driverless/driverless_ws/build/collection -- -j8 -l8
[0.163s] Invoking command in '/home/ishin/Documents/cmr/driverless_py/driverless/driverless_ws/build/collection': _=/usr/bin/env /usr/bin/cmake --install /home/ishin/Documents/cmr/driverless_py/driverless/driverless_ws/build/collection
[0.169s] -- Install configuration: ""
[0.169s] -- Up-to-date: /home/ishin/Documents/cmr/driverless_py/driverless/driverless_ws/install/collection/share/ament_index/resource_index/package_run_dependencies/collection
[0.170s] -- Up-to-date: /home/ishin/Documents/cmr/driverless_py/driverless/driverless_ws/install/collection/share/ament_index/resource_index/parent_prefix_path/collection
[0.170s] -- Up-to-date: /home/ishin/Documents/cmr/driverless_py/driverless/driverless_ws/install/collection/share/collection/environment/ament_prefix_path.sh
[0.170s] -- Up-to-date: /home/ishin/Documents/cmr/driverless_py/driverless/driverless_ws/install/collection/share/collection/environment/ament_prefix_path.dsv
[0.170s] -- Up-to-date: /home/ishin/Documents/cmr/driverless_py/driverless/driverless_ws/install/collection/share/collection/environment/path.sh
[0.170s] -- Up-to-date: /home/ishin/Documents/cmr/driverless_py/driverless/driverless_ws/install/collection/share/collection/environment/path.dsv
[0.170s] -- Up-to-date: /home/ishin/Documents/cmr/driverless_py/driverless/driverless_ws/install/collection/share/collection/local_setup.bash
[0.170s] -- Up-to-date: /home/ishin/Documents/cmr/driverless_py/driverless/driverless_ws/install/collection/share/collection/local_setup.sh
[0.170s] -- Up-to-date: /home/ishin/Documents/cmr/driverless_py/driverless/driverless_ws/install/collection/share/collection/local_setup.zsh
[0.170s] -- Up-to-date: /home/ishin/Documents/cmr/driverless_py/driverless/driverless_ws/install/collection/share/collection/local_setup.dsv
[0.170s] -- Up-to-date: /home/ishin/Documents/cmr/driverless_py/driverless/driverless_ws/install/collection/share/collection/package.dsv
[0.170s] -- Up-to-date: /home/ishin/Documents/cmr/driverless_py/driverless/driverless_ws/install/collection/share/ament_index/resource_index/packages/collection
[0.170s] -- Up-to-date: /home/ishin/Documents/cmr/driverless_py/driverless/driverless_ws/install/collection/share/collection/cmake/collectionConfig.cmake
[0.172s] -- Up-to-date: /home/ishin/Documents/cmr/driverless_py/driverless/driverless_ws/install/collection/share/collection/cmake/collectionConfig-version.cmake
[0.172s] -- Up-to-date: /home/ishin/Documents/cmr/driverless_py/driverless/driverless_ws/install/collection/share/collection/package.xml
[0.202s] Invoked command in '/home/ishin/Documents/cmr/driverless_py/driverless/driverless_ws/build/collection' returned '0': _=/usr/bin/env /usr/bin/cmake --install /home/ishin/Documents/cmr/driverless_py/driverless/driverless_ws/build/collection
