[0.064s] Invoking command in '/home/ishin/Documents/cmr/driverless_py/driverless/driverless_ws/build/actuators': _=/usr/bin/env /usr/bin/cmake --build /home/ishin/Documents/cmr/driverless_py/driverless/driverless_ws/build/actuators -- -j8 -l8
[0.117s] Invoked command in '/home/ishin/Documents/cmr/driverless_py/driverless/driverless_ws/build/actuators' returned '0': _=/usr/bin/env /usr/bin/cmake --build /home/ishin/Documents/cmr/driverless_py/driverless/driverless_ws/build/actuators -- -j8 -l8
[0.175s] Invoking command in '/home/ishin/Documents/cmr/driverless_py/driverless/driverless_ws/build/actuators': _=/usr/bin/env /usr/bin/cmake --install /home/ishin/Documents/cmr/driverless_py/driverless/driverless_ws/build/actuators
[0.181s] -- Install configuration: ""
[0.181s] -- Up-to-date: /home/ishin/Documents/cmr/driverless_py/driverless/driverless_ws/install/actuators/share/ament_index/resource_index/package_run_dependencies/actuators
[0.181s] -- Up-to-date: /home/ishin/Documents/cmr/driverless_py/driverless/driverless_ws/install/actuators/share/ament_index/resource_index/parent_prefix_path/actuators
[0.181s] -- Up-to-date: /home/ishin/Documents/cmr/driverless_py/driverless/driverless_ws/install/actuators/share/actuators/environment/ament_prefix_path.sh
[0.181s] -- Up-to-date: /home/ishin/Documents/cmr/driverless_py/driverless/driverless_ws/install/actuators/share/actuators/environment/ament_prefix_path.dsv
[0.181s] -- Up-to-date: /home/ishin/Documents/cmr/driverless_py/driverless/driverless_ws/install/actuators/share/actuators/environment/path.sh
[0.181s] -- Up-to-date: /home/ishin/Documents/cmr/driverless_py/driverless/driverless_ws/install/actuators/share/actuators/environment/path.dsv
[0.181s] -- Up-to-date: /home/ishin/Documents/cmr/driverless_py/driverless/driverless_ws/install/actuators/share/actuators/local_setup.bash
[0.181s] -- Up-to-date: /home/ishin/Documents/cmr/driverless_py/driverless/driverless_ws/install/actuators/share/actuators/local_setup.sh
[0.181s] -- Up-to-date: /home/ishin/Documents/cmr/driverless_py/driverless/driverless_ws/install/actuators/share/actuators/local_setup.zsh
[0.181s] -- Up-to-date: /home/ishin/Documents/cmr/driverless_py/driverless/driverless_ws/install/actuators/share/actuators/local_setup.dsv
[0.182s] -- Up-to-date: /home/ishin/Documents/cmr/driverless_py/driverless/driverless_ws/install/actuators/share/actuators/package.dsv
[0.182s] -- Up-to-date: /home/ishin/Documents/cmr/driverless_py/driverless/driverless_ws/install/actuators/share/ament_index/resource_index/packages/actuators
[0.182s] -- Up-to-date: /home/ishin/Documents/cmr/driverless_py/driverless/driverless_ws/install/actuators/share/actuators/cmake/actuatorsConfig.cmake
[0.182s] -- Up-to-date: /home/ishin/Documents/cmr/driverless_py/driverless/driverless_ws/install/actuators/share/actuators/cmake/actuatorsConfig-version.cmake
[0.182s] -- Up-to-date: /home/ishin/Documents/cmr/driverless_py/driverless/driverless_ws/install/actuators/share/actuators/package.xml
[0.193s] Invoked command in '/home/ishin/Documents/cmr/driverless_py/driverless/driverless_ws/build/actuators' returned '0': _=/usr/bin/env /usr/bin/cmake --install /home/ishin/Documents/cmr/driverless_py/driverless/driverless_ws/build/actuators
