[0.033s] Invoking command in '/home/griffin/driverless/driverless_ws/build/controls': CMAKE_PREFIX_PATH=/opt/ros/foxy /usr/bin/cmake /home/griffin/driverless/driverless_ws/src/controls -DCMAKE_EXPORT_COMPILE_COMMANDS=ON -G Ninja -DCMAKE_INSTALL_PREFIX=/home/griffin/driverless/driverless_ws/install/controls
[0.078s] -- The C compiler identification is GNU 9.4.0
[0.120s] -- The CXX compiler identification is GNU 9.4.0
[0.126s] -- Check for working C compiler: /usr/bin/cc
[0.158s] -- Check for working C compiler: /usr/bin/cc -- works
[0.159s] -- Detecting C compiler ABI info
[0.190s] -- Detecting C compiler ABI info - done
[0.198s] -- Detecting C compile features
[0.199s] -- Detecting C compile features - done
[0.201s] -- Check for working CXX compiler: /usr/bin/c++
[0.240s] -- Check for working CXX compiler: /usr/bin/c++ -- works
[0.241s] -- Detecting CXX compiler ABI info
[0.289s] -- Detecting CXX compiler ABI info - done
[0.301s] -- Detecting CXX compile features
[0.302s] -- Detecting CXX compile features - done
[0.303s] -- Found ament_cmake: 0.9.12 (/opt/ros/foxy/share/ament_cmake/cmake)
[0.320s] -- Found PythonInterp: /usr/bin/python3 (found suitable version "3.8.10", minimum required is "3") 
[0.321s] -- Using PYTHON_EXECUTABLE: /usr/bin/python3
[0.469s] -- Found rclcpp: 2.4.3 (/opt/ros/foxy/share/rclcpp/cmake)
[0.501s] -- Using all available rosidl_typesupport_c: rosidl_typesupport_fastrtps_c;rosidl_typesupport_introspection_c
[0.506s] -- Found rosidl_adapter: 1.3.1 (/opt/ros/foxy/share/rosidl_adapter/cmake)
[0.566s] -- Found OpenSSL: /usr/lib/x86_64-linux-gnu/libcrypto.so (found version "1.1.1f")  
[0.588s] -- Found FastRTPS: /opt/ros/foxy/include  
[0.651s] -- Using all available rosidl_typesupport_cpp: rosidl_typesupport_fastrtps_cpp;rosidl_typesupport_introspection_cpp
[0.695s] -- Found rmw_implementation_cmake: 1.0.4 (/opt/ros/foxy/share/rmw_implementation_cmake/cmake)
[0.695s] -- Using RMW implementation 'rmw_fastrtps_cpp' as default
[0.695s] -- Looking for pthread.h
[0.726s] -- Looking for pthread.h - found
[0.726s] -- Performing Test CMAKE_HAVE_LIBC_PTHREAD
[0.764s] -- Performing Test CMAKE_HAVE_LIBC_PTHREAD - Failed
[0.764s] -- Looking for pthread_create in pthreads
[0.782s] -- Looking for pthread_create in pthreads - not found
[0.782s] -- Looking for pthread_create in pthread
[0.819s] -- Looking for pthread_create in pthread - found
[0.820s] -- Found Threads: TRUE  
[0.938s] CMake Error at CMakeLists.txt:25 (find_package):
[0.938s]   By not providing "Findgsl.cmake" in CMAKE_MODULE_PATH this project has
[0.938s]   asked CMake to find a package configuration file provided by "gsl", but
[0.938s]   CMake did not find one.
[0.938s] 
[0.938s]   Could not find a package configuration file provided by "gsl" with any of
[0.938s]   the following names:
[0.938s] 
[0.938s]     gslConfig.cmake
[0.938s]     gsl-config.cmake
[0.938s] 
[0.938s]   Add the installation prefix of "gsl" to CMAKE_PREFIX_PATH or set "gsl_DIR"
[0.938s]   to a directory containing one of the above files.  If "gsl" provides a
[0.938s]   separate development package or SDK, be sure it has been installed.
[0.938s] 
[0.938s] 
[0.939s] -- Configuring incomplete, errors occurred!
[0.939s] See also "/home/griffin/driverless/driverless_ws/build/controls/CMakeFiles/CMakeOutput.log".
[0.939s] See also "/home/griffin/driverless/driverless_ws/build/controls/CMakeFiles/CMakeError.log".
[0.944s] Invoked command in '/home/griffin/driverless/driverless_ws/build/controls' returned '1': CMAKE_PREFIX_PATH=/opt/ros/foxy /usr/bin/cmake /home/griffin/driverless/driverless_ws/src/controls -DCMAKE_EXPORT_COMPILE_COMMANDS=ON -G Ninja -DCMAKE_INSTALL_PREFIX=/home/griffin/driverless/driverless_ws/install/controls
