[0.590s] DEBUG:colcon:Command line arguments: ['/usr/local/bin/colcon', 'build', '--symlink-install', '--packages-select', 'perceptions', 'eufs_msgs']
[0.590s] DEBUG:colcon:Parsed command line arguments: Namespace(ament_cmake_args=None, base_paths=['.'], build_base='build', catkin_cmake_args=None, catkin_skip_building_tests=False, cmake_args=None, cmake_clean_cache=False, cmake_clean_first=False, cmake_force_configure=False, cmake_target=None, cmake_target_skip_unavailable=False, continue_on_error=False, event_handlers=None, executor='parallel', ignore_user_meta=False, install_base='install', log_base=None, log_level=None, main=<bound method BuildVerb.main of <colcon_core.verb.build.BuildVerb object at 0x7f7e08a7e700>>, merge_install=False, metas=['./colcon.meta'], packages_above=None, packages_above_and_dependencies=None, packages_above_depth=None, packages_end=None, packages_ignore=None, packages_ignore_regex=None, packages_select=['perceptions', 'eufs_msgs'], packages_select_build_failed=False, packages_select_by_dep=None, packages_select_regex=None, packages_select_test_failures=False, packages_skip=None, packages_skip_build_finished=False, packages_skip_by_dep=None, packages_skip_regex=None, packages_skip_test_passed=False, packages_skip_up_to=None, packages_start=None, packages_up_to=None, packages_up_to_regex=None, parallel_workers=8, paths=None, symlink_install=True, test_result_base=None, verb_extension=<colcon_core.verb.build.BuildVerb object at 0x7f7e08a7e700>, verb_name='build', verb_parser=<colcon_defaults.argument_parser.defaults.DefaultArgumentsDecorator object at 0x7f7e08a7ec40>)
[0.630s] Level 1:colcon.colcon_core.package_discovery:discover_packages(colcon_meta) check parameters
[0.630s] Level 1:colcon.colcon_core.package_discovery:discover_packages(recursive) check parameters
[0.630s] Level 1:colcon.colcon_core.package_discovery:discover_packages(ignore) check parameters
[0.630s] Level 1:colcon.colcon_core.package_discovery:discover_packages(path) check parameters
[0.630s] Level 1:colcon.colcon_core.package_discovery:discover_packages(colcon_meta) discover
[0.630s] Level 1:colcon.colcon_core.package_discovery:discover_packages(recursive) discover
[0.630s] INFO:colcon.colcon_core.package_discovery:Crawling recursively for packages in '/driverless/driverless_ws'
[0.630s] Level 1:colcon.colcon_core.package_identification:_identify(.) by extensions ['ignore', 'ignore_ament_install']
[0.631s] Level 1:colcon.colcon_core.package_identification:_identify(.) by extension 'ignore'
[0.631s] Level 1:colcon.colcon_core.package_identification:_identify(.) by extension 'ignore_ament_install'
[0.631s] Level 1:colcon.colcon_core.package_identification:_identify(.) by extensions ['colcon_pkg']
[0.631s] Level 1:colcon.colcon_core.package_identification:_identify(.) by extension 'colcon_pkg'
[0.631s] Level 1:colcon.colcon_core.package_identification:_identify(.) by extensions ['colcon_meta']
[0.631s] Level 1:colcon.colcon_core.package_identification:_identify(.) by extension 'colcon_meta'
[0.631s] Level 1:colcon.colcon_core.package_identification:_identify(.) by extensions ['ros']
[0.631s] Level 1:colcon.colcon_core.package_identification:_identify(.) by extension 'ros'
[0.660s] Level 1:colcon.colcon_core.package_identification:_identify(.) by extensions ['cmake', 'python']
[0.661s] Level 1:colcon.colcon_core.package_identification:_identify(.) by extension 'cmake'
[0.661s] Level 1:colcon.colcon_core.package_identification:_identify(.) by extension 'python'
[0.661s] Level 1:colcon.colcon_core.package_identification:_identify(.) by extensions ['python_setup_py']
[0.661s] Level 1:colcon.colcon_core.package_identification:_identify(.) by extension 'python_setup_py'
[0.661s] Level 1:colcon.colcon_core.package_identification:_identify(build) by extensions ['ignore', 'ignore_ament_install']
[0.661s] Level 1:colcon.colcon_core.package_identification:_identify(build) by extension 'ignore'
[0.661s] Level 1:colcon.colcon_core.package_identification:_identify(build) ignored
[0.661s] Level 1:colcon.colcon_core.package_identification:_identify(install) by extensions ['ignore', 'ignore_ament_install']
[0.661s] Level 1:colcon.colcon_core.package_identification:_identify(install) by extension 'ignore'
[0.661s] Level 1:colcon.colcon_core.package_identification:_identify(install) ignored
[0.661s] Level 1:colcon.colcon_core.package_identification:_identify(log) by extensions ['ignore', 'ignore_ament_install']
[0.661s] Level 1:colcon.colcon_core.package_identification:_identify(log) by extension 'ignore'
[0.662s] Level 1:colcon.colcon_core.package_identification:_identify(log) ignored
[0.662s] Level 1:colcon.colcon_core.package_identification:_identify(src) by extensions ['ignore', 'ignore_ament_install']
[0.662s] Level 1:colcon.colcon_core.package_identification:_identify(src) by extension 'ignore'
[0.662s] Level 1:colcon.colcon_core.package_identification:_identify(src) by extension 'ignore_ament_install'
[0.662s] Level 1:colcon.colcon_core.package_identification:_identify(src) by extensions ['colcon_pkg']
[0.662s] Level 1:colcon.colcon_core.package_identification:_identify(src) by extension 'colcon_pkg'
[0.662s] Level 1:colcon.colcon_core.package_identification:_identify(src) by extensions ['colcon_meta']
[0.662s] Level 1:colcon.colcon_core.package_identification:_identify(src) by extension 'colcon_meta'
[0.662s] Level 1:colcon.colcon_core.package_identification:_identify(src) by extensions ['ros']
[0.662s] Level 1:colcon.colcon_core.package_identification:_identify(src) by extension 'ros'
[0.662s] Level 1:colcon.colcon_core.package_identification:_identify(src) by extensions ['cmake', 'python']
[0.662s] Level 1:colcon.colcon_core.package_identification:_identify(src) by extension 'cmake'
[0.662s] Level 1:colcon.colcon_core.package_identification:_identify(src) by extension 'python'
[0.662s] Level 1:colcon.colcon_core.package_identification:_identify(src) by extensions ['python_setup_py']
[0.662s] Level 1:colcon.colcon_core.package_identification:_identify(src) by extension 'python_setup_py'
[0.662s] Level 1:colcon.colcon_core.package_identification:_identify(src/actuators) by extensions ['ignore', 'ignore_ament_install']
[0.663s] Level 1:colcon.colcon_core.package_identification:_identify(src/actuators) by extension 'ignore'
[0.663s] Level 1:colcon.colcon_core.package_identification:_identify(src/actuators) by extension 'ignore_ament_install'
[0.663s] Level 1:colcon.colcon_core.package_identification:_identify(src/actuators) by extensions ['colcon_pkg']
[0.663s] Level 1:colcon.colcon_core.package_identification:_identify(src/actuators) by extension 'colcon_pkg'
[0.663s] Level 1:colcon.colcon_core.package_identification:_identify(src/actuators) by extensions ['colcon_meta']
[0.663s] Level 1:colcon.colcon_core.package_identification:_identify(src/actuators) by extension 'colcon_meta'
[0.663s] Level 1:colcon.colcon_core.package_identification:_identify(src/actuators) by extensions ['ros']
[0.663s] Level 1:colcon.colcon_core.package_identification:_identify(src/actuators) by extension 'ros'
[0.666s] DEBUG:colcon.colcon_core.package_identification:Package 'src/actuators' with type 'ros.ament_cmake' and name 'actuators'
[0.667s] Level 1:colcon.colcon_core.package_identification:_identify(src/collection) by extensions ['ignore', 'ignore_ament_install']
[0.667s] Level 1:colcon.colcon_core.package_identification:_identify(src/collection) by extension 'ignore'
[0.667s] Level 1:colcon.colcon_core.package_identification:_identify(src/collection) by extension 'ignore_ament_install'
[0.667s] Level 1:colcon.colcon_core.package_identification:_identify(src/collection) by extensions ['colcon_pkg']
[0.667s] Level 1:colcon.colcon_core.package_identification:_identify(src/collection) by extension 'colcon_pkg'
[0.667s] Level 1:colcon.colcon_core.package_identification:_identify(src/collection) by extensions ['colcon_meta']
[0.667s] Level 1:colcon.colcon_core.package_identification:_identify(src/collection) by extension 'colcon_meta'
[0.667s] Level 1:colcon.colcon_core.package_identification:_identify(src/collection) by extensions ['ros']
[0.667s] Level 1:colcon.colcon_core.package_identification:_identify(src/collection) by extension 'ros'
[0.668s] DEBUG:colcon.colcon_core.package_identification:Package 'src/collection' with type 'ros.ament_cmake' and name 'collection'
[0.669s] Level 1:colcon.colcon_core.package_identification:_identify(src/common) by extensions ['ignore', 'ignore_ament_install']
[0.669s] Level 1:colcon.colcon_core.package_identification:_identify(src/common) by extension 'ignore'
[0.669s] Level 1:colcon.colcon_core.package_identification:_identify(src/common) by extension 'ignore_ament_install'
[0.669s] Level 1:colcon.colcon_core.package_identification:_identify(src/common) by extensions ['colcon_pkg']
[0.669s] Level 1:colcon.colcon_core.package_identification:_identify(src/common) by extension 'colcon_pkg'
[0.669s] Level 1:colcon.colcon_core.package_identification:_identify(src/common) by extensions ['colcon_meta']
[0.669s] Level 1:colcon.colcon_core.package_identification:_identify(src/common) by extension 'colcon_meta'
[0.669s] Level 1:colcon.colcon_core.package_identification:_identify(src/common) by extensions ['ros']
[0.669s] Level 1:colcon.colcon_core.package_identification:_identify(src/common) by extension 'ros'
[0.670s] DEBUG:colcon.colcon_core.package_identification:Package 'src/common' with type 'ros.ament_cmake' and name 'common'
[0.670s] Level 1:colcon.colcon_core.package_identification:_identify(src/common_interfaces) by extensions ['ignore', 'ignore_ament_install']
[0.670s] Level 1:colcon.colcon_core.package_identification:_identify(src/common_interfaces) by extension 'ignore'
[0.670s] Level 1:colcon.colcon_core.package_identification:_identify(src/common_interfaces) by extension 'ignore_ament_install'
[0.670s] Level 1:colcon.colcon_core.package_identification:_identify(src/common_interfaces) by extensions ['colcon_pkg']
[0.670s] Level 1:colcon.colcon_core.package_identification:_identify(src/common_interfaces) by extension 'colcon_pkg'
[0.670s] Level 1:colcon.colcon_core.package_identification:_identify(src/common_interfaces) by extensions ['colcon_meta']
[0.670s] Level 1:colcon.colcon_core.package_identification:_identify(src/common_interfaces) by extension 'colcon_meta'
[0.670s] Level 1:colcon.colcon_core.package_identification:_identify(src/common_interfaces) by extensions ['ros']
[0.670s] Level 1:colcon.colcon_core.package_identification:_identify(src/common_interfaces) by extension 'ros'
[0.671s] Level 1:colcon.colcon_core.package_identification:_identify(src/common_interfaces) by extensions ['cmake', 'python']
[0.671s] Level 1:colcon.colcon_core.package_identification:_identify(src/common_interfaces) by extension 'cmake'
[0.671s] Level 1:colcon.colcon_core.package_identification:_identify(src/common_interfaces) by extension 'python'
[0.671s] Level 1:colcon.colcon_core.package_identification:_identify(src/common_interfaces) by extensions ['python_setup_py']
[0.671s] Level 1:colcon.colcon_core.package_identification:_identify(src/common_interfaces) by extension 'python_setup_py'
[0.671s] Level 1:colcon.colcon_core.package_identification:_identify(src/controls) by extensions ['ignore', 'ignore_ament_install']
[0.671s] Level 1:colcon.colcon_core.package_identification:_identify(src/controls) by extension 'ignore'
[0.671s] Level 1:colcon.colcon_core.package_identification:_identify(src/controls) by extension 'ignore_ament_install'
[0.671s] Level 1:colcon.colcon_core.package_identification:_identify(src/controls) by extensions ['colcon_pkg']
[0.671s] Level 1:colcon.colcon_core.package_identification:_identify(src/controls) by extension 'colcon_pkg'
[0.671s] Level 1:colcon.colcon_core.package_identification:_identify(src/controls) by extensions ['colcon_meta']
[0.671s] Level 1:colcon.colcon_core.package_identification:_identify(src/controls) by extension 'colcon_meta'
[0.671s] Level 1:colcon.colcon_core.package_identification:_identify(src/controls) by extensions ['ros']
[0.671s] Level 1:colcon.colcon_core.package_identification:_identify(src/controls) by extension 'ros'
[0.672s] DEBUG:colcon.colcon_core.package_identification:Package 'src/controls' with type 'ros.ament_cmake' and name 'controls'
[0.672s] Level 1:colcon.colcon_core.package_identification:_identify(src/eufs_msgs) by extensions ['ignore', 'ignore_ament_install']
[0.672s] Level 1:colcon.colcon_core.package_identification:_identify(src/eufs_msgs) by extension 'ignore'
[0.673s] Level 1:colcon.colcon_core.package_identification:_identify(src/eufs_msgs) by extension 'ignore_ament_install'
[0.673s] Level 1:colcon.colcon_core.package_identification:_identify(src/eufs_msgs) by extensions ['colcon_pkg']
[0.673s] Level 1:colcon.colcon_core.package_identification:_identify(src/eufs_msgs) by extension 'colcon_pkg'
[0.673s] Level 1:colcon.colcon_core.package_identification:_identify(src/eufs_msgs) by extensions ['colcon_meta']
[0.673s] Level 1:colcon.colcon_core.package_identification:_identify(src/eufs_msgs) by extension 'colcon_meta'
[0.673s] Level 1:colcon.colcon_core.package_identification:_identify(src/eufs_msgs) by extensions ['ros']
[0.673s] Level 1:colcon.colcon_core.package_identification:_identify(src/eufs_msgs) by extension 'ros'
[0.674s] DEBUG:colcon.colcon_core.package_identification:Package 'src/eufs_msgs' with type 'ros.ament_cmake' and name 'eufs_msgs'
[0.674s] Level 1:colcon.colcon_core.package_identification:_identify(src/interfaces) by extensions ['ignore', 'ignore_ament_install']
[0.674s] Level 1:colcon.colcon_core.package_identification:_identify(src/interfaces) by extension 'ignore'
[0.674s] Level 1:colcon.colcon_core.package_identification:_identify(src/interfaces) by extension 'ignore_ament_install'
[0.674s] Level 1:colcon.colcon_core.package_identification:_identify(src/interfaces) by extensions ['colcon_pkg']
[0.674s] Level 1:colcon.colcon_core.package_identification:_identify(src/interfaces) by extension 'colcon_pkg'
[0.674s] Level 1:colcon.colcon_core.package_identification:_identify(src/interfaces) by extensions ['colcon_meta']
[0.674s] Level 1:colcon.colcon_core.package_identification:_identify(src/interfaces) by extension 'colcon_meta'
[0.674s] Level 1:colcon.colcon_core.package_identification:_identify(src/interfaces) by extensions ['ros']
[0.674s] Level 1:colcon.colcon_core.package_identification:_identify(src/interfaces) by extension 'ros'
[0.675s] DEBUG:colcon.colcon_core.package_identification:Package 'src/interfaces' with type 'ros.ament_cmake' and name 'interfaces'
[0.675s] Level 1:colcon.colcon_core.package_identification:_identify(src/perceptions) by extensions ['ignore', 'ignore_ament_install']
[0.675s] Level 1:colcon.colcon_core.package_identification:_identify(src/perceptions) by extension 'ignore'
[0.676s] Level 1:colcon.colcon_core.package_identification:_identify(src/perceptions) by extension 'ignore_ament_install'
[0.676s] Level 1:colcon.colcon_core.package_identification:_identify(src/perceptions) by extensions ['colcon_pkg']
[0.676s] Level 1:colcon.colcon_core.package_identification:_identify(src/perceptions) by extension 'colcon_pkg'
[0.676s] Level 1:colcon.colcon_core.package_identification:_identify(src/perceptions) by extensions ['colcon_meta']
[0.676s] Level 1:colcon.colcon_core.package_identification:_identify(src/perceptions) by extension 'colcon_meta'
[0.676s] Level 1:colcon.colcon_core.package_identification:_identify(src/perceptions) by extensions ['ros']
[0.676s] Level 1:colcon.colcon_core.package_identification:_identify(src/perceptions) by extension 'ros'
[0.677s] DEBUG:colcon.colcon_core.package_identification:Package 'src/perceptions' with type 'ros.ament_cmake' and name 'perceptions'
[0.677s] Level 1:colcon.colcon_core.package_identification:_identify(src/planning) by extensions ['ignore', 'ignore_ament_install']
[0.677s] Level 1:colcon.colcon_core.package_identification:_identify(src/planning) by extension 'ignore'
[0.678s] Level 1:colcon.colcon_core.package_identification:_identify(src/planning) by extension 'ignore_ament_install'
[0.678s] Level 1:colcon.colcon_core.package_identification:_identify(src/planning) by extensions ['colcon_pkg']
[0.678s] Level 1:colcon.colcon_core.package_identification:_identify(src/planning) by extension 'colcon_pkg'
[0.678s] Level 1:colcon.colcon_core.package_identification:_identify(src/planning) by extensions ['colcon_meta']
[0.678s] Level 1:colcon.colcon_core.package_identification:_identify(src/planning) by extension 'colcon_meta'
[0.678s] Level 1:colcon.colcon_core.package_identification:_identify(src/planning) by extensions ['ros']
[0.678s] Level 1:colcon.colcon_core.package_identification:_identify(src/planning) by extension 'ros'
[0.678s] DEBUG:colcon.colcon_core.package_identification:Package 'src/planning' with type 'ros.ament_cmake' and name 'planning'
[0.679s] Level 1:colcon.colcon_core.package_discovery:discover_packages(recursive) using defaults
[0.679s] Level 1:colcon.colcon_core.package_discovery:discover_packages(ignore) discover
[0.679s] Level 1:colcon.colcon_core.package_discovery:discover_packages(ignore) using defaults
[0.679s] Level 1:colcon.colcon_core.package_discovery:discover_packages(path) discover
[0.679s] Level 1:colcon.colcon_core.package_discovery:discover_packages(path) using defaults
[0.715s] INFO:colcon.colcon_core.package_selection:Skipping not selected package 'actuators' in 'src/actuators'
[0.715s] INFO:colcon.colcon_core.package_selection:Skipping not selected package 'collection' in 'src/collection'
[0.715s] INFO:colcon.colcon_core.package_selection:Skipping not selected package 'common' in 'src/common'
[0.715s] INFO:colcon.colcon_core.package_selection:Skipping not selected package 'controls' in 'src/controls'
[0.715s] INFO:colcon.colcon_core.package_selection:Skipping not selected package 'interfaces' in 'src/interfaces'
[0.715s] INFO:colcon.colcon_core.package_selection:Skipping not selected package 'planning' in 'src/planning'
[0.722s] Level 5:colcon.colcon_core.verb:set package 'eufs_msgs' build argument 'cmake_args' from command line to 'None'
[0.722s] Level 5:colcon.colcon_core.verb:set package 'eufs_msgs' build argument 'cmake_target' from command line to 'None'
[0.722s] Level 5:colcon.colcon_core.verb:set package 'eufs_msgs' build argument 'cmake_target_skip_unavailable' from command line to 'False'
[0.722s] Level 5:colcon.colcon_core.verb:set package 'eufs_msgs' build argument 'cmake_clean_cache' from command line to 'False'
[0.722s] Level 5:colcon.colcon_core.verb:set package 'eufs_msgs' build argument 'cmake_clean_first' from command line to 'False'
[0.722s] Level 5:colcon.colcon_core.verb:set package 'eufs_msgs' build argument 'cmake_force_configure' from command line to 'False'
[0.723s] Level 5:colcon.colcon_core.verb:set package 'eufs_msgs' build argument 'ament_cmake_args' from command line to 'None'
[0.723s] Level 5:colcon.colcon_core.verb:set package 'eufs_msgs' build argument 'catkin_cmake_args' from command line to 'None'
[0.723s] Level 5:colcon.colcon_core.verb:set package 'eufs_msgs' build argument 'catkin_skip_building_tests' from command line to 'False'
[0.723s] DEBUG:colcon.colcon_core.verb:Building package 'eufs_msgs' with the following arguments: {'ament_cmake_args': None, 'build_base': '/driverless/driverless_ws/build/eufs_msgs', 'catkin_cmake_args': None, 'catkin_skip_building_tests': False, 'cmake_args': None, 'cmake_clean_cache': False, 'cmake_clean_first': False, 'cmake_force_configure': False, 'cmake_target': None, 'cmake_target_skip_unavailable': False, 'install_base': '/driverless/driverless_ws/install/eufs_msgs', 'merge_install': False, 'path': '/driverless/driverless_ws/src/eufs_msgs', 'symlink_install': True, 'test_result_base': None}
[0.732s] Level 5:colcon.colcon_core.verb:set package 'perceptions' build argument 'cmake_args' from command line to 'None'
[0.732s] Level 5:colcon.colcon_core.verb:set package 'perceptions' build argument 'cmake_target' from command line to 'None'
[0.732s] Level 5:colcon.colcon_core.verb:set package 'perceptions' build argument 'cmake_target_skip_unavailable' from command line to 'False'
[0.732s] Level 5:colcon.colcon_core.verb:set package 'perceptions' build argument 'cmake_clean_cache' from command line to 'False'
[0.732s] Level 5:colcon.colcon_core.verb:set package 'perceptions' build argument 'cmake_clean_first' from command line to 'False'
[0.732s] Level 5:colcon.colcon_core.verb:set package 'perceptions' build argument 'cmake_force_configure' from command line to 'False'
[0.732s] Level 5:colcon.colcon_core.verb:set package 'perceptions' build argument 'ament_cmake_args' from command line to 'None'
[0.732s] Level 5:colcon.colcon_core.verb:set package 'perceptions' build argument 'catkin_cmake_args' from command line to 'None'
[0.732s] Level 5:colcon.colcon_core.verb:set package 'perceptions' build argument 'catkin_skip_building_tests' from command line to 'False'
[0.732s] DEBUG:colcon.colcon_core.verb:Building package 'perceptions' with the following arguments: {'ament_cmake_args': None, 'build_base': '/driverless/driverless_ws/build/perceptions', 'catkin_cmake_args': None, 'catkin_skip_building_tests': False, 'cmake_args': None, 'cmake_clean_cache': False, 'cmake_clean_first': False, 'cmake_force_configure': False, 'cmake_target': None, 'cmake_target_skip_unavailable': False, 'install_base': '/driverless/driverless_ws/install/perceptions', 'merge_install': False, 'path': '/driverless/driverless_ws/src/perceptions', 'symlink_install': True, 'test_result_base': None}
[0.734s] INFO:colcon.colcon_core.executor:Executing jobs using 'parallel' executor
[0.747s] DEBUG:colcon.colcon_parallel_executor.executor.parallel:run_until_complete
[0.747s] INFO:colcon.colcon_ros.task.ament_cmake.build:Building ROS package in '/driverless/driverless_ws/src/eufs_msgs' with build type 'ament_cmake'
[0.747s] INFO:colcon.colcon_cmake.task.cmake.build:Building CMake package in '/driverless/driverless_ws/src/eufs_msgs'
[0.756s] INFO:colcon.colcon_core.plugin_system:Skipping extension 'colcon_core.shell.bat': Not used on non-Windows systems
[0.756s] INFO:colcon.colcon_core.shell:Skip shell extension 'powershell' for command environment: Not usable outside of PowerShell
[0.757s] DEBUG:colcon.colcon_core.shell:Skip shell extension 'dsv' for command environment
[0.777s] DEBUG:colcon.colcon_core.event_handler.log_command:Invoking command in '/driverless/driverless_ws/build/eufs_msgs': CMAKE_PREFIX_PATH=/opt/ros/foxy /usr/bin/cmake --build /driverless/driverless_ws/build/eufs_msgs -- -j8 -l8
[1.152s] DEBUG:colcon.colcon_core.event_handler.log_command:Invoked command in '/driverless/driverless_ws/build/eufs_msgs' returned '0': CMAKE_PREFIX_PATH=/opt/ros/foxy /usr/bin/cmake --build /driverless/driverless_ws/build/eufs_msgs -- -j8 -l8
[1.815s] DEBUG:colcon.colcon_core.event_handler.log_command:Invoking command in '/driverless/driverless_ws/build/eufs_msgs': CMAKE_PREFIX_PATH=/opt/ros/foxy /usr/bin/cmake --install /driverless/driverless_ws/build/eufs_msgs
[2.022s] Level 1:colcon.colcon_core.environment:create_environment_scripts_only(eufs_msgs)
[2.024s] DEBUG:colcon.colcon_core.event_handler.log_command:Invoked command in '/driverless/driverless_ws/build/eufs_msgs' returned '0': CMAKE_PREFIX_PATH=/opt/ros/foxy /usr/bin/cmake --install /driverless/driverless_ws/build/eufs_msgs
[2.033s] Level 1:colcon.colcon_core.environment:checking '/driverless/driverless_ws/install/eufs_msgs' for CMake module files
[2.034s] Level 1:colcon.colcon_core.environment:checking '/driverless/driverless_ws/install/eufs_msgs' for CMake config files
[2.039s] Level 1:colcon.colcon_core.shell:create_environment_hook('eufs_msgs', 'cmake_prefix_path')
[2.047s] INFO:colcon.colcon_core.shell:Creating environment hook '/driverless/driverless_ws/install/eufs_msgs/share/eufs_msgs/hook/cmake_prefix_path.ps1'
[2.048s] INFO:colcon.colcon_core.shell:Creating environment descriptor '/driverless/driverless_ws/install/eufs_msgs/share/eufs_msgs/hook/cmake_prefix_path.dsv'
[2.049s] INFO:colcon.colcon_core.shell:Creating environment hook '/driverless/driverless_ws/install/eufs_msgs/share/eufs_msgs/hook/cmake_prefix_path.sh'
[2.051s] Level 1:colcon.colcon_core.environment:checking '/driverless/driverless_ws/install/eufs_msgs/lib'
[2.051s] Level 1:colcon.colcon_core.shell:create_environment_hook('eufs_msgs', 'ld_library_path_lib')
[2.059s] INFO:colcon.colcon_core.shell:Creating environment hook '/driverless/driverless_ws/install/eufs_msgs/share/eufs_msgs/hook/ld_library_path_lib.ps1'
[2.060s] INFO:colcon.colcon_core.shell:Creating environment descriptor '/driverless/driverless_ws/install/eufs_msgs/share/eufs_msgs/hook/ld_library_path_lib.dsv'
[2.060s] INFO:colcon.colcon_core.shell:Creating environment hook '/driverless/driverless_ws/install/eufs_msgs/share/eufs_msgs/hook/ld_library_path_lib.sh'
[2.061s] Level 1:colcon.colcon_core.environment:checking '/driverless/driverless_ws/install/eufs_msgs/bin'
[2.061s] Level 1:colcon.colcon_core.environment:checking '/driverless/driverless_ws/install/eufs_msgs/lib/pkgconfig/eufs_msgs.pc'
[2.062s] Level 1:colcon.colcon_core.environment:checking '/driverless/driverless_ws/install/eufs_msgs/lib/python3.8/site-packages'
[2.062s] Level 1:colcon.colcon_core.shell:create_environment_hook('eufs_msgs', 'pythonpath')
[2.069s] INFO:colcon.colcon_core.shell:Creating environment hook '/driverless/driverless_ws/install/eufs_msgs/share/eufs_msgs/hook/pythonpath.ps1'
[2.070s] INFO:colcon.colcon_core.shell:Creating environment descriptor '/driverless/driverless_ws/install/eufs_msgs/share/eufs_msgs/hook/pythonpath.dsv'
[2.071s] INFO:colcon.colcon_core.shell:Creating environment hook '/driverless/driverless_ws/install/eufs_msgs/share/eufs_msgs/hook/pythonpath.sh'
[2.071s] Level 1:colcon.colcon_core.environment:checking '/driverless/driverless_ws/install/eufs_msgs/bin'
[2.079s] INFO:colcon.colcon_core.shell:Creating package script '/driverless/driverless_ws/install/eufs_msgs/share/eufs_msgs/package.ps1'
[2.080s] INFO:colcon.colcon_core.shell:Creating package descriptor '/driverless/driverless_ws/install/eufs_msgs/share/eufs_msgs/package.dsv'
[2.081s] INFO:colcon.colcon_core.shell:Creating package script '/driverless/driverless_ws/install/eufs_msgs/share/eufs_msgs/package.sh'
[2.082s] INFO:colcon.colcon_core.shell:Creating package script '/driverless/driverless_ws/install/eufs_msgs/share/eufs_msgs/package.bash'
[2.082s] INFO:colcon.colcon_core.shell:Creating package script '/driverless/driverless_ws/install/eufs_msgs/share/eufs_msgs/package.zsh'
[2.083s] Level 1:colcon.colcon_core.environment:create_file_with_runtime_dependencies(/driverless/driverless_ws/install/eufs_msgs/share/colcon-core/packages/eufs_msgs)
[2.725s] Level 1:colcon.colcon_core.environment:create_environment_scripts_only(eufs_msgs)
[2.734s] Level 1:colcon.colcon_core.environment:checking '/driverless/driverless_ws/install/eufs_msgs' for CMake module files
[2.735s] Level 1:colcon.colcon_core.environment:checking '/driverless/driverless_ws/install/eufs_msgs' for CMake config files
[2.741s] Level 1:colcon.colcon_core.shell:create_environment_hook('eufs_msgs', 'cmake_prefix_path')
[2.749s] INFO:colcon.colcon_core.shell:Creating environment hook '/driverless/driverless_ws/install/eufs_msgs/share/eufs_msgs/hook/cmake_prefix_path.ps1'
[2.750s] INFO:colcon.colcon_core.shell:Creating environment descriptor '/driverless/driverless_ws/install/eufs_msgs/share/eufs_msgs/hook/cmake_prefix_path.dsv'
[2.751s] INFO:colcon.colcon_core.shell:Creating environment hook '/driverless/driverless_ws/install/eufs_msgs/share/eufs_msgs/hook/cmake_prefix_path.sh'
[2.752s] Level 1:colcon.colcon_core.environment:checking '/driverless/driverless_ws/install/eufs_msgs/lib'
[2.752s] Level 1:colcon.colcon_core.shell:create_environment_hook('eufs_msgs', 'ld_library_path_lib')
[2.759s] INFO:colcon.colcon_core.shell:Creating environment hook '/driverless/driverless_ws/install/eufs_msgs/share/eufs_msgs/hook/ld_library_path_lib.ps1'
[2.760s] INFO:colcon.colcon_core.shell:Creating environment descriptor '/driverless/driverless_ws/install/eufs_msgs/share/eufs_msgs/hook/ld_library_path_lib.dsv'
[2.761s] INFO:colcon.colcon_core.shell:Creating environment hook '/driverless/driverless_ws/install/eufs_msgs/share/eufs_msgs/hook/ld_library_path_lib.sh'
[2.761s] Level 1:colcon.colcon_core.environment:checking '/driverless/driverless_ws/install/eufs_msgs/bin'
[2.761s] Level 1:colcon.colcon_core.environment:checking '/driverless/driverless_ws/install/eufs_msgs/lib/pkgconfig/eufs_msgs.pc'
[2.761s] Level 1:colcon.colcon_core.environment:checking '/driverless/driverless_ws/install/eufs_msgs/lib/python3.8/site-packages'
[2.761s] Level 1:colcon.colcon_core.shell:create_environment_hook('eufs_msgs', 'pythonpath')
[2.766s] INFO:colcon.colcon_core.shell:Creating environment hook '/driverless/driverless_ws/install/eufs_msgs/share/eufs_msgs/hook/pythonpath.ps1'
[2.767s] INFO:colcon.colcon_core.shell:Creating environment descriptor '/driverless/driverless_ws/install/eufs_msgs/share/eufs_msgs/hook/pythonpath.dsv'
[2.767s] INFO:colcon.colcon_core.shell:Creating environment hook '/driverless/driverless_ws/install/eufs_msgs/share/eufs_msgs/hook/pythonpath.sh'
[2.768s] Level 1:colcon.colcon_core.environment:checking '/driverless/driverless_ws/install/eufs_msgs/bin'
[2.773s] INFO:colcon.colcon_core.shell:Creating package script '/driverless/driverless_ws/install/eufs_msgs/share/eufs_msgs/package.ps1'
[2.774s] INFO:colcon.colcon_core.shell:Creating package descriptor '/driverless/driverless_ws/install/eufs_msgs/share/eufs_msgs/package.dsv'
[2.775s] INFO:colcon.colcon_core.shell:Creating package script '/driverless/driverless_ws/install/eufs_msgs/share/eufs_msgs/package.sh'
[2.775s] INFO:colcon.colcon_core.shell:Creating package script '/driverless/driverless_ws/install/eufs_msgs/share/eufs_msgs/package.bash'
[2.776s] INFO:colcon.colcon_core.shell:Creating package script '/driverless/driverless_ws/install/eufs_msgs/share/eufs_msgs/package.zsh'
[2.776s] Level 1:colcon.colcon_core.environment:create_file_with_runtime_dependencies(/driverless/driverless_ws/install/eufs_msgs/share/colcon-core/packages/eufs_msgs)
[2.776s] INFO:colcon.colcon_ros.task.ament_cmake.build:Building ROS package in '/driverless/driverless_ws/src/perceptions' with build type 'ament_cmake'
[2.777s] INFO:colcon.colcon_cmake.task.cmake.build:Building CMake package in '/driverless/driverless_ws/src/perceptions'
[2.782s] INFO:colcon.colcon_core.shell:Skip shell extension 'powershell' for command environment: Not usable outside of PowerShell
[2.782s] DEBUG:colcon.colcon_core.shell:Skip shell extension 'dsv' for command environment
[2.802s] DEBUG:colcon.colcon_core.event_handler.log_command:Invoking command in '/driverless/driverless_ws/build/perceptions': AMENT_PREFIX_PATH=/driverless/driverless_ws/install/eufs_msgs:${AMENT_PREFIX_PATH} CMAKE_PREFIX_PATH=/driverless/driverless_ws/install/eufs_msgs:/opt/ros/foxy LD_LIBRARY_PATH=/driverless/driverless_ws/install/eufs_msgs/lib:${LD_LIBRARY_PATH} PYTHONPATH=/driverless/driverless_ws/install/eufs_msgs/lib/python3.8/site-packages:${PYTHONPATH} /usr/bin/cmake --build /driverless/driverless_ws/build/perceptions -- -j8 -l8
[19.913s] DEBUG:colcon.colcon_core.event_handler.log_command:Invoked command in '/driverless/driverless_ws/build/perceptions' returned '0': AMENT_PREFIX_PATH=/driverless/driverless_ws/install/eufs_msgs:${AMENT_PREFIX_PATH} CMAKE_PREFIX_PATH=/driverless/driverless_ws/install/eufs_msgs:/opt/ros/foxy LD_LIBRARY_PATH=/driverless/driverless_ws/install/eufs_msgs/lib:${LD_LIBRARY_PATH} PYTHONPATH=/driverless/driverless_ws/install/eufs_msgs/lib/python3.8/site-packages:${PYTHONPATH} /usr/bin/cmake --build /driverless/driverless_ws/build/perceptions -- -j8 -l8
[19.940s] DEBUG:colcon.colcon_core.event_handler.log_command:Invoking command in '/driverless/driverless_ws/build/perceptions': AMENT_PREFIX_PATH=/driverless/driverless_ws/install/eufs_msgs:${AMENT_PREFIX_PATH} CMAKE_PREFIX_PATH=/driverless/driverless_ws/install/eufs_msgs:/opt/ros/foxy LD_LIBRARY_PATH=/driverless/driverless_ws/install/eufs_msgs/lib:${LD_LIBRARY_PATH} PYTHONPATH=/driverless/driverless_ws/install/eufs_msgs/lib/python3.8/site-packages:${PYTHONPATH} /usr/bin/cmake --install /driverless/driverless_ws/build/perceptions
[20.119s] Level 1:colcon.colcon_core.environment:create_environment_scripts_only(perceptions)
[20.125s] Level 1:colcon.colcon_core.environment:checking '/driverless/driverless_ws/install/perceptions' for CMake module files
[20.126s] DEBUG:colcon.colcon_core.event_handler.log_command:Invoked command in '/driverless/driverless_ws/build/perceptions' returned '0': AMENT_PREFIX_PATH=/driverless/driverless_ws/install/eufs_msgs:${AMENT_PREFIX_PATH} CMAKE_PREFIX_PATH=/driverless/driverless_ws/install/eufs_msgs:/opt/ros/foxy LD_LIBRARY_PATH=/driverless/driverless_ws/install/eufs_msgs/lib:${LD_LIBRARY_PATH} PYTHONPATH=/driverless/driverless_ws/install/eufs_msgs/lib/python3.8/site-packages:${PYTHONPATH} /usr/bin/cmake --install /driverless/driverless_ws/build/perceptions
[20.126s] Level 1:colcon.colcon_core.environment:checking '/driverless/driverless_ws/install/perceptions' for CMake config files
[20.126s] Level 1:colcon.colcon_core.shell:create_environment_hook('perceptions', 'cmake_prefix_path')
[20.131s] INFO:colcon.colcon_core.shell:Creating environment hook '/driverless/driverless_ws/install/perceptions/share/perceptions/hook/cmake_prefix_path.ps1'
[20.132s] INFO:colcon.colcon_core.shell:Creating environment descriptor '/driverless/driverless_ws/install/perceptions/share/perceptions/hook/cmake_prefix_path.dsv'
[20.133s] INFO:colcon.colcon_core.shell:Creating environment hook '/driverless/driverless_ws/install/perceptions/share/perceptions/hook/cmake_prefix_path.sh'
[20.133s] Level 1:colcon.colcon_core.environment:checking '/driverless/driverless_ws/install/perceptions/lib'
[20.133s] Level 1:colcon.colcon_core.environment:checking '/driverless/driverless_ws/install/perceptions/bin'
[20.133s] Level 1:colcon.colcon_core.environment:checking '/driverless/driverless_ws/install/perceptions/lib/pkgconfig/perceptions.pc'
[20.134s] Level 1:colcon.colcon_core.environment:checking '/driverless/driverless_ws/install/perceptions/lib/python3.8/site-packages'
[20.134s] Level 1:colcon.colcon_core.environment:checking '/driverless/driverless_ws/install/perceptions/bin'
[20.139s] INFO:colcon.colcon_core.shell:Creating package script '/driverless/driverless_ws/install/perceptions/share/perceptions/package.ps1'
[20.140s] INFO:colcon.colcon_core.shell:Creating package descriptor '/driverless/driverless_ws/install/perceptions/share/perceptions/package.dsv'
[20.140s] INFO:colcon.colcon_core.shell:Creating package script '/driverless/driverless_ws/install/perceptions/share/perceptions/package.sh'
[20.141s] INFO:colcon.colcon_core.shell:Creating package script '/driverless/driverless_ws/install/perceptions/share/perceptions/package.bash'
[20.141s] INFO:colcon.colcon_core.shell:Creating package script '/driverless/driverless_ws/install/perceptions/share/perceptions/package.zsh'
[20.141s] Level 1:colcon.colcon_core.environment:create_file_with_runtime_dependencies(/driverless/driverless_ws/install/perceptions/share/colcon-core/packages/perceptions)
[20.171s] Level 1:colcon.colcon_core.environment:create_environment_scripts_only(perceptions)
[20.177s] Level 1:colcon.colcon_core.environment:checking '/driverless/driverless_ws/install/perceptions' for CMake module files
[20.178s] Level 1:colcon.colcon_core.environment:checking '/driverless/driverless_ws/install/perceptions' for CMake config files
[20.178s] Level 1:colcon.colcon_core.shell:create_environment_hook('perceptions', 'cmake_prefix_path')
[20.185s] INFO:colcon.colcon_core.shell:Creating environment hook '/driverless/driverless_ws/install/perceptions/share/perceptions/hook/cmake_prefix_path.ps1'
[20.185s] INFO:colcon.colcon_core.shell:Creating environment descriptor '/driverless/driverless_ws/install/perceptions/share/perceptions/hook/cmake_prefix_path.dsv'
[20.186s] INFO:colcon.colcon_core.shell:Creating environment hook '/driverless/driverless_ws/install/perceptions/share/perceptions/hook/cmake_prefix_path.sh'
[20.186s] Level 1:colcon.colcon_core.environment:checking '/driverless/driverless_ws/install/perceptions/lib'
[20.186s] Level 1:colcon.colcon_core.environment:checking '/driverless/driverless_ws/install/perceptions/bin'
[20.187s] Level 1:colcon.colcon_core.environment:checking '/driverless/driverless_ws/install/perceptions/lib/pkgconfig/perceptions.pc'
[20.187s] Level 1:colcon.colcon_core.environment:checking '/driverless/driverless_ws/install/perceptions/lib/python3.8/site-packages'
[20.187s] Level 1:colcon.colcon_core.environment:checking '/driverless/driverless_ws/install/perceptions/bin'
[20.192s] INFO:colcon.colcon_core.shell:Creating package script '/driverless/driverless_ws/install/perceptions/share/perceptions/package.ps1'
[20.193s] INFO:colcon.colcon_core.shell:Creating package descriptor '/driverless/driverless_ws/install/perceptions/share/perceptions/package.dsv'
[20.193s] INFO:colcon.colcon_core.shell:Creating package script '/driverless/driverless_ws/install/perceptions/share/perceptions/package.sh'
[20.194s] INFO:colcon.colcon_core.shell:Creating package script '/driverless/driverless_ws/install/perceptions/share/perceptions/package.bash'
[20.194s] INFO:colcon.colcon_core.shell:Creating package script '/driverless/driverless_ws/install/perceptions/share/perceptions/package.zsh'
[20.195s] Level 1:colcon.colcon_core.environment:create_file_with_runtime_dependencies(/driverless/driverless_ws/install/perceptions/share/colcon-core/packages/perceptions)
[20.195s] DEBUG:colcon.colcon_parallel_executor.executor.parallel:closing loop
[20.196s] DEBUG:colcon.colcon_parallel_executor.executor.parallel:loop closed
[20.196s] DEBUG:colcon.colcon_parallel_executor.executor.parallel:run_until_complete finished with '0'
[20.196s] DEBUG:colcon.colcon_core.event_reactor:joining thread
[20.206s] INFO:colcon.colcon_core.plugin_system:Skipping extension 'colcon_notification.desktop_notification.notify_send': Could not find 'notify-send'
[20.206s] INFO:colcon.colcon_core.plugin_system:Skipping extension 'colcon_notification.desktop_notification.terminal_notifier': Not used on non-Darwin systems
[20.206s] INFO:colcon.colcon_core.plugin_system:Skipping extension 'colcon_notification.desktop_notification.win32': Not used on non-Windows systems
[20.206s] INFO:colcon.colcon_notification.desktop_notification:Sending desktop notification using 'notify2'
[20.211s] DEBUG:colcon.colcon_notification.desktop_notification.notify2:Failed to initialize notify2: org.freedesktop.DBus.Error.ServiceUnknown: The name org.freedesktop.Notifications was not provided by any .service files
[20.211s] DEBUG:colcon.colcon_core.event_reactor:joined thread
[20.220s] INFO:colcon.colcon_core.shell:Creating prefix script '/driverless/driverless_ws/install/local_setup.ps1'
[20.222s] INFO:colcon.colcon_core.shell:Creating prefix util module '/driverless/driverless_ws/install/_local_setup_util_ps1.py'
[20.224s] INFO:colcon.colcon_core.shell:Creating prefix chain script '/driverless/driverless_ws/install/setup.ps1'
[20.232s] INFO:colcon.colcon_core.shell:Creating prefix script '/driverless/driverless_ws/install/local_setup.sh'
[20.233s] INFO:colcon.colcon_core.shell:Creating prefix util module '/driverless/driverless_ws/install/_local_setup_util_sh.py'
[20.234s] INFO:colcon.colcon_core.shell:Creating prefix chain script '/driverless/driverless_ws/install/setup.sh'
[20.241s] INFO:colcon.colcon_core.shell:Creating prefix script '/driverless/driverless_ws/install/local_setup.bash'
[20.242s] INFO:colcon.colcon_core.shell:Creating prefix chain script '/driverless/driverless_ws/install/setup.bash'
[20.250s] INFO:colcon.colcon_core.shell:Creating prefix script '/driverless/driverless_ws/install/local_setup.zsh'
[20.251s] INFO:colcon.colcon_core.shell:Creating prefix chain script '/driverless/driverless_ws/install/setup.zsh'
