[0.386s] DEBUG:colcon:Command line arguments: ['/usr/local/bin/colcon', 'build', '--symlink-install']
[0.386s] DEBUG:colcon:Parsed command line arguments: Namespace(ament_cmake_args=None, base_paths=['.'], build_base='build', catkin_cmake_args=None, catkin_skip_building_tests=False, cmake_args=None, cmake_clean_cache=False, cmake_clean_first=False, cmake_force_configure=False, cmake_target=None, cmake_target_skip_unavailable=False, continue_on_error=False, event_handlers=None, executor='parallel', ignore_user_meta=False, install_base='install', log_base=None, log_level=None, main=<bound method BuildVerb.main of <colcon_core.verb.build.BuildVerb object at 0x7f02eae2e1f0>>, merge_install=False, metas=['./colcon.meta'], packages_above=None, packages_above_and_dependencies=None, packages_above_depth=None, packages_end=None, packages_ignore=None, packages_ignore_regex=None, packages_select=None, packages_select_build_failed=False, packages_select_by_dep=None, packages_select_regex=None, packages_select_test_failures=False, packages_skip=None, packages_skip_build_finished=False, packages_skip_by_dep=None, packages_skip_regex=None, packages_skip_test_passed=False, packages_skip_up_to=None, packages_start=None, packages_up_to=None, packages_up_to_regex=None, parallel_workers=8, paths=None, symlink_install=True, test_result_base=None, verb_extension=<colcon_core.verb.build.BuildVerb object at 0x7f02eae2e1f0>, verb_name='build', verb_parser=<colcon_defaults.argument_parser.defaults.DefaultArgumentsDecorator object at 0x7f02eae2e730>)
[0.414s] Level 1:colcon.colcon_core.package_discovery:discover_packages(colcon_meta) check parameters
[0.414s] Level 1:colcon.colcon_core.package_discovery:discover_packages(recursive) check parameters
[0.414s] Level 1:colcon.colcon_core.package_discovery:discover_packages(ignore) check parameters
[0.414s] Level 1:colcon.colcon_core.package_discovery:discover_packages(path) check parameters
[0.414s] Level 1:colcon.colcon_core.package_discovery:discover_packages(colcon_meta) discover
[0.414s] Level 1:colcon.colcon_core.package_discovery:discover_packages(recursive) discover
[0.414s] INFO:colcon.colcon_core.package_discovery:Crawling recursively for packages in '/driverless/driverless_ws'
[0.414s] Level 1:colcon.colcon_core.package_identification:_identify(.) by extensions ['ignore', 'ignore_ament_install']
[0.414s] Level 1:colcon.colcon_core.package_identification:_identify(.) by extension 'ignore'
[0.414s] Level 1:colcon.colcon_core.package_identification:_identify(.) by extension 'ignore_ament_install'
[0.414s] Level 1:colcon.colcon_core.package_identification:_identify(.) by extensions ['colcon_pkg']
[0.414s] Level 1:colcon.colcon_core.package_identification:_identify(.) by extension 'colcon_pkg'
[0.414s] Level 1:colcon.colcon_core.package_identification:_identify(.) by extensions ['colcon_meta']
[0.414s] Level 1:colcon.colcon_core.package_identification:_identify(.) by extension 'colcon_meta'
[0.414s] Level 1:colcon.colcon_core.package_identification:_identify(.) by extensions ['ros']
[0.414s] Level 1:colcon.colcon_core.package_identification:_identify(.) by extension 'ros'
[0.435s] Level 1:colcon.colcon_core.package_identification:_identify(.) by extensions ['cmake', 'python']
[0.436s] Level 1:colcon.colcon_core.package_identification:_identify(.) by extension 'cmake'
[0.436s] Level 1:colcon.colcon_core.package_identification:_identify(.) by extension 'python'
[0.436s] Level 1:colcon.colcon_core.package_identification:_identify(.) by extensions ['python_setup_py']
[0.436s] Level 1:colcon.colcon_core.package_identification:_identify(.) by extension 'python_setup_py'
[0.436s] Level 1:colcon.colcon_core.package_identification:_identify(build) by extensions ['ignore', 'ignore_ament_install']
[0.436s] Level 1:colcon.colcon_core.package_identification:_identify(build) by extension 'ignore'
[0.436s] Level 1:colcon.colcon_core.package_identification:_identify(build) ignored
[0.436s] Level 1:colcon.colcon_core.package_identification:_identify(install) by extensions ['ignore', 'ignore_ament_install']
[0.436s] Level 1:colcon.colcon_core.package_identification:_identify(install) by extension 'ignore'
[0.436s] Level 1:colcon.colcon_core.package_identification:_identify(install) ignored
[0.436s] Level 1:colcon.colcon_core.package_identification:_identify(log) by extensions ['ignore', 'ignore_ament_install']
[0.436s] Level 1:colcon.colcon_core.package_identification:_identify(log) by extension 'ignore'
[0.436s] Level 1:colcon.colcon_core.package_identification:_identify(log) ignored
[0.436s] Level 1:colcon.colcon_core.package_identification:_identify(src) by extensions ['ignore', 'ignore_ament_install']
[0.436s] Level 1:colcon.colcon_core.package_identification:_identify(src) by extension 'ignore'
[0.437s] Level 1:colcon.colcon_core.package_identification:_identify(src) by extension 'ignore_ament_install'
[0.437s] Level 1:colcon.colcon_core.package_identification:_identify(src) by extensions ['colcon_pkg']
[0.437s] Level 1:colcon.colcon_core.package_identification:_identify(src) by extension 'colcon_pkg'
[0.437s] Level 1:colcon.colcon_core.package_identification:_identify(src) by extensions ['colcon_meta']
[0.437s] Level 1:colcon.colcon_core.package_identification:_identify(src) by extension 'colcon_meta'
[0.437s] Level 1:colcon.colcon_core.package_identification:_identify(src) by extensions ['ros']
[0.437s] Level 1:colcon.colcon_core.package_identification:_identify(src) by extension 'ros'
[0.437s] Level 1:colcon.colcon_core.package_identification:_identify(src) by extensions ['cmake', 'python']
[0.437s] Level 1:colcon.colcon_core.package_identification:_identify(src) by extension 'cmake'
[0.437s] Level 1:colcon.colcon_core.package_identification:_identify(src) by extension 'python'
[0.437s] Level 1:colcon.colcon_core.package_identification:_identify(src) by extensions ['python_setup_py']
[0.437s] Level 1:colcon.colcon_core.package_identification:_identify(src) by extension 'python_setup_py'
[0.437s] Level 1:colcon.colcon_core.package_identification:_identify(src/actuators) by extensions ['ignore', 'ignore_ament_install']
[0.437s] Level 1:colcon.colcon_core.package_identification:_identify(src/actuators) by extension 'ignore'
[0.437s] Level 1:colcon.colcon_core.package_identification:_identify(src/actuators) by extension 'ignore_ament_install'
[0.437s] Level 1:colcon.colcon_core.package_identification:_identify(src/actuators) by extensions ['colcon_pkg']
[0.437s] Level 1:colcon.colcon_core.package_identification:_identify(src/actuators) by extension 'colcon_pkg'
[0.437s] Level 1:colcon.colcon_core.package_identification:_identify(src/actuators) by extensions ['colcon_meta']
[0.437s] Level 1:colcon.colcon_core.package_identification:_identify(src/actuators) by extension 'colcon_meta'
[0.437s] Level 1:colcon.colcon_core.package_identification:_identify(src/actuators) by extensions ['ros']
[0.437s] Level 1:colcon.colcon_core.package_identification:_identify(src/actuators) by extension 'ros'
[0.439s] DEBUG:colcon.colcon_core.package_identification:Package 'src/actuators' with type 'ros.ament_cmake' and name 'actuators'
[0.439s] Level 1:colcon.colcon_core.package_identification:_identify(src/collection) by extensions ['ignore', 'ignore_ament_install']
[0.440s] Level 1:colcon.colcon_core.package_identification:_identify(src/collection) by extension 'ignore'
[0.440s] Level 1:colcon.colcon_core.package_identification:_identify(src/collection) by extension 'ignore_ament_install'
[0.440s] Level 1:colcon.colcon_core.package_identification:_identify(src/collection) by extensions ['colcon_pkg']
[0.440s] Level 1:colcon.colcon_core.package_identification:_identify(src/collection) by extension 'colcon_pkg'
[0.440s] Level 1:colcon.colcon_core.package_identification:_identify(src/collection) by extensions ['colcon_meta']
[0.440s] Level 1:colcon.colcon_core.package_identification:_identify(src/collection) by extension 'colcon_meta'
[0.440s] Level 1:colcon.colcon_core.package_identification:_identify(src/collection) by extensions ['ros']
[0.440s] Level 1:colcon.colcon_core.package_identification:_identify(src/collection) by extension 'ros'
[0.440s] DEBUG:colcon.colcon_core.package_identification:Package 'src/collection' with type 'ros.ament_cmake' and name 'collection'
[0.440s] Level 1:colcon.colcon_core.package_identification:_identify(src/common) by extensions ['ignore', 'ignore_ament_install']
[0.441s] Level 1:colcon.colcon_core.package_identification:_identify(src/common) by extension 'ignore'
[0.441s] Level 1:colcon.colcon_core.package_identification:_identify(src/common) by extension 'ignore_ament_install'
[0.441s] Level 1:colcon.colcon_core.package_identification:_identify(src/common) by extensions ['colcon_pkg']
[0.441s] Level 1:colcon.colcon_core.package_identification:_identify(src/common) by extension 'colcon_pkg'
[0.441s] Level 1:colcon.colcon_core.package_identification:_identify(src/common) by extensions ['colcon_meta']
[0.441s] Level 1:colcon.colcon_core.package_identification:_identify(src/common) by extension 'colcon_meta'
[0.441s] Level 1:colcon.colcon_core.package_identification:_identify(src/common) by extensions ['ros']
[0.441s] Level 1:colcon.colcon_core.package_identification:_identify(src/common) by extension 'ros'
[0.441s] DEBUG:colcon.colcon_core.package_identification:Package 'src/common' with type 'ros.ament_cmake' and name 'common'
[0.441s] Level 1:colcon.colcon_core.package_identification:_identify(src/controls) by extensions ['ignore', 'ignore_ament_install']
[0.441s] Level 1:colcon.colcon_core.package_identification:_identify(src/controls) by extension 'ignore'
[0.441s] Level 1:colcon.colcon_core.package_identification:_identify(src/controls) by extension 'ignore_ament_install'
[0.441s] Level 1:colcon.colcon_core.package_identification:_identify(src/controls) by extensions ['colcon_pkg']
[0.441s] Level 1:colcon.colcon_core.package_identification:_identify(src/controls) by extension 'colcon_pkg'
[0.441s] Level 1:colcon.colcon_core.package_identification:_identify(src/controls) by extensions ['colcon_meta']
[0.441s] Level 1:colcon.colcon_core.package_identification:_identify(src/controls) by extension 'colcon_meta'
[0.442s] Level 1:colcon.colcon_core.package_identification:_identify(src/controls) by extensions ['ros']
[0.442s] Level 1:colcon.colcon_core.package_identification:_identify(src/controls) by extension 'ros'
[0.442s] DEBUG:colcon.colcon_core.package_identification:Package 'src/controls' with type 'ros.ament_cmake' and name 'controls'
[0.442s] Level 1:colcon.colcon_core.package_identification:_identify(src/eufs_msgs) by extensions ['ignore', 'ignore_ament_install']
[0.442s] Level 1:colcon.colcon_core.package_identification:_identify(src/eufs_msgs) by extension 'ignore'
[0.442s] Level 1:colcon.colcon_core.package_identification:_identify(src/eufs_msgs) by extension 'ignore_ament_install'
[0.442s] Level 1:colcon.colcon_core.package_identification:_identify(src/eufs_msgs) by extensions ['colcon_pkg']
[0.442s] Level 1:colcon.colcon_core.package_identification:_identify(src/eufs_msgs) by extension 'colcon_pkg'
[0.442s] Level 1:colcon.colcon_core.package_identification:_identify(src/eufs_msgs) by extensions ['colcon_meta']
[0.442s] Level 1:colcon.colcon_core.package_identification:_identify(src/eufs_msgs) by extension 'colcon_meta'
[0.442s] Level 1:colcon.colcon_core.package_identification:_identify(src/eufs_msgs) by extensions ['ros']
[0.442s] Level 1:colcon.colcon_core.package_identification:_identify(src/eufs_msgs) by extension 'ros'
[0.443s] DEBUG:colcon.colcon_core.package_identification:Package 'src/eufs_msgs' with type 'ros.ament_cmake' and name 'eufs_msgs'
[0.443s] Level 1:colcon.colcon_core.package_identification:_identify(src/interfaces) by extensions ['ignore', 'ignore_ament_install']
[0.443s] Level 1:colcon.colcon_core.package_identification:_identify(src/interfaces) by extension 'ignore'
[0.443s] Level 1:colcon.colcon_core.package_identification:_identify(src/interfaces) by extension 'ignore_ament_install'
[0.443s] Level 1:colcon.colcon_core.package_identification:_identify(src/interfaces) by extensions ['colcon_pkg']
[0.443s] Level 1:colcon.colcon_core.package_identification:_identify(src/interfaces) by extension 'colcon_pkg'
[0.443s] Level 1:colcon.colcon_core.package_identification:_identify(src/interfaces) by extensions ['colcon_meta']
[0.443s] Level 1:colcon.colcon_core.package_identification:_identify(src/interfaces) by extension 'colcon_meta'
[0.443s] Level 1:colcon.colcon_core.package_identification:_identify(src/interfaces) by extensions ['ros']
[0.443s] Level 1:colcon.colcon_core.package_identification:_identify(src/interfaces) by extension 'ros'
[0.444s] DEBUG:colcon.colcon_core.package_identification:Package 'src/interfaces' with type 'ros.ament_cmake' and name 'interfaces'
[0.444s] Level 1:colcon.colcon_core.package_identification:_identify(src/perceptions) by extensions ['ignore', 'ignore_ament_install']
[0.444s] Level 1:colcon.colcon_core.package_identification:_identify(src/perceptions) by extension 'ignore'
[0.444s] Level 1:colcon.colcon_core.package_identification:_identify(src/perceptions) by extension 'ignore_ament_install'
[0.444s] Level 1:colcon.colcon_core.package_identification:_identify(src/perceptions) by extensions ['colcon_pkg']
[0.444s] Level 1:colcon.colcon_core.package_identification:_identify(src/perceptions) by extension 'colcon_pkg'
[0.444s] Level 1:colcon.colcon_core.package_identification:_identify(src/perceptions) by extensions ['colcon_meta']
[0.444s] Level 1:colcon.colcon_core.package_identification:_identify(src/perceptions) by extension 'colcon_meta'
[0.444s] Level 1:colcon.colcon_core.package_identification:_identify(src/perceptions) by extensions ['ros']
[0.444s] Level 1:colcon.colcon_core.package_identification:_identify(src/perceptions) by extension 'ros'
[0.444s] DEBUG:colcon.colcon_core.package_identification:Package 'src/perceptions' with type 'ros.ament_cmake' and name 'perceptions'
[0.445s] Level 1:colcon.colcon_core.package_identification:_identify(src/planning) by extensions ['ignore', 'ignore_ament_install']
[0.445s] Level 1:colcon.colcon_core.package_identification:_identify(src/planning) by extension 'ignore'
[0.445s] Level 1:colcon.colcon_core.package_identification:_identify(src/planning) by extension 'ignore_ament_install'
[0.445s] Level 1:colcon.colcon_core.package_identification:_identify(src/planning) by extensions ['colcon_pkg']
[0.445s] Level 1:colcon.colcon_core.package_identification:_identify(src/planning) by extension 'colcon_pkg'
[0.445s] Level 1:colcon.colcon_core.package_identification:_identify(src/planning) by extensions ['colcon_meta']
[0.445s] Level 1:colcon.colcon_core.package_identification:_identify(src/planning) by extension 'colcon_meta'
[0.445s] Level 1:colcon.colcon_core.package_identification:_identify(src/planning) by extensions ['ros']
[0.445s] Level 1:colcon.colcon_core.package_identification:_identify(src/planning) by extension 'ros'
[0.446s] DEBUG:colcon.colcon_core.package_identification:Package 'src/planning' with type 'ros.ament_cmake' and name 'planning'
[0.446s] Level 1:colcon.colcon_core.package_discovery:discover_packages(recursive) using defaults
[0.446s] Level 1:colcon.colcon_core.package_discovery:discover_packages(ignore) discover
[0.446s] Level 1:colcon.colcon_core.package_discovery:discover_packages(ignore) using defaults
[0.446s] Level 1:colcon.colcon_core.package_discovery:discover_packages(path) discover
[0.446s] Level 1:colcon.colcon_core.package_discovery:discover_packages(path) using defaults
[0.479s] Level 5:colcon.colcon_core.verb:set package 'actuators' build argument 'cmake_args' from command line to 'None'
[0.479s] Level 5:colcon.colcon_core.verb:set package 'actuators' build argument 'cmake_target' from command line to 'None'
[0.479s] Level 5:colcon.colcon_core.verb:set package 'actuators' build argument 'cmake_target_skip_unavailable' from command line to 'False'
[0.479s] Level 5:colcon.colcon_core.verb:set package 'actuators' build argument 'cmake_clean_cache' from command line to 'False'
[0.479s] Level 5:colcon.colcon_core.verb:set package 'actuators' build argument 'cmake_clean_first' from command line to 'False'
[0.479s] Level 5:colcon.colcon_core.verb:set package 'actuators' build argument 'cmake_force_configure' from command line to 'False'
[0.479s] Level 5:colcon.colcon_core.verb:set package 'actuators' build argument 'ament_cmake_args' from command line to 'None'
[0.479s] Level 5:colcon.colcon_core.verb:set package 'actuators' build argument 'catkin_cmake_args' from command line to 'None'
[0.479s] Level 5:colcon.colcon_core.verb:set package 'actuators' build argument 'catkin_skip_building_tests' from command line to 'False'
[0.479s] DEBUG:colcon.colcon_core.verb:Building package 'actuators' with the following arguments: {'ament_cmake_args': None, 'build_base': '/driverless/driverless_ws/build/actuators', 'catkin_cmake_args': None, 'catkin_skip_building_tests': False, 'cmake_args': None, 'cmake_clean_cache': False, 'cmake_clean_first': False, 'cmake_force_configure': False, 'cmake_target': None, 'cmake_target_skip_unavailable': False, 'install_base': '/driverless/driverless_ws/install/actuators', 'merge_install': False, 'path': '/driverless/driverless_ws/src/actuators', 'symlink_install': True, 'test_result_base': None}
[0.490s] Level 5:colcon.colcon_core.verb:set package 'collection' build argument 'cmake_args' from command line to 'None'
[0.490s] Level 5:colcon.colcon_core.verb:set package 'collection' build argument 'cmake_target' from command line to 'None'
[0.490s] Level 5:colcon.colcon_core.verb:set package 'collection' build argument 'cmake_target_skip_unavailable' from command line to 'False'
[0.490s] Level 5:colcon.colcon_core.verb:set package 'collection' build argument 'cmake_clean_cache' from command line to 'False'
[0.490s] Level 5:colcon.colcon_core.verb:set package 'collection' build argument 'cmake_clean_first' from command line to 'False'
[0.490s] Level 5:colcon.colcon_core.verb:set package 'collection' build argument 'cmake_force_configure' from command line to 'False'
[0.490s] Level 5:colcon.colcon_core.verb:set package 'collection' build argument 'ament_cmake_args' from command line to 'None'
[0.490s] Level 5:colcon.colcon_core.verb:set package 'collection' build argument 'catkin_cmake_args' from command line to 'None'
[0.490s] Level 5:colcon.colcon_core.verb:set package 'collection' build argument 'catkin_skip_building_tests' from command line to 'False'
[0.490s] DEBUG:colcon.colcon_core.verb:Building package 'collection' with the following arguments: {'ament_cmake_args': None, 'build_base': '/driverless/driverless_ws/build/collection', 'catkin_cmake_args': None, 'catkin_skip_building_tests': False, 'cmake_args': None, 'cmake_clean_cache': False, 'cmake_clean_first': False, 'cmake_force_configure': False, 'cmake_target': None, 'cmake_target_skip_unavailable': False, 'install_base': '/driverless/driverless_ws/install/collection', 'merge_install': False, 'path': '/driverless/driverless_ws/src/collection', 'symlink_install': True, 'test_result_base': None}
[0.498s] Level 5:colcon.colcon_core.verb:set package 'common' build argument 'cmake_args' from command line to 'None'
[0.498s] Level 5:colcon.colcon_core.verb:set package 'common' build argument 'cmake_target' from command line to 'None'
[0.498s] Level 5:colcon.colcon_core.verb:set package 'common' build argument 'cmake_target_skip_unavailable' from command line to 'False'
[0.498s] Level 5:colcon.colcon_core.verb:set package 'common' build argument 'cmake_clean_cache' from command line to 'False'
[0.498s] Level 5:colcon.colcon_core.verb:set package 'common' build argument 'cmake_clean_first' from command line to 'False'
[0.498s] Level 5:colcon.colcon_core.verb:set package 'common' build argument 'cmake_force_configure' from command line to 'False'
[0.498s] Level 5:colcon.colcon_core.verb:set package 'common' build argument 'ament_cmake_args' from command line to 'None'
[0.498s] Level 5:colcon.colcon_core.verb:set package 'common' build argument 'catkin_cmake_args' from command line to 'None'
[0.498s] Level 5:colcon.colcon_core.verb:set package 'common' build argument 'catkin_skip_building_tests' from command line to 'False'
[0.498s] DEBUG:colcon.colcon_core.verb:Building package 'common' with the following arguments: {'ament_cmake_args': None, 'build_base': '/driverless/driverless_ws/build/common', 'catkin_cmake_args': None, 'catkin_skip_building_tests': False, 'cmake_args': None, 'cmake_clean_cache': False, 'cmake_clean_first': False, 'cmake_force_configure': False, 'cmake_target': None, 'cmake_target_skip_unavailable': False, 'install_base': '/driverless/driverless_ws/install/common', 'merge_install': False, 'path': '/driverless/driverless_ws/src/common', 'symlink_install': True, 'test_result_base': None}
[0.505s] Level 5:colcon.colcon_core.verb:set package 'controls' build argument 'cmake_args' from command line to 'None'
[0.505s] Level 5:colcon.colcon_core.verb:set package 'controls' build argument 'cmake_target' from command line to 'None'
[0.505s] Level 5:colcon.colcon_core.verb:set package 'controls' build argument 'cmake_target_skip_unavailable' from command line to 'False'
[0.505s] Level 5:colcon.colcon_core.verb:set package 'controls' build argument 'cmake_clean_cache' from command line to 'False'
[0.505s] Level 5:colcon.colcon_core.verb:set package 'controls' build argument 'cmake_clean_first' from command line to 'False'
[0.505s] Level 5:colcon.colcon_core.verb:set package 'controls' build argument 'cmake_force_configure' from command line to 'False'
[0.505s] Level 5:colcon.colcon_core.verb:set package 'controls' build argument 'ament_cmake_args' from command line to 'None'
[0.505s] Level 5:colcon.colcon_core.verb:set package 'controls' build argument 'catkin_cmake_args' from command line to 'None'
[0.505s] Level 5:colcon.colcon_core.verb:set package 'controls' build argument 'catkin_skip_building_tests' from command line to 'False'
[0.505s] DEBUG:colcon.colcon_core.verb:Building package 'controls' with the following arguments: {'ament_cmake_args': None, 'build_base': '/driverless/driverless_ws/build/controls', 'catkin_cmake_args': None, 'catkin_skip_building_tests': False, 'cmake_args': None, 'cmake_clean_cache': False, 'cmake_clean_first': False, 'cmake_force_configure': False, 'cmake_target': None, 'cmake_target_skip_unavailable': False, 'install_base': '/driverless/driverless_ws/install/controls', 'merge_install': False, 'path': '/driverless/driverless_ws/src/controls', 'symlink_install': True, 'test_result_base': None}
[0.512s] Level 5:colcon.colcon_core.verb:set package 'eufs_msgs' build argument 'cmake_args' from command line to 'None'
[0.512s] Level 5:colcon.colcon_core.verb:set package 'eufs_msgs' build argument 'cmake_target' from command line to 'None'
[0.512s] Level 5:colcon.colcon_core.verb:set package 'eufs_msgs' build argument 'cmake_target_skip_unavailable' from command line to 'False'
[0.512s] Level 5:colcon.colcon_core.verb:set package 'eufs_msgs' build argument 'cmake_clean_cache' from command line to 'False'
[0.512s] Level 5:colcon.colcon_core.verb:set package 'eufs_msgs' build argument 'cmake_clean_first' from command line to 'False'
[0.512s] Level 5:colcon.colcon_core.verb:set package 'eufs_msgs' build argument 'cmake_force_configure' from command line to 'False'
[0.512s] Level 5:colcon.colcon_core.verb:set package 'eufs_msgs' build argument 'ament_cmake_args' from command line to 'None'
[0.512s] Level 5:colcon.colcon_core.verb:set package 'eufs_msgs' build argument 'catkin_cmake_args' from command line to 'None'
[0.512s] Level 5:colcon.colcon_core.verb:set package 'eufs_msgs' build argument 'catkin_skip_building_tests' from command line to 'False'
[0.512s] DEBUG:colcon.colcon_core.verb:Building package 'eufs_msgs' with the following arguments: {'ament_cmake_args': None, 'build_base': '/driverless/driverless_ws/build/eufs_msgs', 'catkin_cmake_args': None, 'catkin_skip_building_tests': False, 'cmake_args': None, 'cmake_clean_cache': False, 'cmake_clean_first': False, 'cmake_force_configure': False, 'cmake_target': None, 'cmake_target_skip_unavailable': False, 'install_base': '/driverless/driverless_ws/install/eufs_msgs', 'merge_install': False, 'path': '/driverless/driverless_ws/src/eufs_msgs', 'symlink_install': True, 'test_result_base': None}
[0.519s] Level 5:colcon.colcon_core.verb:set package 'interfaces' build argument 'cmake_args' from command line to 'None'
[0.519s] Level 5:colcon.colcon_core.verb:set package 'interfaces' build argument 'cmake_target' from command line to 'None'
[0.519s] Level 5:colcon.colcon_core.verb:set package 'interfaces' build argument 'cmake_target_skip_unavailable' from command line to 'False'
[0.519s] Level 5:colcon.colcon_core.verb:set package 'interfaces' build argument 'cmake_clean_cache' from command line to 'False'
[0.519s] Level 5:colcon.colcon_core.verb:set package 'interfaces' build argument 'cmake_clean_first' from command line to 'False'
[0.519s] Level 5:colcon.colcon_core.verb:set package 'interfaces' build argument 'cmake_force_configure' from command line to 'False'
[0.519s] Level 5:colcon.colcon_core.verb:set package 'interfaces' build argument 'ament_cmake_args' from command line to 'None'
[0.519s] Level 5:colcon.colcon_core.verb:set package 'interfaces' build argument 'catkin_cmake_args' from command line to 'None'
[0.519s] Level 5:colcon.colcon_core.verb:set package 'interfaces' build argument 'catkin_skip_building_tests' from command line to 'False'
[0.519s] DEBUG:colcon.colcon_core.verb:Building package 'interfaces' with the following arguments: {'ament_cmake_args': None, 'build_base': '/driverless/driverless_ws/build/interfaces', 'catkin_cmake_args': None, 'catkin_skip_building_tests': False, 'cmake_args': None, 'cmake_clean_cache': False, 'cmake_clean_first': False, 'cmake_force_configure': False, 'cmake_target': None, 'cmake_target_skip_unavailable': False, 'install_base': '/driverless/driverless_ws/install/interfaces', 'merge_install': False, 'path': '/driverless/driverless_ws/src/interfaces', 'symlink_install': True, 'test_result_base': None}
[0.525s] Level 5:colcon.colcon_core.verb:set package 'perceptions' build argument 'cmake_args' from command line to 'None'
[0.525s] Level 5:colcon.colcon_core.verb:set package 'perceptions' build argument 'cmake_target' from command line to 'None'
[0.525s] Level 5:colcon.colcon_core.verb:set package 'perceptions' build argument 'cmake_target_skip_unavailable' from command line to 'False'
[0.525s] Level 5:colcon.colcon_core.verb:set package 'perceptions' build argument 'cmake_clean_cache' from command line to 'False'
[0.525s] Level 5:colcon.colcon_core.verb:set package 'perceptions' build argument 'cmake_clean_first' from command line to 'False'
[0.525s] Level 5:colcon.colcon_core.verb:set package 'perceptions' build argument 'cmake_force_configure' from command line to 'False'
[0.525s] Level 5:colcon.colcon_core.verb:set package 'perceptions' build argument 'ament_cmake_args' from command line to 'None'
[0.526s] Level 5:colcon.colcon_core.verb:set package 'perceptions' build argument 'catkin_cmake_args' from command line to 'None'
[0.526s] Level 5:colcon.colcon_core.verb:set package 'perceptions' build argument 'catkin_skip_building_tests' from command line to 'False'
[0.526s] DEBUG:colcon.colcon_core.verb:Building package 'perceptions' with the following arguments: {'ament_cmake_args': None, 'build_base': '/driverless/driverless_ws/build/perceptions', 'catkin_cmake_args': None, 'catkin_skip_building_tests': False, 'cmake_args': None, 'cmake_clean_cache': False, 'cmake_clean_first': False, 'cmake_force_configure': False, 'cmake_target': None, 'cmake_target_skip_unavailable': False, 'install_base': '/driverless/driverless_ws/install/perceptions', 'merge_install': False, 'path': '/driverless/driverless_ws/src/perceptions', 'symlink_install': True, 'test_result_base': None}
[0.532s] Level 5:colcon.colcon_core.verb:set package 'planning' build argument 'cmake_args' from command line to 'None'
[0.532s] Level 5:colcon.colcon_core.verb:set package 'planning' build argument 'cmake_target' from command line to 'None'
[0.532s] Level 5:colcon.colcon_core.verb:set package 'planning' build argument 'cmake_target_skip_unavailable' from command line to 'False'
[0.532s] Level 5:colcon.colcon_core.verb:set package 'planning' build argument 'cmake_clean_cache' from command line to 'False'
[0.532s] Level 5:colcon.colcon_core.verb:set package 'planning' build argument 'cmake_clean_first' from command line to 'False'
[0.532s] Level 5:colcon.colcon_core.verb:set package 'planning' build argument 'cmake_force_configure' from command line to 'False'
[0.532s] Level 5:colcon.colcon_core.verb:set package 'planning' build argument 'ament_cmake_args' from command line to 'None'
[0.532s] Level 5:colcon.colcon_core.verb:set package 'planning' build argument 'catkin_cmake_args' from command line to 'None'
[0.532s] Level 5:colcon.colcon_core.verb:set package 'planning' build argument 'catkin_skip_building_tests' from command line to 'False'
[0.532s] DEBUG:colcon.colcon_core.verb:Building package 'planning' with the following arguments: {'ament_cmake_args': None, 'build_base': '/driverless/driverless_ws/build/planning', 'catkin_cmake_args': None, 'catkin_skip_building_tests': False, 'cmake_args': None, 'cmake_clean_cache': False, 'cmake_clean_first': False, 'cmake_force_configure': False, 'cmake_target': None, 'cmake_target_skip_unavailable': False, 'install_base': '/driverless/driverless_ws/install/planning', 'merge_install': False, 'path': '/driverless/driverless_ws/src/planning', 'symlink_install': True, 'test_result_base': None}
[0.533s] INFO:colcon.colcon_core.executor:Executing jobs using 'parallel' executor
[0.544s] DEBUG:colcon.colcon_parallel_executor.executor.parallel:run_until_complete
[0.545s] INFO:colcon.colcon_ros.task.ament_cmake.build:Building ROS package in '/driverless/driverless_ws/src/eufs_msgs' with build type 'ament_cmake'
[0.545s] INFO:colcon.colcon_cmake.task.cmake.build:Building CMake package in '/driverless/driverless_ws/src/eufs_msgs'
[0.556s] INFO:colcon.colcon_core.plugin_system:Skipping extension 'colcon_core.shell.bat': Not used on non-Windows systems
[0.557s] INFO:colcon.colcon_core.shell:Skip shell extension 'powershell' for command environment: Not usable outside of PowerShell
[0.557s] DEBUG:colcon.colcon_core.shell:Skip shell extension 'dsv' for command environment
[0.572s] INFO:colcon.colcon_ros.task.ament_cmake.build:Building ROS package in '/driverless/driverless_ws/src/actuators' with build type 'ament_cmake'
[0.572s] INFO:colcon.colcon_cmake.task.cmake.build:Building CMake package in '/driverless/driverless_ws/src/actuators'
[0.579s] INFO:colcon.colcon_core.shell:Skip shell extension 'powershell' for command environment: Not usable outside of PowerShell
[0.579s] DEBUG:colcon.colcon_core.shell:Skip shell extension 'dsv' for command environment
[0.591s] INFO:colcon.colcon_ros.task.ament_cmake.build:Building ROS package in '/driverless/driverless_ws/src/collection' with build type 'ament_cmake'
[0.591s] INFO:colcon.colcon_cmake.task.cmake.build:Building CMake package in '/driverless/driverless_ws/src/collection'
[0.596s] INFO:colcon.colcon_core.shell:Skip shell extension 'powershell' for command environment: Not usable outside of PowerShell
[0.596s] DEBUG:colcon.colcon_core.shell:Skip shell extension 'dsv' for command environment
[0.608s] INFO:colcon.colcon_ros.task.ament_cmake.build:Building ROS package in '/driverless/driverless_ws/src/common' with build type 'ament_cmake'
[0.609s] INFO:colcon.colcon_cmake.task.cmake.build:Building CMake package in '/driverless/driverless_ws/src/common'
[0.615s] INFO:colcon.colcon_core.shell:Skip shell extension 'powershell' for command environment: Not usable outside of PowerShell
[0.615s] DEBUG:colcon.colcon_core.shell:Skip shell extension 'dsv' for command environment
[0.628s] INFO:colcon.colcon_ros.task.ament_cmake.build:Building ROS package in '/driverless/driverless_ws/src/controls' with build type 'ament_cmake'
[0.628s] INFO:colcon.colcon_cmake.task.cmake.build:Building CMake package in '/driverless/driverless_ws/src/controls'
[0.635s] INFO:colcon.colcon_core.shell:Skip shell extension 'powershell' for command environment: Not usable outside of PowerShell
[0.635s] DEBUG:colcon.colcon_core.shell:Skip shell extension 'dsv' for command environment
[0.648s] INFO:colcon.colcon_ros.task.ament_cmake.build:Building ROS package in '/driverless/driverless_ws/src/interfaces' with build type 'ament_cmake'
[0.649s] INFO:colcon.colcon_cmake.task.cmake.build:Building CMake package in '/driverless/driverless_ws/src/interfaces'
[0.653s] INFO:colcon.colcon_core.shell:Skip shell extension 'powershell' for command environment: Not usable outside of PowerShell
[0.654s] DEBUG:colcon.colcon_core.shell:Skip shell extension 'dsv' for command environment
[0.664s] INFO:colcon.colcon_ros.task.ament_cmake.build:Building ROS package in '/driverless/driverless_ws/src/perceptions' with build type 'ament_cmake'
[0.664s] INFO:colcon.colcon_cmake.task.cmake.build:Building CMake package in '/driverless/driverless_ws/src/perceptions'
[0.671s] INFO:colcon.colcon_core.shell:Skip shell extension 'powershell' for command environment: Not usable outside of PowerShell
[0.671s] DEBUG:colcon.colcon_core.shell:Skip shell extension 'dsv' for command environment
[0.690s] DEBUG:colcon.colcon_core.event_handler.log_command:Invoking command in '/driverless/driverless_ws/build/eufs_msgs': CMAKE_PREFIX_PATH=/opt/ros/foxy /usr/bin/cmake --build /driverless/driverless_ws/build/eufs_msgs -- -j8 -l8
[0.695s] DEBUG:colcon.colcon_core.event_handler.log_command:Invoking command in '/driverless/driverless_ws/build/actuators': CMAKE_PREFIX_PATH=/opt/ros/foxy /usr/bin/cmake --build /driverless/driverless_ws/build/actuators -- -j8 -l8
[0.698s] DEBUG:colcon.colcon_core.event_handler.log_command:Invoking command in '/driverless/driverless_ws/build/collection': CMAKE_PREFIX_PATH=/opt/ros/foxy /usr/bin/cmake --build /driverless/driverless_ws/build/collection -- -j8 -l8
[0.705s] DEBUG:colcon.colcon_core.event_handler.log_command:Invoking command in '/driverless/driverless_ws/build/common': CMAKE_PREFIX_PATH=/opt/ros/foxy /usr/bin/cmake --build /driverless/driverless_ws/build/common -- -j8 -l8
[0.710s] DEBUG:colcon.colcon_core.event_handler.log_command:Invoking command in '/driverless/driverless_ws/build/controls': CMAKE_PREFIX_PATH=/opt/ros/foxy /usr/bin/cmake --build /driverless/driverless_ws/build/controls -- -j8 -l8
[0.713s] DEBUG:colcon.colcon_core.event_handler.log_command:Invoking command in '/driverless/driverless_ws/build/interfaces': CMAKE_PREFIX_PATH=/opt/ros/foxy /usr/bin/cmake --build /driverless/driverless_ws/build/interfaces -- -j8 -l8
[0.737s] DEBUG:colcon.colcon_core.event_handler.log_command:Invoking command in '/driverless/driverless_ws/build/perceptions': CMAKE_PREFIX_PATH=/opt/ros/foxy /usr/bin/cmake --build /driverless/driverless_ws/build/perceptions -- -j8 -l8
[0.751s] DEBUG:colcon.colcon_core.event_handler.log_command:Invoked command in '/driverless/driverless_ws/build/actuators' returned '0': CMAKE_PREFIX_PATH=/opt/ros/foxy /usr/bin/cmake --build /driverless/driverless_ws/build/actuators -- -j8 -l8
[0.765s] DEBUG:colcon.colcon_core.event_handler.log_command:Invoked command in '/driverless/driverless_ws/build/controls' returned '0': CMAKE_PREFIX_PATH=/opt/ros/foxy /usr/bin/cmake --build /driverless/driverless_ws/build/controls -- -j8 -l8
[0.768s] DEBUG:colcon.colcon_core.event_handler.log_command:Invoked command in '/driverless/driverless_ws/build/collection' returned '0': CMAKE_PREFIX_PATH=/opt/ros/foxy /usr/bin/cmake --build /driverless/driverless_ws/build/collection -- -j8 -l8
[0.785s] DEBUG:colcon.colcon_core.event_handler.log_command:Invoked command in '/driverless/driverless_ws/build/common' returned '0': CMAKE_PREFIX_PATH=/opt/ros/foxy /usr/bin/cmake --build /driverless/driverless_ws/build/common -- -j8 -l8
[0.790s] DEBUG:colcon.colcon_core.event_handler.log_command:Invoked command in '/driverless/driverless_ws/build/interfaces' returned '0': CMAKE_PREFIX_PATH=/opt/ros/foxy /usr/bin/cmake --build /driverless/driverless_ws/build/interfaces -- -j8 -l8
[0.811s] DEBUG:colcon.colcon_core.event_handler.log_command:Invoking command in '/driverless/driverless_ws/build/actuators': CMAKE_PREFIX_PATH=/opt/ros/foxy /usr/bin/cmake --install /driverless/driverless_ws/build/actuators
[0.820s] DEBUG:colcon.colcon_core.event_handler.log_command:Invoking command in '/driverless/driverless_ws/build/collection': CMAKE_PREFIX_PATH=/opt/ros/foxy /usr/bin/cmake --install /driverless/driverless_ws/build/collection
[0.841s] DEBUG:colcon.colcon_core.event_handler.log_command:Invoking command in '/driverless/driverless_ws/build/controls': CMAKE_PREFIX_PATH=/opt/ros/foxy /usr/bin/cmake --install /driverless/driverless_ws/build/controls
[0.856s] DEBUG:colcon.colcon_core.event_handler.log_command:Invoking command in '/driverless/driverless_ws/build/common': CMAKE_PREFIX_PATH=/opt/ros/foxy /usr/bin/cmake --install /driverless/driverless_ws/build/common
[0.861s] DEBUG:colcon.colcon_core.event_handler.log_command:Invoked command in '/driverless/driverless_ws/build/perceptions' returned '0': CMAKE_PREFIX_PATH=/opt/ros/foxy /usr/bin/cmake --build /driverless/driverless_ws/build/perceptions -- -j8 -l8
[0.880s] Level 1:colcon.colcon_core.environment:create_environment_scripts_only(actuators)
[0.887s] DEBUG:colcon.colcon_core.event_handler.log_command:Invoked command in '/driverless/driverless_ws/build/actuators' returned '0': CMAKE_PREFIX_PATH=/opt/ros/foxy /usr/bin/cmake --install /driverless/driverless_ws/build/actuators
[0.898s] Level 1:colcon.colcon_core.environment:checking '/driverless/driverless_ws/install/actuators' for CMake module files
[0.899s] Level 1:colcon.colcon_core.environment:checking '/driverless/driverless_ws/install/actuators' for CMake config files
[0.900s] Level 1:colcon.colcon_core.shell:create_environment_hook('actuators', 'cmake_prefix_path')
[0.905s] INFO:colcon.colcon_core.shell:Creating environment hook '/driverless/driverless_ws/install/actuators/share/actuators/hook/cmake_prefix_path.ps1'
[0.906s] INFO:colcon.colcon_core.shell:Creating environment descriptor '/driverless/driverless_ws/install/actuators/share/actuators/hook/cmake_prefix_path.dsv'
[0.907s] INFO:colcon.colcon_core.shell:Creating environment hook '/driverless/driverless_ws/install/actuators/share/actuators/hook/cmake_prefix_path.sh'
[0.908s] Level 1:colcon.colcon_core.environment:checking '/driverless/driverless_ws/install/actuators/bin'
[0.908s] Level 1:colcon.colcon_core.environment:checking '/driverless/driverless_ws/install/actuators/lib/pkgconfig/actuators.pc'
[0.909s] Level 1:colcon.colcon_core.environment:checking '/driverless/driverless_ws/install/actuators/lib/python3.8/site-packages'
[0.909s] Level 1:colcon.colcon_core.environment:checking '/driverless/driverless_ws/install/actuators/bin'
[0.913s] INFO:colcon.colcon_core.shell:Creating package script '/driverless/driverless_ws/install/actuators/share/actuators/package.ps1'
[0.914s] INFO:colcon.colcon_core.shell:Creating package descriptor '/driverless/driverless_ws/install/actuators/share/actuators/package.dsv'
[0.914s] INFO:colcon.colcon_core.shell:Creating package script '/driverless/driverless_ws/install/actuators/share/actuators/package.sh'
[0.915s] INFO:colcon.colcon_core.shell:Creating package script '/driverless/driverless_ws/install/actuators/share/actuators/package.bash'
[0.916s] INFO:colcon.colcon_core.shell:Creating package script '/driverless/driverless_ws/install/actuators/share/actuators/package.zsh'
[0.916s] Level 1:colcon.colcon_core.environment:create_file_with_runtime_dependencies(/driverless/driverless_ws/install/actuators/share/colcon-core/packages/actuators)
[0.922s] DEBUG:colcon.colcon_core.event_handler.log_command:Invoking command in '/driverless/driverless_ws/build/interfaces': CMAKE_PREFIX_PATH=/opt/ros/foxy /usr/bin/cmake --install /driverless/driverless_ws/build/interfaces
[0.923s] Level 1:colcon.colcon_core.environment:create_environment_scripts_only(collection)
[0.932s] Level 1:colcon.colcon_core.environment:checking '/driverless/driverless_ws/install/collection' for CMake module files
[0.932s] DEBUG:colcon.colcon_core.event_handler.log_command:Invoked command in '/driverless/driverless_ws/build/collection' returned '0': CMAKE_PREFIX_PATH=/opt/ros/foxy /usr/bin/cmake --install /driverless/driverless_ws/build/collection
[0.933s] Level 1:colcon.colcon_core.environment:checking '/driverless/driverless_ws/install/collection' for CMake config files
[0.933s] Level 1:colcon.colcon_core.shell:create_environment_hook('collection', 'cmake_prefix_path')
[0.939s] INFO:colcon.colcon_core.shell:Creating environment hook '/driverless/driverless_ws/install/collection/share/collection/hook/cmake_prefix_path.ps1'
[0.940s] INFO:colcon.colcon_core.shell:Creating environment descriptor '/driverless/driverless_ws/install/collection/share/collection/hook/cmake_prefix_path.dsv'
[0.940s] INFO:colcon.colcon_core.shell:Creating environment hook '/driverless/driverless_ws/install/collection/share/collection/hook/cmake_prefix_path.sh'
[0.941s] Level 1:colcon.colcon_core.environment:checking '/driverless/driverless_ws/install/collection/bin'
[0.941s] Level 1:colcon.colcon_core.environment:checking '/driverless/driverless_ws/install/collection/lib/pkgconfig/collection.pc'
[0.941s] Level 1:colcon.colcon_core.environment:checking '/driverless/driverless_ws/install/collection/lib/python3.8/site-packages'
[0.942s] Level 1:colcon.colcon_core.environment:checking '/driverless/driverless_ws/install/collection/bin'
[0.951s] INFO:colcon.colcon_core.shell:Creating package script '/driverless/driverless_ws/install/collection/share/collection/package.ps1'
[0.952s] INFO:colcon.colcon_core.shell:Creating package descriptor '/driverless/driverless_ws/install/collection/share/collection/package.dsv'
[0.952s] INFO:colcon.colcon_core.shell:Creating package script '/driverless/driverless_ws/install/collection/share/collection/package.sh'
[0.953s] INFO:colcon.colcon_core.shell:Creating package script '/driverless/driverless_ws/install/collection/share/collection/package.bash'
[0.953s] INFO:colcon.colcon_core.shell:Creating package script '/driverless/driverless_ws/install/collection/share/collection/package.zsh'
[0.953s] Level 1:colcon.colcon_core.environment:create_file_with_runtime_dependencies(/driverless/driverless_ws/install/collection/share/colcon-core/packages/collection)
[0.958s] Level 1:colcon.colcon_core.environment:create_environment_scripts_only(controls)
[0.965s] Level 1:colcon.colcon_core.environment:checking '/driverless/driverless_ws/install/controls' for CMake module files
[0.968s] DEBUG:colcon.colcon_core.event_handler.log_command:Invoked command in '/driverless/driverless_ws/build/controls' returned '0': CMAKE_PREFIX_PATH=/opt/ros/foxy /usr/bin/cmake --install /driverless/driverless_ws/build/controls
[0.968s] Level 1:colcon.colcon_core.environment:checking '/driverless/driverless_ws/install/controls' for CMake config files
[0.968s] Level 1:colcon.colcon_core.shell:create_environment_hook('controls', 'cmake_prefix_path')
[0.977s] INFO:colcon.colcon_core.shell:Creating environment hook '/driverless/driverless_ws/install/controls/share/controls/hook/cmake_prefix_path.ps1'
[0.978s] INFO:colcon.colcon_core.shell:Creating environment descriptor '/driverless/driverless_ws/install/controls/share/controls/hook/cmake_prefix_path.dsv'
[0.978s] INFO:colcon.colcon_core.shell:Creating environment hook '/driverless/driverless_ws/install/controls/share/controls/hook/cmake_prefix_path.sh'
[0.979s] Level 1:colcon.colcon_core.environment:checking '/driverless/driverless_ws/install/controls/bin'
[0.980s] Level 1:colcon.colcon_core.environment:checking '/driverless/driverless_ws/install/controls/lib/pkgconfig/controls.pc'
[0.980s] Level 1:colcon.colcon_core.environment:checking '/driverless/driverless_ws/install/controls/lib/python3.8/site-packages'
[0.980s] Level 1:colcon.colcon_core.environment:checking '/driverless/driverless_ws/install/controls/bin'
[0.986s] INFO:colcon.colcon_core.shell:Creating package script '/driverless/driverless_ws/install/controls/share/controls/package.ps1'
[0.987s] INFO:colcon.colcon_core.shell:Creating package descriptor '/driverless/driverless_ws/install/controls/share/controls/package.dsv'
[0.988s] INFO:colcon.colcon_core.shell:Creating package script '/driverless/driverless_ws/install/controls/share/controls/package.sh'
[0.988s] INFO:colcon.colcon_core.shell:Creating package script '/driverless/driverless_ws/install/controls/share/controls/package.bash'
[0.989s] INFO:colcon.colcon_core.shell:Creating package script '/driverless/driverless_ws/install/controls/share/controls/package.zsh'
[0.989s] Level 1:colcon.colcon_core.environment:create_file_with_runtime_dependencies(/driverless/driverless_ws/install/controls/share/colcon-core/packages/controls)
[0.993s] Level 1:colcon.colcon_core.environment:create_environment_scripts_only(common)
[1.002s] Level 1:colcon.colcon_core.environment:checking '/driverless/driverless_ws/install/common' for CMake module files
[1.003s] DEBUG:colcon.colcon_core.event_handler.log_command:Invoked command in '/driverless/driverless_ws/build/common' returned '0': CMAKE_PREFIX_PATH=/opt/ros/foxy /usr/bin/cmake --install /driverless/driverless_ws/build/common
[1.003s] Level 1:colcon.colcon_core.environment:checking '/driverless/driverless_ws/install/common' for CMake config files
[1.004s] Level 1:colcon.colcon_core.shell:create_environment_hook('common', 'cmake_prefix_path')
[1.011s] INFO:colcon.colcon_core.shell:Creating environment hook '/driverless/driverless_ws/install/common/share/common/hook/cmake_prefix_path.ps1'
[1.012s] INFO:colcon.colcon_core.shell:Creating environment descriptor '/driverless/driverless_ws/install/common/share/common/hook/cmake_prefix_path.dsv'
[1.013s] INFO:colcon.colcon_core.shell:Creating environment hook '/driverless/driverless_ws/install/common/share/common/hook/cmake_prefix_path.sh'
[1.014s] Level 1:colcon.colcon_core.environment:checking '/driverless/driverless_ws/install/common/bin'
[1.014s] Level 1:colcon.colcon_core.environment:checking '/driverless/driverless_ws/install/common/lib/pkgconfig/common.pc'
[1.014s] Level 1:colcon.colcon_core.environment:checking '/driverless/driverless_ws/install/common/lib/python3.8/site-packages'
[1.014s] Level 1:colcon.colcon_core.environment:checking '/driverless/driverless_ws/install/common/bin'
[1.023s] INFO:colcon.colcon_core.shell:Creating package script '/driverless/driverless_ws/install/common/share/common/package.ps1'
[1.024s] INFO:colcon.colcon_core.shell:Creating package descriptor '/driverless/driverless_ws/install/common/share/common/package.dsv'
[1.024s] INFO:colcon.colcon_core.shell:Creating package script '/driverless/driverless_ws/install/common/share/common/package.sh'
[1.025s] INFO:colcon.colcon_core.shell:Creating package script '/driverless/driverless_ws/install/common/share/common/package.bash'
[1.025s] INFO:colcon.colcon_core.shell:Creating package script '/driverless/driverless_ws/install/common/share/common/package.zsh'
[1.026s] Level 1:colcon.colcon_core.environment:create_file_with_runtime_dependencies(/driverless/driverless_ws/install/common/share/colcon-core/packages/common)
[1.034s] DEBUG:colcon.colcon_core.event_handler.log_command:Invoking command in '/driverless/driverless_ws/build/perceptions': CMAKE_PREFIX_PATH=/opt/ros/foxy /usr/bin/cmake --install /driverless/driverless_ws/build/perceptions
[1.035s] Level 1:colcon.colcon_core.environment:create_environment_scripts_only(interfaces)
[1.043s] Level 1:colcon.colcon_core.environment:checking '/driverless/driverless_ws/install/interfaces' for CMake module files
[1.044s] DEBUG:colcon.colcon_core.event_handler.log_command:Invoked command in '/driverless/driverless_ws/build/interfaces' returned '0': CMAKE_PREFIX_PATH=/opt/ros/foxy /usr/bin/cmake --install /driverless/driverless_ws/build/interfaces
[1.044s] Level 1:colcon.colcon_core.environment:checking '/driverless/driverless_ws/install/interfaces' for CMake config files
[1.044s] Level 1:colcon.colcon_core.shell:create_environment_hook('interfaces', 'cmake_prefix_path')
[1.052s] INFO:colcon.colcon_core.shell:Creating environment hook '/driverless/driverless_ws/install/interfaces/share/interfaces/hook/cmake_prefix_path.ps1'
[1.053s] INFO:colcon.colcon_core.shell:Creating environment descriptor '/driverless/driverless_ws/install/interfaces/share/interfaces/hook/cmake_prefix_path.dsv'
[1.054s] INFO:colcon.colcon_core.shell:Creating environment hook '/driverless/driverless_ws/install/interfaces/share/interfaces/hook/cmake_prefix_path.sh'
[1.054s] Level 1:colcon.colcon_core.environment:checking '/driverless/driverless_ws/install/interfaces/bin'
[1.055s] Level 1:colcon.colcon_core.environment:checking '/driverless/driverless_ws/install/interfaces/lib/pkgconfig/interfaces.pc'
[1.055s] Level 1:colcon.colcon_core.environment:checking '/driverless/driverless_ws/install/interfaces/lib/python3.8/site-packages'
[1.055s] Level 1:colcon.colcon_core.environment:checking '/driverless/driverless_ws/install/interfaces/bin'
[1.062s] INFO:colcon.colcon_core.shell:Creating package script '/driverless/driverless_ws/install/interfaces/share/interfaces/package.ps1'
[1.063s] INFO:colcon.colcon_core.shell:Creating package descriptor '/driverless/driverless_ws/install/interfaces/share/interfaces/package.dsv'
[1.064s] INFO:colcon.colcon_core.shell:Creating package script '/driverless/driverless_ws/install/interfaces/share/interfaces/package.sh'
[1.064s] INFO:colcon.colcon_core.shell:Creating package script '/driverless/driverless_ws/install/interfaces/share/interfaces/package.bash'
[1.065s] INFO:colcon.colcon_core.shell:Creating package script '/driverless/driverless_ws/install/interfaces/share/interfaces/package.zsh'
[1.065s] Level 1:colcon.colcon_core.environment:create_file_with_runtime_dependencies(/driverless/driverless_ws/install/interfaces/share/colcon-core/packages/interfaces)
[1.080s] Level 1:colcon.colcon_core.environment:create_environment_scripts_only(actuators)
[1.090s] Level 1:colcon.colcon_core.environment:checking '/driverless/driverless_ws/install/actuators' for CMake module files
[1.092s] Level 1:colcon.colcon_core.environment:checking '/driverless/driverless_ws/install/actuators' for CMake config files
[1.092s] Level 1:colcon.colcon_core.shell:create_environment_hook('actuators', 'cmake_prefix_path')
[1.100s] INFO:colcon.colcon_core.shell:Creating environment hook '/driverless/driverless_ws/install/actuators/share/actuators/hook/cmake_prefix_path.ps1'
[1.101s] INFO:colcon.colcon_core.shell:Creating environment descriptor '/driverless/driverless_ws/install/actuators/share/actuators/hook/cmake_prefix_path.dsv'
[1.101s] INFO:colcon.colcon_core.shell:Creating environment hook '/driverless/driverless_ws/install/actuators/share/actuators/hook/cmake_prefix_path.sh'
[1.102s] Level 1:colcon.colcon_core.environment:checking '/driverless/driverless_ws/install/actuators/bin'
[1.102s] Level 1:colcon.colcon_core.environment:checking '/driverless/driverless_ws/install/actuators/lib/pkgconfig/actuators.pc'
[1.102s] Level 1:colcon.colcon_core.environment:checking '/driverless/driverless_ws/install/actuators/lib/python3.8/site-packages'
[1.103s] Level 1:colcon.colcon_core.environment:checking '/driverless/driverless_ws/install/actuators/bin'
[1.108s] INFO:colcon.colcon_core.shell:Creating package script '/driverless/driverless_ws/install/actuators/share/actuators/package.ps1'
[1.108s] INFO:colcon.colcon_core.shell:Creating package descriptor '/driverless/driverless_ws/install/actuators/share/actuators/package.dsv'
[1.109s] INFO:colcon.colcon_core.shell:Creating package script '/driverless/driverless_ws/install/actuators/share/actuators/package.sh'
[1.109s] INFO:colcon.colcon_core.shell:Creating package script '/driverless/driverless_ws/install/actuators/share/actuators/package.bash'
[1.110s] INFO:colcon.colcon_core.shell:Creating package script '/driverless/driverless_ws/install/actuators/share/actuators/package.zsh'
[1.110s] Level 1:colcon.colcon_core.environment:create_file_with_runtime_dependencies(/driverless/driverless_ws/install/actuators/share/colcon-core/packages/actuators)
[1.118s] Level 1:colcon.colcon_core.environment:create_environment_scripts_only(collection)
[1.127s] Level 1:colcon.colcon_core.environment:checking '/driverless/driverless_ws/install/collection' for CMake module files
[1.128s] Level 1:colcon.colcon_core.environment:checking '/driverless/driverless_ws/install/collection' for CMake config files
[1.129s] Level 1:colcon.colcon_core.shell:create_environment_hook('collection', 'cmake_prefix_path')
[1.136s] INFO:colcon.colcon_core.shell:Creating environment hook '/driverless/driverless_ws/install/collection/share/collection/hook/cmake_prefix_path.ps1'
[1.136s] INFO:colcon.colcon_core.shell:Creating environment descriptor '/driverless/driverless_ws/install/collection/share/collection/hook/cmake_prefix_path.dsv'
[1.137s] INFO:colcon.colcon_core.shell:Creating environment hook '/driverless/driverless_ws/install/collection/share/collection/hook/cmake_prefix_path.sh'
[1.137s] Level 1:colcon.colcon_core.environment:checking '/driverless/driverless_ws/install/collection/bin'
[1.137s] Level 1:colcon.colcon_core.environment:checking '/driverless/driverless_ws/install/collection/lib/pkgconfig/collection.pc'
[1.137s] Level 1:colcon.colcon_core.environment:checking '/driverless/driverless_ws/install/collection/lib/python3.8/site-packages'
[1.137s] Level 1:colcon.colcon_core.environment:checking '/driverless/driverless_ws/install/collection/bin'
[1.143s] INFO:colcon.colcon_core.shell:Creating package script '/driverless/driverless_ws/install/collection/share/collection/package.ps1'
[1.144s] INFO:colcon.colcon_core.shell:Creating package descriptor '/driverless/driverless_ws/install/collection/share/collection/package.dsv'
[1.144s] INFO:colcon.colcon_core.shell:Creating package script '/driverless/driverless_ws/install/collection/share/collection/package.sh'
[1.145s] INFO:colcon.colcon_core.shell:Creating package script '/driverless/driverless_ws/install/collection/share/collection/package.bash'
[1.145s] INFO:colcon.colcon_core.shell:Creating package script '/driverless/driverless_ws/install/collection/share/collection/package.zsh'
[1.145s] Level 1:colcon.colcon_core.environment:create_file_with_runtime_dependencies(/driverless/driverless_ws/install/collection/share/colcon-core/packages/collection)
[1.147s] Level 1:colcon.colcon_core.environment:create_environment_scripts_only(perceptions)
[1.152s] Level 1:colcon.colcon_core.environment:checking '/driverless/driverless_ws/install/perceptions' for CMake module files
[1.153s] DEBUG:colcon.colcon_core.event_handler.log_command:Invoked command in '/driverless/driverless_ws/build/perceptions' returned '0': CMAKE_PREFIX_PATH=/opt/ros/foxy /usr/bin/cmake --install /driverless/driverless_ws/build/perceptions
[1.153s] Level 1:colcon.colcon_core.environment:checking '/driverless/driverless_ws/install/perceptions' for CMake config files
[1.153s] Level 1:colcon.colcon_core.shell:create_environment_hook('perceptions', 'cmake_prefix_path')
[1.157s] INFO:colcon.colcon_core.shell:Creating environment hook '/driverless/driverless_ws/install/perceptions/share/perceptions/hook/cmake_prefix_path.ps1'
[1.158s] INFO:colcon.colcon_core.shell:Creating environment descriptor '/driverless/driverless_ws/install/perceptions/share/perceptions/hook/cmake_prefix_path.dsv'
[1.158s] INFO:colcon.colcon_core.shell:Creating environment hook '/driverless/driverless_ws/install/perceptions/share/perceptions/hook/cmake_prefix_path.sh'
[1.159s] Level 1:colcon.colcon_core.environment:checking '/driverless/driverless_ws/install/perceptions/bin'
[1.159s] Level 1:colcon.colcon_core.environment:checking '/driverless/driverless_ws/install/perceptions/lib/pkgconfig/perceptions.pc'
[1.159s] Level 1:colcon.colcon_core.environment:checking '/driverless/driverless_ws/install/perceptions/lib/python3.8/site-packages'
[1.159s] Level 1:colcon.colcon_core.environment:checking '/driverless/driverless_ws/install/perceptions/bin'
[1.164s] INFO:colcon.colcon_core.shell:Creating package script '/driverless/driverless_ws/install/perceptions/share/perceptions/package.ps1'
[1.164s] INFO:colcon.colcon_core.shell:Creating package descriptor '/driverless/driverless_ws/install/perceptions/share/perceptions/package.dsv'
[1.165s] INFO:colcon.colcon_core.shell:Creating package script '/driverless/driverless_ws/install/perceptions/share/perceptions/package.sh'
[1.165s] INFO:colcon.colcon_core.shell:Creating package script '/driverless/driverless_ws/install/perceptions/share/perceptions/package.bash'
[1.165s] INFO:colcon.colcon_core.shell:Creating package script '/driverless/driverless_ws/install/perceptions/share/perceptions/package.zsh'
[1.165s] Level 1:colcon.colcon_core.environment:create_file_with_runtime_dependencies(/driverless/driverless_ws/install/perceptions/share/colcon-core/packages/perceptions)
[1.175s] Level 1:colcon.colcon_core.environment:create_environment_scripts_only(controls)
[1.181s] Level 1:colcon.colcon_core.environment:checking '/driverless/driverless_ws/install/controls' for CMake module files
[1.182s] Level 1:colcon.colcon_core.environment:checking '/driverless/driverless_ws/install/controls' for CMake config files
[1.182s] Level 1:colcon.colcon_core.shell:create_environment_hook('controls', 'cmake_prefix_path')
[1.187s] INFO:colcon.colcon_core.shell:Creating environment hook '/driverless/driverless_ws/install/controls/share/controls/hook/cmake_prefix_path.ps1'
[1.188s] INFO:colcon.colcon_core.shell:Creating environment descriptor '/driverless/driverless_ws/install/controls/share/controls/hook/cmake_prefix_path.dsv'
[1.189s] INFO:colcon.colcon_core.shell:Creating environment hook '/driverless/driverless_ws/install/controls/share/controls/hook/cmake_prefix_path.sh'
[1.189s] Level 1:colcon.colcon_core.environment:checking '/driverless/driverless_ws/install/controls/bin'
[1.190s] Level 1:colcon.colcon_core.environment:checking '/driverless/driverless_ws/install/controls/lib/pkgconfig/controls.pc'
[1.190s] Level 1:colcon.colcon_core.environment:checking '/driverless/driverless_ws/install/controls/lib/python3.8/site-packages'
[1.190s] Level 1:colcon.colcon_core.environment:checking '/driverless/driverless_ws/install/controls/bin'
[1.194s] INFO:colcon.colcon_core.shell:Creating package script '/driverless/driverless_ws/install/controls/share/controls/package.ps1'
[1.195s] INFO:colcon.colcon_core.shell:Creating package descriptor '/driverless/driverless_ws/install/controls/share/controls/package.dsv'
[1.195s] INFO:colcon.colcon_core.shell:Creating package script '/driverless/driverless_ws/install/controls/share/controls/package.sh'
[1.196s] INFO:colcon.colcon_core.shell:Creating package script '/driverless/driverless_ws/install/controls/share/controls/package.bash'
[1.196s] INFO:colcon.colcon_core.shell:Creating package script '/driverless/driverless_ws/install/controls/share/controls/package.zsh'
[1.196s] Level 1:colcon.colcon_core.environment:create_file_with_runtime_dependencies(/driverless/driverless_ws/install/controls/share/colcon-core/packages/controls)
[1.201s] Level 1:colcon.colcon_core.environment:create_environment_scripts_only(common)
[1.205s] Level 1:colcon.colcon_core.environment:checking '/driverless/driverless_ws/install/common' for CMake module files
[1.207s] Level 1:colcon.colcon_core.environment:checking '/driverless/driverless_ws/install/common' for CMake config files
[1.207s] Level 1:colcon.colcon_core.shell:create_environment_hook('common', 'cmake_prefix_path')
[1.212s] INFO:colcon.colcon_core.shell:Creating environment hook '/driverless/driverless_ws/install/common/share/common/hook/cmake_prefix_path.ps1'
[1.212s] INFO:colcon.colcon_core.shell:Creating environment descriptor '/driverless/driverless_ws/install/common/share/common/hook/cmake_prefix_path.dsv'
[1.212s] INFO:colcon.colcon_core.shell:Creating environment hook '/driverless/driverless_ws/install/common/share/common/hook/cmake_prefix_path.sh'
[1.213s] Level 1:colcon.colcon_core.environment:checking '/driverless/driverless_ws/install/common/bin'
[1.213s] Level 1:colcon.colcon_core.environment:checking '/driverless/driverless_ws/install/common/lib/pkgconfig/common.pc'
[1.213s] Level 1:colcon.colcon_core.environment:checking '/driverless/driverless_ws/install/common/lib/python3.8/site-packages'
[1.213s] Level 1:colcon.colcon_core.environment:checking '/driverless/driverless_ws/install/common/bin'
[1.217s] INFO:colcon.colcon_core.shell:Creating package script '/driverless/driverless_ws/install/common/share/common/package.ps1'
[1.218s] INFO:colcon.colcon_core.shell:Creating package descriptor '/driverless/driverless_ws/install/common/share/common/package.dsv'
[1.218s] INFO:colcon.colcon_core.shell:Creating package script '/driverless/driverless_ws/install/common/share/common/package.sh'
[1.218s] INFO:colcon.colcon_core.shell:Creating package script '/driverless/driverless_ws/install/common/share/common/package.bash'
[1.219s] INFO:colcon.colcon_core.shell:Creating package script '/driverless/driverless_ws/install/common/share/common/package.zsh'
[1.219s] Level 1:colcon.colcon_core.environment:create_file_with_runtime_dependencies(/driverless/driverless_ws/install/common/share/colcon-core/packages/common)
[1.224s] Level 1:colcon.colcon_core.environment:create_environment_scripts_only(interfaces)
[1.232s] Level 1:colcon.colcon_core.environment:checking '/driverless/driverless_ws/install/interfaces' for CMake module files
[1.233s] Level 1:colcon.colcon_core.environment:checking '/driverless/driverless_ws/install/interfaces' for CMake config files
[1.233s] Level 1:colcon.colcon_core.shell:create_environment_hook('interfaces', 'cmake_prefix_path')
[1.239s] INFO:colcon.colcon_core.shell:Creating environment hook '/driverless/driverless_ws/install/interfaces/share/interfaces/hook/cmake_prefix_path.ps1'
[1.239s] INFO:colcon.colcon_core.shell:Creating environment descriptor '/driverless/driverless_ws/install/interfaces/share/interfaces/hook/cmake_prefix_path.dsv'
[1.240s] INFO:colcon.colcon_core.shell:Creating environment hook '/driverless/driverless_ws/install/interfaces/share/interfaces/hook/cmake_prefix_path.sh'
[1.240s] Level 1:colcon.colcon_core.environment:checking '/driverless/driverless_ws/install/interfaces/bin'
[1.240s] Level 1:colcon.colcon_core.environment:checking '/driverless/driverless_ws/install/interfaces/lib/pkgconfig/interfaces.pc'
[1.241s] Level 1:colcon.colcon_core.environment:checking '/driverless/driverless_ws/install/interfaces/lib/python3.8/site-packages'
[1.241s] Level 1:colcon.colcon_core.environment:checking '/driverless/driverless_ws/install/interfaces/bin'
[1.245s] INFO:colcon.colcon_core.shell:Creating package script '/driverless/driverless_ws/install/interfaces/share/interfaces/package.ps1'
[1.245s] INFO:colcon.colcon_core.shell:Creating package descriptor '/driverless/driverless_ws/install/interfaces/share/interfaces/package.dsv'
[1.245s] INFO:colcon.colcon_core.shell:Creating package script '/driverless/driverless_ws/install/interfaces/share/interfaces/package.sh'
[1.246s] INFO:colcon.colcon_core.shell:Creating package script '/driverless/driverless_ws/install/interfaces/share/interfaces/package.bash'
[1.246s] INFO:colcon.colcon_core.shell:Creating package script '/driverless/driverless_ws/install/interfaces/share/interfaces/package.zsh'
[1.247s] Level 1:colcon.colcon_core.environment:create_file_with_runtime_dependencies(/driverless/driverless_ws/install/interfaces/share/colcon-core/packages/interfaces)
[1.250s] DEBUG:colcon.colcon_core.event_handler.log_command:Invoked command in '/driverless/driverless_ws/build/eufs_msgs' returned '0': CMAKE_PREFIX_PATH=/opt/ros/foxy /usr/bin/cmake --build /driverless/driverless_ws/build/eufs_msgs -- -j8 -l8
[1.256s] Level 1:colcon.colcon_core.environment:create_environment_scripts_only(perceptions)
[1.261s] Level 1:colcon.colcon_core.environment:checking '/driverless/driverless_ws/install/perceptions' for CMake module files
[1.262s] Level 1:colcon.colcon_core.environment:checking '/driverless/driverless_ws/install/perceptions' for CMake config files
[1.262s] Level 1:colcon.colcon_core.shell:create_environment_hook('perceptions', 'cmake_prefix_path')
[1.269s] INFO:colcon.colcon_core.shell:Creating environment hook '/driverless/driverless_ws/install/perceptions/share/perceptions/hook/cmake_prefix_path.ps1'
[1.270s] INFO:colcon.colcon_core.shell:Creating environment descriptor '/driverless/driverless_ws/install/perceptions/share/perceptions/hook/cmake_prefix_path.dsv'
[1.270s] INFO:colcon.colcon_core.shell:Creating environment hook '/driverless/driverless_ws/install/perceptions/share/perceptions/hook/cmake_prefix_path.sh'
[1.271s] Level 1:colcon.colcon_core.environment:checking '/driverless/driverless_ws/install/perceptions/bin'
[1.271s] Level 1:colcon.colcon_core.environment:checking '/driverless/driverless_ws/install/perceptions/lib/pkgconfig/perceptions.pc'
[1.271s] Level 1:colcon.colcon_core.environment:checking '/driverless/driverless_ws/install/perceptions/lib/python3.8/site-packages'
[1.271s] Level 1:colcon.colcon_core.environment:checking '/driverless/driverless_ws/install/perceptions/bin'
[1.276s] INFO:colcon.colcon_core.shell:Creating package script '/driverless/driverless_ws/install/perceptions/share/perceptions/package.ps1'
[1.276s] INFO:colcon.colcon_core.shell:Creating package descriptor '/driverless/driverless_ws/install/perceptions/share/perceptions/package.dsv'
[1.276s] INFO:colcon.colcon_core.shell:Creating package script '/driverless/driverless_ws/install/perceptions/share/perceptions/package.sh'
[1.277s] INFO:colcon.colcon_core.shell:Creating package script '/driverless/driverless_ws/install/perceptions/share/perceptions/package.bash'
[1.277s] INFO:colcon.colcon_core.shell:Creating package script '/driverless/driverless_ws/install/perceptions/share/perceptions/package.zsh'
[1.277s] Level 1:colcon.colcon_core.environment:create_file_with_runtime_dependencies(/driverless/driverless_ws/install/perceptions/share/colcon-core/packages/perceptions)
[2.002s] DEBUG:colcon.colcon_core.event_handler.log_command:Invoking command in '/driverless/driverless_ws/build/eufs_msgs': CMAKE_PREFIX_PATH=/opt/ros/foxy /usr/bin/cmake --install /driverless/driverless_ws/build/eufs_msgs
[2.186s] Level 1:colcon.colcon_core.environment:create_environment_scripts_only(eufs_msgs)
[2.194s] Level 1:colcon.colcon_core.environment:checking '/driverless/driverless_ws/install/eufs_msgs' for CMake module files
[2.195s] DEBUG:colcon.colcon_core.event_handler.log_command:Invoked command in '/driverless/driverless_ws/build/eufs_msgs' returned '0': CMAKE_PREFIX_PATH=/opt/ros/foxy /usr/bin/cmake --install /driverless/driverless_ws/build/eufs_msgs
[2.195s] Level 1:colcon.colcon_core.environment:checking '/driverless/driverless_ws/install/eufs_msgs' for CMake config files
[2.199s] Level 1:colcon.colcon_core.shell:create_environment_hook('eufs_msgs', 'cmake_prefix_path')
[2.204s] INFO:colcon.colcon_core.shell:Creating environment hook '/driverless/driverless_ws/install/eufs_msgs/share/eufs_msgs/hook/cmake_prefix_path.ps1'
[2.204s] INFO:colcon.colcon_core.shell:Creating environment descriptor '/driverless/driverless_ws/install/eufs_msgs/share/eufs_msgs/hook/cmake_prefix_path.dsv'
[2.205s] INFO:colcon.colcon_core.shell:Creating environment hook '/driverless/driverless_ws/install/eufs_msgs/share/eufs_msgs/hook/cmake_prefix_path.sh'
[2.205s] Level 1:colcon.colcon_core.environment:checking '/driverless/driverless_ws/install/eufs_msgs/lib'
[2.206s] Level 1:colcon.colcon_core.shell:create_environment_hook('eufs_msgs', 'ld_library_path_lib')
[2.210s] INFO:colcon.colcon_core.shell:Creating environment hook '/driverless/driverless_ws/install/eufs_msgs/share/eufs_msgs/hook/ld_library_path_lib.ps1'
[2.211s] INFO:colcon.colcon_core.shell:Creating environment descriptor '/driverless/driverless_ws/install/eufs_msgs/share/eufs_msgs/hook/ld_library_path_lib.dsv'
[2.211s] INFO:colcon.colcon_core.shell:Creating environment hook '/driverless/driverless_ws/install/eufs_msgs/share/eufs_msgs/hook/ld_library_path_lib.sh'
[2.211s] Level 1:colcon.colcon_core.environment:checking '/driverless/driverless_ws/install/eufs_msgs/bin'
[2.211s] Level 1:colcon.colcon_core.environment:checking '/driverless/driverless_ws/install/eufs_msgs/lib/pkgconfig/eufs_msgs.pc'
[2.212s] Level 1:colcon.colcon_core.environment:checking '/driverless/driverless_ws/install/eufs_msgs/lib/python3.8/site-packages'
[2.212s] Level 1:colcon.colcon_core.shell:create_environment_hook('eufs_msgs', 'pythonpath')
[2.216s] INFO:colcon.colcon_core.shell:Creating environment hook '/driverless/driverless_ws/install/eufs_msgs/share/eufs_msgs/hook/pythonpath.ps1'
[2.216s] INFO:colcon.colcon_core.shell:Creating environment descriptor '/driverless/driverless_ws/install/eufs_msgs/share/eufs_msgs/hook/pythonpath.dsv'
[2.217s] INFO:colcon.colcon_core.shell:Creating environment hook '/driverless/driverless_ws/install/eufs_msgs/share/eufs_msgs/hook/pythonpath.sh'
[2.217s] Level 1:colcon.colcon_core.environment:checking '/driverless/driverless_ws/install/eufs_msgs/bin'
[2.221s] INFO:colcon.colcon_core.shell:Creating package script '/driverless/driverless_ws/install/eufs_msgs/share/eufs_msgs/package.ps1'
[2.222s] INFO:colcon.colcon_core.shell:Creating package descriptor '/driverless/driverless_ws/install/eufs_msgs/share/eufs_msgs/package.dsv'
[2.222s] INFO:colcon.colcon_core.shell:Creating package script '/driverless/driverless_ws/install/eufs_msgs/share/eufs_msgs/package.sh'
[2.223s] INFO:colcon.colcon_core.shell:Creating package script '/driverless/driverless_ws/install/eufs_msgs/share/eufs_msgs/package.bash'
[2.223s] INFO:colcon.colcon_core.shell:Creating package script '/driverless/driverless_ws/install/eufs_msgs/share/eufs_msgs/package.zsh'
[2.223s] Level 1:colcon.colcon_core.environment:create_file_with_runtime_dependencies(/driverless/driverless_ws/install/eufs_msgs/share/colcon-core/packages/eufs_msgs)
[2.964s] Level 1:colcon.colcon_core.environment:create_environment_scripts_only(eufs_msgs)
[2.969s] Level 1:colcon.colcon_core.environment:checking '/driverless/driverless_ws/install/eufs_msgs' for CMake module files
[2.971s] Level 1:colcon.colcon_core.environment:checking '/driverless/driverless_ws/install/eufs_msgs' for CMake config files
[2.974s] Level 1:colcon.colcon_core.shell:create_environment_hook('eufs_msgs', 'cmake_prefix_path')
[2.978s] INFO:colcon.colcon_core.shell:Creating environment hook '/driverless/driverless_ws/install/eufs_msgs/share/eufs_msgs/hook/cmake_prefix_path.ps1'
[2.979s] INFO:colcon.colcon_core.shell:Creating environment descriptor '/driverless/driverless_ws/install/eufs_msgs/share/eufs_msgs/hook/cmake_prefix_path.dsv'
[2.979s] INFO:colcon.colcon_core.shell:Creating environment hook '/driverless/driverless_ws/install/eufs_msgs/share/eufs_msgs/hook/cmake_prefix_path.sh'
[2.979s] Level 1:colcon.colcon_core.environment:checking '/driverless/driverless_ws/install/eufs_msgs/lib'
[2.980s] Level 1:colcon.colcon_core.shell:create_environment_hook('eufs_msgs', 'ld_library_path_lib')
[2.984s] INFO:colcon.colcon_core.shell:Creating environment hook '/driverless/driverless_ws/install/eufs_msgs/share/eufs_msgs/hook/ld_library_path_lib.ps1'
[2.984s] INFO:colcon.colcon_core.shell:Creating environment descriptor '/driverless/driverless_ws/install/eufs_msgs/share/eufs_msgs/hook/ld_library_path_lib.dsv'
[2.985s] INFO:colcon.colcon_core.shell:Creating environment hook '/driverless/driverless_ws/install/eufs_msgs/share/eufs_msgs/hook/ld_library_path_lib.sh'
[2.985s] Level 1:colcon.colcon_core.environment:checking '/driverless/driverless_ws/install/eufs_msgs/bin'
[2.985s] Level 1:colcon.colcon_core.environment:checking '/driverless/driverless_ws/install/eufs_msgs/lib/pkgconfig/eufs_msgs.pc'
[2.985s] Level 1:colcon.colcon_core.environment:checking '/driverless/driverless_ws/install/eufs_msgs/lib/python3.8/site-packages'
[2.985s] Level 1:colcon.colcon_core.shell:create_environment_hook('eufs_msgs', 'pythonpath')
[2.989s] INFO:colcon.colcon_core.shell:Creating environment hook '/driverless/driverless_ws/install/eufs_msgs/share/eufs_msgs/hook/pythonpath.ps1'
[2.989s] INFO:colcon.colcon_core.shell:Creating environment descriptor '/driverless/driverless_ws/install/eufs_msgs/share/eufs_msgs/hook/pythonpath.dsv'
[2.989s] INFO:colcon.colcon_core.shell:Creating environment hook '/driverless/driverless_ws/install/eufs_msgs/share/eufs_msgs/hook/pythonpath.sh'
[2.989s] Level 1:colcon.colcon_core.environment:checking '/driverless/driverless_ws/install/eufs_msgs/bin'
[2.996s] INFO:colcon.colcon_core.shell:Creating package script '/driverless/driverless_ws/install/eufs_msgs/share/eufs_msgs/package.ps1'
[2.997s] INFO:colcon.colcon_core.shell:Creating package descriptor '/driverless/driverless_ws/install/eufs_msgs/share/eufs_msgs/package.dsv'
[2.997s] INFO:colcon.colcon_core.shell:Creating package script '/driverless/driverless_ws/install/eufs_msgs/share/eufs_msgs/package.sh'
[2.998s] INFO:colcon.colcon_core.shell:Creating package script '/driverless/driverless_ws/install/eufs_msgs/share/eufs_msgs/package.bash'
[2.998s] INFO:colcon.colcon_core.shell:Creating package script '/driverless/driverless_ws/install/eufs_msgs/share/eufs_msgs/package.zsh'
[2.998s] Level 1:colcon.colcon_core.environment:create_file_with_runtime_dependencies(/driverless/driverless_ws/install/eufs_msgs/share/colcon-core/packages/eufs_msgs)
[2.999s] INFO:colcon.colcon_ros.task.ament_cmake.build:Building ROS package in '/driverless/driverless_ws/src/planning' with build type 'ament_cmake'
[2.999s] INFO:colcon.colcon_cmake.task.cmake.build:Building CMake package in '/driverless/driverless_ws/src/planning'
[3.004s] INFO:colcon.colcon_core.shell:Skip shell extension 'powershell' for command environment: Not usable outside of PowerShell
[3.004s] DEBUG:colcon.colcon_core.shell:Skip shell extension 'dsv' for command environment
[3.021s] DEBUG:colcon.colcon_core.event_handler.log_command:Invoking command in '/driverless/driverless_ws/build/planning': AMENT_PREFIX_PATH=/driverless/driverless_ws/install/eufs_msgs:${AMENT_PREFIX_PATH} CMAKE_PREFIX_PATH=/driverless/driverless_ws/install/eufs_msgs:/opt/ros/foxy LD_LIBRARY_PATH=/driverless/driverless_ws/install/eufs_msgs/lib:${LD_LIBRARY_PATH} PYTHONPATH=/driverless/driverless_ws/install/eufs_msgs/lib/python3.8/site-packages:${PYTHONPATH} /usr/bin/cmake --build /driverless/driverless_ws/build/planning -- -j8 -l8
[6.130s] DEBUG:colcon.colcon_core.event_handler.log_command:Invoked command in '/driverless/driverless_ws/build/planning' returned '2': AMENT_PREFIX_PATH=/driverless/driverless_ws/install/eufs_msgs:${AMENT_PREFIX_PATH} CMAKE_PREFIX_PATH=/driverless/driverless_ws/install/eufs_msgs:/opt/ros/foxy LD_LIBRARY_PATH=/driverless/driverless_ws/install/eufs_msgs/lib:${LD_LIBRARY_PATH} PYTHONPATH=/driverless/driverless_ws/install/eufs_msgs/lib/python3.8/site-packages:${PYTHONPATH} /usr/bin/cmake --build /driverless/driverless_ws/build/planning -- -j8 -l8
[6.157s] Level 1:colcon.colcon_core.environment:create_environment_scripts_only(planning)
[6.161s] Level 1:colcon.colcon_core.environment:checking '/driverless/driverless_ws/install/planning' for CMake module files
[6.161s] Level 1:colcon.colcon_core.environment:checking '/driverless/driverless_ws/install/planning' for CMake config files
[6.162s] Level 1:colcon.colcon_core.environment:checking '/driverless/driverless_ws/install/planning/bin'
[6.162s] Level 1:colcon.colcon_core.environment:checking '/driverless/driverless_ws/install/planning/lib/pkgconfig/planning.pc'
[6.162s] Level 1:colcon.colcon_core.environment:checking '/driverless/driverless_ws/install/planning/lib/python3.8/site-packages'
[6.162s] Level 1:colcon.colcon_core.environment:checking '/driverless/driverless_ws/install/planning/bin'
[6.166s] INFO:colcon.colcon_core.shell:Creating package script '/driverless/driverless_ws/install/planning/share/planning/package.ps1'
[6.166s] INFO:colcon.colcon_core.shell:Creating package descriptor '/driverless/driverless_ws/install/planning/share/planning/package.dsv'
[6.167s] INFO:colcon.colcon_core.shell:Creating package script '/driverless/driverless_ws/install/planning/share/planning/package.sh'
[6.167s] INFO:colcon.colcon_core.shell:Creating package script '/driverless/driverless_ws/install/planning/share/planning/package.bash'
[6.167s] INFO:colcon.colcon_core.shell:Creating package script '/driverless/driverless_ws/install/planning/share/planning/package.zsh'
[6.167s] Level 1:colcon.colcon_core.environment:create_file_with_runtime_dependencies(/driverless/driverless_ws/install/planning/share/colcon-core/packages/planning)
[6.178s] DEBUG:colcon.colcon_parallel_executor.executor.parallel:closing loop
[6.178s] DEBUG:colcon.colcon_parallel_executor.executor.parallel:loop closed
[6.178s] DEBUG:colcon.colcon_parallel_executor.executor.parallel:run_until_complete finished with '2'
[6.178s] DEBUG:colcon.colcon_core.event_reactor:joining thread
[6.188s] INFO:colcon.colcon_core.plugin_system:Skipping extension 'colcon_notification.desktop_notification.notify_send': Could not find 'notify-send'
[6.188s] INFO:colcon.colcon_core.plugin_system:Skipping extension 'colcon_notification.desktop_notification.terminal_notifier': Not used on non-Darwin systems
[6.188s] INFO:colcon.colcon_core.plugin_system:Skipping extension 'colcon_notification.desktop_notification.win32': Not used on non-Windows systems
[6.188s] INFO:colcon.colcon_notification.desktop_notification:Sending desktop notification using 'notify2'
[6.193s] DEBUG:colcon.colcon_notification.desktop_notification.notify2:Failed to initialize notify2: org.freedesktop.DBus.Error.ServiceUnknown: The name org.freedesktop.Notifications was not provided by any .service files
[6.193s] DEBUG:colcon.colcon_core.event_reactor:joined thread
[6.203s] INFO:colcon.colcon_core.shell:Creating prefix script '/driverless/driverless_ws/install/local_setup.ps1'
[6.204s] INFO:colcon.colcon_core.shell:Creating prefix util module '/driverless/driverless_ws/install/_local_setup_util_ps1.py'
[6.206s] INFO:colcon.colcon_core.shell:Creating prefix chain script '/driverless/driverless_ws/install/setup.ps1'
[6.214s] INFO:colcon.colcon_core.shell:Creating prefix script '/driverless/driverless_ws/install/local_setup.sh'
[6.215s] INFO:colcon.colcon_core.shell:Creating prefix util module '/driverless/driverless_ws/install/_local_setup_util_sh.py'
[6.215s] INFO:colcon.colcon_core.shell:Creating prefix chain script '/driverless/driverless_ws/install/setup.sh'
[6.220s] INFO:colcon.colcon_core.shell:Creating prefix script '/driverless/driverless_ws/install/local_setup.bash'
[6.220s] INFO:colcon.colcon_core.shell:Creating prefix chain script '/driverless/driverless_ws/install/setup.bash'
[6.224s] INFO:colcon.colcon_core.shell:Creating prefix script '/driverless/driverless_ws/install/local_setup.zsh'
[6.225s] INFO:colcon.colcon_core.shell:Creating prefix chain script '/driverless/driverless_ws/install/setup.zsh'
