[0.023s] Invoking command in '/home/griffin/driverless/driverless_ws/build/perceptions': CMAKE_PREFIX_PATH=/opt/ros/foxy /usr/bin/cmake /home/griffin/driverless/driverless_ws/src/perceptions -DCMAKE_EXPORT_COMPILE_COMMANDS=ON -G Ninja -DCMAKE_INSTALL_PREFIX=/home/griffin/driverless/driverless_ws/install/perceptions
[0.069s] -- The C compiler identification is GNU 9.4.0
[0.116s] -- The CXX compiler identification is GNU 9.4.0
[0.119s] -- Check for working C compiler: /usr/bin/cc
[0.151s] -- Check for working C compiler: /usr/bin/cc -- works
[0.152s] -- Detecting C compiler ABI info
[0.188s] -- Detecting C compiler ABI info - done
[0.197s] -- Detecting C compile features
[0.197s] -- Detecting C compile features - done
[0.199s] -- Check for working CXX compiler: /usr/bin/c++
[0.240s] -- Check for working CXX compiler: /usr/bin/c++ -- works
[0.242s] -- Detecting CXX compiler ABI info
[0.284s] -- Detecting CXX compiler ABI info - done
[0.294s] -- Detecting CXX compile features
[0.294s] -- Detecting CXX compile features - done
[0.295s] -- Found ament_cmake: 0.9.12 (/opt/ros/foxy/share/ament_cmake/cmake)
[0.315s] -- Found PythonInterp: /usr/bin/python3 (found suitable version "3.8.10", minimum required is "3") 
[0.315s] -- Using PYTHON_EXECUTABLE: /usr/bin/python3
[0.468s] -- Found ament_lint_auto: 0.9.8 (/opt/ros/foxy/share/ament_lint_auto/cmake)
[0.541s] -- Added test 'copyright' to check source files copyright and LICENSE
[0.542s] -- Added test 'cppcheck' to perform static code analysis on C / C++ code
[0.542s] -- Configured cppcheck include dirs: 
[0.542s] -- Configured cppcheck exclude dirs and/or files: 
[0.543s] -- Added test 'cpplint' to check C / C++ code against the Google style
[0.543s] -- Configured cpplint exclude dirs and/or files: 
[0.543s] -- Added test 'lint_cmake' to check CMake code style
[0.544s] -- Added test 'uncrustify' to check C / C++ code style
[0.544s] -- Configured uncrustify additional arguments: 
[0.545s] -- Added test 'xmllint' to check XML markup files
[0.549s] -- Configuring done
[0.550s] -- Generating done
[0.550s] -- Build files have been written to: /home/griffin/driverless/driverless_ws/build/perceptions
[0.558s] Invoked command in '/home/griffin/driverless/driverless_ws/build/perceptions' returned '0': CMAKE_PREFIX_PATH=/opt/ros/foxy /usr/bin/cmake /home/griffin/driverless/driverless_ws/src/perceptions -DCMAKE_EXPORT_COMPILE_COMMANDS=ON -G Ninja -DCMAKE_INSTALL_PREFIX=/home/griffin/driverless/driverless_ws/install/perceptions
[0.560s] Invoking command in '/home/griffin/driverless/driverless_ws/build/perceptions': CMAKE_PREFIX_PATH=/opt/ros/foxy /usr/bin/cmake --build /home/griffin/driverless/driverless_ws/build/perceptions -- -j12 -l12
[0.567s] ninja: no work to do.
[0.602s] Invoked command in '/home/griffin/driverless/driverless_ws/build/perceptions' returned '0': CMAKE_PREFIX_PATH=/opt/ros/foxy /usr/bin/cmake --build /home/griffin/driverless/driverless_ws/build/perceptions -- -j12 -l12
[0.614s] Invoking command in '/home/griffin/driverless/driverless_ws/build/perceptions': CMAKE_PREFIX_PATH=/opt/ros/foxy /usr/bin/cmake --install /home/griffin/driverless/driverless_ws/build/perceptions
[0.631s] -- Install configuration: ""
[0.631s] -- Installing: /home/griffin/driverless/driverless_ws/install/perceptions/share/ament_index/resource_index/package_run_dependencies/perceptions
[0.631s] -- Installing: /home/griffin/driverless/driverless_ws/install/perceptions/share/ament_index/resource_index/parent_prefix_path/perceptions
[0.632s] -- Installing: /home/griffin/driverless/driverless_ws/install/perceptions/share/perceptions/environment/ament_prefix_path.sh
[0.632s] -- Installing: /home/griffin/driverless/driverless_ws/install/perceptions/share/perceptions/environment/ament_prefix_path.dsv
[0.632s] -- Installing: /home/griffin/driverless/driverless_ws/install/perceptions/share/perceptions/environment/path.sh
[0.632s] -- Installing: /home/griffin/driverless/driverless_ws/install/perceptions/share/perceptions/environment/path.dsv
[0.632s] -- Installing: /home/griffin/driverless/driverless_ws/install/perceptions/share/perceptions/local_setup.bash
[0.632s] -- Installing: /home/griffin/driverless/driverless_ws/install/perceptions/share/perceptions/local_setup.sh
[0.632s] -- Installing: /home/griffin/driverless/driverless_ws/install/perceptions/share/perceptions/local_setup.zsh
[0.632s] -- Installing: /home/griffin/driverless/driverless_ws/install/perceptions/share/perceptions/local_setup.dsv
[0.632s] -- Installing: /home/griffin/driverless/driverless_ws/install/perceptions/share/perceptions/package.dsv
[0.632s] -- Installing: /home/griffin/driverless/driverless_ws/install/perceptions/share/ament_index/resource_index/packages/perceptions
[0.632s] -- Installing: /home/griffin/driverless/driverless_ws/install/perceptions/share/perceptions/cmake/perceptionsConfig.cmake
[0.632s] -- Installing: /home/griffin/driverless/driverless_ws/install/perceptions/share/perceptions/cmake/perceptionsConfig-version.cmake
[0.632s] -- Installing: /home/griffin/driverless/driverless_ws/install/perceptions/share/perceptions/package.xml
[0.695s] Invoked command in '/home/griffin/driverless/driverless_ws/build/perceptions' returned '0': CMAKE_PREFIX_PATH=/opt/ros/foxy /usr/bin/cmake --install /home/griffin/driverless/driverless_ws/build/perceptions
