/driverless/install/cmrdv_common/lib/python3.8/site-packages/cmrdv_common/conversions.py
/driverless/install/cmrdv_common/lib/python3.8/site-packages/cmrdv_common/__init__.py
/driverless/install/cmrdv_common/lib/python3.8/site-packages/cmrdv_common/heartbeat/global.py
/driverless/install/cmrdv_common/lib/python3.8/site-packages/cmrdv_common/heartbeat/__init__.py
/driverless/install/cmrdv_common/lib/python3.8/site-packages/cmrdv_common/heartbeat/heart.py
/driverless/install/cmrdv_common/lib/python3.8/site-packages/cmrdv_common/simulator/__init__.py
/driverless/install/cmrdv_common/lib/python3.8/site-packages/cmrdv_common/simulator/SimVisNode.py
/driverless/install/cmrdv_common/lib/python3.8/site-packages/cmrdv_common/DIM/__init__.py
/driverless/install/cmrdv_common/lib/python3.8/site-packages/cmrdv_common/DIM/dim_heartbeat.py
/driverless/install/cmrdv_common/lib/python3.8/site-packages/cmrdv_common/DIM/dim_request.py
/driverless/install/cmrdv_common/lib/python3.8/site-packages/cmrdv_common/config/__init__.py
/driverless/install/cmrdv_common/lib/python3.8/site-packages/cmrdv_common/config/planning_config.py
/driverless/install/cmrdv_common/lib/python3.8/site-packages/cmrdv_common/config/perceptions_config.py
/driverless/install/cmrdv_common/lib/python3.8/site-packages/cmrdv_common/config/collection_config.py
/driverless/install/cmrdv_common/lib/python3.8/site-packages/cmrdv_common/config/common_config.py
/driverless/install/cmrdv_common/lib/python3.8/site-packages/cmrdv_common/config/actuators_config.py
/driverless/install/cmrdv_common/lib/python3.8/site-packages/cmrdv_common/config/controls_config.py
/driverless/install/cmrdv_common/lib/python3.8/site-packages/cmrdv_common/__pycache__/conversions.cpython-38.pyc
/driverless/install/cmrdv_common/lib/python3.8/site-packages/cmrdv_common/__pycache__/__init__.cpython-38.pyc
/driverless/install/cmrdv_common/lib/python3.8/site-packages/cmrdv_common/heartbeat/__pycache__/global.cpython-38.pyc
/driverless/install/cmrdv_common/lib/python3.8/site-packages/cmrdv_common/heartbeat/__pycache__/__init__.cpython-38.pyc
/driverless/install/cmrdv_common/lib/python3.8/site-packages/cmrdv_common/heartbeat/__pycache__/heart.cpython-38.pyc
/driverless/install/cmrdv_common/lib/python3.8/site-packages/cmrdv_common/simulator/__pycache__/__init__.cpython-38.pyc
/driverless/install/cmrdv_common/lib/python3.8/site-packages/cmrdv_common/simulator/__pycache__/SimVisNode.cpython-38.pyc
/driverless/install/cmrdv_common/lib/python3.8/site-packages/cmrdv_common/DIM/__pycache__/__init__.cpython-38.pyc
/driverless/install/cmrdv_common/lib/python3.8/site-packages/cmrdv_common/DIM/__pycache__/dim_heartbeat.cpython-38.pyc
/driverless/install/cmrdv_common/lib/python3.8/site-packages/cmrdv_common/DIM/__pycache__/dim_request.cpython-38.pyc
/driverless/install/cmrdv_common/lib/python3.8/site-packages/cmrdv_common/config/__pycache__/__init__.cpython-38.pyc
/driverless/install/cmrdv_common/lib/python3.8/site-packages/cmrdv_common/config/__pycache__/planning_config.cpython-38.pyc
/driverless/install/cmrdv_common/lib/python3.8/site-packages/cmrdv_common/config/__pycache__/perceptions_config.cpython-38.pyc
/driverless/install/cmrdv_common/lib/python3.8/site-packages/cmrdv_common/config/__pycache__/collection_config.cpython-38.pyc
/driverless/install/cmrdv_common/lib/python3.8/site-packages/cmrdv_common/config/__pycache__/common_config.cpython-38.pyc
/driverless/install/cmrdv_common/lib/python3.8/site-packages/cmrdv_common/config/__pycache__/actuators_config.cpython-38.pyc
/driverless/install/cmrdv_common/lib/python3.8/site-packages/cmrdv_common/config/__pycache__/controls_config.cpython-38.pyc
/driverless/install/cmrdv_common/share/ament_index/resource_index/packages/cmrdv_common
/driverless/install/cmrdv_common/share/cmrdv_common/package.xml
/driverless/install/cmrdv_common/share/cmrdv_common
/driverless/install/cmrdv_common/lib/python3.8/site-packages/cmrdv_common-0.0.0-py3.8.egg-info/PKG-INFO
/driverless/install/cmrdv_common/lib/python3.8/site-packages/cmrdv_common-0.0.0-py3.8.egg-info/dependency_links.txt
/driverless/install/cmrdv_common/lib/python3.8/site-packages/cmrdv_common-0.0.0-py3.8.egg-info/requires.txt
/driverless/install/cmrdv_common/lib/python3.8/site-packages/cmrdv_common-0.0.0-py3.8.egg-info/zip-safe
/driverless/install/cmrdv_common/lib/python3.8/site-packages/cmrdv_common-0.0.0-py3.8.egg-info/SOURCES.txt
/driverless/install/cmrdv_common/lib/python3.8/site-packages/cmrdv_common-0.0.0-py3.8.egg-info/entry_points.txt
/driverless/install/cmrdv_common/lib/python3.8/site-packages/cmrdv_common-0.0.0-py3.8.egg-info/top_level.txt
/driverless/install/cmrdv_common/lib/cmrdv_common/dim
/driverless/install/cmrdv_common/lib/cmrdv_common/dim_heartbeat
/driverless/install/cmrdv_common/lib/cmrdv_common/dim_request
/driverless/install/cmrdv_common/lib/cmrdv_common/heartbeat
/driverless/install/cmrdv_common/lib/cmrdv_common/perceptions
/driverless/install/cmrdv_common/lib/cmrdv_common/planning
/driverless/install/cmrdv_common/lib/cmrdv_common/sim_vis
