1739646502.0047376 [INFO] [launch]: All log files can be found below /home/chip/Documents/driverless/logs/2025-02-15-14-08-22-003902-chip-20080
1739646502.0048609 [INFO] [launch]: Default logging verbosity is set to INFO
1739646502.0989747 [INFO] [rosbridge_websocket-1]: process started with pid [20082]
1739646502.0991235 [INFO] [rosapi_node-2]: process started with pid [20084]
1739646854.1647274 [rosapi_node-2] Error processing '// generated from rosidl_adapter/resource/msg.idl.em' of 'hesai_ros_driver/LossPacket': '//'
1739646854.1690004 [rosapi_node-2] Error processing '// generated from rosidl_adapter/resource/msg.idl.em' of 'hesai_ros_driver/LossPacket': '//'
1739646854.1692023 [rosapi_node-2] Error processing '// generated from rosidl_adapter/resource/msg.idl.em' of 'hesai_ros_driver/LossPacket': '//'
1739646854.1693316 [rosapi_node-2] Error processing '// generated from rosidl_adapter/resource/msg.idl.em' of 'hesai_ros_driver/LossPacket': '//'
1739646854.1694286 [rosapi_node-2] Error processing '// generated from rosidl_adapter/resource/msg.idl.em' of 'hesai_ros_driver/LossPacket': '//'
1739646854.1695232 [rosapi_node-2] Error processing '// generated from rosidl_adapter/resource/msg.idl.em' of 'hesai_ros_driver/LossPacket': '//'
1739646854.1695864 [rosapi_node-2] Error processing '// generated from rosidl_adapter/resource/msg.idl.em' of 'hesai_ros_driver/LossPacket': '//'
1739646854.1696620 [rosapi_node-2] Error processing '// generated from rosidl_adapter/resource/msg.idl.em' of 'hesai_ros_driver/LossPacket': '//'
1739646854.1697598 [rosapi_node-2] Error processing '// generated from rosidl_adapter/resource/msg.idl.em' of 'hesai_ros_driver/LossPacket': '//'
1739646854.1698089 [rosapi_node-2] Error processing '// generated from rosidl_adapter/resource/msg.idl.em' of 'hesai_ros_driver/LossPacket': '//'
1739646854.1698883 [rosapi_node-2] Error processing '// generated from rosidl_adapter/resource/msg.idl.em' of 'hesai_ros_driver/LossPacket': '//'
1739646854.1699829 [rosapi_node-2] Error processing '// generated from rosidl_adapter/resource/msg.idl.em' of 'hesai_ros_driver/LossPacket': '//'
1739646854.1700599 [rosapi_node-2] Error processing '// generated from rosidl_adapter/resource/msg.idl.em' of 'hesai_ros_driver/LossPacket': '//'
1739646854.1701348 [rosapi_node-2] Error processing '// generated from rosidl_adapter/resource/msg.idl.em' of 'hesai_ros_driver/LossPacket': '//'
1739646854.1702158 [rosapi_node-2] Error processing '// generated from rosidl_adapter/resource/msg.idl.em' of 'hesai_ros_driver/LossPacket': '//'
1739646854.1702907 [rosapi_node-2] Error processing '// generated from rosidl_adapter/resource/msg.idl.em' of 'hesai_ros_driver/LossPacket': '//'
1739646854.1703677 [rosapi_node-2] Error processing '// generated from rosidl_adapter/resource/msg.idl.em' of 'hesai_ros_driver/LossPacket': '//'
1739646854.1704440 [rosapi_node-2] Error processing '// generated from rosidl_adapter/resource/msg.idl.em' of 'hesai_ros_driver/LossPacket': '//'
1739646854.1704860 [rosapi_node-2] Error processing '// generated from rosidl_adapter/resource/msg.idl.em' of 'hesai_ros_driver/LossPacket': '//'
1739646854.1705287 [rosapi_node-2] Error processing '// generated from rosidl_adapter/resource/msg.idl.em' of 'hesai_ros_driver/LossPacket': '//'
1739646854.1705718 [rosapi_node-2] Error processing '// generated from rosidl_adapter/resource/msg.idl.em' of 'hesai_ros_driver/LossPacket': '//'
1739646854.1706145 [rosapi_node-2] Error processing '// generated from rosidl_adapter/resource/msg.idl.em' of 'hesai_ros_driver/LossPacket': '//'
1739646854.1706769 [rosapi_node-2] Error processing '// generated from rosidl_adapter/resource/msg.idl.em' of 'hesai_ros_driver/LossPacket': '//'
1739646854.1707556 [rosapi_node-2] Error processing '// generated from rosidl_adapter/resource/msg.idl.em' of 'hesai_ros_driver/LossPacket': '//'
1739646854.1707997 [rosapi_node-2] Error processing '// generated from rosidl_adapter/resource/msg.idl.em' of 'hesai_ros_driver/LossPacket': '//'
1739646854.1708779 [rosapi_node-2] Error processing '// generated from rosidl_adapter/resource/msg.idl.em' of 'hesai_ros_driver/LossPacket': '//'
1739646854.1709390 [rosapi_node-2] Error processing '// generated from rosidl_adapter/resource/msg.idl.em' of 'hesai_ros_driver/LossPacket': '//'
1739646854.1709852 [rosapi_node-2] Error processing '// generated from rosidl_adapter/resource/msg.idl.em' of 'hesai_ros_driver/LossPacket': '//'
1739646854.1710300 [rosapi_node-2] Error processing '// generated from rosidl_adapter/resource/msg.idl.em' of 'hesai_ros_driver/LossPacket': '//'
1739646854.1710744 [rosapi_node-2] Error processing '// generated from rosidl_adapter/resource/msg.idl.em' of 'hesai_ros_driver/LossPacket': '//'
1739646854.1711180 [rosapi_node-2] Error processing '// generated from rosidl_adapter/resource/msg.idl.em' of 'hesai_ros_driver/LossPacket': '//'
1739646854.1711624 [rosapi_node-2] Error processing '// generated from rosidl_adapter/resource/msg.idl.em' of 'hesai_ros_driver/LossPacket': '//'
1739646854.1712062 [rosapi_node-2] Error processing '// generated from rosidl_adapter/resource/msg.idl.em' of 'hesai_ros_driver/LossPacket': '//'
1739646854.1712503 [rosapi_node-2] Error processing '// generated from rosidl_adapter/resource/msg.idl.em' of 'hesai_ros_driver/LossPacket': '//'
1739646854.1712952 [rosapi_node-2] Error processing '// generated from rosidl_adapter/resource/msg.idl.em' of 'hesai_ros_driver/LossPacket': '//'
1739646854.1713398 [rosapi_node-2] Error processing '// generated from rosidl_adapter/resource/msg.idl.em' of 'hesai_ros_driver/LossPacket': '//'
1739646854.1713846 [rosapi_node-2] Error processing '// generated from rosidl_adapter/resource/msg.idl.em' of 'hesai_ros_driver/LossPacket': '//'
1739646854.1714287 [rosapi_node-2] Error processing '// generated from rosidl_adapter/resource/msg.idl.em' of 'hesai_ros_driver/LossPacket': '//'
1739646854.1714735 [rosapi_node-2] Error processing '// generated from rosidl_adapter/resource/msg.idl.em' of 'hesai_ros_driver/LossPacket': '//'
1739646854.1715171 [rosapi_node-2] Error processing '// generated from rosidl_adapter/resource/msg.idl.em' of 'hesai_ros_driver/LossPacket': '//'
1739646854.1715610 [rosapi_node-2] Error processing '// generated from rosidl_adapter/resource/msg.idl.em' of 'hesai_ros_driver/LossPacket': '//'
1739646854.1716046 [rosapi_node-2] Error processing '// generated from rosidl_adapter/resource/msg.idl.em' of 'hesai_ros_driver/LossPacket': '//'
1739646854.1716490 [rosapi_node-2] Error processing '// generated from rosidl_adapter/resource/msg.idl.em' of 'hesai_ros_driver/LossPacket': '//'
1739646854.1716924 [rosapi_node-2] Error processing '// generated from rosidl_adapter/resource/msg.idl.em' of 'hesai_ros_driver/LossPacket': '//'
1739646854.1717360 [rosapi_node-2] Error processing '// generated from rosidl_adapter/resource/msg.idl.em' of 'hesai_ros_driver/LossPacket': '//'
1739646854.1717801 [rosapi_node-2] Error processing '// generated from rosidl_adapter/resource/msg.idl.em' of 'hesai_ros_driver/LossPacket': '//'
1739646854.1718240 [rosapi_node-2] Error processing '// generated from rosidl_adapter/resource/msg.idl.em' of 'hesai_ros_driver/LossPacket': '//'
1739646854.1718676 [rosapi_node-2] Error processing '// generated from rosidl_adapter/resource/msg.idl.em' of 'hesai_ros_driver/LossPacket': '//'
1739646854.1719115 [rosapi_node-2] Error processing '// generated from rosidl_adapter/resource/msg.idl.em' of 'hesai_ros_driver/LossPacket': '//'
1739646854.1719558 [rosapi_node-2] Error processing '// generated from rosidl_adapter/resource/msg.idl.em' of 'hesai_ros_driver/LossPacket': '//'
1739646854.1719992 [rosapi_node-2] Error processing '// generated from rosidl_adapter/resource/msg.idl.em' of 'hesai_ros_driver/LossPacket': '//'
1739646854.1720438 [rosapi_node-2] Error processing '// generated from rosidl_adapter/resource/msg.idl.em' of 'hesai_ros_driver/LossPacket': '//'
1739646854.1720877 [rosapi_node-2] Error processing '// generated from rosidl_adapter/resource/msg.idl.em' of 'hesai_ros_driver/LossPacket': '//'
1739646854.1721311 [rosapi_node-2] Error processing '// generated from rosidl_adapter/resource/msg.idl.em' of 'hesai_ros_driver/LossPacket': '//'
1739646854.1721795 [rosapi_node-2] Error processing '// generated from rosidl_adapter/resource/msg.idl.em' of 'hesai_ros_driver/LossPacket': '//'
1739646854.1722240 [rosapi_node-2] Error processing '// generated from rosidl_adapter/resource/msg.idl.em' of 'hesai_ros_driver/LossPacket': '//'
1739646854.1722677 [rosapi_node-2] Error processing '// generated from rosidl_adapter/resource/msg.idl.em' of 'hesai_ros_driver/LossPacket': '//'
1739646854.1723456 [rosapi_node-2] Error processing '// generated from rosidl_adapter/resource/msg.idl.em' of 'hesai_ros_driver/LossPacket': '//'
1739646854.1723883 [rosapi_node-2] Error processing '// generated from rosidl_adapter/resource/msg.idl.em' of 'hesai_ros_driver/LossPacket': '//'
1739646854.1724324 [rosapi_node-2] Error processing '// generated from rosidl_adapter/resource/msg.idl.em' of 'hesai_ros_driver/LossPacket': '//'
1739646854.1724751 [rosapi_node-2] Error processing '// generated from rosidl_adapter/resource/msg.idl.em' of 'hesai_ros_driver/LossPacket': '//'
1739646854.1725187 [rosapi_node-2] Error processing '// generated from rosidl_adapter/resource/msg.idl.em' of 'hesai_ros_driver/LossPacket': '//'
1739646854.1725626 [rosapi_node-2] Error processing '// generated from rosidl_adapter/resource/msg.idl.em' of 'hesai_ros_driver/LossPacket': '//'
1739646854.1726062 [rosapi_node-2] Error processing '// generated from rosidl_adapter/resource/msg.idl.em' of 'hesai_ros_driver/LossPacket': '//'
1739646854.1726501 [rosapi_node-2] Error processing '// generated from rosidl_adapter/resource/msg.idl.em' of 'hesai_ros_driver/LossPacket': '//'
1739646854.1726937 [rosapi_node-2] Error processing '// generated from rosidl_adapter/resource/msg.idl.em' of 'hesai_ros_driver/LossPacket': '//'
1739646854.1727371 [rosapi_node-2] Error processing '// generated from rosidl_adapter/resource/msg.idl.em' of 'hesai_ros_driver/LossPacket': '//'
1739646854.1727798 [rosapi_node-2] Error processing '// generated from rosidl_adapter/resource/msg.idl.em' of 'hesai_ros_driver/LossPacket': '//'
1739646854.1728230 [rosapi_node-2] Error processing '// generated from rosidl_adapter/resource/msg.idl.em' of 'hesai_ros_driver/LossPacket': '//'
1739646854.1728654 [rosapi_node-2] Error processing '// generated from rosidl_adapter/resource/msg.idl.em' of 'hesai_ros_driver/LossPacket': '//'
1739646854.1729088 [rosapi_node-2] Error processing '// generated from rosidl_adapter/resource/msg.idl.em' of 'hesai_ros_driver/LossPacket': '//'
1739646854.1729517 [rosapi_node-2] Error processing '// generated from rosidl_adapter/resource/msg.idl.em' of 'hesai_ros_driver/LossPacket': '//'
1739646854.1729951 [rosapi_node-2] Error processing '// generated from rosidl_adapter/resource/msg.idl.em' of 'hesai_ros_driver/LossPacket': '//'
1739646878.1961689 [WARNING] [launch]: user interrupted with ctrl-c (SIGINT)
1739646878.1986237 [rosapi_node-2] Error processing '// generated from rosidl_adapter/resource/msg.idl.em' of 'hesai_ros_driver/LossPacket': '//'
1739646878.1988060 [rosapi_node-2] Error processing '// generated from rosidl_adapter/resource/msg.idl.em' of 'hesai_ros_driver/LossPacket': '//'
1739646878.1989295 [rosapi_node-2] Error processing '// generated from rosidl_adapter/resource/msg.idl.em' of 'hesai_ros_driver/LossPacket': '//'
1739646878.1990366 [rosapi_node-2] Error processing '// generated from rosidl_adapter/resource/msg.idl.em' of 'hesai_ros_driver/LossPacket': '//'
1739646878.1993613 [rosapi_node-2] Exiting due to SIGINT
1739646878.2549419 [INFO] [rosapi_node-2]: process has finished cleanly [pid 20084]
1739646878.2619624 [INFO] [rosbridge_websocket-1]: process has finished cleanly [pid 20082]
