[0.045s] Invoking command in '/home/ishin/Documents/cmr/driverless_py/driverless/driverless_ws/build/common': _=/usr/bin/env /usr/bin/cmake --build /home/ishin/Documents/cmr/driverless_py/driverless/driverless_ws/build/common -- -j8 -l8
[0.100s] Invoked command in '/home/ishin/Documents/cmr/driverless_py/driverless/driverless_ws/build/common' returned '0': _=/usr/bin/env /usr/bin/cmake --build /home/ishin/Documents/cmr/driverless_py/driverless/driverless_ws/build/common -- -j8 -l8
[0.156s] Invoking command in '/home/ishin/Documents/cmr/driverless_py/driverless/driverless_ws/build/common': _=/usr/bin/env /usr/bin/cmake --install /home/ishin/Documents/cmr/driverless_py/driverless/driverless_ws/build/common
[0.171s] -- Install configuration: ""
[0.171s] -- Up-to-date: /home/ishin/Documents/cmr/driverless_py/driverless/driverless_ws/install/common/share/ament_index/resource_index/package_run_dependencies/common
[0.171s] -- Up-to-date: /home/ishin/Documents/cmr/driverless_py/driverless/driverless_ws/install/common/share/ament_index/resource_index/parent_prefix_path/common
[0.172s] -- Up-to-date: /home/ishin/Documents/cmr/driverless_py/driverless/driverless_ws/install/common/share/common/environment/ament_prefix_path.sh
[0.172s] -- Up-to-date: /home/ishin/Documents/cmr/driverless_py/driverless/driverless_ws/install/common/share/common/environment/ament_prefix_path.dsv
[0.172s] -- Up-to-date: /home/ishin/Documents/cmr/driverless_py/driverless/driverless_ws/install/common/share/common/environment/path.sh
[0.173s] -- Up-to-date: /home/ishin/Documents/cmr/driverless_py/driverless/driverless_ws/install/common/share/common/environment/path.dsv
[0.173s] -- Up-to-date: /home/ishin/Documents/cmr/driverless_py/driverless/driverless_ws/install/common/share/common/local_setup.bash
[0.173s] -- Up-to-date: /home/ishin/Documents/cmr/driverless_py/driverless/driverless_ws/install/common/share/common/local_setup.sh
[0.173s] -- Up-to-date: /home/ishin/Documents/cmr/driverless_py/driverless/driverless_ws/install/common/share/common/local_setup.zsh
[0.173s] -- Up-to-date: /home/ishin/Documents/cmr/driverless_py/driverless/driverless_ws/install/common/share/common/local_setup.dsv
[0.173s] -- Up-to-date: /home/ishin/Documents/cmr/driverless_py/driverless/driverless_ws/install/common/share/common/package.dsv
[0.174s] -- Up-to-date: /home/ishin/Documents/cmr/driverless_py/driverless/driverless_ws/install/common/share/ament_index/resource_index/packages/common
[0.174s] -- Up-to-date: /home/ishin/Documents/cmr/driverless_py/driverless/driverless_ws/install/common/share/common/cmake/commonConfig.cmake
[0.174s] -- Up-to-date: /home/ishin/Documents/cmr/driverless_py/driverless/driverless_ws/install/common/share/common/cmake/commonConfig-version.cmake
[0.174s] -- Up-to-date: /home/ishin/Documents/cmr/driverless_py/driverless/driverless_ws/install/common/share/common/package.xml
[0.224s] Invoked command in '/home/ishin/Documents/cmr/driverless_py/driverless/driverless_ws/build/common' returned '0': _=/usr/bin/env /usr/bin/cmake --install /home/ishin/Documents/cmr/driverless_py/driverless/driverless_ws/build/common
