[35m[1mScanning dependencies of target slam_test[0m
[ 50%] [32mBuilding CXX object CMakeFiles/slam_test.dir/src/EKF_SLAM.cpp.o[0m
[01m[K/home/andrewwhong/workspace/driverless/driverless_ws/src/planning/src/EKF_SLAM.cpp:[m[K In member function ‘[01m[Kvoid SLAMValidation::topic_callback(const ConstSharedPtr&, const ConstSharedPtr&) const[m[K’:
[01m[K/home/andrewwhong/workspace/driverless/driverless_ws/src/planning/src/EKF_SLAM.cpp:59:88:[m[K [01;35m[Kwarning: [m[Kunused parameter ‘[01m[Ktmp_1[m[K’ [[01;35m[K-Wunused-parameter[m[K]
   59 |     void topic_callback([01;35m[Kconst eufs_msgs::msg::ConeArrayWithCovariance::ConstSharedPtr& tmp_1[m[K,
      |                         [01;35m[K~~~~~~~~~~~~~~~~~~~~~~~~~~~~~~~~~~~~~~~~~~~~~~~~~~~~~~~~~~~~~~~^~~~~[m[K
[01m[K/home/andrewwhong/workspace/driverless/driverless_ws/src/planning/src/EKF_SLAM.cpp:60:73:[m[K [01;35m[Kwarning: [m[Kunused parameter ‘[01m[Ktmp_2[m[K’ [[01;35m[K-Wunused-parameter[m[K]
   60 |                         [01;35m[Kconst eufs_msgs::msg::CarState::ConstSharedPtr& tmp_2[m[K) const
      |                         [01;35m[K~~~~~~~~~~~~~~~~~~~~~~~~~~~~~~~~~~~~~~~~~~~~~~~~^~~~~[m[K
[100%] [32m[1mLinking CXX executable slam_test[0m
[100%] Built target slam_test
-- Install configuration: ""
-- Installing: /home/andrewwhong/workspace/driverless/driverless_ws/src/install/planning/lib/planning/slam_test
-- Set runtime path of "/home/andrewwhong/workspace/driverless/driverless_ws/src/install/planning/lib/planning/slam_test" to ""
-- Installing: /home/andrewwhong/workspace/driverless/driverless_ws/src/install/planning/share/ament_index/resource_index/package_run_dependencies/planning
-- Installing: /home/andrewwhong/workspace/driverless/driverless_ws/src/install/planning/share/ament_index/resource_index/parent_prefix_path/planning
-- Installing: /home/andrewwhong/workspace/driverless/driverless_ws/src/install/planning/share/planning/environment/ament_prefix_path.sh
-- Installing: /home/andrewwhong/workspace/driverless/driverless_ws/src/install/planning/share/planning/environment/ament_prefix_path.dsv
-- Installing: /home/andrewwhong/workspace/driverless/driverless_ws/src/install/planning/share/planning/environment/path.sh
-- Installing: /home/andrewwhong/workspace/driverless/driverless_ws/src/install/planning/share/planning/environment/path.dsv
-- Installing: /home/andrewwhong/workspace/driverless/driverless_ws/src/install/planning/share/planning/local_setup.bash
-- Installing: /home/andrewwhong/workspace/driverless/driverless_ws/src/install/planning/share/planning/local_setup.sh
-- Installing: /home/andrewwhong/workspace/driverless/driverless_ws/src/install/planning/share/planning/local_setup.zsh
-- Installing: /home/andrewwhong/workspace/driverless/driverless_ws/src/install/planning/share/planning/local_setup.dsv
-- Installing: /home/andrewwhong/workspace/driverless/driverless_ws/src/install/planning/share/planning/package.dsv
-- Installing: /home/andrewwhong/workspace/driverless/driverless_ws/src/install/planning/share/ament_index/resource_index/packages/planning
-- Installing: /home/andrewwhong/workspace/driverless/driverless_ws/src/install/planning/share/planning/cmake/planningConfig.cmake
-- Installing: /home/andrewwhong/workspace/driverless/driverless_ws/src/install/planning/share/planning/cmake/planningConfig-version.cmake
-- Installing: /home/andrewwhong/workspace/driverless/driverless_ws/src/install/planning/share/planning/package.xml
