[0.022s] Invoking command in '/home/ishin/Documents/cmr/driverless_py/driverless/driverless_ws/build/planning': AMENT_PREFIX_PATH=/home/ishin/Documents/cmr/driverless_py/driverless/driverless_ws/install/interfaces:${AMENT_PREFIX_PATH} CMAKE_PREFIX_PATH=/home/ishin/Documents/cmr/driverless_py/driverless/driverless_ws/install/interfaces:${CMAKE_PREFIX_PATH} LD_LIBRARY_PATH=/home/ishin/Documents/cmr/driverless_py/driverless/driverless_ws/install/interfaces/lib:/opt/ros/iron/opt/yaml_cpp_vendor/lib:/opt/ros/iron/opt/rviz_ogre_vendor/lib:/opt/ros/iron/lib:/opt/gurobi1001/linux64/lib PYTHONPATH=/home/ishin/Documents/cmr/driverless_py/driverless/driverless_ws/install/interfaces/lib/python3.11/site-packages:${PYTHONPATH} _=/usr/bin/env /usr/bin/cmake --build /home/ishin/Documents/cmr/driverless_py/driverless/driverless_ws/build/planning -- -j8 -l8
[0.050s] Invoked command in '/home/ishin/Documents/cmr/driverless_py/driverless/driverless_ws/build/planning' returned '0': AMENT_PREFIX_PATH=/home/ishin/Documents/cmr/driverless_py/driverless/driverless_ws/install/interfaces:${AMENT_PREFIX_PATH} CMAKE_PREFIX_PATH=/home/ishin/Documents/cmr/driverless_py/driverless/driverless_ws/install/interfaces:${CMAKE_PREFIX_PATH} LD_LIBRARY_PATH=/home/ishin/Documents/cmr/driverless_py/driverless/driverless_ws/install/interfaces/lib:/opt/ros/iron/opt/yaml_cpp_vendor/lib:/opt/ros/iron/opt/rviz_ogre_vendor/lib:/opt/ros/iron/lib:/opt/gurobi1001/linux64/lib PYTHONPATH=/home/ishin/Documents/cmr/driverless_py/driverless/driverless_ws/install/interfaces/lib/python3.11/site-packages:${PYTHONPATH} _=/usr/bin/env /usr/bin/cmake --build /home/ishin/Documents/cmr/driverless_py/driverless/driverless_ws/build/planning -- -j8 -l8
[0.093s] Invoking command in '/home/ishin/Documents/cmr/driverless_py/driverless/driverless_ws/build/planning': AMENT_PREFIX_PATH=/home/ishin/Documents/cmr/driverless_py/driverless/driverless_ws/install/interfaces:${AMENT_PREFIX_PATH} CMAKE_PREFIX_PATH=/home/ishin/Documents/cmr/driverless_py/driverless/driverless_ws/install/interfaces:${CMAKE_PREFIX_PATH} LD_LIBRARY_PATH=/home/ishin/Documents/cmr/driverless_py/driverless/driverless_ws/install/interfaces/lib:/opt/ros/iron/opt/yaml_cpp_vendor/lib:/opt/ros/iron/opt/rviz_ogre_vendor/lib:/opt/ros/iron/lib:/opt/gurobi1001/linux64/lib PYTHONPATH=/home/ishin/Documents/cmr/driverless_py/driverless/driverless_ws/install/interfaces/lib/python3.11/site-packages:${PYTHONPATH} _=/usr/bin/env /usr/bin/cmake --install /home/ishin/Documents/cmr/driverless_py/driverless/driverless_ws/build/planning
[0.098s] -- Install configuration: ""
[0.098s] -- Up-to-date: /home/ishin/Documents/cmr/driverless_py/driverless/driverless_ws/install/planning/share/ament_index/resource_index/package_run_dependencies/planning
[0.098s] -- Up-to-date: /home/ishin/Documents/cmr/driverless_py/driverless/driverless_ws/install/planning/share/ament_index/resource_index/parent_prefix_path/planning
[0.098s] -- Up-to-date: /home/ishin/Documents/cmr/driverless_py/driverless/driverless_ws/install/planning/share/planning/environment/ament_prefix_path.sh
[0.098s] -- Up-to-date: /home/ishin/Documents/cmr/driverless_py/driverless/driverless_ws/install/planning/share/planning/environment/ament_prefix_path.dsv
[0.098s] -- Up-to-date: /home/ishin/Documents/cmr/driverless_py/driverless/driverless_ws/install/planning/share/planning/environment/path.sh
[0.098s] -- Up-to-date: /home/ishin/Documents/cmr/driverless_py/driverless/driverless_ws/install/planning/share/planning/environment/path.dsv
[0.098s] -- Up-to-date: /home/ishin/Documents/cmr/driverless_py/driverless/driverless_ws/install/planning/share/planning/local_setup.bash
[0.098s] -- Up-to-date: /home/ishin/Documents/cmr/driverless_py/driverless/driverless_ws/install/planning/share/planning/local_setup.sh
[0.098s] -- Up-to-date: /home/ishin/Documents/cmr/driverless_py/driverless/driverless_ws/install/planning/share/planning/local_setup.zsh
[0.098s] -- Up-to-date: /home/ishin/Documents/cmr/driverless_py/driverless/driverless_ws/install/planning/share/planning/local_setup.dsv
[0.099s] -- Up-to-date: /home/ishin/Documents/cmr/driverless_py/driverless/driverless_ws/install/planning/share/planning/package.dsv
[0.100s] -- Up-to-date: /home/ishin/Documents/cmr/driverless_py/driverless/driverless_ws/install/planning/share/ament_index/resource_index/packages/planning
[0.100s] -- Up-to-date: /home/ishin/Documents/cmr/driverless_py/driverless/driverless_ws/install/planning/share/planning/cmake/planningConfig.cmake
[0.101s] -- Up-to-date: /home/ishin/Documents/cmr/driverless_py/driverless/driverless_ws/install/planning/share/planning/cmake/planningConfig-version.cmake
[0.101s] -- Up-to-date: /home/ishin/Documents/cmr/driverless_py/driverless/driverless_ws/install/planning/share/planning/package.xml
[0.101s] Invoked command in '/home/ishin/Documents/cmr/driverless_py/driverless/driverless_ws/build/planning' returned '0': AMENT_PREFIX_PATH=/home/ishin/Documents/cmr/driverless_py/driverless/driverless_ws/install/interfaces:${AMENT_PREFIX_PATH} CMAKE_PREFIX_PATH=/home/ishin/Documents/cmr/driverless_py/driverless/driverless_ws/install/interfaces:${CMAKE_PREFIX_PATH} LD_LIBRARY_PATH=/home/ishin/Documents/cmr/driverless_py/driverless/driverless_ws/install/interfaces/lib:/opt/ros/iron/opt/yaml_cpp_vendor/lib:/opt/ros/iron/opt/rviz_ogre_vendor/lib:/opt/ros/iron/lib:/opt/gurobi1001/linux64/lib PYTHONPATH=/home/ishin/Documents/cmr/driverless_py/driverless/driverless_ws/install/interfaces/lib/python3.11/site-packages:${PYTHONPATH} _=/usr/bin/env /usr/bin/cmake --install /home/ishin/Documents/cmr/driverless_py/driverless/driverless_ws/build/planning
