[0.084s] Invoking command in '/home/griffin/driverless/driverless_ws/build/interfaces': CMAKE_PREFIX_PATH=/opt/ros/foxy /usr/bin/cmake --build /home/griffin/driverless/driverless_ws/build/interfaces -- -j12 -l12
[0.103s] ninja: no work to do.
[0.105s] Invoked command in '/home/griffin/driverless/driverless_ws/build/interfaces' returned '0': CMAKE_PREFIX_PATH=/opt/ros/foxy /usr/bin/cmake --build /home/griffin/driverless/driverless_ws/build/interfaces -- -j12 -l12
[0.129s] Invoking command in '/home/griffin/driverless/driverless_ws/build/interfaces': CMAKE_PREFIX_PATH=/opt/ros/foxy /usr/bin/cmake --install /home/griffin/driverless/driverless_ws/build/interfaces
[0.158s] -- Install configuration: ""
[0.159s] -- Installing: /home/griffin/driverless/driverless_ws/install/interfaces/share/ament_index/resource_index/rosidl_interfaces/interfaces
[0.159s] -- Installing: /home/griffin/driverless/driverless_ws/install/interfaces/include/interfaces
[0.159s] -- Installing: /home/griffin/driverless/driverless_ws/install/interfaces/include/interfaces/msg
[0.159s] -- Installing: /home/griffin/driverless/driverless_ws/install/interfaces/include/interfaces/msg/detail
[0.159s] -- Installing: /home/griffin/driverless/driverless_ws/install/interfaces/include/interfaces/msg/detail/pair_rot__struct.h
[0.159s] -- Installing: /home/griffin/driverless/driverless_ws/install/interfaces/include/interfaces/msg/detail/pair_rot__functions.h
[0.159s] -- Installing: /home/griffin/driverless/driverless_ws/install/interfaces/include/interfaces/msg/detail/points__functions.h
[0.159s] -- Installing: /home/griffin/driverless/driverless_ws/install/interfaces/include/interfaces/msg/detail/cone_positions__functions.h
[0.159s] -- Installing: /home/griffin/driverless/driverless_ws/install/interfaces/include/interfaces/msg/detail/cone_list__functions.h
[0.160s] -- Installing: /home/griffin/driverless/driverless_ws/install/interfaces/include/interfaces/msg/detail/cone_list__struct.h
[0.160s] -- Installing: /home/griffin/driverless/driverless_ws/install/interfaces/include/interfaces/msg/detail/pair_rot__functions.c
[0.160s] -- Installing: /home/griffin/driverless/driverless_ws/install/interfaces/include/interfaces/msg/detail/cone_positions__type_support.h
[0.160s] -- Installing: /home/griffin/driverless/driverless_ws/install/interfaces/include/interfaces/msg/detail/car_rot__type_support.h
[0.160s] -- Installing: /home/griffin/driverless/driverless_ws/install/interfaces/include/interfaces/msg/detail/car_rot__functions.h
[0.160s] -- Installing: /home/griffin/driverless/driverless_ws/install/interfaces/include/interfaces/msg/detail/cone_list__functions.c
[0.160s] -- Installing: /home/griffin/driverless/driverless_ws/install/interfaces/include/interfaces/msg/detail/cone_list__type_support.h
[0.160s] -- Installing: /home/griffin/driverless/driverless_ws/install/interfaces/include/interfaces/msg/detail/car_rot__struct.h
[0.160s] -- Installing: /home/griffin/driverless/driverless_ws/install/interfaces/include/interfaces/msg/detail/points__functions.c
[0.160s] -- Installing: /home/griffin/driverless/driverless_ws/install/interfaces/include/interfaces/msg/detail/cone_positions__functions.c
[0.161s] -- Installing: /home/griffin/driverless/driverless_ws/install/interfaces/include/interfaces/msg/detail/points__type_support.h
[0.161s] -- Installing: /home/griffin/driverless/driverless_ws/install/interfaces/include/interfaces/msg/detail/cone_positions__struct.h
[0.161s] -- Installing: /home/griffin/driverless/driverless_ws/install/interfaces/include/interfaces/msg/detail/pair_rot__type_support.h
[0.161s] -- Installing: /home/griffin/driverless/driverless_ws/install/interfaces/include/interfaces/msg/detail/car_rot__functions.c
[0.161s] -- Installing: /home/griffin/driverless/driverless_ws/install/interfaces/include/interfaces/msg/detail/points__struct.h
[0.161s] -- Installing: /home/griffin/driverless/driverless_ws/install/interfaces/include/interfaces/msg/rosidl_generator_c__visibility_control.h
[0.161s] -- Installing: /home/griffin/driverless/driverless_ws/install/interfaces/include/interfaces/msg/car_rot.h
[0.161s] -- Installing: /home/griffin/driverless/driverless_ws/install/interfaces/include/interfaces/msg/pair_rot.h
[0.161s] -- Installing: /home/griffin/driverless/driverless_ws/install/interfaces/include/interfaces/msg/cone_list.h
[0.162s] -- Installing: /home/griffin/driverless/driverless_ws/install/interfaces/include/interfaces/msg/points.h
[0.162s] -- Installing: /home/griffin/driverless/driverless_ws/install/interfaces/include/interfaces/msg/cone_positions.h
[0.162s] -- Installing: /home/griffin/driverless/driverless_ws/install/interfaces/share/interfaces/environment/library_path.sh
[0.162s] -- Installing: /home/griffin/driverless/driverless_ws/install/interfaces/share/interfaces/environment/library_path.dsv
[0.162s] -- Installing: /home/griffin/driverless/driverless_ws/install/interfaces/lib/libinterfaces__rosidl_generator_c.so
[0.164s] -- Set runtime path of "/home/griffin/driverless/driverless_ws/install/interfaces/lib/libinterfaces__rosidl_generator_c.so" to ""
[0.164s] -- Up-to-date: /home/griffin/driverless/driverless_ws/install/interfaces/include/interfaces
[0.164s] -- Up-to-date: /home/griffin/driverless/driverless_ws/install/interfaces/include/interfaces/msg
[0.164s] -- Up-to-date: /home/griffin/driverless/driverless_ws/install/interfaces/include/interfaces/msg/detail
[0.164s] -- Installing: /home/griffin/driverless/driverless_ws/install/interfaces/include/interfaces/msg/detail/car_rot__rosidl_typesupport_fastrtps_c.h
[0.164s] -- Installing: /home/griffin/driverless/driverless_ws/install/interfaces/include/interfaces/msg/detail/cone_positions__rosidl_typesupport_fastrtps_c.h
[0.164s] -- Installing: /home/griffin/driverless/driverless_ws/install/interfaces/include/interfaces/msg/detail/cone_list__rosidl_typesupport_fastrtps_c.h
[0.164s] -- Installing: /home/griffin/driverless/driverless_ws/install/interfaces/include/interfaces/msg/detail/pair_rot__rosidl_typesupport_fastrtps_c.h
[0.164s] -- Installing: /home/griffin/driverless/driverless_ws/install/interfaces/include/interfaces/msg/detail/points__rosidl_typesupport_fastrtps_c.h
[0.164s] -- Installing: /home/griffin/driverless/driverless_ws/install/interfaces/include/interfaces/msg/rosidl_typesupport_fastrtps_c__visibility_control.h
[0.165s] -- Installing: /home/griffin/driverless/driverless_ws/install/interfaces/lib/libinterfaces__rosidl_typesupport_fastrtps_c.so
[0.165s] -- Set runtime path of "/home/griffin/driverless/driverless_ws/install/interfaces/lib/libinterfaces__rosidl_typesupport_fastrtps_c.so" to ""
[0.165s] -- Up-to-date: /home/griffin/driverless/driverless_ws/install/interfaces/include/interfaces
[0.165s] -- Up-to-date: /home/griffin/driverless/driverless_ws/install/interfaces/include/interfaces/msg
[0.165s] -- Up-to-date: /home/griffin/driverless/driverless_ws/install/interfaces/include/interfaces/msg/detail
[0.165s] -- Installing: /home/griffin/driverless/driverless_ws/install/interfaces/include/interfaces/msg/detail/cone_list__rosidl_typesupport_fastrtps_cpp.hpp
[0.165s] -- Installing: /home/griffin/driverless/driverless_ws/install/interfaces/include/interfaces/msg/detail/car_rot__rosidl_typesupport_fastrtps_cpp.hpp
[0.165s] -- Installing: /home/griffin/driverless/driverless_ws/install/interfaces/include/interfaces/msg/detail/points__rosidl_typesupport_fastrtps_cpp.hpp
[0.165s] -- Installing: /home/griffin/driverless/driverless_ws/install/interfaces/include/interfaces/msg/detail/pair_rot__rosidl_typesupport_fastrtps_cpp.hpp
[0.165s] -- Installing: /home/griffin/driverless/driverless_ws/install/interfaces/include/interfaces/msg/detail/dds_fastrtps
[0.165s] -- Installing: /home/griffin/driverless/driverless_ws/install/interfaces/include/interfaces/msg/detail/cone_positions__rosidl_typesupport_fastrtps_cpp.hpp
[0.165s] -- Installing: /home/griffin/driverless/driverless_ws/install/interfaces/include/interfaces/msg/rosidl_typesupport_fastrtps_cpp__visibility_control.h
[0.166s] -- Installing: /home/griffin/driverless/driverless_ws/install/interfaces/lib/libinterfaces__rosidl_typesupport_fastrtps_cpp.so
[0.166s] -- Set runtime path of "/home/griffin/driverless/driverless_ws/install/interfaces/lib/libinterfaces__rosidl_typesupport_fastrtps_cpp.so" to ""
[0.166s] -- Up-to-date: /home/griffin/driverless/driverless_ws/install/interfaces/include/interfaces
[0.166s] -- Up-to-date: /home/griffin/driverless/driverless_ws/install/interfaces/include/interfaces/msg
[0.166s] -- Up-to-date: /home/griffin/driverless/driverless_ws/install/interfaces/include/interfaces/msg/detail
[0.166s] -- Installing: /home/griffin/driverless/driverless_ws/install/interfaces/include/interfaces/msg/detail/pair_rot__rosidl_typesupport_introspection_c.h
[0.166s] -- Installing: /home/griffin/driverless/driverless_ws/install/interfaces/include/interfaces/msg/detail/cone_positions__rosidl_typesupport_introspection_c.h
[0.166s] -- Installing: /home/griffin/driverless/driverless_ws/install/interfaces/include/interfaces/msg/detail/car_rot__rosidl_typesupport_introspection_c.h
[0.166s] -- Installing: /home/griffin/driverless/driverless_ws/install/interfaces/include/interfaces/msg/detail/points__rosidl_typesupport_introspection_c.h
[0.166s] -- Installing: /home/griffin/driverless/driverless_ws/install/interfaces/include/interfaces/msg/detail/car_rot__type_support.c
[0.166s] -- Installing: /home/griffin/driverless/driverless_ws/install/interfaces/include/interfaces/msg/detail/cone_positions__type_support.c
[0.166s] -- Installing: /home/griffin/driverless/driverless_ws/install/interfaces/include/interfaces/msg/detail/pair_rot__type_support.c
[0.167s] -- Installing: /home/griffin/driverless/driverless_ws/install/interfaces/include/interfaces/msg/detail/cone_list__rosidl_typesupport_introspection_c.h
[0.167s] -- Installing: /home/griffin/driverless/driverless_ws/install/interfaces/include/interfaces/msg/detail/points__type_support.c
[0.167s] -- Installing: /home/griffin/driverless/driverless_ws/install/interfaces/include/interfaces/msg/detail/cone_list__type_support.c
[0.167s] -- Installing: /home/griffin/driverless/driverless_ws/install/interfaces/include/interfaces/msg/rosidl_typesupport_introspection_c__visibility_control.h
[0.167s] -- Installing: /home/griffin/driverless/driverless_ws/install/interfaces/lib/libinterfaces__rosidl_typesupport_introspection_c.so
[0.167s] -- Set runtime path of "/home/griffin/driverless/driverless_ws/install/interfaces/lib/libinterfaces__rosidl_typesupport_introspection_c.so" to ""
[0.167s] -- Installing: /home/griffin/driverless/driverless_ws/install/interfaces/lib/libinterfaces__rosidl_typesupport_c.so
[0.167s] -- Set runtime path of "/home/griffin/driverless/driverless_ws/install/interfaces/lib/libinterfaces__rosidl_typesupport_c.so" to ""
[0.167s] -- Up-to-date: /home/griffin/driverless/driverless_ws/install/interfaces/include/interfaces
[0.167s] -- Up-to-date: /home/griffin/driverless/driverless_ws/install/interfaces/include/interfaces/msg
[0.167s] -- Installing: /home/griffin/driverless/driverless_ws/install/interfaces/include/interfaces/msg/pair_rot.hpp
[0.168s] -- Installing: /home/griffin/driverless/driverless_ws/install/interfaces/include/interfaces/msg/points.hpp
[0.168s] -- Up-to-date: /home/griffin/driverless/driverless_ws/install/interfaces/include/interfaces/msg/detail
[0.168s] -- Installing: /home/griffin/driverless/driverless_ws/install/interfaces/include/interfaces/msg/detail/car_rot__traits.hpp
[0.168s] -- Installing: /home/griffin/driverless/driverless_ws/install/interfaces/include/interfaces/msg/detail/cone_list__type_support.hpp
[0.169s] -- Installing: /home/griffin/driverless/driverless_ws/install/interfaces/include/interfaces/msg/detail/car_rot__type_support.hpp
[0.170s] -- Installing: /home/griffin/driverless/driverless_ws/install/interfaces/include/interfaces/msg/detail/points__traits.hpp
[0.170s] -- Installing: /home/griffin/driverless/driverless_ws/install/interfaces/include/interfaces/msg/detail/car_rot__struct.hpp
[0.170s] -- Installing: /home/griffin/driverless/driverless_ws/install/interfaces/include/interfaces/msg/detail/pair_rot__builder.hpp
[0.170s] -- Installing: /home/griffin/driverless/driverless_ws/install/interfaces/include/interfaces/msg/detail/points__builder.hpp
[0.171s] -- Installing: /home/griffin/driverless/driverless_ws/install/interfaces/include/interfaces/msg/detail/points__type_support.hpp
[0.171s] -- Installing: /home/griffin/driverless/driverless_ws/install/interfaces/include/interfaces/msg/detail/points__struct.hpp
[0.171s] -- Installing: /home/griffin/driverless/driverless_ws/install/interfaces/include/interfaces/msg/detail/pair_rot__traits.hpp
[0.173s] -- Installing: /home/griffin/driverless/driverless_ws/install/interfaces/include/interfaces/msg/detail/cone_positions__traits.hpp
[0.173s] -- Installing: /home/griffin/driverless/driverless_ws/install/interfaces/include/interfaces/msg/detail/pair_rot__type_support.hpp
[0.173s] -- Installing: /home/griffin/driverless/driverless_ws/install/interfaces/include/interfaces/msg/detail/cone_positions__struct.hpp
[0.173s] -- Installing: /home/griffin/driverless/driverless_ws/install/interfaces/include/interfaces/msg/detail/cone_list__builder.hpp
[0.173s] -- Installing: /home/griffin/driverless/driverless_ws/install/interfaces/include/interfaces/msg/detail/cone_positions__type_support.hpp
[0.173s] -- Installing: /home/griffin/driverless/driverless_ws/install/interfaces/include/interfaces/msg/detail/car_rot__builder.hpp
[0.173s] -- Installing: /home/griffin/driverless/driverless_ws/install/interfaces/include/interfaces/msg/detail/pair_rot__struct.hpp
[0.173s] -- Installing: /home/griffin/driverless/driverless_ws/install/interfaces/include/interfaces/msg/detail/cone_list__traits.hpp
[0.173s] -- Installing: /home/griffin/driverless/driverless_ws/install/interfaces/include/interfaces/msg/detail/cone_list__struct.hpp
[0.173s] -- Installing: /home/griffin/driverless/driverless_ws/install/interfaces/include/interfaces/msg/detail/cone_positions__builder.hpp
[0.174s] -- Installing: /home/griffin/driverless/driverless_ws/install/interfaces/include/interfaces/msg/car_rot.hpp
[0.174s] -- Installing: /home/griffin/driverless/driverless_ws/install/interfaces/include/interfaces/msg/cone_positions.hpp
[0.174s] -- Installing: /home/griffin/driverless/driverless_ws/install/interfaces/include/interfaces/msg/cone_list.hpp
[0.174s] -- Installing: /home/griffin/driverless/driverless_ws/install/interfaces/include/interfaces/msg/rosidl_generator_cpp__visibility_control.hpp
[0.174s] -- Up-to-date: /home/griffin/driverless/driverless_ws/install/interfaces/include/interfaces
[0.174s] -- Up-to-date: /home/griffin/driverless/driverless_ws/install/interfaces/include/interfaces/msg
[0.174s] -- Up-to-date: /home/griffin/driverless/driverless_ws/install/interfaces/include/interfaces/msg/detail
[0.174s] -- Installing: /home/griffin/driverless/driverless_ws/install/interfaces/include/interfaces/msg/detail/cone_list__rosidl_typesupport_introspection_cpp.hpp
[0.174s] -- Installing: /home/griffin/driverless/driverless_ws/install/interfaces/include/interfaces/msg/detail/cone_list__type_support.cpp
[0.174s] -- Installing: /home/griffin/driverless/driverless_ws/install/interfaces/include/interfaces/msg/detail/car_rot__type_support.cpp
[0.174s] -- Installing: /home/griffin/driverless/driverless_ws/install/interfaces/include/interfaces/msg/detail/points__type_support.cpp
[0.175s] -- Installing: /home/griffin/driverless/driverless_ws/install/interfaces/include/interfaces/msg/detail/cone_positions__rosidl_typesupport_introspection_cpp.hpp
[0.175s] -- Installing: /home/griffin/driverless/driverless_ws/install/interfaces/include/interfaces/msg/detail/pair_rot__type_support.cpp
[0.175s] -- Installing: /home/griffin/driverless/driverless_ws/install/interfaces/include/interfaces/msg/detail/pair_rot__rosidl_typesupport_introspection_cpp.hpp
[0.175s] -- Installing: /home/griffin/driverless/driverless_ws/install/interfaces/include/interfaces/msg/detail/car_rot__rosidl_typesupport_introspection_cpp.hpp
[0.175s] -- Installing: /home/griffin/driverless/driverless_ws/install/interfaces/include/interfaces/msg/detail/cone_positions__type_support.cpp
[0.175s] -- Installing: /home/griffin/driverless/driverless_ws/install/interfaces/include/interfaces/msg/detail/points__rosidl_typesupport_introspection_cpp.hpp
[0.175s] -- Installing: /home/griffin/driverless/driverless_ws/install/interfaces/lib/libinterfaces__rosidl_typesupport_introspection_cpp.so
[0.175s] -- Set runtime path of "/home/griffin/driverless/driverless_ws/install/interfaces/lib/libinterfaces__rosidl_typesupport_introspection_cpp.so" to ""
[0.175s] -- Installing: /home/griffin/driverless/driverless_ws/install/interfaces/lib/libinterfaces__rosidl_typesupport_cpp.so
[0.175s] -- Set runtime path of "/home/griffin/driverless/driverless_ws/install/interfaces/lib/libinterfaces__rosidl_typesupport_cpp.so" to ""
[0.175s] -- Installing: /home/griffin/driverless/driverless_ws/install/interfaces/share/interfaces/environment/pythonpath.sh
[0.175s] -- Installing: /home/griffin/driverless/driverless_ws/install/interfaces/share/interfaces/environment/pythonpath.dsv
[0.175s] -- Installing: /home/griffin/driverless/driverless_ws/install/interfaces/lib/python3.8/site-packages/interfaces/__init__.py
[0.178s] Compiling '/home/griffin/driverless/driverless_ws/install/interfaces/lib/python3.8/site-packages/interfaces/__init__.py'...
[0.178s] -- Installing: /home/griffin/driverless/driverless_ws/install/interfaces/lib/python3.8/site-packages/interfaces/msg
[0.178s] -- Installing: /home/griffin/driverless/driverless_ws/install/interfaces/lib/python3.8/site-packages/interfaces/msg/_cone_positions_s.c
[0.178s] -- Installing: /home/griffin/driverless/driverless_ws/install/interfaces/lib/python3.8/site-packages/interfaces/msg/_cone_list.py
[0.178s] -- Installing: /home/griffin/driverless/driverless_ws/install/interfaces/lib/python3.8/site-packages/interfaces/msg/_car_rot_s.c
[0.178s] -- Installing: /home/griffin/driverless/driverless_ws/install/interfaces/lib/python3.8/site-packages/interfaces/msg/__init__.py
[0.179s] -- Installing: /home/griffin/driverless/driverless_ws/install/interfaces/lib/python3.8/site-packages/interfaces/msg/_points_s.c
[0.179s] -- Installing: /home/griffin/driverless/driverless_ws/install/interfaces/lib/python3.8/site-packages/interfaces/msg/_car_rot.py
[0.179s] -- Installing: /home/griffin/driverless/driverless_ws/install/interfaces/lib/python3.8/site-packages/interfaces/msg/_cone_list_s.c
[0.179s] -- Installing: /home/griffin/driverless/driverless_ws/install/interfaces/lib/python3.8/site-packages/interfaces/msg/_pair_rot.py
[0.179s] -- Installing: /home/griffin/driverless/driverless_ws/install/interfaces/lib/python3.8/site-packages/interfaces/msg/_cone_positions.py
[0.179s] -- Installing: /home/griffin/driverless/driverless_ws/install/interfaces/lib/python3.8/site-packages/interfaces/msg/_points.py
[0.179s] -- Installing: /home/griffin/driverless/driverless_ws/install/interfaces/lib/python3.8/site-packages/interfaces/msg/_pair_rot_s.c
[0.179s] -- Installing: /home/griffin/driverless/driverless_ws/install/interfaces/lib/python3.8/site-packages/interfaces/interfaces_s__rosidl_typesupport_fastrtps_c.cpython-38-x86_64-linux-gnu.so
[0.179s] -- Set runtime path of "/home/griffin/driverless/driverless_ws/install/interfaces/lib/python3.8/site-packages/interfaces/interfaces_s__rosidl_typesupport_fastrtps_c.cpython-38-x86_64-linux-gnu.so" to ""
[0.179s] -- Installing: /home/griffin/driverless/driverless_ws/install/interfaces/lib/python3.8/site-packages/interfaces/interfaces_s__rosidl_typesupport_introspection_c.cpython-38-x86_64-linux-gnu.so
[0.180s] -- Set runtime path of "/home/griffin/driverless/driverless_ws/install/interfaces/lib/python3.8/site-packages/interfaces/interfaces_s__rosidl_typesupport_introspection_c.cpython-38-x86_64-linux-gnu.so" to ""
[0.180s] -- Installing: /home/griffin/driverless/driverless_ws/install/interfaces/lib/python3.8/site-packages/interfaces/interfaces_s__rosidl_typesupport_c.cpython-38-x86_64-linux-gnu.so
[0.180s] -- Set runtime path of "/home/griffin/driverless/driverless_ws/install/interfaces/lib/python3.8/site-packages/interfaces/interfaces_s__rosidl_typesupport_c.cpython-38-x86_64-linux-gnu.so" to ""
[0.180s] -- Installing: /home/griffin/driverless/driverless_ws/install/interfaces/lib/libinterfaces__python.so
[0.180s] -- Set runtime path of "/home/griffin/driverless/driverless_ws/install/interfaces/lib/libinterfaces__python.so" to ""
[0.180s] -- Installing: /home/griffin/driverless/driverless_ws/install/interfaces/share/interfaces/msg/CarROT.idl
[0.180s] -- Installing: /home/griffin/driverless/driverless_ws/install/interfaces/share/interfaces/msg/ConeList.idl
[0.180s] -- Installing: /home/griffin/driverless/driverless_ws/install/interfaces/share/interfaces/msg/ConePositions.idl
[0.180s] -- Installing: /home/griffin/driverless/driverless_ws/install/interfaces/share/interfaces/msg/PairROT.idl
[0.180s] -- Installing: /home/griffin/driverless/driverless_ws/install/interfaces/share/interfaces/msg/Points.idl
[0.180s] -- Installing: /home/griffin/driverless/driverless_ws/install/interfaces/share/interfaces/msg/CarROT.msg
[0.180s] -- Installing: /home/griffin/driverless/driverless_ws/install/interfaces/share/interfaces/msg/ConeList.msg
[0.180s] -- Installing: /home/griffin/driverless/driverless_ws/install/interfaces/share/interfaces/msg/ConePositions.msg
[0.180s] -- Installing: /home/griffin/driverless/driverless_ws/install/interfaces/share/interfaces/msg/PairROT.msg
[0.180s] -- Installing: /home/griffin/driverless/driverless_ws/install/interfaces/share/interfaces/msg/Points.msg
[0.180s] -- Installing: /home/griffin/driverless/driverless_ws/install/interfaces/share/ament_index/resource_index/package_run_dependencies/interfaces
[0.180s] -- Installing: /home/griffin/driverless/driverless_ws/install/interfaces/share/ament_index/resource_index/parent_prefix_path/interfaces
[0.180s] -- Installing: /home/griffin/driverless/driverless_ws/install/interfaces/share/interfaces/environment/ament_prefix_path.sh
[0.181s] -- Installing: /home/griffin/driverless/driverless_ws/install/interfaces/share/interfaces/environment/ament_prefix_path.dsv
[0.181s] -- Installing: /home/griffin/driverless/driverless_ws/install/interfaces/share/interfaces/environment/path.sh
[0.181s] -- Installing: /home/griffin/driverless/driverless_ws/install/interfaces/share/interfaces/environment/path.dsv
[0.181s] -- Installing: /home/griffin/driverless/driverless_ws/install/interfaces/share/interfaces/local_setup.bash
[0.181s] -- Installing: /home/griffin/driverless/driverless_ws/install/interfaces/share/interfaces/local_setup.sh
[0.181s] -- Installing: /home/griffin/driverless/driverless_ws/install/interfaces/share/interfaces/local_setup.zsh
[0.181s] -- Installing: /home/griffin/driverless/driverless_ws/install/interfaces/share/interfaces/local_setup.dsv
[0.181s] -- Installing: /home/griffin/driverless/driverless_ws/install/interfaces/share/interfaces/package.dsv
[0.181s] -- Installing: /home/griffin/driverless/driverless_ws/install/interfaces/share/ament_index/resource_index/packages/interfaces
[0.181s] -- Installing: /home/griffin/driverless/driverless_ws/install/interfaces/share/interfaces/cmake/interfaces__rosidl_generator_cExport.cmake
[0.181s] -- Installing: /home/griffin/driverless/driverless_ws/install/interfaces/share/interfaces/cmake/interfaces__rosidl_generator_cExport-noconfig.cmake
[0.181s] -- Installing: /home/griffin/driverless/driverless_ws/install/interfaces/share/interfaces/cmake/interfaces__rosidl_typesupport_introspection_cExport.cmake
[0.181s] -- Installing: /home/griffin/driverless/driverless_ws/install/interfaces/share/interfaces/cmake/interfaces__rosidl_typesupport_introspection_cExport-noconfig.cmake
[0.181s] -- Installing: /home/griffin/driverless/driverless_ws/install/interfaces/share/interfaces/cmake/interfaces__rosidl_typesupport_cExport.cmake
[0.181s] -- Installing: /home/griffin/driverless/driverless_ws/install/interfaces/share/interfaces/cmake/interfaces__rosidl_typesupport_cExport-noconfig.cmake
[0.181s] -- Installing: /home/griffin/driverless/driverless_ws/install/interfaces/share/interfaces/cmake/interfaces__rosidl_generator_cppExport.cmake
[0.182s] -- Installing: /home/griffin/driverless/driverless_ws/install/interfaces/share/interfaces/cmake/interfaces__rosidl_typesupport_introspection_cppExport.cmake
[0.182s] -- Installing: /home/griffin/driverless/driverless_ws/install/interfaces/share/interfaces/cmake/interfaces__rosidl_typesupport_introspection_cppExport-noconfig.cmake
[0.182s] -- Installing: /home/griffin/driverless/driverless_ws/install/interfaces/share/interfaces/cmake/interfaces__rosidl_typesupport_cppExport.cmake
[0.182s] -- Installing: /home/griffin/driverless/driverless_ws/install/interfaces/share/interfaces/cmake/interfaces__rosidl_typesupport_cppExport-noconfig.cmake
[0.182s] -- Installing: /home/griffin/driverless/driverless_ws/install/interfaces/share/interfaces/cmake/rosidl_cmake-extras.cmake
[0.182s] -- Installing: /home/griffin/driverless/driverless_ws/install/interfaces/share/interfaces/cmake/ament_cmake_export_dependencies-extras.cmake
[0.182s] -- Installing: /home/griffin/driverless/driverless_ws/install/interfaces/share/interfaces/cmake/ament_cmake_export_libraries-extras.cmake
[0.182s] -- Installing: /home/griffin/driverless/driverless_ws/install/interfaces/share/interfaces/cmake/ament_cmake_export_targets-extras.cmake
[0.182s] -- Installing: /home/griffin/driverless/driverless_ws/install/interfaces/share/interfaces/cmake/ament_cmake_export_include_directories-extras.cmake
[0.182s] -- Installing: /home/griffin/driverless/driverless_ws/install/interfaces/share/interfaces/cmake/rosidl_cmake_export_typesupport_libraries-extras.cmake
[0.182s] -- Installing: /home/griffin/driverless/driverless_ws/install/interfaces/share/interfaces/cmake/rosidl_cmake_export_typesupport_targets-extras.cmake
[0.182s] -- Installing: /home/griffin/driverless/driverless_ws/install/interfaces/share/interfaces/cmake/interfacesConfig.cmake
[0.182s] -- Installing: /home/griffin/driverless/driverless_ws/install/interfaces/share/interfaces/cmake/interfacesConfig-version.cmake
[0.183s] -- Installing: /home/griffin/driverless/driverless_ws/install/interfaces/share/interfaces/package.xml
[0.347s] Invoked command in '/home/griffin/driverless/driverless_ws/build/interfaces' returned '0': CMAKE_PREFIX_PATH=/opt/ros/foxy /usr/bin/cmake --install /home/griffin/driverless/driverless_ws/build/interfaces
