[0.057s] Invoking command in '/driverless/driverless_ws/build/common': CMAKE_PREFIX_PATH=/opt/ros/foxy /usr/bin/cmake /driverless/driverless_ws/src/common -DAMENT_CMAKE_SYMLINK_INSTALL=1 -DCMAKE_INSTALL_PREFIX=/driverless/driverless_ws/install/common
[0.119s] -- The C compiler identification is GNU 9.4.0
[0.187s] -- The CXX compiler identification is GNU 9.4.0
[0.188s] -- Check for working C compiler: /usr/bin/cc
[0.261s] -- Check for working C compiler: /usr/bin/cc -- works
[0.263s] -- Detecting C compiler ABI info
[0.339s] -- Detecting C compiler ABI info - done
[0.356s] -- Detecting C compile features
[0.359s] -- Detecting C compile features - done
[0.360s] -- Check for working CXX compiler: /usr/bin/c++
[0.467s] -- Check for working CXX compiler: /usr/bin/c++ -- works
[0.467s] -- Detecting CXX compiler ABI info
[0.606s] -- Detecting CXX compiler ABI info - done
[0.637s] -- Detecting CXX compile features
[0.637s] -- Detecting CXX compile features - done
[0.637s] -- Found ament_cmake: 0.9.12 (/opt/ros/foxy/share/ament_cmake/cmake)
[0.672s] -- Found PythonInterp: /usr/bin/python3 (found suitable version "3.8.10", minimum required is "3") 
[0.673s] -- Using PYTHON_EXECUTABLE: /usr/bin/python3
[0.888s] -- Override CMake install command with custom implementation using symlinks instead of copying resources
[0.938s] -- Found ament_lint_auto: 0.9.8 (/opt/ros/foxy/share/ament_lint_auto/cmake)
[1.075s] -- Added test 'copyright' to check source files copyright and LICENSE
[1.076s] -- Added test 'lint_cmake' to check CMake code style
[1.077s] -- Added test 'xmllint' to check XML markup files
[1.080s] -- Configuring done
[1.085s] -- Generating done
[1.085s] -- Build files have been written to: /driverless/driverless_ws/build/common
[1.101s] Invoked command in '/driverless/driverless_ws/build/common' returned '0': CMAKE_PREFIX_PATH=/opt/ros/foxy /usr/bin/cmake /driverless/driverless_ws/src/common -DAMENT_CMAKE_SYMLINK_INSTALL=1 -DCMAKE_INSTALL_PREFIX=/driverless/driverless_ws/install/common
[1.102s] Invoking command in '/driverless/driverless_ws/build/common': CMAKE_PREFIX_PATH=/opt/ros/foxy /usr/bin/cmake --build /driverless/driverless_ws/build/common -- -j8 -l8
[1.152s] Invoked command in '/driverless/driverless_ws/build/common' returned '0': CMAKE_PREFIX_PATH=/opt/ros/foxy /usr/bin/cmake --build /driverless/driverless_ws/build/common -- -j8 -l8
[1.194s] Invoking command in '/driverless/driverless_ws/build/common': CMAKE_PREFIX_PATH=/opt/ros/foxy /usr/bin/cmake --install /driverless/driverless_ws/build/common
[1.206s] -- Install configuration: ""
[1.206s] -- Execute custom install script
[1.207s] -- Symlinking: /driverless/driverless_ws/install/common/share/ament_index/resource_index/package_run_dependencies/common
[1.212s] -- Symlinking: /driverless/driverless_ws/install/common/share/ament_index/resource_index/parent_prefix_path/common
[1.220s] -- Symlinking: /driverless/driverless_ws/install/common/share/common/environment/ament_prefix_path.sh
[1.228s] -- Symlinking: /driverless/driverless_ws/install/common/share/common/environment/ament_prefix_path.dsv
[1.236s] -- Symlinking: /driverless/driverless_ws/install/common/share/common/environment/path.sh
[1.245s] -- Symlinking: /driverless/driverless_ws/install/common/share/common/environment/path.dsv
[1.255s] -- Symlinking: /driverless/driverless_ws/install/common/share/common/local_setup.bash
[1.264s] -- Symlinking: /driverless/driverless_ws/install/common/share/common/local_setup.sh
[1.276s] -- Symlinking: /driverless/driverless_ws/install/common/share/common/local_setup.zsh
[1.285s] -- Symlinking: /driverless/driverless_ws/install/common/share/common/local_setup.dsv
[1.295s] -- Symlinking: /driverless/driverless_ws/install/common/share/common/package.dsv
[1.305s] -- Symlinking: /driverless/driverless_ws/install/common/share/ament_index/resource_index/packages/common
[1.313s] -- Symlinking: /driverless/driverless_ws/install/common/share/common/cmake/commonConfig.cmake
[1.323s] -- Symlinking: /driverless/driverless_ws/install/common/share/common/cmake/commonConfig-version.cmake
[1.333s] -- Symlinking: /driverless/driverless_ws/install/common/share/common/package.xml
[1.348s] Invoked command in '/driverless/driverless_ws/build/common' returned '0': CMAKE_PREFIX_PATH=/opt/ros/foxy /usr/bin/cmake --install /driverless/driverless_ws/build/common
