[0.362s] DEBUG:colcon:Command line arguments: ['/usr/local/bin/colcon', 'build', '--symlink-install']
[0.362s] DEBUG:colcon:Parsed command line arguments: Namespace(ament_cmake_args=None, base_paths=['.'], build_base='build', catkin_cmake_args=None, catkin_skip_building_tests=False, cmake_args=None, cmake_clean_cache=False, cmake_clean_first=False, cmake_force_configure=False, cmake_target=None, cmake_target_skip_unavailable=False, continue_on_error=False, event_handlers=None, executor='parallel', ignore_user_meta=False, install_base='install', log_base=None, log_level=None, main=<bound method BuildVerb.main of <colcon_core.verb.build.BuildVerb object at 0x7f35b6a0f0a0>>, merge_install=False, metas=['./colcon.meta'], packages_above=None, packages_above_and_dependencies=None, packages_above_depth=None, packages_end=None, packages_ignore=None, packages_ignore_regex=None, packages_select=None, packages_select_build_failed=False, packages_select_by_dep=None, packages_select_regex=None, packages_select_test_failures=False, packages_skip=None, packages_skip_build_finished=False, packages_skip_by_dep=None, packages_skip_regex=None, packages_skip_test_passed=False, packages_skip_up_to=None, packages_start=None, packages_up_to=None, packages_up_to_regex=None, parallel_workers=8, paths=None, symlink_install=True, test_result_base=None, verb_extension=<colcon_core.verb.build.BuildVerb object at 0x7f35b6a0f0a0>, verb_name='build', verb_parser=<colcon_defaults.argument_parser.defaults.DefaultArgumentsDecorator object at 0x7f35b6a0f550>)
[0.402s] Level 1:colcon.colcon_core.package_discovery:discover_packages(colcon_meta) check parameters
[0.402s] Level 1:colcon.colcon_core.package_discovery:discover_packages(recursive) check parameters
[0.402s] Level 1:colcon.colcon_core.package_discovery:discover_packages(ignore) check parameters
[0.402s] Level 1:colcon.colcon_core.package_discovery:discover_packages(path) check parameters
[0.402s] Level 1:colcon.colcon_core.package_discovery:discover_packages(colcon_meta) discover
[0.402s] Level 1:colcon.colcon_core.package_discovery:discover_packages(recursive) discover
[0.402s] INFO:colcon.colcon_core.package_discovery:Crawling recursively for packages in '/driverless/driverless_ws'
[0.402s] Level 1:colcon.colcon_core.package_identification:_identify(.) by extensions ['ignore', 'ignore_ament_install']
[0.402s] Level 1:colcon.colcon_core.package_identification:_identify(.) by extension 'ignore'
[0.403s] Level 1:colcon.colcon_core.package_identification:_identify(.) by extension 'ignore_ament_install'
[0.403s] Level 1:colcon.colcon_core.package_identification:_identify(.) by extensions ['colcon_pkg']
[0.403s] Level 1:colcon.colcon_core.package_identification:_identify(.) by extension 'colcon_pkg'
[0.403s] Level 1:colcon.colcon_core.package_identification:_identify(.) by extensions ['colcon_meta']
[0.403s] Level 1:colcon.colcon_core.package_identification:_identify(.) by extension 'colcon_meta'
[0.403s] Level 1:colcon.colcon_core.package_identification:_identify(.) by extensions ['ros']
[0.403s] Level 1:colcon.colcon_core.package_identification:_identify(.) by extension 'ros'
[0.421s] Level 1:colcon.colcon_core.package_identification:_identify(.) by extensions ['cmake', 'python']
[0.421s] Level 1:colcon.colcon_core.package_identification:_identify(.) by extension 'cmake'
[0.421s] Level 1:colcon.colcon_core.package_identification:_identify(.) by extension 'python'
[0.421s] Level 1:colcon.colcon_core.package_identification:_identify(.) by extensions ['python_setup_py']
[0.421s] Level 1:colcon.colcon_core.package_identification:_identify(.) by extension 'python_setup_py'
[0.421s] Level 1:colcon.colcon_core.package_identification:_identify(build) by extensions ['ignore', 'ignore_ament_install']
[0.422s] Level 1:colcon.colcon_core.package_identification:_identify(build) by extension 'ignore'
[0.422s] Level 1:colcon.colcon_core.package_identification:_identify(build) ignored
[0.422s] Level 1:colcon.colcon_core.package_identification:_identify(install) by extensions ['ignore', 'ignore_ament_install']
[0.422s] Level 1:colcon.colcon_core.package_identification:_identify(install) by extension 'ignore'
[0.422s] Level 1:colcon.colcon_core.package_identification:_identify(install) ignored
[0.422s] Level 1:colcon.colcon_core.package_identification:_identify(log) by extensions ['ignore', 'ignore_ament_install']
[0.422s] Level 1:colcon.colcon_core.package_identification:_identify(log) by extension 'ignore'
[0.422s] Level 1:colcon.colcon_core.package_identification:_identify(log) ignored
[0.422s] Level 1:colcon.colcon_core.package_identification:_identify(src) by extensions ['ignore', 'ignore_ament_install']
[0.422s] Level 1:colcon.colcon_core.package_identification:_identify(src) by extension 'ignore'
[0.422s] Level 1:colcon.colcon_core.package_identification:_identify(src) by extension 'ignore_ament_install'
[0.422s] Level 1:colcon.colcon_core.package_identification:_identify(src) by extensions ['colcon_pkg']
[0.422s] Level 1:colcon.colcon_core.package_identification:_identify(src) by extension 'colcon_pkg'
[0.422s] Level 1:colcon.colcon_core.package_identification:_identify(src) by extensions ['colcon_meta']
[0.422s] Level 1:colcon.colcon_core.package_identification:_identify(src) by extension 'colcon_meta'
[0.422s] Level 1:colcon.colcon_core.package_identification:_identify(src) by extensions ['ros']
[0.422s] Level 1:colcon.colcon_core.package_identification:_identify(src) by extension 'ros'
[0.422s] Level 1:colcon.colcon_core.package_identification:_identify(src) by extensions ['cmake', 'python']
[0.422s] Level 1:colcon.colcon_core.package_identification:_identify(src) by extension 'cmake'
[0.422s] Level 1:colcon.colcon_core.package_identification:_identify(src) by extension 'python'
[0.422s] Level 1:colcon.colcon_core.package_identification:_identify(src) by extensions ['python_setup_py']
[0.422s] Level 1:colcon.colcon_core.package_identification:_identify(src) by extension 'python_setup_py'
[0.422s] Level 1:colcon.colcon_core.package_identification:_identify(src/actuators) by extensions ['ignore', 'ignore_ament_install']
[0.422s] Level 1:colcon.colcon_core.package_identification:_identify(src/actuators) by extension 'ignore'
[0.422s] Level 1:colcon.colcon_core.package_identification:_identify(src/actuators) by extension 'ignore_ament_install'
[0.423s] Level 1:colcon.colcon_core.package_identification:_identify(src/actuators) by extensions ['colcon_pkg']
[0.423s] Level 1:colcon.colcon_core.package_identification:_identify(src/actuators) by extension 'colcon_pkg'
[0.423s] Level 1:colcon.colcon_core.package_identification:_identify(src/actuators) by extensions ['colcon_meta']
[0.423s] Level 1:colcon.colcon_core.package_identification:_identify(src/actuators) by extension 'colcon_meta'
[0.423s] Level 1:colcon.colcon_core.package_identification:_identify(src/actuators) by extensions ['ros']
[0.423s] Level 1:colcon.colcon_core.package_identification:_identify(src/actuators) by extension 'ros'
[0.424s] DEBUG:colcon.colcon_core.package_identification:Package 'src/actuators' with type 'ros.ament_cmake' and name 'actuators'
[0.424s] Level 1:colcon.colcon_core.package_identification:_identify(src/collection) by extensions ['ignore', 'ignore_ament_install']
[0.424s] Level 1:colcon.colcon_core.package_identification:_identify(src/collection) by extension 'ignore'
[0.425s] Level 1:colcon.colcon_core.package_identification:_identify(src/collection) by extension 'ignore_ament_install'
[0.425s] Level 1:colcon.colcon_core.package_identification:_identify(src/collection) by extensions ['colcon_pkg']
[0.425s] Level 1:colcon.colcon_core.package_identification:_identify(src/collection) by extension 'colcon_pkg'
[0.425s] Level 1:colcon.colcon_core.package_identification:_identify(src/collection) by extensions ['colcon_meta']
[0.425s] Level 1:colcon.colcon_core.package_identification:_identify(src/collection) by extension 'colcon_meta'
[0.425s] Level 1:colcon.colcon_core.package_identification:_identify(src/collection) by extensions ['ros']
[0.425s] Level 1:colcon.colcon_core.package_identification:_identify(src/collection) by extension 'ros'
[0.425s] DEBUG:colcon.colcon_core.package_identification:Package 'src/collection' with type 'ros.ament_cmake' and name 'collection'
[0.425s] Level 1:colcon.colcon_core.package_identification:_identify(src/common) by extensions ['ignore', 'ignore_ament_install']
[0.425s] Level 1:colcon.colcon_core.package_identification:_identify(src/common) by extension 'ignore'
[0.425s] Level 1:colcon.colcon_core.package_identification:_identify(src/common) by extension 'ignore_ament_install'
[0.425s] Level 1:colcon.colcon_core.package_identification:_identify(src/common) by extensions ['colcon_pkg']
[0.425s] Level 1:colcon.colcon_core.package_identification:_identify(src/common) by extension 'colcon_pkg'
[0.425s] Level 1:colcon.colcon_core.package_identification:_identify(src/common) by extensions ['colcon_meta']
[0.425s] Level 1:colcon.colcon_core.package_identification:_identify(src/common) by extension 'colcon_meta'
[0.426s] Level 1:colcon.colcon_core.package_identification:_identify(src/common) by extensions ['ros']
[0.426s] Level 1:colcon.colcon_core.package_identification:_identify(src/common) by extension 'ros'
[0.426s] DEBUG:colcon.colcon_core.package_identification:Package 'src/common' with type 'ros.ament_cmake' and name 'common'
[0.426s] Level 1:colcon.colcon_core.package_identification:_identify(src/controls) by extensions ['ignore', 'ignore_ament_install']
[0.426s] Level 1:colcon.colcon_core.package_identification:_identify(src/controls) by extension 'ignore'
[0.426s] Level 1:colcon.colcon_core.package_identification:_identify(src/controls) by extension 'ignore_ament_install'
[0.426s] Level 1:colcon.colcon_core.package_identification:_identify(src/controls) by extensions ['colcon_pkg']
[0.426s] Level 1:colcon.colcon_core.package_identification:_identify(src/controls) by extension 'colcon_pkg'
[0.426s] Level 1:colcon.colcon_core.package_identification:_identify(src/controls) by extensions ['colcon_meta']
[0.426s] Level 1:colcon.colcon_core.package_identification:_identify(src/controls) by extension 'colcon_meta'
[0.426s] Level 1:colcon.colcon_core.package_identification:_identify(src/controls) by extensions ['ros']
[0.426s] Level 1:colcon.colcon_core.package_identification:_identify(src/controls) by extension 'ros'
[0.427s] DEBUG:colcon.colcon_core.package_identification:Package 'src/controls' with type 'ros.ament_cmake' and name 'controls'
[0.427s] Level 1:colcon.colcon_core.package_identification:_identify(src/eufs_msgs) by extensions ['ignore', 'ignore_ament_install']
[0.427s] Level 1:colcon.colcon_core.package_identification:_identify(src/eufs_msgs) by extension 'ignore'
[0.427s] Level 1:colcon.colcon_core.package_identification:_identify(src/eufs_msgs) by extension 'ignore_ament_install'
[0.427s] Level 1:colcon.colcon_core.package_identification:_identify(src/eufs_msgs) by extensions ['colcon_pkg']
[0.427s] Level 1:colcon.colcon_core.package_identification:_identify(src/eufs_msgs) by extension 'colcon_pkg'
[0.427s] Level 1:colcon.colcon_core.package_identification:_identify(src/eufs_msgs) by extensions ['colcon_meta']
[0.427s] Level 1:colcon.colcon_core.package_identification:_identify(src/eufs_msgs) by extension 'colcon_meta'
[0.427s] Level 1:colcon.colcon_core.package_identification:_identify(src/eufs_msgs) by extensions ['ros']
[0.427s] Level 1:colcon.colcon_core.package_identification:_identify(src/eufs_msgs) by extension 'ros'
[0.427s] DEBUG:colcon.colcon_core.package_identification:Package 'src/eufs_msgs' with type 'ros.ament_cmake' and name 'eufs_msgs'
[0.427s] Level 1:colcon.colcon_core.package_identification:_identify(src/interfaces) by extensions ['ignore', 'ignore_ament_install']
[0.428s] Level 1:colcon.colcon_core.package_identification:_identify(src/interfaces) by extension 'ignore'
[0.428s] Level 1:colcon.colcon_core.package_identification:_identify(src/interfaces) by extension 'ignore_ament_install'
[0.428s] Level 1:colcon.colcon_core.package_identification:_identify(src/interfaces) by extensions ['colcon_pkg']
[0.428s] Level 1:colcon.colcon_core.package_identification:_identify(src/interfaces) by extension 'colcon_pkg'
[0.428s] Level 1:colcon.colcon_core.package_identification:_identify(src/interfaces) by extensions ['colcon_meta']
[0.428s] Level 1:colcon.colcon_core.package_identification:_identify(src/interfaces) by extension 'colcon_meta'
[0.428s] Level 1:colcon.colcon_core.package_identification:_identify(src/interfaces) by extensions ['ros']
[0.428s] Level 1:colcon.colcon_core.package_identification:_identify(src/interfaces) by extension 'ros'
[0.428s] DEBUG:colcon.colcon_core.package_identification:Package 'src/interfaces' with type 'ros.ament_cmake' and name 'interfaces'
[0.428s] Level 1:colcon.colcon_core.package_identification:_identify(src/perceptions) by extensions ['ignore', 'ignore_ament_install']
[0.428s] Level 1:colcon.colcon_core.package_identification:_identify(src/perceptions) by extension 'ignore'
[0.428s] Level 1:colcon.colcon_core.package_identification:_identify(src/perceptions) by extension 'ignore_ament_install'
[0.428s] Level 1:colcon.colcon_core.package_identification:_identify(src/perceptions) by extensions ['colcon_pkg']
[0.428s] Level 1:colcon.colcon_core.package_identification:_identify(src/perceptions) by extension 'colcon_pkg'
[0.428s] Level 1:colcon.colcon_core.package_identification:_identify(src/perceptions) by extensions ['colcon_meta']
[0.428s] Level 1:colcon.colcon_core.package_identification:_identify(src/perceptions) by extension 'colcon_meta'
[0.428s] Level 1:colcon.colcon_core.package_identification:_identify(src/perceptions) by extensions ['ros']
[0.428s] Level 1:colcon.colcon_core.package_identification:_identify(src/perceptions) by extension 'ros'
[0.429s] DEBUG:colcon.colcon_core.package_identification:Package 'src/perceptions' with type 'ros.ament_cmake' and name 'perceptions'
[0.429s] Level 1:colcon.colcon_core.package_identification:_identify(src/planning) by extensions ['ignore', 'ignore_ament_install']
[0.429s] Level 1:colcon.colcon_core.package_identification:_identify(src/planning) by extension 'ignore'
[0.429s] Level 1:colcon.colcon_core.package_identification:_identify(src/planning) by extension 'ignore_ament_install'
[0.429s] Level 1:colcon.colcon_core.package_identification:_identify(src/planning) by extensions ['colcon_pkg']
[0.429s] Level 1:colcon.colcon_core.package_identification:_identify(src/planning) by extension 'colcon_pkg'
[0.429s] Level 1:colcon.colcon_core.package_identification:_identify(src/planning) by extensions ['colcon_meta']
[0.429s] Level 1:colcon.colcon_core.package_identification:_identify(src/planning) by extension 'colcon_meta'
[0.429s] Level 1:colcon.colcon_core.package_identification:_identify(src/planning) by extensions ['ros']
[0.429s] Level 1:colcon.colcon_core.package_identification:_identify(src/planning) by extension 'ros'
[0.430s] DEBUG:colcon.colcon_core.package_identification:Package 'src/planning' with type 'ros.ament_cmake' and name 'planning'
[0.430s] Level 1:colcon.colcon_core.package_discovery:discover_packages(recursive) using defaults
[0.430s] Level 1:colcon.colcon_core.package_discovery:discover_packages(ignore) discover
[0.430s] Level 1:colcon.colcon_core.package_discovery:discover_packages(ignore) using defaults
[0.430s] Level 1:colcon.colcon_core.package_discovery:discover_packages(path) discover
[0.430s] Level 1:colcon.colcon_core.package_discovery:discover_packages(path) using defaults
[0.456s] Level 5:colcon.colcon_core.verb:set package 'actuators' build argument 'cmake_args' from command line to 'None'
[0.456s] Level 5:colcon.colcon_core.verb:set package 'actuators' build argument 'cmake_target' from command line to 'None'
[0.457s] Level 5:colcon.colcon_core.verb:set package 'actuators' build argument 'cmake_target_skip_unavailable' from command line to 'False'
[0.457s] Level 5:colcon.colcon_core.verb:set package 'actuators' build argument 'cmake_clean_cache' from command line to 'False'
[0.457s] Level 5:colcon.colcon_core.verb:set package 'actuators' build argument 'cmake_clean_first' from command line to 'False'
[0.457s] Level 5:colcon.colcon_core.verb:set package 'actuators' build argument 'cmake_force_configure' from command line to 'False'
[0.457s] Level 5:colcon.colcon_core.verb:set package 'actuators' build argument 'ament_cmake_args' from command line to 'None'
[0.457s] Level 5:colcon.colcon_core.verb:set package 'actuators' build argument 'catkin_cmake_args' from command line to 'None'
[0.457s] Level 5:colcon.colcon_core.verb:set package 'actuators' build argument 'catkin_skip_building_tests' from command line to 'False'
[0.457s] DEBUG:colcon.colcon_core.verb:Building package 'actuators' with the following arguments: {'ament_cmake_args': None, 'build_base': '/driverless/driverless_ws/build/actuators', 'catkin_cmake_args': None, 'catkin_skip_building_tests': False, 'cmake_args': None, 'cmake_clean_cache': False, 'cmake_clean_first': False, 'cmake_force_configure': False, 'cmake_target': None, 'cmake_target_skip_unavailable': False, 'install_base': '/driverless/driverless_ws/install/actuators', 'merge_install': False, 'path': '/driverless/driverless_ws/src/actuators', 'symlink_install': True, 'test_result_base': None}
[0.462s] Level 5:colcon.colcon_core.verb:set package 'collection' build argument 'cmake_args' from command line to 'None'
[0.462s] Level 5:colcon.colcon_core.verb:set package 'collection' build argument 'cmake_target' from command line to 'None'
[0.462s] Level 5:colcon.colcon_core.verb:set package 'collection' build argument 'cmake_target_skip_unavailable' from command line to 'False'
[0.462s] Level 5:colcon.colcon_core.verb:set package 'collection' build argument 'cmake_clean_cache' from command line to 'False'
[0.462s] Level 5:colcon.colcon_core.verb:set package 'collection' build argument 'cmake_clean_first' from command line to 'False'
[0.462s] Level 5:colcon.colcon_core.verb:set package 'collection' build argument 'cmake_force_configure' from command line to 'False'
[0.462s] Level 5:colcon.colcon_core.verb:set package 'collection' build argument 'ament_cmake_args' from command line to 'None'
[0.462s] Level 5:colcon.colcon_core.verb:set package 'collection' build argument 'catkin_cmake_args' from command line to 'None'
[0.462s] Level 5:colcon.colcon_core.verb:set package 'collection' build argument 'catkin_skip_building_tests' from command line to 'False'
[0.462s] DEBUG:colcon.colcon_core.verb:Building package 'collection' with the following arguments: {'ament_cmake_args': None, 'build_base': '/driverless/driverless_ws/build/collection', 'catkin_cmake_args': None, 'catkin_skip_building_tests': False, 'cmake_args': None, 'cmake_clean_cache': False, 'cmake_clean_first': False, 'cmake_force_configure': False, 'cmake_target': None, 'cmake_target_skip_unavailable': False, 'install_base': '/driverless/driverless_ws/install/collection', 'merge_install': False, 'path': '/driverless/driverless_ws/src/collection', 'symlink_install': True, 'test_result_base': None}
[0.467s] Level 5:colcon.colcon_core.verb:set package 'common' build argument 'cmake_args' from command line to 'None'
[0.467s] Level 5:colcon.colcon_core.verb:set package 'common' build argument 'cmake_target' from command line to 'None'
[0.467s] Level 5:colcon.colcon_core.verb:set package 'common' build argument 'cmake_target_skip_unavailable' from command line to 'False'
[0.467s] Level 5:colcon.colcon_core.verb:set package 'common' build argument 'cmake_clean_cache' from command line to 'False'
[0.467s] Level 5:colcon.colcon_core.verb:set package 'common' build argument 'cmake_clean_first' from command line to 'False'
[0.467s] Level 5:colcon.colcon_core.verb:set package 'common' build argument 'cmake_force_configure' from command line to 'False'
[0.467s] Level 5:colcon.colcon_core.verb:set package 'common' build argument 'ament_cmake_args' from command line to 'None'
[0.467s] Level 5:colcon.colcon_core.verb:set package 'common' build argument 'catkin_cmake_args' from command line to 'None'
[0.467s] Level 5:colcon.colcon_core.verb:set package 'common' build argument 'catkin_skip_building_tests' from command line to 'False'
[0.467s] DEBUG:colcon.colcon_core.verb:Building package 'common' with the following arguments: {'ament_cmake_args': None, 'build_base': '/driverless/driverless_ws/build/common', 'catkin_cmake_args': None, 'catkin_skip_building_tests': False, 'cmake_args': None, 'cmake_clean_cache': False, 'cmake_clean_first': False, 'cmake_force_configure': False, 'cmake_target': None, 'cmake_target_skip_unavailable': False, 'install_base': '/driverless/driverless_ws/install/common', 'merge_install': False, 'path': '/driverless/driverless_ws/src/common', 'symlink_install': True, 'test_result_base': None}
[0.471s] Level 5:colcon.colcon_core.verb:set package 'controls' build argument 'cmake_args' from command line to 'None'
[0.471s] Level 5:colcon.colcon_core.verb:set package 'controls' build argument 'cmake_target' from command line to 'None'
[0.471s] Level 5:colcon.colcon_core.verb:set package 'controls' build argument 'cmake_target_skip_unavailable' from command line to 'False'
[0.471s] Level 5:colcon.colcon_core.verb:set package 'controls' build argument 'cmake_clean_cache' from command line to 'False'
[0.471s] Level 5:colcon.colcon_core.verb:set package 'controls' build argument 'cmake_clean_first' from command line to 'False'
[0.472s] Level 5:colcon.colcon_core.verb:set package 'controls' build argument 'cmake_force_configure' from command line to 'False'
[0.472s] Level 5:colcon.colcon_core.verb:set package 'controls' build argument 'ament_cmake_args' from command line to 'None'
[0.472s] Level 5:colcon.colcon_core.verb:set package 'controls' build argument 'catkin_cmake_args' from command line to 'None'
[0.472s] Level 5:colcon.colcon_core.verb:set package 'controls' build argument 'catkin_skip_building_tests' from command line to 'False'
[0.472s] DEBUG:colcon.colcon_core.verb:Building package 'controls' with the following arguments: {'ament_cmake_args': None, 'build_base': '/driverless/driverless_ws/build/controls', 'catkin_cmake_args': None, 'catkin_skip_building_tests': False, 'cmake_args': None, 'cmake_clean_cache': False, 'cmake_clean_first': False, 'cmake_force_configure': False, 'cmake_target': None, 'cmake_target_skip_unavailable': False, 'install_base': '/driverless/driverless_ws/install/controls', 'merge_install': False, 'path': '/driverless/driverless_ws/src/controls', 'symlink_install': True, 'test_result_base': None}
[0.476s] Level 5:colcon.colcon_core.verb:set package 'eufs_msgs' build argument 'cmake_args' from command line to 'None'
[0.476s] Level 5:colcon.colcon_core.verb:set package 'eufs_msgs' build argument 'cmake_target' from command line to 'None'
[0.476s] Level 5:colcon.colcon_core.verb:set package 'eufs_msgs' build argument 'cmake_target_skip_unavailable' from command line to 'False'
[0.476s] Level 5:colcon.colcon_core.verb:set package 'eufs_msgs' build argument 'cmake_clean_cache' from command line to 'False'
[0.476s] Level 5:colcon.colcon_core.verb:set package 'eufs_msgs' build argument 'cmake_clean_first' from command line to 'False'
[0.476s] Level 5:colcon.colcon_core.verb:set package 'eufs_msgs' build argument 'cmake_force_configure' from command line to 'False'
[0.476s] Level 5:colcon.colcon_core.verb:set package 'eufs_msgs' build argument 'ament_cmake_args' from command line to 'None'
[0.476s] Level 5:colcon.colcon_core.verb:set package 'eufs_msgs' build argument 'catkin_cmake_args' from command line to 'None'
[0.476s] Level 5:colcon.colcon_core.verb:set package 'eufs_msgs' build argument 'catkin_skip_building_tests' from command line to 'False'
[0.476s] DEBUG:colcon.colcon_core.verb:Building package 'eufs_msgs' with the following arguments: {'ament_cmake_args': None, 'build_base': '/driverless/driverless_ws/build/eufs_msgs', 'catkin_cmake_args': None, 'catkin_skip_building_tests': False, 'cmake_args': None, 'cmake_clean_cache': False, 'cmake_clean_first': False, 'cmake_force_configure': False, 'cmake_target': None, 'cmake_target_skip_unavailable': False, 'install_base': '/driverless/driverless_ws/install/eufs_msgs', 'merge_install': False, 'path': '/driverless/driverless_ws/src/eufs_msgs', 'symlink_install': True, 'test_result_base': None}
[0.481s] Level 5:colcon.colcon_core.verb:set package 'interfaces' build argument 'cmake_args' from command line to 'None'
[0.481s] Level 5:colcon.colcon_core.verb:set package 'interfaces' build argument 'cmake_target' from command line to 'None'
[0.481s] Level 5:colcon.colcon_core.verb:set package 'interfaces' build argument 'cmake_target_skip_unavailable' from command line to 'False'
[0.481s] Level 5:colcon.colcon_core.verb:set package 'interfaces' build argument 'cmake_clean_cache' from command line to 'False'
[0.481s] Level 5:colcon.colcon_core.verb:set package 'interfaces' build argument 'cmake_clean_first' from command line to 'False'
[0.481s] Level 5:colcon.colcon_core.verb:set package 'interfaces' build argument 'cmake_force_configure' from command line to 'False'
[0.481s] Level 5:colcon.colcon_core.verb:set package 'interfaces' build argument 'ament_cmake_args' from command line to 'None'
[0.481s] Level 5:colcon.colcon_core.verb:set package 'interfaces' build argument 'catkin_cmake_args' from command line to 'None'
[0.481s] Level 5:colcon.colcon_core.verb:set package 'interfaces' build argument 'catkin_skip_building_tests' from command line to 'False'
[0.481s] DEBUG:colcon.colcon_core.verb:Building package 'interfaces' with the following arguments: {'ament_cmake_args': None, 'build_base': '/driverless/driverless_ws/build/interfaces', 'catkin_cmake_args': None, 'catkin_skip_building_tests': False, 'cmake_args': None, 'cmake_clean_cache': False, 'cmake_clean_first': False, 'cmake_force_configure': False, 'cmake_target': None, 'cmake_target_skip_unavailable': False, 'install_base': '/driverless/driverless_ws/install/interfaces', 'merge_install': False, 'path': '/driverless/driverless_ws/src/interfaces', 'symlink_install': True, 'test_result_base': None}
[0.486s] Level 5:colcon.colcon_core.verb:set package 'perceptions' build argument 'cmake_args' from command line to 'None'
[0.486s] Level 5:colcon.colcon_core.verb:set package 'perceptions' build argument 'cmake_target' from command line to 'None'
[0.486s] Level 5:colcon.colcon_core.verb:set package 'perceptions' build argument 'cmake_target_skip_unavailable' from command line to 'False'
[0.486s] Level 5:colcon.colcon_core.verb:set package 'perceptions' build argument 'cmake_clean_cache' from command line to 'False'
[0.486s] Level 5:colcon.colcon_core.verb:set package 'perceptions' build argument 'cmake_clean_first' from command line to 'False'
[0.486s] Level 5:colcon.colcon_core.verb:set package 'perceptions' build argument 'cmake_force_configure' from command line to 'False'
[0.486s] Level 5:colcon.colcon_core.verb:set package 'perceptions' build argument 'ament_cmake_args' from command line to 'None'
[0.486s] Level 5:colcon.colcon_core.verb:set package 'perceptions' build argument 'catkin_cmake_args' from command line to 'None'
[0.486s] Level 5:colcon.colcon_core.verb:set package 'perceptions' build argument 'catkin_skip_building_tests' from command line to 'False'
[0.486s] DEBUG:colcon.colcon_core.verb:Building package 'perceptions' with the following arguments: {'ament_cmake_args': None, 'build_base': '/driverless/driverless_ws/build/perceptions', 'catkin_cmake_args': None, 'catkin_skip_building_tests': False, 'cmake_args': None, 'cmake_clean_cache': False, 'cmake_clean_first': False, 'cmake_force_configure': False, 'cmake_target': None, 'cmake_target_skip_unavailable': False, 'install_base': '/driverless/driverless_ws/install/perceptions', 'merge_install': False, 'path': '/driverless/driverless_ws/src/perceptions', 'symlink_install': True, 'test_result_base': None}
[0.490s] Level 5:colcon.colcon_core.verb:set package 'planning' build argument 'cmake_args' from command line to 'None'
[0.490s] Level 5:colcon.colcon_core.verb:set package 'planning' build argument 'cmake_target' from command line to 'None'
[0.490s] Level 5:colcon.colcon_core.verb:set package 'planning' build argument 'cmake_target_skip_unavailable' from command line to 'False'
[0.490s] Level 5:colcon.colcon_core.verb:set package 'planning' build argument 'cmake_clean_cache' from command line to 'False'
[0.490s] Level 5:colcon.colcon_core.verb:set package 'planning' build argument 'cmake_clean_first' from command line to 'False'
[0.491s] Level 5:colcon.colcon_core.verb:set package 'planning' build argument 'cmake_force_configure' from command line to 'False'
[0.491s] Level 5:colcon.colcon_core.verb:set package 'planning' build argument 'ament_cmake_args' from command line to 'None'
[0.491s] Level 5:colcon.colcon_core.verb:set package 'planning' build argument 'catkin_cmake_args' from command line to 'None'
[0.491s] Level 5:colcon.colcon_core.verb:set package 'planning' build argument 'catkin_skip_building_tests' from command line to 'False'
[0.491s] DEBUG:colcon.colcon_core.verb:Building package 'planning' with the following arguments: {'ament_cmake_args': None, 'build_base': '/driverless/driverless_ws/build/planning', 'catkin_cmake_args': None, 'catkin_skip_building_tests': False, 'cmake_args': None, 'cmake_clean_cache': False, 'cmake_clean_first': False, 'cmake_force_configure': False, 'cmake_target': None, 'cmake_target_skip_unavailable': False, 'install_base': '/driverless/driverless_ws/install/planning', 'merge_install': False, 'path': '/driverless/driverless_ws/src/planning', 'symlink_install': True, 'test_result_base': None}
[0.492s] INFO:colcon.colcon_core.executor:Executing jobs using 'parallel' executor
[0.500s] DEBUG:colcon.colcon_parallel_executor.executor.parallel:run_until_complete
[0.501s] INFO:colcon.colcon_ros.task.ament_cmake.build:Building ROS package in '/driverless/driverless_ws/src/eufs_msgs' with build type 'ament_cmake'
[0.501s] INFO:colcon.colcon_cmake.task.cmake.build:Building CMake package in '/driverless/driverless_ws/src/eufs_msgs'
[0.508s] INFO:colcon.colcon_core.plugin_system:Skipping extension 'colcon_core.shell.bat': Not used on non-Windows systems
[0.508s] INFO:colcon.colcon_core.shell:Skip shell extension 'powershell' for command environment: Not usable outside of PowerShell
[0.508s] DEBUG:colcon.colcon_core.shell:Skip shell extension 'dsv' for command environment
[0.518s] INFO:colcon.colcon_ros.task.ament_cmake.build:Building ROS package in '/driverless/driverless_ws/src/actuators' with build type 'ament_cmake'
[0.518s] INFO:colcon.colcon_cmake.task.cmake.build:Building CMake package in '/driverless/driverless_ws/src/actuators'
[0.523s] INFO:colcon.colcon_core.shell:Skip shell extension 'powershell' for command environment: Not usable outside of PowerShell
[0.523s] DEBUG:colcon.colcon_core.shell:Skip shell extension 'dsv' for command environment
[0.532s] INFO:colcon.colcon_ros.task.ament_cmake.build:Building ROS package in '/driverless/driverless_ws/src/collection' with build type 'ament_cmake'
[0.533s] INFO:colcon.colcon_cmake.task.cmake.build:Building CMake package in '/driverless/driverless_ws/src/collection'
[0.538s] INFO:colcon.colcon_core.shell:Skip shell extension 'powershell' for command environment: Not usable outside of PowerShell
[0.539s] DEBUG:colcon.colcon_core.shell:Skip shell extension 'dsv' for command environment
[0.548s] INFO:colcon.colcon_ros.task.ament_cmake.build:Building ROS package in '/driverless/driverless_ws/src/common' with build type 'ament_cmake'
[0.548s] INFO:colcon.colcon_cmake.task.cmake.build:Building CMake package in '/driverless/driverless_ws/src/common'
[0.553s] INFO:colcon.colcon_core.shell:Skip shell extension 'powershell' for command environment: Not usable outside of PowerShell
[0.553s] DEBUG:colcon.colcon_core.shell:Skip shell extension 'dsv' for command environment
[0.563s] INFO:colcon.colcon_ros.task.ament_cmake.build:Building ROS package in '/driverless/driverless_ws/src/controls' with build type 'ament_cmake'
[0.563s] INFO:colcon.colcon_cmake.task.cmake.build:Building CMake package in '/driverless/driverless_ws/src/controls'
[0.569s] INFO:colcon.colcon_core.shell:Skip shell extension 'powershell' for command environment: Not usable outside of PowerShell
[0.569s] DEBUG:colcon.colcon_core.shell:Skip shell extension 'dsv' for command environment
[0.578s] INFO:colcon.colcon_ros.task.ament_cmake.build:Building ROS package in '/driverless/driverless_ws/src/interfaces' with build type 'ament_cmake'
[0.578s] INFO:colcon.colcon_cmake.task.cmake.build:Building CMake package in '/driverless/driverless_ws/src/interfaces'
[0.582s] INFO:colcon.colcon_core.shell:Skip shell extension 'powershell' for command environment: Not usable outside of PowerShell
[0.582s] DEBUG:colcon.colcon_core.shell:Skip shell extension 'dsv' for command environment
[0.591s] INFO:colcon.colcon_ros.task.ament_cmake.build:Building ROS package in '/driverless/driverless_ws/src/perceptions' with build type 'ament_cmake'
[0.591s] INFO:colcon.colcon_cmake.task.cmake.build:Building CMake package in '/driverless/driverless_ws/src/perceptions'
[0.596s] INFO:colcon.colcon_core.shell:Skip shell extension 'powershell' for command environment: Not usable outside of PowerShell
[0.597s] DEBUG:colcon.colcon_core.shell:Skip shell extension 'dsv' for command environment
[0.613s] DEBUG:colcon.colcon_core.event_handler.log_command:Invoking command in '/driverless/driverless_ws/build/eufs_msgs': CMAKE_PREFIX_PATH=/opt/ros/foxy /usr/bin/cmake --build /driverless/driverless_ws/build/eufs_msgs -- -j8 -l8
[0.617s] DEBUG:colcon.colcon_core.event_handler.log_command:Invoking command in '/driverless/driverless_ws/build/actuators': CMAKE_PREFIX_PATH=/opt/ros/foxy /usr/bin/cmake --build /driverless/driverless_ws/build/actuators -- -j8 -l8
[0.620s] DEBUG:colcon.colcon_core.event_handler.log_command:Invoking command in '/driverless/driverless_ws/build/collection': CMAKE_PREFIX_PATH=/opt/ros/foxy /usr/bin/cmake --build /driverless/driverless_ws/build/collection -- -j8 -l8
[0.627s] DEBUG:colcon.colcon_core.event_handler.log_command:Invoking command in '/driverless/driverless_ws/build/common': CMAKE_PREFIX_PATH=/opt/ros/foxy /usr/bin/cmake --build /driverless/driverless_ws/build/common -- -j8 -l8
[0.630s] DEBUG:colcon.colcon_core.event_handler.log_command:Invoking command in '/driverless/driverless_ws/build/controls': CMAKE_PREFIX_PATH=/opt/ros/foxy /usr/bin/cmake --build /driverless/driverless_ws/build/controls -- -j8 -l8
[0.633s] DEBUG:colcon.colcon_core.event_handler.log_command:Invoking command in '/driverless/driverless_ws/build/interfaces': CMAKE_PREFIX_PATH=/opt/ros/foxy /usr/bin/cmake --build /driverless/driverless_ws/build/interfaces -- -j8 -l8
[0.643s] DEBUG:colcon.colcon_core.event_handler.log_command:Invoking command in '/driverless/driverless_ws/build/perceptions': CMAKE_PREFIX_PATH=/opt/ros/foxy /usr/bin/cmake --build /driverless/driverless_ws/build/perceptions -- -j8 -l8
[0.660s] DEBUG:colcon.colcon_core.event_handler.log_command:Invoked command in '/driverless/driverless_ws/build/actuators' returned '0': CMAKE_PREFIX_PATH=/opt/ros/foxy /usr/bin/cmake --build /driverless/driverless_ws/build/actuators -- -j8 -l8
[0.670s] DEBUG:colcon.colcon_core.event_handler.log_command:Invoked command in '/driverless/driverless_ws/build/common' returned '0': CMAKE_PREFIX_PATH=/opt/ros/foxy /usr/bin/cmake --build /driverless/driverless_ws/build/common -- -j8 -l8
[0.675s] DEBUG:colcon.colcon_core.event_handler.log_command:Invoked command in '/driverless/driverless_ws/build/collection' returned '0': CMAKE_PREFIX_PATH=/opt/ros/foxy /usr/bin/cmake --build /driverless/driverless_ws/build/collection -- -j8 -l8
[0.681s] DEBUG:colcon.colcon_core.event_handler.log_command:Invoked command in '/driverless/driverless_ws/build/controls' returned '0': CMAKE_PREFIX_PATH=/opt/ros/foxy /usr/bin/cmake --build /driverless/driverless_ws/build/controls -- -j8 -l8
[0.690s] DEBUG:colcon.colcon_core.event_handler.log_command:Invoked command in '/driverless/driverless_ws/build/interfaces' returned '0': CMAKE_PREFIX_PATH=/opt/ros/foxy /usr/bin/cmake --build /driverless/driverless_ws/build/interfaces -- -j8 -l8
[0.705s] DEBUG:colcon.colcon_core.event_handler.log_command:Invoking command in '/driverless/driverless_ws/build/actuators': CMAKE_PREFIX_PATH=/opt/ros/foxy /usr/bin/cmake --install /driverless/driverless_ws/build/actuators
[0.710s] DEBUG:colcon.colcon_core.event_handler.log_command:Invoked command in '/driverless/driverless_ws/build/perceptions' returned '0': CMAKE_PREFIX_PATH=/opt/ros/foxy /usr/bin/cmake --build /driverless/driverless_ws/build/perceptions -- -j8 -l8
[0.716s] DEBUG:colcon.colcon_core.event_handler.log_command:Invoking command in '/driverless/driverless_ws/build/common': CMAKE_PREFIX_PATH=/opt/ros/foxy /usr/bin/cmake --install /driverless/driverless_ws/build/common
[0.734s] DEBUG:colcon.colcon_core.event_handler.log_command:Invoking command in '/driverless/driverless_ws/build/collection': CMAKE_PREFIX_PATH=/opt/ros/foxy /usr/bin/cmake --install /driverless/driverless_ws/build/collection
[0.745s] DEBUG:colcon.colcon_core.event_handler.log_command:Invoking command in '/driverless/driverless_ws/build/controls': CMAKE_PREFIX_PATH=/opt/ros/foxy /usr/bin/cmake --install /driverless/driverless_ws/build/controls
[0.757s] Level 1:colcon.colcon_core.environment:create_environment_scripts_only(actuators)
[0.762s] DEBUG:colcon.colcon_core.event_handler.log_command:Invoked command in '/driverless/driverless_ws/build/actuators' returned '0': CMAKE_PREFIX_PATH=/opt/ros/foxy /usr/bin/cmake --install /driverless/driverless_ws/build/actuators
[0.775s] Level 1:colcon.colcon_core.environment:checking '/driverless/driverless_ws/install/actuators' for CMake module files
[0.776s] Level 1:colcon.colcon_core.environment:checking '/driverless/driverless_ws/install/actuators' for CMake config files
[0.777s] Level 1:colcon.colcon_core.shell:create_environment_hook('actuators', 'cmake_prefix_path')
[0.783s] INFO:colcon.colcon_core.shell:Creating environment hook '/driverless/driverless_ws/install/actuators/share/actuators/hook/cmake_prefix_path.ps1'
[0.784s] INFO:colcon.colcon_core.shell:Creating environment descriptor '/driverless/driverless_ws/install/actuators/share/actuators/hook/cmake_prefix_path.dsv'
[0.785s] INFO:colcon.colcon_core.shell:Creating environment hook '/driverless/driverless_ws/install/actuators/share/actuators/hook/cmake_prefix_path.sh'
[0.786s] Level 1:colcon.colcon_core.environment:checking '/driverless/driverless_ws/install/actuators/bin'
[0.786s] Level 1:colcon.colcon_core.environment:checking '/driverless/driverless_ws/install/actuators/lib/pkgconfig/actuators.pc'
[0.786s] Level 1:colcon.colcon_core.environment:checking '/driverless/driverless_ws/install/actuators/lib/python3.8/site-packages'
[0.787s] Level 1:colcon.colcon_core.environment:checking '/driverless/driverless_ws/install/actuators/bin'
[0.791s] INFO:colcon.colcon_core.shell:Creating package script '/driverless/driverless_ws/install/actuators/share/actuators/package.ps1'
[0.792s] INFO:colcon.colcon_core.shell:Creating package descriptor '/driverless/driverless_ws/install/actuators/share/actuators/package.dsv'
[0.792s] INFO:colcon.colcon_core.shell:Creating package script '/driverless/driverless_ws/install/actuators/share/actuators/package.sh'
[0.793s] INFO:colcon.colcon_core.shell:Creating package script '/driverless/driverless_ws/install/actuators/share/actuators/package.bash'
[0.793s] INFO:colcon.colcon_core.shell:Creating package script '/driverless/driverless_ws/install/actuators/share/actuators/package.zsh'
[0.794s] Level 1:colcon.colcon_core.environment:create_file_with_runtime_dependencies(/driverless/driverless_ws/install/actuators/share/colcon-core/packages/actuators)
[0.799s] DEBUG:colcon.colcon_core.event_handler.log_command:Invoking command in '/driverless/driverless_ws/build/interfaces': CMAKE_PREFIX_PATH=/opt/ros/foxy /usr/bin/cmake --install /driverless/driverless_ws/build/interfaces
[0.800s] Level 1:colcon.colcon_core.environment:create_environment_scripts_only(common)
[0.807s] Level 1:colcon.colcon_core.environment:checking '/driverless/driverless_ws/install/common' for CMake module files
[0.807s] DEBUG:colcon.colcon_core.event_handler.log_command:Invoked command in '/driverless/driverless_ws/build/common' returned '0': CMAKE_PREFIX_PATH=/opt/ros/foxy /usr/bin/cmake --install /driverless/driverless_ws/build/common
[0.808s] Level 1:colcon.colcon_core.environment:checking '/driverless/driverless_ws/install/common' for CMake config files
[0.808s] Level 1:colcon.colcon_core.shell:create_environment_hook('common', 'cmake_prefix_path')
[0.814s] INFO:colcon.colcon_core.shell:Creating environment hook '/driverless/driverless_ws/install/common/share/common/hook/cmake_prefix_path.ps1'
[0.814s] INFO:colcon.colcon_core.shell:Creating environment descriptor '/driverless/driverless_ws/install/common/share/common/hook/cmake_prefix_path.dsv'
[0.814s] INFO:colcon.colcon_core.shell:Creating environment hook '/driverless/driverless_ws/install/common/share/common/hook/cmake_prefix_path.sh'
[0.815s] Level 1:colcon.colcon_core.environment:checking '/driverless/driverless_ws/install/common/bin'
[0.815s] Level 1:colcon.colcon_core.environment:checking '/driverless/driverless_ws/install/common/lib/pkgconfig/common.pc'
[0.815s] Level 1:colcon.colcon_core.environment:checking '/driverless/driverless_ws/install/common/lib/python3.8/site-packages'
[0.815s] Level 1:colcon.colcon_core.environment:checking '/driverless/driverless_ws/install/common/bin'
[0.820s] INFO:colcon.colcon_core.shell:Creating package script '/driverless/driverless_ws/install/common/share/common/package.ps1'
[0.821s] INFO:colcon.colcon_core.shell:Creating package descriptor '/driverless/driverless_ws/install/common/share/common/package.dsv'
[0.821s] INFO:colcon.colcon_core.shell:Creating package script '/driverless/driverless_ws/install/common/share/common/package.sh'
[0.821s] INFO:colcon.colcon_core.shell:Creating package script '/driverless/driverless_ws/install/common/share/common/package.bash'
[0.822s] INFO:colcon.colcon_core.shell:Creating package script '/driverless/driverless_ws/install/common/share/common/package.zsh'
[0.822s] Level 1:colcon.colcon_core.environment:create_file_with_runtime_dependencies(/driverless/driverless_ws/install/common/share/colcon-core/packages/common)
[0.827s] DEBUG:colcon.colcon_core.event_handler.log_command:Invoking command in '/driverless/driverless_ws/build/perceptions': CMAKE_PREFIX_PATH=/opt/ros/foxy /usr/bin/cmake --install /driverless/driverless_ws/build/perceptions
[0.829s] Level 1:colcon.colcon_core.environment:create_environment_scripts_only(collection)
[0.836s] Level 1:colcon.colcon_core.environment:checking '/driverless/driverless_ws/install/collection' for CMake module files
[0.839s] DEBUG:colcon.colcon_core.event_handler.log_command:Invoked command in '/driverless/driverless_ws/build/collection' returned '0': CMAKE_PREFIX_PATH=/opt/ros/foxy /usr/bin/cmake --install /driverless/driverless_ws/build/collection
[0.839s] Level 1:colcon.colcon_core.environment:checking '/driverless/driverless_ws/install/collection' for CMake config files
[0.841s] Level 1:colcon.colcon_core.shell:create_environment_hook('collection', 'cmake_prefix_path')
[0.847s] INFO:colcon.colcon_core.shell:Creating environment hook '/driverless/driverless_ws/install/collection/share/collection/hook/cmake_prefix_path.ps1'
[0.848s] INFO:colcon.colcon_core.shell:Creating environment descriptor '/driverless/driverless_ws/install/collection/share/collection/hook/cmake_prefix_path.dsv'
[0.848s] INFO:colcon.colcon_core.shell:Creating environment hook '/driverless/driverless_ws/install/collection/share/collection/hook/cmake_prefix_path.sh'
[0.849s] Level 1:colcon.colcon_core.environment:checking '/driverless/driverless_ws/install/collection/bin'
[0.849s] Level 1:colcon.colcon_core.environment:checking '/driverless/driverless_ws/install/collection/lib/pkgconfig/collection.pc'
[0.850s] Level 1:colcon.colcon_core.environment:checking '/driverless/driverless_ws/install/collection/lib/python3.8/site-packages'
[0.850s] Level 1:colcon.colcon_core.environment:checking '/driverless/driverless_ws/install/collection/bin'
[0.855s] INFO:colcon.colcon_core.shell:Creating package script '/driverless/driverless_ws/install/collection/share/collection/package.ps1'
[0.855s] INFO:colcon.colcon_core.shell:Creating package descriptor '/driverless/driverless_ws/install/collection/share/collection/package.dsv'
[0.855s] INFO:colcon.colcon_core.shell:Creating package script '/driverless/driverless_ws/install/collection/share/collection/package.sh'
[0.856s] INFO:colcon.colcon_core.shell:Creating package script '/driverless/driverless_ws/install/collection/share/collection/package.bash'
[0.856s] INFO:colcon.colcon_core.shell:Creating package script '/driverless/driverless_ws/install/collection/share/collection/package.zsh'
[0.856s] Level 1:colcon.colcon_core.environment:create_file_with_runtime_dependencies(/driverless/driverless_ws/install/collection/share/colcon-core/packages/collection)
[0.859s] Level 1:colcon.colcon_core.environment:create_environment_scripts_only(controls)
[0.865s] Level 1:colcon.colcon_core.environment:checking '/driverless/driverless_ws/install/controls' for CMake module files
[0.866s] DEBUG:colcon.colcon_core.event_handler.log_command:Invoked command in '/driverless/driverless_ws/build/controls' returned '0': CMAKE_PREFIX_PATH=/opt/ros/foxy /usr/bin/cmake --install /driverless/driverless_ws/build/controls
[0.866s] Level 1:colcon.colcon_core.environment:checking '/driverless/driverless_ws/install/controls' for CMake config files
[0.866s] Level 1:colcon.colcon_core.shell:create_environment_hook('controls', 'cmake_prefix_path')
[0.871s] INFO:colcon.colcon_core.shell:Creating environment hook '/driverless/driverless_ws/install/controls/share/controls/hook/cmake_prefix_path.ps1'
[0.872s] INFO:colcon.colcon_core.shell:Creating environment descriptor '/driverless/driverless_ws/install/controls/share/controls/hook/cmake_prefix_path.dsv'
[0.872s] INFO:colcon.colcon_core.shell:Creating environment hook '/driverless/driverless_ws/install/controls/share/controls/hook/cmake_prefix_path.sh'
[0.873s] Level 1:colcon.colcon_core.environment:checking '/driverless/driverless_ws/install/controls/bin'
[0.873s] Level 1:colcon.colcon_core.environment:checking '/driverless/driverless_ws/install/controls/lib/pkgconfig/controls.pc'
[0.873s] Level 1:colcon.colcon_core.environment:checking '/driverless/driverless_ws/install/controls/lib/python3.8/site-packages'
[0.873s] Level 1:colcon.colcon_core.environment:checking '/driverless/driverless_ws/install/controls/bin'
[0.878s] INFO:colcon.colcon_core.shell:Creating package script '/driverless/driverless_ws/install/controls/share/controls/package.ps1'
[0.878s] INFO:colcon.colcon_core.shell:Creating package descriptor '/driverless/driverless_ws/install/controls/share/controls/package.dsv'
[0.878s] INFO:colcon.colcon_core.shell:Creating package script '/driverless/driverless_ws/install/controls/share/controls/package.sh'
[0.879s] INFO:colcon.colcon_core.shell:Creating package script '/driverless/driverless_ws/install/controls/share/controls/package.bash'
[0.879s] INFO:colcon.colcon_core.shell:Creating package script '/driverless/driverless_ws/install/controls/share/controls/package.zsh'
[0.879s] Level 1:colcon.colcon_core.environment:create_file_with_runtime_dependencies(/driverless/driverless_ws/install/controls/share/colcon-core/packages/controls)
[0.883s] Level 1:colcon.colcon_core.environment:create_environment_scripts_only(interfaces)
[0.889s] Level 1:colcon.colcon_core.environment:checking '/driverless/driverless_ws/install/interfaces' for CMake module files
[0.889s] DEBUG:colcon.colcon_core.event_handler.log_command:Invoked command in '/driverless/driverless_ws/build/interfaces' returned '0': CMAKE_PREFIX_PATH=/opt/ros/foxy /usr/bin/cmake --install /driverless/driverless_ws/build/interfaces
[0.890s] Level 1:colcon.colcon_core.environment:checking '/driverless/driverless_ws/install/interfaces' for CMake config files
[0.890s] Level 1:colcon.colcon_core.shell:create_environment_hook('interfaces', 'cmake_prefix_path')
[0.895s] INFO:colcon.colcon_core.shell:Creating environment hook '/driverless/driverless_ws/install/interfaces/share/interfaces/hook/cmake_prefix_path.ps1'
[0.895s] INFO:colcon.colcon_core.shell:Creating environment descriptor '/driverless/driverless_ws/install/interfaces/share/interfaces/hook/cmake_prefix_path.dsv'
[0.895s] INFO:colcon.colcon_core.shell:Creating environment hook '/driverless/driverless_ws/install/interfaces/share/interfaces/hook/cmake_prefix_path.sh'
[0.896s] Level 1:colcon.colcon_core.environment:checking '/driverless/driverless_ws/install/interfaces/bin'
[0.896s] Level 1:colcon.colcon_core.environment:checking '/driverless/driverless_ws/install/interfaces/lib/pkgconfig/interfaces.pc'
[0.896s] Level 1:colcon.colcon_core.environment:checking '/driverless/driverless_ws/install/interfaces/lib/python3.8/site-packages'
[0.896s] Level 1:colcon.colcon_core.environment:checking '/driverless/driverless_ws/install/interfaces/bin'
[0.901s] INFO:colcon.colcon_core.shell:Creating package script '/driverless/driverless_ws/install/interfaces/share/interfaces/package.ps1'
[0.901s] INFO:colcon.colcon_core.shell:Creating package descriptor '/driverless/driverless_ws/install/interfaces/share/interfaces/package.dsv'
[0.902s] INFO:colcon.colcon_core.shell:Creating package script '/driverless/driverless_ws/install/interfaces/share/interfaces/package.sh'
[0.902s] INFO:colcon.colcon_core.shell:Creating package script '/driverless/driverless_ws/install/interfaces/share/interfaces/package.bash'
[0.902s] INFO:colcon.colcon_core.shell:Creating package script '/driverless/driverless_ws/install/interfaces/share/interfaces/package.zsh'
[0.902s] Level 1:colcon.colcon_core.environment:create_file_with_runtime_dependencies(/driverless/driverless_ws/install/interfaces/share/colcon-core/packages/interfaces)
[0.911s] Level 1:colcon.colcon_core.environment:create_environment_scripts_only(actuators)
[0.917s] Level 1:colcon.colcon_core.environment:checking '/driverless/driverless_ws/install/actuators' for CMake module files
[0.917s] Level 1:colcon.colcon_core.environment:checking '/driverless/driverless_ws/install/actuators' for CMake config files
[0.918s] Level 1:colcon.colcon_core.shell:create_environment_hook('actuators', 'cmake_prefix_path')
[0.922s] INFO:colcon.colcon_core.shell:Creating environment hook '/driverless/driverless_ws/install/actuators/share/actuators/hook/cmake_prefix_path.ps1'
[0.923s] INFO:colcon.colcon_core.shell:Creating environment descriptor '/driverless/driverless_ws/install/actuators/share/actuators/hook/cmake_prefix_path.dsv'
[0.923s] INFO:colcon.colcon_core.shell:Creating environment hook '/driverless/driverless_ws/install/actuators/share/actuators/hook/cmake_prefix_path.sh'
[0.924s] Level 1:colcon.colcon_core.environment:checking '/driverless/driverless_ws/install/actuators/bin'
[0.924s] Level 1:colcon.colcon_core.environment:checking '/driverless/driverless_ws/install/actuators/lib/pkgconfig/actuators.pc'
[0.924s] Level 1:colcon.colcon_core.environment:checking '/driverless/driverless_ws/install/actuators/lib/python3.8/site-packages'
[0.924s] Level 1:colcon.colcon_core.environment:checking '/driverless/driverless_ws/install/actuators/bin'
[0.929s] INFO:colcon.colcon_core.shell:Creating package script '/driverless/driverless_ws/install/actuators/share/actuators/package.ps1'
[0.930s] INFO:colcon.colcon_core.shell:Creating package descriptor '/driverless/driverless_ws/install/actuators/share/actuators/package.dsv'
[0.930s] INFO:colcon.colcon_core.shell:Creating package script '/driverless/driverless_ws/install/actuators/share/actuators/package.sh'
[0.931s] INFO:colcon.colcon_core.shell:Creating package script '/driverless/driverless_ws/install/actuators/share/actuators/package.bash'
[0.931s] INFO:colcon.colcon_core.shell:Creating package script '/driverless/driverless_ws/install/actuators/share/actuators/package.zsh'
[0.931s] Level 1:colcon.colcon_core.environment:create_file_with_runtime_dependencies(/driverless/driverless_ws/install/actuators/share/colcon-core/packages/actuators)
[0.933s] Level 1:colcon.colcon_core.environment:create_environment_scripts_only(perceptions)
[0.939s] Level 1:colcon.colcon_core.environment:checking '/driverless/driverless_ws/install/perceptions' for CMake module files
[0.939s] DEBUG:colcon.colcon_core.event_handler.log_command:Invoked command in '/driverless/driverless_ws/build/perceptions' returned '0': CMAKE_PREFIX_PATH=/opt/ros/foxy /usr/bin/cmake --install /driverless/driverless_ws/build/perceptions
[0.939s] Level 1:colcon.colcon_core.environment:checking '/driverless/driverless_ws/install/perceptions' for CMake config files
[0.940s] Level 1:colcon.colcon_core.shell:create_environment_hook('perceptions', 'cmake_prefix_path')
[0.948s] INFO:colcon.colcon_core.shell:Creating environment hook '/driverless/driverless_ws/install/perceptions/share/perceptions/hook/cmake_prefix_path.ps1'
[0.949s] INFO:colcon.colcon_core.shell:Creating environment descriptor '/driverless/driverless_ws/install/perceptions/share/perceptions/hook/cmake_prefix_path.dsv'
[0.949s] INFO:colcon.colcon_core.shell:Creating environment hook '/driverless/driverless_ws/install/perceptions/share/perceptions/hook/cmake_prefix_path.sh'
[0.950s] Level 1:colcon.colcon_core.environment:checking '/driverless/driverless_ws/install/perceptions/bin'
[0.950s] Level 1:colcon.colcon_core.environment:checking '/driverless/driverless_ws/install/perceptions/lib/pkgconfig/perceptions.pc'
[0.950s] Level 1:colcon.colcon_core.environment:checking '/driverless/driverless_ws/install/perceptions/lib/python3.8/site-packages'
[0.951s] Level 1:colcon.colcon_core.environment:checking '/driverless/driverless_ws/install/perceptions/bin'
[0.959s] INFO:colcon.colcon_core.shell:Creating package script '/driverless/driverless_ws/install/perceptions/share/perceptions/package.ps1'
[0.960s] INFO:colcon.colcon_core.shell:Creating package descriptor '/driverless/driverless_ws/install/perceptions/share/perceptions/package.dsv'
[0.962s] INFO:colcon.colcon_core.shell:Creating package script '/driverless/driverless_ws/install/perceptions/share/perceptions/package.sh'
[0.963s] INFO:colcon.colcon_core.shell:Creating package script '/driverless/driverless_ws/install/perceptions/share/perceptions/package.bash'
[0.963s] INFO:colcon.colcon_core.shell:Creating package script '/driverless/driverless_ws/install/perceptions/share/perceptions/package.zsh'
[0.963s] Level 1:colcon.colcon_core.environment:create_file_with_runtime_dependencies(/driverless/driverless_ws/install/perceptions/share/colcon-core/packages/perceptions)
[0.974s] Level 1:colcon.colcon_core.environment:create_environment_scripts_only(common)
[0.983s] Level 1:colcon.colcon_core.environment:checking '/driverless/driverless_ws/install/common' for CMake module files
[0.984s] Level 1:colcon.colcon_core.environment:checking '/driverless/driverless_ws/install/common' for CMake config files
[0.984s] Level 1:colcon.colcon_core.shell:create_environment_hook('common', 'cmake_prefix_path')
[0.990s] INFO:colcon.colcon_core.shell:Creating environment hook '/driverless/driverless_ws/install/common/share/common/hook/cmake_prefix_path.ps1'
[0.991s] INFO:colcon.colcon_core.shell:Creating environment descriptor '/driverless/driverless_ws/install/common/share/common/hook/cmake_prefix_path.dsv'
[0.991s] INFO:colcon.colcon_core.shell:Creating environment hook '/driverless/driverless_ws/install/common/share/common/hook/cmake_prefix_path.sh'
[0.992s] Level 1:colcon.colcon_core.environment:checking '/driverless/driverless_ws/install/common/bin'
[0.992s] Level 1:colcon.colcon_core.environment:checking '/driverless/driverless_ws/install/common/lib/pkgconfig/common.pc'
[0.992s] Level 1:colcon.colcon_core.environment:checking '/driverless/driverless_ws/install/common/lib/python3.8/site-packages'
[0.992s] Level 1:colcon.colcon_core.environment:checking '/driverless/driverless_ws/install/common/bin'
[1.000s] INFO:colcon.colcon_core.shell:Creating package script '/driverless/driverless_ws/install/common/share/common/package.ps1'
[1.001s] INFO:colcon.colcon_core.shell:Creating package descriptor '/driverless/driverless_ws/install/common/share/common/package.dsv'
[1.001s] INFO:colcon.colcon_core.shell:Creating package script '/driverless/driverless_ws/install/common/share/common/package.sh'
[1.002s] INFO:colcon.colcon_core.shell:Creating package script '/driverless/driverless_ws/install/common/share/common/package.bash'
[1.002s] INFO:colcon.colcon_core.shell:Creating package script '/driverless/driverless_ws/install/common/share/common/package.zsh'
[1.003s] Level 1:colcon.colcon_core.environment:create_file_with_runtime_dependencies(/driverless/driverless_ws/install/common/share/colcon-core/packages/common)
[1.012s] Level 1:colcon.colcon_core.environment:create_environment_scripts_only(collection)
[1.022s] Level 1:colcon.colcon_core.environment:checking '/driverless/driverless_ws/install/collection' for CMake module files
[1.022s] Level 1:colcon.colcon_core.environment:checking '/driverless/driverless_ws/install/collection' for CMake config files
[1.023s] Level 1:colcon.colcon_core.shell:create_environment_hook('collection', 'cmake_prefix_path')
[1.030s] INFO:colcon.colcon_core.shell:Creating environment hook '/driverless/driverless_ws/install/collection/share/collection/hook/cmake_prefix_path.ps1'
[1.030s] INFO:colcon.colcon_core.shell:Creating environment descriptor '/driverless/driverless_ws/install/collection/share/collection/hook/cmake_prefix_path.dsv'
[1.031s] INFO:colcon.colcon_core.shell:Creating environment hook '/driverless/driverless_ws/install/collection/share/collection/hook/cmake_prefix_path.sh'
[1.031s] Level 1:colcon.colcon_core.environment:checking '/driverless/driverless_ws/install/collection/bin'
[1.031s] Level 1:colcon.colcon_core.environment:checking '/driverless/driverless_ws/install/collection/lib/pkgconfig/collection.pc'
[1.032s] Level 1:colcon.colcon_core.environment:checking '/driverless/driverless_ws/install/collection/lib/python3.8/site-packages'
[1.032s] Level 1:colcon.colcon_core.environment:checking '/driverless/driverless_ws/install/collection/bin'
[1.038s] INFO:colcon.colcon_core.shell:Creating package script '/driverless/driverless_ws/install/collection/share/collection/package.ps1'
[1.039s] INFO:colcon.colcon_core.shell:Creating package descriptor '/driverless/driverless_ws/install/collection/share/collection/package.dsv'
[1.040s] INFO:colcon.colcon_core.shell:Creating package script '/driverless/driverless_ws/install/collection/share/collection/package.sh'
[1.040s] INFO:colcon.colcon_core.shell:Creating package script '/driverless/driverless_ws/install/collection/share/collection/package.bash'
[1.040s] INFO:colcon.colcon_core.shell:Creating package script '/driverless/driverless_ws/install/collection/share/collection/package.zsh'
[1.041s] Level 1:colcon.colcon_core.environment:create_file_with_runtime_dependencies(/driverless/driverless_ws/install/collection/share/colcon-core/packages/collection)
[1.049s] Level 1:colcon.colcon_core.environment:create_environment_scripts_only(controls)
[1.059s] Level 1:colcon.colcon_core.environment:checking '/driverless/driverless_ws/install/controls' for CMake module files
[1.060s] Level 1:colcon.colcon_core.environment:checking '/driverless/driverless_ws/install/controls' for CMake config files
[1.060s] Level 1:colcon.colcon_core.shell:create_environment_hook('controls', 'cmake_prefix_path')
[1.068s] INFO:colcon.colcon_core.shell:Creating environment hook '/driverless/driverless_ws/install/controls/share/controls/hook/cmake_prefix_path.ps1'
[1.069s] INFO:colcon.colcon_core.shell:Creating environment descriptor '/driverless/driverless_ws/install/controls/share/controls/hook/cmake_prefix_path.dsv'
[1.069s] INFO:colcon.colcon_core.shell:Creating environment hook '/driverless/driverless_ws/install/controls/share/controls/hook/cmake_prefix_path.sh'
[1.070s] Level 1:colcon.colcon_core.environment:checking '/driverless/driverless_ws/install/controls/bin'
[1.070s] Level 1:colcon.colcon_core.environment:checking '/driverless/driverless_ws/install/controls/lib/pkgconfig/controls.pc'
[1.070s] Level 1:colcon.colcon_core.environment:checking '/driverless/driverless_ws/install/controls/lib/python3.8/site-packages'
[1.070s] Level 1:colcon.colcon_core.environment:checking '/driverless/driverless_ws/install/controls/bin'
[1.077s] INFO:colcon.colcon_core.shell:Creating package script '/driverless/driverless_ws/install/controls/share/controls/package.ps1'
[1.078s] INFO:colcon.colcon_core.shell:Creating package descriptor '/driverless/driverless_ws/install/controls/share/controls/package.dsv'
[1.078s] INFO:colcon.colcon_core.shell:Creating package script '/driverless/driverless_ws/install/controls/share/controls/package.sh'
[1.078s] INFO:colcon.colcon_core.shell:Creating package script '/driverless/driverless_ws/install/controls/share/controls/package.bash'
[1.079s] INFO:colcon.colcon_core.shell:Creating package script '/driverless/driverless_ws/install/controls/share/controls/package.zsh'
[1.079s] Level 1:colcon.colcon_core.environment:create_file_with_runtime_dependencies(/driverless/driverless_ws/install/controls/share/colcon-core/packages/controls)
[1.085s] Level 1:colcon.colcon_core.environment:create_environment_scripts_only(interfaces)
[1.090s] Level 1:colcon.colcon_core.environment:checking '/driverless/driverless_ws/install/interfaces' for CMake module files
[1.091s] Level 1:colcon.colcon_core.environment:checking '/driverless/driverless_ws/install/interfaces' for CMake config files
[1.091s] Level 1:colcon.colcon_core.shell:create_environment_hook('interfaces', 'cmake_prefix_path')
[1.097s] INFO:colcon.colcon_core.shell:Creating environment hook '/driverless/driverless_ws/install/interfaces/share/interfaces/hook/cmake_prefix_path.ps1'
[1.098s] INFO:colcon.colcon_core.shell:Creating environment descriptor '/driverless/driverless_ws/install/interfaces/share/interfaces/hook/cmake_prefix_path.dsv'
[1.098s] INFO:colcon.colcon_core.shell:Creating environment hook '/driverless/driverless_ws/install/interfaces/share/interfaces/hook/cmake_prefix_path.sh'
[1.098s] Level 1:colcon.colcon_core.environment:checking '/driverless/driverless_ws/install/interfaces/bin'
[1.098s] Level 1:colcon.colcon_core.environment:checking '/driverless/driverless_ws/install/interfaces/lib/pkgconfig/interfaces.pc'
[1.099s] Level 1:colcon.colcon_core.environment:checking '/driverless/driverless_ws/install/interfaces/lib/python3.8/site-packages'
[1.099s] Level 1:colcon.colcon_core.environment:checking '/driverless/driverless_ws/install/interfaces/bin'
[1.103s] INFO:colcon.colcon_core.shell:Creating package script '/driverless/driverless_ws/install/interfaces/share/interfaces/package.ps1'
[1.103s] INFO:colcon.colcon_core.shell:Creating package descriptor '/driverless/driverless_ws/install/interfaces/share/interfaces/package.dsv'
[1.104s] INFO:colcon.colcon_core.shell:Creating package script '/driverless/driverless_ws/install/interfaces/share/interfaces/package.sh'
[1.104s] INFO:colcon.colcon_core.shell:Creating package script '/driverless/driverless_ws/install/interfaces/share/interfaces/package.bash'
[1.104s] INFO:colcon.colcon_core.shell:Creating package script '/driverless/driverless_ws/install/interfaces/share/interfaces/package.zsh'
[1.105s] Level 1:colcon.colcon_core.environment:create_file_with_runtime_dependencies(/driverless/driverless_ws/install/interfaces/share/colcon-core/packages/interfaces)
[1.108s] DEBUG:colcon.colcon_core.event_handler.log_command:Invoked command in '/driverless/driverless_ws/build/eufs_msgs' returned '0': CMAKE_PREFIX_PATH=/opt/ros/foxy /usr/bin/cmake --build /driverless/driverless_ws/build/eufs_msgs -- -j8 -l8
[1.113s] Level 1:colcon.colcon_core.environment:create_environment_scripts_only(perceptions)
[1.119s] Level 1:colcon.colcon_core.environment:checking '/driverless/driverless_ws/install/perceptions' for CMake module files
[1.120s] Level 1:colcon.colcon_core.environment:checking '/driverless/driverless_ws/install/perceptions' for CMake config files
[1.120s] Level 1:colcon.colcon_core.shell:create_environment_hook('perceptions', 'cmake_prefix_path')
[1.124s] INFO:colcon.colcon_core.shell:Creating environment hook '/driverless/driverless_ws/install/perceptions/share/perceptions/hook/cmake_prefix_path.ps1'
[1.125s] INFO:colcon.colcon_core.shell:Creating environment descriptor '/driverless/driverless_ws/install/perceptions/share/perceptions/hook/cmake_prefix_path.dsv'
[1.125s] INFO:colcon.colcon_core.shell:Creating environment hook '/driverless/driverless_ws/install/perceptions/share/perceptions/hook/cmake_prefix_path.sh'
[1.126s] Level 1:colcon.colcon_core.environment:checking '/driverless/driverless_ws/install/perceptions/bin'
[1.126s] Level 1:colcon.colcon_core.environment:checking '/driverless/driverless_ws/install/perceptions/lib/pkgconfig/perceptions.pc'
[1.127s] Level 1:colcon.colcon_core.environment:checking '/driverless/driverless_ws/install/perceptions/lib/python3.8/site-packages'
[1.127s] Level 1:colcon.colcon_core.environment:checking '/driverless/driverless_ws/install/perceptions/bin'
[1.133s] INFO:colcon.colcon_core.shell:Creating package script '/driverless/driverless_ws/install/perceptions/share/perceptions/package.ps1'
[1.133s] INFO:colcon.colcon_core.shell:Creating package descriptor '/driverless/driverless_ws/install/perceptions/share/perceptions/package.dsv'
[1.134s] INFO:colcon.colcon_core.shell:Creating package script '/driverless/driverless_ws/install/perceptions/share/perceptions/package.sh'
[1.134s] INFO:colcon.colcon_core.shell:Creating package script '/driverless/driverless_ws/install/perceptions/share/perceptions/package.bash'
[1.135s] INFO:colcon.colcon_core.shell:Creating package script '/driverless/driverless_ws/install/perceptions/share/perceptions/package.zsh'
[1.135s] Level 1:colcon.colcon_core.environment:create_file_with_runtime_dependencies(/driverless/driverless_ws/install/perceptions/share/colcon-core/packages/perceptions)
[1.754s] DEBUG:colcon.colcon_core.event_handler.log_command:Invoking command in '/driverless/driverless_ws/build/eufs_msgs': CMAKE_PREFIX_PATH=/opt/ros/foxy /usr/bin/cmake --install /driverless/driverless_ws/build/eufs_msgs
[1.911s] Level 1:colcon.colcon_core.environment:create_environment_scripts_only(eufs_msgs)
[1.918s] Level 1:colcon.colcon_core.environment:checking '/driverless/driverless_ws/install/eufs_msgs' for CMake module files
[1.919s] DEBUG:colcon.colcon_core.event_handler.log_command:Invoked command in '/driverless/driverless_ws/build/eufs_msgs' returned '0': CMAKE_PREFIX_PATH=/opt/ros/foxy /usr/bin/cmake --install /driverless/driverless_ws/build/eufs_msgs
[1.919s] Level 1:colcon.colcon_core.environment:checking '/driverless/driverless_ws/install/eufs_msgs' for CMake config files
[1.924s] Level 1:colcon.colcon_core.shell:create_environment_hook('eufs_msgs', 'cmake_prefix_path')
[1.930s] INFO:colcon.colcon_core.shell:Creating environment hook '/driverless/driverless_ws/install/eufs_msgs/share/eufs_msgs/hook/cmake_prefix_path.ps1'
[1.930s] INFO:colcon.colcon_core.shell:Creating environment descriptor '/driverless/driverless_ws/install/eufs_msgs/share/eufs_msgs/hook/cmake_prefix_path.dsv'
[1.931s] INFO:colcon.colcon_core.shell:Creating environment hook '/driverless/driverless_ws/install/eufs_msgs/share/eufs_msgs/hook/cmake_prefix_path.sh'
[1.931s] Level 1:colcon.colcon_core.environment:checking '/driverless/driverless_ws/install/eufs_msgs/lib'
[1.931s] Level 1:colcon.colcon_core.shell:create_environment_hook('eufs_msgs', 'ld_library_path_lib')
[1.937s] INFO:colcon.colcon_core.shell:Creating environment hook '/driverless/driverless_ws/install/eufs_msgs/share/eufs_msgs/hook/ld_library_path_lib.ps1'
[1.937s] INFO:colcon.colcon_core.shell:Creating environment descriptor '/driverless/driverless_ws/install/eufs_msgs/share/eufs_msgs/hook/ld_library_path_lib.dsv'
[1.937s] INFO:colcon.colcon_core.shell:Creating environment hook '/driverless/driverless_ws/install/eufs_msgs/share/eufs_msgs/hook/ld_library_path_lib.sh'
[1.938s] Level 1:colcon.colcon_core.environment:checking '/driverless/driverless_ws/install/eufs_msgs/bin'
[1.938s] Level 1:colcon.colcon_core.environment:checking '/driverless/driverless_ws/install/eufs_msgs/lib/pkgconfig/eufs_msgs.pc'
[1.938s] Level 1:colcon.colcon_core.environment:checking '/driverless/driverless_ws/install/eufs_msgs/lib/python3.8/site-packages'
[1.938s] Level 1:colcon.colcon_core.shell:create_environment_hook('eufs_msgs', 'pythonpath')
[1.943s] INFO:colcon.colcon_core.shell:Creating environment hook '/driverless/driverless_ws/install/eufs_msgs/share/eufs_msgs/hook/pythonpath.ps1'
[1.944s] INFO:colcon.colcon_core.shell:Creating environment descriptor '/driverless/driverless_ws/install/eufs_msgs/share/eufs_msgs/hook/pythonpath.dsv'
[1.944s] INFO:colcon.colcon_core.shell:Creating environment hook '/driverless/driverless_ws/install/eufs_msgs/share/eufs_msgs/hook/pythonpath.sh'
[1.945s] Level 1:colcon.colcon_core.environment:checking '/driverless/driverless_ws/install/eufs_msgs/bin'
[1.952s] INFO:colcon.colcon_core.shell:Creating package script '/driverless/driverless_ws/install/eufs_msgs/share/eufs_msgs/package.ps1'
[1.953s] INFO:colcon.colcon_core.shell:Creating package descriptor '/driverless/driverless_ws/install/eufs_msgs/share/eufs_msgs/package.dsv'
[1.953s] INFO:colcon.colcon_core.shell:Creating package script '/driverless/driverless_ws/install/eufs_msgs/share/eufs_msgs/package.sh'
[1.954s] INFO:colcon.colcon_core.shell:Creating package script '/driverless/driverless_ws/install/eufs_msgs/share/eufs_msgs/package.bash'
[1.954s] INFO:colcon.colcon_core.shell:Creating package script '/driverless/driverless_ws/install/eufs_msgs/share/eufs_msgs/package.zsh'
[1.954s] Level 1:colcon.colcon_core.environment:create_file_with_runtime_dependencies(/driverless/driverless_ws/install/eufs_msgs/share/colcon-core/packages/eufs_msgs)
[2.669s] Level 1:colcon.colcon_core.environment:create_environment_scripts_only(eufs_msgs)
[2.677s] Level 1:colcon.colcon_core.environment:checking '/driverless/driverless_ws/install/eufs_msgs' for CMake module files
[2.677s] Level 1:colcon.colcon_core.environment:checking '/driverless/driverless_ws/install/eufs_msgs' for CMake config files
[2.680s] Level 1:colcon.colcon_core.shell:create_environment_hook('eufs_msgs', 'cmake_prefix_path')
[2.684s] INFO:colcon.colcon_core.shell:Creating environment hook '/driverless/driverless_ws/install/eufs_msgs/share/eufs_msgs/hook/cmake_prefix_path.ps1'
[2.684s] INFO:colcon.colcon_core.shell:Creating environment descriptor '/driverless/driverless_ws/install/eufs_msgs/share/eufs_msgs/hook/cmake_prefix_path.dsv'
[2.685s] INFO:colcon.colcon_core.shell:Creating environment hook '/driverless/driverless_ws/install/eufs_msgs/share/eufs_msgs/hook/cmake_prefix_path.sh'
[2.685s] Level 1:colcon.colcon_core.environment:checking '/driverless/driverless_ws/install/eufs_msgs/lib'
[2.685s] Level 1:colcon.colcon_core.shell:create_environment_hook('eufs_msgs', 'ld_library_path_lib')
[2.689s] INFO:colcon.colcon_core.shell:Creating environment hook '/driverless/driverless_ws/install/eufs_msgs/share/eufs_msgs/hook/ld_library_path_lib.ps1'
[2.689s] INFO:colcon.colcon_core.shell:Creating environment descriptor '/driverless/driverless_ws/install/eufs_msgs/share/eufs_msgs/hook/ld_library_path_lib.dsv'
[2.689s] INFO:colcon.colcon_core.shell:Creating environment hook '/driverless/driverless_ws/install/eufs_msgs/share/eufs_msgs/hook/ld_library_path_lib.sh'
[2.689s] Level 1:colcon.colcon_core.environment:checking '/driverless/driverless_ws/install/eufs_msgs/bin'
[2.689s] Level 1:colcon.colcon_core.environment:checking '/driverless/driverless_ws/install/eufs_msgs/lib/pkgconfig/eufs_msgs.pc'
[2.690s] Level 1:colcon.colcon_core.environment:checking '/driverless/driverless_ws/install/eufs_msgs/lib/python3.8/site-packages'
[2.690s] Level 1:colcon.colcon_core.shell:create_environment_hook('eufs_msgs', 'pythonpath')
[2.693s] INFO:colcon.colcon_core.shell:Creating environment hook '/driverless/driverless_ws/install/eufs_msgs/share/eufs_msgs/hook/pythonpath.ps1'
[2.693s] INFO:colcon.colcon_core.shell:Creating environment descriptor '/driverless/driverless_ws/install/eufs_msgs/share/eufs_msgs/hook/pythonpath.dsv'
[2.693s] INFO:colcon.colcon_core.shell:Creating environment hook '/driverless/driverless_ws/install/eufs_msgs/share/eufs_msgs/hook/pythonpath.sh'
[2.694s] Level 1:colcon.colcon_core.environment:checking '/driverless/driverless_ws/install/eufs_msgs/bin'
[2.697s] INFO:colcon.colcon_core.shell:Creating package script '/driverless/driverless_ws/install/eufs_msgs/share/eufs_msgs/package.ps1'
[2.698s] INFO:colcon.colcon_core.shell:Creating package descriptor '/driverless/driverless_ws/install/eufs_msgs/share/eufs_msgs/package.dsv'
[2.698s] INFO:colcon.colcon_core.shell:Creating package script '/driverless/driverless_ws/install/eufs_msgs/share/eufs_msgs/package.sh'
[2.698s] INFO:colcon.colcon_core.shell:Creating package script '/driverless/driverless_ws/install/eufs_msgs/share/eufs_msgs/package.bash'
[2.698s] INFO:colcon.colcon_core.shell:Creating package script '/driverless/driverless_ws/install/eufs_msgs/share/eufs_msgs/package.zsh'
[2.699s] Level 1:colcon.colcon_core.environment:create_file_with_runtime_dependencies(/driverless/driverless_ws/install/eufs_msgs/share/colcon-core/packages/eufs_msgs)
[2.699s] INFO:colcon.colcon_ros.task.ament_cmake.build:Building ROS package in '/driverless/driverless_ws/src/planning' with build type 'ament_cmake'
[2.699s] INFO:colcon.colcon_cmake.task.cmake.build:Building CMake package in '/driverless/driverless_ws/src/planning'
[2.703s] INFO:colcon.colcon_core.shell:Skip shell extension 'powershell' for command environment: Not usable outside of PowerShell
[2.703s] DEBUG:colcon.colcon_core.shell:Skip shell extension 'dsv' for command environment
[2.719s] DEBUG:colcon.colcon_core.event_handler.log_command:Invoking command in '/driverless/driverless_ws/build/planning': AMENT_PREFIX_PATH=/driverless/driverless_ws/install/eufs_msgs:${AMENT_PREFIX_PATH} CMAKE_PREFIX_PATH=/driverless/driverless_ws/install/eufs_msgs:/opt/ros/foxy LD_LIBRARY_PATH=/driverless/driverless_ws/install/eufs_msgs/lib:${LD_LIBRARY_PATH} PYTHONPATH=/driverless/driverless_ws/install/eufs_msgs/lib/python3.8/site-packages:${PYTHONPATH} /usr/bin/cmake --build /driverless/driverless_ws/build/planning -- -j8 -l8
[2.864s] DEBUG:colcon.colcon_core.event_handler.log_command:Invoked command in '/driverless/driverless_ws/build/planning' returned '2': AMENT_PREFIX_PATH=/driverless/driverless_ws/install/eufs_msgs:${AMENT_PREFIX_PATH} CMAKE_PREFIX_PATH=/driverless/driverless_ws/install/eufs_msgs:/opt/ros/foxy LD_LIBRARY_PATH=/driverless/driverless_ws/install/eufs_msgs/lib:${LD_LIBRARY_PATH} PYTHONPATH=/driverless/driverless_ws/install/eufs_msgs/lib/python3.8/site-packages:${PYTHONPATH} /usr/bin/cmake --build /driverless/driverless_ws/build/planning -- -j8 -l8
[2.889s] Level 1:colcon.colcon_core.environment:create_environment_scripts_only(planning)
[2.895s] Level 1:colcon.colcon_core.environment:checking '/driverless/driverless_ws/install/planning' for CMake module files
[2.895s] Level 1:colcon.colcon_core.environment:checking '/driverless/driverless_ws/install/planning' for CMake config files
[2.896s] Level 1:colcon.colcon_core.environment:checking '/driverless/driverless_ws/install/planning/bin'
[2.896s] Level 1:colcon.colcon_core.environment:checking '/driverless/driverless_ws/install/planning/lib/pkgconfig/planning.pc'
[2.896s] Level 1:colcon.colcon_core.environment:checking '/driverless/driverless_ws/install/planning/lib/python3.8/site-packages'
[2.896s] Level 1:colcon.colcon_core.environment:checking '/driverless/driverless_ws/install/planning/bin'
[2.900s] INFO:colcon.colcon_core.shell:Creating package script '/driverless/driverless_ws/install/planning/share/planning/package.ps1'
[2.900s] INFO:colcon.colcon_core.shell:Creating package descriptor '/driverless/driverless_ws/install/planning/share/planning/package.dsv'
[2.901s] INFO:colcon.colcon_core.shell:Creating package script '/driverless/driverless_ws/install/planning/share/planning/package.sh'
[2.901s] INFO:colcon.colcon_core.shell:Creating package script '/driverless/driverless_ws/install/planning/share/planning/package.bash'
[2.901s] INFO:colcon.colcon_core.shell:Creating package script '/driverless/driverless_ws/install/planning/share/planning/package.zsh'
[2.902s] Level 1:colcon.colcon_core.environment:create_file_with_runtime_dependencies(/driverless/driverless_ws/install/planning/share/colcon-core/packages/planning)
[2.912s] DEBUG:colcon.colcon_parallel_executor.executor.parallel:closing loop
[2.912s] DEBUG:colcon.colcon_parallel_executor.executor.parallel:loop closed
[2.912s] DEBUG:colcon.colcon_parallel_executor.executor.parallel:run_until_complete finished with '2'
[2.912s] DEBUG:colcon.colcon_core.event_reactor:joining thread
[2.921s] INFO:colcon.colcon_core.plugin_system:Skipping extension 'colcon_notification.desktop_notification.notify_send': Could not find 'notify-send'
[2.921s] INFO:colcon.colcon_core.plugin_system:Skipping extension 'colcon_notification.desktop_notification.terminal_notifier': Not used on non-Darwin systems
[2.921s] INFO:colcon.colcon_core.plugin_system:Skipping extension 'colcon_notification.desktop_notification.win32': Not used on non-Windows systems
[2.921s] INFO:colcon.colcon_notification.desktop_notification:Sending desktop notification using 'notify2'
[2.926s] DEBUG:colcon.colcon_notification.desktop_notification.notify2:Failed to initialize notify2: org.freedesktop.DBus.Error.ServiceUnknown: The name org.freedesktop.Notifications was not provided by any .service files
[2.926s] DEBUG:colcon.colcon_core.event_reactor:joined thread
[2.931s] INFO:colcon.colcon_core.shell:Creating prefix script '/driverless/driverless_ws/install/local_setup.ps1'
[2.932s] INFO:colcon.colcon_core.shell:Creating prefix util module '/driverless/driverless_ws/install/_local_setup_util_ps1.py'
[2.933s] INFO:colcon.colcon_core.shell:Creating prefix chain script '/driverless/driverless_ws/install/setup.ps1'
[2.937s] INFO:colcon.colcon_core.shell:Creating prefix script '/driverless/driverless_ws/install/local_setup.sh'
[2.938s] INFO:colcon.colcon_core.shell:Creating prefix util module '/driverless/driverless_ws/install/_local_setup_util_sh.py'
[2.938s] INFO:colcon.colcon_core.shell:Creating prefix chain script '/driverless/driverless_ws/install/setup.sh'
[2.941s] INFO:colcon.colcon_core.shell:Creating prefix script '/driverless/driverless_ws/install/local_setup.bash'
[2.942s] INFO:colcon.colcon_core.shell:Creating prefix chain script '/driverless/driverless_ws/install/setup.bash'
[2.945s] INFO:colcon.colcon_core.shell:Creating prefix script '/driverless/driverless_ws/install/local_setup.zsh'
[2.945s] INFO:colcon.colcon_core.shell:Creating prefix chain script '/driverless/driverless_ws/install/setup.zsh'
