running egg_info
creating ../../build/cmrdv_common/cmrdv_common.egg-info
writing ../../build/cmrdv_common/cmrdv_common.egg-info/PKG-INFO
writing dependency_links to ../../build/cmrdv_common/cmrdv_common.egg-info/dependency_links.txt
writing entry points to ../../build/cmrdv_common/cmrdv_common.egg-info/entry_points.txt
writing requirements to ../../build/cmrdv_common/cmrdv_common.egg-info/requires.txt
writing top-level names to ../../build/cmrdv_common/cmrdv_common.egg-info/top_level.txt
writing manifest file '../../build/cmrdv_common/cmrdv_common.egg-info/SOURCES.txt'
reading manifest file '../../build/cmrdv_common/cmrdv_common.egg-info/SOURCES.txt'
writing manifest file '../../build/cmrdv_common/cmrdv_common.egg-info/SOURCES.txt'
running build
running build_py
creating /home/ankit/Documents/Autonomous/cmr-fsdv/cmrdv_ws/build/cmrdv_common/build
creating /home/ankit/Documents/Autonomous/cmr-fsdv/cmrdv_ws/build/cmrdv_common/build/lib
creating /home/ankit/Documents/Autonomous/cmr-fsdv/cmrdv_ws/build/cmrdv_common/build/lib/cmrdv_common
copying cmrdv_common/conversions.py -> /home/ankit/Documents/Autonomous/cmr-fsdv/cmrdv_ws/build/cmrdv_common/build/lib/cmrdv_common
copying cmrdv_common/__init__.py -> /home/ankit/Documents/Autonomous/cmr-fsdv/cmrdv_ws/build/cmrdv_common/build/lib/cmrdv_common
creating /home/ankit/Documents/Autonomous/cmr-fsdv/cmrdv_ws/build/cmrdv_common/build/lib/cmrdv_common/config
copying cmrdv_common/config/perceptions_config.py -> /home/ankit/Documents/Autonomous/cmr-fsdv/cmrdv_ws/build/cmrdv_common/build/lib/cmrdv_common/config
copying cmrdv_common/config/planning_config.py -> /home/ankit/Documents/Autonomous/cmr-fsdv/cmrdv_ws/build/cmrdv_common/build/lib/cmrdv_common/config
copying cmrdv_common/config/actuators_config.py -> /home/ankit/Documents/Autonomous/cmr-fsdv/cmrdv_ws/build/cmrdv_common/build/lib/cmrdv_common/config
copying cmrdv_common/config/controls_config.py -> /home/ankit/Documents/Autonomous/cmr-fsdv/cmrdv_ws/build/cmrdv_common/build/lib/cmrdv_common/config
copying cmrdv_common/config/common_config.py -> /home/ankit/Documents/Autonomous/cmr-fsdv/cmrdv_ws/build/cmrdv_common/build/lib/cmrdv_common/config
copying cmrdv_common/config/__init__.py -> /home/ankit/Documents/Autonomous/cmr-fsdv/cmrdv_ws/build/cmrdv_common/build/lib/cmrdv_common/config
copying cmrdv_common/config/collection_config.py -> /home/ankit/Documents/Autonomous/cmr-fsdv/cmrdv_ws/build/cmrdv_common/build/lib/cmrdv_common/config
creating /home/ankit/Documents/Autonomous/cmr-fsdv/cmrdv_ws/build/cmrdv_common/build/lib/cmrdv_common/DIM
copying cmrdv_common/DIM/dim_request.py -> /home/ankit/Documents/Autonomous/cmr-fsdv/cmrdv_ws/build/cmrdv_common/build/lib/cmrdv_common/DIM
copying cmrdv_common/DIM/dim_heartbeat.py -> /home/ankit/Documents/Autonomous/cmr-fsdv/cmrdv_ws/build/cmrdv_common/build/lib/cmrdv_common/DIM
copying cmrdv_common/DIM/__init__.py -> /home/ankit/Documents/Autonomous/cmr-fsdv/cmrdv_ws/build/cmrdv_common/build/lib/cmrdv_common/DIM
creating /home/ankit/Documents/Autonomous/cmr-fsdv/cmrdv_ws/build/cmrdv_common/build/lib/cmrdv_common/heartbeat
copying cmrdv_common/heartbeat/global.py -> /home/ankit/Documents/Autonomous/cmr-fsdv/cmrdv_ws/build/cmrdv_common/build/lib/cmrdv_common/heartbeat
copying cmrdv_common/heartbeat/heart.py -> /home/ankit/Documents/Autonomous/cmr-fsdv/cmrdv_ws/build/cmrdv_common/build/lib/cmrdv_common/heartbeat
copying cmrdv_common/heartbeat/__init__.py -> /home/ankit/Documents/Autonomous/cmr-fsdv/cmrdv_ws/build/cmrdv_common/build/lib/cmrdv_common/heartbeat
running install
running install_lib
creating /home/ankit/Documents/Autonomous/cmr-fsdv/cmrdv_ws/install/cmrdv_common/lib/python3.8/site-packages/cmrdv_common
creating /home/ankit/Documents/Autonomous/cmr-fsdv/cmrdv_ws/install/cmrdv_common/lib/python3.8/site-packages/cmrdv_common/config
copying /home/ankit/Documents/Autonomous/cmr-fsdv/cmrdv_ws/build/cmrdv_common/build/lib/cmrdv_common/config/perceptions_config.py -> /home/ankit/Documents/Autonomous/cmr-fsdv/cmrdv_ws/install/cmrdv_common/lib/python3.8/site-packages/cmrdv_common/config
copying /home/ankit/Documents/Autonomous/cmr-fsdv/cmrdv_ws/build/cmrdv_common/build/lib/cmrdv_common/config/planning_config.py -> /home/ankit/Documents/Autonomous/cmr-fsdv/cmrdv_ws/install/cmrdv_common/lib/python3.8/site-packages/cmrdv_common/config
copying /home/ankit/Documents/Autonomous/cmr-fsdv/cmrdv_ws/build/cmrdv_common/build/lib/cmrdv_common/config/actuators_config.py -> /home/ankit/Documents/Autonomous/cmr-fsdv/cmrdv_ws/install/cmrdv_common/lib/python3.8/site-packages/cmrdv_common/config
copying /home/ankit/Documents/Autonomous/cmr-fsdv/cmrdv_ws/build/cmrdv_common/build/lib/cmrdv_common/config/controls_config.py -> /home/ankit/Documents/Autonomous/cmr-fsdv/cmrdv_ws/install/cmrdv_common/lib/python3.8/site-packages/cmrdv_common/config
copying /home/ankit/Documents/Autonomous/cmr-fsdv/cmrdv_ws/build/cmrdv_common/build/lib/cmrdv_common/config/common_config.py -> /home/ankit/Documents/Autonomous/cmr-fsdv/cmrdv_ws/install/cmrdv_common/lib/python3.8/site-packages/cmrdv_common/config
copying /home/ankit/Documents/Autonomous/cmr-fsdv/cmrdv_ws/build/cmrdv_common/build/lib/cmrdv_common/config/__init__.py -> /home/ankit/Documents/Autonomous/cmr-fsdv/cmrdv_ws/install/cmrdv_common/lib/python3.8/site-packages/cmrdv_common/config
copying /home/ankit/Documents/Autonomous/cmr-fsdv/cmrdv_ws/build/cmrdv_common/build/lib/cmrdv_common/config/collection_config.py -> /home/ankit/Documents/Autonomous/cmr-fsdv/cmrdv_ws/install/cmrdv_common/lib/python3.8/site-packages/cmrdv_common/config
creating /home/ankit/Documents/Autonomous/cmr-fsdv/cmrdv_ws/install/cmrdv_common/lib/python3.8/site-packages/cmrdv_common/DIM
copying /home/ankit/Documents/Autonomous/cmr-fsdv/cmrdv_ws/build/cmrdv_common/build/lib/cmrdv_common/DIM/dim_request.py -> /home/ankit/Documents/Autonomous/cmr-fsdv/cmrdv_ws/install/cmrdv_common/lib/python3.8/site-packages/cmrdv_common/DIM
copying /home/ankit/Documents/Autonomous/cmr-fsdv/cmrdv_ws/build/cmrdv_common/build/lib/cmrdv_common/DIM/dim_heartbeat.py -> /home/ankit/Documents/Autonomous/cmr-fsdv/cmrdv_ws/install/cmrdv_common/lib/python3.8/site-packages/cmrdv_common/DIM
copying /home/ankit/Documents/Autonomous/cmr-fsdv/cmrdv_ws/build/cmrdv_common/build/lib/cmrdv_common/DIM/__init__.py -> /home/ankit/Documents/Autonomous/cmr-fsdv/cmrdv_ws/install/cmrdv_common/lib/python3.8/site-packages/cmrdv_common/DIM
copying /home/ankit/Documents/Autonomous/cmr-fsdv/cmrdv_ws/build/cmrdv_common/build/lib/cmrdv_common/conversions.py -> /home/ankit/Documents/Autonomous/cmr-fsdv/cmrdv_ws/install/cmrdv_common/lib/python3.8/site-packages/cmrdv_common
copying /home/ankit/Documents/Autonomous/cmr-fsdv/cmrdv_ws/build/cmrdv_common/build/lib/cmrdv_common/__init__.py -> /home/ankit/Documents/Autonomous/cmr-fsdv/cmrdv_ws/install/cmrdv_common/lib/python3.8/site-packages/cmrdv_common
creating /home/ankit/Documents/Autonomous/cmr-fsdv/cmrdv_ws/install/cmrdv_common/lib/python3.8/site-packages/cmrdv_common/heartbeat
copying /home/ankit/Documents/Autonomous/cmr-fsdv/cmrdv_ws/build/cmrdv_common/build/lib/cmrdv_common/heartbeat/global.py -> /home/ankit/Documents/Autonomous/cmr-fsdv/cmrdv_ws/install/cmrdv_common/lib/python3.8/site-packages/cmrdv_common/heartbeat
copying /home/ankit/Documents/Autonomous/cmr-fsdv/cmrdv_ws/build/cmrdv_common/build/lib/cmrdv_common/heartbeat/heart.py -> /home/ankit/Documents/Autonomous/cmr-fsdv/cmrdv_ws/install/cmrdv_common/lib/python3.8/site-packages/cmrdv_common/heartbeat
copying /home/ankit/Documents/Autonomous/cmr-fsdv/cmrdv_ws/build/cmrdv_common/build/lib/cmrdv_common/heartbeat/__init__.py -> /home/ankit/Documents/Autonomous/cmr-fsdv/cmrdv_ws/install/cmrdv_common/lib/python3.8/site-packages/cmrdv_common/heartbeat
byte-compiling /home/ankit/Documents/Autonomous/cmr-fsdv/cmrdv_ws/install/cmrdv_common/lib/python3.8/site-packages/cmrdv_common/config/perceptions_config.py to perceptions_config.cpython-38.pyc
byte-compiling /home/ankit/Documents/Autonomous/cmr-fsdv/cmrdv_ws/install/cmrdv_common/lib/python3.8/site-packages/cmrdv_common/config/planning_config.py to planning_config.cpython-38.pyc
byte-compiling /home/ankit/Documents/Autonomous/cmr-fsdv/cmrdv_ws/install/cmrdv_common/lib/python3.8/site-packages/cmrdv_common/config/actuators_config.py to actuators_config.cpython-38.pyc
byte-compiling /home/ankit/Documents/Autonomous/cmr-fsdv/cmrdv_ws/install/cmrdv_common/lib/python3.8/site-packages/cmrdv_common/config/controls_config.py to controls_config.cpython-38.pyc
byte-compiling /home/ankit/Documents/Autonomous/cmr-fsdv/cmrdv_ws/install/cmrdv_common/lib/python3.8/site-packages/cmrdv_common/config/common_config.py to common_config.cpython-38.pyc
byte-compiling /home/ankit/Documents/Autonomous/cmr-fsdv/cmrdv_ws/install/cmrdv_common/lib/python3.8/site-packages/cmrdv_common/config/__init__.py to __init__.cpython-38.pyc
byte-compiling /home/ankit/Documents/Autonomous/cmr-fsdv/cmrdv_ws/install/cmrdv_common/lib/python3.8/site-packages/cmrdv_common/config/collection_config.py to collection_config.cpython-38.pyc
byte-compiling /home/ankit/Documents/Autonomous/cmr-fsdv/cmrdv_ws/install/cmrdv_common/lib/python3.8/site-packages/cmrdv_common/DIM/dim_request.py to dim_request.cpython-38.pyc
byte-compiling /home/ankit/Documents/Autonomous/cmr-fsdv/cmrdv_ws/install/cmrdv_common/lib/python3.8/site-packages/cmrdv_common/DIM/dim_heartbeat.py to dim_heartbeat.cpython-38.pyc
byte-compiling /home/ankit/Documents/Autonomous/cmr-fsdv/cmrdv_ws/install/cmrdv_common/lib/python3.8/site-packages/cmrdv_common/DIM/__init__.py to __init__.cpython-38.pyc
byte-compiling /home/ankit/Documents/Autonomous/cmr-fsdv/cmrdv_ws/install/cmrdv_common/lib/python3.8/site-packages/cmrdv_common/conversions.py to conversions.cpython-38.pyc
byte-compiling /home/ankit/Documents/Autonomous/cmr-fsdv/cmrdv_ws/install/cmrdv_common/lib/python3.8/site-packages/cmrdv_common/__init__.py to __init__.cpython-38.pyc
byte-compiling /home/ankit/Documents/Autonomous/cmr-fsdv/cmrdv_ws/install/cmrdv_common/lib/python3.8/site-packages/cmrdv_common/heartbeat/global.py to global.cpython-38.pyc
byte-compiling /home/ankit/Documents/Autonomous/cmr-fsdv/cmrdv_ws/install/cmrdv_common/lib/python3.8/site-packages/cmrdv_common/heartbeat/heart.py to heart.cpython-38.pyc
byte-compiling /home/ankit/Documents/Autonomous/cmr-fsdv/cmrdv_ws/install/cmrdv_common/lib/python3.8/site-packages/cmrdv_common/heartbeat/__init__.py to __init__.cpython-38.pyc
running install_data
creating /home/ankit/Documents/Autonomous/cmr-fsdv/cmrdv_ws/install/cmrdv_common/share/ament_index
creating /home/ankit/Documents/Autonomous/cmr-fsdv/cmrdv_ws/install/cmrdv_common/share/ament_index/resource_index
creating /home/ankit/Documents/Autonomous/cmr-fsdv/cmrdv_ws/install/cmrdv_common/share/ament_index/resource_index/packages
copying resource/cmrdv_common -> /home/ankit/Documents/Autonomous/cmr-fsdv/cmrdv_ws/install/cmrdv_common/share/ament_index/resource_index/packages
copying package.xml -> /home/ankit/Documents/Autonomous/cmr-fsdv/cmrdv_ws/install/cmrdv_common/share/cmrdv_common
running install_egg_info
Copying ../../build/cmrdv_common/cmrdv_common.egg-info to /home/ankit/Documents/Autonomous/cmr-fsdv/cmrdv_ws/install/cmrdv_common/lib/python3.8/site-packages/cmrdv_common-0.0.0-py3.8.egg-info
running install_scripts
Installing dim script to /home/ankit/Documents/Autonomous/cmr-fsdv/cmrdv_ws/install/cmrdv_common/lib/cmrdv_common
Installing dim_heartbeat script to /home/ankit/Documents/Autonomous/cmr-fsdv/cmrdv_ws/install/cmrdv_common/lib/cmrdv_common
Installing dim_request script to /home/ankit/Documents/Autonomous/cmr-fsdv/cmrdv_ws/install/cmrdv_common/lib/cmrdv_common
Installing heartbeat script to /home/ankit/Documents/Autonomous/cmr-fsdv/cmrdv_ws/install/cmrdv_common/lib/cmrdv_common
Installing perceptions script to /home/ankit/Documents/Autonomous/cmr-fsdv/cmrdv_ws/install/cmrdv_common/lib/cmrdv_common
Installing planning script to /home/ankit/Documents/Autonomous/cmr-fsdv/cmrdv_ws/install/cmrdv_common/lib/cmrdv_common
writing list of installed files to '/home/ankit/Documents/Autonomous/cmr-fsdv/cmrdv_ws/build/cmrdv_common/install.log'
