[0.776s] Invoking command in '/home/ankit/Documents/Autonomous/cmr-fsdv/cmrdv_ws/src/cmrdv_common': PYTHONPATH=/home/ankit/Documents/Autonomous/cmr-fsdv/cmrdv_ws/build/cmrdv_common/prefix_override:/home/ankit/Documents/Autonomous/cmr-fsdv/cmrdv_ws/install/cmrdv_common/lib/python3.8/site-packages:${PYTHONPATH} /usr/bin/python3 setup.py egg_info --egg-base ../../build/cmrdv_common build --build-base /home/ankit/Documents/Autonomous/cmr-fsdv/cmrdv_ws/build/cmrdv_common/build install --record /home/ankit/Documents/Autonomous/cmr-fsdv/cmrdv_ws/build/cmrdv_common/install.log --single-version-externally-managed
[0.975s] running egg_info
[0.975s] creating ../../build/cmrdv_common/cmrdv_common.egg-info
[0.975s] writing ../../build/cmrdv_common/cmrdv_common.egg-info/PKG-INFO
[0.975s] writing dependency_links to ../../build/cmrdv_common/cmrdv_common.egg-info/dependency_links.txt
[0.976s] writing entry points to ../../build/cmrdv_common/cmrdv_common.egg-info/entry_points.txt
[0.976s] writing requirements to ../../build/cmrdv_common/cmrdv_common.egg-info/requires.txt
[0.976s] writing top-level names to ../../build/cmrdv_common/cmrdv_common.egg-info/top_level.txt
[0.977s] writing manifest file '../../build/cmrdv_common/cmrdv_common.egg-info/SOURCES.txt'
[1.008s] reading manifest file '../../build/cmrdv_common/cmrdv_common.egg-info/SOURCES.txt'
[1.009s] writing manifest file '../../build/cmrdv_common/cmrdv_common.egg-info/SOURCES.txt'
[1.009s] running build
[1.009s] running build_py
[1.009s] creating /home/ankit/Documents/Autonomous/cmr-fsdv/cmrdv_ws/build/cmrdv_common/build
[1.009s] creating /home/ankit/Documents/Autonomous/cmr-fsdv/cmrdv_ws/build/cmrdv_common/build/lib
[1.009s] creating /home/ankit/Documents/Autonomous/cmr-fsdv/cmrdv_ws/build/cmrdv_common/build/lib/cmrdv_common
[1.009s] copying cmrdv_common/conversions.py -> /home/ankit/Documents/Autonomous/cmr-fsdv/cmrdv_ws/build/cmrdv_common/build/lib/cmrdv_common
[1.009s] copying cmrdv_common/__init__.py -> /home/ankit/Documents/Autonomous/cmr-fsdv/cmrdv_ws/build/cmrdv_common/build/lib/cmrdv_common
[1.009s] creating /home/ankit/Documents/Autonomous/cmr-fsdv/cmrdv_ws/build/cmrdv_common/build/lib/cmrdv_common/config
[1.009s] copying cmrdv_common/config/perceptions_config.py -> /home/ankit/Documents/Autonomous/cmr-fsdv/cmrdv_ws/build/cmrdv_common/build/lib/cmrdv_common/config
[1.009s] copying cmrdv_common/config/planning_config.py -> /home/ankit/Documents/Autonomous/cmr-fsdv/cmrdv_ws/build/cmrdv_common/build/lib/cmrdv_common/config
[1.010s] copying cmrdv_common/config/actuators_config.py -> /home/ankit/Documents/Autonomous/cmr-fsdv/cmrdv_ws/build/cmrdv_common/build/lib/cmrdv_common/config
[1.010s] copying cmrdv_common/config/controls_config.py -> /home/ankit/Documents/Autonomous/cmr-fsdv/cmrdv_ws/build/cmrdv_common/build/lib/cmrdv_common/config
[1.010s] copying cmrdv_common/config/common_config.py -> /home/ankit/Documents/Autonomous/cmr-fsdv/cmrdv_ws/build/cmrdv_common/build/lib/cmrdv_common/config
[1.010s] copying cmrdv_common/config/__init__.py -> /home/ankit/Documents/Autonomous/cmr-fsdv/cmrdv_ws/build/cmrdv_common/build/lib/cmrdv_common/config
[1.010s] copying cmrdv_common/config/collection_config.py -> /home/ankit/Documents/Autonomous/cmr-fsdv/cmrdv_ws/build/cmrdv_common/build/lib/cmrdv_common/config
[1.010s] creating /home/ankit/Documents/Autonomous/cmr-fsdv/cmrdv_ws/build/cmrdv_common/build/lib/cmrdv_common/DIM
[1.010s] copying cmrdv_common/DIM/dim_request.py -> /home/ankit/Documents/Autonomous/cmr-fsdv/cmrdv_ws/build/cmrdv_common/build/lib/cmrdv_common/DIM
[1.010s] copying cmrdv_common/DIM/dim_heartbeat.py -> /home/ankit/Documents/Autonomous/cmr-fsdv/cmrdv_ws/build/cmrdv_common/build/lib/cmrdv_common/DIM
[1.010s] copying cmrdv_common/DIM/__init__.py -> /home/ankit/Documents/Autonomous/cmr-fsdv/cmrdv_ws/build/cmrdv_common/build/lib/cmrdv_common/DIM
[1.010s] creating /home/ankit/Documents/Autonomous/cmr-fsdv/cmrdv_ws/build/cmrdv_common/build/lib/cmrdv_common/heartbeat
[1.010s] copying cmrdv_common/heartbeat/global.py -> /home/ankit/Documents/Autonomous/cmr-fsdv/cmrdv_ws/build/cmrdv_common/build/lib/cmrdv_common/heartbeat
[1.011s] copying cmrdv_common/heartbeat/heart.py -> /home/ankit/Documents/Autonomous/cmr-fsdv/cmrdv_ws/build/cmrdv_common/build/lib/cmrdv_common/heartbeat
[1.011s] copying cmrdv_common/heartbeat/__init__.py -> /home/ankit/Documents/Autonomous/cmr-fsdv/cmrdv_ws/build/cmrdv_common/build/lib/cmrdv_common/heartbeat
[1.012s] running install
[1.012s] running install_lib
[1.013s] creating /home/ankit/Documents/Autonomous/cmr-fsdv/cmrdv_ws/install/cmrdv_common/lib/python3.8/site-packages/cmrdv_common
[1.013s] creating /home/ankit/Documents/Autonomous/cmr-fsdv/cmrdv_ws/install/cmrdv_common/lib/python3.8/site-packages/cmrdv_common/config
[1.013s] copying /home/ankit/Documents/Autonomous/cmr-fsdv/cmrdv_ws/build/cmrdv_common/build/lib/cmrdv_common/config/perceptions_config.py -> /home/ankit/Documents/Autonomous/cmr-fsdv/cmrdv_ws/install/cmrdv_common/lib/python3.8/site-packages/cmrdv_common/config
[1.014s] copying /home/ankit/Documents/Autonomous/cmr-fsdv/cmrdv_ws/build/cmrdv_common/build/lib/cmrdv_common/config/planning_config.py -> /home/ankit/Documents/Autonomous/cmr-fsdv/cmrdv_ws/install/cmrdv_common/lib/python3.8/site-packages/cmrdv_common/config
[1.014s] copying /home/ankit/Documents/Autonomous/cmr-fsdv/cmrdv_ws/build/cmrdv_common/build/lib/cmrdv_common/config/actuators_config.py -> /home/ankit/Documents/Autonomous/cmr-fsdv/cmrdv_ws/install/cmrdv_common/lib/python3.8/site-packages/cmrdv_common/config
[1.014s] copying /home/ankit/Documents/Autonomous/cmr-fsdv/cmrdv_ws/build/cmrdv_common/build/lib/cmrdv_common/config/controls_config.py -> /home/ankit/Documents/Autonomous/cmr-fsdv/cmrdv_ws/install/cmrdv_common/lib/python3.8/site-packages/cmrdv_common/config
[1.014s] copying /home/ankit/Documents/Autonomous/cmr-fsdv/cmrdv_ws/build/cmrdv_common/build/lib/cmrdv_common/config/common_config.py -> /home/ankit/Documents/Autonomous/cmr-fsdv/cmrdv_ws/install/cmrdv_common/lib/python3.8/site-packages/cmrdv_common/config
[1.014s] copying /home/ankit/Documents/Autonomous/cmr-fsdv/cmrdv_ws/build/cmrdv_common/build/lib/cmrdv_common/config/__init__.py -> /home/ankit/Documents/Autonomous/cmr-fsdv/cmrdv_ws/install/cmrdv_common/lib/python3.8/site-packages/cmrdv_common/config
[1.014s] copying /home/ankit/Documents/Autonomous/cmr-fsdv/cmrdv_ws/build/cmrdv_common/build/lib/cmrdv_common/config/collection_config.py -> /home/ankit/Documents/Autonomous/cmr-fsdv/cmrdv_ws/install/cmrdv_common/lib/python3.8/site-packages/cmrdv_common/config
[1.014s] creating /home/ankit/Documents/Autonomous/cmr-fsdv/cmrdv_ws/install/cmrdv_common/lib/python3.8/site-packages/cmrdv_common/DIM
[1.014s] copying /home/ankit/Documents/Autonomous/cmr-fsdv/cmrdv_ws/build/cmrdv_common/build/lib/cmrdv_common/DIM/dim_request.py -> /home/ankit/Documents/Autonomous/cmr-fsdv/cmrdv_ws/install/cmrdv_common/lib/python3.8/site-packages/cmrdv_common/DIM
[1.014s] copying /home/ankit/Documents/Autonomous/cmr-fsdv/cmrdv_ws/build/cmrdv_common/build/lib/cmrdv_common/DIM/dim_heartbeat.py -> /home/ankit/Documents/Autonomous/cmr-fsdv/cmrdv_ws/install/cmrdv_common/lib/python3.8/site-packages/cmrdv_common/DIM
[1.014s] copying /home/ankit/Documents/Autonomous/cmr-fsdv/cmrdv_ws/build/cmrdv_common/build/lib/cmrdv_common/DIM/__init__.py -> /home/ankit/Documents/Autonomous/cmr-fsdv/cmrdv_ws/install/cmrdv_common/lib/python3.8/site-packages/cmrdv_common/DIM
[1.014s] copying /home/ankit/Documents/Autonomous/cmr-fsdv/cmrdv_ws/build/cmrdv_common/build/lib/cmrdv_common/conversions.py -> /home/ankit/Documents/Autonomous/cmr-fsdv/cmrdv_ws/install/cmrdv_common/lib/python3.8/site-packages/cmrdv_common
[1.015s] copying /home/ankit/Documents/Autonomous/cmr-fsdv/cmrdv_ws/build/cmrdv_common/build/lib/cmrdv_common/__init__.py -> /home/ankit/Documents/Autonomous/cmr-fsdv/cmrdv_ws/install/cmrdv_common/lib/python3.8/site-packages/cmrdv_common
[1.015s] creating /home/ankit/Documents/Autonomous/cmr-fsdv/cmrdv_ws/install/cmrdv_common/lib/python3.8/site-packages/cmrdv_common/heartbeat
[1.015s] copying /home/ankit/Documents/Autonomous/cmr-fsdv/cmrdv_ws/build/cmrdv_common/build/lib/cmrdv_common/heartbeat/global.py -> /home/ankit/Documents/Autonomous/cmr-fsdv/cmrdv_ws/install/cmrdv_common/lib/python3.8/site-packages/cmrdv_common/heartbeat
[1.016s] copying /home/ankit/Documents/Autonomous/cmr-fsdv/cmrdv_ws/build/cmrdv_common/build/lib/cmrdv_common/heartbeat/heart.py -> /home/ankit/Documents/Autonomous/cmr-fsdv/cmrdv_ws/install/cmrdv_common/lib/python3.8/site-packages/cmrdv_common/heartbeat
[1.016s] copying /home/ankit/Documents/Autonomous/cmr-fsdv/cmrdv_ws/build/cmrdv_common/build/lib/cmrdv_common/heartbeat/__init__.py -> /home/ankit/Documents/Autonomous/cmr-fsdv/cmrdv_ws/install/cmrdv_common/lib/python3.8/site-packages/cmrdv_common/heartbeat
[1.016s] byte-compiling /home/ankit/Documents/Autonomous/cmr-fsdv/cmrdv_ws/install/cmrdv_common/lib/python3.8/site-packages/cmrdv_common/config/perceptions_config.py to perceptions_config.cpython-38.pyc
[1.017s] byte-compiling /home/ankit/Documents/Autonomous/cmr-fsdv/cmrdv_ws/install/cmrdv_common/lib/python3.8/site-packages/cmrdv_common/config/planning_config.py to planning_config.cpython-38.pyc
[1.017s] byte-compiling /home/ankit/Documents/Autonomous/cmr-fsdv/cmrdv_ws/install/cmrdv_common/lib/python3.8/site-packages/cmrdv_common/config/actuators_config.py to actuators_config.cpython-38.pyc
[1.017s] byte-compiling /home/ankit/Documents/Autonomous/cmr-fsdv/cmrdv_ws/install/cmrdv_common/lib/python3.8/site-packages/cmrdv_common/config/controls_config.py to controls_config.cpython-38.pyc
[1.017s] byte-compiling /home/ankit/Documents/Autonomous/cmr-fsdv/cmrdv_ws/install/cmrdv_common/lib/python3.8/site-packages/cmrdv_common/config/common_config.py to common_config.cpython-38.pyc
[1.017s] byte-compiling /home/ankit/Documents/Autonomous/cmr-fsdv/cmrdv_ws/install/cmrdv_common/lib/python3.8/site-packages/cmrdv_common/config/__init__.py to __init__.cpython-38.pyc
[1.017s] byte-compiling /home/ankit/Documents/Autonomous/cmr-fsdv/cmrdv_ws/install/cmrdv_common/lib/python3.8/site-packages/cmrdv_common/config/collection_config.py to collection_config.cpython-38.pyc
[1.018s] byte-compiling /home/ankit/Documents/Autonomous/cmr-fsdv/cmrdv_ws/install/cmrdv_common/lib/python3.8/site-packages/cmrdv_common/DIM/dim_request.py to dim_request.cpython-38.pyc
[1.020s] byte-compiling /home/ankit/Documents/Autonomous/cmr-fsdv/cmrdv_ws/install/cmrdv_common/lib/python3.8/site-packages/cmrdv_common/DIM/dim_heartbeat.py to dim_heartbeat.cpython-38.pyc
[1.020s] byte-compiling /home/ankit/Documents/Autonomous/cmr-fsdv/cmrdv_ws/install/cmrdv_common/lib/python3.8/site-packages/cmrdv_common/DIM/__init__.py to __init__.cpython-38.pyc
[1.020s] byte-compiling /home/ankit/Documents/Autonomous/cmr-fsdv/cmrdv_ws/install/cmrdv_common/lib/python3.8/site-packages/cmrdv_common/conversions.py to conversions.cpython-38.pyc
[1.021s] byte-compiling /home/ankit/Documents/Autonomous/cmr-fsdv/cmrdv_ws/install/cmrdv_common/lib/python3.8/site-packages/cmrdv_common/__init__.py to __init__.cpython-38.pyc
[1.021s] byte-compiling /home/ankit/Documents/Autonomous/cmr-fsdv/cmrdv_ws/install/cmrdv_common/lib/python3.8/site-packages/cmrdv_common/heartbeat/global.py to global.cpython-38.pyc
[1.022s] byte-compiling /home/ankit/Documents/Autonomous/cmr-fsdv/cmrdv_ws/install/cmrdv_common/lib/python3.8/site-packages/cmrdv_common/heartbeat/heart.py to heart.cpython-38.pyc
[1.023s] byte-compiling /home/ankit/Documents/Autonomous/cmr-fsdv/cmrdv_ws/install/cmrdv_common/lib/python3.8/site-packages/cmrdv_common/heartbeat/__init__.py to __init__.cpython-38.pyc
[1.023s] running install_data
[1.024s] creating /home/ankit/Documents/Autonomous/cmr-fsdv/cmrdv_ws/install/cmrdv_common/share/ament_index
[1.024s] creating /home/ankit/Documents/Autonomous/cmr-fsdv/cmrdv_ws/install/cmrdv_common/share/ament_index/resource_index
[1.024s] creating /home/ankit/Documents/Autonomous/cmr-fsdv/cmrdv_ws/install/cmrdv_common/share/ament_index/resource_index/packages
[1.024s] copying resource/cmrdv_common -> /home/ankit/Documents/Autonomous/cmr-fsdv/cmrdv_ws/install/cmrdv_common/share/ament_index/resource_index/packages
[1.024s] copying package.xml -> /home/ankit/Documents/Autonomous/cmr-fsdv/cmrdv_ws/install/cmrdv_common/share/cmrdv_common
[1.024s] running install_egg_info
[1.026s] Copying ../../build/cmrdv_common/cmrdv_common.egg-info to /home/ankit/Documents/Autonomous/cmr-fsdv/cmrdv_ws/install/cmrdv_common/lib/python3.8/site-packages/cmrdv_common-0.0.0-py3.8.egg-info
[1.027s] running install_scripts
[1.041s] Installing dim script to /home/ankit/Documents/Autonomous/cmr-fsdv/cmrdv_ws/install/cmrdv_common/lib/cmrdv_common
[1.042s] Installing dim_heartbeat script to /home/ankit/Documents/Autonomous/cmr-fsdv/cmrdv_ws/install/cmrdv_common/lib/cmrdv_common
[1.042s] Installing dim_request script to /home/ankit/Documents/Autonomous/cmr-fsdv/cmrdv_ws/install/cmrdv_common/lib/cmrdv_common
[1.042s] Installing heartbeat script to /home/ankit/Documents/Autonomous/cmr-fsdv/cmrdv_ws/install/cmrdv_common/lib/cmrdv_common
[1.042s] Installing perceptions script to /home/ankit/Documents/Autonomous/cmr-fsdv/cmrdv_ws/install/cmrdv_common/lib/cmrdv_common
[1.042s] Installing planning script to /home/ankit/Documents/Autonomous/cmr-fsdv/cmrdv_ws/install/cmrdv_common/lib/cmrdv_common
[1.042s] writing list of installed files to '/home/ankit/Documents/Autonomous/cmr-fsdv/cmrdv_ws/build/cmrdv_common/install.log'
[1.062s] Invoked command in '/home/ankit/Documents/Autonomous/cmr-fsdv/cmrdv_ws/src/cmrdv_common' returned '0': PYTHONPATH=/home/ankit/Documents/Autonomous/cmr-fsdv/cmrdv_ws/build/cmrdv_common/prefix_override:/home/ankit/Documents/Autonomous/cmr-fsdv/cmrdv_ws/install/cmrdv_common/lib/python3.8/site-packages:${PYTHONPATH} /usr/bin/python3 setup.py egg_info --egg-base ../../build/cmrdv_common build --build-base /home/ankit/Documents/Autonomous/cmr-fsdv/cmrdv_ws/build/cmrdv_common/build install --record /home/ankit/Documents/Autonomous/cmr-fsdv/cmrdv_ws/build/cmrdv_common/install.log --single-version-externally-managed
