[0.360s] DEBUG:colcon:Command line arguments: ['/home/griffin/.local/bin/colcon', 'build', '--cmake-args', '-DCMAKE_EXPORT_COMPILE_COMMANDS=ON', '-G', 'Ninja']
[0.360s] DEBUG:colcon:Parsed command line arguments: Namespace(ament_cmake_args=None, base_paths=['.'], build_base='build', catkin_cmake_args=None, catkin_skip_building_tests=False, cmake_args=['-DCMAKE_EXPORT_COMPILE_COMMANDS=ON', '-G', 'Ninja'], cmake_clean_cache=False, cmake_clean_first=False, cmake_force_configure=False, cmake_target=None, cmake_target_skip_unavailable=False, continue_on_error=False, event_handlers=None, executor='parallel', ignore_user_meta=False, install_base='install', log_base=None, log_level=None, main=<bound method BuildVerb.main of <colcon_core.verb.build.BuildVerb object at 0x7fb772883310>>, merge_install=False, metas=['./colcon.meta'], packages_above=None, packages_above_and_dependencies=None, packages_above_depth=None, packages_end=None, packages_ignore=None, packages_ignore_regex=None, packages_select=None, packages_select_build_failed=False, packages_select_by_dep=None, packages_select_regex=None, packages_select_test_failures=False, packages_skip=None, packages_skip_build_finished=False, packages_skip_by_dep=None, packages_skip_regex=None, packages_skip_test_passed=False, packages_skip_up_to=None, packages_start=None, packages_up_to=None, packages_up_to_regex=None, parallel_workers=12, paths=None, symlink_install=False, test_result_base=None, verb_extension=<colcon_core.verb.build.BuildVerb object at 0x7fb772883310>, verb_name='build', verb_parser=<colcon_defaults.argument_parser.defaults.DefaultArgumentsDecorator object at 0x7fb772883850>)
[0.382s] Level 1:colcon.colcon_core.package_discovery:discover_packages(colcon_meta) check parameters
[0.382s] Level 1:colcon.colcon_core.package_discovery:discover_packages(recursive) check parameters
[0.382s] Level 1:colcon.colcon_core.package_discovery:discover_packages(ignore) check parameters
[0.382s] Level 1:colcon.colcon_core.package_discovery:discover_packages(path) check parameters
[0.382s] Level 1:colcon.colcon_core.package_discovery:discover_packages(colcon_meta) discover
[0.382s] Level 1:colcon.colcon_core.package_discovery:discover_packages(recursive) discover
[0.382s] INFO:colcon.colcon_core.package_discovery:Crawling recursively for packages in '/home/griffin/driverless/driverless_ws'
[0.382s] Level 1:colcon.colcon_core.package_identification:_identify(.) by extensions ['ignore', 'ignore_ament_install']
[0.382s] Level 1:colcon.colcon_core.package_identification:_identify(.) by extension 'ignore'
[0.382s] Level 1:colcon.colcon_core.package_identification:_identify(.) by extension 'ignore_ament_install'
[0.382s] Level 1:colcon.colcon_core.package_identification:_identify(.) by extensions ['colcon_pkg']
[0.382s] Level 1:colcon.colcon_core.package_identification:_identify(.) by extension 'colcon_pkg'
[0.382s] Level 1:colcon.colcon_core.package_identification:_identify(.) by extensions ['colcon_meta']
[0.382s] Level 1:colcon.colcon_core.package_identification:_identify(.) by extension 'colcon_meta'
[0.382s] Level 1:colcon.colcon_core.package_identification:_identify(.) by extensions ['ros']
[0.382s] Level 1:colcon.colcon_core.package_identification:_identify(.) by extension 'ros'
[0.398s] Level 1:colcon.colcon_core.package_identification:_identify(.) by extensions ['cmake', 'python']
[0.398s] Level 1:colcon.colcon_core.package_identification:_identify(.) by extension 'cmake'
[0.398s] Level 1:colcon.colcon_core.package_identification:_identify(.) by extension 'python'
[0.398s] Level 1:colcon.colcon_core.package_identification:_identify(.) by extensions ['python_setup_py']
[0.398s] Level 1:colcon.colcon_core.package_identification:_identify(.) by extension 'python_setup_py'
[0.398s] Level 1:colcon.colcon_core.package_identification:_identify(build) by extensions ['ignore', 'ignore_ament_install']
[0.398s] Level 1:colcon.colcon_core.package_identification:_identify(build) by extension 'ignore'
[0.398s] Level 1:colcon.colcon_core.package_identification:_identify(build) ignored
[0.398s] Level 1:colcon.colcon_core.package_identification:_identify(install) by extensions ['ignore', 'ignore_ament_install']
[0.398s] Level 1:colcon.colcon_core.package_identification:_identify(install) by extension 'ignore'
[0.398s] Level 1:colcon.colcon_core.package_identification:_identify(install) ignored
[0.398s] Level 1:colcon.colcon_core.package_identification:_identify(log) by extensions ['ignore', 'ignore_ament_install']
[0.399s] Level 1:colcon.colcon_core.package_identification:_identify(log) by extension 'ignore'
[0.399s] Level 1:colcon.colcon_core.package_identification:_identify(log) ignored
[0.399s] Level 1:colcon.colcon_core.package_identification:_identify(src) by extensions ['ignore', 'ignore_ament_install']
[0.399s] Level 1:colcon.colcon_core.package_identification:_identify(src) by extension 'ignore'
[0.399s] Level 1:colcon.colcon_core.package_identification:_identify(src) by extension 'ignore_ament_install'
[0.399s] Level 1:colcon.colcon_core.package_identification:_identify(src) by extensions ['colcon_pkg']
[0.399s] Level 1:colcon.colcon_core.package_identification:_identify(src) by extension 'colcon_pkg'
[0.399s] Level 1:colcon.colcon_core.package_identification:_identify(src) by extensions ['colcon_meta']
[0.399s] Level 1:colcon.colcon_core.package_identification:_identify(src) by extension 'colcon_meta'
[0.399s] Level 1:colcon.colcon_core.package_identification:_identify(src) by extensions ['ros']
[0.399s] Level 1:colcon.colcon_core.package_identification:_identify(src) by extension 'ros'
[0.399s] Level 1:colcon.colcon_core.package_identification:_identify(src) by extensions ['cmake', 'python']
[0.399s] Level 1:colcon.colcon_core.package_identification:_identify(src) by extension 'cmake'
[0.399s] Level 1:colcon.colcon_core.package_identification:_identify(src) by extension 'python'
[0.399s] Level 1:colcon.colcon_core.package_identification:_identify(src) by extensions ['python_setup_py']
[0.399s] Level 1:colcon.colcon_core.package_identification:_identify(src) by extension 'python_setup_py'
[0.399s] Level 1:colcon.colcon_core.package_identification:_identify(src/actuators) by extensions ['ignore', 'ignore_ament_install']
[0.399s] Level 1:colcon.colcon_core.package_identification:_identify(src/actuators) by extension 'ignore'
[0.399s] Level 1:colcon.colcon_core.package_identification:_identify(src/actuators) by extension 'ignore_ament_install'
[0.399s] Level 1:colcon.colcon_core.package_identification:_identify(src/actuators) by extensions ['colcon_pkg']
[0.399s] Level 1:colcon.colcon_core.package_identification:_identify(src/actuators) by extension 'colcon_pkg'
[0.399s] Level 1:colcon.colcon_core.package_identification:_identify(src/actuators) by extensions ['colcon_meta']
[0.399s] Level 1:colcon.colcon_core.package_identification:_identify(src/actuators) by extension 'colcon_meta'
[0.399s] Level 1:colcon.colcon_core.package_identification:_identify(src/actuators) by extensions ['ros']
[0.399s] Level 1:colcon.colcon_core.package_identification:_identify(src/actuators) by extension 'ros'
[0.401s] DEBUG:colcon.colcon_core.package_identification:Package 'src/actuators' with type 'ros.ament_cmake' and name 'actuators'
[0.401s] Level 1:colcon.colcon_core.package_identification:_identify(src/build) by extensions ['ignore', 'ignore_ament_install']
[0.401s] Level 1:colcon.colcon_core.package_identification:_identify(src/build) by extension 'ignore'
[0.401s] Level 1:colcon.colcon_core.package_identification:_identify(src/build) ignored
[0.401s] Level 1:colcon.colcon_core.package_identification:_identify(src/collection) by extensions ['ignore', 'ignore_ament_install']
[0.401s] Level 1:colcon.colcon_core.package_identification:_identify(src/collection) by extension 'ignore'
[0.401s] Level 1:colcon.colcon_core.package_identification:_identify(src/collection) by extension 'ignore_ament_install'
[0.401s] Level 1:colcon.colcon_core.package_identification:_identify(src/collection) by extensions ['colcon_pkg']
[0.401s] Level 1:colcon.colcon_core.package_identification:_identify(src/collection) by extension 'colcon_pkg'
[0.401s] Level 1:colcon.colcon_core.package_identification:_identify(src/collection) by extensions ['colcon_meta']
[0.401s] Level 1:colcon.colcon_core.package_identification:_identify(src/collection) by extension 'colcon_meta'
[0.401s] Level 1:colcon.colcon_core.package_identification:_identify(src/collection) by extensions ['ros']
[0.401s] Level 1:colcon.colcon_core.package_identification:_identify(src/collection) by extension 'ros'
[0.402s] DEBUG:colcon.colcon_core.package_identification:Package 'src/collection' with type 'ros.ament_cmake' and name 'collection'
[0.402s] Level 1:colcon.colcon_core.package_identification:_identify(src/common) by extensions ['ignore', 'ignore_ament_install']
[0.402s] Level 1:colcon.colcon_core.package_identification:_identify(src/common) by extension 'ignore'
[0.402s] Level 1:colcon.colcon_core.package_identification:_identify(src/common) by extension 'ignore_ament_install'
[0.402s] Level 1:colcon.colcon_core.package_identification:_identify(src/common) by extensions ['colcon_pkg']
[0.402s] Level 1:colcon.colcon_core.package_identification:_identify(src/common) by extension 'colcon_pkg'
[0.402s] Level 1:colcon.colcon_core.package_identification:_identify(src/common) by extensions ['colcon_meta']
[0.402s] Level 1:colcon.colcon_core.package_identification:_identify(src/common) by extension 'colcon_meta'
[0.402s] Level 1:colcon.colcon_core.package_identification:_identify(src/common) by extensions ['ros']
[0.402s] Level 1:colcon.colcon_core.package_identification:_identify(src/common) by extension 'ros'
[0.402s] DEBUG:colcon.colcon_core.package_identification:Package 'src/common' with type 'ros.ament_cmake' and name 'common'
[0.403s] Level 1:colcon.colcon_core.package_identification:_identify(src/controls) by extensions ['ignore', 'ignore_ament_install']
[0.403s] Level 1:colcon.colcon_core.package_identification:_identify(src/controls) by extension 'ignore'
[0.403s] Level 1:colcon.colcon_core.package_identification:_identify(src/controls) by extension 'ignore_ament_install'
[0.403s] Level 1:colcon.colcon_core.package_identification:_identify(src/controls) by extensions ['colcon_pkg']
[0.403s] Level 1:colcon.colcon_core.package_identification:_identify(src/controls) by extension 'colcon_pkg'
[0.403s] Level 1:colcon.colcon_core.package_identification:_identify(src/controls) by extensions ['colcon_meta']
[0.403s] Level 1:colcon.colcon_core.package_identification:_identify(src/controls) by extension 'colcon_meta'
[0.403s] Level 1:colcon.colcon_core.package_identification:_identify(src/controls) by extensions ['ros']
[0.403s] Level 1:colcon.colcon_core.package_identification:_identify(src/controls) by extension 'ros'
[0.403s] DEBUG:colcon.colcon_core.package_identification:Package 'src/controls' with type 'ros.ament_cmake' and name 'controls'
[0.403s] Level 1:colcon.colcon_core.package_identification:_identify(src/eufs_msgs) by extensions ['ignore', 'ignore_ament_install']
[0.403s] Level 1:colcon.colcon_core.package_identification:_identify(src/eufs_msgs) by extension 'ignore'
[0.403s] Level 1:colcon.colcon_core.package_identification:_identify(src/eufs_msgs) by extension 'ignore_ament_install'
[0.404s] Level 1:colcon.colcon_core.package_identification:_identify(src/eufs_msgs) by extensions ['colcon_pkg']
[0.404s] Level 1:colcon.colcon_core.package_identification:_identify(src/eufs_msgs) by extension 'colcon_pkg'
[0.404s] Level 1:colcon.colcon_core.package_identification:_identify(src/eufs_msgs) by extensions ['colcon_meta']
[0.404s] Level 1:colcon.colcon_core.package_identification:_identify(src/eufs_msgs) by extension 'colcon_meta'
[0.404s] Level 1:colcon.colcon_core.package_identification:_identify(src/eufs_msgs) by extensions ['ros']
[0.404s] Level 1:colcon.colcon_core.package_identification:_identify(src/eufs_msgs) by extension 'ros'
[0.404s] Level 1:colcon.colcon_core.package_identification:_identify(src/eufs_msgs) by extensions ['cmake', 'python']
[0.404s] Level 1:colcon.colcon_core.package_identification:_identify(src/eufs_msgs) by extension 'cmake'
[0.404s] Level 1:colcon.colcon_core.package_identification:_identify(src/eufs_msgs) by extension 'python'
[0.404s] Level 1:colcon.colcon_core.package_identification:_identify(src/eufs_msgs) by extensions ['python_setup_py']
[0.404s] Level 1:colcon.colcon_core.package_identification:_identify(src/eufs_msgs) by extension 'python_setup_py'
[0.404s] Level 1:colcon.colcon_core.package_identification:_identify(src/install) by extensions ['ignore', 'ignore_ament_install']
[0.404s] Level 1:colcon.colcon_core.package_identification:_identify(src/install) by extension 'ignore'
[0.404s] Level 1:colcon.colcon_core.package_identification:_identify(src/install) ignored
[0.404s] Level 1:colcon.colcon_core.package_identification:_identify(src/interfaces) by extensions ['ignore', 'ignore_ament_install']
[0.404s] Level 1:colcon.colcon_core.package_identification:_identify(src/interfaces) by extension 'ignore'
[0.404s] Level 1:colcon.colcon_core.package_identification:_identify(src/interfaces) by extension 'ignore_ament_install'
[0.404s] Level 1:colcon.colcon_core.package_identification:_identify(src/interfaces) by extensions ['colcon_pkg']
[0.404s] Level 1:colcon.colcon_core.package_identification:_identify(src/interfaces) by extension 'colcon_pkg'
[0.404s] Level 1:colcon.colcon_core.package_identification:_identify(src/interfaces) by extensions ['colcon_meta']
[0.404s] Level 1:colcon.colcon_core.package_identification:_identify(src/interfaces) by extension 'colcon_meta'
[0.404s] Level 1:colcon.colcon_core.package_identification:_identify(src/interfaces) by extensions ['ros']
[0.404s] Level 1:colcon.colcon_core.package_identification:_identify(src/interfaces) by extension 'ros'
[0.405s] DEBUG:colcon.colcon_core.package_identification:Package 'src/interfaces' with type 'ros.ament_cmake' and name 'interfaces'
[0.405s] Level 1:colcon.colcon_core.package_identification:_identify(src/log) by extensions ['ignore', 'ignore_ament_install']
[0.405s] Level 1:colcon.colcon_core.package_identification:_identify(src/log) by extension 'ignore'
[0.405s] Level 1:colcon.colcon_core.package_identification:_identify(src/log) ignored
[0.405s] Level 1:colcon.colcon_core.package_identification:_identify(src/perceptions) by extensions ['ignore', 'ignore_ament_install']
[0.405s] Level 1:colcon.colcon_core.package_identification:_identify(src/perceptions) by extension 'ignore'
[0.405s] Level 1:colcon.colcon_core.package_identification:_identify(src/perceptions) by extension 'ignore_ament_install'
[0.405s] Level 1:colcon.colcon_core.package_identification:_identify(src/perceptions) by extensions ['colcon_pkg']
[0.405s] Level 1:colcon.colcon_core.package_identification:_identify(src/perceptions) by extension 'colcon_pkg'
[0.405s] Level 1:colcon.colcon_core.package_identification:_identify(src/perceptions) by extensions ['colcon_meta']
[0.405s] Level 1:colcon.colcon_core.package_identification:_identify(src/perceptions) by extension 'colcon_meta'
[0.405s] Level 1:colcon.colcon_core.package_identification:_identify(src/perceptions) by extensions ['ros']
[0.405s] Level 1:colcon.colcon_core.package_identification:_identify(src/perceptions) by extension 'ros'
[0.406s] DEBUG:colcon.colcon_core.package_identification:Package 'src/perceptions' with type 'ros.ament_cmake' and name 'perceptions'
[0.406s] Level 1:colcon.colcon_core.package_identification:_identify(src/planning) by extensions ['ignore', 'ignore_ament_install']
[0.406s] Level 1:colcon.colcon_core.package_identification:_identify(src/planning) by extension 'ignore'
[0.406s] Level 1:colcon.colcon_core.package_identification:_identify(src/planning) by extension 'ignore_ament_install'
[0.406s] Level 1:colcon.colcon_core.package_identification:_identify(src/planning) by extensions ['colcon_pkg']
[0.406s] Level 1:colcon.colcon_core.package_identification:_identify(src/planning) by extension 'colcon_pkg'
[0.406s] Level 1:colcon.colcon_core.package_identification:_identify(src/planning) by extensions ['colcon_meta']
[0.406s] Level 1:colcon.colcon_core.package_identification:_identify(src/planning) by extension 'colcon_meta'
[0.406s] Level 1:colcon.colcon_core.package_identification:_identify(src/planning) by extensions ['ros']
[0.406s] Level 1:colcon.colcon_core.package_identification:_identify(src/planning) by extension 'ros'
[0.406s] DEBUG:colcon.colcon_core.package_identification:Package 'src/planning' with type 'ros.ament_cmake' and name 'planning'
[0.406s] Level 1:colcon.colcon_core.package_discovery:discover_packages(recursive) using defaults
[0.407s] Level 1:colcon.colcon_core.package_discovery:discover_packages(ignore) discover
[0.407s] Level 1:colcon.colcon_core.package_discovery:discover_packages(ignore) using defaults
[0.407s] Level 1:colcon.colcon_core.package_discovery:discover_packages(path) discover
[0.407s] Level 1:colcon.colcon_core.package_discovery:discover_packages(path) using defaults
[0.434s] Level 5:colcon.colcon_core.verb:set package 'actuators' build argument 'cmake_args' from command line to '['-DCMAKE_EXPORT_COMPILE_COMMANDS=ON', '-G', 'Ninja']'
[0.434s] Level 5:colcon.colcon_core.verb:set package 'actuators' build argument 'cmake_target' from command line to 'None'
[0.434s] Level 5:colcon.colcon_core.verb:set package 'actuators' build argument 'cmake_target_skip_unavailable' from command line to 'False'
[0.434s] Level 5:colcon.colcon_core.verb:set package 'actuators' build argument 'cmake_clean_cache' from command line to 'False'
[0.434s] Level 5:colcon.colcon_core.verb:set package 'actuators' build argument 'cmake_clean_first' from command line to 'False'
[0.434s] Level 5:colcon.colcon_core.verb:set package 'actuators' build argument 'cmake_force_configure' from command line to 'False'
[0.434s] Level 5:colcon.colcon_core.verb:set package 'actuators' build argument 'ament_cmake_args' from command line to 'None'
[0.434s] Level 5:colcon.colcon_core.verb:set package 'actuators' build argument 'catkin_cmake_args' from command line to 'None'
[0.434s] Level 5:colcon.colcon_core.verb:set package 'actuators' build argument 'catkin_skip_building_tests' from command line to 'False'
[0.434s] DEBUG:colcon.colcon_core.verb:Building package 'actuators' with the following arguments: {'ament_cmake_args': None, 'build_base': '/home/griffin/driverless/driverless_ws/build/actuators', 'catkin_cmake_args': None, 'catkin_skip_building_tests': False, 'cmake_args': ['-DCMAKE_EXPORT_COMPILE_COMMANDS=ON', '-G', 'Ninja'], 'cmake_clean_cache': False, 'cmake_clean_first': False, 'cmake_force_configure': False, 'cmake_target': None, 'cmake_target_skip_unavailable': False, 'install_base': '/home/griffin/driverless/driverless_ws/install/actuators', 'merge_install': False, 'path': '/home/griffin/driverless/driverless_ws/src/actuators', 'symlink_install': False, 'test_result_base': None}
[0.440s] Level 5:colcon.colcon_core.verb:set package 'collection' build argument 'cmake_args' from command line to '['-DCMAKE_EXPORT_COMPILE_COMMANDS=ON', '-G', 'Ninja']'
[0.440s] Level 5:colcon.colcon_core.verb:set package 'collection' build argument 'cmake_target' from command line to 'None'
[0.440s] Level 5:colcon.colcon_core.verb:set package 'collection' build argument 'cmake_target_skip_unavailable' from command line to 'False'
[0.440s] Level 5:colcon.colcon_core.verb:set package 'collection' build argument 'cmake_clean_cache' from command line to 'False'
[0.440s] Level 5:colcon.colcon_core.verb:set package 'collection' build argument 'cmake_clean_first' from command line to 'False'
[0.440s] Level 5:colcon.colcon_core.verb:set package 'collection' build argument 'cmake_force_configure' from command line to 'False'
[0.440s] Level 5:colcon.colcon_core.verb:set package 'collection' build argument 'ament_cmake_args' from command line to 'None'
[0.440s] Level 5:colcon.colcon_core.verb:set package 'collection' build argument 'catkin_cmake_args' from command line to 'None'
[0.440s] Level 5:colcon.colcon_core.verb:set package 'collection' build argument 'catkin_skip_building_tests' from command line to 'False'
[0.440s] DEBUG:colcon.colcon_core.verb:Building package 'collection' with the following arguments: {'ament_cmake_args': None, 'build_base': '/home/griffin/driverless/driverless_ws/build/collection', 'catkin_cmake_args': None, 'catkin_skip_building_tests': False, 'cmake_args': ['-DCMAKE_EXPORT_COMPILE_COMMANDS=ON', '-G', 'Ninja'], 'cmake_clean_cache': False, 'cmake_clean_first': False, 'cmake_force_configure': False, 'cmake_target': None, 'cmake_target_skip_unavailable': False, 'install_base': '/home/griffin/driverless/driverless_ws/install/collection', 'merge_install': False, 'path': '/home/griffin/driverless/driverless_ws/src/collection', 'symlink_install': False, 'test_result_base': None}
[0.445s] Level 5:colcon.colcon_core.verb:set package 'common' build argument 'cmake_args' from command line to '['-DCMAKE_EXPORT_COMPILE_COMMANDS=ON', '-G', 'Ninja']'
[0.445s] Level 5:colcon.colcon_core.verb:set package 'common' build argument 'cmake_target' from command line to 'None'
[0.445s] Level 5:colcon.colcon_core.verb:set package 'common' build argument 'cmake_target_skip_unavailable' from command line to 'False'
[0.445s] Level 5:colcon.colcon_core.verb:set package 'common' build argument 'cmake_clean_cache' from command line to 'False'
[0.445s] Level 5:colcon.colcon_core.verb:set package 'common' build argument 'cmake_clean_first' from command line to 'False'
[0.445s] Level 5:colcon.colcon_core.verb:set package 'common' build argument 'cmake_force_configure' from command line to 'False'
[0.445s] Level 5:colcon.colcon_core.verb:set package 'common' build argument 'ament_cmake_args' from command line to 'None'
[0.445s] Level 5:colcon.colcon_core.verb:set package 'common' build argument 'catkin_cmake_args' from command line to 'None'
[0.445s] Level 5:colcon.colcon_core.verb:set package 'common' build argument 'catkin_skip_building_tests' from command line to 'False'
[0.445s] DEBUG:colcon.colcon_core.verb:Building package 'common' with the following arguments: {'ament_cmake_args': None, 'build_base': '/home/griffin/driverless/driverless_ws/build/common', 'catkin_cmake_args': None, 'catkin_skip_building_tests': False, 'cmake_args': ['-DCMAKE_EXPORT_COMPILE_COMMANDS=ON', '-G', 'Ninja'], 'cmake_clean_cache': False, 'cmake_clean_first': False, 'cmake_force_configure': False, 'cmake_target': None, 'cmake_target_skip_unavailable': False, 'install_base': '/home/griffin/driverless/driverless_ws/install/common', 'merge_install': False, 'path': '/home/griffin/driverless/driverless_ws/src/common', 'symlink_install': False, 'test_result_base': None}
[0.451s] Level 5:colcon.colcon_core.verb:set package 'controls' build argument 'cmake_args' from command line to '['-DCMAKE_EXPORT_COMPILE_COMMANDS=ON', '-G', 'Ninja']'
[0.451s] Level 5:colcon.colcon_core.verb:set package 'controls' build argument 'cmake_target' from command line to 'None'
[0.451s] Level 5:colcon.colcon_core.verb:set package 'controls' build argument 'cmake_target_skip_unavailable' from command line to 'False'
[0.451s] Level 5:colcon.colcon_core.verb:set package 'controls' build argument 'cmake_clean_cache' from command line to 'False'
[0.451s] Level 5:colcon.colcon_core.verb:set package 'controls' build argument 'cmake_clean_first' from command line to 'False'
[0.451s] Level 5:colcon.colcon_core.verb:set package 'controls' build argument 'cmake_force_configure' from command line to 'False'
[0.451s] Level 5:colcon.colcon_core.verb:set package 'controls' build argument 'ament_cmake_args' from command line to 'None'
[0.451s] Level 5:colcon.colcon_core.verb:set package 'controls' build argument 'catkin_cmake_args' from command line to 'None'
[0.452s] Level 5:colcon.colcon_core.verb:set package 'controls' build argument 'catkin_skip_building_tests' from command line to 'False'
[0.452s] DEBUG:colcon.colcon_core.verb:Building package 'controls' with the following arguments: {'ament_cmake_args': None, 'build_base': '/home/griffin/driverless/driverless_ws/build/controls', 'catkin_cmake_args': None, 'catkin_skip_building_tests': False, 'cmake_args': ['-DCMAKE_EXPORT_COMPILE_COMMANDS=ON', '-G', 'Ninja'], 'cmake_clean_cache': False, 'cmake_clean_first': False, 'cmake_force_configure': False, 'cmake_target': None, 'cmake_target_skip_unavailable': False, 'install_base': '/home/griffin/driverless/driverless_ws/install/controls', 'merge_install': False, 'path': '/home/griffin/driverless/driverless_ws/src/controls', 'symlink_install': False, 'test_result_base': None}
[0.457s] Level 5:colcon.colcon_core.verb:set package 'interfaces' build argument 'cmake_args' from command line to '['-DCMAKE_EXPORT_COMPILE_COMMANDS=ON', '-G', 'Ninja']'
[0.457s] Level 5:colcon.colcon_core.verb:set package 'interfaces' build argument 'cmake_target' from command line to 'None'
[0.457s] Level 5:colcon.colcon_core.verb:set package 'interfaces' build argument 'cmake_target_skip_unavailable' from command line to 'False'
[0.457s] Level 5:colcon.colcon_core.verb:set package 'interfaces' build argument 'cmake_clean_cache' from command line to 'False'
[0.457s] Level 5:colcon.colcon_core.verb:set package 'interfaces' build argument 'cmake_clean_first' from command line to 'False'
[0.457s] Level 5:colcon.colcon_core.verb:set package 'interfaces' build argument 'cmake_force_configure' from command line to 'False'
[0.457s] Level 5:colcon.colcon_core.verb:set package 'interfaces' build argument 'ament_cmake_args' from command line to 'None'
[0.457s] Level 5:colcon.colcon_core.verb:set package 'interfaces' build argument 'catkin_cmake_args' from command line to 'None'
[0.457s] Level 5:colcon.colcon_core.verb:set package 'interfaces' build argument 'catkin_skip_building_tests' from command line to 'False'
[0.457s] DEBUG:colcon.colcon_core.verb:Building package 'interfaces' with the following arguments: {'ament_cmake_args': None, 'build_base': '/home/griffin/driverless/driverless_ws/build/interfaces', 'catkin_cmake_args': None, 'catkin_skip_building_tests': False, 'cmake_args': ['-DCMAKE_EXPORT_COMPILE_COMMANDS=ON', '-G', 'Ninja'], 'cmake_clean_cache': False, 'cmake_clean_first': False, 'cmake_force_configure': False, 'cmake_target': None, 'cmake_target_skip_unavailable': False, 'install_base': '/home/griffin/driverless/driverless_ws/install/interfaces', 'merge_install': False, 'path': '/home/griffin/driverless/driverless_ws/src/interfaces', 'symlink_install': False, 'test_result_base': None}
[0.463s] Level 5:colcon.colcon_core.verb:set package 'perceptions' build argument 'cmake_args' from command line to '['-DCMAKE_EXPORT_COMPILE_COMMANDS=ON', '-G', 'Ninja']'
[0.463s] Level 5:colcon.colcon_core.verb:set package 'perceptions' build argument 'cmake_target' from command line to 'None'
[0.463s] Level 5:colcon.colcon_core.verb:set package 'perceptions' build argument 'cmake_target_skip_unavailable' from command line to 'False'
[0.463s] Level 5:colcon.colcon_core.verb:set package 'perceptions' build argument 'cmake_clean_cache' from command line to 'False'
[0.463s] Level 5:colcon.colcon_core.verb:set package 'perceptions' build argument 'cmake_clean_first' from command line to 'False'
[0.463s] Level 5:colcon.colcon_core.verb:set package 'perceptions' build argument 'cmake_force_configure' from command line to 'False'
[0.463s] Level 5:colcon.colcon_core.verb:set package 'perceptions' build argument 'ament_cmake_args' from command line to 'None'
[0.463s] Level 5:colcon.colcon_core.verb:set package 'perceptions' build argument 'catkin_cmake_args' from command line to 'None'
[0.463s] Level 5:colcon.colcon_core.verb:set package 'perceptions' build argument 'catkin_skip_building_tests' from command line to 'False'
[0.463s] DEBUG:colcon.colcon_core.verb:Building package 'perceptions' with the following arguments: {'ament_cmake_args': None, 'build_base': '/home/griffin/driverless/driverless_ws/build/perceptions', 'catkin_cmake_args': None, 'catkin_skip_building_tests': False, 'cmake_args': ['-DCMAKE_EXPORT_COMPILE_COMMANDS=ON', '-G', 'Ninja'], 'cmake_clean_cache': False, 'cmake_clean_first': False, 'cmake_force_configure': False, 'cmake_target': None, 'cmake_target_skip_unavailable': False, 'install_base': '/home/griffin/driverless/driverless_ws/install/perceptions', 'merge_install': False, 'path': '/home/griffin/driverless/driverless_ws/src/perceptions', 'symlink_install': False, 'test_result_base': None}
[0.468s] Level 5:colcon.colcon_core.verb:set package 'planning' build argument 'cmake_args' from command line to '['-DCMAKE_EXPORT_COMPILE_COMMANDS=ON', '-G', 'Ninja']'
[0.468s] Level 5:colcon.colcon_core.verb:set package 'planning' build argument 'cmake_target' from command line to 'None'
[0.468s] Level 5:colcon.colcon_core.verb:set package 'planning' build argument 'cmake_target_skip_unavailable' from command line to 'False'
[0.468s] Level 5:colcon.colcon_core.verb:set package 'planning' build argument 'cmake_clean_cache' from command line to 'False'
[0.468s] Level 5:colcon.colcon_core.verb:set package 'planning' build argument 'cmake_clean_first' from command line to 'False'
[0.468s] Level 5:colcon.colcon_core.verb:set package 'planning' build argument 'cmake_force_configure' from command line to 'False'
[0.468s] Level 5:colcon.colcon_core.verb:set package 'planning' build argument 'ament_cmake_args' from command line to 'None'
[0.468s] Level 5:colcon.colcon_core.verb:set package 'planning' build argument 'catkin_cmake_args' from command line to 'None'
[0.469s] Level 5:colcon.colcon_core.verb:set package 'planning' build argument 'catkin_skip_building_tests' from command line to 'False'
[0.469s] DEBUG:colcon.colcon_core.verb:Building package 'planning' with the following arguments: {'ament_cmake_args': None, 'build_base': '/home/griffin/driverless/driverless_ws/build/planning', 'catkin_cmake_args': None, 'catkin_skip_building_tests': False, 'cmake_args': ['-DCMAKE_EXPORT_COMPILE_COMMANDS=ON', '-G', 'Ninja'], 'cmake_clean_cache': False, 'cmake_clean_first': False, 'cmake_force_configure': False, 'cmake_target': None, 'cmake_target_skip_unavailable': False, 'install_base': '/home/griffin/driverless/driverless_ws/install/planning', 'merge_install': False, 'path': '/home/griffin/driverless/driverless_ws/src/planning', 'symlink_install': False, 'test_result_base': None}
[0.470s] INFO:colcon.colcon_core.executor:Executing jobs using 'parallel' executor
[0.479s] DEBUG:colcon.colcon_parallel_executor.executor.parallel:run_until_complete
[0.479s] INFO:colcon.colcon_ros.task.ament_cmake.build:Building ROS package in '/home/griffin/driverless/driverless_ws/src/interfaces' with build type 'ament_cmake'
[0.479s] INFO:colcon.colcon_cmake.task.cmake.build:Building CMake package in '/home/griffin/driverless/driverless_ws/src/interfaces'
[0.486s] INFO:colcon.colcon_core.plugin_system:Skipping extension 'colcon_core.shell.bat': Not used on non-Windows systems
[0.486s] INFO:colcon.colcon_core.shell:Skip shell extension 'powershell' for command environment: Not usable outside of PowerShell
[0.486s] DEBUG:colcon.colcon_core.shell:Skip shell extension 'dsv' for command environment
[0.495s] INFO:colcon.colcon_ros.task.ament_cmake.build:Building ROS package in '/home/griffin/driverless/driverless_ws/src/actuators' with build type 'ament_cmake'
[0.495s] INFO:colcon.colcon_cmake.task.cmake.build:Building CMake package in '/home/griffin/driverless/driverless_ws/src/actuators'
[0.500s] INFO:colcon.colcon_core.shell:Skip shell extension 'powershell' for command environment: Not usable outside of PowerShell
[0.500s] DEBUG:colcon.colcon_core.shell:Skip shell extension 'dsv' for command environment
[0.508s] INFO:colcon.colcon_ros.task.ament_cmake.build:Building ROS package in '/home/griffin/driverless/driverless_ws/src/collection' with build type 'ament_cmake'
[0.508s] INFO:colcon.colcon_cmake.task.cmake.build:Building CMake package in '/home/griffin/driverless/driverless_ws/src/collection'
[0.513s] INFO:colcon.colcon_core.shell:Skip shell extension 'powershell' for command environment: Not usable outside of PowerShell
[0.513s] DEBUG:colcon.colcon_core.shell:Skip shell extension 'dsv' for command environment
[0.522s] INFO:colcon.colcon_ros.task.ament_cmake.build:Building ROS package in '/home/griffin/driverless/driverless_ws/src/common' with build type 'ament_cmake'
[0.522s] INFO:colcon.colcon_cmake.task.cmake.build:Building CMake package in '/home/griffin/driverless/driverless_ws/src/common'
[0.526s] INFO:colcon.colcon_core.shell:Skip shell extension 'powershell' for command environment: Not usable outside of PowerShell
[0.526s] DEBUG:colcon.colcon_core.shell:Skip shell extension 'dsv' for command environment
[0.534s] INFO:colcon.colcon_ros.task.ament_cmake.build:Building ROS package in '/home/griffin/driverless/driverless_ws/src/controls' with build type 'ament_cmake'
[0.534s] INFO:colcon.colcon_cmake.task.cmake.build:Building CMake package in '/home/griffin/driverless/driverless_ws/src/controls'
[0.539s] INFO:colcon.colcon_core.shell:Skip shell extension 'powershell' for command environment: Not usable outside of PowerShell
[0.540s] DEBUG:colcon.colcon_core.shell:Skip shell extension 'dsv' for command environment
[0.548s] INFO:colcon.colcon_ros.task.ament_cmake.build:Building ROS package in '/home/griffin/driverless/driverless_ws/src/perceptions' with build type 'ament_cmake'
[0.548s] INFO:colcon.colcon_cmake.task.cmake.build:Building CMake package in '/home/griffin/driverless/driverless_ws/src/perceptions'
[0.553s] INFO:colcon.colcon_core.shell:Skip shell extension 'powershell' for command environment: Not usable outside of PowerShell
[0.553s] DEBUG:colcon.colcon_core.shell:Skip shell extension 'dsv' for command environment
[0.565s] DEBUG:colcon.colcon_core.event_handler.log_command:Invoking command in '/home/griffin/driverless/driverless_ws/build/interfaces': CMAKE_PREFIX_PATH=/opt/ros/foxy /usr/bin/cmake --build /home/griffin/driverless/driverless_ws/build/interfaces -- -j12 -l12
[0.569s] DEBUG:colcon.colcon_core.event_handler.log_command:Invoking command in '/home/griffin/driverless/driverless_ws/build/actuators': CMAKE_PREFIX_PATH=/opt/ros/foxy /usr/bin/cmake --build /home/griffin/driverless/driverless_ws/build/actuators -- -j12 -l12
[0.571s] DEBUG:colcon.colcon_core.event_handler.log_command:Invoking command in '/home/griffin/driverless/driverless_ws/build/collection': CMAKE_PREFIX_PATH=/opt/ros/foxy /usr/bin/cmake --build /home/griffin/driverless/driverless_ws/build/collection -- -j12 -l12
[0.574s] DEBUG:colcon.colcon_core.event_handler.log_command:Invoking command in '/home/griffin/driverless/driverless_ws/build/common': CMAKE_PREFIX_PATH=/opt/ros/foxy /usr/bin/cmake --build /home/griffin/driverless/driverless_ws/build/common -- -j12 -l12
[0.577s] DEBUG:colcon.colcon_core.event_handler.log_command:Invoking command in '/home/griffin/driverless/driverless_ws/build/controls': CMAKE_PREFIX_PATH=/opt/ros/foxy /usr/bin/cmake /home/griffin/driverless/driverless_ws/src/controls -DCMAKE_EXPORT_COMPILE_COMMANDS=ON -G Ninja -DCMAKE_INSTALL_PREFIX=/home/griffin/driverless/driverless_ws/install/controls
[0.582s] DEBUG:colcon.colcon_core.event_handler.log_command:Invoking command in '/home/griffin/driverless/driverless_ws/build/perceptions': CMAKE_PREFIX_PATH=/opt/ros/foxy /usr/bin/cmake --build /home/griffin/driverless/driverless_ws/build/perceptions -- -j12 -l12
[0.586s] DEBUG:colcon.colcon_core.event_handler.log_command:Invoked command in '/home/griffin/driverless/driverless_ws/build/interfaces' returned '0': CMAKE_PREFIX_PATH=/opt/ros/foxy /usr/bin/cmake --build /home/griffin/driverless/driverless_ws/build/interfaces -- -j12 -l12
[0.610s] DEBUG:colcon.colcon_core.event_handler.log_command:Invoking command in '/home/griffin/driverless/driverless_ws/build/interfaces': CMAKE_PREFIX_PATH=/opt/ros/foxy /usr/bin/cmake --install /home/griffin/driverless/driverless_ws/build/interfaces
[0.611s] DEBUG:colcon.colcon_core.event_handler.log_command:Invoked command in '/home/griffin/driverless/driverless_ws/build/actuators' returned '0': CMAKE_PREFIX_PATH=/opt/ros/foxy /usr/bin/cmake --build /home/griffin/driverless/driverless_ws/build/actuators -- -j12 -l12
[0.623s] DEBUG:colcon.colcon_core.event_handler.log_command:Invoking command in '/home/griffin/driverless/driverless_ws/build/actuators': CMAKE_PREFIX_PATH=/opt/ros/foxy /usr/bin/cmake --install /home/griffin/driverless/driverless_ws/build/actuators
[0.624s] DEBUG:colcon.colcon_core.event_handler.log_command:Invoked command in '/home/griffin/driverless/driverless_ws/build/collection' returned '0': CMAKE_PREFIX_PATH=/opt/ros/foxy /usr/bin/cmake --build /home/griffin/driverless/driverless_ws/build/collection -- -j12 -l12
[0.636s] DEBUG:colcon.colcon_core.event_handler.log_command:Invoking command in '/home/griffin/driverless/driverless_ws/build/collection': CMAKE_PREFIX_PATH=/opt/ros/foxy /usr/bin/cmake --install /home/griffin/driverless/driverless_ws/build/collection
[0.657s] DEBUG:colcon.colcon_core.event_handler.log_command:Invoked command in '/home/griffin/driverless/driverless_ws/build/common' returned '0': CMAKE_PREFIX_PATH=/opt/ros/foxy /usr/bin/cmake --build /home/griffin/driverless/driverless_ws/build/common -- -j12 -l12
[0.658s] DEBUG:colcon.colcon_core.event_handler.log_command:Invoking command in '/home/griffin/driverless/driverless_ws/build/common': CMAKE_PREFIX_PATH=/opt/ros/foxy /usr/bin/cmake --install /home/griffin/driverless/driverless_ws/build/common
[0.658s] DEBUG:colcon.colcon_core.event_handler.log_command:Invoked command in '/home/griffin/driverless/driverless_ws/build/perceptions' returned '0': CMAKE_PREFIX_PATH=/opt/ros/foxy /usr/bin/cmake --build /home/griffin/driverless/driverless_ws/build/perceptions -- -j12 -l12
[0.665s] DEBUG:colcon.colcon_core.event_handler.log_command:Invoking command in '/home/griffin/driverless/driverless_ws/build/perceptions': CMAKE_PREFIX_PATH=/opt/ros/foxy /usr/bin/cmake --install /home/griffin/driverless/driverless_ws/build/perceptions
[0.666s] Level 1:colcon.colcon_core.environment:create_environment_scripts_only(actuators)
[0.667s] DEBUG:colcon.colcon_core.event_handler.log_command:Invoked command in '/home/griffin/driverless/driverless_ws/build/actuators' returned '0': CMAKE_PREFIX_PATH=/opt/ros/foxy /usr/bin/cmake --install /home/griffin/driverless/driverless_ws/build/actuators
[0.673s] Level 1:colcon.colcon_core.environment:checking '/home/griffin/driverless/driverless_ws/install/actuators' for CMake module files
[0.674s] Level 1:colcon.colcon_core.environment:checking '/home/griffin/driverless/driverless_ws/install/actuators' for CMake config files
[0.674s] Level 1:colcon.colcon_core.shell:create_environment_hook('actuators', 'cmake_prefix_path')
[0.678s] INFO:colcon.colcon_core.shell:Creating environment hook '/home/griffin/driverless/driverless_ws/install/actuators/share/actuators/hook/cmake_prefix_path.ps1'
[0.679s] INFO:colcon.colcon_core.shell:Creating environment descriptor '/home/griffin/driverless/driverless_ws/install/actuators/share/actuators/hook/cmake_prefix_path.dsv'
[0.679s] INFO:colcon.colcon_core.shell:Creating environment hook '/home/griffin/driverless/driverless_ws/install/actuators/share/actuators/hook/cmake_prefix_path.sh'
[0.680s] Level 1:colcon.colcon_core.environment:checking '/home/griffin/driverless/driverless_ws/install/actuators/bin'
[0.680s] Level 1:colcon.colcon_core.environment:checking '/home/griffin/driverless/driverless_ws/install/actuators/lib/pkgconfig/actuators.pc'
[0.680s] Level 1:colcon.colcon_core.environment:checking '/home/griffin/driverless/driverless_ws/install/actuators/lib/python3.8/site-packages'
[0.680s] Level 1:colcon.colcon_core.environment:checking '/home/griffin/driverless/driverless_ws/install/actuators/bin'
[0.685s] INFO:colcon.colcon_core.shell:Creating package script '/home/griffin/driverless/driverless_ws/install/actuators/share/actuators/package.ps1'
[0.685s] INFO:colcon.colcon_core.shell:Creating package descriptor '/home/griffin/driverless/driverless_ws/install/actuators/share/actuators/package.dsv'
[0.686s] INFO:colcon.colcon_core.shell:Creating package script '/home/griffin/driverless/driverless_ws/install/actuators/share/actuators/package.sh'
[0.686s] INFO:colcon.colcon_core.shell:Creating package script '/home/griffin/driverless/driverless_ws/install/actuators/share/actuators/package.bash'
[0.687s] INFO:colcon.colcon_core.shell:Creating package script '/home/griffin/driverless/driverless_ws/install/actuators/share/actuators/package.zsh'
[0.687s] Level 1:colcon.colcon_core.environment:create_file_with_runtime_dependencies(/home/griffin/driverless/driverless_ws/install/actuators/share/colcon-core/packages/actuators)
[0.702s] Level 1:colcon.colcon_core.environment:create_environment_scripts_only(actuators)
[0.707s] Level 1:colcon.colcon_core.environment:checking '/home/griffin/driverless/driverless_ws/install/actuators' for CMake module files
[0.708s] Level 1:colcon.colcon_core.environment:checking '/home/griffin/driverless/driverless_ws/install/actuators' for CMake config files
[0.708s] Level 1:colcon.colcon_core.shell:create_environment_hook('actuators', 'cmake_prefix_path')
[0.712s] INFO:colcon.colcon_core.shell:Creating environment hook '/home/griffin/driverless/driverless_ws/install/actuators/share/actuators/hook/cmake_prefix_path.ps1'
[0.712s] INFO:colcon.colcon_core.shell:Creating environment descriptor '/home/griffin/driverless/driverless_ws/install/actuators/share/actuators/hook/cmake_prefix_path.dsv'
[0.713s] INFO:colcon.colcon_core.shell:Creating environment hook '/home/griffin/driverless/driverless_ws/install/actuators/share/actuators/hook/cmake_prefix_path.sh'
[0.713s] Level 1:colcon.colcon_core.environment:checking '/home/griffin/driverless/driverless_ws/install/actuators/bin'
[0.713s] Level 1:colcon.colcon_core.environment:checking '/home/griffin/driverless/driverless_ws/install/actuators/lib/pkgconfig/actuators.pc'
[0.713s] Level 1:colcon.colcon_core.environment:checking '/home/griffin/driverless/driverless_ws/install/actuators/lib/python3.8/site-packages'
[0.713s] Level 1:colcon.colcon_core.environment:checking '/home/griffin/driverless/driverless_ws/install/actuators/bin'
[0.718s] INFO:colcon.colcon_core.shell:Creating package script '/home/griffin/driverless/driverless_ws/install/actuators/share/actuators/package.ps1'
[0.718s] INFO:colcon.colcon_core.shell:Creating package descriptor '/home/griffin/driverless/driverless_ws/install/actuators/share/actuators/package.dsv'
[0.718s] INFO:colcon.colcon_core.shell:Creating package script '/home/griffin/driverless/driverless_ws/install/actuators/share/actuators/package.sh'
[0.719s] INFO:colcon.colcon_core.shell:Creating package script '/home/griffin/driverless/driverless_ws/install/actuators/share/actuators/package.bash'
[0.719s] INFO:colcon.colcon_core.shell:Creating package script '/home/griffin/driverless/driverless_ws/install/actuators/share/actuators/package.zsh'
[0.719s] Level 1:colcon.colcon_core.environment:create_file_with_runtime_dependencies(/home/griffin/driverless/driverless_ws/install/actuators/share/colcon-core/packages/actuators)
[0.720s] Level 1:colcon.colcon_core.environment:create_environment_scripts_only(collection)
[0.726s] Level 1:colcon.colcon_core.environment:checking '/home/griffin/driverless/driverless_ws/install/collection' for CMake module files
[0.726s] DEBUG:colcon.colcon_core.event_handler.log_command:Invoked command in '/home/griffin/driverless/driverless_ws/build/collection' returned '0': CMAKE_PREFIX_PATH=/opt/ros/foxy /usr/bin/cmake --install /home/griffin/driverless/driverless_ws/build/collection
[0.727s] Level 1:colcon.colcon_core.environment:checking '/home/griffin/driverless/driverless_ws/install/collection' for CMake config files
[0.727s] Level 1:colcon.colcon_core.shell:create_environment_hook('collection', 'cmake_prefix_path')
[0.731s] INFO:colcon.colcon_core.shell:Creating environment hook '/home/griffin/driverless/driverless_ws/install/collection/share/collection/hook/cmake_prefix_path.ps1'
[0.732s] INFO:colcon.colcon_core.shell:Creating environment descriptor '/home/griffin/driverless/driverless_ws/install/collection/share/collection/hook/cmake_prefix_path.dsv'
[0.732s] INFO:colcon.colcon_core.shell:Creating environment hook '/home/griffin/driverless/driverless_ws/install/collection/share/collection/hook/cmake_prefix_path.sh'
[0.732s] Level 1:colcon.colcon_core.environment:checking '/home/griffin/driverless/driverless_ws/install/collection/bin'
[0.732s] Level 1:colcon.colcon_core.environment:checking '/home/griffin/driverless/driverless_ws/install/collection/lib/pkgconfig/collection.pc'
[0.733s] Level 1:colcon.colcon_core.environment:checking '/home/griffin/driverless/driverless_ws/install/collection/lib/python3.8/site-packages'
[0.733s] Level 1:colcon.colcon_core.environment:checking '/home/griffin/driverless/driverless_ws/install/collection/bin'
[0.737s] INFO:colcon.colcon_core.shell:Creating package script '/home/griffin/driverless/driverless_ws/install/collection/share/collection/package.ps1'
[0.738s] INFO:colcon.colcon_core.shell:Creating package descriptor '/home/griffin/driverless/driverless_ws/install/collection/share/collection/package.dsv'
[0.738s] INFO:colcon.colcon_core.shell:Creating package script '/home/griffin/driverless/driverless_ws/install/collection/share/collection/package.sh'
[0.738s] INFO:colcon.colcon_core.shell:Creating package script '/home/griffin/driverless/driverless_ws/install/collection/share/collection/package.bash'
[0.738s] INFO:colcon.colcon_core.shell:Creating package script '/home/griffin/driverless/driverless_ws/install/collection/share/collection/package.zsh'
[0.739s] Level 1:colcon.colcon_core.environment:create_file_with_runtime_dependencies(/home/griffin/driverless/driverless_ws/install/collection/share/colcon-core/packages/collection)
[0.754s] Level 1:colcon.colcon_core.environment:create_environment_scripts_only(collection)
[0.759s] Level 1:colcon.colcon_core.environment:checking '/home/griffin/driverless/driverless_ws/install/collection' for CMake module files
[0.760s] Level 1:colcon.colcon_core.environment:checking '/home/griffin/driverless/driverless_ws/install/collection' for CMake config files
[0.760s] Level 1:colcon.colcon_core.shell:create_environment_hook('collection', 'cmake_prefix_path')
[0.764s] INFO:colcon.colcon_core.shell:Creating environment hook '/home/griffin/driverless/driverless_ws/install/collection/share/collection/hook/cmake_prefix_path.ps1'
[0.765s] INFO:colcon.colcon_core.shell:Creating environment descriptor '/home/griffin/driverless/driverless_ws/install/collection/share/collection/hook/cmake_prefix_path.dsv'
[0.765s] INFO:colcon.colcon_core.shell:Creating environment hook '/home/griffin/driverless/driverless_ws/install/collection/share/collection/hook/cmake_prefix_path.sh'
[0.765s] Level 1:colcon.colcon_core.environment:checking '/home/griffin/driverless/driverless_ws/install/collection/bin'
[0.765s] Level 1:colcon.colcon_core.environment:checking '/home/griffin/driverless/driverless_ws/install/collection/lib/pkgconfig/collection.pc'
[0.766s] Level 1:colcon.colcon_core.environment:checking '/home/griffin/driverless/driverless_ws/install/collection/lib/python3.8/site-packages'
[0.766s] Level 1:colcon.colcon_core.environment:checking '/home/griffin/driverless/driverless_ws/install/collection/bin'
[0.770s] INFO:colcon.colcon_core.shell:Creating package script '/home/griffin/driverless/driverless_ws/install/collection/share/collection/package.ps1'
[0.770s] INFO:colcon.colcon_core.shell:Creating package descriptor '/home/griffin/driverless/driverless_ws/install/collection/share/collection/package.dsv'
[0.771s] INFO:colcon.colcon_core.shell:Creating package script '/home/griffin/driverless/driverless_ws/install/collection/share/collection/package.sh'
[0.771s] INFO:colcon.colcon_core.shell:Creating package script '/home/griffin/driverless/driverless_ws/install/collection/share/collection/package.bash'
[0.771s] INFO:colcon.colcon_core.shell:Creating package script '/home/griffin/driverless/driverless_ws/install/collection/share/collection/package.zsh'
[0.771s] Level 1:colcon.colcon_core.environment:create_file_with_runtime_dependencies(/home/griffin/driverless/driverless_ws/install/collection/share/colcon-core/packages/collection)
[0.772s] Level 1:colcon.colcon_core.environment:create_environment_scripts_only(common)
[0.777s] Level 1:colcon.colcon_core.environment:checking '/home/griffin/driverless/driverless_ws/install/common' for CMake module files
[0.777s] Level 1:colcon.colcon_core.environment:checking '/home/griffin/driverless/driverless_ws/install/common' for CMake config files
[0.778s] DEBUG:colcon.colcon_core.event_handler.log_command:Invoked command in '/home/griffin/driverless/driverless_ws/build/common' returned '0': CMAKE_PREFIX_PATH=/opt/ros/foxy /usr/bin/cmake --install /home/griffin/driverless/driverless_ws/build/common
[0.778s] Level 1:colcon.colcon_core.shell:create_environment_hook('common', 'cmake_prefix_path')
[0.782s] INFO:colcon.colcon_core.shell:Creating environment hook '/home/griffin/driverless/driverless_ws/install/common/share/common/hook/cmake_prefix_path.ps1'
[0.782s] INFO:colcon.colcon_core.shell:Creating environment descriptor '/home/griffin/driverless/driverless_ws/install/common/share/common/hook/cmake_prefix_path.dsv'
[0.782s] INFO:colcon.colcon_core.shell:Creating environment hook '/home/griffin/driverless/driverless_ws/install/common/share/common/hook/cmake_prefix_path.sh'
[0.783s] Level 1:colcon.colcon_core.environment:checking '/home/griffin/driverless/driverless_ws/install/common/bin'
[0.783s] Level 1:colcon.colcon_core.environment:checking '/home/griffin/driverless/driverless_ws/install/common/lib/pkgconfig/common.pc'
[0.783s] Level 1:colcon.colcon_core.environment:checking '/home/griffin/driverless/driverless_ws/install/common/lib/python3.8/site-packages'
[0.783s] Level 1:colcon.colcon_core.environment:checking '/home/griffin/driverless/driverless_ws/install/common/bin'
[0.787s] INFO:colcon.colcon_core.shell:Creating package script '/home/griffin/driverless/driverless_ws/install/common/share/common/package.ps1'
[0.788s] INFO:colcon.colcon_core.shell:Creating package descriptor '/home/griffin/driverless/driverless_ws/install/common/share/common/package.dsv'
[0.788s] INFO:colcon.colcon_core.shell:Creating package script '/home/griffin/driverless/driverless_ws/install/common/share/common/package.sh'
[0.788s] INFO:colcon.colcon_core.shell:Creating package script '/home/griffin/driverless/driverless_ws/install/common/share/common/package.bash'
[0.788s] INFO:colcon.colcon_core.shell:Creating package script '/home/griffin/driverless/driverless_ws/install/common/share/common/package.zsh'
[0.788s] Level 1:colcon.colcon_core.environment:create_file_with_runtime_dependencies(/home/griffin/driverless/driverless_ws/install/common/share/colcon-core/packages/common)
[0.805s] Level 1:colcon.colcon_core.environment:create_environment_scripts_only(common)
[0.810s] Level 1:colcon.colcon_core.environment:checking '/home/griffin/driverless/driverless_ws/install/common' for CMake module files
[0.810s] Level 1:colcon.colcon_core.environment:checking '/home/griffin/driverless/driverless_ws/install/common' for CMake config files
[0.810s] Level 1:colcon.colcon_core.shell:create_environment_hook('common', 'cmake_prefix_path')
[0.814s] INFO:colcon.colcon_core.shell:Creating environment hook '/home/griffin/driverless/driverless_ws/install/common/share/common/hook/cmake_prefix_path.ps1'
[0.815s] INFO:colcon.colcon_core.shell:Creating environment descriptor '/home/griffin/driverless/driverless_ws/install/common/share/common/hook/cmake_prefix_path.dsv'
[0.815s] INFO:colcon.colcon_core.shell:Creating environment hook '/home/griffin/driverless/driverless_ws/install/common/share/common/hook/cmake_prefix_path.sh'
[0.815s] Level 1:colcon.colcon_core.environment:checking '/home/griffin/driverless/driverless_ws/install/common/bin'
[0.816s] Level 1:colcon.colcon_core.environment:checking '/home/griffin/driverless/driverless_ws/install/common/lib/pkgconfig/common.pc'
[0.816s] Level 1:colcon.colcon_core.environment:checking '/home/griffin/driverless/driverless_ws/install/common/lib/python3.8/site-packages'
[0.816s] Level 1:colcon.colcon_core.environment:checking '/home/griffin/driverless/driverless_ws/install/common/bin'
[0.820s] INFO:colcon.colcon_core.shell:Creating package script '/home/griffin/driverless/driverless_ws/install/common/share/common/package.ps1'
[0.820s] INFO:colcon.colcon_core.shell:Creating package descriptor '/home/griffin/driverless/driverless_ws/install/common/share/common/package.dsv'
[0.821s] INFO:colcon.colcon_core.shell:Creating package script '/home/griffin/driverless/driverless_ws/install/common/share/common/package.sh'
[0.821s] INFO:colcon.colcon_core.shell:Creating package script '/home/griffin/driverless/driverless_ws/install/common/share/common/package.bash'
[0.821s] INFO:colcon.colcon_core.shell:Creating package script '/home/griffin/driverless/driverless_ws/install/common/share/common/package.zsh'
[0.822s] Level 1:colcon.colcon_core.environment:create_file_with_runtime_dependencies(/home/griffin/driverless/driverless_ws/install/common/share/colcon-core/packages/common)
[0.822s] Level 1:colcon.colcon_core.environment:create_environment_scripts_only(interfaces)
[0.827s] Level 1:colcon.colcon_core.environment:checking '/home/griffin/driverless/driverless_ws/install/interfaces' for CMake module files
[0.828s] DEBUG:colcon.colcon_core.event_handler.log_command:Invoked command in '/home/griffin/driverless/driverless_ws/build/interfaces' returned '0': CMAKE_PREFIX_PATH=/opt/ros/foxy /usr/bin/cmake --install /home/griffin/driverless/driverless_ws/build/interfaces
[0.828s] Level 1:colcon.colcon_core.environment:checking '/home/griffin/driverless/driverless_ws/install/interfaces' for CMake config files
[0.828s] Level 1:colcon.colcon_core.shell:create_environment_hook('interfaces', 'cmake_prefix_path')
[0.832s] INFO:colcon.colcon_core.shell:Creating environment hook '/home/griffin/driverless/driverless_ws/install/interfaces/share/interfaces/hook/cmake_prefix_path.ps1'
[0.832s] INFO:colcon.colcon_core.shell:Creating environment descriptor '/home/griffin/driverless/driverless_ws/install/interfaces/share/interfaces/hook/cmake_prefix_path.dsv'
[0.832s] INFO:colcon.colcon_core.shell:Creating environment hook '/home/griffin/driverless/driverless_ws/install/interfaces/share/interfaces/hook/cmake_prefix_path.sh'
[0.833s] Level 1:colcon.colcon_core.environment:checking '/home/griffin/driverless/driverless_ws/install/interfaces/lib'
[0.833s] Level 1:colcon.colcon_core.shell:create_environment_hook('interfaces', 'ld_library_path_lib')
[0.838s] INFO:colcon.colcon_core.shell:Creating environment hook '/home/griffin/driverless/driverless_ws/install/interfaces/share/interfaces/hook/ld_library_path_lib.ps1'
[0.838s] INFO:colcon.colcon_core.shell:Creating environment descriptor '/home/griffin/driverless/driverless_ws/install/interfaces/share/interfaces/hook/ld_library_path_lib.dsv'
[0.838s] INFO:colcon.colcon_core.shell:Creating environment hook '/home/griffin/driverless/driverless_ws/install/interfaces/share/interfaces/hook/ld_library_path_lib.sh'
[0.839s] Level 1:colcon.colcon_core.environment:checking '/home/griffin/driverless/driverless_ws/install/interfaces/bin'
[0.839s] Level 1:colcon.colcon_core.environment:checking '/home/griffin/driverless/driverless_ws/install/interfaces/lib/pkgconfig/interfaces.pc'
[0.839s] Level 1:colcon.colcon_core.environment:checking '/home/griffin/driverless/driverless_ws/install/interfaces/lib/python3.8/site-packages'
[0.839s] Level 1:colcon.colcon_core.shell:create_environment_hook('interfaces', 'pythonpath')
[0.843s] INFO:colcon.colcon_core.shell:Creating environment hook '/home/griffin/driverless/driverless_ws/install/interfaces/share/interfaces/hook/pythonpath.ps1'
[0.844s] INFO:colcon.colcon_core.shell:Creating environment descriptor '/home/griffin/driverless/driverless_ws/install/interfaces/share/interfaces/hook/pythonpath.dsv'
[0.844s] INFO:colcon.colcon_core.shell:Creating environment hook '/home/griffin/driverless/driverless_ws/install/interfaces/share/interfaces/hook/pythonpath.sh'
[0.844s] Level 1:colcon.colcon_core.environment:checking '/home/griffin/driverless/driverless_ws/install/interfaces/bin'
[0.848s] INFO:colcon.colcon_core.shell:Creating package script '/home/griffin/driverless/driverless_ws/install/interfaces/share/interfaces/package.ps1'
[0.849s] INFO:colcon.colcon_core.shell:Creating package descriptor '/home/griffin/driverless/driverless_ws/install/interfaces/share/interfaces/package.dsv'
[0.849s] INFO:colcon.colcon_core.shell:Creating package script '/home/griffin/driverless/driverless_ws/install/interfaces/share/interfaces/package.sh'
[0.850s] INFO:colcon.colcon_core.shell:Creating package script '/home/griffin/driverless/driverless_ws/install/interfaces/share/interfaces/package.bash'
[0.850s] INFO:colcon.colcon_core.shell:Creating package script '/home/griffin/driverless/driverless_ws/install/interfaces/share/interfaces/package.zsh'
[0.850s] Level 1:colcon.colcon_core.environment:create_file_with_runtime_dependencies(/home/griffin/driverless/driverless_ws/install/interfaces/share/colcon-core/packages/interfaces)
[0.869s] Level 1:colcon.colcon_core.environment:create_environment_scripts_only(interfaces)
[0.874s] Level 1:colcon.colcon_core.environment:checking '/home/griffin/driverless/driverless_ws/install/interfaces' for CMake module files
[0.875s] Level 1:colcon.colcon_core.environment:checking '/home/griffin/driverless/driverless_ws/install/interfaces' for CMake config files
[0.875s] Level 1:colcon.colcon_core.shell:create_environment_hook('interfaces', 'cmake_prefix_path')
[0.879s] INFO:colcon.colcon_core.shell:Creating environment hook '/home/griffin/driverless/driverless_ws/install/interfaces/share/interfaces/hook/cmake_prefix_path.ps1'
[0.879s] INFO:colcon.colcon_core.shell:Creating environment descriptor '/home/griffin/driverless/driverless_ws/install/interfaces/share/interfaces/hook/cmake_prefix_path.dsv'
[0.880s] INFO:colcon.colcon_core.shell:Creating environment hook '/home/griffin/driverless/driverless_ws/install/interfaces/share/interfaces/hook/cmake_prefix_path.sh'
[0.880s] Level 1:colcon.colcon_core.environment:checking '/home/griffin/driverless/driverless_ws/install/interfaces/lib'
[0.880s] Level 1:colcon.colcon_core.shell:create_environment_hook('interfaces', 'ld_library_path_lib')
[0.884s] INFO:colcon.colcon_core.shell:Creating environment hook '/home/griffin/driverless/driverless_ws/install/interfaces/share/interfaces/hook/ld_library_path_lib.ps1'
[0.885s] INFO:colcon.colcon_core.shell:Creating environment descriptor '/home/griffin/driverless/driverless_ws/install/interfaces/share/interfaces/hook/ld_library_path_lib.dsv'
[0.885s] INFO:colcon.colcon_core.shell:Creating environment hook '/home/griffin/driverless/driverless_ws/install/interfaces/share/interfaces/hook/ld_library_path_lib.sh'
[0.885s] Level 1:colcon.colcon_core.environment:checking '/home/griffin/driverless/driverless_ws/install/interfaces/bin'
[0.885s] Level 1:colcon.colcon_core.environment:checking '/home/griffin/driverless/driverless_ws/install/interfaces/lib/pkgconfig/interfaces.pc'
[0.886s] Level 1:colcon.colcon_core.environment:checking '/home/griffin/driverless/driverless_ws/install/interfaces/lib/python3.8/site-packages'
[0.886s] Level 1:colcon.colcon_core.shell:create_environment_hook('interfaces', 'pythonpath')
[0.890s] INFO:colcon.colcon_core.shell:Creating environment hook '/home/griffin/driverless/driverless_ws/install/interfaces/share/interfaces/hook/pythonpath.ps1'
[0.891s] INFO:colcon.colcon_core.shell:Creating environment descriptor '/home/griffin/driverless/driverless_ws/install/interfaces/share/interfaces/hook/pythonpath.dsv'
[0.891s] INFO:colcon.colcon_core.shell:Creating environment hook '/home/griffin/driverless/driverless_ws/install/interfaces/share/interfaces/hook/pythonpath.sh'
[0.891s] Level 1:colcon.colcon_core.environment:checking '/home/griffin/driverless/driverless_ws/install/interfaces/bin'
[0.896s] INFO:colcon.colcon_core.shell:Creating package script '/home/griffin/driverless/driverless_ws/install/interfaces/share/interfaces/package.ps1'
[0.897s] INFO:colcon.colcon_core.shell:Creating package descriptor '/home/griffin/driverless/driverless_ws/install/interfaces/share/interfaces/package.dsv'
[0.897s] INFO:colcon.colcon_core.shell:Creating package script '/home/griffin/driverless/driverless_ws/install/interfaces/share/interfaces/package.sh'
[0.898s] INFO:colcon.colcon_core.shell:Creating package script '/home/griffin/driverless/driverless_ws/install/interfaces/share/interfaces/package.bash'
[0.898s] INFO:colcon.colcon_core.shell:Creating package script '/home/griffin/driverless/driverless_ws/install/interfaces/share/interfaces/package.zsh'
[0.899s] Level 1:colcon.colcon_core.environment:create_file_with_runtime_dependencies(/home/griffin/driverless/driverless_ws/install/interfaces/share/colcon-core/packages/interfaces)
[0.899s] Level 1:colcon.colcon_core.environment:create_environment_scripts_only(perceptions)
[0.905s] Level 1:colcon.colcon_core.environment:checking '/home/griffin/driverless/driverless_ws/install/perceptions' for CMake module files
[0.905s] Level 1:colcon.colcon_core.environment:checking '/home/griffin/driverless/driverless_ws/install/perceptions' for CMake config files
[0.905s] DEBUG:colcon.colcon_core.event_handler.log_command:Invoked command in '/home/griffin/driverless/driverless_ws/build/perceptions' returned '0': CMAKE_PREFIX_PATH=/opt/ros/foxy /usr/bin/cmake --install /home/griffin/driverless/driverless_ws/build/perceptions
[0.905s] Level 1:colcon.colcon_core.shell:create_environment_hook('perceptions', 'cmake_prefix_path')
[0.910s] INFO:colcon.colcon_core.shell:Creating environment hook '/home/griffin/driverless/driverless_ws/install/perceptions/share/perceptions/hook/cmake_prefix_path.ps1'
[0.910s] INFO:colcon.colcon_core.shell:Creating environment descriptor '/home/griffin/driverless/driverless_ws/install/perceptions/share/perceptions/hook/cmake_prefix_path.dsv'
[0.910s] INFO:colcon.colcon_core.shell:Creating environment hook '/home/griffin/driverless/driverless_ws/install/perceptions/share/perceptions/hook/cmake_prefix_path.sh'
[0.911s] Level 1:colcon.colcon_core.environment:checking '/home/griffin/driverless/driverless_ws/install/perceptions/bin'
[0.911s] Level 1:colcon.colcon_core.environment:checking '/home/griffin/driverless/driverless_ws/install/perceptions/lib/pkgconfig/perceptions.pc'
[0.911s] Level 1:colcon.colcon_core.environment:checking '/home/griffin/driverless/driverless_ws/install/perceptions/lib/python3.8/site-packages'
[0.911s] Level 1:colcon.colcon_core.environment:checking '/home/griffin/driverless/driverless_ws/install/perceptions/bin'
[0.916s] INFO:colcon.colcon_core.shell:Creating package script '/home/griffin/driverless/driverless_ws/install/perceptions/share/perceptions/package.ps1'
[0.916s] INFO:colcon.colcon_core.shell:Creating package descriptor '/home/griffin/driverless/driverless_ws/install/perceptions/share/perceptions/package.dsv'
[0.916s] INFO:colcon.colcon_core.shell:Creating package script '/home/griffin/driverless/driverless_ws/install/perceptions/share/perceptions/package.sh'
[0.917s] INFO:colcon.colcon_core.shell:Creating package script '/home/griffin/driverless/driverless_ws/install/perceptions/share/perceptions/package.bash'
[0.917s] INFO:colcon.colcon_core.shell:Creating package script '/home/griffin/driverless/driverless_ws/install/perceptions/share/perceptions/package.zsh'
[0.917s] Level 1:colcon.colcon_core.environment:create_file_with_runtime_dependencies(/home/griffin/driverless/driverless_ws/install/perceptions/share/colcon-core/packages/perceptions)
[0.933s] Level 1:colcon.colcon_core.environment:create_environment_scripts_only(perceptions)
[0.938s] Level 1:colcon.colcon_core.environment:checking '/home/griffin/driverless/driverless_ws/install/perceptions' for CMake module files
[0.938s] Level 1:colcon.colcon_core.environment:checking '/home/griffin/driverless/driverless_ws/install/perceptions' for CMake config files
[0.939s] Level 1:colcon.colcon_core.shell:create_environment_hook('perceptions', 'cmake_prefix_path')
[0.943s] INFO:colcon.colcon_core.shell:Creating environment hook '/home/griffin/driverless/driverless_ws/install/perceptions/share/perceptions/hook/cmake_prefix_path.ps1'
[0.943s] INFO:colcon.colcon_core.shell:Creating environment descriptor '/home/griffin/driverless/driverless_ws/install/perceptions/share/perceptions/hook/cmake_prefix_path.dsv'
[0.943s] INFO:colcon.colcon_core.shell:Creating environment hook '/home/griffin/driverless/driverless_ws/install/perceptions/share/perceptions/hook/cmake_prefix_path.sh'
[0.944s] Level 1:colcon.colcon_core.environment:checking '/home/griffin/driverless/driverless_ws/install/perceptions/bin'
[0.944s] Level 1:colcon.colcon_core.environment:checking '/home/griffin/driverless/driverless_ws/install/perceptions/lib/pkgconfig/perceptions.pc'
[0.944s] Level 1:colcon.colcon_core.environment:checking '/home/griffin/driverless/driverless_ws/install/perceptions/lib/python3.8/site-packages'
[0.944s] Level 1:colcon.colcon_core.environment:checking '/home/griffin/driverless/driverless_ws/install/perceptions/bin'
[0.948s] INFO:colcon.colcon_core.shell:Creating package script '/home/griffin/driverless/driverless_ws/install/perceptions/share/perceptions/package.ps1'
[0.949s] INFO:colcon.colcon_core.shell:Creating package descriptor '/home/griffin/driverless/driverless_ws/install/perceptions/share/perceptions/package.dsv'
[0.949s] INFO:colcon.colcon_core.shell:Creating package script '/home/griffin/driverless/driverless_ws/install/perceptions/share/perceptions/package.sh'
[0.949s] INFO:colcon.colcon_core.shell:Creating package script '/home/griffin/driverless/driverless_ws/install/perceptions/share/perceptions/package.bash'
[0.950s] INFO:colcon.colcon_core.shell:Creating package script '/home/griffin/driverless/driverless_ws/install/perceptions/share/perceptions/package.zsh'
[0.950s] Level 1:colcon.colcon_core.environment:create_file_with_runtime_dependencies(/home/griffin/driverless/driverless_ws/install/perceptions/share/colcon-core/packages/perceptions)
[0.950s] INFO:colcon.colcon_ros.task.ament_cmake.build:Building ROS package in '/home/griffin/driverless/driverless_ws/src/planning' with build type 'ament_cmake'
[0.950s] INFO:colcon.colcon_cmake.task.cmake.build:Building CMake package in '/home/griffin/driverless/driverless_ws/src/planning'
[0.955s] INFO:colcon.colcon_core.shell:Skip shell extension 'powershell' for command environment: Not usable outside of PowerShell
[0.955s] DEBUG:colcon.colcon_core.shell:Skip shell extension 'dsv' for command environment
[0.969s] DEBUG:colcon.colcon_core.event_handler.log_command:Invoking command in '/home/griffin/driverless/driverless_ws/build/planning': AMENT_PREFIX_PATH=/home/griffin/driverless/driverless_ws/install/interfaces:${AMENT_PREFIX_PATH} CMAKE_PREFIX_PATH=/home/griffin/driverless/driverless_ws/install/interfaces:/opt/ros/foxy LD_LIBRARY_PATH=/home/griffin/driverless/driverless_ws/install/interfaces/lib:${LD_LIBRARY_PATH} PYTHONPATH=/home/griffin/driverless/driverless_ws/install/interfaces/lib/python3.8/site-packages:${PYTHONPATH} /usr/bin/cmake /home/griffin/driverless/driverless_ws/src/planning -DCMAKE_EXPORT_COMPILE_COMMANDS=ON -G Ninja -DCMAKE_INSTALL_PREFIX=/home/griffin/driverless/driverless_ws/install/planning
[0.976s] DEBUG:colcon.colcon_core.event_handler.log_command:Invoked command in '/home/griffin/driverless/driverless_ws/build/planning' returned '1': AMENT_PREFIX_PATH=/home/griffin/driverless/driverless_ws/install/interfaces:${AMENT_PREFIX_PATH} CMAKE_PREFIX_PATH=/home/griffin/driverless/driverless_ws/install/interfaces:/opt/ros/foxy LD_LIBRARY_PATH=/home/griffin/driverless/driverless_ws/install/interfaces/lib:${LD_LIBRARY_PATH} PYTHONPATH=/home/griffin/driverless/driverless_ws/install/interfaces/lib/python3.8/site-packages:${PYTHONPATH} /usr/bin/cmake /home/griffin/driverless/driverless_ws/src/planning -DCMAKE_EXPORT_COMPILE_COMMANDS=ON -G Ninja -DCMAKE_INSTALL_PREFIX=/home/griffin/driverless/driverless_ws/install/planning
[1.026s] DEBUG:colcon.colcon_parallel_executor.executor.parallel:closing loop
[1.026s] DEBUG:colcon.colcon_parallel_executor.executor.parallel:loop closed
[1.026s] DEBUG:colcon.colcon_parallel_executor.executor.parallel:run_until_complete finished with 'argument of type 'NoneType' is not iterable'
[1.026s] DEBUG:colcon.colcon_core.event_reactor:joining thread
[1.034s] INFO:colcon.colcon_core.plugin_system:Skipping extension 'colcon_notification.desktop_notification.terminal_notifier': Not used on non-Darwin systems
[1.034s] INFO:colcon.colcon_core.plugin_system:Skipping extension 'colcon_notification.desktop_notification.win32': Not used on non-Windows systems
[1.034s] INFO:colcon.colcon_notification.desktop_notification:Sending desktop notification using 'notify2'
[1.044s] DEBUG:colcon.colcon_core.event_reactor:joined thread
[1.049s] INFO:colcon.colcon_core.shell:Creating prefix script '/home/griffin/driverless/driverless_ws/install/local_setup.ps1'
[1.050s] INFO:colcon.colcon_core.shell:Creating prefix util module '/home/griffin/driverless/driverless_ws/install/_local_setup_util_ps1.py'
[1.051s] INFO:colcon.colcon_core.shell:Creating prefix chain script '/home/griffin/driverless/driverless_ws/install/setup.ps1'
[1.054s] INFO:colcon.colcon_core.shell:Creating prefix script '/home/griffin/driverless/driverless_ws/install/local_setup.sh'
[1.054s] INFO:colcon.colcon_core.shell:Creating prefix util module '/home/griffin/driverless/driverless_ws/install/_local_setup_util_sh.py'
[1.055s] INFO:colcon.colcon_core.shell:Creating prefix chain script '/home/griffin/driverless/driverless_ws/install/setup.sh'
[1.058s] INFO:colcon.colcon_core.shell:Creating prefix script '/home/griffin/driverless/driverless_ws/install/local_setup.bash'
[1.059s] INFO:colcon.colcon_core.shell:Creating prefix chain script '/home/griffin/driverless/driverless_ws/install/setup.bash'
[1.062s] INFO:colcon.colcon_core.shell:Creating prefix script '/home/griffin/driverless/driverless_ws/install/local_setup.zsh'
[1.063s] INFO:colcon.colcon_core.shell:Creating prefix chain script '/home/griffin/driverless/driverless_ws/install/setup.zsh'
