[0.044s] Invoking command in '/home/ishin/Documents/cmr/driverless_py/driverless/driverless_ws/build/controls': _=/usr/bin/env /usr/bin/cmake --build /home/ishin/Documents/cmr/driverless_py/driverless/driverless_ws/build/controls -- -j8 -l8
[0.095s] Invoked command in '/home/ishin/Documents/cmr/driverless_py/driverless/driverless_ws/build/controls' returned '0': _=/usr/bin/env /usr/bin/cmake --build /home/ishin/Documents/cmr/driverless_py/driverless/driverless_ws/build/controls -- -j8 -l8
[0.146s] Invoking command in '/home/ishin/Documents/cmr/driverless_py/driverless/driverless_ws/build/controls': _=/usr/bin/env /usr/bin/cmake --install /home/ishin/Documents/cmr/driverless_py/driverless/driverless_ws/build/controls
[0.153s] -- Install configuration: ""
[0.154s] -- Up-to-date: /home/ishin/Documents/cmr/driverless_py/driverless/driverless_ws/install/controls/share/ament_index/resource_index/package_run_dependencies/controls
[0.155s] -- Up-to-date: /home/ishin/Documents/cmr/driverless_py/driverless/driverless_ws/install/controls/share/ament_index/resource_index/parent_prefix_path/controls
[0.155s] -- Up-to-date: /home/ishin/Documents/cmr/driverless_py/driverless/driverless_ws/install/controls/share/controls/environment/ament_prefix_path.sh
[0.155s] -- Up-to-date: /home/ishin/Documents/cmr/driverless_py/driverless/driverless_ws/install/controls/share/controls/environment/ament_prefix_path.dsv
[0.155s] -- Up-to-date: /home/ishin/Documents/cmr/driverless_py/driverless/driverless_ws/install/controls/share/controls/environment/path.sh
[0.155s] -- Up-to-date: /home/ishin/Documents/cmr/driverless_py/driverless/driverless_ws/install/controls/share/controls/environment/path.dsv
[0.155s] -- Up-to-date: /home/ishin/Documents/cmr/driverless_py/driverless/driverless_ws/install/controls/share/controls/local_setup.bash
[0.155s] -- Up-to-date: /home/ishin/Documents/cmr/driverless_py/driverless/driverless_ws/install/controls/share/controls/local_setup.sh
[0.156s] -- Up-to-date: /home/ishin/Documents/cmr/driverless_py/driverless/driverless_ws/install/controls/share/controls/local_setup.zsh
[0.156s] -- Up-to-date: /home/ishin/Documents/cmr/driverless_py/driverless/driverless_ws/install/controls/share/controls/local_setup.dsv
[0.156s] -- Up-to-date: /home/ishin/Documents/cmr/driverless_py/driverless/driverless_ws/install/controls/share/controls/package.dsv
[0.156s] -- Up-to-date: /home/ishin/Documents/cmr/driverless_py/driverless/driverless_ws/install/controls/share/ament_index/resource_index/packages/controls
[0.158s] -- Up-to-date: /home/ishin/Documents/cmr/driverless_py/driverless/driverless_ws/install/controls/share/controls/cmake/controlsConfig.cmake
[0.158s] -- Up-to-date: /home/ishin/Documents/cmr/driverless_py/driverless/driverless_ws/install/controls/share/controls/cmake/controlsConfig-version.cmake
[0.159s] -- Up-to-date: /home/ishin/Documents/cmr/driverless_py/driverless/driverless_ws/install/controls/share/controls/package.xml
[0.199s] Invoked command in '/home/ishin/Documents/cmr/driverless_py/driverless/driverless_ws/build/controls' returned '0': _=/usr/bin/env /usr/bin/cmake --install /home/ishin/Documents/cmr/driverless_py/driverless/driverless_ws/build/controls
