[0.164s] Invoking command in '/home/andrewwhong/workspace/driverless/driverless_ws/src/build/planning': AMENT_PREFIX_PATH=/home/andrewwhong/workspace/driverless/driverless_ws/src/install/eufs_msgs:${AMENT_PREFIX_PATH} CMAKE_PREFIX_PATH=/home/andrewwhong/workspace/driverless/driverless_ws/src/install/eufs_msgs:/home/andrewwhong/workspace/driverless/driverless_ws/install/perceptions:/home/andrewwhong/workspace/driverless/driverless_ws/install/interfaces:/home/andrewwhong/workspace/driverless/driverless_ws/install/eufs_msgs:/home/andrewwhong/workspace/driverless/driverless_ws/install/controls:/home/andrewwhong/workspace/driverless/driverless_ws/install/common:/home/andrewwhong/workspace/driverless/driverless_ws/install/collection:/home/andrewwhong/workspace/driverless/driverless_ws/install/actuators:/opt/ros/foxy LD_LIBRARY_PATH=/home/andrewwhong/workspace/driverless/driverless_ws/src/install/eufs_msgs/lib:${LD_LIBRARY_PATH} PYTHONPATH=/home/andrewwhong/workspace/driverless/driverless_ws/src/install/eufs_msgs/lib/python3.8/site-packages:${PYTHONPATH} /usr/bin/cmake --build /home/andrewwhong/workspace/driverless/driverless_ws/src/build/planning -- -j12 -l12
[0.208s] [ 50%] [32mBuilding CXX object CMakeFiles/slam_test.dir/src/EKF_SLAM.cpp.o[0m
[1.730s] In file included from [01m[K/opt/ros/foxy/include/message_filters/synchronizer.h:47[m[K,
[1.730s]                  from [01m[K/home/andrewwhong/workspace/driverless/driverless_ws/src/planning/src/EKF_SLAM.cpp:6[m[K:
[1.730s] /opt/ros/foxy/include/message_filters/signal9.h: In instantiation of ‘[01m[Kmessage_filters::Connection message_filters::Signal9<M0, M1, M2, M3, M4, M5, M6, M7, M8>::addCallback(C&) [with C = const std::_Bind<void (SLAMValidation::*(SLAMValidation*, std::_Placeholder<1>, std::_Placeholder<2>))(std::shared_ptr<eufs_msgs::msg::ConeArrayWithCovariance_<std::allocator<void> > >, std::shared_ptr<eufs_msgs::msg::CarState_<std::allocator<void> > >) const>; M0 = eufs_msgs::msg::ConeArrayWithCovariance_<std::allocator<void> >; M1 = eufs_msgs::msg::CarState_<std::allocator<void> >; M2 = message_filters::NullType; M3 = message_filters::NullType; M4 = message_filters::NullType; M5 = message_filters::NullType; M6 = message_filters::NullType; M7 = message_filters::NullType; M8 = message_filters::NullType][m[K’:
[1.730s] [01m[K/opt/ros/foxy/include/message_filters/synchronizer.h:298:40:[m[K   required from ‘[01m[Kmessage_filters::Connection message_filters::Synchronizer<Policy>::registerCallback(const C&) [with C = std::_Bind<void (SLAMValidation::*(SLAMValidation*, std::_Placeholder<1>, std::_Placeholder<2>))(std::shared_ptr<eufs_msgs::msg::ConeArrayWithCovariance_<std::allocator<void> > >, std::shared_ptr<eufs_msgs::msg::CarState_<std::allocator<void> > >) const>; Policy = message_filters::sync_policies::ApproximateTime<eufs_msgs::msg::ConeArrayWithCovariance_<std::allocator<void> >, eufs_msgs::msg::CarState_<std::allocator<void> > >][m[K’
[1.730s] [01m[K/home/andrewwhong/workspace/driverless/driverless_ws/src/planning/src/EKF_SLAM.cpp:28:124:[m[K   required from here
[1.731s] [01m[K/opt/ros/foxy/include/message_filters/signal9.h:280:267:[m[K [01;31m[Kerror: [m[Kno matching function for call to ‘[01m[Kmessage_filters::Signal9<eufs_msgs::msg::ConeArrayWithCovariance_<std::allocator<void> >, eufs_msgs::msg::CarState_<std::allocator<void> >, message_filters::NullType, message_filters::NullType, message_filters::NullType, message_filters::NullType, message_filters::NullType, message_filters::NullType, message_filters::NullType>::addCallback<const M0ConstPtr&, const M1ConstPtr&, const M2ConstPtr&, const M3ConstPtr&, const M4ConstPtr&, const M5ConstPtr&, const M6ConstPtr&, const M7ConstPtr&, const M8ConstPtr&>(std::_Bind_helper<false, const std::_Bind<void (SLAMValidation::*(SLAMValidation*, std::_Placeholder<1>, std::_Placeholder<2>))(std::shared_ptr<eufs_msgs::msg::ConeArrayWithCovariance_<std::allocator<void> > >, std::shared_ptr<eufs_msgs::msg::CarState_<std::allocator<void> > >) const>&, const std::_Placeholder<1>&, const std::_Placeholder<2>&, const std::_Placeholder<3>&, const std::_Placeholder<4>&, const std::_Placeholder<5>&, const std::_Placeholder<6>&, const std::_Placeholder<7>&, const std::_Placeholder<8>&, const std::_Placeholder<9>&>::type)[m[K’
[1.731s]   280 | placeholders::_4, std::placeholders::_5, std::placeholders::_6, std::placeholders::_7, std::placeholders::_8, std::placeholders::_9)[01;31m[K)[m[K;
[1.731s]       |                                                                                                                                     [01;31m[K^[m[K
[1.731s] 
[1.731s] In file included from [01m[K/opt/ros/foxy/include/message_filters/synchronizer.h:47[m[K,
[1.731s]                  from [01m[K/home/andrewwhong/workspace/driverless/driverless_ws/src/planning/src/EKF_SLAM.cpp:6[m[K:
[1.731s] [01m[K/opt/ros/foxy/include/message_filters/signal9.h:170:14:[m[K [01;36m[Knote: [m[Kcandidate: ‘[01m[Kmessage_filters::Connection message_filters::Signal9<M0, M1, M2, M3, M4, M5, M6, M7, M8>::addCallback(const std::function<void(P0, P1, P2, P3, P4, P5, P6, P7, P8)>&) [with P0 = const std::shared_ptr<const eufs_msgs::msg::ConeArrayWithCovariance_<std::allocator<void> > >&; P1 = const std::shared_ptr<const eufs_msgs::msg::CarState_<std::allocator<void> > >&; P2 = const std::shared_ptr<const message_filters::NullType>&; P3 = const std::shared_ptr<const message_filters::NullType>&; P4 = const std::shared_ptr<const message_filters::NullType>&; P5 = const std::shared_ptr<const message_filters::NullType>&; P6 = const std::shared_ptr<const message_filters::NullType>&; P7 = const std::shared_ptr<const message_filters::NullType>&; P8 = const std::shared_ptr<const message_filters::NullType>&; M0 = eufs_msgs::msg::ConeArrayWithCovariance_<std::allocator<void> >; M1 = eufs_msgs::msg::CarState_<std::allocator<void> >; M2 = message_filters::NullType; M3 = message_filters::NullType; M4 = message_filters::NullType; M5 = message_filters::NullType; M6 = message_filters::NullType; M7 = message_filters::NullType; M8 = message_filters::NullType][m[K’
[1.731s]   170 |   Connection [01;36m[KaddCallback[m[K(const std::function<void(P0, P1, P2, P3, P4, P5, P6, P7, P8)>& callback)
[1.731s]       |              [01;36m[K^~~~~~~~~~~[m[K
[1.731s] [01m[K/opt/ros/foxy/include/message_filters/signal9.h:170:89:[m[K [01;36m[Knote: [m[K  no known conversion for argument 1 from ‘[01m[Kstd::_Bind_helper<false, const std::_Bind<void (SLAMValidation::*(SLAMValidation*, std::_Placeholder<1>, std::_Placeholder<2>))(std::shared_ptr<eufs_msgs::msg::ConeArrayWithCovariance_<std::allocator<void> > >, std::shared_ptr<eufs_msgs::msg::CarState_<std::allocator<void> > >) const>&, const std::_Placeholder<1>&, const std::_Placeholder<2>&, const std::_Placeholder<3>&, const std::_Placeholder<4>&, const std::_Placeholder<5>&, const std::_Placeholder<6>&, const std::_Placeholder<7>&, const std::_Placeholder<8>&, const std::_Placeholder<9>&>::type[m[K’ {aka ‘[01m[Kstd::_Bind<std::_Bind<void (SLAMValidation::*(SLAMValidation*, std::_Placeholder<1>, std::_Placeholder<2>))(std::shared_ptr<eufs_msgs::msg::ConeArrayWithCovariance_<std::allocator<void> > >, std::shared_ptr<eufs_msgs::msg::CarState_<std::allocator<void> > >) const>(std::_Placeholder<1>, std::_Placeholder<2>, std::_Placeholder<3>, std::_Placeholder<4>, std::_Placeholder<5>, std::_Placeholder<6>, std::_Placeholder<7>, std::_Placeholder<8>, std::_Placeholder<9>)>[m[K’} to ‘[01m[Kconst std::function<void(const std::shared_ptr<const eufs_msgs::msg::ConeArrayWithCovariance_<std::allocator<void> > >&, const std::shared_ptr<const eufs_msgs::msg::CarState_<std::allocator<void> > >&, const std::shared_ptr<const message_filters::NullType>&, const std::shared_ptr<const message_filters::NullType>&, const std::shared_ptr<const message_filters::NullType>&, const std::shared_ptr<const message_filters::NullType>&, const std::shared_ptr<const message_filters::NullType>&, const std::shared_ptr<const message_filters::NullType>&, const std::shared_ptr<const message_filters::NullType>&)>&[m[K’
[1.731s]   170 |   Connection addCallback([01;36m[Kconst std::function<void(P0, P1, P2, P3, P4, P5, P6, P7, P8)>& callback[m[K)
[1.731s]       |                          [01;36m[K~~~~~~~~~~~~~~~~~~~~~~~~~~~~~~~~~~~~~~~~~~~~~~~~~~~~~~~~~~~~~~~^~~~~~~~[m[K
[1.731s] [01m[K/opt/ros/foxy/include/message_filters/signal9.h:180:14:[m[K [01;36m[Knote: [m[Kcandidate: ‘[01m[Ktemplate<class P0, class P1> message_filters::Connection message_filters::Signal9<M0, M1, M2, M3, M4, M5, M6, M7, M8>::addCallback(void (*)(P0, P1)) [with P0 = P0; P1 = P1; M0 = eufs_msgs::msg::ConeArrayWithCovariance_<std::allocator<void> >; M1 = eufs_msgs::msg::CarState_<std::allocator<void> >; M2 = message_filters::NullType; M3 = message_filters::NullType; M4 = message_filters::NullType; M5 = message_filters::NullType; M6 = message_filters::NullType; M7 = message_filters::NullType; M8 = message_filters::NullType][m[K’
[1.731s]   180 |   Connection [01;36m[KaddCallback[m[K(void(*callback)(P0, P1))
[1.731s]       |              [01;36m[K^~~~~~~~~~~[m[K
[1.731s] [01m[K/opt/ros/foxy/include/message_filters/signal9.h:180:14:[m[K [01;36m[Knote: [m[K  template argument deduction/substitution failed:
[1.732s] In file included from [01m[K/opt/ros/foxy/include/message_filters/synchronizer.h:47[m[K,
[1.732s]                  from [01m[K/home/andrewwhong/workspace/driverless/driverless_ws/src/planning/src/EKF_SLAM.cpp:6[m[K:
[1.732s] [01m[K/opt/ros/foxy/include/message_filters/signal9.h:280:267:[m[K [01;31m[Kerror: [m[Kwrong number of template arguments (9, should be 2)
[1.732s]   280 | placeholders::_4, std::placeholders::_5, std::placeholders::_6, std::placeholders::_7, std::placeholders::_8, std::placeholders::_9)[01;31m[K)[m[K;
[1.732s]       |                                                                                                                                     [01;31m[K^[m[K
[1.732s] 
[1.732s] In file included from [01m[K/opt/ros/foxy/include/message_filters/synchronizer.h:47[m[K,
[1.732s]                  from [01m[K/home/andrewwhong/workspace/driverless/driverless_ws/src/planning/src/EKF_SLAM.cpp:6[m[K:
[1.732s] [01m[K/opt/ros/foxy/include/message_filters/signal9.h:186:14:[m[K [01;36m[Knote: [m[Kcandidate: ‘[01m[Ktemplate<class P0, class P1, class P2> message_filters::Connection message_filters::Signal9<M0, M1, M2, M3, M4, M5, M6, M7, M8>::addCallback(void (*)(P0, P1, P2)) [with P0 = P0; P1 = P1; P2 = P2; M0 = eufs_msgs::msg::ConeArrayWithCovariance_<std::allocator<void> >; M1 = eufs_msgs::msg::CarState_<std::allocator<void> >; M2 = message_filters::NullType; M3 = message_filters::NullType; M4 = message_filters::NullType; M5 = message_filters::NullType; M6 = message_filters::NullType; M7 = message_filters::NullType; M8 = message_filters::NullType][m[K’
[1.732s]   186 |   Connection [01;36m[KaddCallback[m[K(void(*callback)(P0, P1, P2))
[1.732s]       |              [01;36m[K^~~~~~~~~~~[m[K
[1.732s] [01m[K/opt/ros/foxy/include/message_filters/signal9.h:186:14:[m[K [01;36m[Knote: [m[K  template argument deduction/substitution failed:
[1.732s] In file included from [01m[K/opt/ros/foxy/include/message_filters/synchronizer.h:47[m[K,
[1.732s]                  from [01m[K/home/andrewwhong/workspace/driverless/driverless_ws/src/planning/src/EKF_SLAM.cpp:6[m[K:
[1.732s] [01m[K/opt/ros/foxy/include/message_filters/signal9.h:280:267:[m[K [01;31m[Kerror: [m[Kwrong number of template arguments (9, should be 3)
[1.732s]   280 | placeholders::_4, std::placeholders::_5, std::placeholders::_6, std::placeholders::_7, std::placeholders::_8, std::placeholders::_9)[01;31m[K)[m[K;
[1.732s]       |                                                                                                                                     [01;31m[K^[m[K
[1.733s] 
[1.733s] In file included from [01m[K/opt/ros/foxy/include/message_filters/synchronizer.h:47[m[K,
[1.733s]                  from [01m[K/home/andrewwhong/workspace/driverless/driverless_ws/src/planning/src/EKF_SLAM.cpp:6[m[K:
[1.733s] [01m[K/opt/ros/foxy/include/message_filters/signal9.h:192:14:[m[K [01;36m[Knote: [m[Kcandidate: ‘[01m[Ktemplate<class P0, class P1, class P2, class P3> message_filters::Connection message_filters::Signal9<M0, M1, M2, M3, M4, M5, M6, M7, M8>::addCallback(void (*)(P0, P1, P2, P3)) [with P0 = P0; P1 = P1; P2 = P2; P3 = P3; M0 = eufs_msgs::msg::ConeArrayWithCovariance_<std::allocator<void> >; M1 = eufs_msgs::msg::CarState_<std::allocator<void> >; M2 = message_filters::NullType; M3 = message_filters::NullType; M4 = message_filters::NullType; M5 = message_filters::NullType; M6 = message_filters::NullType; M7 = message_filters::NullType; M8 = message_filters::NullType][m[K’
[1.733s]   192 |   Connection [01;36m[KaddCallback[m[K(void(*callback)(P0, P1, P2, P3))
[1.733s]       |              [01;36m[K^~~~~~~~~~~[m[K
[1.733s] [01m[K/opt/ros/foxy/include/message_filters/signal9.h:192:14:[m[K [01;36m[Knote: [m[K  template argument deduction/substitution failed:
[1.733s] In file included from [01m[K/opt/ros/foxy/include/message_filters/synchronizer.h:47[m[K,
[1.733s]                  from [01m[K/home/andrewwhong/workspace/driverless/driverless_ws/src/planning/src/EKF_SLAM.cpp:6[m[K:
[1.733s] [01m[K/opt/ros/foxy/include/message_filters/signal9.h:280:267:[m[K [01;31m[Kerror: [m[Kwrong number of template arguments (9, should be 4)
[1.733s]   280 | placeholders::_4, std::placeholders::_5, std::placeholders::_6, std::placeholders::_7, std::placeholders::_8, std::placeholders::_9)[01;31m[K)[m[K;
[1.733s]       |                                                                                                                                     [01;31m[K^[m[K
[1.733s] 
[1.733s] In file included from [01m[K/opt/ros/foxy/include/message_filters/synchronizer.h:47[m[K,
[1.733s]                  from [01m[K/home/andrewwhong/workspace/driverless/driverless_ws/src/planning/src/EKF_SLAM.cpp:6[m[K:
[1.733s] [01m[K/opt/ros/foxy/include/message_filters/signal9.h:198:14:[m[K [01;36m[Knote: [m[Kcandidate: ‘[01m[Ktemplate<class P0, class P1, class P2, class P3, class P4> message_filters::Connection message_filters::Signal9<M0, M1, M2, M3, M4, M5, M6, M7, M8>::addCallback(void (*)(P0, P1, P2, P3, P4)) [with P0 = P0; P1 = P1; P2 = P2; P3 = P3; P4 = P4; M0 = eufs_msgs::msg::ConeArrayWithCovariance_<std::allocator<void> >; M1 = eufs_msgs::msg::CarState_<std::allocator<void> >; M2 = message_filters::NullType; M3 = message_filters::NullType; M4 = message_filters::NullType; M5 = message_filters::NullType; M6 = message_filters::NullType; M7 = message_filters::NullType; M8 = message_filters::NullType][m[K’
[1.733s]   198 |   Connection [01;36m[KaddCallback[m[K(void(*callback)(P0, P1, P2, P3, P4))
[1.734s]       |              [01;36m[K^~~~~~~~~~~[m[K
[1.734s] [01m[K/opt/ros/foxy/include/message_filters/signal9.h:198:14:[m[K [01;36m[Knote: [m[K  template argument deduction/substitution failed:
[1.734s] In file included from [01m[K/opt/ros/foxy/include/message_filters/synchronizer.h:47[m[K,
[1.734s]                  from [01m[K/home/andrewwhong/workspace/driverless/driverless_ws/src/planning/src/EKF_SLAM.cpp:6[m[K:
[1.734s] [01m[K/opt/ros/foxy/include/message_filters/signal9.h:280:267:[m[K [01;31m[Kerror: [m[Kwrong number of template arguments (9, should be 5)
[1.734s]   280 | placeholders::_4, std::placeholders::_5, std::placeholders::_6, std::placeholders::_7, std::placeholders::_8, std::placeholders::_9)[01;31m[K)[m[K;
[1.734s]       |                                                                                                                                     [01;31m[K^[m[K
[1.734s] 
[1.734s] In file included from [01m[K/opt/ros/foxy/include/message_filters/synchronizer.h:47[m[K,
[1.734s]                  from [01m[K/home/andrewwhong/workspace/driverless/driverless_ws/src/planning/src/EKF_SLAM.cpp:6[m[K:
[1.734s] [01m[K/opt/ros/foxy/include/message_filters/signal9.h:204:14:[m[K [01;36m[Knote: [m[Kcandidate: ‘[01m[Ktemplate<class P0, class P1, class P2, class P3, class P4, class P5> message_filters::Connection message_filters::Signal9<M0, M1, M2, M3, M4, M5, M6, M7, M8>::addCallback(void (*)(P0, P1, P2, P3, P4, P5)) [with P0 = P0; P1 = P1; P2 = P2; P3 = P3; P4 = P4; P5 = P5; M0 = eufs_msgs::msg::ConeArrayWithCovariance_<std::allocator<void> >; M1 = eufs_msgs::msg::CarState_<std::allocator<void> >; M2 = message_filters::NullType; M3 = message_filters::NullType; M4 = message_filters::NullType; M5 = message_filters::NullType; M6 = message_filters::NullType; M7 = message_filters::NullType; M8 = message_filters::NullType][m[K’
[1.734s]   204 |   Connection [01;36m[KaddCallback[m[K(void(*callback)(P0, P1, P2, P3, P4, P5))
[1.734s]       |              [01;36m[K^~~~~~~~~~~[m[K
[1.734s] [01m[K/opt/ros/foxy/include/message_filters/signal9.h:204:14:[m[K [01;36m[Knote: [m[K  template argument deduction/substitution failed:
[1.734s] In file included from [01m[K/opt/ros/foxy/include/message_filters/synchronizer.h:47[m[K,
[1.734s]                  from [01m[K/home/andrewwhong/workspace/driverless/driverless_ws/src/planning/src/EKF_SLAM.cpp:6[m[K:
[1.734s] [01m[K/opt/ros/foxy/include/message_filters/signal9.h:280:267:[m[K [01;31m[Kerror: [m[Kwrong number of template arguments (9, should be 6)
[1.735s]   280 | placeholders::_4, std::placeholders::_5, std::placeholders::_6, std::placeholders::_7, std::placeholders::_8, std::placeholders::_9)[01;31m[K)[m[K;
[1.735s]       |                                                                                                                                     [01;31m[K^[m[K
[1.735s] 
[1.735s] In file included from [01m[K/opt/ros/foxy/include/message_filters/synchronizer.h:47[m[K,
[1.735s]                  from [01m[K/home/andrewwhong/workspace/driverless/driverless_ws/src/planning/src/EKF_SLAM.cpp:6[m[K:
[1.735s] [01m[K/opt/ros/foxy/include/message_filters/signal9.h:210:14:[m[K [01;36m[Knote: [m[Kcandidate: ‘[01m[Ktemplate<class P0, class P1, class P2, class P3, class P4, class P5, class P6> message_filters::Connection message_filters::Signal9<M0, M1, M2, M3, M4, M5, M6, M7, M8>::addCallback(void (*)(P0, P1, P2, P3, P4, P5, P6)) [with P0 = P0; P1 = P1; P2 = P2; P3 = P3; P4 = P4; P5 = P5; P6 = P6; M0 = eufs_msgs::msg::ConeArrayWithCovariance_<std::allocator<void> >; M1 = eufs_msgs::msg::CarState_<std::allocator<void> >; M2 = message_filters::NullType; M3 = message_filters::NullType; M4 = message_filters::NullType; M5 = message_filters::NullType; M6 = message_filters::NullType; M7 = message_filters::NullType; M8 = message_filters::NullType][m[K’
[1.735s]   210 |   Connection [01;36m[KaddCallback[m[K(void(*callback)(P0, P1, P2, P3, P4, P5, P6))
[1.735s]       |              [01;36m[K^~~~~~~~~~~[m[K
[1.735s] [01m[K/opt/ros/foxy/include/message_filters/signal9.h:210:14:[m[K [01;36m[Knote: [m[K  template argument deduction/substitution failed:
[1.735s] In file included from [01m[K/opt/ros/foxy/include/message_filters/synchronizer.h:47[m[K,
[1.735s]                  from [01m[K/home/andrewwhong/workspace/driverless/driverless_ws/src/planning/src/EKF_SLAM.cpp:6[m[K:
[1.735s] [01m[K/opt/ros/foxy/include/message_filters/signal9.h:280:267:[m[K [01;31m[Kerror: [m[Kwrong number of template arguments (9, should be 7)
[1.735s]   280 | placeholders::_4, std::placeholders::_5, std::placeholders::_6, std::placeholders::_7, std::placeholders::_8, std::placeholders::_9)[01;31m[K)[m[K;
[1.735s]       |                                                                                                                                     [01;31m[K^[m[K
[1.735s] 
[1.735s] [01m[K/opt/ros/foxy/include/message_filters/signal9.h:216:14:[m[K [01;36m[Knote: [m[Kcandidate: ‘[01m[Ktemplate<class P0, class P1, class P2, class P3, class P4, class P5, class P6, class P7> message_filters::Connection message_filters::Signal9<M0, M1, M2, M3, M4, M5, M6, M7, M8>::addCallback(void (*)(P0, P1, P2, P3, P4, P5, P6, P7)) [with P0 = P0; P1 = P1; P2 = P2; P3 = P3; P4 = P4; P5 = P5; P6 = P6; P7 = P7; M0 = eufs_msgs::msg::ConeArrayWithCovariance_<std::allocator<void> >; M1 = eufs_msgs::msg::CarState_<std::allocator<void> >; M2 = message_filters::NullType; M3 = message_filters::NullType; M4 = message_filters::NullType; M5 = message_filters::NullType; M6 = message_filters::NullType; M7 = message_filters::NullType; M8 = message_filters::NullType][m[K’
[1.735s]   216 |   Connection [01;36m[KaddCallback[m[K(void(*callback)(P0, P1, P2, P3, P4, P5, P6, P7))
[1.736s]       |              [01;36m[K^~~~~~~~~~~[m[K
[1.736s] [01m[K/opt/ros/foxy/include/message_filters/signal9.h:216:14:[m[K [01;36m[Knote: [m[K  template argument deduction/substitution failed:
[1.736s] [01m[K/opt/ros/foxy/include/message_filters/signal9.h:280:267:[m[K [01;31m[Kerror: [m[Kwrong number of template arguments (9, should be 8)
[1.736s]   280 | placeholders::_4, std::placeholders::_5, std::placeholders::_6, std::placeholders::_7, std::placeholders::_8, std::placeholders::_9)[01;31m[K)[m[K;
[1.736s]       |                                                                                                                                     [01;31m[K^[m[K
[1.736s] 
[1.736s] [01m[K/opt/ros/foxy/include/message_filters/signal9.h:222:14:[m[K [01;36m[Knote: [m[Kcandidate: ‘[01m[Kmessage_filters::Connection message_filters::Signal9<M0, M1, M2, M3, M4, M5, M6, M7, M8>::addCallback(void (*)(P0, P1, P2, P3, P4, P5, P6, P7, P8)) [with P0 = const std::shared_ptr<const eufs_msgs::msg::ConeArrayWithCovariance_<std::allocator<void> > >&; P1 = const std::shared_ptr<const eufs_msgs::msg::CarState_<std::allocator<void> > >&; P2 = const std::shared_ptr<const message_filters::NullType>&; P3 = const std::shared_ptr<const message_filters::NullType>&; P4 = const std::shared_ptr<const message_filters::NullType>&; P5 = const std::shared_ptr<const message_filters::NullType>&; P6 = const std::shared_ptr<const message_filters::NullType>&; P7 = const std::shared_ptr<const message_filters::NullType>&; P8 = const std::shared_ptr<const message_filters::NullType>&; M0 = eufs_msgs::msg::ConeArrayWithCovariance_<std::allocator<void> >; M1 = eufs_msgs::msg::CarState_<std::allocator<void> >; M2 = message_filters::NullType; M3 = message_filters::NullType; M4 = message_filters::NullType; M5 = message_filters::NullType; M6 = message_filters::NullType; M7 = message_filters::NullType; M8 = message_filters::NullType][m[K’
[1.736s]   222 |   Connection [01;36m[KaddCallback[m[K(void(*callback)(P0, P1, P2, P3, P4, P5, P6, P7, P8))
[1.736s]       |              [01;36m[K^~~~~~~~~~~[m[K
[1.736s] [01m[K/opt/ros/foxy/include/message_filters/signal9.h:222:32:[m[K [01;36m[Knote: [m[K  no known conversion for argument 1 from ‘[01m[Kstd::_Bind_helper<false, const std::_Bind<void (SLAMValidation::*(SLAMValidation*, std::_Placeholder<1>, std::_Placeholder<2>))(std::shared_ptr<eufs_msgs::msg::ConeArrayWithCovariance_<std::allocator<void> > >, std::shared_ptr<eufs_msgs::msg::CarState_<std::allocator<void> > >) const>&, const std::_Placeholder<1>&, const std::_Placeholder<2>&, const std::_Placeholder<3>&, const std::_Placeholder<4>&, const std::_Placeholder<5>&, const std::_Placeholder<6>&, const std::_Placeholder<7>&, const std::_Placeholder<8>&, const std::_Placeholder<9>&>::type[m[K’ {aka ‘[01m[Kstd::_Bind<std::_Bind<void (SLAMValidation::*(SLAMValidation*, std::_Placeholder<1>, std::_Placeholder<2>))(std::shared_ptr<eufs_msgs::msg::ConeArrayWithCovariance_<std::allocator<void> > >, std::shared_ptr<eufs_msgs::msg::CarState_<std::allocator<void> > >) const>(std::_Placeholder<1>, std::_Placeholder<2>, std::_Placeholder<3>, std::_Placeholder<4>, std::_Placeholder<5>, std::_Placeholder<6>, std::_Placeholder<7>, std::_Placeholder<8>, std::_Placeholder<9>)>[m[K’} to ‘[01m[Kvoid (*)(const std::shared_ptr<const eufs_msgs::msg::ConeArrayWithCovariance_<std::allocator<void> > >&, const std::shared_ptr<const eufs_msgs::msg::CarState_<std::allocator<void> > >&, const std::shared_ptr<const message_filters::NullType>&, const std::shared_ptr<const message_filters::NullType>&, const std::shared_ptr<const message_filters::NullType>&, const std::shared_ptr<const message_filters::NullType>&, const std::shared_ptr<const message_filters::NullType>&, const std::shared_ptr<const message_filters::NullType>&, const std::shared_ptr<const message_filters::NullType>&)[m[K’
[1.736s]   222 |   Connection addCallback([01;36m[Kvoid(*callback)(P0, P1, P2, P3, P4, P5, P6, P7, P8)[m[K)
[1.736s]       |                          [01;36m[K~~~~~~^~~~~~~~~~~~~~~~~~~~~~~~~~~~~~~~~~~~~~~~~~~~~[m[K
[1.736s] [01m[K/opt/ros/foxy/include/message_filters/signal9.h:228:14:[m[K [01;36m[Knote: [m[Kcandidate: ‘[01m[Ktemplate<class T, class P0, class P1> message_filters::Connection message_filters::Signal9<M0, M1, M2, M3, M4, M5, M6, M7, M8>::addCallback(void (T::*)(P0, P1), T*) [with T = T; P0 = P0; P1 = P1; M0 = eufs_msgs::msg::ConeArrayWithCovariance_<std::allocator<void> >; M1 = eufs_msgs::msg::CarState_<std::allocator<void> >; M2 = message_filters::NullType; M3 = message_filters::NullType; M4 = message_filters::NullType; M5 = message_filters::NullType; M6 = message_filters::NullType; M7 = message_filters::NullType; M8 = message_filters::NullType][m[K’
[1.736s]   228 |   Connection [01;36m[KaddCallback[m[K(void(T::*callback)(P0, P1), T* t)
[1.736s]       |              [01;36m[K^~~~~~~~~~~[m[K
[1.736s] [01m[K/opt/ros/foxy/include/message_filters/signal9.h:228:14:[m[K [01;36m[Knote: [m[K  template argument deduction/substitution failed:
[1.736s] [01m[K/opt/ros/foxy/include/message_filters/signal9.h:280:267:[m[K [01;31m[Kerror: [m[Kwrong number of template arguments (9, should be 3)
[1.737s]   280 | placeholders::_4, std::placeholders::_5, std::placeholders::_6, std::placeholders::_7, std::placeholders::_8, std::placeholders::_9)[01;31m[K)[m[K;
[1.737s]       |                                                                                                                                     [01;31m[K^[m[K
[1.737s] 
[1.737s] [01m[K/opt/ros/foxy/include/message_filters/signal9.h:234:14:[m[K [01;36m[Knote: [m[Kcandidate: ‘[01m[Ktemplate<class T, class P0, class P1, class P2> message_filters::Connection message_filters::Signal9<M0, M1, M2, M3, M4, M5, M6, M7, M8>::addCallback(void (T::*)(P0, P1, P2), T*) [with T = T; P0 = P0; P1 = P1; P2 = P2; M0 = eufs_msgs::msg::ConeArrayWithCovariance_<std::allocator<void> >; M1 = eufs_msgs::msg::CarState_<std::allocator<void> >; M2 = message_filters::NullType; M3 = message_filters::NullType; M4 = message_filters::NullType; M5 = message_filters::NullType; M6 = message_filters::NullType; M7 = message_filters::NullType; M8 = message_filters::NullType][m[K’
[1.737s]   234 |   Connection [01;36m[KaddCallback[m[K(void(T::*callback)(P0, P1, P2), T* t)
[1.737s]       |              [01;36m[K^~~~~~~~~~~[m[K
[1.737s] [01m[K/opt/ros/foxy/include/message_filters/signal9.h:234:14:[m[K [01;36m[Knote: [m[K  template argument deduction/substitution failed:
[1.737s] [01m[K/opt/ros/foxy/include/message_filters/signal9.h:280:267:[m[K [01;31m[Kerror: [m[Kwrong number of template arguments (9, should be 4)
[1.737s]   280 | placeholders::_4, std::placeholders::_5, std::placeholders::_6, std::placeholders::_7, std::placeholders::_8, std::placeholders::_9)[01;31m[K)[m[K;
[1.737s]       |                                                                                                                                     [01;31m[K^[m[K
[1.737s] 
[1.737s] [01m[K/opt/ros/foxy/include/message_filters/signal9.h:240:14:[m[K [01;36m[Knote: [m[Kcandidate: ‘[01m[Ktemplate<class T, class P0, class P1, class P2, class P3> message_filters::Connection message_filters::Signal9<M0, M1, M2, M3, M4, M5, M6, M7, M8>::addCallback(void (T::*)(P0, P1, P2, P3), T*) [with T = T; P0 = P0; P1 = P1; P2 = P2; P3 = P3; M0 = eufs_msgs::msg::ConeArrayWithCovariance_<std::allocator<void> >; M1 = eufs_msgs::msg::CarState_<std::allocator<void> >; M2 = message_filters::NullType; M3 = message_filters::NullType; M4 = message_filters::NullType; M5 = message_filters::NullType; M6 = message_filters::NullType; M7 = message_filters::NullType; M8 = message_filters::NullType][m[K’
[1.737s]   240 |   Connection [01;36m[KaddCallback[m[K(void(T::*callback)(P0, P1, P2, P3), T* t)
[1.737s]       |              [01;36m[K^~~~~~~~~~~[m[K
[1.737s] [01m[K/opt/ros/foxy/include/message_filters/signal9.h:240:14:[m[K [01;36m[Knote: [m[K  template argument deduction/substitution failed:
[1.737s] [01m[K/opt/ros/foxy/include/message_filters/signal9.h:280:267:[m[K [01;31m[Kerror: [m[Kwrong number of template arguments (9, should be 5)
[1.737s]   280 | placeholders::_4, std::placeholders::_5, std::placeholders::_6, std::placeholders::_7, std::placeholders::_8, std::placeholders::_9)[01;31m[K)[m[K;
[1.738s]       |                                                                                                                                     [01;31m[K^[m[K
[1.738s] 
[1.738s] [01m[K/opt/ros/foxy/include/message_filters/signal9.h:246:14:[m[K [01;36m[Knote: [m[Kcandidate: ‘[01m[Ktemplate<class T, class P0, class P1, class P2, class P3, class P4> message_filters::Connection message_filters::Signal9<M0, M1, M2, M3, M4, M5, M6, M7, M8>::addCallback(void (T::*)(P0, P1, P2, P3, P4), T*) [with T = T; P0 = P0; P1 = P1; P2 = P2; P3 = P3; P4 = P4; M0 = eufs_msgs::msg::ConeArrayWithCovariance_<std::allocator<void> >; M1 = eufs_msgs::msg::CarState_<std::allocator<void> >; M2 = message_filters::NullType; M3 = message_filters::NullType; M4 = message_filters::NullType; M5 = message_filters::NullType; M6 = message_filters::NullType; M7 = message_filters::NullType; M8 = message_filters::NullType][m[K’
[1.738s]   246 |   Connection [01;36m[KaddCallback[m[K(void(T::*callback)(P0, P1, P2, P3, P4), T* t)
[1.738s]       |              [01;36m[K^~~~~~~~~~~[m[K
[1.738s] [01m[K/opt/ros/foxy/include/message_filters/signal9.h:246:14:[m[K [01;36m[Knote: [m[K  template argument deduction/substitution failed:
[1.738s] [01m[K/opt/ros/foxy/include/message_filters/signal9.h:280:267:[m[K [01;31m[Kerror: [m[Kwrong number of template arguments (9, should be 6)
[1.738s]   280 | placeholders::_4, std::placeholders::_5, std::placeholders::_6, std::placeholders::_7, std::placeholders::_8, std::placeholders::_9)[01;31m[K)[m[K;
[1.738s]       |                                                                                                                                     [01;31m[K^[m[K
[1.738s] 
[1.738s] [01m[K/opt/ros/foxy/include/message_filters/signal9.h:252:14:[m[K [01;36m[Knote: [m[Kcandidate: ‘[01m[Ktemplate<class T, class P0, class P1, class P2, class P3, class P4, class P5> message_filters::Connection message_filters::Signal9<M0, M1, M2, M3, M4, M5, M6, M7, M8>::addCallback(void (T::*)(P0, P1, P2, P3, P4, P5), T*) [with T = T; P0 = P0; P1 = P1; P2 = P2; P3 = P3; P4 = P4; P5 = P5; M0 = eufs_msgs::msg::ConeArrayWithCovariance_<std::allocator<void> >; M1 = eufs_msgs::msg::CarState_<std::allocator<void> >; M2 = message_filters::NullType; M3 = message_filters::NullType; M4 = message_filters::NullType; M5 = message_filters::NullType; M6 = message_filters::NullType; M7 = message_filters::NullType; M8 = message_filters::NullType][m[K’
[1.738s]   252 |   Connection [01;36m[KaddCallback[m[K(void(T::*callback)(P0, P1, P2, P3, P4, P5), T* t)
[1.738s]       |              [01;36m[K^~~~~~~~~~~[m[K
[1.738s] [01m[K/opt/ros/foxy/include/message_filters/signal9.h:252:14:[m[K [01;36m[Knote: [m[K  template argument deduction/substitution failed:
[1.738s] [01m[K/opt/ros/foxy/include/message_filters/signal9.h:280:267:[m[K [01;31m[Kerror: [m[Kwrong number of template arguments (9, should be 7)
[1.738s]   280 | placeholders::_4, std::placeholders::_5, std::placeholders::_6, std::placeholders::_7, std::placeholders::_8, std::placeholders::_9)[01;31m[K)[m[K;
[1.738s]       |                                                                                                                                     [01;31m[K^[m[K
[1.738s] 
[1.739s] [01m[K/opt/ros/foxy/include/message_filters/signal9.h:258:14:[m[K [01;36m[Knote: [m[Kcandidate: ‘[01m[Ktemplate<class T, class P0, class P1, class P2, class P3, class P4, class P5, class P6> message_filters::Connection message_filters::Signal9<M0, M1, M2, M3, M4, M5, M6, M7, M8>::addCallback(void (T::*)(P0, P1, P2, P3, P4, P5, P6), T*) [with T = T; P0 = P0; P1 = P1; P2 = P2; P3 = P3; P4 = P4; P5 = P5; P6 = P6; M0 = eufs_msgs::msg::ConeArrayWithCovariance_<std::allocator<void> >; M1 = eufs_msgs::msg::CarState_<std::allocator<void> >; M2 = message_filters::NullType; M3 = message_filters::NullType; M4 = message_filters::NullType; M5 = message_filters::NullType; M6 = message_filters::NullType; M7 = message_filters::NullType; M8 = message_filters::NullType][m[K’
[1.739s]   258 |   Connection [01;36m[KaddCallback[m[K(void(T::*callback)(P0, P1, P2, P3, P4, P5, P6), T* t)
[1.739s]       |              [01;36m[K^~~~~~~~~~~[m[K
[1.739s] [01m[K/opt/ros/foxy/include/message_filters/signal9.h:258:14:[m[K [01;36m[Knote: [m[K  template argument deduction/substitution failed:
[1.739s] [01m[K/opt/ros/foxy/include/message_filters/signal9.h:280:267:[m[K [01;31m[Kerror: [m[Kwrong number of template arguments (9, should be 8)
[1.739s]   280 | placeholders::_4, std::placeholders::_5, std::placeholders::_6, std::placeholders::_7, std::placeholders::_8, std::placeholders::_9)[01;31m[K)[m[K;
[1.739s]       |                                                                                                                                     [01;31m[K^[m[K
[1.739s] 
[1.739s] [01m[K/opt/ros/foxy/include/message_filters/signal9.h:264:14:[m[K [01;36m[Knote: [m[Kcandidate: ‘[01m[Ktemplate<class T, class P0, class P1, class P2, class P3, class P4, class P5, class P6, class P7> message_filters::Connection message_filters::Signal9<M0, M1, M2, M3, M4, M5, M6, M7, M8>::addCallback(void (T::*)(P0, P1, P2, P3, P4, P5, P6, P7), T*) [with T = T; P0 = P0; P1 = P1; P2 = P2; P3 = P3; P4 = P4; P5 = P5; P6 = P6; P7 = P7; M0 = eufs_msgs::msg::ConeArrayWithCovariance_<std::allocator<void> >; M1 = eufs_msgs::msg::CarState_<std::allocator<void> >; M2 = message_filters::NullType; M3 = message_filters::NullType; M4 = message_filters::NullType; M5 = message_filters::NullType; M6 = message_filters::NullType; M7 = message_filters::NullType; M8 = message_filters::NullType][m[K’
[1.739s]   264 |   Connection [01;36m[KaddCallback[m[K(void(T::*callback)(P0, P1, P2, P3, P4, P5, P6, P7), T* t)
[1.739s]       |              [01;36m[K^~~~~~~~~~~[m[K
[1.739s] [01m[K/opt/ros/foxy/include/message_filters/signal9.h:264:14:[m[K [01;36m[Knote: [m[K  template argument deduction/substitution failed:
[1.739s] /opt/ros/foxy/include/message_filters/signal9.h: In substitution of ‘[01m[Ktemplate<class T, class P0, class P1, class P2, class P3, class P4, class P5, class P6, class P7> message_filters::Connection message_filters::Signal9<eufs_msgs::msg::ConeArrayWithCovariance_<std::allocator<void> >, eufs_msgs::msg::CarState_<std::allocator<void> >, message_filters::NullType, message_filters::NullType, message_filters::NullType, message_filters::NullType, message_filters::NullType, message_filters::NullType, message_filters::NullType>::addCallback<T, P0, P1, P2, P3, P4, P5, P6, P7>(void (T::*)(P0, P1, P2, P3, P4, P5, P6, P7), T*) [with T = const std::shared_ptr<const eufs_msgs::msg::ConeArrayWithCovariance_<std::allocator<void> > >&; P0 = const std::shared_ptr<const eufs_msgs::msg::CarState_<std::allocator<void> > >&; P1 = const std::shared_ptr<const message_filters::NullType>&; P2 = const std::shared_ptr<const message_filters::NullType>&; P3 = const std::shared_ptr<const message_filters::NullType>&; P4 = const std::shared_ptr<const message_filters::NullType>&; P5 = const std::shared_ptr<const message_filters::NullType>&; P6 = const std::shared_ptr<const message_filters::NullType>&; P7 = const std::shared_ptr<const message_filters::NullType>&][m[K’:
[1.739s] [01m[K/opt/ros/foxy/include/message_filters/signal9.h:280:267:[m[K   required from ‘[01m[Kmessage_filters::Connection message_filters::Signal9<M0, M1, M2, M3, M4, M5, M6, M7, M8>::addCallback(C&) [with C = const std::_Bind<void (SLAMValidation::*(SLAMValidation*, std::_Placeholder<1>, std::_Placeholder<2>))(std::shared_ptr<eufs_msgs::msg::ConeArrayWithCovariance_<std::allocator<void> > >, std::shared_ptr<eufs_msgs::msg::CarState_<std::allocator<void> > >) const>; M0 = eufs_msgs::msg::ConeArrayWithCovariance_<std::allocator<void> >; M1 = eufs_msgs::msg::CarState_<std::allocator<void> >; M2 = message_filters::NullType; M3 = message_filters::NullType; M4 = message_filters::NullType; M5 = message_filters::NullType; M6 = message_filters::NullType; M7 = message_filters::NullType; M8 = message_filters::NullType][m[K’
[1.739s] [01m[K/opt/ros/foxy/include/message_filters/synchronizer.h:298:40:[m[K   required from ‘[01m[Kmessage_filters::Connection message_filters::Synchronizer<Policy>::registerCallback(const C&) [with C = std::_Bind<void (SLAMValidation::*(SLAMValidation*, std::_Placeholder<1>, std::_Placeholder<2>))(std::shared_ptr<eufs_msgs::msg::ConeArrayWithCovariance_<std::allocator<void> > >, std::shared_ptr<eufs_msgs::msg::CarState_<std::allocator<void> > >) const>; Policy = message_filters::sync_policies::ApproximateTime<eufs_msgs::msg::ConeArrayWithCovariance_<std::allocator<void> >, eufs_msgs::msg::CarState_<std::allocator<void> > >][m[K’
[1.739s] [01m[K/home/andrewwhong/workspace/driverless/driverless_ws/src/planning/src/EKF_SLAM.cpp:28:124:[m[K   required from here
[1.740s] [01m[K/opt/ros/foxy/include/message_filters/signal9.h:264:14:[m[K [01;31m[Kerror: [m[Kforming pointer to reference type ‘[01m[Kconst std::shared_ptr<const eufs_msgs::msg::ConeArrayWithCovariance_<std::allocator<void> > >&[m[K’
[1.740s] /opt/ros/foxy/include/message_filters/signal9.h: In instantiation of ‘[01m[Kmessage_filters::Connection message_filters::Signal9<M0, M1, M2, M3, M4, M5, M6, M7, M8>::addCallback(C&) [with C = const std::_Bind<void (SLAMValidation::*(SLAMValidation*, std::_Placeholder<1>, std::_Placeholder<2>))(std::shared_ptr<eufs_msgs::msg::ConeArrayWithCovariance_<std::allocator<void> > >, std::shared_ptr<eufs_msgs::msg::CarState_<std::allocator<void> > >) const>; M0 = eufs_msgs::msg::ConeArrayWithCovariance_<std::allocator<void> >; M1 = eufs_msgs::msg::CarState_<std::allocator<void> >; M2 = message_filters::NullType; M3 = message_filters::NullType; M4 = message_filters::NullType; M5 = message_filters::NullType; M6 = message_filters::NullType; M7 = message_filters::NullType; M8 = message_filters::NullType][m[K’:
[1.740s] [01m[K/opt/ros/foxy/include/message_filters/synchronizer.h:298:40:[m[K   required from ‘[01m[Kmessage_filters::Connection message_filters::Synchronizer<Policy>::registerCallback(const C&) [with C = std::_Bind<void (SLAMValidation::*(SLAMValidation*, std::_Placeholder<1>, std::_Placeholder<2>))(std::shared_ptr<eufs_msgs::msg::ConeArrayWithCovariance_<std::allocator<void> > >, std::shared_ptr<eufs_msgs::msg::CarState_<std::allocator<void> > >) const>; Policy = message_filters::sync_policies::ApproximateTime<eufs_msgs::msg::ConeArrayWithCovariance_<std::allocator<void> >, eufs_msgs::msg::CarState_<std::allocator<void> > >][m[K’
[1.740s] [01m[K/home/andrewwhong/workspace/driverless/driverless_ws/src/planning/src/EKF_SLAM.cpp:28:124:[m[K   required from here
[1.740s] [01m[K/opt/ros/foxy/include/message_filters/signal9.h:270:14:[m[K [01;36m[Knote: [m[Kcandidate: ‘[01m[Ktemplate<class C> message_filters::Connection message_filters::Signal9<M0, M1, M2, M3, M4, M5, M6, M7, M8>::addCallback(C&) [with C = C; M0 = eufs_msgs::msg::ConeArrayWithCovariance_<std::allocator<void> >; M1 = eufs_msgs::msg::CarState_<std::allocator<void> >; M2 = message_filters::NullType; M3 = message_filters::NullType; M4 = message_filters::NullType; M5 = message_filters::NullType; M6 = message_filters::NullType; M7 = message_filters::NullType; M8 = message_filters::NullType][m[K’
[1.740s]   270 |   Connection [01;36m[KaddCallback[m[K( C& callback)
[1.740s]       |              [01;36m[K^~~~~~~~~~~[m[K
[1.740s] [01m[K/opt/ros/foxy/include/message_filters/signal9.h:270:14:[m[K [01;36m[Knote: [m[K  template argument deduction/substitution failed:
[1.740s] [01m[K/opt/ros/foxy/include/message_filters/signal9.h:280:267:[m[K [01;31m[Kerror: [m[Kwrong number of template arguments (9, should be 1)
[1.740s]   280 | placeholders::_4, std::placeholders::_5, std::placeholders::_6, std::placeholders::_7, std::placeholders::_8, std::placeholders::_9)[01;31m[K)[m[K;
[1.740s]       |                                                                                                                                     [01;31m[K^[m[K
[1.740s] 
[3.949s] make[2]: *** [CMakeFiles/slam_test.dir/build.make:63: CMakeFiles/slam_test.dir/src/EKF_SLAM.cpp.o] Error 1
[3.949s] make[1]: *** [CMakeFiles/Makefile2:78: CMakeFiles/slam_test.dir/all] Error 2
[3.949s] make: *** [Makefile:141: all] Error 2
[3.951s] Invoked command in '/home/andrewwhong/workspace/driverless/driverless_ws/src/build/planning' returned '2': AMENT_PREFIX_PATH=/home/andrewwhong/workspace/driverless/driverless_ws/src/install/eufs_msgs:${AMENT_PREFIX_PATH} CMAKE_PREFIX_PATH=/home/andrewwhong/workspace/driverless/driverless_ws/src/install/eufs_msgs:/home/andrewwhong/workspace/driverless/driverless_ws/install/perceptions:/home/andrewwhong/workspace/driverless/driverless_ws/install/interfaces:/home/andrewwhong/workspace/driverless/driverless_ws/install/eufs_msgs:/home/andrewwhong/workspace/driverless/driverless_ws/install/controls:/home/andrewwhong/workspace/driverless/driverless_ws/install/common:/home/andrewwhong/workspace/driverless/driverless_ws/install/collection:/home/andrewwhong/workspace/driverless/driverless_ws/install/actuators:/opt/ros/foxy LD_LIBRARY_PATH=/home/andrewwhong/workspace/driverless/driverless_ws/src/install/eufs_msgs/lib:${LD_LIBRARY_PATH} PYTHONPATH=/home/andrewwhong/workspace/driverless/driverless_ws/src/install/eufs_msgs/lib/python3.8/site-packages:${PYTHONPATH} /usr/bin/cmake --build /home/andrewwhong/workspace/driverless/driverless_ws/src/build/planning -- -j12 -l12
