[0.048s] Invoking command in '/home/andrewwhong/workspace/driverless/driverless_ws/src/build/common': CMAKE_PREFIX_PATH=${CMAKE_PREFIX_PATH}:/opt/ros/foxy /usr/bin/cmake --build /home/andrewwhong/workspace/driverless/driverless_ws/src/build/common -- -j12 -l12
[0.091s] Invoked command in '/home/andrewwhong/workspace/driverless/driverless_ws/src/build/common' returned '0': CMAKE_PREFIX_PATH=${CMAKE_PREFIX_PATH}:/opt/ros/foxy /usr/bin/cmake --build /home/andrewwhong/workspace/driverless/driverless_ws/src/build/common -- -j12 -l12
[0.142s] Invoking command in '/home/andrewwhong/workspace/driverless/driverless_ws/src/build/common': CMAKE_PREFIX_PATH=${CMAKE_PREFIX_PATH}:/opt/ros/foxy /usr/bin/cmake --install /home/andrewwhong/workspace/driverless/driverless_ws/src/build/common
[0.169s] -- Install configuration: ""
[0.169s] -- Up-to-date: /home/andrewwhong/workspace/driverless/driverless_ws/src/install/common/share/ament_index/resource_index/package_run_dependencies/common
[0.169s] -- Up-to-date: /home/andrewwhong/workspace/driverless/driverless_ws/src/install/common/share/ament_index/resource_index/parent_prefix_path/common
[0.169s] -- Up-to-date: /home/andrewwhong/workspace/driverless/driverless_ws/src/install/common/share/common/environment/ament_prefix_path.sh
[0.169s] -- Up-to-date: /home/andrewwhong/workspace/driverless/driverless_ws/src/install/common/share/common/environment/ament_prefix_path.dsv
[0.170s] -- Up-to-date: /home/andrewwhong/workspace/driverless/driverless_ws/src/install/common/share/common/environment/path.sh
[0.170s] -- Up-to-date: /home/andrewwhong/workspace/driverless/driverless_ws/src/install/common/share/common/environment/path.dsv
[0.170s] -- Up-to-date: /home/andrewwhong/workspace/driverless/driverless_ws/src/install/common/share/common/local_setup.bash
[0.170s] -- Up-to-date: /home/andrewwhong/workspace/driverless/driverless_ws/src/install/common/share/common/local_setup.sh
[0.171s] -- Up-to-date: /home/andrewwhong/workspace/driverless/driverless_ws/src/install/common/share/common/local_setup.zsh
[0.171s] -- Up-to-date: /home/andrewwhong/workspace/driverless/driverless_ws/src/install/common/share/common/local_setup.dsv
[0.171s] -- Installing: /home/andrewwhong/workspace/driverless/driverless_ws/src/install/common/share/common/package.dsv
[0.172s] -- Up-to-date: /home/andrewwhong/workspace/driverless/driverless_ws/src/install/common/share/ament_index/resource_index/packages/common
[0.173s] -- Up-to-date: /home/andrewwhong/workspace/driverless/driverless_ws/src/install/common/share/common/cmake/commonConfig.cmake
[0.178s] -- Up-to-date: /home/andrewwhong/workspace/driverless/driverless_ws/src/install/common/share/common/cmake/commonConfig-version.cmake
[0.180s] -- Up-to-date: /home/andrewwhong/workspace/driverless/driverless_ws/src/install/common/share/common/package.xml
[0.240s] Invoked command in '/home/andrewwhong/workspace/driverless/driverless_ws/src/build/common' returned '0': CMAKE_PREFIX_PATH=${CMAKE_PREFIX_PATH}:/opt/ros/foxy /usr/bin/cmake --install /home/andrewwhong/workspace/driverless/driverless_ws/src/build/common
