[0.254s] DEBUG:colcon:Command line arguments: ['/usr/bin/colcon', 'build']
[0.255s] DEBUG:colcon:Parsed command line arguments: Namespace(log_base=None, log_level=None, verb_name='build', build_base='build', install_base='install', merge_install=False, symlink_install=False, test_result_base=None, continue_on_error=False, executor='parallel', parallel_workers=8, event_handlers=None, ignore_user_meta=False, metas=['./colcon.meta'], base_paths=['.'], packages_ignore=None, packages_ignore_regex=None, paths=None, packages_up_to=None, packages_up_to_regex=None, packages_above=None, packages_above_and_dependencies=None, packages_above_depth=None, packages_select_by_dep=None, packages_skip_by_dep=None, packages_skip_up_to=None, packages_select_build_failed=False, packages_skip_build_finished=False, packages_select_test_failures=False, packages_skip_test_passed=False, packages_select=None, packages_skip=None, packages_select_regex=None, packages_skip_regex=None, packages_start=None, packages_end=None, cmake_args=None, cmake_target=None, cmake_target_skip_unavailable=False, cmake_clean_cache=False, cmake_clean_first=False, cmake_force_configure=False, ament_cmake_args=None, catkin_cmake_args=None, catkin_skip_building_tests=False, verb_parser=<colcon_defaults.argument_parser.defaults.DefaultArgumentsDecorator object at 0x7ff74c5f5150>, verb_extension=<colcon_core.verb.build.BuildVerb object at 0x7ff74b55ab90>, main=<bound method BuildVerb.main of <colcon_core.verb.build.BuildVerb object at 0x7ff74b55ab90>>)
[0.282s] Level 1:colcon.colcon_core.package_discovery:discover_packages(colcon_meta) check parameters
[0.282s] Level 1:colcon.colcon_core.package_discovery:discover_packages(recursive) check parameters
[0.282s] Level 1:colcon.colcon_core.package_discovery:discover_packages(ignore) check parameters
[0.282s] Level 1:colcon.colcon_core.package_discovery:discover_packages(path) check parameters
[0.282s] Level 1:colcon.colcon_core.package_discovery:discover_packages(colcon_meta) discover
[0.282s] Level 1:colcon.colcon_core.package_discovery:discover_packages(recursive) discover
[0.282s] INFO:colcon.colcon_core.package_discovery:Crawling recursively for packages in '/home/ishin/Documents/cmr/driverless_py/driverless/driverless_ws'
[0.282s] Level 1:colcon.colcon_core.package_identification:_identify(.) by extensions ['ignore', 'ignore_ament_install']
[0.282s] Level 1:colcon.colcon_core.package_identification:_identify(.) by extension 'ignore'
[0.282s] Level 1:colcon.colcon_core.package_identification:_identify(.) by extension 'ignore_ament_install'
[0.282s] Level 1:colcon.colcon_core.package_identification:_identify(.) by extensions ['colcon_pkg']
[0.282s] Level 1:colcon.colcon_core.package_identification:_identify(.) by extension 'colcon_pkg'
[0.282s] Level 1:colcon.colcon_core.package_identification:_identify(.) by extensions ['colcon_meta']
[0.282s] Level 1:colcon.colcon_core.package_identification:_identify(.) by extension 'colcon_meta'
[0.282s] Level 1:colcon.colcon_core.package_identification:_identify(.) by extensions ['ros']
[0.282s] Level 1:colcon.colcon_core.package_identification:_identify(.) by extension 'ros'
[0.306s] Level 1:colcon.colcon_core.package_identification:_identify(.) by extensions ['cmake', 'python']
[0.306s] Level 1:colcon.colcon_core.package_identification:_identify(.) by extension 'cmake'
[0.306s] Level 1:colcon.colcon_core.package_identification:_identify(.) by extension 'python'
[0.306s] Level 1:colcon.colcon_core.package_identification:_identify(.) by extensions ['python_setup_py']
[0.306s] Level 1:colcon.colcon_core.package_identification:_identify(.) by extension 'python_setup_py'
[0.306s] Level 1:colcon.colcon_core.package_identification:_identify(build) by extensions ['ignore', 'ignore_ament_install']
[0.307s] Level 1:colcon.colcon_core.package_identification:_identify(build) by extension 'ignore'
[0.307s] Level 1:colcon.colcon_core.package_identification:_identify(build) ignored
[0.307s] Level 1:colcon.colcon_core.package_identification:_identify(install) by extensions ['ignore', 'ignore_ament_install']
[0.307s] Level 1:colcon.colcon_core.package_identification:_identify(install) by extension 'ignore'
[0.307s] Level 1:colcon.colcon_core.package_identification:_identify(install) ignored
[0.307s] Level 1:colcon.colcon_core.package_identification:_identify(log) by extensions ['ignore', 'ignore_ament_install']
[0.307s] Level 1:colcon.colcon_core.package_identification:_identify(log) by extension 'ignore'
[0.307s] Level 1:colcon.colcon_core.package_identification:_identify(log) ignored
[0.307s] Level 1:colcon.colcon_core.package_identification:_identify(src) by extensions ['ignore', 'ignore_ament_install']
[0.307s] Level 1:colcon.colcon_core.package_identification:_identify(src) by extension 'ignore'
[0.307s] Level 1:colcon.colcon_core.package_identification:_identify(src) by extension 'ignore_ament_install'
[0.307s] Level 1:colcon.colcon_core.package_identification:_identify(src) by extensions ['colcon_pkg']
[0.307s] Level 1:colcon.colcon_core.package_identification:_identify(src) by extension 'colcon_pkg'
[0.307s] Level 1:colcon.colcon_core.package_identification:_identify(src) by extensions ['colcon_meta']
[0.307s] Level 1:colcon.colcon_core.package_identification:_identify(src) by extension 'colcon_meta'
[0.307s] Level 1:colcon.colcon_core.package_identification:_identify(src) by extensions ['ros']
[0.307s] Level 1:colcon.colcon_core.package_identification:_identify(src) by extension 'ros'
[0.307s] Level 1:colcon.colcon_core.package_identification:_identify(src) by extensions ['cmake', 'python']
[0.307s] Level 1:colcon.colcon_core.package_identification:_identify(src) by extension 'cmake'
[0.307s] Level 1:colcon.colcon_core.package_identification:_identify(src) by extension 'python'
[0.307s] Level 1:colcon.colcon_core.package_identification:_identify(src) by extensions ['python_setup_py']
[0.307s] Level 1:colcon.colcon_core.package_identification:_identify(src) by extension 'python_setup_py'
[0.307s] Level 1:colcon.colcon_core.package_identification:_identify(src/actuators) by extensions ['ignore', 'ignore_ament_install']
[0.307s] Level 1:colcon.colcon_core.package_identification:_identify(src/actuators) by extension 'ignore'
[0.307s] Level 1:colcon.colcon_core.package_identification:_identify(src/actuators) by extension 'ignore_ament_install'
[0.307s] Level 1:colcon.colcon_core.package_identification:_identify(src/actuators) by extensions ['colcon_pkg']
[0.307s] Level 1:colcon.colcon_core.package_identification:_identify(src/actuators) by extension 'colcon_pkg'
[0.307s] Level 1:colcon.colcon_core.package_identification:_identify(src/actuators) by extensions ['colcon_meta']
[0.307s] Level 1:colcon.colcon_core.package_identification:_identify(src/actuators) by extension 'colcon_meta'
[0.307s] Level 1:colcon.colcon_core.package_identification:_identify(src/actuators) by extensions ['ros']
[0.307s] Level 1:colcon.colcon_core.package_identification:_identify(src/actuators) by extension 'ros'
[0.309s] DEBUG:colcon.colcon_core.package_identification:Package 'src/actuators' with type 'ros.ament_cmake' and name 'actuators'
[0.309s] Level 1:colcon.colcon_core.package_identification:_identify(src/build) by extensions ['ignore', 'ignore_ament_install']
[0.309s] Level 1:colcon.colcon_core.package_identification:_identify(src/build) by extension 'ignore'
[0.310s] Level 1:colcon.colcon_core.package_identification:_identify(src/build) ignored
[0.310s] Level 1:colcon.colcon_core.package_identification:_identify(src/collection) by extensions ['ignore', 'ignore_ament_install']
[0.310s] Level 1:colcon.colcon_core.package_identification:_identify(src/collection) by extension 'ignore'
[0.310s] Level 1:colcon.colcon_core.package_identification:_identify(src/collection) by extension 'ignore_ament_install'
[0.310s] Level 1:colcon.colcon_core.package_identification:_identify(src/collection) by extensions ['colcon_pkg']
[0.310s] Level 1:colcon.colcon_core.package_identification:_identify(src/collection) by extension 'colcon_pkg'
[0.310s] Level 1:colcon.colcon_core.package_identification:_identify(src/collection) by extensions ['colcon_meta']
[0.310s] Level 1:colcon.colcon_core.package_identification:_identify(src/collection) by extension 'colcon_meta'
[0.310s] Level 1:colcon.colcon_core.package_identification:_identify(src/collection) by extensions ['ros']
[0.310s] Level 1:colcon.colcon_core.package_identification:_identify(src/collection) by extension 'ros'
[0.310s] DEBUG:colcon.colcon_core.package_identification:Package 'src/collection' with type 'ros.ament_cmake' and name 'collection'
[0.310s] Level 1:colcon.colcon_core.package_identification:_identify(src/common) by extensions ['ignore', 'ignore_ament_install']
[0.310s] Level 1:colcon.colcon_core.package_identification:_identify(src/common) by extension 'ignore'
[0.310s] Level 1:colcon.colcon_core.package_identification:_identify(src/common) by extension 'ignore_ament_install'
[0.310s] Level 1:colcon.colcon_core.package_identification:_identify(src/common) by extensions ['colcon_pkg']
[0.310s] Level 1:colcon.colcon_core.package_identification:_identify(src/common) by extension 'colcon_pkg'
[0.310s] Level 1:colcon.colcon_core.package_identification:_identify(src/common) by extensions ['colcon_meta']
[0.310s] Level 1:colcon.colcon_core.package_identification:_identify(src/common) by extension 'colcon_meta'
[0.310s] Level 1:colcon.colcon_core.package_identification:_identify(src/common) by extensions ['ros']
[0.310s] Level 1:colcon.colcon_core.package_identification:_identify(src/common) by extension 'ros'
[0.311s] DEBUG:colcon.colcon_core.package_identification:Package 'src/common' with type 'ros.ament_cmake' and name 'common'
[0.311s] Level 1:colcon.colcon_core.package_identification:_identify(src/controls) by extensions ['ignore', 'ignore_ament_install']
[0.311s] Level 1:colcon.colcon_core.package_identification:_identify(src/controls) by extension 'ignore'
[0.311s] Level 1:colcon.colcon_core.package_identification:_identify(src/controls) by extension 'ignore_ament_install'
[0.311s] Level 1:colcon.colcon_core.package_identification:_identify(src/controls) by extensions ['colcon_pkg']
[0.311s] Level 1:colcon.colcon_core.package_identification:_identify(src/controls) by extension 'colcon_pkg'
[0.311s] Level 1:colcon.colcon_core.package_identification:_identify(src/controls) by extensions ['colcon_meta']
[0.311s] Level 1:colcon.colcon_core.package_identification:_identify(src/controls) by extension 'colcon_meta'
[0.311s] Level 1:colcon.colcon_core.package_identification:_identify(src/controls) by extensions ['ros']
[0.311s] Level 1:colcon.colcon_core.package_identification:_identify(src/controls) by extension 'ros'
[0.311s] DEBUG:colcon.colcon_core.package_identification:Package 'src/controls' with type 'ros.ament_cmake' and name 'controls'
[0.311s] Level 1:colcon.colcon_core.package_identification:_identify(src/eufs_msgs) by extensions ['ignore', 'ignore_ament_install']
[0.311s] Level 1:colcon.colcon_core.package_identification:_identify(src/eufs_msgs) by extension 'ignore'
[0.311s] Level 1:colcon.colcon_core.package_identification:_identify(src/eufs_msgs) by extension 'ignore_ament_install'
[0.311s] Level 1:colcon.colcon_core.package_identification:_identify(src/eufs_msgs) by extensions ['colcon_pkg']
[0.311s] Level 1:colcon.colcon_core.package_identification:_identify(src/eufs_msgs) by extension 'colcon_pkg'
[0.311s] Level 1:colcon.colcon_core.package_identification:_identify(src/eufs_msgs) by extensions ['colcon_meta']
[0.311s] Level 1:colcon.colcon_core.package_identification:_identify(src/eufs_msgs) by extension 'colcon_meta'
[0.311s] Level 1:colcon.colcon_core.package_identification:_identify(src/eufs_msgs) by extensions ['ros']
[0.311s] Level 1:colcon.colcon_core.package_identification:_identify(src/eufs_msgs) by extension 'ros'
[0.311s] Level 1:colcon.colcon_core.package_identification:_identify(src/eufs_msgs) by extensions ['cmake', 'python']
[0.311s] Level 1:colcon.colcon_core.package_identification:_identify(src/eufs_msgs) by extension 'cmake'
[0.311s] Level 1:colcon.colcon_core.package_identification:_identify(src/eufs_msgs) by extension 'python'
[0.311s] Level 1:colcon.colcon_core.package_identification:_identify(src/eufs_msgs) by extensions ['python_setup_py']
[0.311s] Level 1:colcon.colcon_core.package_identification:_identify(src/eufs_msgs) by extension 'python_setup_py'
[0.312s] Level 1:colcon.colcon_core.package_identification:_identify(src/install) by extensions ['ignore', 'ignore_ament_install']
[0.312s] Level 1:colcon.colcon_core.package_identification:_identify(src/install) by extension 'ignore'
[0.312s] Level 1:colcon.colcon_core.package_identification:_identify(src/install) ignored
[0.312s] Level 1:colcon.colcon_core.package_identification:_identify(src/interfaces) by extensions ['ignore', 'ignore_ament_install']
[0.312s] Level 1:colcon.colcon_core.package_identification:_identify(src/interfaces) by extension 'ignore'
[0.312s] Level 1:colcon.colcon_core.package_identification:_identify(src/interfaces) by extension 'ignore_ament_install'
[0.312s] Level 1:colcon.colcon_core.package_identification:_identify(src/interfaces) by extensions ['colcon_pkg']
[0.312s] Level 1:colcon.colcon_core.package_identification:_identify(src/interfaces) by extension 'colcon_pkg'
[0.312s] Level 1:colcon.colcon_core.package_identification:_identify(src/interfaces) by extensions ['colcon_meta']
[0.312s] Level 1:colcon.colcon_core.package_identification:_identify(src/interfaces) by extension 'colcon_meta'
[0.312s] Level 1:colcon.colcon_core.package_identification:_identify(src/interfaces) by extensions ['ros']
[0.312s] Level 1:colcon.colcon_core.package_identification:_identify(src/interfaces) by extension 'ros'
[0.312s] DEBUG:colcon.colcon_core.package_identification:Package 'src/interfaces' with type 'ros.ament_cmake' and name 'interfaces'
[0.312s] Level 1:colcon.colcon_core.package_identification:_identify(src/log) by extensions ['ignore', 'ignore_ament_install']
[0.312s] Level 1:colcon.colcon_core.package_identification:_identify(src/log) by extension 'ignore'
[0.312s] Level 1:colcon.colcon_core.package_identification:_identify(src/log) ignored
[0.312s] Level 1:colcon.colcon_core.package_identification:_identify(src/perceptions) by extensions ['ignore', 'ignore_ament_install']
[0.312s] Level 1:colcon.colcon_core.package_identification:_identify(src/perceptions) by extension 'ignore'
[0.312s] Level 1:colcon.colcon_core.package_identification:_identify(src/perceptions) by extension 'ignore_ament_install'
[0.312s] Level 1:colcon.colcon_core.package_identification:_identify(src/perceptions) by extensions ['colcon_pkg']
[0.312s] Level 1:colcon.colcon_core.package_identification:_identify(src/perceptions) by extension 'colcon_pkg'
[0.312s] Level 1:colcon.colcon_core.package_identification:_identify(src/perceptions) by extensions ['colcon_meta']
[0.312s] Level 1:colcon.colcon_core.package_identification:_identify(src/perceptions) by extension 'colcon_meta'
[0.312s] Level 1:colcon.colcon_core.package_identification:_identify(src/perceptions) by extensions ['ros']
[0.313s] Level 1:colcon.colcon_core.package_identification:_identify(src/perceptions) by extension 'ros'
[0.313s] DEBUG:colcon.colcon_core.package_identification:Package 'src/perceptions' with type 'ros.ament_cmake' and name 'perceptions'
[0.313s] Level 1:colcon.colcon_core.package_identification:_identify(src/planning) by extensions ['ignore', 'ignore_ament_install']
[0.313s] Level 1:colcon.colcon_core.package_identification:_identify(src/planning) by extension 'ignore'
[0.313s] Level 1:colcon.colcon_core.package_identification:_identify(src/planning) by extension 'ignore_ament_install'
[0.313s] Level 1:colcon.colcon_core.package_identification:_identify(src/planning) by extensions ['colcon_pkg']
[0.313s] Level 1:colcon.colcon_core.package_identification:_identify(src/planning) by extension 'colcon_pkg'
[0.313s] Level 1:colcon.colcon_core.package_identification:_identify(src/planning) by extensions ['colcon_meta']
[0.313s] Level 1:colcon.colcon_core.package_identification:_identify(src/planning) by extension 'colcon_meta'
[0.313s] Level 1:colcon.colcon_core.package_identification:_identify(src/planning) by extensions ['ros']
[0.313s] Level 1:colcon.colcon_core.package_identification:_identify(src/planning) by extension 'ros'
[0.313s] DEBUG:colcon.colcon_core.package_identification:Package 'src/planning' with type 'ros.ament_cmake' and name 'planning'
[0.313s] Level 1:colcon.colcon_core.package_discovery:discover_packages(recursive) using defaults
[0.314s] Level 1:colcon.colcon_core.package_discovery:discover_packages(ignore) discover
[0.314s] Level 1:colcon.colcon_core.package_discovery:discover_packages(ignore) using defaults
[0.314s] Level 1:colcon.colcon_core.package_discovery:discover_packages(path) discover
[0.314s] Level 1:colcon.colcon_core.package_discovery:discover_packages(path) using defaults
[0.350s] Level 5:colcon.colcon_core.verb:set package 'actuators' build argument 'cmake_args' from command line to 'None'
[0.350s] Level 5:colcon.colcon_core.verb:set package 'actuators' build argument 'cmake_target' from command line to 'None'
[0.350s] Level 5:colcon.colcon_core.verb:set package 'actuators' build argument 'cmake_target_skip_unavailable' from command line to 'False'
[0.350s] Level 5:colcon.colcon_core.verb:set package 'actuators' build argument 'cmake_clean_cache' from command line to 'False'
[0.350s] Level 5:colcon.colcon_core.verb:set package 'actuators' build argument 'cmake_clean_first' from command line to 'False'
[0.350s] Level 5:colcon.colcon_core.verb:set package 'actuators' build argument 'cmake_force_configure' from command line to 'False'
[0.350s] Level 5:colcon.colcon_core.verb:set package 'actuators' build argument 'ament_cmake_args' from command line to 'None'
[0.350s] Level 5:colcon.colcon_core.verb:set package 'actuators' build argument 'catkin_cmake_args' from command line to 'None'
[0.350s] Level 5:colcon.colcon_core.verb:set package 'actuators' build argument 'catkin_skip_building_tests' from command line to 'False'
[0.350s] DEBUG:colcon.colcon_core.verb:Building package 'actuators' with the following arguments: {'ament_cmake_args': None, 'build_base': '/home/ishin/Documents/cmr/driverless_py/driverless/driverless_ws/build/actuators', 'catkin_cmake_args': None, 'catkin_skip_building_tests': False, 'cmake_args': None, 'cmake_clean_cache': False, 'cmake_clean_first': False, 'cmake_force_configure': False, 'cmake_target': None, 'cmake_target_skip_unavailable': False, 'install_base': '/home/ishin/Documents/cmr/driverless_py/driverless/driverless_ws/install/actuators', 'merge_install': False, 'path': '/home/ishin/Documents/cmr/driverless_py/driverless/driverless_ws/src/actuators', 'symlink_install': False, 'test_result_base': None}
[0.354s] Level 5:colcon.colcon_core.verb:set package 'collection' build argument 'cmake_args' from command line to 'None'
[0.354s] Level 5:colcon.colcon_core.verb:set package 'collection' build argument 'cmake_target' from command line to 'None'
[0.354s] Level 5:colcon.colcon_core.verb:set package 'collection' build argument 'cmake_target_skip_unavailable' from command line to 'False'
[0.354s] Level 5:colcon.colcon_core.verb:set package 'collection' build argument 'cmake_clean_cache' from command line to 'False'
[0.354s] Level 5:colcon.colcon_core.verb:set package 'collection' build argument 'cmake_clean_first' from command line to 'False'
[0.354s] Level 5:colcon.colcon_core.verb:set package 'collection' build argument 'cmake_force_configure' from command line to 'False'
[0.354s] Level 5:colcon.colcon_core.verb:set package 'collection' build argument 'ament_cmake_args' from command line to 'None'
[0.354s] Level 5:colcon.colcon_core.verb:set package 'collection' build argument 'catkin_cmake_args' from command line to 'None'
[0.354s] Level 5:colcon.colcon_core.verb:set package 'collection' build argument 'catkin_skip_building_tests' from command line to 'False'
[0.354s] DEBUG:colcon.colcon_core.verb:Building package 'collection' with the following arguments: {'ament_cmake_args': None, 'build_base': '/home/ishin/Documents/cmr/driverless_py/driverless/driverless_ws/build/collection', 'catkin_cmake_args': None, 'catkin_skip_building_tests': False, 'cmake_args': None, 'cmake_clean_cache': False, 'cmake_clean_first': False, 'cmake_force_configure': False, 'cmake_target': None, 'cmake_target_skip_unavailable': False, 'install_base': '/home/ishin/Documents/cmr/driverless_py/driverless/driverless_ws/install/collection', 'merge_install': False, 'path': '/home/ishin/Documents/cmr/driverless_py/driverless/driverless_ws/src/collection', 'symlink_install': False, 'test_result_base': None}
[0.358s] Level 5:colcon.colcon_core.verb:set package 'common' build argument 'cmake_args' from command line to 'None'
[0.358s] Level 5:colcon.colcon_core.verb:set package 'common' build argument 'cmake_target' from command line to 'None'
[0.358s] Level 5:colcon.colcon_core.verb:set package 'common' build argument 'cmake_target_skip_unavailable' from command line to 'False'
[0.358s] Level 5:colcon.colcon_core.verb:set package 'common' build argument 'cmake_clean_cache' from command line to 'False'
[0.358s] Level 5:colcon.colcon_core.verb:set package 'common' build argument 'cmake_clean_first' from command line to 'False'
[0.358s] Level 5:colcon.colcon_core.verb:set package 'common' build argument 'cmake_force_configure' from command line to 'False'
[0.358s] Level 5:colcon.colcon_core.verb:set package 'common' build argument 'ament_cmake_args' from command line to 'None'
[0.358s] Level 5:colcon.colcon_core.verb:set package 'common' build argument 'catkin_cmake_args' from command line to 'None'
[0.358s] Level 5:colcon.colcon_core.verb:set package 'common' build argument 'catkin_skip_building_tests' from command line to 'False'
[0.358s] DEBUG:colcon.colcon_core.verb:Building package 'common' with the following arguments: {'ament_cmake_args': None, 'build_base': '/home/ishin/Documents/cmr/driverless_py/driverless/driverless_ws/build/common', 'catkin_cmake_args': None, 'catkin_skip_building_tests': False, 'cmake_args': None, 'cmake_clean_cache': False, 'cmake_clean_first': False, 'cmake_force_configure': False, 'cmake_target': None, 'cmake_target_skip_unavailable': False, 'install_base': '/home/ishin/Documents/cmr/driverless_py/driverless/driverless_ws/install/common', 'merge_install': False, 'path': '/home/ishin/Documents/cmr/driverless_py/driverless/driverless_ws/src/common', 'symlink_install': False, 'test_result_base': None}
[0.362s] Level 5:colcon.colcon_core.verb:set package 'controls' build argument 'cmake_args' from command line to 'None'
[0.362s] Level 5:colcon.colcon_core.verb:set package 'controls' build argument 'cmake_target' from command line to 'None'
[0.362s] Level 5:colcon.colcon_core.verb:set package 'controls' build argument 'cmake_target_skip_unavailable' from command line to 'False'
[0.362s] Level 5:colcon.colcon_core.verb:set package 'controls' build argument 'cmake_clean_cache' from command line to 'False'
[0.362s] Level 5:colcon.colcon_core.verb:set package 'controls' build argument 'cmake_clean_first' from command line to 'False'
[0.362s] Level 5:colcon.colcon_core.verb:set package 'controls' build argument 'cmake_force_configure' from command line to 'False'
[0.362s] Level 5:colcon.colcon_core.verb:set package 'controls' build argument 'ament_cmake_args' from command line to 'None'
[0.362s] Level 5:colcon.colcon_core.verb:set package 'controls' build argument 'catkin_cmake_args' from command line to 'None'
[0.362s] Level 5:colcon.colcon_core.verb:set package 'controls' build argument 'catkin_skip_building_tests' from command line to 'False'
[0.362s] DEBUG:colcon.colcon_core.verb:Building package 'controls' with the following arguments: {'ament_cmake_args': None, 'build_base': '/home/ishin/Documents/cmr/driverless_py/driverless/driverless_ws/build/controls', 'catkin_cmake_args': None, 'catkin_skip_building_tests': False, 'cmake_args': None, 'cmake_clean_cache': False, 'cmake_clean_first': False, 'cmake_force_configure': False, 'cmake_target': None, 'cmake_target_skip_unavailable': False, 'install_base': '/home/ishin/Documents/cmr/driverless_py/driverless/driverless_ws/install/controls', 'merge_install': False, 'path': '/home/ishin/Documents/cmr/driverless_py/driverless/driverless_ws/src/controls', 'symlink_install': False, 'test_result_base': None}
[0.367s] Level 5:colcon.colcon_core.verb:set package 'interfaces' build argument 'cmake_args' from command line to 'None'
[0.368s] Level 5:colcon.colcon_core.verb:set package 'interfaces' build argument 'cmake_target' from command line to 'None'
[0.368s] Level 5:colcon.colcon_core.verb:set package 'interfaces' build argument 'cmake_target_skip_unavailable' from command line to 'False'
[0.368s] Level 5:colcon.colcon_core.verb:set package 'interfaces' build argument 'cmake_clean_cache' from command line to 'False'
[0.368s] Level 5:colcon.colcon_core.verb:set package 'interfaces' build argument 'cmake_clean_first' from command line to 'False'
[0.368s] Level 5:colcon.colcon_core.verb:set package 'interfaces' build argument 'cmake_force_configure' from command line to 'False'
[0.368s] Level 5:colcon.colcon_core.verb:set package 'interfaces' build argument 'ament_cmake_args' from command line to 'None'
[0.368s] Level 5:colcon.colcon_core.verb:set package 'interfaces' build argument 'catkin_cmake_args' from command line to 'None'
[0.368s] Level 5:colcon.colcon_core.verb:set package 'interfaces' build argument 'catkin_skip_building_tests' from command line to 'False'
[0.368s] DEBUG:colcon.colcon_core.verb:Building package 'interfaces' with the following arguments: {'ament_cmake_args': None, 'build_base': '/home/ishin/Documents/cmr/driverless_py/driverless/driverless_ws/build/interfaces', 'catkin_cmake_args': None, 'catkin_skip_building_tests': False, 'cmake_args': None, 'cmake_clean_cache': False, 'cmake_clean_first': False, 'cmake_force_configure': False, 'cmake_target': None, 'cmake_target_skip_unavailable': False, 'install_base': '/home/ishin/Documents/cmr/driverless_py/driverless/driverless_ws/install/interfaces', 'merge_install': False, 'path': '/home/ishin/Documents/cmr/driverless_py/driverless/driverless_ws/src/interfaces', 'symlink_install': False, 'test_result_base': None}
[0.371s] Level 5:colcon.colcon_core.verb:set package 'perceptions' build argument 'cmake_args' from command line to 'None'
[0.372s] Level 5:colcon.colcon_core.verb:set package 'perceptions' build argument 'cmake_target' from command line to 'None'
[0.372s] Level 5:colcon.colcon_core.verb:set package 'perceptions' build argument 'cmake_target_skip_unavailable' from command line to 'False'
[0.372s] Level 5:colcon.colcon_core.verb:set package 'perceptions' build argument 'cmake_clean_cache' from command line to 'False'
[0.372s] Level 5:colcon.colcon_core.verb:set package 'perceptions' build argument 'cmake_clean_first' from command line to 'False'
[0.372s] Level 5:colcon.colcon_core.verb:set package 'perceptions' build argument 'cmake_force_configure' from command line to 'False'
[0.372s] Level 5:colcon.colcon_core.verb:set package 'perceptions' build argument 'ament_cmake_args' from command line to 'None'
[0.372s] Level 5:colcon.colcon_core.verb:set package 'perceptions' build argument 'catkin_cmake_args' from command line to 'None'
[0.372s] Level 5:colcon.colcon_core.verb:set package 'perceptions' build argument 'catkin_skip_building_tests' from command line to 'False'
[0.372s] DEBUG:colcon.colcon_core.verb:Building package 'perceptions' with the following arguments: {'ament_cmake_args': None, 'build_base': '/home/ishin/Documents/cmr/driverless_py/driverless/driverless_ws/build/perceptions', 'catkin_cmake_args': None, 'catkin_skip_building_tests': False, 'cmake_args': None, 'cmake_clean_cache': False, 'cmake_clean_first': False, 'cmake_force_configure': False, 'cmake_target': None, 'cmake_target_skip_unavailable': False, 'install_base': '/home/ishin/Documents/cmr/driverless_py/driverless/driverless_ws/install/perceptions', 'merge_install': False, 'path': '/home/ishin/Documents/cmr/driverless_py/driverless/driverless_ws/src/perceptions', 'symlink_install': False, 'test_result_base': None}
[0.377s] Level 5:colcon.colcon_core.verb:set package 'planning' build argument 'cmake_args' from command line to 'None'
[0.377s] Level 5:colcon.colcon_core.verb:set package 'planning' build argument 'cmake_target' from command line to 'None'
[0.377s] Level 5:colcon.colcon_core.verb:set package 'planning' build argument 'cmake_target_skip_unavailable' from command line to 'False'
[0.377s] Level 5:colcon.colcon_core.verb:set package 'planning' build argument 'cmake_clean_cache' from command line to 'False'
[0.377s] Level 5:colcon.colcon_core.verb:set package 'planning' build argument 'cmake_clean_first' from command line to 'False'
[0.377s] Level 5:colcon.colcon_core.verb:set package 'planning' build argument 'cmake_force_configure' from command line to 'False'
[0.377s] Level 5:colcon.colcon_core.verb:set package 'planning' build argument 'ament_cmake_args' from command line to 'None'
[0.377s] Level 5:colcon.colcon_core.verb:set package 'planning' build argument 'catkin_cmake_args' from command line to 'None'
[0.377s] Level 5:colcon.colcon_core.verb:set package 'planning' build argument 'catkin_skip_building_tests' from command line to 'False'
[0.377s] DEBUG:colcon.colcon_core.verb:Building package 'planning' with the following arguments: {'ament_cmake_args': None, 'build_base': '/home/ishin/Documents/cmr/driverless_py/driverless/driverless_ws/build/planning', 'catkin_cmake_args': None, 'catkin_skip_building_tests': False, 'cmake_args': None, 'cmake_clean_cache': False, 'cmake_clean_first': False, 'cmake_force_configure': False, 'cmake_target': None, 'cmake_target_skip_unavailable': False, 'install_base': '/home/ishin/Documents/cmr/driverless_py/driverless/driverless_ws/install/planning', 'merge_install': False, 'path': '/home/ishin/Documents/cmr/driverless_py/driverless/driverless_ws/src/planning', 'symlink_install': False, 'test_result_base': None}
[0.379s] INFO:colcon.colcon_core.executor:Executing jobs using 'parallel' executor
[0.385s] DEBUG:colcon.colcon_parallel_executor.executor.parallel:run_until_complete
[0.385s] INFO:colcon.colcon_ros.task.ament_cmake.build:Building ROS package in '/home/ishin/Documents/cmr/driverless_py/driverless/driverless_ws/src/interfaces' with build type 'ament_cmake'
[0.385s] INFO:colcon.colcon_cmake.task.cmake.build:Building CMake package in '/home/ishin/Documents/cmr/driverless_py/driverless/driverless_ws/src/interfaces'
[0.394s] INFO:colcon.colcon_core.plugin_system:Skipping extension 'colcon_core.shell.bat': Not used on non-Windows systems
[0.395s] INFO:colcon.colcon_core.shell:Skip shell extension 'powershell' for command environment: Not usable outside of PowerShell
[0.395s] DEBUG:colcon.colcon_core.shell:Skip shell extension 'dsv' for command environment
[0.404s] INFO:colcon.colcon_ros.task.ament_cmake.build:Building ROS package in '/home/ishin/Documents/cmr/driverless_py/driverless/driverless_ws/src/actuators' with build type 'ament_cmake'
[0.404s] INFO:colcon.colcon_cmake.task.cmake.build:Building CMake package in '/home/ishin/Documents/cmr/driverless_py/driverless/driverless_ws/src/actuators'
[0.408s] INFO:colcon.colcon_core.shell:Skip shell extension 'powershell' for command environment: Not usable outside of PowerShell
[0.408s] DEBUG:colcon.colcon_core.shell:Skip shell extension 'dsv' for command environment
[0.417s] INFO:colcon.colcon_ros.task.ament_cmake.build:Building ROS package in '/home/ishin/Documents/cmr/driverless_py/driverless/driverless_ws/src/collection' with build type 'ament_cmake'
[0.418s] INFO:colcon.colcon_cmake.task.cmake.build:Building CMake package in '/home/ishin/Documents/cmr/driverless_py/driverless/driverless_ws/src/collection'
[0.421s] INFO:colcon.colcon_core.shell:Skip shell extension 'powershell' for command environment: Not usable outside of PowerShell
[0.421s] DEBUG:colcon.colcon_core.shell:Skip shell extension 'dsv' for command environment
[0.427s] INFO:colcon.colcon_ros.task.ament_cmake.build:Building ROS package in '/home/ishin/Documents/cmr/driverless_py/driverless/driverless_ws/src/common' with build type 'ament_cmake'
[0.427s] INFO:colcon.colcon_cmake.task.cmake.build:Building CMake package in '/home/ishin/Documents/cmr/driverless_py/driverless/driverless_ws/src/common'
[0.430s] INFO:colcon.colcon_core.shell:Skip shell extension 'powershell' for command environment: Not usable outside of PowerShell
[0.430s] DEBUG:colcon.colcon_core.shell:Skip shell extension 'dsv' for command environment
[0.436s] INFO:colcon.colcon_ros.task.ament_cmake.build:Building ROS package in '/home/ishin/Documents/cmr/driverless_py/driverless/driverless_ws/src/controls' with build type 'ament_cmake'
[0.436s] INFO:colcon.colcon_cmake.task.cmake.build:Building CMake package in '/home/ishin/Documents/cmr/driverless_py/driverless/driverless_ws/src/controls'
[0.440s] INFO:colcon.colcon_core.shell:Skip shell extension 'powershell' for command environment: Not usable outside of PowerShell
[0.440s] DEBUG:colcon.colcon_core.shell:Skip shell extension 'dsv' for command environment
[0.445s] INFO:colcon.colcon_ros.task.ament_cmake.build:Building ROS package in '/home/ishin/Documents/cmr/driverless_py/driverless/driverless_ws/src/perceptions' with build type 'ament_cmake'
[0.446s] INFO:colcon.colcon_cmake.task.cmake.build:Building CMake package in '/home/ishin/Documents/cmr/driverless_py/driverless/driverless_ws/src/perceptions'
[0.449s] INFO:colcon.colcon_core.shell:Skip shell extension 'powershell' for command environment: Not usable outside of PowerShell
[0.450s] DEBUG:colcon.colcon_core.shell:Skip shell extension 'dsv' for command environment
[0.464s] DEBUG:colcon.colcon_core.event_handler.log_command:Invoking command in '/home/ishin/Documents/cmr/driverless_py/driverless/driverless_ws/build/interfaces': _=/usr/bin/env /usr/bin/cmake /home/ishin/Documents/cmr/driverless_py/driverless/driverless_ws/src/interfaces -DCMAKE_INSTALL_PREFIX=/home/ishin/Documents/cmr/driverless_py/driverless/driverless_ws/install/interfaces
[0.468s] DEBUG:colcon.colcon_core.event_handler.log_command:Invoking command in '/home/ishin/Documents/cmr/driverless_py/driverless/driverless_ws/build/actuators': _=/usr/bin/env /usr/bin/cmake --build /home/ishin/Documents/cmr/driverless_py/driverless/driverless_ws/build/actuators -- -j8 -l8
[0.469s] DEBUG:colcon.colcon_core.event_handler.log_command:Invoking command in '/home/ishin/Documents/cmr/driverless_py/driverless/driverless_ws/build/collection': _=/usr/bin/env /usr/bin/cmake --build /home/ishin/Documents/cmr/driverless_py/driverless/driverless_ws/build/collection -- -j8 -l8
[0.472s] DEBUG:colcon.colcon_core.event_handler.log_command:Invoking command in '/home/ishin/Documents/cmr/driverless_py/driverless/driverless_ws/build/common': _=/usr/bin/env /usr/bin/cmake --build /home/ishin/Documents/cmr/driverless_py/driverless/driverless_ws/build/common -- -j8 -l8
[0.481s] DEBUG:colcon.colcon_core.event_handler.log_command:Invoking command in '/home/ishin/Documents/cmr/driverless_py/driverless/driverless_ws/build/controls': _=/usr/bin/env /usr/bin/cmake --build /home/ishin/Documents/cmr/driverless_py/driverless/driverless_ws/build/controls -- -j8 -l8
[0.520s] DEBUG:colcon.colcon_core.event_handler.log_command:Invoking command in '/home/ishin/Documents/cmr/driverless_py/driverless/driverless_ws/build/perceptions': _=/usr/bin/env /usr/bin/cmake --build /home/ishin/Documents/cmr/driverless_py/driverless/driverless_ws/build/perceptions -- -j8 -l8
[0.521s] DEBUG:colcon.colcon_core.event_handler.log_command:Invoked command in '/home/ishin/Documents/cmr/driverless_py/driverless/driverless_ws/build/actuators' returned '0': _=/usr/bin/env /usr/bin/cmake --build /home/ishin/Documents/cmr/driverless_py/driverless/driverless_ws/build/actuators -- -j8 -l8
[0.523s] DEBUG:colcon.colcon_core.event_handler.log_command:Invoked command in '/home/ishin/Documents/cmr/driverless_py/driverless/driverless_ws/build/collection' returned '0': _=/usr/bin/env /usr/bin/cmake --build /home/ishin/Documents/cmr/driverless_py/driverless/driverless_ws/build/collection -- -j8 -l8
[0.528s] DEBUG:colcon.colcon_core.event_handler.log_command:Invoked command in '/home/ishin/Documents/cmr/driverless_py/driverless/driverless_ws/build/common' returned '0': _=/usr/bin/env /usr/bin/cmake --build /home/ishin/Documents/cmr/driverless_py/driverless/driverless_ws/build/common -- -j8 -l8
[0.531s] DEBUG:colcon.colcon_core.event_handler.log_command:Invoked command in '/home/ishin/Documents/cmr/driverless_py/driverless/driverless_ws/build/controls' returned '0': _=/usr/bin/env /usr/bin/cmake --build /home/ishin/Documents/cmr/driverless_py/driverless/driverless_ws/build/controls -- -j8 -l8
[0.560s] DEBUG:colcon.colcon_core.event_handler.log_command:Invoked command in '/home/ishin/Documents/cmr/driverless_py/driverless/driverless_ws/build/perceptions' returned '0': _=/usr/bin/env /usr/bin/cmake --build /home/ishin/Documents/cmr/driverless_py/driverless/driverless_ws/build/perceptions -- -j8 -l8
[0.580s] DEBUG:colcon.colcon_core.event_handler.log_command:Invoking command in '/home/ishin/Documents/cmr/driverless_py/driverless/driverless_ws/build/actuators': _=/usr/bin/env /usr/bin/cmake --install /home/ishin/Documents/cmr/driverless_py/driverless/driverless_ws/build/actuators
[0.581s] DEBUG:colcon.colcon_core.event_handler.log_command:Invoking command in '/home/ishin/Documents/cmr/driverless_py/driverless/driverless_ws/build/collection': _=/usr/bin/env /usr/bin/cmake --install /home/ishin/Documents/cmr/driverless_py/driverless/driverless_ws/build/collection
[0.583s] DEBUG:colcon.colcon_core.event_handler.log_command:Invoking command in '/home/ishin/Documents/cmr/driverless_py/driverless/driverless_ws/build/controls': _=/usr/bin/env /usr/bin/cmake --install /home/ishin/Documents/cmr/driverless_py/driverless/driverless_ws/build/controls
[0.584s] DEBUG:colcon.colcon_core.event_handler.log_command:Invoking command in '/home/ishin/Documents/cmr/driverless_py/driverless/driverless_ws/build/common': _=/usr/bin/env /usr/bin/cmake --install /home/ishin/Documents/cmr/driverless_py/driverless/driverless_ws/build/common
[0.590s] Level 1:colcon.colcon_core.environment:create_environment_scripts_only(actuators)
[0.597s] DEBUG:colcon.colcon_core.event_handler.log_command:Invoked command in '/home/ishin/Documents/cmr/driverless_py/driverless/driverless_ws/build/actuators' returned '0': _=/usr/bin/env /usr/bin/cmake --install /home/ishin/Documents/cmr/driverless_py/driverless/driverless_ws/build/actuators
[0.601s] Level 1:colcon.colcon_core.environment:checking '/home/ishin/Documents/cmr/driverless_py/driverless/driverless_ws/install/actuators' for CMake module files
[0.601s] Level 1:colcon.colcon_core.environment:checking '/home/ishin/Documents/cmr/driverless_py/driverless/driverless_ws/install/actuators' for CMake config files
[0.602s] Level 1:colcon.colcon_core.shell:create_environment_hook('actuators', 'cmake_prefix_path')
[0.604s] INFO:colcon.colcon_core.shell:Creating environment hook '/home/ishin/Documents/cmr/driverless_py/driverless/driverless_ws/install/actuators/share/actuators/hook/cmake_prefix_path.ps1'
[0.605s] INFO:colcon.colcon_core.shell:Creating environment descriptor '/home/ishin/Documents/cmr/driverless_py/driverless/driverless_ws/install/actuators/share/actuators/hook/cmake_prefix_path.dsv'
[0.605s] INFO:colcon.colcon_core.shell:Creating environment hook '/home/ishin/Documents/cmr/driverless_py/driverless/driverless_ws/install/actuators/share/actuators/hook/cmake_prefix_path.sh'
[0.606s] Level 1:colcon.colcon_core.environment:checking '/home/ishin/Documents/cmr/driverless_py/driverless/driverless_ws/install/actuators/bin'
[0.606s] Level 1:colcon.colcon_core.environment:checking '/home/ishin/Documents/cmr/driverless_py/driverless/driverless_ws/install/actuators/lib/pkgconfig/actuators.pc'
[0.607s] Level 1:colcon.colcon_core.environment:checking '/home/ishin/Documents/cmr/driverless_py/driverless/driverless_ws/install/actuators/lib/python3.11/site-packages'
[0.607s] Level 1:colcon.colcon_core.environment:checking '/home/ishin/Documents/cmr/driverless_py/driverless/driverless_ws/install/actuators/bin'
[0.611s] INFO:colcon.colcon_core.shell:Creating package script '/home/ishin/Documents/cmr/driverless_py/driverless/driverless_ws/install/actuators/share/actuators/package.ps1'
[0.611s] INFO:colcon.colcon_core.shell:Creating package descriptor '/home/ishin/Documents/cmr/driverless_py/driverless/driverless_ws/install/actuators/share/actuators/package.dsv'
[0.612s] INFO:colcon.colcon_core.shell:Creating package script '/home/ishin/Documents/cmr/driverless_py/driverless/driverless_ws/install/actuators/share/actuators/package.sh'
[0.612s] INFO:colcon.colcon_core.shell:Creating package script '/home/ishin/Documents/cmr/driverless_py/driverless/driverless_ws/install/actuators/share/actuators/package.bash'
[0.613s] INFO:colcon.colcon_core.shell:Creating package script '/home/ishin/Documents/cmr/driverless_py/driverless/driverless_ws/install/actuators/share/actuators/package.zsh'
[0.613s] Level 1:colcon.colcon_core.environment:create_file_with_runtime_dependencies(/home/ishin/Documents/cmr/driverless_py/driverless/driverless_ws/install/actuators/share/colcon-core/packages/actuators)
[0.615s] Level 1:colcon.colcon_core.environment:create_environment_scripts_only(collection)
[0.620s] Level 1:colcon.colcon_core.environment:checking '/home/ishin/Documents/cmr/driverless_py/driverless/driverless_ws/install/collection' for CMake module files
[0.620s] DEBUG:colcon.colcon_core.event_handler.log_command:Invoked command in '/home/ishin/Documents/cmr/driverless_py/driverless/driverless_ws/build/collection' returned '0': _=/usr/bin/env /usr/bin/cmake --install /home/ishin/Documents/cmr/driverless_py/driverless/driverless_ws/build/collection
[0.620s] Level 1:colcon.colcon_core.environment:checking '/home/ishin/Documents/cmr/driverless_py/driverless/driverless_ws/install/collection' for CMake config files
[0.621s] Level 1:colcon.colcon_core.shell:create_environment_hook('collection', 'cmake_prefix_path')
[0.624s] INFO:colcon.colcon_core.shell:Creating environment hook '/home/ishin/Documents/cmr/driverless_py/driverless/driverless_ws/install/collection/share/collection/hook/cmake_prefix_path.ps1'
[0.625s] INFO:colcon.colcon_core.shell:Creating environment descriptor '/home/ishin/Documents/cmr/driverless_py/driverless/driverless_ws/install/collection/share/collection/hook/cmake_prefix_path.dsv'
[0.625s] INFO:colcon.colcon_core.shell:Creating environment hook '/home/ishin/Documents/cmr/driverless_py/driverless/driverless_ws/install/collection/share/collection/hook/cmake_prefix_path.sh'
[0.626s] Level 1:colcon.colcon_core.environment:checking '/home/ishin/Documents/cmr/driverless_py/driverless/driverless_ws/install/collection/bin'
[0.626s] Level 1:colcon.colcon_core.environment:checking '/home/ishin/Documents/cmr/driverless_py/driverless/driverless_ws/install/collection/lib/pkgconfig/collection.pc'
[0.626s] Level 1:colcon.colcon_core.environment:checking '/home/ishin/Documents/cmr/driverless_py/driverless/driverless_ws/install/collection/lib/python3.11/site-packages'
[0.626s] Level 1:colcon.colcon_core.environment:checking '/home/ishin/Documents/cmr/driverless_py/driverless/driverless_ws/install/collection/bin'
[0.630s] INFO:colcon.colcon_core.shell:Creating package script '/home/ishin/Documents/cmr/driverless_py/driverless/driverless_ws/install/collection/share/collection/package.ps1'
[0.630s] INFO:colcon.colcon_core.shell:Creating package descriptor '/home/ishin/Documents/cmr/driverless_py/driverless/driverless_ws/install/collection/share/collection/package.dsv'
[0.631s] INFO:colcon.colcon_core.shell:Creating package script '/home/ishin/Documents/cmr/driverless_py/driverless/driverless_ws/install/collection/share/collection/package.sh'
[0.631s] INFO:colcon.colcon_core.shell:Creating package script '/home/ishin/Documents/cmr/driverless_py/driverless/driverless_ws/install/collection/share/collection/package.bash'
[0.631s] INFO:colcon.colcon_core.shell:Creating package script '/home/ishin/Documents/cmr/driverless_py/driverless/driverless_ws/install/collection/share/collection/package.zsh'
[0.631s] Level 1:colcon.colcon_core.environment:create_file_with_runtime_dependencies(/home/ishin/Documents/cmr/driverless_py/driverless/driverless_ws/install/collection/share/colcon-core/packages/collection)
[0.632s] Level 1:colcon.colcon_core.environment:create_environment_scripts_only(controls)
[0.635s] Level 1:colcon.colcon_core.environment:checking '/home/ishin/Documents/cmr/driverless_py/driverless/driverless_ws/install/controls' for CMake module files
[0.635s] DEBUG:colcon.colcon_core.event_handler.log_command:Invoked command in '/home/ishin/Documents/cmr/driverless_py/driverless/driverless_ws/build/controls' returned '0': _=/usr/bin/env /usr/bin/cmake --install /home/ishin/Documents/cmr/driverless_py/driverless/driverless_ws/build/controls
[0.636s] Level 1:colcon.colcon_core.environment:checking '/home/ishin/Documents/cmr/driverless_py/driverless/driverless_ws/install/controls' for CMake config files
[0.636s] Level 1:colcon.colcon_core.shell:create_environment_hook('controls', 'cmake_prefix_path')
[0.639s] INFO:colcon.colcon_core.shell:Creating environment hook '/home/ishin/Documents/cmr/driverless_py/driverless/driverless_ws/install/controls/share/controls/hook/cmake_prefix_path.ps1'
[0.639s] INFO:colcon.colcon_core.shell:Creating environment descriptor '/home/ishin/Documents/cmr/driverless_py/driverless/driverless_ws/install/controls/share/controls/hook/cmake_prefix_path.dsv'
[0.639s] INFO:colcon.colcon_core.shell:Creating environment hook '/home/ishin/Documents/cmr/driverless_py/driverless/driverless_ws/install/controls/share/controls/hook/cmake_prefix_path.sh'
[0.640s] Level 1:colcon.colcon_core.environment:checking '/home/ishin/Documents/cmr/driverless_py/driverless/driverless_ws/install/controls/bin'
[0.640s] Level 1:colcon.colcon_core.environment:checking '/home/ishin/Documents/cmr/driverless_py/driverless/driverless_ws/install/controls/lib/pkgconfig/controls.pc'
[0.640s] Level 1:colcon.colcon_core.environment:checking '/home/ishin/Documents/cmr/driverless_py/driverless/driverless_ws/install/controls/lib/python3.11/site-packages'
[0.640s] Level 1:colcon.colcon_core.environment:checking '/home/ishin/Documents/cmr/driverless_py/driverless/driverless_ws/install/controls/bin'
[0.643s] INFO:colcon.colcon_core.shell:Creating package script '/home/ishin/Documents/cmr/driverless_py/driverless/driverless_ws/install/controls/share/controls/package.ps1'
[0.644s] INFO:colcon.colcon_core.shell:Creating package descriptor '/home/ishin/Documents/cmr/driverless_py/driverless/driverless_ws/install/controls/share/controls/package.dsv'
[0.644s] INFO:colcon.colcon_core.shell:Creating package script '/home/ishin/Documents/cmr/driverless_py/driverless/driverless_ws/install/controls/share/controls/package.sh'
[0.644s] INFO:colcon.colcon_core.shell:Creating package script '/home/ishin/Documents/cmr/driverless_py/driverless/driverless_ws/install/controls/share/controls/package.bash'
[0.645s] INFO:colcon.colcon_core.shell:Creating package script '/home/ishin/Documents/cmr/driverless_py/driverless/driverless_ws/install/controls/share/controls/package.zsh'
[0.645s] Level 1:colcon.colcon_core.environment:create_file_with_runtime_dependencies(/home/ishin/Documents/cmr/driverless_py/driverless/driverless_ws/install/controls/share/colcon-core/packages/controls)
[0.646s] Level 1:colcon.colcon_core.environment:create_environment_scripts_only(common)
[0.653s] Level 1:colcon.colcon_core.environment:checking '/home/ishin/Documents/cmr/driverless_py/driverless/driverless_ws/install/common' for CMake module files
[0.654s] DEBUG:colcon.colcon_core.event_handler.log_command:Invoked command in '/home/ishin/Documents/cmr/driverless_py/driverless/driverless_ws/build/common' returned '0': _=/usr/bin/env /usr/bin/cmake --install /home/ishin/Documents/cmr/driverless_py/driverless/driverless_ws/build/common
[0.654s] Level 1:colcon.colcon_core.environment:checking '/home/ishin/Documents/cmr/driverless_py/driverless/driverless_ws/install/common' for CMake config files
[0.655s] Level 1:colcon.colcon_core.shell:create_environment_hook('common', 'cmake_prefix_path')
[0.661s] INFO:colcon.colcon_core.shell:Creating environment hook '/home/ishin/Documents/cmr/driverless_py/driverless/driverless_ws/install/common/share/common/hook/cmake_prefix_path.ps1'
[0.661s] INFO:colcon.colcon_core.shell:Creating environment descriptor '/home/ishin/Documents/cmr/driverless_py/driverless/driverless_ws/install/common/share/common/hook/cmake_prefix_path.dsv'
[0.661s] INFO:colcon.colcon_core.shell:Creating environment hook '/home/ishin/Documents/cmr/driverless_py/driverless/driverless_ws/install/common/share/common/hook/cmake_prefix_path.sh'
[0.662s] Level 1:colcon.colcon_core.environment:checking '/home/ishin/Documents/cmr/driverless_py/driverless/driverless_ws/install/common/bin'
[0.662s] Level 1:colcon.colcon_core.environment:checking '/home/ishin/Documents/cmr/driverless_py/driverless/driverless_ws/install/common/lib/pkgconfig/common.pc'
[0.662s] Level 1:colcon.colcon_core.environment:checking '/home/ishin/Documents/cmr/driverless_py/driverless/driverless_ws/install/common/lib/python3.11/site-packages'
[0.662s] Level 1:colcon.colcon_core.environment:checking '/home/ishin/Documents/cmr/driverless_py/driverless/driverless_ws/install/common/bin'
[0.667s] INFO:colcon.colcon_core.shell:Creating package script '/home/ishin/Documents/cmr/driverless_py/driverless/driverless_ws/install/common/share/common/package.ps1'
[0.667s] INFO:colcon.colcon_core.shell:Creating package descriptor '/home/ishin/Documents/cmr/driverless_py/driverless/driverless_ws/install/common/share/common/package.dsv'
[0.668s] INFO:colcon.colcon_core.shell:Creating package script '/home/ishin/Documents/cmr/driverless_py/driverless/driverless_ws/install/common/share/common/package.sh'
[0.668s] INFO:colcon.colcon_core.shell:Creating package script '/home/ishin/Documents/cmr/driverless_py/driverless/driverless_ws/install/common/share/common/package.bash'
[0.668s] INFO:colcon.colcon_core.shell:Creating package script '/home/ishin/Documents/cmr/driverless_py/driverless/driverless_ws/install/common/share/common/package.zsh'
[0.669s] Level 1:colcon.colcon_core.environment:create_file_with_runtime_dependencies(/home/ishin/Documents/cmr/driverless_py/driverless/driverless_ws/install/common/share/colcon-core/packages/common)
[0.671s] DEBUG:colcon.colcon_core.event_handler.log_command:Invoking command in '/home/ishin/Documents/cmr/driverless_py/driverless/driverless_ws/build/perceptions': _=/usr/bin/env /usr/bin/cmake --install /home/ishin/Documents/cmr/driverless_py/driverless/driverless_ws/build/perceptions
[0.678s] Level 1:colcon.colcon_core.environment:create_environment_scripts_only(collection)
[0.684s] Level 1:colcon.colcon_core.environment:checking '/home/ishin/Documents/cmr/driverless_py/driverless/driverless_ws/install/collection' for CMake module files
[0.685s] Level 1:colcon.colcon_core.environment:checking '/home/ishin/Documents/cmr/driverless_py/driverless/driverless_ws/install/collection' for CMake config files
[0.686s] Level 1:colcon.colcon_core.shell:create_environment_hook('collection', 'cmake_prefix_path')
[0.689s] INFO:colcon.colcon_core.shell:Creating environment hook '/home/ishin/Documents/cmr/driverless_py/driverless/driverless_ws/install/collection/share/collection/hook/cmake_prefix_path.ps1'
[0.690s] INFO:colcon.colcon_core.shell:Creating environment descriptor '/home/ishin/Documents/cmr/driverless_py/driverless/driverless_ws/install/collection/share/collection/hook/cmake_prefix_path.dsv'
[0.690s] INFO:colcon.colcon_core.shell:Creating environment hook '/home/ishin/Documents/cmr/driverless_py/driverless/driverless_ws/install/collection/share/collection/hook/cmake_prefix_path.sh'
[0.691s] Level 1:colcon.colcon_core.environment:checking '/home/ishin/Documents/cmr/driverless_py/driverless/driverless_ws/install/collection/bin'
[0.691s] Level 1:colcon.colcon_core.environment:checking '/home/ishin/Documents/cmr/driverless_py/driverless/driverless_ws/install/collection/lib/pkgconfig/collection.pc'
[0.691s] Level 1:colcon.colcon_core.environment:checking '/home/ishin/Documents/cmr/driverless_py/driverless/driverless_ws/install/collection/lib/python3.11/site-packages'
[0.691s] Level 1:colcon.colcon_core.environment:checking '/home/ishin/Documents/cmr/driverless_py/driverless/driverless_ws/install/collection/bin'
[0.694s] INFO:colcon.colcon_core.shell:Creating package script '/home/ishin/Documents/cmr/driverless_py/driverless/driverless_ws/install/collection/share/collection/package.ps1'
[0.695s] INFO:colcon.colcon_core.shell:Creating package descriptor '/home/ishin/Documents/cmr/driverless_py/driverless/driverless_ws/install/collection/share/collection/package.dsv'
[0.696s] INFO:colcon.colcon_core.shell:Creating package script '/home/ishin/Documents/cmr/driverless_py/driverless/driverless_ws/install/collection/share/collection/package.sh'
[0.696s] INFO:colcon.colcon_core.shell:Creating package script '/home/ishin/Documents/cmr/driverless_py/driverless/driverless_ws/install/collection/share/collection/package.bash'
[0.696s] INFO:colcon.colcon_core.shell:Creating package script '/home/ishin/Documents/cmr/driverless_py/driverless/driverless_ws/install/collection/share/collection/package.zsh'
[0.696s] Level 1:colcon.colcon_core.environment:create_file_with_runtime_dependencies(/home/ishin/Documents/cmr/driverless_py/driverless/driverless_ws/install/collection/share/colcon-core/packages/collection)
[0.699s] Level 1:colcon.colcon_core.environment:create_environment_scripts_only(actuators)
[0.704s] Level 1:colcon.colcon_core.environment:checking '/home/ishin/Documents/cmr/driverless_py/driverless/driverless_ws/install/actuators' for CMake module files
[0.705s] Level 1:colcon.colcon_core.environment:checking '/home/ishin/Documents/cmr/driverless_py/driverless/driverless_ws/install/actuators' for CMake config files
[0.705s] Level 1:colcon.colcon_core.shell:create_environment_hook('actuators', 'cmake_prefix_path')
[0.710s] INFO:colcon.colcon_core.shell:Creating environment hook '/home/ishin/Documents/cmr/driverless_py/driverless/driverless_ws/install/actuators/share/actuators/hook/cmake_prefix_path.ps1'
[0.711s] INFO:colcon.colcon_core.shell:Creating environment descriptor '/home/ishin/Documents/cmr/driverless_py/driverless/driverless_ws/install/actuators/share/actuators/hook/cmake_prefix_path.dsv'
[0.711s] INFO:colcon.colcon_core.shell:Creating environment hook '/home/ishin/Documents/cmr/driverless_py/driverless/driverless_ws/install/actuators/share/actuators/hook/cmake_prefix_path.sh'
[0.712s] Level 1:colcon.colcon_core.environment:checking '/home/ishin/Documents/cmr/driverless_py/driverless/driverless_ws/install/actuators/bin'
[0.712s] Level 1:colcon.colcon_core.environment:checking '/home/ishin/Documents/cmr/driverless_py/driverless/driverless_ws/install/actuators/lib/pkgconfig/actuators.pc'
[0.712s] Level 1:colcon.colcon_core.environment:checking '/home/ishin/Documents/cmr/driverless_py/driverless/driverless_ws/install/actuators/lib/python3.11/site-packages'
[0.712s] Level 1:colcon.colcon_core.environment:checking '/home/ishin/Documents/cmr/driverless_py/driverless/driverless_ws/install/actuators/bin'
[0.717s] INFO:colcon.colcon_core.shell:Creating package script '/home/ishin/Documents/cmr/driverless_py/driverless/driverless_ws/install/actuators/share/actuators/package.ps1'
[0.718s] INFO:colcon.colcon_core.shell:Creating package descriptor '/home/ishin/Documents/cmr/driverless_py/driverless/driverless_ws/install/actuators/share/actuators/package.dsv'
[0.718s] INFO:colcon.colcon_core.shell:Creating package script '/home/ishin/Documents/cmr/driverless_py/driverless/driverless_ws/install/actuators/share/actuators/package.sh'
[0.718s] INFO:colcon.colcon_core.shell:Creating package script '/home/ishin/Documents/cmr/driverless_py/driverless/driverless_ws/install/actuators/share/actuators/package.bash'
[0.718s] INFO:colcon.colcon_core.shell:Creating package script '/home/ishin/Documents/cmr/driverless_py/driverless/driverless_ws/install/actuators/share/actuators/package.zsh'
[0.719s] Level 1:colcon.colcon_core.environment:create_file_with_runtime_dependencies(/home/ishin/Documents/cmr/driverless_py/driverless/driverless_ws/install/actuators/share/colcon-core/packages/actuators)
[0.723s] Level 1:colcon.colcon_core.environment:create_environment_scripts_only(controls)
[0.729s] Level 1:colcon.colcon_core.environment:checking '/home/ishin/Documents/cmr/driverless_py/driverless/driverless_ws/install/controls' for CMake module files
[0.730s] Level 1:colcon.colcon_core.environment:checking '/home/ishin/Documents/cmr/driverless_py/driverless/driverless_ws/install/controls' for CMake config files
[0.730s] Level 1:colcon.colcon_core.shell:create_environment_hook('controls', 'cmake_prefix_path')
[0.735s] INFO:colcon.colcon_core.shell:Creating environment hook '/home/ishin/Documents/cmr/driverless_py/driverless/driverless_ws/install/controls/share/controls/hook/cmake_prefix_path.ps1'
[0.736s] INFO:colcon.colcon_core.shell:Creating environment descriptor '/home/ishin/Documents/cmr/driverless_py/driverless/driverless_ws/install/controls/share/controls/hook/cmake_prefix_path.dsv'
[0.737s] INFO:colcon.colcon_core.shell:Creating environment hook '/home/ishin/Documents/cmr/driverless_py/driverless/driverless_ws/install/controls/share/controls/hook/cmake_prefix_path.sh'
[0.737s] Level 1:colcon.colcon_core.environment:checking '/home/ishin/Documents/cmr/driverless_py/driverless/driverless_ws/install/controls/bin'
[0.737s] Level 1:colcon.colcon_core.environment:checking '/home/ishin/Documents/cmr/driverless_py/driverless/driverless_ws/install/controls/lib/pkgconfig/controls.pc'
[0.737s] Level 1:colcon.colcon_core.environment:checking '/home/ishin/Documents/cmr/driverless_py/driverless/driverless_ws/install/controls/lib/python3.11/site-packages'
[0.738s] Level 1:colcon.colcon_core.environment:checking '/home/ishin/Documents/cmr/driverless_py/driverless/driverless_ws/install/controls/bin'
[0.743s] INFO:colcon.colcon_core.shell:Creating package script '/home/ishin/Documents/cmr/driverless_py/driverless/driverless_ws/install/controls/share/controls/package.ps1'
[0.745s] INFO:colcon.colcon_core.shell:Creating package descriptor '/home/ishin/Documents/cmr/driverless_py/driverless/driverless_ws/install/controls/share/controls/package.dsv'
[0.745s] INFO:colcon.colcon_core.shell:Creating package script '/home/ishin/Documents/cmr/driverless_py/driverless/driverless_ws/install/controls/share/controls/package.sh'
[0.746s] INFO:colcon.colcon_core.shell:Creating package script '/home/ishin/Documents/cmr/driverless_py/driverless/driverless_ws/install/controls/share/controls/package.bash'
[0.746s] INFO:colcon.colcon_core.shell:Creating package script '/home/ishin/Documents/cmr/driverless_py/driverless/driverless_ws/install/controls/share/controls/package.zsh'
[0.747s] Level 1:colcon.colcon_core.environment:create_file_with_runtime_dependencies(/home/ishin/Documents/cmr/driverless_py/driverless/driverless_ws/install/controls/share/colcon-core/packages/controls)
[0.751s] Level 1:colcon.colcon_core.environment:create_environment_scripts_only(common)
[0.757s] Level 1:colcon.colcon_core.environment:checking '/home/ishin/Documents/cmr/driverless_py/driverless/driverless_ws/install/common' for CMake module files
[0.759s] Level 1:colcon.colcon_core.environment:checking '/home/ishin/Documents/cmr/driverless_py/driverless/driverless_ws/install/common' for CMake config files
[0.759s] Level 1:colcon.colcon_core.shell:create_environment_hook('common', 'cmake_prefix_path')
[0.764s] INFO:colcon.colcon_core.shell:Creating environment hook '/home/ishin/Documents/cmr/driverless_py/driverless/driverless_ws/install/common/share/common/hook/cmake_prefix_path.ps1'
[0.765s] INFO:colcon.colcon_core.shell:Creating environment descriptor '/home/ishin/Documents/cmr/driverless_py/driverless/driverless_ws/install/common/share/common/hook/cmake_prefix_path.dsv'
[0.765s] INFO:colcon.colcon_core.shell:Creating environment hook '/home/ishin/Documents/cmr/driverless_py/driverless/driverless_ws/install/common/share/common/hook/cmake_prefix_path.sh'
[0.766s] Level 1:colcon.colcon_core.environment:checking '/home/ishin/Documents/cmr/driverless_py/driverless/driverless_ws/install/common/bin'
[0.766s] Level 1:colcon.colcon_core.environment:checking '/home/ishin/Documents/cmr/driverless_py/driverless/driverless_ws/install/common/lib/pkgconfig/common.pc'
[0.766s] Level 1:colcon.colcon_core.environment:checking '/home/ishin/Documents/cmr/driverless_py/driverless/driverless_ws/install/common/lib/python3.11/site-packages'
[0.766s] Level 1:colcon.colcon_core.environment:checking '/home/ishin/Documents/cmr/driverless_py/driverless/driverless_ws/install/common/bin'
[0.771s] INFO:colcon.colcon_core.shell:Creating package script '/home/ishin/Documents/cmr/driverless_py/driverless/driverless_ws/install/common/share/common/package.ps1'
[0.771s] INFO:colcon.colcon_core.shell:Creating package descriptor '/home/ishin/Documents/cmr/driverless_py/driverless/driverless_ws/install/common/share/common/package.dsv'
[0.772s] INFO:colcon.colcon_core.shell:Creating package script '/home/ishin/Documents/cmr/driverless_py/driverless/driverless_ws/install/common/share/common/package.sh'
[0.772s] INFO:colcon.colcon_core.shell:Creating package script '/home/ishin/Documents/cmr/driverless_py/driverless/driverless_ws/install/common/share/common/package.bash'
[0.772s] INFO:colcon.colcon_core.shell:Creating package script '/home/ishin/Documents/cmr/driverless_py/driverless/driverless_ws/install/common/share/common/package.zsh'
[0.773s] Level 1:colcon.colcon_core.environment:create_file_with_runtime_dependencies(/home/ishin/Documents/cmr/driverless_py/driverless/driverless_ws/install/common/share/colcon-core/packages/common)
[0.773s] Level 1:colcon.colcon_core.environment:create_environment_scripts_only(perceptions)
[0.779s] Level 1:colcon.colcon_core.environment:checking '/home/ishin/Documents/cmr/driverless_py/driverless/driverless_ws/install/perceptions' for CMake module files
[0.780s] DEBUG:colcon.colcon_core.event_handler.log_command:Invoked command in '/home/ishin/Documents/cmr/driverless_py/driverless/driverless_ws/build/perceptions' returned '0': _=/usr/bin/env /usr/bin/cmake --install /home/ishin/Documents/cmr/driverless_py/driverless/driverless_ws/build/perceptions
[0.780s] Level 1:colcon.colcon_core.environment:checking '/home/ishin/Documents/cmr/driverless_py/driverless/driverless_ws/install/perceptions' for CMake config files
[0.780s] Level 1:colcon.colcon_core.shell:create_environment_hook('perceptions', 'cmake_prefix_path')
[0.785s] INFO:colcon.colcon_core.shell:Creating environment hook '/home/ishin/Documents/cmr/driverless_py/driverless/driverless_ws/install/perceptions/share/perceptions/hook/cmake_prefix_path.ps1'
[0.786s] INFO:colcon.colcon_core.shell:Creating environment descriptor '/home/ishin/Documents/cmr/driverless_py/driverless/driverless_ws/install/perceptions/share/perceptions/hook/cmake_prefix_path.dsv'
[0.786s] INFO:colcon.colcon_core.shell:Creating environment hook '/home/ishin/Documents/cmr/driverless_py/driverless/driverless_ws/install/perceptions/share/perceptions/hook/cmake_prefix_path.sh'
[0.787s] Level 1:colcon.colcon_core.environment:checking '/home/ishin/Documents/cmr/driverless_py/driverless/driverless_ws/install/perceptions/bin'
[0.787s] Level 1:colcon.colcon_core.environment:checking '/home/ishin/Documents/cmr/driverless_py/driverless/driverless_ws/install/perceptions/lib/pkgconfig/perceptions.pc'
[0.788s] Level 1:colcon.colcon_core.environment:checking '/home/ishin/Documents/cmr/driverless_py/driverless/driverless_ws/install/perceptions/lib/python3.11/site-packages'
[0.788s] Level 1:colcon.colcon_core.environment:checking '/home/ishin/Documents/cmr/driverless_py/driverless/driverless_ws/install/perceptions/bin'
[0.793s] INFO:colcon.colcon_core.shell:Creating package script '/home/ishin/Documents/cmr/driverless_py/driverless/driverless_ws/install/perceptions/share/perceptions/package.ps1'
[0.793s] INFO:colcon.colcon_core.shell:Creating package descriptor '/home/ishin/Documents/cmr/driverless_py/driverless/driverless_ws/install/perceptions/share/perceptions/package.dsv'
[0.794s] INFO:colcon.colcon_core.shell:Creating package script '/home/ishin/Documents/cmr/driverless_py/driverless/driverless_ws/install/perceptions/share/perceptions/package.sh'
[0.794s] INFO:colcon.colcon_core.shell:Creating package script '/home/ishin/Documents/cmr/driverless_py/driverless/driverless_ws/install/perceptions/share/perceptions/package.bash'
[0.794s] INFO:colcon.colcon_core.shell:Creating package script '/home/ishin/Documents/cmr/driverless_py/driverless/driverless_ws/install/perceptions/share/perceptions/package.zsh'
[0.794s] Level 1:colcon.colcon_core.environment:create_file_with_runtime_dependencies(/home/ishin/Documents/cmr/driverless_py/driverless/driverless_ws/install/perceptions/share/colcon-core/packages/perceptions)
[0.837s] Level 1:colcon.colcon_core.environment:create_environment_scripts_only(perceptions)
[0.841s] Level 1:colcon.colcon_core.environment:checking '/home/ishin/Documents/cmr/driverless_py/driverless/driverless_ws/install/perceptions' for CMake module files
[0.841s] Level 1:colcon.colcon_core.environment:checking '/home/ishin/Documents/cmr/driverless_py/driverless/driverless_ws/install/perceptions' for CMake config files
[0.841s] Level 1:colcon.colcon_core.shell:create_environment_hook('perceptions', 'cmake_prefix_path')
[0.845s] INFO:colcon.colcon_core.shell:Creating environment hook '/home/ishin/Documents/cmr/driverless_py/driverless/driverless_ws/install/perceptions/share/perceptions/hook/cmake_prefix_path.ps1'
[0.846s] INFO:colcon.colcon_core.shell:Creating environment descriptor '/home/ishin/Documents/cmr/driverless_py/driverless/driverless_ws/install/perceptions/share/perceptions/hook/cmake_prefix_path.dsv'
[0.846s] INFO:colcon.colcon_core.shell:Creating environment hook '/home/ishin/Documents/cmr/driverless_py/driverless/driverless_ws/install/perceptions/share/perceptions/hook/cmake_prefix_path.sh'
[0.846s] Level 1:colcon.colcon_core.environment:checking '/home/ishin/Documents/cmr/driverless_py/driverless/driverless_ws/install/perceptions/bin'
[0.847s] Level 1:colcon.colcon_core.environment:checking '/home/ishin/Documents/cmr/driverless_py/driverless/driverless_ws/install/perceptions/lib/pkgconfig/perceptions.pc'
[0.847s] Level 1:colcon.colcon_core.environment:checking '/home/ishin/Documents/cmr/driverless_py/driverless/driverless_ws/install/perceptions/lib/python3.11/site-packages'
[0.847s] Level 1:colcon.colcon_core.environment:checking '/home/ishin/Documents/cmr/driverless_py/driverless/driverless_ws/install/perceptions/bin'
[0.851s] INFO:colcon.colcon_core.shell:Creating package script '/home/ishin/Documents/cmr/driverless_py/driverless/driverless_ws/install/perceptions/share/perceptions/package.ps1'
[0.852s] INFO:colcon.colcon_core.shell:Creating package descriptor '/home/ishin/Documents/cmr/driverless_py/driverless/driverless_ws/install/perceptions/share/perceptions/package.dsv'
[0.852s] INFO:colcon.colcon_core.shell:Creating package script '/home/ishin/Documents/cmr/driverless_py/driverless/driverless_ws/install/perceptions/share/perceptions/package.sh'
[0.853s] INFO:colcon.colcon_core.shell:Creating package script '/home/ishin/Documents/cmr/driverless_py/driverless/driverless_ws/install/perceptions/share/perceptions/package.bash'
[0.855s] INFO:colcon.colcon_core.shell:Creating package script '/home/ishin/Documents/cmr/driverless_py/driverless/driverless_ws/install/perceptions/share/perceptions/package.zsh'
[0.856s] Level 1:colcon.colcon_core.environment:create_file_with_runtime_dependencies(/home/ishin/Documents/cmr/driverless_py/driverless/driverless_ws/install/perceptions/share/colcon-core/packages/perceptions)
[1.652s] DEBUG:colcon.colcon_core.event_handler.log_command:Invoked command in '/home/ishin/Documents/cmr/driverless_py/driverless/driverless_ws/build/interfaces' returned '0': _=/usr/bin/env /usr/bin/cmake /home/ishin/Documents/cmr/driverless_py/driverless/driverless_ws/src/interfaces -DCMAKE_INSTALL_PREFIX=/home/ishin/Documents/cmr/driverless_py/driverless/driverless_ws/install/interfaces
[1.653s] DEBUG:colcon.colcon_core.event_handler.log_command:Invoking command in '/home/ishin/Documents/cmr/driverless_py/driverless/driverless_ws/build/interfaces': _=/usr/bin/env /usr/bin/cmake --build /home/ishin/Documents/cmr/driverless_py/driverless/driverless_ws/build/interfaces -- -j8 -l8
[6.721s] DEBUG:colcon.colcon_core.event_handler.log_command:Invoked command in '/home/ishin/Documents/cmr/driverless_py/driverless/driverless_ws/build/interfaces' returned '0': _=/usr/bin/env /usr/bin/cmake --build /home/ishin/Documents/cmr/driverless_py/driverless/driverless_ws/build/interfaces -- -j8 -l8
[7.251s] DEBUG:colcon.colcon_core.event_handler.log_command:Invoking command in '/home/ishin/Documents/cmr/driverless_py/driverless/driverless_ws/build/interfaces': _=/usr/bin/env /usr/bin/cmake --install /home/ishin/Documents/cmr/driverless_py/driverless/driverless_ws/build/interfaces
[7.338s] Level 1:colcon.colcon_core.environment:create_environment_scripts_only(interfaces)
[7.342s] Level 1:colcon.colcon_core.environment:checking '/home/ishin/Documents/cmr/driverless_py/driverless/driverless_ws/install/interfaces' for CMake module files
[7.343s] DEBUG:colcon.colcon_core.event_handler.log_command:Invoked command in '/home/ishin/Documents/cmr/driverless_py/driverless/driverless_ws/build/interfaces' returned '0': _=/usr/bin/env /usr/bin/cmake --install /home/ishin/Documents/cmr/driverless_py/driverless/driverless_ws/build/interfaces
[7.343s] Level 1:colcon.colcon_core.environment:checking '/home/ishin/Documents/cmr/driverless_py/driverless/driverless_ws/install/interfaces' for CMake config files
[7.343s] Level 1:colcon.colcon_core.shell:create_environment_hook('interfaces', 'cmake_prefix_path')
[7.347s] INFO:colcon.colcon_core.shell:Creating environment hook '/home/ishin/Documents/cmr/driverless_py/driverless/driverless_ws/install/interfaces/share/interfaces/hook/cmake_prefix_path.ps1'
[7.348s] INFO:colcon.colcon_core.shell:Creating environment descriptor '/home/ishin/Documents/cmr/driverless_py/driverless/driverless_ws/install/interfaces/share/interfaces/hook/cmake_prefix_path.dsv'
[7.348s] INFO:colcon.colcon_core.shell:Creating environment hook '/home/ishin/Documents/cmr/driverless_py/driverless/driverless_ws/install/interfaces/share/interfaces/hook/cmake_prefix_path.sh'
[7.348s] Level 1:colcon.colcon_core.environment:checking '/home/ishin/Documents/cmr/driverless_py/driverless/driverless_ws/install/interfaces/lib'
[7.348s] Level 1:colcon.colcon_core.shell:create_environment_hook('interfaces', 'ld_library_path_lib')
[7.352s] INFO:colcon.colcon_core.shell:Creating environment hook '/home/ishin/Documents/cmr/driverless_py/driverless/driverless_ws/install/interfaces/share/interfaces/hook/ld_library_path_lib.ps1'
[7.353s] INFO:colcon.colcon_core.shell:Creating environment descriptor '/home/ishin/Documents/cmr/driverless_py/driverless/driverless_ws/install/interfaces/share/interfaces/hook/ld_library_path_lib.dsv'
[7.353s] INFO:colcon.colcon_core.shell:Creating environment hook '/home/ishin/Documents/cmr/driverless_py/driverless/driverless_ws/install/interfaces/share/interfaces/hook/ld_library_path_lib.sh'
[7.353s] Level 1:colcon.colcon_core.environment:checking '/home/ishin/Documents/cmr/driverless_py/driverless/driverless_ws/install/interfaces/bin'
[7.353s] Level 1:colcon.colcon_core.environment:checking '/home/ishin/Documents/cmr/driverless_py/driverless/driverless_ws/install/interfaces/lib/pkgconfig/interfaces.pc'
[7.354s] Level 1:colcon.colcon_core.environment:checking '/home/ishin/Documents/cmr/driverless_py/driverless/driverless_ws/install/interfaces/lib/python3.11/site-packages'
[7.354s] Level 1:colcon.colcon_core.shell:create_environment_hook('interfaces', 'pythonpath')
[7.358s] INFO:colcon.colcon_core.shell:Creating environment hook '/home/ishin/Documents/cmr/driverless_py/driverless/driverless_ws/install/interfaces/share/interfaces/hook/pythonpath.ps1'
[7.359s] INFO:colcon.colcon_core.shell:Creating environment descriptor '/home/ishin/Documents/cmr/driverless_py/driverless/driverless_ws/install/interfaces/share/interfaces/hook/pythonpath.dsv'
[7.359s] INFO:colcon.colcon_core.shell:Creating environment hook '/home/ishin/Documents/cmr/driverless_py/driverless/driverless_ws/install/interfaces/share/interfaces/hook/pythonpath.sh'
[7.360s] Level 1:colcon.colcon_core.environment:checking '/home/ishin/Documents/cmr/driverless_py/driverless/driverless_ws/install/interfaces/bin'
[7.365s] INFO:colcon.colcon_core.shell:Creating package script '/home/ishin/Documents/cmr/driverless_py/driverless/driverless_ws/install/interfaces/share/interfaces/package.ps1'
[7.365s] INFO:colcon.colcon_core.shell:Creating package descriptor '/home/ishin/Documents/cmr/driverless_py/driverless/driverless_ws/install/interfaces/share/interfaces/package.dsv'
[7.366s] INFO:colcon.colcon_core.shell:Creating package script '/home/ishin/Documents/cmr/driverless_py/driverless/driverless_ws/install/interfaces/share/interfaces/package.sh'
[7.366s] INFO:colcon.colcon_core.shell:Creating package script '/home/ishin/Documents/cmr/driverless_py/driverless/driverless_ws/install/interfaces/share/interfaces/package.bash'
[7.366s] INFO:colcon.colcon_core.shell:Creating package script '/home/ishin/Documents/cmr/driverless_py/driverless/driverless_ws/install/interfaces/share/interfaces/package.zsh'
[7.366s] Level 1:colcon.colcon_core.environment:create_file_with_runtime_dependencies(/home/ishin/Documents/cmr/driverless_py/driverless/driverless_ws/install/interfaces/share/colcon-core/packages/interfaces)
[7.874s] Level 1:colcon.colcon_core.environment:create_environment_scripts_only(interfaces)
[7.879s] Level 1:colcon.colcon_core.environment:checking '/home/ishin/Documents/cmr/driverless_py/driverless/driverless_ws/install/interfaces' for CMake module files
[7.879s] Level 1:colcon.colcon_core.environment:checking '/home/ishin/Documents/cmr/driverless_py/driverless/driverless_ws/install/interfaces' for CMake config files
[7.880s] Level 1:colcon.colcon_core.shell:create_environment_hook('interfaces', 'cmake_prefix_path')
[7.883s] INFO:colcon.colcon_core.shell:Creating environment hook '/home/ishin/Documents/cmr/driverless_py/driverless/driverless_ws/install/interfaces/share/interfaces/hook/cmake_prefix_path.ps1'
[7.883s] INFO:colcon.colcon_core.shell:Creating environment descriptor '/home/ishin/Documents/cmr/driverless_py/driverless/driverless_ws/install/interfaces/share/interfaces/hook/cmake_prefix_path.dsv'
[7.883s] INFO:colcon.colcon_core.shell:Creating environment hook '/home/ishin/Documents/cmr/driverless_py/driverless/driverless_ws/install/interfaces/share/interfaces/hook/cmake_prefix_path.sh'
[7.884s] Level 1:colcon.colcon_core.environment:checking '/home/ishin/Documents/cmr/driverless_py/driverless/driverless_ws/install/interfaces/lib'
[7.884s] Level 1:colcon.colcon_core.shell:create_environment_hook('interfaces', 'ld_library_path_lib')
[7.887s] INFO:colcon.colcon_core.shell:Creating environment hook '/home/ishin/Documents/cmr/driverless_py/driverless/driverless_ws/install/interfaces/share/interfaces/hook/ld_library_path_lib.ps1'
[7.887s] INFO:colcon.colcon_core.shell:Creating environment descriptor '/home/ishin/Documents/cmr/driverless_py/driverless/driverless_ws/install/interfaces/share/interfaces/hook/ld_library_path_lib.dsv'
[7.887s] INFO:colcon.colcon_core.shell:Creating environment hook '/home/ishin/Documents/cmr/driverless_py/driverless/driverless_ws/install/interfaces/share/interfaces/hook/ld_library_path_lib.sh'
[7.887s] Level 1:colcon.colcon_core.environment:checking '/home/ishin/Documents/cmr/driverless_py/driverless/driverless_ws/install/interfaces/bin'
[7.887s] Level 1:colcon.colcon_core.environment:checking '/home/ishin/Documents/cmr/driverless_py/driverless/driverless_ws/install/interfaces/lib/pkgconfig/interfaces.pc'
[7.888s] Level 1:colcon.colcon_core.environment:checking '/home/ishin/Documents/cmr/driverless_py/driverless/driverless_ws/install/interfaces/lib/python3.11/site-packages'
[7.888s] Level 1:colcon.colcon_core.shell:create_environment_hook('interfaces', 'pythonpath')
[7.891s] INFO:colcon.colcon_core.shell:Creating environment hook '/home/ishin/Documents/cmr/driverless_py/driverless/driverless_ws/install/interfaces/share/interfaces/hook/pythonpath.ps1'
[7.891s] INFO:colcon.colcon_core.shell:Creating environment descriptor '/home/ishin/Documents/cmr/driverless_py/driverless/driverless_ws/install/interfaces/share/interfaces/hook/pythonpath.dsv'
[7.891s] INFO:colcon.colcon_core.shell:Creating environment hook '/home/ishin/Documents/cmr/driverless_py/driverless/driverless_ws/install/interfaces/share/interfaces/hook/pythonpath.sh'
[7.892s] Level 1:colcon.colcon_core.environment:checking '/home/ishin/Documents/cmr/driverless_py/driverless/driverless_ws/install/interfaces/bin'
[7.895s] INFO:colcon.colcon_core.shell:Creating package script '/home/ishin/Documents/cmr/driverless_py/driverless/driverless_ws/install/interfaces/share/interfaces/package.ps1'
[7.896s] INFO:colcon.colcon_core.shell:Creating package descriptor '/home/ishin/Documents/cmr/driverless_py/driverless/driverless_ws/install/interfaces/share/interfaces/package.dsv'
[7.896s] INFO:colcon.colcon_core.shell:Creating package script '/home/ishin/Documents/cmr/driverless_py/driverless/driverless_ws/install/interfaces/share/interfaces/package.sh'
[7.897s] INFO:colcon.colcon_core.shell:Creating package script '/home/ishin/Documents/cmr/driverless_py/driverless/driverless_ws/install/interfaces/share/interfaces/package.bash'
[7.897s] INFO:colcon.colcon_core.shell:Creating package script '/home/ishin/Documents/cmr/driverless_py/driverless/driverless_ws/install/interfaces/share/interfaces/package.zsh'
[7.897s] Level 1:colcon.colcon_core.environment:create_file_with_runtime_dependencies(/home/ishin/Documents/cmr/driverless_py/driverless/driverless_ws/install/interfaces/share/colcon-core/packages/interfaces)
[7.898s] INFO:colcon.colcon_ros.task.ament_cmake.build:Building ROS package in '/home/ishin/Documents/cmr/driverless_py/driverless/driverless_ws/src/planning' with build type 'ament_cmake'
[7.898s] INFO:colcon.colcon_cmake.task.cmake.build:Building CMake package in '/home/ishin/Documents/cmr/driverless_py/driverless/driverless_ws/src/planning'
[7.901s] INFO:colcon.colcon_core.shell:Skip shell extension 'powershell' for command environment: Not usable outside of PowerShell
[7.901s] DEBUG:colcon.colcon_core.shell:Skip shell extension 'dsv' for command environment
[7.921s] DEBUG:colcon.colcon_core.event_handler.log_command:Invoking command in '/home/ishin/Documents/cmr/driverless_py/driverless/driverless_ws/build/planning': AMENT_PREFIX_PATH=/home/ishin/Documents/cmr/driverless_py/driverless/driverless_ws/install/interfaces:${AMENT_PREFIX_PATH} CMAKE_PREFIX_PATH=/home/ishin/Documents/cmr/driverless_py/driverless/driverless_ws/install/interfaces:${CMAKE_PREFIX_PATH} LD_LIBRARY_PATH=/home/ishin/Documents/cmr/driverless_py/driverless/driverless_ws/install/interfaces/lib:/opt/ros/iron/opt/yaml_cpp_vendor/lib:/opt/ros/iron/opt/rviz_ogre_vendor/lib:/opt/ros/iron/lib:/opt/gurobi1001/linux64/lib PYTHONPATH=/home/ishin/Documents/cmr/driverless_py/driverless/driverless_ws/install/interfaces/lib/python3.11/site-packages:${PYTHONPATH} _=/usr/bin/env /usr/bin/cmake /home/ishin/Documents/cmr/driverless_py/driverless/driverless_ws/src/planning -DCMAKE_INSTALL_PREFIX=/home/ishin/Documents/cmr/driverless_py/driverless/driverless_ws/install/planning
[8.736s] DEBUG:colcon.colcon_core.event_handler.log_command:Invoked command in '/home/ishin/Documents/cmr/driverless_py/driverless/driverless_ws/build/planning' returned '0': AMENT_PREFIX_PATH=/home/ishin/Documents/cmr/driverless_py/driverless/driverless_ws/install/interfaces:${AMENT_PREFIX_PATH} CMAKE_PREFIX_PATH=/home/ishin/Documents/cmr/driverless_py/driverless/driverless_ws/install/interfaces:${CMAKE_PREFIX_PATH} LD_LIBRARY_PATH=/home/ishin/Documents/cmr/driverless_py/driverless/driverless_ws/install/interfaces/lib:/opt/ros/iron/opt/yaml_cpp_vendor/lib:/opt/ros/iron/opt/rviz_ogre_vendor/lib:/opt/ros/iron/lib:/opt/gurobi1001/linux64/lib PYTHONPATH=/home/ishin/Documents/cmr/driverless_py/driverless/driverless_ws/install/interfaces/lib/python3.11/site-packages:${PYTHONPATH} _=/usr/bin/env /usr/bin/cmake /home/ishin/Documents/cmr/driverless_py/driverless/driverless_ws/src/planning -DCMAKE_INSTALL_PREFIX=/home/ishin/Documents/cmr/driverless_py/driverless/driverless_ws/install/planning
[8.737s] DEBUG:colcon.colcon_core.event_handler.log_command:Invoking command in '/home/ishin/Documents/cmr/driverless_py/driverless/driverless_ws/build/planning': AMENT_PREFIX_PATH=/home/ishin/Documents/cmr/driverless_py/driverless/driverless_ws/install/interfaces:${AMENT_PREFIX_PATH} CMAKE_PREFIX_PATH=/home/ishin/Documents/cmr/driverless_py/driverless/driverless_ws/install/interfaces:${CMAKE_PREFIX_PATH} LD_LIBRARY_PATH=/home/ishin/Documents/cmr/driverless_py/driverless/driverless_ws/install/interfaces/lib:/opt/ros/iron/opt/yaml_cpp_vendor/lib:/opt/ros/iron/opt/rviz_ogre_vendor/lib:/opt/ros/iron/lib:/opt/gurobi1001/linux64/lib PYTHONPATH=/home/ishin/Documents/cmr/driverless_py/driverless/driverless_ws/install/interfaces/lib/python3.11/site-packages:${PYTHONPATH} _=/usr/bin/env /usr/bin/cmake --build /home/ishin/Documents/cmr/driverless_py/driverless/driverless_ws/build/planning -- -j8 -l8
[8.769s] DEBUG:colcon.colcon_core.event_handler.log_command:Invoked command in '/home/ishin/Documents/cmr/driverless_py/driverless/driverless_ws/build/planning' returned '0': AMENT_PREFIX_PATH=/home/ishin/Documents/cmr/driverless_py/driverless/driverless_ws/install/interfaces:${AMENT_PREFIX_PATH} CMAKE_PREFIX_PATH=/home/ishin/Documents/cmr/driverless_py/driverless/driverless_ws/install/interfaces:${CMAKE_PREFIX_PATH} LD_LIBRARY_PATH=/home/ishin/Documents/cmr/driverless_py/driverless/driverless_ws/install/interfaces/lib:/opt/ros/iron/opt/yaml_cpp_vendor/lib:/opt/ros/iron/opt/rviz_ogre_vendor/lib:/opt/ros/iron/lib:/opt/gurobi1001/linux64/lib PYTHONPATH=/home/ishin/Documents/cmr/driverless_py/driverless/driverless_ws/install/interfaces/lib/python3.11/site-packages:${PYTHONPATH} _=/usr/bin/env /usr/bin/cmake --build /home/ishin/Documents/cmr/driverless_py/driverless/driverless_ws/build/planning -- -j8 -l8
[8.809s] DEBUG:colcon.colcon_core.event_handler.log_command:Invoking command in '/home/ishin/Documents/cmr/driverless_py/driverless/driverless_ws/build/planning': AMENT_PREFIX_PATH=/home/ishin/Documents/cmr/driverless_py/driverless/driverless_ws/install/interfaces:${AMENT_PREFIX_PATH} CMAKE_PREFIX_PATH=/home/ishin/Documents/cmr/driverless_py/driverless/driverless_ws/install/interfaces:${CMAKE_PREFIX_PATH} LD_LIBRARY_PATH=/home/ishin/Documents/cmr/driverless_py/driverless/driverless_ws/install/interfaces/lib:/opt/ros/iron/opt/yaml_cpp_vendor/lib:/opt/ros/iron/opt/rviz_ogre_vendor/lib:/opt/ros/iron/lib:/opt/gurobi1001/linux64/lib PYTHONPATH=/home/ishin/Documents/cmr/driverless_py/driverless/driverless_ws/install/interfaces/lib/python3.11/site-packages:${PYTHONPATH} _=/usr/bin/env /usr/bin/cmake --install /home/ishin/Documents/cmr/driverless_py/driverless/driverless_ws/build/planning
[8.817s] Level 1:colcon.colcon_core.environment:create_environment_scripts_only(planning)
[8.820s] Level 1:colcon.colcon_core.environment:checking '/home/ishin/Documents/cmr/driverless_py/driverless/driverless_ws/install/planning' for CMake module files
[8.821s] DEBUG:colcon.colcon_core.event_handler.log_command:Invoked command in '/home/ishin/Documents/cmr/driverless_py/driverless/driverless_ws/build/planning' returned '0': AMENT_PREFIX_PATH=/home/ishin/Documents/cmr/driverless_py/driverless/driverless_ws/install/interfaces:${AMENT_PREFIX_PATH} CMAKE_PREFIX_PATH=/home/ishin/Documents/cmr/driverless_py/driverless/driverless_ws/install/interfaces:${CMAKE_PREFIX_PATH} LD_LIBRARY_PATH=/home/ishin/Documents/cmr/driverless_py/driverless/driverless_ws/install/interfaces/lib:/opt/ros/iron/opt/yaml_cpp_vendor/lib:/opt/ros/iron/opt/rviz_ogre_vendor/lib:/opt/ros/iron/lib:/opt/gurobi1001/linux64/lib PYTHONPATH=/home/ishin/Documents/cmr/driverless_py/driverless/driverless_ws/install/interfaces/lib/python3.11/site-packages:${PYTHONPATH} _=/usr/bin/env /usr/bin/cmake --install /home/ishin/Documents/cmr/driverless_py/driverless/driverless_ws/build/planning
[8.821s] Level 1:colcon.colcon_core.environment:checking '/home/ishin/Documents/cmr/driverless_py/driverless/driverless_ws/install/planning' for CMake config files
[8.821s] Level 1:colcon.colcon_core.shell:create_environment_hook('planning', 'cmake_prefix_path')
[8.824s] INFO:colcon.colcon_core.shell:Creating environment hook '/home/ishin/Documents/cmr/driverless_py/driverless/driverless_ws/install/planning/share/planning/hook/cmake_prefix_path.ps1'
[8.824s] INFO:colcon.colcon_core.shell:Creating environment descriptor '/home/ishin/Documents/cmr/driverless_py/driverless/driverless_ws/install/planning/share/planning/hook/cmake_prefix_path.dsv'
[8.824s] INFO:colcon.colcon_core.shell:Creating environment hook '/home/ishin/Documents/cmr/driverless_py/driverless/driverless_ws/install/planning/share/planning/hook/cmake_prefix_path.sh'
[8.824s] Level 1:colcon.colcon_core.environment:checking '/home/ishin/Documents/cmr/driverless_py/driverless/driverless_ws/install/planning/bin'
[8.824s] Level 1:colcon.colcon_core.environment:checking '/home/ishin/Documents/cmr/driverless_py/driverless/driverless_ws/install/planning/lib/pkgconfig/planning.pc'
[8.825s] Level 1:colcon.colcon_core.environment:checking '/home/ishin/Documents/cmr/driverless_py/driverless/driverless_ws/install/planning/lib/python3.11/site-packages'
[8.825s] Level 1:colcon.colcon_core.environment:checking '/home/ishin/Documents/cmr/driverless_py/driverless/driverless_ws/install/planning/bin'
[8.828s] INFO:colcon.colcon_core.shell:Creating package script '/home/ishin/Documents/cmr/driverless_py/driverless/driverless_ws/install/planning/share/planning/package.ps1'
[8.828s] INFO:colcon.colcon_core.shell:Creating package descriptor '/home/ishin/Documents/cmr/driverless_py/driverless/driverless_ws/install/planning/share/planning/package.dsv'
[8.829s] INFO:colcon.colcon_core.shell:Creating package script '/home/ishin/Documents/cmr/driverless_py/driverless/driverless_ws/install/planning/share/planning/package.sh'
[8.829s] INFO:colcon.colcon_core.shell:Creating package script '/home/ishin/Documents/cmr/driverless_py/driverless/driverless_ws/install/planning/share/planning/package.bash'
[8.829s] INFO:colcon.colcon_core.shell:Creating package script '/home/ishin/Documents/cmr/driverless_py/driverless/driverless_ws/install/planning/share/planning/package.zsh'
[8.829s] Level 1:colcon.colcon_core.environment:create_file_with_runtime_dependencies(/home/ishin/Documents/cmr/driverless_py/driverless/driverless_ws/install/planning/share/colcon-core/packages/planning)
[8.869s] Level 1:colcon.colcon_core.environment:create_environment_scripts_only(planning)
[8.873s] Level 1:colcon.colcon_core.environment:checking '/home/ishin/Documents/cmr/driverless_py/driverless/driverless_ws/install/planning' for CMake module files
[8.874s] Level 1:colcon.colcon_core.environment:checking '/home/ishin/Documents/cmr/driverless_py/driverless/driverless_ws/install/planning' for CMake config files
[8.874s] Level 1:colcon.colcon_core.shell:create_environment_hook('planning', 'cmake_prefix_path')
[8.877s] INFO:colcon.colcon_core.shell:Creating environment hook '/home/ishin/Documents/cmr/driverless_py/driverless/driverless_ws/install/planning/share/planning/hook/cmake_prefix_path.ps1'
[8.878s] INFO:colcon.colcon_core.shell:Creating environment descriptor '/home/ishin/Documents/cmr/driverless_py/driverless/driverless_ws/install/planning/share/planning/hook/cmake_prefix_path.dsv'
[8.878s] INFO:colcon.colcon_core.shell:Creating environment hook '/home/ishin/Documents/cmr/driverless_py/driverless/driverless_ws/install/planning/share/planning/hook/cmake_prefix_path.sh'
[8.878s] Level 1:colcon.colcon_core.environment:checking '/home/ishin/Documents/cmr/driverless_py/driverless/driverless_ws/install/planning/bin'
[8.878s] Level 1:colcon.colcon_core.environment:checking '/home/ishin/Documents/cmr/driverless_py/driverless/driverless_ws/install/planning/lib/pkgconfig/planning.pc'
[8.878s] Level 1:colcon.colcon_core.environment:checking '/home/ishin/Documents/cmr/driverless_py/driverless/driverless_ws/install/planning/lib/python3.11/site-packages'
[8.878s] Level 1:colcon.colcon_core.environment:checking '/home/ishin/Documents/cmr/driverless_py/driverless/driverless_ws/install/planning/bin'
[8.881s] INFO:colcon.colcon_core.shell:Creating package script '/home/ishin/Documents/cmr/driverless_py/driverless/driverless_ws/install/planning/share/planning/package.ps1'
[8.882s] INFO:colcon.colcon_core.shell:Creating package descriptor '/home/ishin/Documents/cmr/driverless_py/driverless/driverless_ws/install/planning/share/planning/package.dsv'
[8.882s] INFO:colcon.colcon_core.shell:Creating package script '/home/ishin/Documents/cmr/driverless_py/driverless/driverless_ws/install/planning/share/planning/package.sh'
[8.882s] INFO:colcon.colcon_core.shell:Creating package script '/home/ishin/Documents/cmr/driverless_py/driverless/driverless_ws/install/planning/share/planning/package.bash'
[8.882s] INFO:colcon.colcon_core.shell:Creating package script '/home/ishin/Documents/cmr/driverless_py/driverless/driverless_ws/install/planning/share/planning/package.zsh'
[8.883s] Level 1:colcon.colcon_core.environment:create_file_with_runtime_dependencies(/home/ishin/Documents/cmr/driverless_py/driverless/driverless_ws/install/planning/share/colcon-core/packages/planning)
[8.883s] DEBUG:colcon.colcon_parallel_executor.executor.parallel:closing loop
[8.883s] DEBUG:colcon.colcon_parallel_executor.executor.parallel:loop closed
[8.883s] DEBUG:colcon.colcon_parallel_executor.executor.parallel:run_until_complete finished with '0'
[8.883s] DEBUG:colcon.colcon_core.event_reactor:joining thread
[8.892s] INFO:colcon.colcon_core.plugin_system:Skipping extension 'colcon_notification.desktop_notification.terminal_notifier': Not used on non-Darwin systems
[8.892s] INFO:colcon.colcon_core.plugin_system:Skipping extension 'colcon_notification.desktop_notification.win32': Not used on non-Windows systems
[8.892s] INFO:colcon.colcon_notification.desktop_notification:Sending desktop notification using 'notify2'
[8.924s] DEBUG:colcon.colcon_core.event_reactor:joined thread
[8.928s] INFO:colcon.colcon_core.shell:Creating prefix script '/home/ishin/Documents/cmr/driverless_py/driverless/driverless_ws/install/local_setup.ps1'
[8.929s] INFO:colcon.colcon_core.shell:Creating prefix util module '/home/ishin/Documents/cmr/driverless_py/driverless/driverless_ws/install/_local_setup_util_ps1.py'
[8.929s] INFO:colcon.colcon_core.shell:Creating prefix chain script '/home/ishin/Documents/cmr/driverless_py/driverless/driverless_ws/install/setup.ps1'
[8.933s] INFO:colcon.colcon_core.shell:Creating prefix script '/home/ishin/Documents/cmr/driverless_py/driverless/driverless_ws/install/local_setup.sh'
[8.933s] INFO:colcon.colcon_core.shell:Creating prefix util module '/home/ishin/Documents/cmr/driverless_py/driverless/driverless_ws/install/_local_setup_util_sh.py'
[8.933s] INFO:colcon.colcon_core.shell:Creating prefix chain script '/home/ishin/Documents/cmr/driverless_py/driverless/driverless_ws/install/setup.sh'
[8.936s] INFO:colcon.colcon_core.shell:Creating prefix script '/home/ishin/Documents/cmr/driverless_py/driverless/driverless_ws/install/local_setup.bash'
[8.937s] INFO:colcon.colcon_core.shell:Creating prefix chain script '/home/ishin/Documents/cmr/driverless_py/driverless/driverless_ws/install/setup.bash'
[8.941s] INFO:colcon.colcon_core.shell:Creating prefix script '/home/ishin/Documents/cmr/driverless_py/driverless/driverless_ws/install/local_setup.zsh'
[8.942s] INFO:colcon.colcon_core.shell:Creating prefix chain script '/home/ishin/Documents/cmr/driverless_py/driverless/driverless_ws/install/setup.zsh'
