[0.023s] Invoking command in '/home/ishin/Documents/cmr/driverless_py/driverless/driverless_ws/src/build/planning': AMENT_PREFIX_PATH=/home/ishin/Documents/cmr/driverless_py/driverless/driverless_ws/src/install/interfaces CMAKE_PREFIX_PATH=/home/ishin/Documents/cmr/driverless_py/driverless/driverless_ws/src/install/interfaces LD_LIBRARY_PATH=/home/ishin/Documents/cmr/driverless_py/driverless/driverless_ws/src/install/interfaces/lib${LD_LIBRARY_PATH} PYTHONPATH=/home/ishin/Documents/cmr/driverless_py/driverless/driverless_ws/src/install/interfaces/lib/python3.11/site-packages:${PYTHONPATH} _=/usr/bin/env /usr/bin/cmake /home/ishin/Documents/cmr/driverless_py/driverless/driverless_ws/src/planning -DCMAKE_INSTALL_PREFIX=/home/ishin/Documents/cmr/driverless_py/driverless/driverless_ws/src/install/planning
[0.042s] -- Found ament_cmake: 2.0.2 (/opt/ros/iron/share/ament_cmake/cmake)
[0.140s] -- Found ament_lint_auto: 0.14.1 (/opt/ros/iron/share/ament_lint_auto/cmake)
[0.217s] -- Found rclcpp: 21.1.1 (/opt/ros/iron/share/rclcpp/cmake)
[0.259s] -- Found rosidl_generator_c: 4.0.0 (/opt/ros/iron/share/rosidl_generator_c/cmake)
[0.268s] -- Found rosidl_generator_cpp: 4.0.0 (/opt/ros/iron/share/rosidl_generator_cpp/cmake)
[0.282s] [31mCMake Error at /opt/ros/iron/share/rosidl_typesupport_c/cmake/get_used_typesupports.cmake:35 (message):
[0.282s]   No 'rosidl_typesupport_c' found
[0.282s] Call Stack (most recent call first):
[0.282s]   /opt/ros/iron/share/rosidl_typesupport_c/cmake/rosidl_typesupport_c-extras.cmake:8 (get_used_typesupports)
[0.282s]   /opt/ros/iron/share/rosidl_typesupport_c/cmake/rosidl_typesupport_cConfig.cmake:41 (include)
[0.282s]   /opt/ros/iron/share/builtin_interfaces/cmake/ament_cmake_export_dependencies-extras.cmake:21 (find_package)
[0.282s]   /opt/ros/iron/share/builtin_interfaces/cmake/builtin_interfacesConfig.cmake:41 (include)
[0.282s]   /opt/ros/iron/share/libstatistics_collector/cmake/ament_cmake_export_dependencies-extras.cmake:21 (find_package)
[0.282s]   /opt/ros/iron/share/libstatistics_collector/cmake/libstatistics_collectorConfig.cmake:41 (include)
[0.282s]   /opt/ros/iron/share/rclcpp/cmake/ament_cmake_export_dependencies-extras.cmake:21 (find_package)
[0.282s]   /opt/ros/iron/share/rclcpp/cmake/rclcppConfig.cmake:41 (include)
[0.282s]   CMakeLists.txt:37 (find_package)
[0.282s] 
[0.282s] [0m
[0.282s] -- Configuring incomplete, errors occurred!
[0.286s] Invoked command in '/home/ishin/Documents/cmr/driverless_py/driverless/driverless_ws/src/build/planning' returned '1': AMENT_PREFIX_PATH=/home/ishin/Documents/cmr/driverless_py/driverless/driverless_ws/src/install/interfaces CMAKE_PREFIX_PATH=/home/ishin/Documents/cmr/driverless_py/driverless/driverless_ws/src/install/interfaces LD_LIBRARY_PATH=/home/ishin/Documents/cmr/driverless_py/driverless/driverless_ws/src/install/interfaces/lib${LD_LIBRARY_PATH} PYTHONPATH=/home/ishin/Documents/cmr/driverless_py/driverless/driverless_ws/src/install/interfaces/lib/python3.11/site-packages:${PYTHONPATH} _=/usr/bin/env /usr/bin/cmake /home/ishin/Documents/cmr/driverless_py/driverless/driverless_ws/src/planning -DCMAKE_INSTALL_PREFIX=/home/ishin/Documents/cmr/driverless_py/driverless/driverless_ws/src/install/planning
