/home/ankit/Documents/Autonomous/cmr-fsdv/cmrdv_ws/install/cmrdv_planning/lib/python3.8/site-packages/cmrdv_planning/path_out.py
/home/ankit/Documents/Autonomous/cmr-fsdv/cmrdv_ws/install/cmrdv_planning/lib/python3.8/site-packages/cmrdv_planning/SLAM.py
/home/ankit/Documents/Autonomous/cmr-fsdv/cmrdv_ws/install/cmrdv_planning/lib/python3.8/site-packages/cmrdv_planning/midpoint.py
/home/ankit/Documents/Autonomous/cmr-fsdv/cmrdv_ws/install/cmrdv_planning/lib/python3.8/site-packages/cmrdv_planning/__init__.py
/home/ankit/Documents/Autonomous/cmr-fsdv/cmrdv_ws/install/cmrdv_planning/lib/python3.8/site-packages/cmrdv_planning/optimizer.py
/home/ankit/Documents/Autonomous/cmr-fsdv/cmrdv_ws/install/cmrdv_planning/lib/python3.8/site-packages/cmrdv_planning/__pycache__/path_out.cpython-38.pyc
/home/ankit/Documents/Autonomous/cmr-fsdv/cmrdv_ws/install/cmrdv_planning/lib/python3.8/site-packages/cmrdv_planning/__pycache__/SLAM.cpython-38.pyc
/home/ankit/Documents/Autonomous/cmr-fsdv/cmrdv_ws/install/cmrdv_planning/lib/python3.8/site-packages/cmrdv_planning/__pycache__/midpoint.cpython-38.pyc
/home/ankit/Documents/Autonomous/cmr-fsdv/cmrdv_ws/install/cmrdv_planning/lib/python3.8/site-packages/cmrdv_planning/__pycache__/__init__.cpython-38.pyc
/home/ankit/Documents/Autonomous/cmr-fsdv/cmrdv_ws/install/cmrdv_planning/lib/python3.8/site-packages/cmrdv_planning/__pycache__/optimizer.cpython-38.pyc
/home/ankit/Documents/Autonomous/cmr-fsdv/cmrdv_ws/install/cmrdv_planning/share/ament_index/resource_index/packages/cmrdv_planning
/home/ankit/Documents/Autonomous/cmr-fsdv/cmrdv_ws/install/cmrdv_planning/share/cmrdv_planning/package.xml
/home/ankit/Documents/Autonomous/cmr-fsdv/cmrdv_ws/install/cmrdv_planning/lib/python3.8/site-packages/cmrdv_planning-0.0.0-py3.8.egg-info/entry_points.txt
/home/ankit/Documents/Autonomous/cmr-fsdv/cmrdv_ws/install/cmrdv_planning/lib/python3.8/site-packages/cmrdv_planning-0.0.0-py3.8.egg-info/zip-safe
/home/ankit/Documents/Autonomous/cmr-fsdv/cmrdv_ws/install/cmrdv_planning/lib/python3.8/site-packages/cmrdv_planning-0.0.0-py3.8.egg-info/PKG-INFO
/home/ankit/Documents/Autonomous/cmr-fsdv/cmrdv_ws/install/cmrdv_planning/lib/python3.8/site-packages/cmrdv_planning-0.0.0-py3.8.egg-info/requires.txt
/home/ankit/Documents/Autonomous/cmr-fsdv/cmrdv_ws/install/cmrdv_planning/lib/python3.8/site-packages/cmrdv_planning-0.0.0-py3.8.egg-info/top_level.txt
/home/ankit/Documents/Autonomous/cmr-fsdv/cmrdv_ws/install/cmrdv_planning/lib/python3.8/site-packages/cmrdv_planning-0.0.0-py3.8.egg-info/SOURCES.txt
/home/ankit/Documents/Autonomous/cmr-fsdv/cmrdv_ws/install/cmrdv_planning/lib/python3.8/site-packages/cmrdv_planning-0.0.0-py3.8.egg-info/dependency_links.txt
/home/ankit/Documents/Autonomous/cmr-fsdv/cmrdv_ws/install/cmrdv_planning/lib/cmrdv_planning/SLAM
/home/ankit/Documents/Autonomous/cmr-fsdv/cmrdv_ws/install/cmrdv_planning/lib/cmrdv_planning/midpoint
/home/ankit/Documents/Autonomous/cmr-fsdv/cmrdv_ws/install/cmrdv_planning/lib/cmrdv_planning/optimizer
