[0.071s] Invoking command in '/driverless/driverless_ws/build/common': CMAKE_PREFIX_PATH=/opt/ros/foxy /usr/bin/cmake --build /driverless/driverless_ws/build/common -- -j8 -l8
[0.127s] Invoked command in '/driverless/driverless_ws/build/common' returned '0': CMAKE_PREFIX_PATH=/opt/ros/foxy /usr/bin/cmake --build /driverless/driverless_ws/build/common -- -j8 -l8
[0.178s] Invoking command in '/driverless/driverless_ws/build/common': CMAKE_PREFIX_PATH=/opt/ros/foxy /usr/bin/cmake --install /driverless/driverless_ws/build/common
[0.203s] -- Install configuration: ""
[0.203s] -- Execute custom install script
[0.203s] -- Up-to-date symlink: /driverless/driverless_ws/install/common/share/ament_index/resource_index/package_run_dependencies/common
[0.204s] -- Up-to-date symlink: /driverless/driverless_ws/install/common/share/ament_index/resource_index/parent_prefix_path/common
[0.204s] -- Up-to-date symlink: /driverless/driverless_ws/install/common/share/common/environment/ament_prefix_path.sh
[0.204s] -- Up-to-date symlink: /driverless/driverless_ws/install/common/share/common/environment/ament_prefix_path.dsv
[0.205s] -- Up-to-date symlink: /driverless/driverless_ws/install/common/share/common/environment/path.sh
[0.205s] -- Up-to-date symlink: /driverless/driverless_ws/install/common/share/common/environment/path.dsv
[0.205s] -- Up-to-date symlink: /driverless/driverless_ws/install/common/share/common/local_setup.bash
[0.206s] -- Up-to-date symlink: /driverless/driverless_ws/install/common/share/common/local_setup.sh
[0.206s] -- Up-to-date symlink: /driverless/driverless_ws/install/common/share/common/local_setup.zsh
[0.207s] -- Up-to-date symlink: /driverless/driverless_ws/install/common/share/common/local_setup.dsv
[0.211s] -- Symlinking: /driverless/driverless_ws/install/common/share/common/package.dsv
[0.233s] -- Up-to-date symlink: /driverless/driverless_ws/install/common/share/ament_index/resource_index/packages/common
[0.233s] -- Up-to-date symlink: /driverless/driverless_ws/install/common/share/common/cmake/commonConfig.cmake
[0.233s] -- Up-to-date symlink: /driverless/driverless_ws/install/common/share/common/cmake/commonConfig-version.cmake
[0.233s] -- Up-to-date symlink: /driverless/driverless_ws/install/common/share/common/package.xml
[0.397s] Invoked command in '/driverless/driverless_ws/build/common' returned '0': CMAKE_PREFIX_PATH=/opt/ros/foxy /usr/bin/cmake --install /driverless/driverless_ws/build/common
